<?xml version="1.0" encoding="UTF-8"?>
<testsuites>
  <testsuite name="" tests="11477" assertions="54352" errors="0" failures="18" skipped="135" time="813.495105">
    <testsuite name="default" tests="11452" assertions="54105" errors="0" failures="18" skipped="135" time="810.169004">
      <testsuite name="Tests_Actions" file="/home/meng/Desktop/wptest/wordpress-develop/tests/phpunit/tests/actions.php" tests="25" assertions="98" errors="0" failures="0" skipped="0" time="0.728842">
        <testcase name="test_simple_action" class="Tests_Actions" classname="Tests_Actions" file="/home/meng/Desktop/wptest/wordpress-develop/tests/phpunit/tests/actions.php" line="10" assertions="3" time="0.036466"/>
        <testcase name="test_remove_action" class="Tests_Actions" classname="Tests_Actions" file="/home/meng/Desktop/wptest/wordpress-develop/tests/phpunit/tests/actions.php" line="27" assertions="4" time="0.032195"/>
        <testcase name="test_has_action" class="Tests_Actions" classname="Tests_Actions" file="/home/meng/Desktop/wptest/wordpress-develop/tests/phpunit/tests/actions.php" line="46" assertions="6" time="0.028348"/>
        <testcase name="test_multiple_actions" class="Tests_Actions" classname="Tests_Actions" file="/home/meng/Desktop/wptest/wordpress-develop/tests/phpunit/tests/actions.php" line="61" assertions="2" time="0.027813"/>
        <testcase name="test_action_args_1" class="Tests_Actions" classname="Tests_Actions" file="/home/meng/Desktop/wptest/wordpress-develop/tests/phpunit/tests/actions.php" line="77" assertions="2" time="0.027875"/>
        <testcase name="test_action_args_2" class="Tests_Actions" classname="Tests_Actions" file="/home/meng/Desktop/wptest/wordpress-develop/tests/phpunit/tests/actions.php" line="92" assertions="4" time="0.027837"/>
        <testcase name="test_action_args_3" class="Tests_Actions" classname="Tests_Actions" file="/home/meng/Desktop/wptest/wordpress-develop/tests/phpunit/tests/actions.php" line="124" assertions="6" time="0.029646"/>
        <testcase name="test_action_args_with_php4_syntax" class="Tests_Actions" classname="Tests_Actions" file="/home/meng/Desktop/wptest/wordpress-develop/tests/phpunit/tests/actions.php" line="161" assertions="1" time="0.029413"/>
        <testcase name="test_action_priority" class="Tests_Actions" classname="Tests_Actions" file="/home/meng/Desktop/wptest/wordpress-develop/tests/phpunit/tests/actions.php" line="175" assertions="2" time="0.029935"/>
        <testcase name="test_did_action" class="Tests_Actions" classname="Tests_Actions" file="/home/meng/Desktop/wptest/wordpress-develop/tests/phpunit/tests/actions.php" line="204" assertions="4" time="0.028133"/>
        <testcase name="test_all_action" class="Tests_Actions" classname="Tests_Actions" file="/home/meng/Desktop/wptest/wordpress-develop/tests/phpunit/tests/actions.php" line="225" assertions="4" time="0.027757"/>
        <testcase name="test_remove_all_action" class="Tests_Actions" classname="Tests_Actions" file="/home/meng/Desktop/wptest/wordpress-develop/tests/phpunit/tests/actions.php" line="249" assertions="6" time="0.027732"/>
        <testcase name="test_action_ref_array" class="Tests_Actions" classname="Tests_Actions" file="/home/meng/Desktop/wptest/wordpress-develop/tests/phpunit/tests/actions.php" line="269" assertions="2" time="0.031883"/>
        <testcase name="test_action_keyed_array" class="Tests_Actions" classname="Tests_Actions" file="/home/meng/Desktop/wptest/wordpress-develop/tests/phpunit/tests/actions.php" line="288" assertions="2" time="0.027829"/>
        <testcase name="test_action_self_removal" class="Tests_Actions" classname="Tests_Actions" file="/home/meng/Desktop/wptest/wordpress-develop/tests/phpunit/tests/actions.php" line="312" assertions="1" time="0.027788"/>
        <testcase name="test_action_recursion" class="Tests_Actions" classname="Tests_Actions" file="/home/meng/Desktop/wptest/wordpress-develop/tests/phpunit/tests/actions.php" line="325" assertions="2" time="0.029463"/>
        <testcase name="test_action_callback_manipulation_while_running" class="Tests_Actions" classname="Tests_Actions" file="/home/meng/Desktop/wptest/wordpress-develop/tests/phpunit/tests/actions.php" line="352" assertions="5" time="0.029716"/>
        <testcase name="test_remove_anonymous_callback" class="Tests_Actions" classname="Tests_Actions" file="/home/meng/Desktop/wptest/wordpress-develop/tests/phpunit/tests/actions.php" line="387" assertions="2" time="0.027530"/>
        <testcase name="test_array_access_of_wp_filter_global" class="Tests_Actions" classname="Tests_Actions" file="/home/meng/Desktop/wptest/wordpress-develop/tests/phpunit/tests/actions.php" line="420" assertions="4" time="0.029407"/>
        <testcase name="test_current_action" class="Tests_Actions" classname="Tests_Actions" file="/home/meng/Desktop/wptest/wordpress-develop/tests/phpunit/tests/actions.php" line="446" assertions="1" time="0.028320"/>
        <testcase name="test_doing_filter" class="Tests_Actions" classname="Tests_Actions" file="/home/meng/Desktop/wptest/wordpress-develop/tests/phpunit/tests/actions.php" line="457" assertions="5" time="0.027870"/>
        <testcase name="test_doing_action" class="Tests_Actions" classname="Tests_Actions" file="/home/meng/Desktop/wptest/wordpress-develop/tests/phpunit/tests/actions.php" line="476" assertions="5" time="0.028748"/>
        <testcase name="test_doing_filter_real" class="Tests_Actions" classname="Tests_Actions" file="/home/meng/Desktop/wptest/wordpress-develop/tests/phpunit/tests/actions.php" line="495" assertions="20" time="0.029059"/>
        <testcase name="test_do_action_deprecated" class="Tests_Actions" classname="Tests_Actions" file="/home/meng/Desktop/wptest/wordpress-develop/tests/phpunit/tests/actions.php" line="545" assertions="2" time="0.028327"/>
        <testcase name="test_do_action_deprecated_with_multiple_params" class="Tests_Actions" classname="Tests_Actions" file="/home/meng/Desktop/wptest/wordpress-develop/tests/phpunit/tests/actions.php" line="563" assertions="3" time="0.029752"/>
      </testsuite>
      <testsuite name="Tests_Actions_Callbacks" file="/home/meng/Desktop/wptest/wordpress-develop/tests/phpunit/tests/actions/callbacks.php" tests="1" assertions="3" errors="0" failures="0" skipped="0" time="0.029758">
        <testcase name="test_callback_representations" class="Tests_Actions_Callbacks" classname="Tests_Actions_Callbacks" file="/home/meng/Desktop/wptest/wordpress-develop/tests/phpunit/tests/actions/callbacks.php" line="11" assertions="3" time="0.029758"/>
      </testsuite>
      <testsuite name="Tests_Actions_Closures" file="/home/meng/Desktop/wptest/wordpress-develop/tests/phpunit/tests/actions/closures.php" tests="1" assertions="4" errors="0" failures="0" skipped="0" time="0.028521">
        <testcase name="test_action_closure" class="Tests_Actions_Closures" classname="Tests_Actions_Closures" file="/home/meng/Desktop/wptest/wordpress-develop/tests/phpunit/tests/actions/closures.php" line="13" assertions="4" time="0.028521"/>
      </testsuite>
      <testsuite name="Tests_Admin_IncludesComment" file="/home/meng/Desktop/wptest/wordpress-develop/tests/phpunit/tests/admin/includesComment.php" tests="5" assertions="6" errors="0" failures="0" skipped="0" time="0.152355">
        <testcase name="test_must_match_date_and_author" class="Tests_Admin_IncludesComment" classname="Tests_Admin_IncludesComment" file="/home/meng/Desktop/wptest/wordpress-develop/tests/phpunit/tests/admin/includesComment.php" line="51" assertions="2" time="0.028838"/>
        <testcase name="test_default_value_of_timezone_should_be_blog" class="Tests_Admin_IncludesComment" classname="Tests_Admin_IncludesComment" file="/home/meng/Desktop/wptest/wordpress-develop/tests/phpunit/tests/admin/includesComment.php" line="59" assertions="1" time="0.029340"/>
        <testcase name="test_should_respect_timezone_blog" class="Tests_Admin_IncludesComment" classname="Tests_Admin_IncludesComment" file="/home/meng/Desktop/wptest/wordpress-develop/tests/phpunit/tests/admin/includesComment.php" line="66" assertions="1" time="0.028576"/>
        <testcase name="test_should_respect_timezone_gmt" class="Tests_Admin_IncludesComment" classname="Tests_Admin_IncludesComment" file="/home/meng/Desktop/wptest/wordpress-develop/tests/phpunit/tests/admin/includesComment.php" line="73" assertions="1" time="0.028798"/>
        <testcase name="test_invalid_timezone_should_fall_back_on_blog" class="Tests_Admin_IncludesComment" classname="Tests_Admin_IncludesComment" file="/home/meng/Desktop/wptest/wordpress-develop/tests/phpunit/tests/admin/includesComment.php" line="80" assertions="1" time="0.036803"/>
      </testsuite>
      <testsuite name="Test_WP_Community_Events" file="/home/meng/Desktop/wptest/wordpress-develop/tests/phpunit/tests/admin/includesCommunityEvents.php" tests="13" assertions="27" errors="0" failures="0" skipped="0" time="0.390227">
        <testcase name="test_get_events_bad_response_code" class="Test_WP_Community_Events" classname="Test_WP_Community_Events" file="/home/meng/Desktop/wptest/wordpress-develop/tests/phpunit/tests/admin/includesCommunityEvents.php" line="64" assertions="1" time="0.030966"/>
        <testcase name="test_get_cached_events_bad_response_code" class="Test_WP_Community_Events" classname="Test_WP_Community_Events" file="/home/meng/Desktop/wptest/wordpress-develop/tests/phpunit/tests/admin/includesCommunityEvents.php" line="77" assertions="1" time="0.030029"/>
        <testcase name="test_get_events_invalid_response" class="Test_WP_Community_Events" classname="Test_WP_Community_Events" file="/home/meng/Desktop/wptest/wordpress-develop/tests/phpunit/tests/admin/includesCommunityEvents.php" line="112" assertions="1" time="0.030402"/>
        <testcase name="test_get_cached_events_invalid_response" class="Test_WP_Community_Events" classname="Test_WP_Community_Events" file="/home/meng/Desktop/wptest/wordpress-develop/tests/phpunit/tests/admin/includesCommunityEvents.php" line="125" assertions="1" time="0.030616"/>
        <testcase name="test_get_events_valid_response" class="Test_WP_Community_Events" classname="Test_WP_Community_Events" file="/home/meng/Desktop/wptest/wordpress-develop/tests/phpunit/tests/admin/includesCommunityEvents.php" line="160" assertions="4" time="0.033338"/>
        <testcase name="test_get_cached_events_valid_response" class="Test_WP_Community_Events" classname="Test_WP_Community_Events" file="/home/meng/Desktop/wptest/wordpress-develop/tests/phpunit/tests/admin/includesCommunityEvents.php" line="179" assertions="4" time="0.034454"/>
        <testcase name="test_trim_expired_events" class="Test_WP_Community_Events" classname="Test_WP_Community_Events" file="/home/meng/Desktop/wptest/wordpress-develop/tests/phpunit/tests/admin/includesCommunityEvents.php" line="285" assertions="3" time="0.028203"/>
        <testcase name="test_trim_events_pin_wordcamp" class="Test_WP_Community_Events" classname="Test_WP_Community_Events" file="/home/meng/Desktop/wptest/wordpress-develop/tests/phpunit/tests/admin/includesCommunityEvents.php" line="314" assertions="4" time="0.028743"/>
        <testcase name="test_trim_events_dont_pin_multiple_wordcamps" class="Test_WP_Community_Events" classname="Test_WP_Community_Events" file="/home/meng/Desktop/wptest/wordpress-develop/tests/phpunit/tests/admin/includesCommunityEvents.php" line="419" assertions="4" time="0.028963"/>
        <testsuite name="Test_WP_Community_Events::test_get_unsafe_client_ip" tests="4" assertions="4" errors="0" failures="0" skipped="0" time="0.114513">
          <testcase name="test_get_unsafe_client_ip with data set #0" class="Test_WP_Community_Events" classname="Test_WP_Community_Events" file="/home/meng/Desktop/wptest/wordpress-develop/tests/phpunit/tests/admin/includesCommunityEvents.php" line="540" assertions="1" time="0.029363"/>
          <testcase name="test_get_unsafe_client_ip with data set #1" class="Test_WP_Community_Events" classname="Test_WP_Community_Events" file="/home/meng/Desktop/wptest/wordpress-develop/tests/phpunit/tests/admin/includesCommunityEvents.php" line="540" assertions="1" time="0.029118"/>
          <testcase name="test_get_unsafe_client_ip with data set #2" class="Test_WP_Community_Events" classname="Test_WP_Community_Events" file="/home/meng/Desktop/wptest/wordpress-develop/tests/phpunit/tests/admin/includesCommunityEvents.php" line="540" assertions="1" time="0.027976"/>
          <testcase name="test_get_unsafe_client_ip with data set #3" class="Test_WP_Community_Events" classname="Test_WP_Community_Events" file="/home/meng/Desktop/wptest/wordpress-develop/tests/phpunit/tests/admin/includesCommunityEvents.php" line="540" assertions="1" time="0.028056"/>
        </testsuite>
      </testsuite>
      <testsuite name="Tests_Admin_includesFile" file="/home/meng/Desktop/wptest/wordpress-develop/tests/phpunit/tests/admin/includesFile.php" tests="2" assertions="8" errors="0" failures="0" skipped="0" time="0.071016">
        <testcase name="test_get_home_path" class="Tests_Admin_includesFile" classname="Tests_Admin_includesFile" file="/home/meng/Desktop/wptest/wordpress-develop/tests/phpunit/tests/admin/includesFile.php" line="12" assertions="4" time="0.039713"/>
        <testcase name="test_download_url_non_200_response_code" class="Tests_Admin_includesFile" classname="Tests_Admin_includesFile" file="/home/meng/Desktop/wptest/wordpress-develop/tests/phpunit/tests/admin/includesFile.php" line="38" assertions="4" time="0.031303"/>
      </testsuite>
      <testsuite name="Tests_Admin_includesListTable" file="/home/meng/Desktop/wptest/wordpress-develop/tests/phpunit/tests/admin/includesListTable.php" tests="17" assertions="45" errors="0" failures="0" skipped="0" time="0.818063">
        <testcase name="test_list_hierarchical_pages_first_page" class="Tests_Admin_includesListTable" classname="Tests_Admin_includesListTable" file="/home/meng/Desktop/wptest/wordpress-develop/tests/phpunit/tests/admin/includesListTable.php" line="79" assertions="3" time="0.082740"/>
        <testcase name="test_list_hierarchical_pages_second_page" class="Tests_Admin_includesListTable" classname="Tests_Admin_includesListTable" file="/home/meng/Desktop/wptest/wordpress-develop/tests/phpunit/tests/admin/includesListTable.php" line="95" assertions="4" time="0.066002"/>
        <testcase name="test_search_hierarchical_pages_first_page" class="Tests_Admin_includesListTable" classname="Tests_Admin_includesListTable" file="/home/meng/Desktop/wptest/wordpress-develop/tests/phpunit/tests/admin/includesListTable.php" line="112" assertions="3" time="0.059076"/>
        <testcase name="test_search_hierarchical_pages_second_page" class="Tests_Admin_includesListTable" classname="Tests_Admin_includesListTable" file="/home/meng/Desktop/wptest/wordpress-develop/tests/phpunit/tests/admin/includesListTable.php" line="129" assertions="3" time="0.050512"/>
        <testcase name="test_grandchildren_hierarchical_pages_first_page" class="Tests_Admin_includesListTable" classname="Tests_Admin_includesListTable" file="/home/meng/Desktop/wptest/wordpress-develop/tests/phpunit/tests/admin/includesListTable.php" line="146" assertions="5" time="0.071791"/>
        <testcase name="test_grandchildren_hierarchical_pages_second_page" class="Tests_Admin_includesListTable" classname="Tests_Admin_includesListTable" file="/home/meng/Desktop/wptest/wordpress-develop/tests/phpunit/tests/admin/includesListTable.php" line="165" assertions="5" time="0.074243"/>
        <testcase name="test_filter_button_should_not_be_shown_if_there_are_no_posts" class="Tests_Admin_includesListTable" classname="Tests_Admin_includesListTable" file="/home/meng/Desktop/wptest/wordpress-develop/tests/phpunit/tests/admin/includesListTable.php" line="231" assertions="1" time="0.030359"/>
        <testcase name="test_months_dropdown_should_not_be_shown_if_there_are_no_posts" class="Tests_Admin_includesListTable" classname="Tests_Admin_includesListTable" file="/home/meng/Desktop/wptest/wordpress-develop/tests/phpunit/tests/admin/includesListTable.php" line="245" assertions="1" time="0.029451"/>
        <testcase name="test_category_dropdown_should_not_be_shown_if_there_are_no_posts" class="Tests_Admin_includesListTable" classname="Tests_Admin_includesListTable" file="/home/meng/Desktop/wptest/wordpress-develop/tests/phpunit/tests/admin/includesListTable.php" line="259" assertions="1" time="0.029769"/>
        <testcase name="test_empty_trash_button_should_not_be_shown_if_there_are_no_posts" class="Tests_Admin_includesListTable" classname="Tests_Admin_includesListTable" file="/home/meng/Desktop/wptest/wordpress-develop/tests/phpunit/tests/admin/includesListTable.php" line="273" assertions="1" time="0.029538"/>
        <testcase name="test_filter_button_should_not_be_shown_if_there_are_no_comments" class="Tests_Admin_includesListTable" classname="Tests_Admin_includesListTable" file="/home/meng/Desktop/wptest/wordpress-develop/tests/phpunit/tests/admin/includesListTable.php" line="287" assertions="1" time="0.032849"/>
        <testcase name="test_filter_button_should_be_shown_if_there_are_comments" class="Tests_Admin_includesListTable" classname="Tests_Admin_includesListTable" file="/home/meng/Desktop/wptest/wordpress-develop/tests/phpunit/tests/admin/includesListTable.php" line="300" assertions="1" time="0.065721"/>
        <testcase name="test_filter_comment_type_dropdown_should_be_shown_if_there_are_comments" class="Tests_Admin_includesListTable" classname="Tests_Admin_includesListTable" file="/home/meng/Desktop/wptest/wordpress-develop/tests/phpunit/tests/admin/includesListTable.php" line="322" assertions="2" time="0.064840"/>
        <testcase name="test_empty_trash_button_should_not_be_shown_if_there_are_no_comments" class="Tests_Admin_includesListTable" classname="Tests_Admin_includesListTable" file="/home/meng/Desktop/wptest/wordpress-develop/tests/phpunit/tests/admin/includesListTable.php" line="345" assertions="1" time="0.032028"/>
        <testcase name="test_bulk_action_menu_supports_options_and_optgroups" class="Tests_Admin_includesListTable" classname="Tests_Admin_includesListTable" file="/home/meng/Desktop/wptest/wordpress-develop/tests/phpunit/tests/admin/includesListTable.php" line="358" assertions="1" time="0.031275"/>
        <testcase name="test_sortable_columns" class="Tests_Admin_includesListTable" classname="Tests_Admin_includesListTable" file="/home/meng/Desktop/wptest/wordpress-develop/tests/phpunit/tests/admin/includesListTable.php" line="394" assertions="6" time="0.031955"/>
        <testcase name="test_sortable_columns_with_current_ordering" class="Tests_Admin_includesListTable" classname="Tests_Admin_includesListTable" file="/home/meng/Desktop/wptest/wordpress-develop/tests/phpunit/tests/admin/includesListTable.php" line="428" assertions="6" time="0.035913"/>
      </testsuite>
      <testsuite name="Tests_Admin_includesMisc" file="/home/meng/Desktop/wptest/wordpress-develop/tests/phpunit/tests/admin/includesMisc.php" tests="1" assertions="6" errors="0" failures="0" skipped="0" time="0.031138">
        <testcase name="test_shorten_url" class="Tests_Admin_includesMisc" classname="Tests_Admin_includesMisc" file="/home/meng/Desktop/wptest/wordpress-develop/tests/phpunit/tests/admin/includesMisc.php" line="7" assertions="6" time="0.031138"/>
      </testsuite>
      <testsuite name="Tests_Admin_includesPlugin" file="/home/meng/Desktop/wptest/wordpress-develop/tests/phpunit/tests/admin/includesPlugin.php" tests="42" assertions="152" errors="0" failures="0" skipped="0" time="3.188917">
        <testcase name="test_get_plugin_data" class="Tests_Admin_includesPlugin" classname="Tests_Admin_includesPlugin" file="/home/meng/Desktop/wptest/wordpress-develop/tests/phpunit/tests/admin/includesPlugin.php" line="7" assertions="19" time="0.041726"/>
        <testcase name="test_menu_page_url" class="Tests_Admin_includesPlugin" classname="Tests_Admin_includesPlugin" file="/home/meng/Desktop/wptest/wordpress-develop/tests/phpunit/tests/admin/includesPlugin.php" line="30" assertions="8" time="0.103200"/>
        <testsuite name="Tests_Admin_includesPlugin::test_submenu_position" tests="8" assertions="8" errors="0" failures="0" skipped="0" time="0.953017">
          <testcase name="test_submenu_position with data set #0" class="Tests_Admin_includesPlugin" classname="Tests_Admin_includesPlugin" file="/home/meng/Desktop/wptest/wordpress-develop/tests/phpunit/tests/admin/includesPlugin.php" line="72" assertions="1" time="0.119635"/>
          <testcase name="test_submenu_position with data set #1" class="Tests_Admin_includesPlugin" classname="Tests_Admin_includesPlugin" file="/home/meng/Desktop/wptest/wordpress-develop/tests/phpunit/tests/admin/includesPlugin.php" line="72" assertions="1" time="0.114241"/>
          <testcase name="test_submenu_position with data set #2" class="Tests_Admin_includesPlugin" classname="Tests_Admin_includesPlugin" file="/home/meng/Desktop/wptest/wordpress-develop/tests/phpunit/tests/admin/includesPlugin.php" line="72" assertions="1" time="0.111012"/>
          <testcase name="test_submenu_position with data set #3" class="Tests_Admin_includesPlugin" classname="Tests_Admin_includesPlugin" file="/home/meng/Desktop/wptest/wordpress-develop/tests/phpunit/tests/admin/includesPlugin.php" line="72" assertions="1" time="0.108672"/>
          <testcase name="test_submenu_position with data set #4" class="Tests_Admin_includesPlugin" classname="Tests_Admin_includesPlugin" file="/home/meng/Desktop/wptest/wordpress-develop/tests/phpunit/tests/admin/includesPlugin.php" line="72" assertions="1" time="0.145429"/>
          <testcase name="test_submenu_position with data set #5" class="Tests_Admin_includesPlugin" classname="Tests_Admin_includesPlugin" file="/home/meng/Desktop/wptest/wordpress-develop/tests/phpunit/tests/admin/includesPlugin.php" line="72" assertions="1" time="0.115406"/>
          <testcase name="test_submenu_position with data set #6" class="Tests_Admin_includesPlugin" classname="Tests_Admin_includesPlugin" file="/home/meng/Desktop/wptest/wordpress-develop/tests/phpunit/tests/admin/includesPlugin.php" line="72" assertions="1" time="0.130851"/>
          <testcase name="test_submenu_position with data set #7" class="Tests_Admin_includesPlugin" classname="Tests_Admin_includesPlugin" file="/home/meng/Desktop/wptest/wordpress-develop/tests/phpunit/tests/admin/includesPlugin.php" line="72" assertions="1" time="0.107771"/>
        </testsuite>
        <testsuite name="Tests_Admin_includesPlugin::test_submenu_helpers_position" tests="8" assertions="88" errors="0" failures="0" skipped="0" time="1.143974">
          <testcase name="test_submenu_helpers_position with data set #0" class="Tests_Admin_includesPlugin" classname="Tests_Admin_includesPlugin" file="/home/meng/Desktop/wptest/wordpress-develop/tests/phpunit/tests/admin/includesPlugin.php" line="120" assertions="11" time="0.140788"/>
          <testcase name="test_submenu_helpers_position with data set #1" class="Tests_Admin_includesPlugin" classname="Tests_Admin_includesPlugin" file="/home/meng/Desktop/wptest/wordpress-develop/tests/phpunit/tests/admin/includesPlugin.php" line="120" assertions="11" time="0.144836"/>
          <testcase name="test_submenu_helpers_position with data set #2" class="Tests_Admin_includesPlugin" classname="Tests_Admin_includesPlugin" file="/home/meng/Desktop/wptest/wordpress-develop/tests/phpunit/tests/admin/includesPlugin.php" line="120" assertions="11" time="0.148366"/>
          <testcase name="test_submenu_helpers_position with data set #3" class="Tests_Admin_includesPlugin" classname="Tests_Admin_includesPlugin" file="/home/meng/Desktop/wptest/wordpress-develop/tests/phpunit/tests/admin/includesPlugin.php" line="120" assertions="11" time="0.140257"/>
          <testcase name="test_submenu_helpers_position with data set #4" class="Tests_Admin_includesPlugin" classname="Tests_Admin_includesPlugin" file="/home/meng/Desktop/wptest/wordpress-develop/tests/phpunit/tests/admin/includesPlugin.php" line="120" assertions="11" time="0.138339"/>
          <testcase name="test_submenu_helpers_position with data set #5" class="Tests_Admin_includesPlugin" classname="Tests_Admin_includesPlugin" file="/home/meng/Desktop/wptest/wordpress-develop/tests/phpunit/tests/admin/includesPlugin.php" line="120" assertions="11" time="0.144924"/>
          <testcase name="test_submenu_helpers_position with data set #6" class="Tests_Admin_includesPlugin" classname="Tests_Admin_includesPlugin" file="/home/meng/Desktop/wptest/wordpress-develop/tests/phpunit/tests/admin/includesPlugin.php" line="120" assertions="11" time="0.146065"/>
          <testcase name="test_submenu_helpers_position with data set #7" class="Tests_Admin_includesPlugin" classname="Tests_Admin_includesPlugin" file="/home/meng/Desktop/wptest/wordpress-develop/tests/phpunit/tests/admin/includesPlugin.php" line="120" assertions="11" time="0.140399"/>
        </testsuite>
        <testcase name="test_position_when_parent_slug_child_slug_are_the_same" class="Tests_Admin_includesPlugin" classname="Tests_Admin_includesPlugin" file="/home/meng/Desktop/wptest/wordpress-develop/tests/phpunit/tests/admin/includesPlugin.php" line="263" assertions="3" time="0.116251"/>
        <testcase name="test_passing_string_as_position_fires_doing_it_wrong" class="Tests_Admin_includesPlugin" classname="Tests_Admin_includesPlugin" file="/home/meng/Desktop/wptest/wordpress-develop/tests/phpunit/tests/admin/includesPlugin.php" line="295" assertions="2" time="0.104706"/>
        <testcase name="test_is_plugin_active_true" class="Tests_Admin_includesPlugin" classname="Tests_Admin_includesPlugin" file="/home/meng/Desktop/wptest/wordpress-develop/tests/phpunit/tests/admin/includesPlugin.php" line="319" assertions="1" time="0.043414"/>
        <testcase name="test_is_plugin_active_false" class="Tests_Admin_includesPlugin" classname="Tests_Admin_includesPlugin" file="/home/meng/Desktop/wptest/wordpress-develop/tests/phpunit/tests/admin/includesPlugin.php" line="327" assertions="1" time="0.029333"/>
        <testcase name="test_is_plugin_inactive_true" class="Tests_Admin_includesPlugin" classname="Tests_Admin_includesPlugin" file="/home/meng/Desktop/wptest/wordpress-develop/tests/phpunit/tests/admin/includesPlugin.php" line="333" assertions="1" time="0.027519"/>
        <testcase name="test_is_plugin_inactive_false" class="Tests_Admin_includesPlugin" classname="Tests_Admin_includesPlugin" file="/home/meng/Desktop/wptest/wordpress-develop/tests/phpunit/tests/admin/includesPlugin.php" line="339" assertions="1" time="0.045521"/>
        <testcase name="test_get_plugin_files_single" class="Tests_Admin_includesPlugin" classname="Tests_Admin_includesPlugin" file="/home/meng/Desktop/wptest/wordpress-develop/tests/phpunit/tests/admin/includesPlugin.php" line="350" assertions="1" time="0.027840"/>
        <testcase name="test_get_plugin_files_folder" class="Tests_Admin_includesPlugin" classname="Tests_Admin_includesPlugin" file="/home/meng/Desktop/wptest/wordpress-develop/tests/phpunit/tests/admin/includesPlugin.php" line="358" assertions="1" time="0.030588"/>
        <testcase name="test_get_mu_plugins_when_mu_plugins_exists_but_is_empty" class="Tests_Admin_includesPlugin" classname="Tests_Admin_includesPlugin" file="/home/meng/Desktop/wptest/wordpress-develop/tests/phpunit/tests/admin/includesPlugin.php" line="383" assertions="1" time="0.028433"/>
        <testcase name="test_get_mu_plugins_when_mu_plugins_directory_does_not_exist" class="Tests_Admin_includesPlugin" classname="Tests_Admin_includesPlugin" file="/home/meng/Desktop/wptest/wordpress-develop/tests/phpunit/tests/admin/includesPlugin.php" line="405" assertions="1" time="0.030057"/>
        <testcase name="test_get_mu_plugins_should_ignore_index_php_containing_silence_is_golden" class="Tests_Admin_includesPlugin" classname="Tests_Admin_includesPlugin" file="/home/meng/Desktop/wptest/wordpress-develop/tests/phpunit/tests/admin/includesPlugin.php" line="425" assertions="1" time="0.029386"/>
        <testcase name="test_get_mu_plugins_should_not_ignore_index_php_containing_something_other_than_silence_is_golden" class="Tests_Admin_includesPlugin" classname="Tests_Admin_includesPlugin" file="/home/meng/Desktop/wptest/wordpress-develop/tests/phpunit/tests/admin/includesPlugin.php" line="449" assertions="1" time="0.035991"/>
        <testcase name="test_get_mu_plugins_should_ignore_files_without_php_extensions" class="Tests_Admin_includesPlugin" classname="Tests_Admin_includesPlugin" file="/home/meng/Desktop/wptest/wordpress-develop/tests/phpunit/tests/admin/includesPlugin.php" line="474" assertions="1" time="0.030165"/>
        <testcase name="test__sort_uname_callback" class="Tests_Admin_includesPlugin" classname="Tests_Admin_includesPlugin" file="/home/meng/Desktop/wptest/wordpress-develop/tests/phpunit/tests/admin/includesPlugin.php" line="501" assertions="3" time="0.032588"/>
        <testcase name="test_get_dropins_empty" class="Tests_Admin_includesPlugin" classname="Tests_Admin_includesPlugin" file="/home/meng/Desktop/wptest/wordpress-develop/tests/phpunit/tests/admin/includesPlugin.php" line="510" assertions="1" time="0.027724"/>
        <testcase name="test_get_dropins_not_empty" class="Tests_Admin_includesPlugin" classname="Tests_Admin_includesPlugin" file="/home/meng/Desktop/wptest/wordpress-develop/tests/phpunit/tests/admin/includesPlugin.php" line="522" assertions="1" time="0.029925"/>
        <testcase name="test_is_network_only_plugin_hello" class="Tests_Admin_includesPlugin" classname="Tests_Admin_includesPlugin" file="/home/meng/Desktop/wptest/wordpress-develop/tests/phpunit/tests/admin/includesPlugin.php" line="541" assertions="1" time="0.039119"/>
        <testcase name="test_is_network_only_plugin" class="Tests_Admin_includesPlugin" classname="Tests_Admin_includesPlugin" file="/home/meng/Desktop/wptest/wordpress-develop/tests/phpunit/tests/admin/includesPlugin.php" line="548" assertions="1" time="0.029901"/>
        <testcase name="test_activate_plugins_single_no_array" class="Tests_Admin_includesPlugin" classname="Tests_Admin_includesPlugin" file="/home/meng/Desktop/wptest/wordpress-develop/tests/phpunit/tests/admin/includesPlugin.php" line="559" assertions="1" time="0.043818"/>
        <testcase name="test_activate_plugins_single_array" class="Tests_Admin_includesPlugin" classname="Tests_Admin_includesPlugin" file="/home/meng/Desktop/wptest/wordpress-develop/tests/phpunit/tests/admin/includesPlugin.php" line="569" assertions="1" time="0.042011"/>
        <testcase name="test_validate_active_plugins_remove_invalid" class="Tests_Admin_includesPlugin" classname="Tests_Admin_includesPlugin" file="/home/meng/Desktop/wptest/wordpress-develop/tests/phpunit/tests/admin/includesPlugin.php" line="579" assertions="1" time="0.034175"/>
        <testcase name="test_validate_active_plugins_empty" class="Tests_Admin_includesPlugin" classname="Tests_Admin_includesPlugin" file="/home/meng/Desktop/wptest/wordpress-develop/tests/phpunit/tests/admin/includesPlugin.php" line="592" assertions="1" time="0.028406"/>
        <testcase name="test_is_uninstallable_plugin" class="Tests_Admin_includesPlugin" classname="Tests_Admin_includesPlugin" file="/home/meng/Desktop/wptest/wordpress-develop/tests/phpunit/tests/admin/includesPlugin.php" line="599" assertions="1" time="0.028568"/>
        <testcase name="test_is_uninstallable_plugin_true" class="Tests_Admin_includesPlugin" classname="Tests_Admin_includesPlugin" file="/home/meng/Desktop/wptest/wordpress-develop/tests/phpunit/tests/admin/includesPlugin.php" line="606" assertions="1" time="0.031561"/>
      </testsuite>
      <testsuite name="Tests_Admin_Includes_Post" file="/home/meng/Desktop/wptest/wordpress-develop/tests/phpunit/tests/admin/includesPost.php" tests="37" assertions="84" errors="0" failures="0" skipped="0" time="2.840105">
        <testcase name="test__wp_translate_postdata_cap_checks_contributor" class="Tests_Admin_Includes_Post" classname="Tests_Admin_Includes_Post" file="/home/meng/Desktop/wptest/wordpress-develop/tests/phpunit/tests/admin/includesPost.php" line="29" assertions="12" time="0.059823"/>
        <testcase name="test__wp_translate_postdata_cap_checks_editor" class="Tests_Admin_Includes_Post" classname="Tests_Admin_Includes_Post" file="/home/meng/Desktop/wptest/wordpress-develop/tests/phpunit/tests/admin/includesPost.php" line="79" assertions="12" time="0.062981"/>
        <testcase name="test_edit_post_auto_draft" class="Tests_Admin_Includes_Post" classname="Tests_Admin_Includes_Post" file="/home/meng/Desktop/wptest/wordpress-develop/tests/phpunit/tests/admin/includesPost.php" line="134" assertions="2" time="0.082772"/>
        <testcase name="test_edit_post_should_parse_tax_input_by_name_rather_than_slug_for_nonhierarchical_taxonomies" class="Tests_Admin_Includes_Post" classname="Tests_Admin_Includes_Post" file="/home/meng/Desktop/wptest/wordpress-develop/tests/phpunit/tests/admin/includesPost.php" line="151" assertions="2" time="0.123057"/>
        <testcase name="test_edit_post_should_not_create_terms_for_an_empty_tag_input_field" class="Tests_Admin_Includes_Post" classname="Tests_Admin_Includes_Post" file="/home/meng/Desktop/wptest/wordpress-develop/tests/phpunit/tests/admin/includesPost.php" line="191" assertions="1" time="0.091412"/>
        <testcase name="test_bulk_edit_posts_stomping" class="Tests_Admin_Includes_Post" classname="Tests_Admin_Includes_Post" file="/home/meng/Desktop/wptest/wordpress-develop/tests/phpunit/tests/admin/includesPost.php" line="220" assertions="4" time="0.147730"/>
        <testcase name="test_bulk_edit_posts_should_preserve_post_format_when_unchanged" class="Tests_Admin_Includes_Post" classname="Tests_Admin_Includes_Post" file="/home/meng/Desktop/wptest/wordpress-develop/tests/phpunit/tests/admin/includesPost.php" line="267" assertions="6" time="0.263959"/>
        <testcase name="test_bulk_edit_posts_should_set_post_format_before_wp_update_post_runs" class="Tests_Admin_Includes_Post" classname="Tests_Admin_Includes_Post" file="/home/meng/Desktop/wptest/wordpress-develop/tests/phpunit/tests/admin/includesPost.php" line="299" assertions="1" time="0.092105"/>
        <testcase name="test_user_cant_delete_protected_meta" class="Tests_Admin_Includes_Post" classname="Tests_Admin_Includes_Post" file="/home/meng/Desktop/wptest/wordpress-develop/tests/phpunit/tests/admin/includesPost.php" line="324" assertions="1" time="0.085276"/>
        <testcase name="test_get_sample_permalink_should_return_pretty_permalink_for_posts_with_post_status_future" class="Tests_Admin_Includes_Post" classname="Tests_Admin_Includes_Post" file="/home/meng/Desktop/wptest/wordpress-develop/tests/phpunit/tests/admin/includesPost.php" line="358" assertions="1" time="0.062563"/>
        <testcase name="test_get_sample_permalink_html_should_use_default_permalink_for_view_post_link_when_pretty_permalinks_are_disabled" class="Tests_Admin_Includes_Post" classname="Tests_Admin_Includes_Post" file="/home/meng/Desktop/wptest/wordpress-develop/tests/phpunit/tests/admin/includesPost.php" line="381" assertions="2" time="0.054129"/>
        <testcase name="test_get_sample_permalink_html_should_use_pretty_permalink_for_view_post_link_when_pretty_permalinks_are_enabled" class="Tests_Admin_Includes_Post" classname="Tests_Admin_Includes_Post" file="/home/meng/Desktop/wptest/wordpress-develop/tests/phpunit/tests/admin/includesPost.php" line="402" assertions="2" time="0.064015"/>
        <testcase name="test_get_sample_permalink_html_should_use_pretty_permalink_for_view_attachment_link_when_pretty_permalinks_are_enabled" class="Tests_Admin_Includes_Post" classname="Tests_Admin_Includes_Post" file="/home/meng/Desktop/wptest/wordpress-develop/tests/phpunit/tests/admin/includesPost.php" line="425" assertions="2" time="0.062880"/>
        <testcase name="test_get_sample_permalink_html_should_use_correct_permalink_for_view_post_link_when_changing_slug" class="Tests_Admin_Includes_Post" classname="Tests_Admin_Includes_Post" file="/home/meng/Desktop/wptest/wordpress-develop/tests/phpunit/tests/admin/includesPost.php" line="451" assertions="6" time="0.131633"/>
        <testcase name="test_get_sample_permalink_html_should_use_preview_links_for_draft_and_pending_posts_with_no_post_name" class="Tests_Admin_Includes_Post" classname="Tests_Admin_Includes_Post" file="/home/meng/Desktop/wptest/wordpress-develop/tests/phpunit/tests/admin/includesPost.php" line="509" assertions="1" time="0.059269"/>
        <testcase name="test_get_sample_permalink_should_avoid_slugs_that_would_create_clashes_with_year_archives" class="Tests_Admin_Includes_Post" classname="Tests_Admin_Includes_Post" file="/home/meng/Desktop/wptest/wordpress-develop/tests/phpunit/tests/admin/includesPost.php" line="531" assertions="1" time="0.067036"/>
        <testcase name="test_get_sample_permalink_should_allow_yearlike_slugs_if_permastruct_does_not_cause_an_archive_conflict" class="Tests_Admin_Includes_Post" classname="Tests_Admin_Includes_Post" file="/home/meng/Desktop/wptest/wordpress-develop/tests/phpunit/tests/admin/includesPost.php" line="547" assertions="1" time="0.065643"/>
        <testcase name="test_get_sample_permalink_should_avoid_slugs_that_would_create_clashes_with_month_archives" class="Tests_Admin_Includes_Post" classname="Tests_Admin_Includes_Post" file="/home/meng/Desktop/wptest/wordpress-develop/tests/phpunit/tests/admin/includesPost.php" line="563" assertions="1" time="0.068193"/>
        <testcase name="test_get_sample_permalink_should_ignore_potential_month_conflicts_for_invalid_monthnum" class="Tests_Admin_Includes_Post" classname="Tests_Admin_Includes_Post" file="/home/meng/Desktop/wptest/wordpress-develop/tests/phpunit/tests/admin/includesPost.php" line="579" assertions="1" time="0.067074"/>
        <testcase name="test_get_sample_permalink_should_avoid_slugs_that_would_create_clashes_with_day_archives" class="Tests_Admin_Includes_Post" classname="Tests_Admin_Includes_Post" file="/home/meng/Desktop/wptest/wordpress-develop/tests/phpunit/tests/admin/includesPost.php" line="595" assertions="1" time="0.067759"/>
        <testcase name="test_get_sample_permalink_should_iterate_slug_suffix_when_a_date_conflict_is_found" class="Tests_Admin_Includes_Post" classname="Tests_Admin_Includes_Post" file="/home/meng/Desktop/wptest/wordpress-develop/tests/phpunit/tests/admin/includesPost.php" line="611" assertions="1" time="0.102893"/>
        <testcase name="test_get_sample_permalink_should_ignore_potential_day_conflicts_for_invalid_day" class="Tests_Admin_Includes_Post" classname="Tests_Admin_Includes_Post" file="/home/meng/Desktop/wptest/wordpress-develop/tests/phpunit/tests/admin/includesPost.php" line="633" assertions="1" time="0.071058"/>
        <testcase name="test_get_sample_permalink_should_allow_daylike_slugs_if_permastruct_does_not_cause_an_archive_conflict" class="Tests_Admin_Includes_Post" classname="Tests_Admin_Includes_Post" file="/home/meng/Desktop/wptest/wordpress-develop/tests/phpunit/tests/admin/includesPost.php" line="649" assertions="1" time="0.071118"/>
        <testcase name="test_get_sample_permalink_should_respect_hierarchy_of_draft_pages" class="Tests_Admin_Includes_Post" classname="Tests_Admin_Includes_Post" file="/home/meng/Desktop/wptest/wordpress-develop/tests/phpunit/tests/admin/includesPost.php" line="665" assertions="2" time="0.073175"/>
        <testcase name="test_post_exists_should_match_title" class="Tests_Admin_Includes_Post" classname="Tests_Admin_Includes_Post" file="/home/meng/Desktop/wptest/wordpress-develop/tests/phpunit/tests/admin/includesPost.php" line="689" assertions="1" time="0.065922"/>
        <testcase name="test_post_exists_should_not_match_nonexistent_title" class="Tests_Admin_Includes_Post" classname="Tests_Admin_Includes_Post" file="/home/meng/Desktop/wptest/wordpress-develop/tests/phpunit/tests/admin/includesPost.php" line="699" assertions="1" time="0.057692"/>
        <testcase name="test_post_exists_should_match_nonempty_content" class="Tests_Admin_Includes_Post" classname="Tests_Admin_Includes_Post" file="/home/meng/Desktop/wptest/wordpress-develop/tests/phpunit/tests/admin/includesPost.php" line="709" assertions="1" time="0.057045"/>
        <testcase name="test_post_exists_should_match_content_with_no_title" class="Tests_Admin_Includes_Post" classname="Tests_Admin_Includes_Post" file="/home/meng/Desktop/wptest/wordpress-develop/tests/phpunit/tests/admin/includesPost.php" line="725" assertions="1" time="0.057103"/>
        <testcase name="test_post_exists_should_not_match_when_nonempty_content_doesnt_match" class="Tests_Admin_Includes_Post" classname="Tests_Admin_Includes_Post" file="/home/meng/Desktop/wptest/wordpress-develop/tests/phpunit/tests/admin/includesPost.php" line="738" assertions="1" time="0.064706"/>
        <testcase name="test_post_exists_should_match_nonempty_date" class="Tests_Admin_Includes_Post" classname="Tests_Admin_Includes_Post" file="/home/meng/Desktop/wptest/wordpress-develop/tests/phpunit/tests/admin/includesPost.php" line="751" assertions="1" time="0.055638"/>
        <testcase name="test_post_exists_should_not_match_when_nonempty_date_doesnt_match" class="Tests_Admin_Includes_Post" classname="Tests_Admin_Includes_Post" file="/home/meng/Desktop/wptest/wordpress-develop/tests/phpunit/tests/admin/includesPost.php" line="764" assertions="1" time="0.058066"/>
        <testcase name="test_post_exists_should_match_nonempty_title_content_and_date" class="Tests_Admin_Includes_Post" classname="Tests_Admin_Includes_Post" file="/home/meng/Desktop/wptest/wordpress-develop/tests/phpunit/tests/admin/includesPost.php" line="777" assertions="1" time="0.055647"/>
        <testcase name="test_use_block_editor_for_post" class="Tests_Admin_Includes_Post" classname="Tests_Admin_Includes_Post" file="/home/meng/Desktop/wptest/wordpress-develop/tests/phpunit/tests/admin/includesPost.php" line="792" assertions="5" time="0.086152"/>
        <testcase name="test_get_block_editor_server_block_settings" class="Tests_Admin_Includes_Post" classname="Tests_Admin_Includes_Post" file="/home/meng/Desktop/wptest/wordpress-develop/tests/phpunit/tests/admin/includesPost.php" line="825" assertions="2" time="0.030631"/>
        <testcase name="test_post_add_meta_empty_is_allowed" class="Tests_Admin_Includes_Post" classname="Tests_Admin_Includes_Post" file="/home/meng/Desktop/wptest/wordpress-develop/tests/phpunit/tests/admin/includesPost.php" line="857" assertions="2" time="0.060256"/>
        <testcase name="test_post_exists_should_support_post_type" class="Tests_Admin_Includes_Post" classname="Tests_Admin_Includes_Post" file="/home/meng/Desktop/wptest/wordpress-develop/tests/phpunit/tests/admin/includesPost.php" line="876" assertions="1" time="0.047034"/>
        <testcase name="test_post_exists_should_not_match_a_page_for_post" class="Tests_Admin_Includes_Post" classname="Tests_Admin_Includes_Post" file="/home/meng/Desktop/wptest/wordpress-develop/tests/phpunit/tests/admin/includesPost.php" line="893" assertions="1" time="0.046661"/>
      </testsuite>
      <testsuite name="Tests_Admin_Includes_Schema" file="/home/meng/Desktop/wptest/wordpress-develop/tests/phpunit/tests/admin/includesSchema.php" tests="8" assertions="8" errors="0" failures="0" skipped="0" time="0.616319">
        <testsuite name="Tests_Admin_Includes_Schema::test_populate_options" tests="5" assertions="5" errors="0" failures="0" skipped="0" time="0.469067">
          <testcase name="test_populate_options with data set #0" class="Tests_Admin_Includes_Schema" classname="Tests_Admin_Includes_Schema" file="/home/meng/Desktop/wptest/wordpress-develop/tests/phpunit/tests/admin/includesSchema.php" line="94" assertions="1" time="0.097487"/>
          <testcase name="test_populate_options with data set #1" class="Tests_Admin_Includes_Schema" classname="Tests_Admin_Includes_Schema" file="/home/meng/Desktop/wptest/wordpress-develop/tests/phpunit/tests/admin/includesSchema.php" line="94" assertions="1" time="0.096480"/>
          <testcase name="test_populate_options with data set #2" class="Tests_Admin_Includes_Schema" classname="Tests_Admin_Includes_Schema" file="/home/meng/Desktop/wptest/wordpress-develop/tests/phpunit/tests/admin/includesSchema.php" line="94" assertions="1" time="0.101837"/>
          <testcase name="test_populate_options with data set #3" class="Tests_Admin_Includes_Schema" classname="Tests_Admin_Includes_Schema" file="/home/meng/Desktop/wptest/wordpress-develop/tests/phpunit/tests/admin/includesSchema.php" line="94" assertions="1" time="0.085969"/>
          <testcase name="test_populate_options with data set #4" class="Tests_Admin_Includes_Schema" classname="Tests_Admin_Includes_Schema" file="/home/meng/Desktop/wptest/wordpress-develop/tests/phpunit/tests/admin/includesSchema.php" line="94" assertions="1" time="0.087294"/>
        </testsuite>
        <testsuite name="Tests_Admin_Includes_Schema::test_populate_network_meta" tests="3" assertions="3" errors="0" failures="0" skipped="0" time="0.147252">
          <testcase name="test_populate_network_meta with data set #0" class="Tests_Admin_Includes_Schema" classname="Tests_Admin_Includes_Schema" file="/home/meng/Desktop/wptest/wordpress-develop/tests/phpunit/tests/admin/includesSchema.php" line="230" assertions="1" time="0.051067"/>
          <testcase name="test_populate_network_meta with data set #1" class="Tests_Admin_Includes_Schema" classname="Tests_Admin_Includes_Schema" file="/home/meng/Desktop/wptest/wordpress-develop/tests/phpunit/tests/admin/includesSchema.php" line="230" assertions="1" time="0.047800"/>
          <testcase name="test_populate_network_meta with data set #2" class="Tests_Admin_Includes_Schema" classname="Tests_Admin_Includes_Schema" file="/home/meng/Desktop/wptest/wordpress-develop/tests/phpunit/tests/admin/includesSchema.php" line="230" assertions="1" time="0.048385"/>
        </testsuite>
      </testsuite>
      <testsuite name="Tests_Admin_includesScreen" file="/home/meng/Desktop/wptest/wordpress-develop/tests/phpunit/tests/admin/includesScreen.php" tests="18" assertions="393" errors="0" failures="0" skipped="0" time="0.664753">
        <testcase name="test_set_current_screen_with_hook_suffix" class="Tests_Admin_includesScreen" classname="Tests_Admin_includesScreen" file="/home/meng/Desktop/wptest/wordpress-develop/tests/phpunit/tests/admin/includesScreen.php" line="170" assertions="290" time="0.043272"/>
        <testcase name="test_post_type_as_hookname" class="Tests_Admin_includesScreen" classname="Tests_Admin_includesScreen" file="/home/meng/Desktop/wptest/wordpress-develop/tests/phpunit/tests/admin/includesScreen.php" line="238" assertions="4" time="0.030125"/>
        <testcase name="test_post_type_with_special_suffix_as_hookname" class="Tests_Admin_includesScreen" classname="Tests_Admin_includesScreen" file="/home/meng/Desktop/wptest/wordpress-develop/tests/phpunit/tests/admin/includesScreen.php" line="246" assertions="8" time="0.032046"/>
        <testcase name="test_taxonomy_with_special_suffix_as_hookname" class="Tests_Admin_includesScreen" classname="Tests_Admin_includesScreen" file="/home/meng/Desktop/wptest/wordpress-develop/tests/phpunit/tests/admin/includesScreen.php" line="261" assertions="4" time="0.033497"/>
        <testcase name="test_post_type_with_edit_prefix" class="Tests_Admin_includesScreen" classname="Tests_Admin_includesScreen" file="/home/meng/Desktop/wptest/wordpress-develop/tests/phpunit/tests/admin/includesScreen.php" line="270" assertions="8" time="0.031979"/>
        <testcase name="test_post_type_edit_collisions" class="Tests_Admin_includesScreen" classname="Tests_Admin_includesScreen" file="/home/meng/Desktop/wptest/wordpress-develop/tests/phpunit/tests/admin/includesScreen.php" line="285" assertions="4" time="0.033309"/>
        <testcase name="test_help_tabs" class="Tests_Admin_includesScreen" classname="Tests_Admin_includesScreen" file="/home/meng/Desktop/wptest/wordpress-develop/tests/phpunit/tests/admin/includesScreen.php" line="305" assertions="4" time="0.031979"/>
        <testcase name="test_help_tabs_priority" class="Tests_Admin_includesScreen" classname="Tests_Admin_includesScreen" file="/home/meng/Desktop/wptest/wordpress-develop/tests/phpunit/tests/admin/includesScreen.php" line="340" assertions="19" time="0.031662"/>
        <testcase name="test_options" class="Tests_Admin_includesScreen" classname="Tests_Admin_includesScreen" file="/home/meng/Desktop/wptest/wordpress-develop/tests/phpunit/tests/admin/includesScreen.php" line="435" assertions="4" time="0.035483"/>
        <testcase name="test_in_admin" class="Tests_Admin_includesScreen" classname="Tests_Admin_includesScreen" file="/home/meng/Desktop/wptest/wordpress-develop/tests/phpunit/tests/admin/includesScreen.php" line="458" assertions="16" time="0.030825"/>
        <testsuite name="Tests_Admin_includesScreen::test_is_block_editor" tests="8" assertions="32" errors="0" failures="0" skipped="0" time="0.330577">
          <testcase name="test_is_block_editor with data set #0" class="Tests_Admin_includesScreen" classname="Tests_Admin_includesScreen" file="/home/meng/Desktop/wptest/wordpress-develop/tests/phpunit/tests/admin/includesScreen.php" line="610" assertions="4" time="0.049157"/>
          <testcase name="test_is_block_editor with data set #1" class="Tests_Admin_includesScreen" classname="Tests_Admin_includesScreen" file="/home/meng/Desktop/wptest/wordpress-develop/tests/phpunit/tests/admin/includesScreen.php" line="610" assertions="4" time="0.048322"/>
          <testcase name="test_is_block_editor with data set #2" class="Tests_Admin_includesScreen" classname="Tests_Admin_includesScreen" file="/home/meng/Desktop/wptest/wordpress-develop/tests/phpunit/tests/admin/includesScreen.php" line="610" assertions="4" time="0.060859"/>
          <testcase name="test_is_block_editor with data set #3" class="Tests_Admin_includesScreen" classname="Tests_Admin_includesScreen" file="/home/meng/Desktop/wptest/wordpress-develop/tests/phpunit/tests/admin/includesScreen.php" line="610" assertions="4" time="0.046948"/>
          <testcase name="test_is_block_editor with data set #4" class="Tests_Admin_includesScreen" classname="Tests_Admin_includesScreen" file="/home/meng/Desktop/wptest/wordpress-develop/tests/phpunit/tests/admin/includesScreen.php" line="610" assertions="4" time="0.031252"/>
          <testcase name="test_is_block_editor with data set #5" class="Tests_Admin_includesScreen" classname="Tests_Admin_includesScreen" file="/home/meng/Desktop/wptest/wordpress-develop/tests/phpunit/tests/admin/includesScreen.php" line="610" assertions="4" time="0.030754"/>
          <testcase name="test_is_block_editor with data set #6" class="Tests_Admin_includesScreen" classname="Tests_Admin_includesScreen" file="/home/meng/Desktop/wptest/wordpress-develop/tests/phpunit/tests/admin/includesScreen.php" line="610" assertions="4" time="0.031371"/>
          <testcase name="test_is_block_editor with data set #7" class="Tests_Admin_includesScreen" classname="Tests_Admin_includesScreen" file="/home/meng/Desktop/wptest/wordpress-develop/tests/phpunit/tests/admin/includesScreen.php" line="610" assertions="4" time="0.031914"/>
        </testsuite>
      </testsuite>
      <testsuite name="Tests_Admin_includesTemplate" file="/home/meng/Desktop/wptest/wordpress-develop/tests/phpunit/tests/admin/includesTemplate.php" tests="18" assertions="37" errors="0" failures="0" skipped="0" time="0.553491">
        <testsuite name="Tests_Admin_includesTemplate::test_wp_terms_checklist_with_selected_cats" tests="2" assertions="2" errors="0" failures="0" skipped="0" time="0.065233">
          <testcase name="test_wp_terms_checklist_with_selected_cats with data set #0" class="Tests_Admin_includesTemplate" classname="Tests_Admin_includesTemplate" file="/home/meng/Desktop/wptest/wordpress-develop/tests/phpunit/tests/admin/includesTemplate.php" line="11" assertions="1" time="0.032421"/>
          <testcase name="test_wp_terms_checklist_with_selected_cats with data set #1" class="Tests_Admin_includesTemplate" classname="Tests_Admin_includesTemplate" file="/home/meng/Desktop/wptest/wordpress-develop/tests/phpunit/tests/admin/includesTemplate.php" line="11" assertions="1" time="0.032812"/>
        </testsuite>
        <testsuite name="Tests_Admin_includesTemplate::test_wp_terms_checklist_with_popular_cats" tests="2" assertions="2" errors="0" failures="0" skipped="0" time="0.066640">
          <testcase name="test_wp_terms_checklist_with_popular_cats with data set #0" class="Tests_Admin_includesTemplate" classname="Tests_Admin_includesTemplate" file="/home/meng/Desktop/wptest/wordpress-develop/tests/phpunit/tests/admin/includesTemplate.php" line="27" assertions="1" time="0.035650"/>
          <testcase name="test_wp_terms_checklist_with_popular_cats with data set #1" class="Tests_Admin_includesTemplate" classname="Tests_Admin_includesTemplate" file="/home/meng/Desktop/wptest/wordpress-develop/tests/phpunit/tests/admin/includesTemplate.php" line="27" assertions="1" time="0.030990"/>
        </testsuite>
        <testcase name="test_add_meta_box" class="Tests_Admin_includesTemplate" classname="Tests_Admin_includesTemplate" file="/home/meng/Desktop/wptest/wordpress-develop/tests/phpunit/tests/admin/includesTemplate.php" line="46" assertions="1" time="0.028381"/>
        <testcase name="test_remove_meta_box" class="Tests_Admin_includesTemplate" classname="Tests_Admin_includesTemplate" file="/home/meng/Desktop/wptest/wordpress-develop/tests/phpunit/tests/admin/includesTemplate.php" line="54" assertions="2" time="0.030819"/>
        <testcase name="test_add_meta_box_on_multiple_screens" class="Tests_Admin_includesTemplate" classname="Tests_Admin_includesTemplate" file="/home/meng/Desktop/wptest/wordpress-develop/tests/phpunit/tests/admin/includesTemplate.php" line="73" assertions="3" time="0.028514"/>
        <testcase name="test_remove_meta_box_from_multiple_screens" class="Tests_Admin_includesTemplate" classname="Tests_Admin_includesTemplate" file="/home/meng/Desktop/wptest/wordpress-develop/tests/phpunit/tests/admin/includesTemplate.php" line="87" assertions="5" time="0.029074"/>
        <testcase name="test_add_meta_box_with_previously_removed_box_and_sorted_priority" class="Tests_Admin_includesTemplate" classname="Tests_Admin_includesTemplate" file="/home/meng/Desktop/wptest/wordpress-develop/tests/phpunit/tests/admin/includesTemplate.php" line="111" assertions="1" time="0.029511"/>
        <testcase name="test_get_settings_errors_sources" class="Tests_Admin_includesTemplate" classname="Tests_Admin_includesTemplate" file="/home/meng/Desktop/wptest/wordpress-develop/tests/phpunit/tests/admin/includesTemplate.php" line="134" assertions="3" time="0.034754"/>
        <testsuite name="Tests_Admin_includesTemplate::test_settings_errors_css_classes" tests="7" assertions="14" errors="0" failures="0" skipped="0" time="0.205127">
          <testcase name="test_settings_errors_css_classes with data set #0" class="Tests_Admin_includesTemplate" classname="Tests_Admin_includesTemplate" file="/home/meng/Desktop/wptest/wordpress-develop/tests/phpunit/tests/admin/includesTemplate.php" line="175" assertions="2" time="0.028883"/>
          <testcase name="test_settings_errors_css_classes with data set #1" class="Tests_Admin_includesTemplate" classname="Tests_Admin_includesTemplate" file="/home/meng/Desktop/wptest/wordpress-develop/tests/phpunit/tests/admin/includesTemplate.php" line="175" assertions="2" time="0.029072"/>
          <testcase name="test_settings_errors_css_classes with data set #2" class="Tests_Admin_includesTemplate" classname="Tests_Admin_includesTemplate" file="/home/meng/Desktop/wptest/wordpress-develop/tests/phpunit/tests/admin/includesTemplate.php" line="175" assertions="2" time="0.028391"/>
          <testcase name="test_settings_errors_css_classes with data set #3" class="Tests_Admin_includesTemplate" classname="Tests_Admin_includesTemplate" file="/home/meng/Desktop/wptest/wordpress-develop/tests/phpunit/tests/admin/includesTemplate.php" line="175" assertions="2" time="0.030911"/>
          <testcase name="test_settings_errors_css_classes with data set #4" class="Tests_Admin_includesTemplate" classname="Tests_Admin_includesTemplate" file="/home/meng/Desktop/wptest/wordpress-develop/tests/phpunit/tests/admin/includesTemplate.php" line="175" assertions="2" time="0.029012"/>
          <testcase name="test_settings_errors_css_classes with data set #5" class="Tests_Admin_includesTemplate" classname="Tests_Admin_includesTemplate" file="/home/meng/Desktop/wptest/wordpress-develop/tests/phpunit/tests/admin/includesTemplate.php" line="175" assertions="2" time="0.028832"/>
          <testcase name="test_settings_errors_css_classes with data set #6" class="Tests_Admin_includesTemplate" classname="Tests_Admin_includesTemplate" file="/home/meng/Desktop/wptest/wordpress-develop/tests/phpunit/tests/admin/includesTemplate.php" line="175" assertions="2" time="0.030026"/>
        </testsuite>
        <testcase name="test_wp_add_dashboard_widget" class="Tests_Admin_includesTemplate" classname="Tests_Admin_includesTemplate" file="/home/meng/Desktop/wptest/wordpress-develop/tests/phpunit/tests/admin/includesTemplate.php" line="207" assertions="4" time="0.035438"/>
      </testsuite>
      <testsuite name="Tests_Admin_includesTheme" file="/home/meng/Desktop/wptest/wordpress-develop/tests/phpunit/tests/admin/includesTheme.php" tests="5" assertions="21" errors="0" failures="0" skipped="0" time="0.364287">
        <testcase name="test_page_templates" class="Tests_Admin_includesTheme" classname="Tests_Admin_includesTheme" file="/home/meng/Desktop/wptest/wordpress-develop/tests/phpunit/tests/admin/includesTheme.php" line="45" assertions="5" time="0.092065"/>
        <testcase name="test_page_templates_different_post_types" class="Tests_Admin_includesTheme" classname="Tests_Admin_includesTheme" file="/home/meng/Desktop/wptest/wordpress-develop/tests/phpunit/tests/admin/includesTheme.php" line="78" assertions="4" time="0.068232"/>
        <testcase name="test_page_templates_for_post_types_with_trailing_periods" class="Tests_Admin_includesTheme" classname="Tests_Admin_includesTheme" file="/home/meng/Desktop/wptest/wordpress-develop/tests/phpunit/tests/admin/includesTheme.php" line="104" assertions="3" time="0.066873"/>
        <testcase name="test_page_templates_child_theme" class="Tests_Admin_includesTheme" classname="Tests_Admin_includesTheme" file="/home/meng/Desktop/wptest/wordpress-develop/tests/phpunit/tests/admin/includesTheme.php" line="136" assertions="5" time="0.069492"/>
        <testcase name="test_get_post_templates_child_theme" class="Tests_Admin_includesTheme" classname="Tests_Admin_includesTheme" file="/home/meng/Desktop/wptest/wordpress-develop/tests/phpunit/tests/admin/includesTheme.php" line="175" assertions="4" time="0.067625"/>
      </testsuite>
      <testsuite name="Tests_Admin_IncludesUpdateCore" file="/home/meng/Desktop/wptest/wordpress-develop/tests/phpunit/tests/admin/includesUpdateCore.php" tests="725" assertions="725" errors="0" failures="0" skipped="0" time="21.239160">
        <testsuite name="Tests_Admin_IncludesUpdateCore::test_new_files_are_not_in_old_files_array_compiled" tests="725" assertions="725" errors="0" failures="0" skipped="0" time="21.239160">
          <testcase name="test_new_files_are_not_in_old_files_array_compiled with data set #0" class="Tests_Admin_IncludesUpdateCore" classname="Tests_Admin_IncludesUpdateCore" file="/home/meng/Desktop/wptest/wordpress-develop/tests/phpunit/tests/admin/includesUpdateCore.php" line="31" assertions="1" time="0.030916"/>
          <testcase name="test_new_files_are_not_in_old_files_array_compiled with data set #1" class="Tests_Admin_IncludesUpdateCore" classname="Tests_Admin_IncludesUpdateCore" file="/home/meng/Desktop/wptest/wordpress-develop/tests/phpunit/tests/admin/includesUpdateCore.php" line="31" assertions="1" time="0.029225"/>
          <testcase name="test_new_files_are_not_in_old_files_array_compiled with data set #2" class="Tests_Admin_IncludesUpdateCore" classname="Tests_Admin_IncludesUpdateCore" file="/home/meng/Desktop/wptest/wordpress-develop/tests/phpunit/tests/admin/includesUpdateCore.php" line="31" assertions="1" time="0.030268"/>
          <testcase name="test_new_files_are_not_in_old_files_array_compiled with data set #3" class="Tests_Admin_IncludesUpdateCore" classname="Tests_Admin_IncludesUpdateCore" file="/home/meng/Desktop/wptest/wordpress-develop/tests/phpunit/tests/admin/includesUpdateCore.php" line="31" assertions="1" time="0.029442"/>
          <testcase name="test_new_files_are_not_in_old_files_array_compiled with data set #4" class="Tests_Admin_IncludesUpdateCore" classname="Tests_Admin_IncludesUpdateCore" file="/home/meng/Desktop/wptest/wordpress-develop/tests/phpunit/tests/admin/includesUpdateCore.php" line="31" assertions="1" time="0.029203"/>
          <testcase name="test_new_files_are_not_in_old_files_array_compiled with data set #5" class="Tests_Admin_IncludesUpdateCore" classname="Tests_Admin_IncludesUpdateCore" file="/home/meng/Desktop/wptest/wordpress-develop/tests/phpunit/tests/admin/includesUpdateCore.php" line="31" assertions="1" time="0.029248"/>
          <testcase name="test_new_files_are_not_in_old_files_array_compiled with data set #6" class="Tests_Admin_IncludesUpdateCore" classname="Tests_Admin_IncludesUpdateCore" file="/home/meng/Desktop/wptest/wordpress-develop/tests/phpunit/tests/admin/includesUpdateCore.php" line="31" assertions="1" time="0.028253"/>
          <testcase name="test_new_files_are_not_in_old_files_array_compiled with data set #7" class="Tests_Admin_IncludesUpdateCore" classname="Tests_Admin_IncludesUpdateCore" file="/home/meng/Desktop/wptest/wordpress-develop/tests/phpunit/tests/admin/includesUpdateCore.php" line="31" assertions="1" time="0.031599"/>
          <testcase name="test_new_files_are_not_in_old_files_array_compiled with data set #8" class="Tests_Admin_IncludesUpdateCore" classname="Tests_Admin_IncludesUpdateCore" file="/home/meng/Desktop/wptest/wordpress-develop/tests/phpunit/tests/admin/includesUpdateCore.php" line="31" assertions="1" time="0.029036"/>
          <testcase name="test_new_files_are_not_in_old_files_array_compiled with data set #9" class="Tests_Admin_IncludesUpdateCore" classname="Tests_Admin_IncludesUpdateCore" file="/home/meng/Desktop/wptest/wordpress-develop/tests/phpunit/tests/admin/includesUpdateCore.php" line="31" assertions="1" time="0.029335"/>
          <testcase name="test_new_files_are_not_in_old_files_array_compiled with data set #10" class="Tests_Admin_IncludesUpdateCore" classname="Tests_Admin_IncludesUpdateCore" file="/home/meng/Desktop/wptest/wordpress-develop/tests/phpunit/tests/admin/includesUpdateCore.php" line="31" assertions="1" time="0.028139"/>
          <testcase name="test_new_files_are_not_in_old_files_array_compiled with data set #11" class="Tests_Admin_IncludesUpdateCore" classname="Tests_Admin_IncludesUpdateCore" file="/home/meng/Desktop/wptest/wordpress-develop/tests/phpunit/tests/admin/includesUpdateCore.php" line="31" assertions="1" time="0.029270"/>
          <testcase name="test_new_files_are_not_in_old_files_array_compiled with data set #12" class="Tests_Admin_IncludesUpdateCore" classname="Tests_Admin_IncludesUpdateCore" file="/home/meng/Desktop/wptest/wordpress-develop/tests/phpunit/tests/admin/includesUpdateCore.php" line="31" assertions="1" time="0.028715"/>
          <testcase name="test_new_files_are_not_in_old_files_array_compiled with data set #13" class="Tests_Admin_IncludesUpdateCore" classname="Tests_Admin_IncludesUpdateCore" file="/home/meng/Desktop/wptest/wordpress-develop/tests/phpunit/tests/admin/includesUpdateCore.php" line="31" assertions="1" time="0.028614"/>
          <testcase name="test_new_files_are_not_in_old_files_array_compiled with data set #14" class="Tests_Admin_IncludesUpdateCore" classname="Tests_Admin_IncludesUpdateCore" file="/home/meng/Desktop/wptest/wordpress-develop/tests/phpunit/tests/admin/includesUpdateCore.php" line="31" assertions="1" time="0.030322"/>
          <testcase name="test_new_files_are_not_in_old_files_array_compiled with data set #15" class="Tests_Admin_IncludesUpdateCore" classname="Tests_Admin_IncludesUpdateCore" file="/home/meng/Desktop/wptest/wordpress-develop/tests/phpunit/tests/admin/includesUpdateCore.php" line="31" assertions="1" time="0.028761"/>
          <testcase name="test_new_files_are_not_in_old_files_array_compiled with data set #16" class="Tests_Admin_IncludesUpdateCore" classname="Tests_Admin_IncludesUpdateCore" file="/home/meng/Desktop/wptest/wordpress-develop/tests/phpunit/tests/admin/includesUpdateCore.php" line="31" assertions="1" time="0.029255"/>
          <testcase name="test_new_files_are_not_in_old_files_array_compiled with data set #17" class="Tests_Admin_IncludesUpdateCore" classname="Tests_Admin_IncludesUpdateCore" file="/home/meng/Desktop/wptest/wordpress-develop/tests/phpunit/tests/admin/includesUpdateCore.php" line="31" assertions="1" time="0.029632"/>
          <testcase name="test_new_files_are_not_in_old_files_array_compiled with data set #18" class="Tests_Admin_IncludesUpdateCore" classname="Tests_Admin_IncludesUpdateCore" file="/home/meng/Desktop/wptest/wordpress-develop/tests/phpunit/tests/admin/includesUpdateCore.php" line="31" assertions="1" time="0.031546"/>
          <testcase name="test_new_files_are_not_in_old_files_array_compiled with data set #19" class="Tests_Admin_IncludesUpdateCore" classname="Tests_Admin_IncludesUpdateCore" file="/home/meng/Desktop/wptest/wordpress-develop/tests/phpunit/tests/admin/includesUpdateCore.php" line="31" assertions="1" time="0.028758"/>
          <testcase name="test_new_files_are_not_in_old_files_array_compiled with data set #20" class="Tests_Admin_IncludesUpdateCore" classname="Tests_Admin_IncludesUpdateCore" file="/home/meng/Desktop/wptest/wordpress-develop/tests/phpunit/tests/admin/includesUpdateCore.php" line="31" assertions="1" time="0.029028"/>
          <testcase name="test_new_files_are_not_in_old_files_array_compiled with data set #21" class="Tests_Admin_IncludesUpdateCore" classname="Tests_Admin_IncludesUpdateCore" file="/home/meng/Desktop/wptest/wordpress-develop/tests/phpunit/tests/admin/includesUpdateCore.php" line="31" assertions="1" time="0.028442"/>
          <testcase name="test_new_files_are_not_in_old_files_array_compiled with data set #22" class="Tests_Admin_IncludesUpdateCore" classname="Tests_Admin_IncludesUpdateCore" file="/home/meng/Desktop/wptest/wordpress-develop/tests/phpunit/tests/admin/includesUpdateCore.php" line="31" assertions="1" time="0.028860"/>
          <testcase name="test_new_files_are_not_in_old_files_array_compiled with data set #23" class="Tests_Admin_IncludesUpdateCore" classname="Tests_Admin_IncludesUpdateCore" file="/home/meng/Desktop/wptest/wordpress-develop/tests/phpunit/tests/admin/includesUpdateCore.php" line="31" assertions="1" time="0.029502"/>
          <testcase name="test_new_files_are_not_in_old_files_array_compiled with data set #24" class="Tests_Admin_IncludesUpdateCore" classname="Tests_Admin_IncludesUpdateCore" file="/home/meng/Desktop/wptest/wordpress-develop/tests/phpunit/tests/admin/includesUpdateCore.php" line="31" assertions="1" time="0.029352"/>
          <testcase name="test_new_files_are_not_in_old_files_array_compiled with data set #25" class="Tests_Admin_IncludesUpdateCore" classname="Tests_Admin_IncludesUpdateCore" file="/home/meng/Desktop/wptest/wordpress-develop/tests/phpunit/tests/admin/includesUpdateCore.php" line="31" assertions="1" time="0.030325"/>
          <testcase name="test_new_files_are_not_in_old_files_array_compiled with data set #26" class="Tests_Admin_IncludesUpdateCore" classname="Tests_Admin_IncludesUpdateCore" file="/home/meng/Desktop/wptest/wordpress-develop/tests/phpunit/tests/admin/includesUpdateCore.php" line="31" assertions="1" time="0.034986"/>
          <testcase name="test_new_files_are_not_in_old_files_array_compiled with data set #27" class="Tests_Admin_IncludesUpdateCore" classname="Tests_Admin_IncludesUpdateCore" file="/home/meng/Desktop/wptest/wordpress-develop/tests/phpunit/tests/admin/includesUpdateCore.php" line="31" assertions="1" time="0.028336"/>
          <testcase name="test_new_files_are_not_in_old_files_array_compiled with data set #28" class="Tests_Admin_IncludesUpdateCore" classname="Tests_Admin_IncludesUpdateCore" file="/home/meng/Desktop/wptest/wordpress-develop/tests/phpunit/tests/admin/includesUpdateCore.php" line="31" assertions="1" time="0.029175"/>
          <testcase name="test_new_files_are_not_in_old_files_array_compiled with data set #29" class="Tests_Admin_IncludesUpdateCore" classname="Tests_Admin_IncludesUpdateCore" file="/home/meng/Desktop/wptest/wordpress-develop/tests/phpunit/tests/admin/includesUpdateCore.php" line="31" assertions="1" time="0.028944"/>
          <testcase name="test_new_files_are_not_in_old_files_array_compiled with data set #30" class="Tests_Admin_IncludesUpdateCore" classname="Tests_Admin_IncludesUpdateCore" file="/home/meng/Desktop/wptest/wordpress-develop/tests/phpunit/tests/admin/includesUpdateCore.php" line="31" assertions="1" time="0.030106"/>
          <testcase name="test_new_files_are_not_in_old_files_array_compiled with data set #31" class="Tests_Admin_IncludesUpdateCore" classname="Tests_Admin_IncludesUpdateCore" file="/home/meng/Desktop/wptest/wordpress-develop/tests/phpunit/tests/admin/includesUpdateCore.php" line="31" assertions="1" time="0.029603"/>
          <testcase name="test_new_files_are_not_in_old_files_array_compiled with data set #32" class="Tests_Admin_IncludesUpdateCore" classname="Tests_Admin_IncludesUpdateCore" file="/home/meng/Desktop/wptest/wordpress-develop/tests/phpunit/tests/admin/includesUpdateCore.php" line="31" assertions="1" time="0.028626"/>
          <testcase name="test_new_files_are_not_in_old_files_array_compiled with data set #33" class="Tests_Admin_IncludesUpdateCore" classname="Tests_Admin_IncludesUpdateCore" file="/home/meng/Desktop/wptest/wordpress-develop/tests/phpunit/tests/admin/includesUpdateCore.php" line="31" assertions="1" time="0.027992"/>
          <testcase name="test_new_files_are_not_in_old_files_array_compiled with data set #34" class="Tests_Admin_IncludesUpdateCore" classname="Tests_Admin_IncludesUpdateCore" file="/home/meng/Desktop/wptest/wordpress-develop/tests/phpunit/tests/admin/includesUpdateCore.php" line="31" assertions="1" time="0.028723"/>
          <testcase name="test_new_files_are_not_in_old_files_array_compiled with data set #35" class="Tests_Admin_IncludesUpdateCore" classname="Tests_Admin_IncludesUpdateCore" file="/home/meng/Desktop/wptest/wordpress-develop/tests/phpunit/tests/admin/includesUpdateCore.php" line="31" assertions="1" time="0.028214"/>
          <testcase name="test_new_files_are_not_in_old_files_array_compiled with data set #36" class="Tests_Admin_IncludesUpdateCore" classname="Tests_Admin_IncludesUpdateCore" file="/home/meng/Desktop/wptest/wordpress-develop/tests/phpunit/tests/admin/includesUpdateCore.php" line="31" assertions="1" time="0.030546"/>
          <testcase name="test_new_files_are_not_in_old_files_array_compiled with data set #37" class="Tests_Admin_IncludesUpdateCore" classname="Tests_Admin_IncludesUpdateCore" file="/home/meng/Desktop/wptest/wordpress-develop/tests/phpunit/tests/admin/includesUpdateCore.php" line="31" assertions="1" time="0.029281"/>
          <testcase name="test_new_files_are_not_in_old_files_array_compiled with data set #38" class="Tests_Admin_IncludesUpdateCore" classname="Tests_Admin_IncludesUpdateCore" file="/home/meng/Desktop/wptest/wordpress-develop/tests/phpunit/tests/admin/includesUpdateCore.php" line="31" assertions="1" time="0.028736"/>
          <testcase name="test_new_files_are_not_in_old_files_array_compiled with data set #39" class="Tests_Admin_IncludesUpdateCore" classname="Tests_Admin_IncludesUpdateCore" file="/home/meng/Desktop/wptest/wordpress-develop/tests/phpunit/tests/admin/includesUpdateCore.php" line="31" assertions="1" time="0.028217"/>
          <testcase name="test_new_files_are_not_in_old_files_array_compiled with data set #40" class="Tests_Admin_IncludesUpdateCore" classname="Tests_Admin_IncludesUpdateCore" file="/home/meng/Desktop/wptest/wordpress-develop/tests/phpunit/tests/admin/includesUpdateCore.php" line="31" assertions="1" time="0.028540"/>
          <testcase name="test_new_files_are_not_in_old_files_array_compiled with data set #41" class="Tests_Admin_IncludesUpdateCore" classname="Tests_Admin_IncludesUpdateCore" file="/home/meng/Desktop/wptest/wordpress-develop/tests/phpunit/tests/admin/includesUpdateCore.php" line="31" assertions="1" time="0.029127"/>
          <testcase name="test_new_files_are_not_in_old_files_array_compiled with data set #42" class="Tests_Admin_IncludesUpdateCore" classname="Tests_Admin_IncludesUpdateCore" file="/home/meng/Desktop/wptest/wordpress-develop/tests/phpunit/tests/admin/includesUpdateCore.php" line="31" assertions="1" time="0.028780"/>
          <testcase name="test_new_files_are_not_in_old_files_array_compiled with data set #43" class="Tests_Admin_IncludesUpdateCore" classname="Tests_Admin_IncludesUpdateCore" file="/home/meng/Desktop/wptest/wordpress-develop/tests/phpunit/tests/admin/includesUpdateCore.php" line="31" assertions="1" time="0.028794"/>
          <testcase name="test_new_files_are_not_in_old_files_array_compiled with data set #44" class="Tests_Admin_IncludesUpdateCore" classname="Tests_Admin_IncludesUpdateCore" file="/home/meng/Desktop/wptest/wordpress-develop/tests/phpunit/tests/admin/includesUpdateCore.php" line="31" assertions="1" time="0.029419"/>
          <testcase name="test_new_files_are_not_in_old_files_array_compiled with data set #45" class="Tests_Admin_IncludesUpdateCore" classname="Tests_Admin_IncludesUpdateCore" file="/home/meng/Desktop/wptest/wordpress-develop/tests/phpunit/tests/admin/includesUpdateCore.php" line="31" assertions="1" time="0.030106"/>
          <testcase name="test_new_files_are_not_in_old_files_array_compiled with data set #46" class="Tests_Admin_IncludesUpdateCore" classname="Tests_Admin_IncludesUpdateCore" file="/home/meng/Desktop/wptest/wordpress-develop/tests/phpunit/tests/admin/includesUpdateCore.php" line="31" assertions="1" time="0.035849"/>
          <testcase name="test_new_files_are_not_in_old_files_array_compiled with data set #47" class="Tests_Admin_IncludesUpdateCore" classname="Tests_Admin_IncludesUpdateCore" file="/home/meng/Desktop/wptest/wordpress-develop/tests/phpunit/tests/admin/includesUpdateCore.php" line="31" assertions="1" time="0.032207"/>
          <testcase name="test_new_files_are_not_in_old_files_array_compiled with data set #48" class="Tests_Admin_IncludesUpdateCore" classname="Tests_Admin_IncludesUpdateCore" file="/home/meng/Desktop/wptest/wordpress-develop/tests/phpunit/tests/admin/includesUpdateCore.php" line="31" assertions="1" time="0.031545"/>
          <testcase name="test_new_files_are_not_in_old_files_array_compiled with data set #49" class="Tests_Admin_IncludesUpdateCore" classname="Tests_Admin_IncludesUpdateCore" file="/home/meng/Desktop/wptest/wordpress-develop/tests/phpunit/tests/admin/includesUpdateCore.php" line="31" assertions="1" time="0.030086"/>
          <testcase name="test_new_files_are_not_in_old_files_array_compiled with data set #50" class="Tests_Admin_IncludesUpdateCore" classname="Tests_Admin_IncludesUpdateCore" file="/home/meng/Desktop/wptest/wordpress-develop/tests/phpunit/tests/admin/includesUpdateCore.php" line="31" assertions="1" time="0.029437"/>
          <testcase name="test_new_files_are_not_in_old_files_array_compiled with data set #51" class="Tests_Admin_IncludesUpdateCore" classname="Tests_Admin_IncludesUpdateCore" file="/home/meng/Desktop/wptest/wordpress-develop/tests/phpunit/tests/admin/includesUpdateCore.php" line="31" assertions="1" time="0.028586"/>
          <testcase name="test_new_files_are_not_in_old_files_array_compiled with data set #52" class="Tests_Admin_IncludesUpdateCore" classname="Tests_Admin_IncludesUpdateCore" file="/home/meng/Desktop/wptest/wordpress-develop/tests/phpunit/tests/admin/includesUpdateCore.php" line="31" assertions="1" time="0.030284"/>
          <testcase name="test_new_files_are_not_in_old_files_array_compiled with data set #53" class="Tests_Admin_IncludesUpdateCore" classname="Tests_Admin_IncludesUpdateCore" file="/home/meng/Desktop/wptest/wordpress-develop/tests/phpunit/tests/admin/includesUpdateCore.php" line="31" assertions="1" time="0.029289"/>
          <testcase name="test_new_files_are_not_in_old_files_array_compiled with data set #54" class="Tests_Admin_IncludesUpdateCore" classname="Tests_Admin_IncludesUpdateCore" file="/home/meng/Desktop/wptest/wordpress-develop/tests/phpunit/tests/admin/includesUpdateCore.php" line="31" assertions="1" time="0.028941"/>
          <testcase name="test_new_files_are_not_in_old_files_array_compiled with data set #55" class="Tests_Admin_IncludesUpdateCore" classname="Tests_Admin_IncludesUpdateCore" file="/home/meng/Desktop/wptest/wordpress-develop/tests/phpunit/tests/admin/includesUpdateCore.php" line="31" assertions="1" time="0.029297"/>
          <testcase name="test_new_files_are_not_in_old_files_array_compiled with data set #56" class="Tests_Admin_IncludesUpdateCore" classname="Tests_Admin_IncludesUpdateCore" file="/home/meng/Desktop/wptest/wordpress-develop/tests/phpunit/tests/admin/includesUpdateCore.php" line="31" assertions="1" time="0.029839"/>
          <testcase name="test_new_files_are_not_in_old_files_array_compiled with data set #57" class="Tests_Admin_IncludesUpdateCore" classname="Tests_Admin_IncludesUpdateCore" file="/home/meng/Desktop/wptest/wordpress-develop/tests/phpunit/tests/admin/includesUpdateCore.php" line="31" assertions="1" time="0.028087"/>
          <testcase name="test_new_files_are_not_in_old_files_array_compiled with data set #58" class="Tests_Admin_IncludesUpdateCore" classname="Tests_Admin_IncludesUpdateCore" file="/home/meng/Desktop/wptest/wordpress-develop/tests/phpunit/tests/admin/includesUpdateCore.php" line="31" assertions="1" time="0.029271"/>
          <testcase name="test_new_files_are_not_in_old_files_array_compiled with data set #59" class="Tests_Admin_IncludesUpdateCore" classname="Tests_Admin_IncludesUpdateCore" file="/home/meng/Desktop/wptest/wordpress-develop/tests/phpunit/tests/admin/includesUpdateCore.php" line="31" assertions="1" time="0.028109"/>
          <testcase name="test_new_files_are_not_in_old_files_array_compiled with data set #60" class="Tests_Admin_IncludesUpdateCore" classname="Tests_Admin_IncludesUpdateCore" file="/home/meng/Desktop/wptest/wordpress-develop/tests/phpunit/tests/admin/includesUpdateCore.php" line="31" assertions="1" time="0.032606"/>
          <testcase name="test_new_files_are_not_in_old_files_array_compiled with data set #61" class="Tests_Admin_IncludesUpdateCore" classname="Tests_Admin_IncludesUpdateCore" file="/home/meng/Desktop/wptest/wordpress-develop/tests/phpunit/tests/admin/includesUpdateCore.php" line="31" assertions="1" time="0.029078"/>
          <testcase name="test_new_files_are_not_in_old_files_array_compiled with data set #62" class="Tests_Admin_IncludesUpdateCore" classname="Tests_Admin_IncludesUpdateCore" file="/home/meng/Desktop/wptest/wordpress-develop/tests/phpunit/tests/admin/includesUpdateCore.php" line="31" assertions="1" time="0.027947"/>
          <testcase name="test_new_files_are_not_in_old_files_array_compiled with data set #63" class="Tests_Admin_IncludesUpdateCore" classname="Tests_Admin_IncludesUpdateCore" file="/home/meng/Desktop/wptest/wordpress-develop/tests/phpunit/tests/admin/includesUpdateCore.php" line="31" assertions="1" time="0.031561"/>
          <testcase name="test_new_files_are_not_in_old_files_array_compiled with data set #64" class="Tests_Admin_IncludesUpdateCore" classname="Tests_Admin_IncludesUpdateCore" file="/home/meng/Desktop/wptest/wordpress-develop/tests/phpunit/tests/admin/includesUpdateCore.php" line="31" assertions="1" time="0.029759"/>
          <testcase name="test_new_files_are_not_in_old_files_array_compiled with data set #65" class="Tests_Admin_IncludesUpdateCore" classname="Tests_Admin_IncludesUpdateCore" file="/home/meng/Desktop/wptest/wordpress-develop/tests/phpunit/tests/admin/includesUpdateCore.php" line="31" assertions="1" time="0.027780"/>
          <testcase name="test_new_files_are_not_in_old_files_array_compiled with data set #66" class="Tests_Admin_IncludesUpdateCore" classname="Tests_Admin_IncludesUpdateCore" file="/home/meng/Desktop/wptest/wordpress-develop/tests/phpunit/tests/admin/includesUpdateCore.php" line="31" assertions="1" time="0.029571"/>
          <testcase name="test_new_files_are_not_in_old_files_array_compiled with data set #67" class="Tests_Admin_IncludesUpdateCore" classname="Tests_Admin_IncludesUpdateCore" file="/home/meng/Desktop/wptest/wordpress-develop/tests/phpunit/tests/admin/includesUpdateCore.php" line="31" assertions="1" time="0.029218"/>
          <testcase name="test_new_files_are_not_in_old_files_array_compiled with data set #68" class="Tests_Admin_IncludesUpdateCore" classname="Tests_Admin_IncludesUpdateCore" file="/home/meng/Desktop/wptest/wordpress-develop/tests/phpunit/tests/admin/includesUpdateCore.php" line="31" assertions="1" time="0.028837"/>
          <testcase name="test_new_files_are_not_in_old_files_array_compiled with data set #69" class="Tests_Admin_IncludesUpdateCore" classname="Tests_Admin_IncludesUpdateCore" file="/home/meng/Desktop/wptest/wordpress-develop/tests/phpunit/tests/admin/includesUpdateCore.php" line="31" assertions="1" time="0.029145"/>
          <testcase name="test_new_files_are_not_in_old_files_array_compiled with data set #70" class="Tests_Admin_IncludesUpdateCore" classname="Tests_Admin_IncludesUpdateCore" file="/home/meng/Desktop/wptest/wordpress-develop/tests/phpunit/tests/admin/includesUpdateCore.php" line="31" assertions="1" time="0.028793"/>
          <testcase name="test_new_files_are_not_in_old_files_array_compiled with data set #71" class="Tests_Admin_IncludesUpdateCore" classname="Tests_Admin_IncludesUpdateCore" file="/home/meng/Desktop/wptest/wordpress-develop/tests/phpunit/tests/admin/includesUpdateCore.php" line="31" assertions="1" time="0.029093"/>
          <testcase name="test_new_files_are_not_in_old_files_array_compiled with data set #72" class="Tests_Admin_IncludesUpdateCore" classname="Tests_Admin_IncludesUpdateCore" file="/home/meng/Desktop/wptest/wordpress-develop/tests/phpunit/tests/admin/includesUpdateCore.php" line="31" assertions="1" time="0.028862"/>
          <testcase name="test_new_files_are_not_in_old_files_array_compiled with data set #73" class="Tests_Admin_IncludesUpdateCore" classname="Tests_Admin_IncludesUpdateCore" file="/home/meng/Desktop/wptest/wordpress-develop/tests/phpunit/tests/admin/includesUpdateCore.php" line="31" assertions="1" time="0.029182"/>
          <testcase name="test_new_files_are_not_in_old_files_array_compiled with data set #74" class="Tests_Admin_IncludesUpdateCore" classname="Tests_Admin_IncludesUpdateCore" file="/home/meng/Desktop/wptest/wordpress-develop/tests/phpunit/tests/admin/includesUpdateCore.php" line="31" assertions="1" time="0.029713"/>
          <testcase name="test_new_files_are_not_in_old_files_array_compiled with data set #75" class="Tests_Admin_IncludesUpdateCore" classname="Tests_Admin_IncludesUpdateCore" file="/home/meng/Desktop/wptest/wordpress-develop/tests/phpunit/tests/admin/includesUpdateCore.php" line="31" assertions="1" time="0.030830"/>
          <testcase name="test_new_files_are_not_in_old_files_array_compiled with data set #76" class="Tests_Admin_IncludesUpdateCore" classname="Tests_Admin_IncludesUpdateCore" file="/home/meng/Desktop/wptest/wordpress-develop/tests/phpunit/tests/admin/includesUpdateCore.php" line="31" assertions="1" time="0.031180"/>
          <testcase name="test_new_files_are_not_in_old_files_array_compiled with data set #77" class="Tests_Admin_IncludesUpdateCore" classname="Tests_Admin_IncludesUpdateCore" file="/home/meng/Desktop/wptest/wordpress-develop/tests/phpunit/tests/admin/includesUpdateCore.php" line="31" assertions="1" time="0.027933"/>
          <testcase name="test_new_files_are_not_in_old_files_array_compiled with data set #78" class="Tests_Admin_IncludesUpdateCore" classname="Tests_Admin_IncludesUpdateCore" file="/home/meng/Desktop/wptest/wordpress-develop/tests/phpunit/tests/admin/includesUpdateCore.php" line="31" assertions="1" time="0.031952"/>
          <testcase name="test_new_files_are_not_in_old_files_array_compiled with data set #79" class="Tests_Admin_IncludesUpdateCore" classname="Tests_Admin_IncludesUpdateCore" file="/home/meng/Desktop/wptest/wordpress-develop/tests/phpunit/tests/admin/includesUpdateCore.php" line="31" assertions="1" time="0.028494"/>
          <testcase name="test_new_files_are_not_in_old_files_array_compiled with data set #80" class="Tests_Admin_IncludesUpdateCore" classname="Tests_Admin_IncludesUpdateCore" file="/home/meng/Desktop/wptest/wordpress-develop/tests/phpunit/tests/admin/includesUpdateCore.php" line="31" assertions="1" time="0.028122"/>
          <testcase name="test_new_files_are_not_in_old_files_array_compiled with data set #81" class="Tests_Admin_IncludesUpdateCore" classname="Tests_Admin_IncludesUpdateCore" file="/home/meng/Desktop/wptest/wordpress-develop/tests/phpunit/tests/admin/includesUpdateCore.php" line="31" assertions="1" time="0.027755"/>
          <testcase name="test_new_files_are_not_in_old_files_array_compiled with data set #82" class="Tests_Admin_IncludesUpdateCore" classname="Tests_Admin_IncludesUpdateCore" file="/home/meng/Desktop/wptest/wordpress-develop/tests/phpunit/tests/admin/includesUpdateCore.php" line="31" assertions="1" time="0.028441"/>
          <testcase name="test_new_files_are_not_in_old_files_array_compiled with data set #83" class="Tests_Admin_IncludesUpdateCore" classname="Tests_Admin_IncludesUpdateCore" file="/home/meng/Desktop/wptest/wordpress-develop/tests/phpunit/tests/admin/includesUpdateCore.php" line="31" assertions="1" time="0.029136"/>
          <testcase name="test_new_files_are_not_in_old_files_array_compiled with data set #84" class="Tests_Admin_IncludesUpdateCore" classname="Tests_Admin_IncludesUpdateCore" file="/home/meng/Desktop/wptest/wordpress-develop/tests/phpunit/tests/admin/includesUpdateCore.php" line="31" assertions="1" time="0.030751"/>
          <testcase name="test_new_files_are_not_in_old_files_array_compiled with data set #85" class="Tests_Admin_IncludesUpdateCore" classname="Tests_Admin_IncludesUpdateCore" file="/home/meng/Desktop/wptest/wordpress-develop/tests/phpunit/tests/admin/includesUpdateCore.php" line="31" assertions="1" time="0.031618"/>
          <testcase name="test_new_files_are_not_in_old_files_array_compiled with data set #86" class="Tests_Admin_IncludesUpdateCore" classname="Tests_Admin_IncludesUpdateCore" file="/home/meng/Desktop/wptest/wordpress-develop/tests/phpunit/tests/admin/includesUpdateCore.php" line="31" assertions="1" time="0.028878"/>
          <testcase name="test_new_files_are_not_in_old_files_array_compiled with data set #87" class="Tests_Admin_IncludesUpdateCore" classname="Tests_Admin_IncludesUpdateCore" file="/home/meng/Desktop/wptest/wordpress-develop/tests/phpunit/tests/admin/includesUpdateCore.php" line="31" assertions="1" time="0.030641"/>
          <testcase name="test_new_files_are_not_in_old_files_array_compiled with data set #88" class="Tests_Admin_IncludesUpdateCore" classname="Tests_Admin_IncludesUpdateCore" file="/home/meng/Desktop/wptest/wordpress-develop/tests/phpunit/tests/admin/includesUpdateCore.php" line="31" assertions="1" time="0.028357"/>
          <testcase name="test_new_files_are_not_in_old_files_array_compiled with data set #89" class="Tests_Admin_IncludesUpdateCore" classname="Tests_Admin_IncludesUpdateCore" file="/home/meng/Desktop/wptest/wordpress-develop/tests/phpunit/tests/admin/includesUpdateCore.php" line="31" assertions="1" time="0.029512"/>
          <testcase name="test_new_files_are_not_in_old_files_array_compiled with data set #90" class="Tests_Admin_IncludesUpdateCore" classname="Tests_Admin_IncludesUpdateCore" file="/home/meng/Desktop/wptest/wordpress-develop/tests/phpunit/tests/admin/includesUpdateCore.php" line="31" assertions="1" time="0.029075"/>
          <testcase name="test_new_files_are_not_in_old_files_array_compiled with data set #91" class="Tests_Admin_IncludesUpdateCore" classname="Tests_Admin_IncludesUpdateCore" file="/home/meng/Desktop/wptest/wordpress-develop/tests/phpunit/tests/admin/includesUpdateCore.php" line="31" assertions="1" time="0.029988"/>
          <testcase name="test_new_files_are_not_in_old_files_array_compiled with data set #92" class="Tests_Admin_IncludesUpdateCore" classname="Tests_Admin_IncludesUpdateCore" file="/home/meng/Desktop/wptest/wordpress-develop/tests/phpunit/tests/admin/includesUpdateCore.php" line="31" assertions="1" time="0.029157"/>
          <testcase name="test_new_files_are_not_in_old_files_array_compiled with data set #93" class="Tests_Admin_IncludesUpdateCore" classname="Tests_Admin_IncludesUpdateCore" file="/home/meng/Desktop/wptest/wordpress-develop/tests/phpunit/tests/admin/includesUpdateCore.php" line="31" assertions="1" time="0.031254"/>
          <testcase name="test_new_files_are_not_in_old_files_array_compiled with data set #94" class="Tests_Admin_IncludesUpdateCore" classname="Tests_Admin_IncludesUpdateCore" file="/home/meng/Desktop/wptest/wordpress-develop/tests/phpunit/tests/admin/includesUpdateCore.php" line="31" assertions="1" time="0.030588"/>
          <testcase name="test_new_files_are_not_in_old_files_array_compiled with data set #95" class="Tests_Admin_IncludesUpdateCore" classname="Tests_Admin_IncludesUpdateCore" file="/home/meng/Desktop/wptest/wordpress-develop/tests/phpunit/tests/admin/includesUpdateCore.php" line="31" assertions="1" time="0.029024"/>
          <testcase name="test_new_files_are_not_in_old_files_array_compiled with data set #96" class="Tests_Admin_IncludesUpdateCore" classname="Tests_Admin_IncludesUpdateCore" file="/home/meng/Desktop/wptest/wordpress-develop/tests/phpunit/tests/admin/includesUpdateCore.php" line="31" assertions="1" time="0.030595"/>
          <testcase name="test_new_files_are_not_in_old_files_array_compiled with data set #97" class="Tests_Admin_IncludesUpdateCore" classname="Tests_Admin_IncludesUpdateCore" file="/home/meng/Desktop/wptest/wordpress-develop/tests/phpunit/tests/admin/includesUpdateCore.php" line="31" assertions="1" time="0.032745"/>
          <testcase name="test_new_files_are_not_in_old_files_array_compiled with data set #98" class="Tests_Admin_IncludesUpdateCore" classname="Tests_Admin_IncludesUpdateCore" file="/home/meng/Desktop/wptest/wordpress-develop/tests/phpunit/tests/admin/includesUpdateCore.php" line="31" assertions="1" time="0.030532"/>
          <testcase name="test_new_files_are_not_in_old_files_array_compiled with data set #99" class="Tests_Admin_IncludesUpdateCore" classname="Tests_Admin_IncludesUpdateCore" file="/home/meng/Desktop/wptest/wordpress-develop/tests/phpunit/tests/admin/includesUpdateCore.php" line="31" assertions="1" time="0.032616"/>
          <testcase name="test_new_files_are_not_in_old_files_array_compiled with data set #100" class="Tests_Admin_IncludesUpdateCore" classname="Tests_Admin_IncludesUpdateCore" file="/home/meng/Desktop/wptest/wordpress-develop/tests/phpunit/tests/admin/includesUpdateCore.php" line="31" assertions="1" time="0.029493"/>
          <testcase name="test_new_files_are_not_in_old_files_array_compiled with data set #101" class="Tests_Admin_IncludesUpdateCore" classname="Tests_Admin_IncludesUpdateCore" file="/home/meng/Desktop/wptest/wordpress-develop/tests/phpunit/tests/admin/includesUpdateCore.php" line="31" assertions="1" time="0.028899"/>
          <testcase name="test_new_files_are_not_in_old_files_array_compiled with data set #102" class="Tests_Admin_IncludesUpdateCore" classname="Tests_Admin_IncludesUpdateCore" file="/home/meng/Desktop/wptest/wordpress-develop/tests/phpunit/tests/admin/includesUpdateCore.php" line="31" assertions="1" time="0.035549"/>
          <testcase name="test_new_files_are_not_in_old_files_array_compiled with data set #103" class="Tests_Admin_IncludesUpdateCore" classname="Tests_Admin_IncludesUpdateCore" file="/home/meng/Desktop/wptest/wordpress-develop/tests/phpunit/tests/admin/includesUpdateCore.php" line="31" assertions="1" time="0.028522"/>
          <testcase name="test_new_files_are_not_in_old_files_array_compiled with data set #104" class="Tests_Admin_IncludesUpdateCore" classname="Tests_Admin_IncludesUpdateCore" file="/home/meng/Desktop/wptest/wordpress-develop/tests/phpunit/tests/admin/includesUpdateCore.php" line="31" assertions="1" time="0.029437"/>
          <testcase name="test_new_files_are_not_in_old_files_array_compiled with data set #105" class="Tests_Admin_IncludesUpdateCore" classname="Tests_Admin_IncludesUpdateCore" file="/home/meng/Desktop/wptest/wordpress-develop/tests/phpunit/tests/admin/includesUpdateCore.php" line="31" assertions="1" time="0.031442"/>
          <testcase name="test_new_files_are_not_in_old_files_array_compiled with data set #106" class="Tests_Admin_IncludesUpdateCore" classname="Tests_Admin_IncludesUpdateCore" file="/home/meng/Desktop/wptest/wordpress-develop/tests/phpunit/tests/admin/includesUpdateCore.php" line="31" assertions="1" time="0.029341"/>
          <testcase name="test_new_files_are_not_in_old_files_array_compiled with data set #107" class="Tests_Admin_IncludesUpdateCore" classname="Tests_Admin_IncludesUpdateCore" file="/home/meng/Desktop/wptest/wordpress-develop/tests/phpunit/tests/admin/includesUpdateCore.php" line="31" assertions="1" time="0.029241"/>
          <testcase name="test_new_files_are_not_in_old_files_array_compiled with data set #108" class="Tests_Admin_IncludesUpdateCore" classname="Tests_Admin_IncludesUpdateCore" file="/home/meng/Desktop/wptest/wordpress-develop/tests/phpunit/tests/admin/includesUpdateCore.php" line="31" assertions="1" time="0.027890"/>
          <testcase name="test_new_files_are_not_in_old_files_array_compiled with data set #109" class="Tests_Admin_IncludesUpdateCore" classname="Tests_Admin_IncludesUpdateCore" file="/home/meng/Desktop/wptest/wordpress-develop/tests/phpunit/tests/admin/includesUpdateCore.php" line="31" assertions="1" time="0.028377"/>
          <testcase name="test_new_files_are_not_in_old_files_array_compiled with data set #110" class="Tests_Admin_IncludesUpdateCore" classname="Tests_Admin_IncludesUpdateCore" file="/home/meng/Desktop/wptest/wordpress-develop/tests/phpunit/tests/admin/includesUpdateCore.php" line="31" assertions="1" time="0.028846"/>
          <testcase name="test_new_files_are_not_in_old_files_array_compiled with data set #111" class="Tests_Admin_IncludesUpdateCore" classname="Tests_Admin_IncludesUpdateCore" file="/home/meng/Desktop/wptest/wordpress-develop/tests/phpunit/tests/admin/includesUpdateCore.php" line="31" assertions="1" time="0.029239"/>
          <testcase name="test_new_files_are_not_in_old_files_array_compiled with data set #112" class="Tests_Admin_IncludesUpdateCore" classname="Tests_Admin_IncludesUpdateCore" file="/home/meng/Desktop/wptest/wordpress-develop/tests/phpunit/tests/admin/includesUpdateCore.php" line="31" assertions="1" time="0.027993"/>
          <testcase name="test_new_files_are_not_in_old_files_array_compiled with data set #113" class="Tests_Admin_IncludesUpdateCore" classname="Tests_Admin_IncludesUpdateCore" file="/home/meng/Desktop/wptest/wordpress-develop/tests/phpunit/tests/admin/includesUpdateCore.php" line="31" assertions="1" time="0.028054"/>
          <testcase name="test_new_files_are_not_in_old_files_array_compiled with data set #114" class="Tests_Admin_IncludesUpdateCore" classname="Tests_Admin_IncludesUpdateCore" file="/home/meng/Desktop/wptest/wordpress-develop/tests/phpunit/tests/admin/includesUpdateCore.php" line="31" assertions="1" time="0.028600"/>
          <testcase name="test_new_files_are_not_in_old_files_array_compiled with data set #115" class="Tests_Admin_IncludesUpdateCore" classname="Tests_Admin_IncludesUpdateCore" file="/home/meng/Desktop/wptest/wordpress-develop/tests/phpunit/tests/admin/includesUpdateCore.php" line="31" assertions="1" time="0.029022"/>
          <testcase name="test_new_files_are_not_in_old_files_array_compiled with data set #116" class="Tests_Admin_IncludesUpdateCore" classname="Tests_Admin_IncludesUpdateCore" file="/home/meng/Desktop/wptest/wordpress-develop/tests/phpunit/tests/admin/includesUpdateCore.php" line="31" assertions="1" time="0.027813"/>
          <testcase name="test_new_files_are_not_in_old_files_array_compiled with data set #117" class="Tests_Admin_IncludesUpdateCore" classname="Tests_Admin_IncludesUpdateCore" file="/home/meng/Desktop/wptest/wordpress-develop/tests/phpunit/tests/admin/includesUpdateCore.php" line="31" assertions="1" time="0.029188"/>
          <testcase name="test_new_files_are_not_in_old_files_array_compiled with data set #118" class="Tests_Admin_IncludesUpdateCore" classname="Tests_Admin_IncludesUpdateCore" file="/home/meng/Desktop/wptest/wordpress-develop/tests/phpunit/tests/admin/includesUpdateCore.php" line="31" assertions="1" time="0.028569"/>
          <testcase name="test_new_files_are_not_in_old_files_array_compiled with data set #119" class="Tests_Admin_IncludesUpdateCore" classname="Tests_Admin_IncludesUpdateCore" file="/home/meng/Desktop/wptest/wordpress-develop/tests/phpunit/tests/admin/includesUpdateCore.php" line="31" assertions="1" time="0.030727"/>
          <testcase name="test_new_files_are_not_in_old_files_array_compiled with data set #120" class="Tests_Admin_IncludesUpdateCore" classname="Tests_Admin_IncludesUpdateCore" file="/home/meng/Desktop/wptest/wordpress-develop/tests/phpunit/tests/admin/includesUpdateCore.php" line="31" assertions="1" time="0.031378"/>
          <testcase name="test_new_files_are_not_in_old_files_array_compiled with data set #121" class="Tests_Admin_IncludesUpdateCore" classname="Tests_Admin_IncludesUpdateCore" file="/home/meng/Desktop/wptest/wordpress-develop/tests/phpunit/tests/admin/includesUpdateCore.php" line="31" assertions="1" time="0.028885"/>
          <testcase name="test_new_files_are_not_in_old_files_array_compiled with data set #122" class="Tests_Admin_IncludesUpdateCore" classname="Tests_Admin_IncludesUpdateCore" file="/home/meng/Desktop/wptest/wordpress-develop/tests/phpunit/tests/admin/includesUpdateCore.php" line="31" assertions="1" time="0.029026"/>
          <testcase name="test_new_files_are_not_in_old_files_array_compiled with data set #123" class="Tests_Admin_IncludesUpdateCore" classname="Tests_Admin_IncludesUpdateCore" file="/home/meng/Desktop/wptest/wordpress-develop/tests/phpunit/tests/admin/includesUpdateCore.php" line="31" assertions="1" time="0.030642"/>
          <testcase name="test_new_files_are_not_in_old_files_array_compiled with data set #124" class="Tests_Admin_IncludesUpdateCore" classname="Tests_Admin_IncludesUpdateCore" file="/home/meng/Desktop/wptest/wordpress-develop/tests/phpunit/tests/admin/includesUpdateCore.php" line="31" assertions="1" time="0.033137"/>
          <testcase name="test_new_files_are_not_in_old_files_array_compiled with data set #125" class="Tests_Admin_IncludesUpdateCore" classname="Tests_Admin_IncludesUpdateCore" file="/home/meng/Desktop/wptest/wordpress-develop/tests/phpunit/tests/admin/includesUpdateCore.php" line="31" assertions="1" time="0.029509"/>
          <testcase name="test_new_files_are_not_in_old_files_array_compiled with data set #126" class="Tests_Admin_IncludesUpdateCore" classname="Tests_Admin_IncludesUpdateCore" file="/home/meng/Desktop/wptest/wordpress-develop/tests/phpunit/tests/admin/includesUpdateCore.php" line="31" assertions="1" time="0.028077"/>
          <testcase name="test_new_files_are_not_in_old_files_array_compiled with data set #127" class="Tests_Admin_IncludesUpdateCore" classname="Tests_Admin_IncludesUpdateCore" file="/home/meng/Desktop/wptest/wordpress-develop/tests/phpunit/tests/admin/includesUpdateCore.php" line="31" assertions="1" time="0.031069"/>
          <testcase name="test_new_files_are_not_in_old_files_array_compiled with data set #128" class="Tests_Admin_IncludesUpdateCore" classname="Tests_Admin_IncludesUpdateCore" file="/home/meng/Desktop/wptest/wordpress-develop/tests/phpunit/tests/admin/includesUpdateCore.php" line="31" assertions="1" time="0.030833"/>
          <testcase name="test_new_files_are_not_in_old_files_array_compiled with data set #129" class="Tests_Admin_IncludesUpdateCore" classname="Tests_Admin_IncludesUpdateCore" file="/home/meng/Desktop/wptest/wordpress-develop/tests/phpunit/tests/admin/includesUpdateCore.php" line="31" assertions="1" time="0.028867"/>
          <testcase name="test_new_files_are_not_in_old_files_array_compiled with data set #130" class="Tests_Admin_IncludesUpdateCore" classname="Tests_Admin_IncludesUpdateCore" file="/home/meng/Desktop/wptest/wordpress-develop/tests/phpunit/tests/admin/includesUpdateCore.php" line="31" assertions="1" time="0.028563"/>
          <testcase name="test_new_files_are_not_in_old_files_array_compiled with data set #131" class="Tests_Admin_IncludesUpdateCore" classname="Tests_Admin_IncludesUpdateCore" file="/home/meng/Desktop/wptest/wordpress-develop/tests/phpunit/tests/admin/includesUpdateCore.php" line="31" assertions="1" time="0.033140"/>
          <testcase name="test_new_files_are_not_in_old_files_array_compiled with data set #132" class="Tests_Admin_IncludesUpdateCore" classname="Tests_Admin_IncludesUpdateCore" file="/home/meng/Desktop/wptest/wordpress-develop/tests/phpunit/tests/admin/includesUpdateCore.php" line="31" assertions="1" time="0.030261"/>
          <testcase name="test_new_files_are_not_in_old_files_array_compiled with data set #133" class="Tests_Admin_IncludesUpdateCore" classname="Tests_Admin_IncludesUpdateCore" file="/home/meng/Desktop/wptest/wordpress-develop/tests/phpunit/tests/admin/includesUpdateCore.php" line="31" assertions="1" time="0.029204"/>
          <testcase name="test_new_files_are_not_in_old_files_array_compiled with data set #134" class="Tests_Admin_IncludesUpdateCore" classname="Tests_Admin_IncludesUpdateCore" file="/home/meng/Desktop/wptest/wordpress-develop/tests/phpunit/tests/admin/includesUpdateCore.php" line="31" assertions="1" time="0.029024"/>
          <testcase name="test_new_files_are_not_in_old_files_array_compiled with data set #135" class="Tests_Admin_IncludesUpdateCore" classname="Tests_Admin_IncludesUpdateCore" file="/home/meng/Desktop/wptest/wordpress-develop/tests/phpunit/tests/admin/includesUpdateCore.php" line="31" assertions="1" time="0.027887"/>
          <testcase name="test_new_files_are_not_in_old_files_array_compiled with data set #136" class="Tests_Admin_IncludesUpdateCore" classname="Tests_Admin_IncludesUpdateCore" file="/home/meng/Desktop/wptest/wordpress-develop/tests/phpunit/tests/admin/includesUpdateCore.php" line="31" assertions="1" time="0.029072"/>
          <testcase name="test_new_files_are_not_in_old_files_array_compiled with data set #137" class="Tests_Admin_IncludesUpdateCore" classname="Tests_Admin_IncludesUpdateCore" file="/home/meng/Desktop/wptest/wordpress-develop/tests/phpunit/tests/admin/includesUpdateCore.php" line="31" assertions="1" time="0.028761"/>
          <testcase name="test_new_files_are_not_in_old_files_array_compiled with data set #138" class="Tests_Admin_IncludesUpdateCore" classname="Tests_Admin_IncludesUpdateCore" file="/home/meng/Desktop/wptest/wordpress-develop/tests/phpunit/tests/admin/includesUpdateCore.php" line="31" assertions="1" time="0.029797"/>
          <testcase name="test_new_files_are_not_in_old_files_array_compiled with data set #139" class="Tests_Admin_IncludesUpdateCore" classname="Tests_Admin_IncludesUpdateCore" file="/home/meng/Desktop/wptest/wordpress-develop/tests/phpunit/tests/admin/includesUpdateCore.php" line="31" assertions="1" time="0.028328"/>
          <testcase name="test_new_files_are_not_in_old_files_array_compiled with data set #140" class="Tests_Admin_IncludesUpdateCore" classname="Tests_Admin_IncludesUpdateCore" file="/home/meng/Desktop/wptest/wordpress-develop/tests/phpunit/tests/admin/includesUpdateCore.php" line="31" assertions="1" time="0.028381"/>
          <testcase name="test_new_files_are_not_in_old_files_array_compiled with data set #141" class="Tests_Admin_IncludesUpdateCore" classname="Tests_Admin_IncludesUpdateCore" file="/home/meng/Desktop/wptest/wordpress-develop/tests/phpunit/tests/admin/includesUpdateCore.php" line="31" assertions="1" time="0.027732"/>
          <testcase name="test_new_files_are_not_in_old_files_array_compiled with data set #142" class="Tests_Admin_IncludesUpdateCore" classname="Tests_Admin_IncludesUpdateCore" file="/home/meng/Desktop/wptest/wordpress-develop/tests/phpunit/tests/admin/includesUpdateCore.php" line="31" assertions="1" time="0.031592"/>
          <testcase name="test_new_files_are_not_in_old_files_array_compiled with data set #143" class="Tests_Admin_IncludesUpdateCore" classname="Tests_Admin_IncludesUpdateCore" file="/home/meng/Desktop/wptest/wordpress-develop/tests/phpunit/tests/admin/includesUpdateCore.php" line="31" assertions="1" time="0.028430"/>
          <testcase name="test_new_files_are_not_in_old_files_array_compiled with data set #144" class="Tests_Admin_IncludesUpdateCore" classname="Tests_Admin_IncludesUpdateCore" file="/home/meng/Desktop/wptest/wordpress-develop/tests/phpunit/tests/admin/includesUpdateCore.php" line="31" assertions="1" time="0.027954"/>
          <testcase name="test_new_files_are_not_in_old_files_array_compiled with data set #145" class="Tests_Admin_IncludesUpdateCore" classname="Tests_Admin_IncludesUpdateCore" file="/home/meng/Desktop/wptest/wordpress-develop/tests/phpunit/tests/admin/includesUpdateCore.php" line="31" assertions="1" time="0.030444"/>
          <testcase name="test_new_files_are_not_in_old_files_array_compiled with data set #146" class="Tests_Admin_IncludesUpdateCore" classname="Tests_Admin_IncludesUpdateCore" file="/home/meng/Desktop/wptest/wordpress-develop/tests/phpunit/tests/admin/includesUpdateCore.php" line="31" assertions="1" time="0.035791"/>
          <testcase name="test_new_files_are_not_in_old_files_array_compiled with data set #147" class="Tests_Admin_IncludesUpdateCore" classname="Tests_Admin_IncludesUpdateCore" file="/home/meng/Desktop/wptest/wordpress-develop/tests/phpunit/tests/admin/includesUpdateCore.php" line="31" assertions="1" time="0.027424"/>
          <testcase name="test_new_files_are_not_in_old_files_array_compiled with data set #148" class="Tests_Admin_IncludesUpdateCore" classname="Tests_Admin_IncludesUpdateCore" file="/home/meng/Desktop/wptest/wordpress-develop/tests/phpunit/tests/admin/includesUpdateCore.php" line="31" assertions="1" time="0.028114"/>
          <testcase name="test_new_files_are_not_in_old_files_array_compiled with data set #149" class="Tests_Admin_IncludesUpdateCore" classname="Tests_Admin_IncludesUpdateCore" file="/home/meng/Desktop/wptest/wordpress-develop/tests/phpunit/tests/admin/includesUpdateCore.php" line="31" assertions="1" time="0.028830"/>
          <testcase name="test_new_files_are_not_in_old_files_array_compiled with data set #150" class="Tests_Admin_IncludesUpdateCore" classname="Tests_Admin_IncludesUpdateCore" file="/home/meng/Desktop/wptest/wordpress-develop/tests/phpunit/tests/admin/includesUpdateCore.php" line="31" assertions="1" time="0.029695"/>
          <testcase name="test_new_files_are_not_in_old_files_array_compiled with data set #151" class="Tests_Admin_IncludesUpdateCore" classname="Tests_Admin_IncludesUpdateCore" file="/home/meng/Desktop/wptest/wordpress-develop/tests/phpunit/tests/admin/includesUpdateCore.php" line="31" assertions="1" time="0.028226"/>
          <testcase name="test_new_files_are_not_in_old_files_array_compiled with data set #152" class="Tests_Admin_IncludesUpdateCore" classname="Tests_Admin_IncludesUpdateCore" file="/home/meng/Desktop/wptest/wordpress-develop/tests/phpunit/tests/admin/includesUpdateCore.php" line="31" assertions="1" time="0.033015"/>
          <testcase name="test_new_files_are_not_in_old_files_array_compiled with data set #153" class="Tests_Admin_IncludesUpdateCore" classname="Tests_Admin_IncludesUpdateCore" file="/home/meng/Desktop/wptest/wordpress-develop/tests/phpunit/tests/admin/includesUpdateCore.php" line="31" assertions="1" time="0.027854"/>
          <testcase name="test_new_files_are_not_in_old_files_array_compiled with data set #154" class="Tests_Admin_IncludesUpdateCore" classname="Tests_Admin_IncludesUpdateCore" file="/home/meng/Desktop/wptest/wordpress-develop/tests/phpunit/tests/admin/includesUpdateCore.php" line="31" assertions="1" time="0.028155"/>
          <testcase name="test_new_files_are_not_in_old_files_array_compiled with data set #155" class="Tests_Admin_IncludesUpdateCore" classname="Tests_Admin_IncludesUpdateCore" file="/home/meng/Desktop/wptest/wordpress-develop/tests/phpunit/tests/admin/includesUpdateCore.php" line="31" assertions="1" time="0.028898"/>
          <testcase name="test_new_files_are_not_in_old_files_array_compiled with data set #156" class="Tests_Admin_IncludesUpdateCore" classname="Tests_Admin_IncludesUpdateCore" file="/home/meng/Desktop/wptest/wordpress-develop/tests/phpunit/tests/admin/includesUpdateCore.php" line="31" assertions="1" time="0.029309"/>
          <testcase name="test_new_files_are_not_in_old_files_array_compiled with data set #157" class="Tests_Admin_IncludesUpdateCore" classname="Tests_Admin_IncludesUpdateCore" file="/home/meng/Desktop/wptest/wordpress-develop/tests/phpunit/tests/admin/includesUpdateCore.php" line="31" assertions="1" time="0.028430"/>
          <testcase name="test_new_files_are_not_in_old_files_array_compiled with data set #158" class="Tests_Admin_IncludesUpdateCore" classname="Tests_Admin_IncludesUpdateCore" file="/home/meng/Desktop/wptest/wordpress-develop/tests/phpunit/tests/admin/includesUpdateCore.php" line="31" assertions="1" time="0.027565"/>
          <testcase name="test_new_files_are_not_in_old_files_array_compiled with data set #159" class="Tests_Admin_IncludesUpdateCore" classname="Tests_Admin_IncludesUpdateCore" file="/home/meng/Desktop/wptest/wordpress-develop/tests/phpunit/tests/admin/includesUpdateCore.php" line="31" assertions="1" time="0.028070"/>
          <testcase name="test_new_files_are_not_in_old_files_array_compiled with data set #160" class="Tests_Admin_IncludesUpdateCore" classname="Tests_Admin_IncludesUpdateCore" file="/home/meng/Desktop/wptest/wordpress-develop/tests/phpunit/tests/admin/includesUpdateCore.php" line="31" assertions="1" time="0.035726"/>
          <testcase name="test_new_files_are_not_in_old_files_array_compiled with data set #161" class="Tests_Admin_IncludesUpdateCore" classname="Tests_Admin_IncludesUpdateCore" file="/home/meng/Desktop/wptest/wordpress-develop/tests/phpunit/tests/admin/includesUpdateCore.php" line="31" assertions="1" time="0.030492"/>
          <testcase name="test_new_files_are_not_in_old_files_array_compiled with data set #162" class="Tests_Admin_IncludesUpdateCore" classname="Tests_Admin_IncludesUpdateCore" file="/home/meng/Desktop/wptest/wordpress-develop/tests/phpunit/tests/admin/includesUpdateCore.php" line="31" assertions="1" time="0.028015"/>
          <testcase name="test_new_files_are_not_in_old_files_array_compiled with data set #163" class="Tests_Admin_IncludesUpdateCore" classname="Tests_Admin_IncludesUpdateCore" file="/home/meng/Desktop/wptest/wordpress-develop/tests/phpunit/tests/admin/includesUpdateCore.php" line="31" assertions="1" time="0.028840"/>
          <testcase name="test_new_files_are_not_in_old_files_array_compiled with data set #164" class="Tests_Admin_IncludesUpdateCore" classname="Tests_Admin_IncludesUpdateCore" file="/home/meng/Desktop/wptest/wordpress-develop/tests/phpunit/tests/admin/includesUpdateCore.php" line="31" assertions="1" time="0.027954"/>
          <testcase name="test_new_files_are_not_in_old_files_array_compiled with data set #165" class="Tests_Admin_IncludesUpdateCore" classname="Tests_Admin_IncludesUpdateCore" file="/home/meng/Desktop/wptest/wordpress-develop/tests/phpunit/tests/admin/includesUpdateCore.php" line="31" assertions="1" time="0.028143"/>
          <testcase name="test_new_files_are_not_in_old_files_array_compiled with data set #166" class="Tests_Admin_IncludesUpdateCore" classname="Tests_Admin_IncludesUpdateCore" file="/home/meng/Desktop/wptest/wordpress-develop/tests/phpunit/tests/admin/includesUpdateCore.php" line="31" assertions="1" time="0.028358"/>
          <testcase name="test_new_files_are_not_in_old_files_array_compiled with data set #167" class="Tests_Admin_IncludesUpdateCore" classname="Tests_Admin_IncludesUpdateCore" file="/home/meng/Desktop/wptest/wordpress-develop/tests/phpunit/tests/admin/includesUpdateCore.php" line="31" assertions="1" time="0.028385"/>
          <testcase name="test_new_files_are_not_in_old_files_array_compiled with data set #168" class="Tests_Admin_IncludesUpdateCore" classname="Tests_Admin_IncludesUpdateCore" file="/home/meng/Desktop/wptest/wordpress-develop/tests/phpunit/tests/admin/includesUpdateCore.php" line="31" assertions="1" time="0.028476"/>
          <testcase name="test_new_files_are_not_in_old_files_array_compiled with data set #169" class="Tests_Admin_IncludesUpdateCore" classname="Tests_Admin_IncludesUpdateCore" file="/home/meng/Desktop/wptest/wordpress-develop/tests/phpunit/tests/admin/includesUpdateCore.php" line="31" assertions="1" time="0.029124"/>
          <testcase name="test_new_files_are_not_in_old_files_array_compiled with data set #170" class="Tests_Admin_IncludesUpdateCore" classname="Tests_Admin_IncludesUpdateCore" file="/home/meng/Desktop/wptest/wordpress-develop/tests/phpunit/tests/admin/includesUpdateCore.php" line="31" assertions="1" time="0.028185"/>
          <testcase name="test_new_files_are_not_in_old_files_array_compiled with data set #171" class="Tests_Admin_IncludesUpdateCore" classname="Tests_Admin_IncludesUpdateCore" file="/home/meng/Desktop/wptest/wordpress-develop/tests/phpunit/tests/admin/includesUpdateCore.php" line="31" assertions="1" time="0.027726"/>
          <testcase name="test_new_files_are_not_in_old_files_array_compiled with data set #172" class="Tests_Admin_IncludesUpdateCore" classname="Tests_Admin_IncludesUpdateCore" file="/home/meng/Desktop/wptest/wordpress-develop/tests/phpunit/tests/admin/includesUpdateCore.php" line="31" assertions="1" time="0.029726"/>
          <testcase name="test_new_files_are_not_in_old_files_array_compiled with data set #173" class="Tests_Admin_IncludesUpdateCore" classname="Tests_Admin_IncludesUpdateCore" file="/home/meng/Desktop/wptest/wordpress-develop/tests/phpunit/tests/admin/includesUpdateCore.php" line="31" assertions="1" time="0.027623"/>
          <testcase name="test_new_files_are_not_in_old_files_array_compiled with data set #174" class="Tests_Admin_IncludesUpdateCore" classname="Tests_Admin_IncludesUpdateCore" file="/home/meng/Desktop/wptest/wordpress-develop/tests/phpunit/tests/admin/includesUpdateCore.php" line="31" assertions="1" time="0.029472"/>
          <testcase name="test_new_files_are_not_in_old_files_array_compiled with data set #175" class="Tests_Admin_IncludesUpdateCore" classname="Tests_Admin_IncludesUpdateCore" file="/home/meng/Desktop/wptest/wordpress-develop/tests/phpunit/tests/admin/includesUpdateCore.php" line="31" assertions="1" time="0.030342"/>
          <testcase name="test_new_files_are_not_in_old_files_array_compiled with data set #176" class="Tests_Admin_IncludesUpdateCore" classname="Tests_Admin_IncludesUpdateCore" file="/home/meng/Desktop/wptest/wordpress-develop/tests/phpunit/tests/admin/includesUpdateCore.php" line="31" assertions="1" time="0.028649"/>
          <testcase name="test_new_files_are_not_in_old_files_array_compiled with data set #177" class="Tests_Admin_IncludesUpdateCore" classname="Tests_Admin_IncludesUpdateCore" file="/home/meng/Desktop/wptest/wordpress-develop/tests/phpunit/tests/admin/includesUpdateCore.php" line="31" assertions="1" time="0.028398"/>
          <testcase name="test_new_files_are_not_in_old_files_array_compiled with data set #178" class="Tests_Admin_IncludesUpdateCore" classname="Tests_Admin_IncludesUpdateCore" file="/home/meng/Desktop/wptest/wordpress-develop/tests/phpunit/tests/admin/includesUpdateCore.php" line="31" assertions="1" time="0.028180"/>
          <testcase name="test_new_files_are_not_in_old_files_array_compiled with data set #179" class="Tests_Admin_IncludesUpdateCore" classname="Tests_Admin_IncludesUpdateCore" file="/home/meng/Desktop/wptest/wordpress-develop/tests/phpunit/tests/admin/includesUpdateCore.php" line="31" assertions="1" time="0.028927"/>
          <testcase name="test_new_files_are_not_in_old_files_array_compiled with data set #180" class="Tests_Admin_IncludesUpdateCore" classname="Tests_Admin_IncludesUpdateCore" file="/home/meng/Desktop/wptest/wordpress-develop/tests/phpunit/tests/admin/includesUpdateCore.php" line="31" assertions="1" time="0.027794"/>
          <testcase name="test_new_files_are_not_in_old_files_array_compiled with data set #181" class="Tests_Admin_IncludesUpdateCore" classname="Tests_Admin_IncludesUpdateCore" file="/home/meng/Desktop/wptest/wordpress-develop/tests/phpunit/tests/admin/includesUpdateCore.php" line="31" assertions="1" time="0.028282"/>
          <testcase name="test_new_files_are_not_in_old_files_array_compiled with data set #182" class="Tests_Admin_IncludesUpdateCore" classname="Tests_Admin_IncludesUpdateCore" file="/home/meng/Desktop/wptest/wordpress-develop/tests/phpunit/tests/admin/includesUpdateCore.php" line="31" assertions="1" time="0.027635"/>
          <testcase name="test_new_files_are_not_in_old_files_array_compiled with data set #183" class="Tests_Admin_IncludesUpdateCore" classname="Tests_Admin_IncludesUpdateCore" file="/home/meng/Desktop/wptest/wordpress-develop/tests/phpunit/tests/admin/includesUpdateCore.php" line="31" assertions="1" time="0.028289"/>
          <testcase name="test_new_files_are_not_in_old_files_array_compiled with data set #184" class="Tests_Admin_IncludesUpdateCore" classname="Tests_Admin_IncludesUpdateCore" file="/home/meng/Desktop/wptest/wordpress-develop/tests/phpunit/tests/admin/includesUpdateCore.php" line="31" assertions="1" time="0.029210"/>
          <testcase name="test_new_files_are_not_in_old_files_array_compiled with data set #185" class="Tests_Admin_IncludesUpdateCore" classname="Tests_Admin_IncludesUpdateCore" file="/home/meng/Desktop/wptest/wordpress-develop/tests/phpunit/tests/admin/includesUpdateCore.php" line="31" assertions="1" time="0.028420"/>
          <testcase name="test_new_files_are_not_in_old_files_array_compiled with data set #186" class="Tests_Admin_IncludesUpdateCore" classname="Tests_Admin_IncludesUpdateCore" file="/home/meng/Desktop/wptest/wordpress-develop/tests/phpunit/tests/admin/includesUpdateCore.php" line="31" assertions="1" time="0.028478"/>
          <testcase name="test_new_files_are_not_in_old_files_array_compiled with data set #187" class="Tests_Admin_IncludesUpdateCore" classname="Tests_Admin_IncludesUpdateCore" file="/home/meng/Desktop/wptest/wordpress-develop/tests/phpunit/tests/admin/includesUpdateCore.php" line="31" assertions="1" time="0.028193"/>
          <testcase name="test_new_files_are_not_in_old_files_array_compiled with data set #188" class="Tests_Admin_IncludesUpdateCore" classname="Tests_Admin_IncludesUpdateCore" file="/home/meng/Desktop/wptest/wordpress-develop/tests/phpunit/tests/admin/includesUpdateCore.php" line="31" assertions="1" time="0.028555"/>
          <testcase name="test_new_files_are_not_in_old_files_array_compiled with data set #189" class="Tests_Admin_IncludesUpdateCore" classname="Tests_Admin_IncludesUpdateCore" file="/home/meng/Desktop/wptest/wordpress-develop/tests/phpunit/tests/admin/includesUpdateCore.php" line="31" assertions="1" time="0.028782"/>
          <testcase name="test_new_files_are_not_in_old_files_array_compiled with data set #190" class="Tests_Admin_IncludesUpdateCore" classname="Tests_Admin_IncludesUpdateCore" file="/home/meng/Desktop/wptest/wordpress-develop/tests/phpunit/tests/admin/includesUpdateCore.php" line="31" assertions="1" time="0.030721"/>
          <testcase name="test_new_files_are_not_in_old_files_array_compiled with data set #191" class="Tests_Admin_IncludesUpdateCore" classname="Tests_Admin_IncludesUpdateCore" file="/home/meng/Desktop/wptest/wordpress-develop/tests/phpunit/tests/admin/includesUpdateCore.php" line="31" assertions="1" time="0.028955"/>
          <testcase name="test_new_files_are_not_in_old_files_array_compiled with data set #192" class="Tests_Admin_IncludesUpdateCore" classname="Tests_Admin_IncludesUpdateCore" file="/home/meng/Desktop/wptest/wordpress-develop/tests/phpunit/tests/admin/includesUpdateCore.php" line="31" assertions="1" time="0.028358"/>
          <testcase name="test_new_files_are_not_in_old_files_array_compiled with data set #193" class="Tests_Admin_IncludesUpdateCore" classname="Tests_Admin_IncludesUpdateCore" file="/home/meng/Desktop/wptest/wordpress-develop/tests/phpunit/tests/admin/includesUpdateCore.php" line="31" assertions="1" time="0.029286"/>
          <testcase name="test_new_files_are_not_in_old_files_array_compiled with data set #194" class="Tests_Admin_IncludesUpdateCore" classname="Tests_Admin_IncludesUpdateCore" file="/home/meng/Desktop/wptest/wordpress-develop/tests/phpunit/tests/admin/includesUpdateCore.php" line="31" assertions="1" time="0.029932"/>
          <testcase name="test_new_files_are_not_in_old_files_array_compiled with data set #195" class="Tests_Admin_IncludesUpdateCore" classname="Tests_Admin_IncludesUpdateCore" file="/home/meng/Desktop/wptest/wordpress-develop/tests/phpunit/tests/admin/includesUpdateCore.php" line="31" assertions="1" time="0.028147"/>
          <testcase name="test_new_files_are_not_in_old_files_array_compiled with data set #196" class="Tests_Admin_IncludesUpdateCore" classname="Tests_Admin_IncludesUpdateCore" file="/home/meng/Desktop/wptest/wordpress-develop/tests/phpunit/tests/admin/includesUpdateCore.php" line="31" assertions="1" time="0.028323"/>
          <testcase name="test_new_files_are_not_in_old_files_array_compiled with data set #197" class="Tests_Admin_IncludesUpdateCore" classname="Tests_Admin_IncludesUpdateCore" file="/home/meng/Desktop/wptest/wordpress-develop/tests/phpunit/tests/admin/includesUpdateCore.php" line="31" assertions="1" time="0.028821"/>
          <testcase name="test_new_files_are_not_in_old_files_array_compiled with data set #198" class="Tests_Admin_IncludesUpdateCore" classname="Tests_Admin_IncludesUpdateCore" file="/home/meng/Desktop/wptest/wordpress-develop/tests/phpunit/tests/admin/includesUpdateCore.php" line="31" assertions="1" time="0.028490"/>
          <testcase name="test_new_files_are_not_in_old_files_array_compiled with data set #199" class="Tests_Admin_IncludesUpdateCore" classname="Tests_Admin_IncludesUpdateCore" file="/home/meng/Desktop/wptest/wordpress-develop/tests/phpunit/tests/admin/includesUpdateCore.php" line="31" assertions="1" time="0.028215"/>
          <testcase name="test_new_files_are_not_in_old_files_array_compiled with data set #200" class="Tests_Admin_IncludesUpdateCore" classname="Tests_Admin_IncludesUpdateCore" file="/home/meng/Desktop/wptest/wordpress-develop/tests/phpunit/tests/admin/includesUpdateCore.php" line="31" assertions="1" time="0.028805"/>
          <testcase name="test_new_files_are_not_in_old_files_array_compiled with data set #201" class="Tests_Admin_IncludesUpdateCore" classname="Tests_Admin_IncludesUpdateCore" file="/home/meng/Desktop/wptest/wordpress-develop/tests/phpunit/tests/admin/includesUpdateCore.php" line="31" assertions="1" time="0.028146"/>
          <testcase name="test_new_files_are_not_in_old_files_array_compiled with data set #202" class="Tests_Admin_IncludesUpdateCore" classname="Tests_Admin_IncludesUpdateCore" file="/home/meng/Desktop/wptest/wordpress-develop/tests/phpunit/tests/admin/includesUpdateCore.php" line="31" assertions="1" time="0.028873"/>
          <testcase name="test_new_files_are_not_in_old_files_array_compiled with data set #203" class="Tests_Admin_IncludesUpdateCore" classname="Tests_Admin_IncludesUpdateCore" file="/home/meng/Desktop/wptest/wordpress-develop/tests/phpunit/tests/admin/includesUpdateCore.php" line="31" assertions="1" time="0.028285"/>
          <testcase name="test_new_files_are_not_in_old_files_array_compiled with data set #204" class="Tests_Admin_IncludesUpdateCore" classname="Tests_Admin_IncludesUpdateCore" file="/home/meng/Desktop/wptest/wordpress-develop/tests/phpunit/tests/admin/includesUpdateCore.php" line="31" assertions="1" time="0.028652"/>
          <testcase name="test_new_files_are_not_in_old_files_array_compiled with data set #205" class="Tests_Admin_IncludesUpdateCore" classname="Tests_Admin_IncludesUpdateCore" file="/home/meng/Desktop/wptest/wordpress-develop/tests/phpunit/tests/admin/includesUpdateCore.php" line="31" assertions="1" time="0.028399"/>
          <testcase name="test_new_files_are_not_in_old_files_array_compiled with data set #206" class="Tests_Admin_IncludesUpdateCore" classname="Tests_Admin_IncludesUpdateCore" file="/home/meng/Desktop/wptest/wordpress-develop/tests/phpunit/tests/admin/includesUpdateCore.php" line="31" assertions="1" time="0.028480"/>
          <testcase name="test_new_files_are_not_in_old_files_array_compiled with data set #207" class="Tests_Admin_IncludesUpdateCore" classname="Tests_Admin_IncludesUpdateCore" file="/home/meng/Desktop/wptest/wordpress-develop/tests/phpunit/tests/admin/includesUpdateCore.php" line="31" assertions="1" time="0.029810"/>
          <testcase name="test_new_files_are_not_in_old_files_array_compiled with data set #208" class="Tests_Admin_IncludesUpdateCore" classname="Tests_Admin_IncludesUpdateCore" file="/home/meng/Desktop/wptest/wordpress-develop/tests/phpunit/tests/admin/includesUpdateCore.php" line="31" assertions="1" time="0.032907"/>
          <testcase name="test_new_files_are_not_in_old_files_array_compiled with data set #209" class="Tests_Admin_IncludesUpdateCore" classname="Tests_Admin_IncludesUpdateCore" file="/home/meng/Desktop/wptest/wordpress-develop/tests/phpunit/tests/admin/includesUpdateCore.php" line="31" assertions="1" time="0.028194"/>
          <testcase name="test_new_files_are_not_in_old_files_array_compiled with data set #210" class="Tests_Admin_IncludesUpdateCore" classname="Tests_Admin_IncludesUpdateCore" file="/home/meng/Desktop/wptest/wordpress-develop/tests/phpunit/tests/admin/includesUpdateCore.php" line="31" assertions="1" time="0.029083"/>
          <testcase name="test_new_files_are_not_in_old_files_array_compiled with data set #211" class="Tests_Admin_IncludesUpdateCore" classname="Tests_Admin_IncludesUpdateCore" file="/home/meng/Desktop/wptest/wordpress-develop/tests/phpunit/tests/admin/includesUpdateCore.php" line="31" assertions="1" time="0.028923"/>
          <testcase name="test_new_files_are_not_in_old_files_array_compiled with data set #212" class="Tests_Admin_IncludesUpdateCore" classname="Tests_Admin_IncludesUpdateCore" file="/home/meng/Desktop/wptest/wordpress-develop/tests/phpunit/tests/admin/includesUpdateCore.php" line="31" assertions="1" time="0.028148"/>
          <testcase name="test_new_files_are_not_in_old_files_array_compiled with data set #213" class="Tests_Admin_IncludesUpdateCore" classname="Tests_Admin_IncludesUpdateCore" file="/home/meng/Desktop/wptest/wordpress-develop/tests/phpunit/tests/admin/includesUpdateCore.php" line="31" assertions="1" time="0.028405"/>
          <testcase name="test_new_files_are_not_in_old_files_array_compiled with data set #214" class="Tests_Admin_IncludesUpdateCore" classname="Tests_Admin_IncludesUpdateCore" file="/home/meng/Desktop/wptest/wordpress-develop/tests/phpunit/tests/admin/includesUpdateCore.php" line="31" assertions="1" time="0.029024"/>
          <testcase name="test_new_files_are_not_in_old_files_array_compiled with data set #215" class="Tests_Admin_IncludesUpdateCore" classname="Tests_Admin_IncludesUpdateCore" file="/home/meng/Desktop/wptest/wordpress-develop/tests/phpunit/tests/admin/includesUpdateCore.php" line="31" assertions="1" time="0.027976"/>
          <testcase name="test_new_files_are_not_in_old_files_array_compiled with data set #216" class="Tests_Admin_IncludesUpdateCore" classname="Tests_Admin_IncludesUpdateCore" file="/home/meng/Desktop/wptest/wordpress-develop/tests/phpunit/tests/admin/includesUpdateCore.php" line="31" assertions="1" time="0.028180"/>
          <testcase name="test_new_files_are_not_in_old_files_array_compiled with data set #217" class="Tests_Admin_IncludesUpdateCore" classname="Tests_Admin_IncludesUpdateCore" file="/home/meng/Desktop/wptest/wordpress-develop/tests/phpunit/tests/admin/includesUpdateCore.php" line="31" assertions="1" time="0.028883"/>
          <testcase name="test_new_files_are_not_in_old_files_array_compiled with data set #218" class="Tests_Admin_IncludesUpdateCore" classname="Tests_Admin_IncludesUpdateCore" file="/home/meng/Desktop/wptest/wordpress-develop/tests/phpunit/tests/admin/includesUpdateCore.php" line="31" assertions="1" time="0.028614"/>
          <testcase name="test_new_files_are_not_in_old_files_array_compiled with data set #219" class="Tests_Admin_IncludesUpdateCore" classname="Tests_Admin_IncludesUpdateCore" file="/home/meng/Desktop/wptest/wordpress-develop/tests/phpunit/tests/admin/includesUpdateCore.php" line="31" assertions="1" time="0.030207"/>
          <testcase name="test_new_files_are_not_in_old_files_array_compiled with data set #220" class="Tests_Admin_IncludesUpdateCore" classname="Tests_Admin_IncludesUpdateCore" file="/home/meng/Desktop/wptest/wordpress-develop/tests/phpunit/tests/admin/includesUpdateCore.php" line="31" assertions="1" time="0.030172"/>
          <testcase name="test_new_files_are_not_in_old_files_array_compiled with data set #221" class="Tests_Admin_IncludesUpdateCore" classname="Tests_Admin_IncludesUpdateCore" file="/home/meng/Desktop/wptest/wordpress-develop/tests/phpunit/tests/admin/includesUpdateCore.php" line="31" assertions="1" time="0.028056"/>
          <testcase name="test_new_files_are_not_in_old_files_array_compiled with data set #222" class="Tests_Admin_IncludesUpdateCore" classname="Tests_Admin_IncludesUpdateCore" file="/home/meng/Desktop/wptest/wordpress-develop/tests/phpunit/tests/admin/includesUpdateCore.php" line="31" assertions="1" time="0.027774"/>
          <testcase name="test_new_files_are_not_in_old_files_array_compiled with data set #223" class="Tests_Admin_IncludesUpdateCore" classname="Tests_Admin_IncludesUpdateCore" file="/home/meng/Desktop/wptest/wordpress-develop/tests/phpunit/tests/admin/includesUpdateCore.php" line="31" assertions="1" time="0.029320"/>
          <testcase name="test_new_files_are_not_in_old_files_array_compiled with data set #224" class="Tests_Admin_IncludesUpdateCore" classname="Tests_Admin_IncludesUpdateCore" file="/home/meng/Desktop/wptest/wordpress-develop/tests/phpunit/tests/admin/includesUpdateCore.php" line="31" assertions="1" time="0.029143"/>
          <testcase name="test_new_files_are_not_in_old_files_array_compiled with data set #225" class="Tests_Admin_IncludesUpdateCore" classname="Tests_Admin_IncludesUpdateCore" file="/home/meng/Desktop/wptest/wordpress-develop/tests/phpunit/tests/admin/includesUpdateCore.php" line="31" assertions="1" time="0.030123"/>
          <testcase name="test_new_files_are_not_in_old_files_array_compiled with data set #226" class="Tests_Admin_IncludesUpdateCore" classname="Tests_Admin_IncludesUpdateCore" file="/home/meng/Desktop/wptest/wordpress-develop/tests/phpunit/tests/admin/includesUpdateCore.php" line="31" assertions="1" time="0.028379"/>
          <testcase name="test_new_files_are_not_in_old_files_array_compiled with data set #227" class="Tests_Admin_IncludesUpdateCore" classname="Tests_Admin_IncludesUpdateCore" file="/home/meng/Desktop/wptest/wordpress-develop/tests/phpunit/tests/admin/includesUpdateCore.php" line="31" assertions="1" time="0.028081"/>
          <testcase name="test_new_files_are_not_in_old_files_array_compiled with data set #228" class="Tests_Admin_IncludesUpdateCore" classname="Tests_Admin_IncludesUpdateCore" file="/home/meng/Desktop/wptest/wordpress-develop/tests/phpunit/tests/admin/includesUpdateCore.php" line="31" assertions="1" time="0.028453"/>
          <testcase name="test_new_files_are_not_in_old_files_array_compiled with data set #229" class="Tests_Admin_IncludesUpdateCore" classname="Tests_Admin_IncludesUpdateCore" file="/home/meng/Desktop/wptest/wordpress-develop/tests/phpunit/tests/admin/includesUpdateCore.php" line="31" assertions="1" time="0.029132"/>
          <testcase name="test_new_files_are_not_in_old_files_array_compiled with data set #230" class="Tests_Admin_IncludesUpdateCore" classname="Tests_Admin_IncludesUpdateCore" file="/home/meng/Desktop/wptest/wordpress-develop/tests/phpunit/tests/admin/includesUpdateCore.php" line="31" assertions="1" time="0.028668"/>
          <testcase name="test_new_files_are_not_in_old_files_array_compiled with data set #231" class="Tests_Admin_IncludesUpdateCore" classname="Tests_Admin_IncludesUpdateCore" file="/home/meng/Desktop/wptest/wordpress-develop/tests/phpunit/tests/admin/includesUpdateCore.php" line="31" assertions="1" time="0.028493"/>
          <testcase name="test_new_files_are_not_in_old_files_array_compiled with data set #232" class="Tests_Admin_IncludesUpdateCore" classname="Tests_Admin_IncludesUpdateCore" file="/home/meng/Desktop/wptest/wordpress-develop/tests/phpunit/tests/admin/includesUpdateCore.php" line="31" assertions="1" time="0.029104"/>
          <testcase name="test_new_files_are_not_in_old_files_array_compiled with data set #233" class="Tests_Admin_IncludesUpdateCore" classname="Tests_Admin_IncludesUpdateCore" file="/home/meng/Desktop/wptest/wordpress-develop/tests/phpunit/tests/admin/includesUpdateCore.php" line="31" assertions="1" time="0.029198"/>
          <testcase name="test_new_files_are_not_in_old_files_array_compiled with data set #234" class="Tests_Admin_IncludesUpdateCore" classname="Tests_Admin_IncludesUpdateCore" file="/home/meng/Desktop/wptest/wordpress-develop/tests/phpunit/tests/admin/includesUpdateCore.php" line="31" assertions="1" time="0.027947"/>
          <testcase name="test_new_files_are_not_in_old_files_array_compiled with data set #235" class="Tests_Admin_IncludesUpdateCore" classname="Tests_Admin_IncludesUpdateCore" file="/home/meng/Desktop/wptest/wordpress-develop/tests/phpunit/tests/admin/includesUpdateCore.php" line="31" assertions="1" time="0.028428"/>
          <testcase name="test_new_files_are_not_in_old_files_array_compiled with data set #236" class="Tests_Admin_IncludesUpdateCore" classname="Tests_Admin_IncludesUpdateCore" file="/home/meng/Desktop/wptest/wordpress-develop/tests/phpunit/tests/admin/includesUpdateCore.php" line="31" assertions="1" time="0.028027"/>
          <testcase name="test_new_files_are_not_in_old_files_array_compiled with data set #237" class="Tests_Admin_IncludesUpdateCore" classname="Tests_Admin_IncludesUpdateCore" file="/home/meng/Desktop/wptest/wordpress-develop/tests/phpunit/tests/admin/includesUpdateCore.php" line="31" assertions="1" time="0.029128"/>
          <testcase name="test_new_files_are_not_in_old_files_array_compiled with data set #238" class="Tests_Admin_IncludesUpdateCore" classname="Tests_Admin_IncludesUpdateCore" file="/home/meng/Desktop/wptest/wordpress-develop/tests/phpunit/tests/admin/includesUpdateCore.php" line="31" assertions="1" time="0.028007"/>
          <testcase name="test_new_files_are_not_in_old_files_array_compiled with data set #239" class="Tests_Admin_IncludesUpdateCore" classname="Tests_Admin_IncludesUpdateCore" file="/home/meng/Desktop/wptest/wordpress-develop/tests/phpunit/tests/admin/includesUpdateCore.php" line="31" assertions="1" time="0.028224"/>
          <testcase name="test_new_files_are_not_in_old_files_array_compiled with data set #240" class="Tests_Admin_IncludesUpdateCore" classname="Tests_Admin_IncludesUpdateCore" file="/home/meng/Desktop/wptest/wordpress-develop/tests/phpunit/tests/admin/includesUpdateCore.php" line="31" assertions="1" time="0.028347"/>
          <testcase name="test_new_files_are_not_in_old_files_array_compiled with data set #241" class="Tests_Admin_IncludesUpdateCore" classname="Tests_Admin_IncludesUpdateCore" file="/home/meng/Desktop/wptest/wordpress-develop/tests/phpunit/tests/admin/includesUpdateCore.php" line="31" assertions="1" time="0.028235"/>
          <testcase name="test_new_files_are_not_in_old_files_array_compiled with data set #242" class="Tests_Admin_IncludesUpdateCore" classname="Tests_Admin_IncludesUpdateCore" file="/home/meng/Desktop/wptest/wordpress-develop/tests/phpunit/tests/admin/includesUpdateCore.php" line="31" assertions="1" time="0.028047"/>
          <testcase name="test_new_files_are_not_in_old_files_array_compiled with data set #243" class="Tests_Admin_IncludesUpdateCore" classname="Tests_Admin_IncludesUpdateCore" file="/home/meng/Desktop/wptest/wordpress-develop/tests/phpunit/tests/admin/includesUpdateCore.php" line="31" assertions="1" time="0.029022"/>
          <testcase name="test_new_files_are_not_in_old_files_array_compiled with data set #244" class="Tests_Admin_IncludesUpdateCore" classname="Tests_Admin_IncludesUpdateCore" file="/home/meng/Desktop/wptest/wordpress-develop/tests/phpunit/tests/admin/includesUpdateCore.php" line="31" assertions="1" time="0.029953"/>
          <testcase name="test_new_files_are_not_in_old_files_array_compiled with data set #245" class="Tests_Admin_IncludesUpdateCore" classname="Tests_Admin_IncludesUpdateCore" file="/home/meng/Desktop/wptest/wordpress-develop/tests/phpunit/tests/admin/includesUpdateCore.php" line="31" assertions="1" time="0.028852"/>
          <testcase name="test_new_files_are_not_in_old_files_array_compiled with data set #246" class="Tests_Admin_IncludesUpdateCore" classname="Tests_Admin_IncludesUpdateCore" file="/home/meng/Desktop/wptest/wordpress-develop/tests/phpunit/tests/admin/includesUpdateCore.php" line="31" assertions="1" time="0.028956"/>
          <testcase name="test_new_files_are_not_in_old_files_array_compiled with data set #247" class="Tests_Admin_IncludesUpdateCore" classname="Tests_Admin_IncludesUpdateCore" file="/home/meng/Desktop/wptest/wordpress-develop/tests/phpunit/tests/admin/includesUpdateCore.php" line="31" assertions="1" time="0.029141"/>
          <testcase name="test_new_files_are_not_in_old_files_array_compiled with data set #248" class="Tests_Admin_IncludesUpdateCore" classname="Tests_Admin_IncludesUpdateCore" file="/home/meng/Desktop/wptest/wordpress-develop/tests/phpunit/tests/admin/includesUpdateCore.php" line="31" assertions="1" time="0.028276"/>
          <testcase name="test_new_files_are_not_in_old_files_array_compiled with data set #249" class="Tests_Admin_IncludesUpdateCore" classname="Tests_Admin_IncludesUpdateCore" file="/home/meng/Desktop/wptest/wordpress-develop/tests/phpunit/tests/admin/includesUpdateCore.php" line="31" assertions="1" time="0.028050"/>
          <testcase name="test_new_files_are_not_in_old_files_array_compiled with data set #250" class="Tests_Admin_IncludesUpdateCore" classname="Tests_Admin_IncludesUpdateCore" file="/home/meng/Desktop/wptest/wordpress-develop/tests/phpunit/tests/admin/includesUpdateCore.php" line="31" assertions="1" time="0.028269"/>
          <testcase name="test_new_files_are_not_in_old_files_array_compiled with data set #251" class="Tests_Admin_IncludesUpdateCore" classname="Tests_Admin_IncludesUpdateCore" file="/home/meng/Desktop/wptest/wordpress-develop/tests/phpunit/tests/admin/includesUpdateCore.php" line="31" assertions="1" time="0.028622"/>
          <testcase name="test_new_files_are_not_in_old_files_array_compiled with data set #252" class="Tests_Admin_IncludesUpdateCore" classname="Tests_Admin_IncludesUpdateCore" file="/home/meng/Desktop/wptest/wordpress-develop/tests/phpunit/tests/admin/includesUpdateCore.php" line="31" assertions="1" time="0.030234"/>
          <testcase name="test_new_files_are_not_in_old_files_array_compiled with data set #253" class="Tests_Admin_IncludesUpdateCore" classname="Tests_Admin_IncludesUpdateCore" file="/home/meng/Desktop/wptest/wordpress-develop/tests/phpunit/tests/admin/includesUpdateCore.php" line="31" assertions="1" time="0.028719"/>
          <testcase name="test_new_files_are_not_in_old_files_array_compiled with data set #254" class="Tests_Admin_IncludesUpdateCore" classname="Tests_Admin_IncludesUpdateCore" file="/home/meng/Desktop/wptest/wordpress-develop/tests/phpunit/tests/admin/includesUpdateCore.php" line="31" assertions="1" time="0.030605"/>
          <testcase name="test_new_files_are_not_in_old_files_array_compiled with data set #255" class="Tests_Admin_IncludesUpdateCore" classname="Tests_Admin_IncludesUpdateCore" file="/home/meng/Desktop/wptest/wordpress-develop/tests/phpunit/tests/admin/includesUpdateCore.php" line="31" assertions="1" time="0.030509"/>
          <testcase name="test_new_files_are_not_in_old_files_array_compiled with data set #256" class="Tests_Admin_IncludesUpdateCore" classname="Tests_Admin_IncludesUpdateCore" file="/home/meng/Desktop/wptest/wordpress-develop/tests/phpunit/tests/admin/includesUpdateCore.php" line="31" assertions="1" time="0.028892"/>
          <testcase name="test_new_files_are_not_in_old_files_array_compiled with data set #257" class="Tests_Admin_IncludesUpdateCore" classname="Tests_Admin_IncludesUpdateCore" file="/home/meng/Desktop/wptest/wordpress-develop/tests/phpunit/tests/admin/includesUpdateCore.php" line="31" assertions="1" time="0.027670"/>
          <testcase name="test_new_files_are_not_in_old_files_array_compiled with data set #258" class="Tests_Admin_IncludesUpdateCore" classname="Tests_Admin_IncludesUpdateCore" file="/home/meng/Desktop/wptest/wordpress-develop/tests/phpunit/tests/admin/includesUpdateCore.php" line="31" assertions="1" time="0.029396"/>
          <testcase name="test_new_files_are_not_in_old_files_array_compiled with data set #259" class="Tests_Admin_IncludesUpdateCore" classname="Tests_Admin_IncludesUpdateCore" file="/home/meng/Desktop/wptest/wordpress-develop/tests/phpunit/tests/admin/includesUpdateCore.php" line="31" assertions="1" time="0.029040"/>
          <testcase name="test_new_files_are_not_in_old_files_array_compiled with data set #260" class="Tests_Admin_IncludesUpdateCore" classname="Tests_Admin_IncludesUpdateCore" file="/home/meng/Desktop/wptest/wordpress-develop/tests/phpunit/tests/admin/includesUpdateCore.php" line="31" assertions="1" time="0.028480"/>
          <testcase name="test_new_files_are_not_in_old_files_array_compiled with data set #261" class="Tests_Admin_IncludesUpdateCore" classname="Tests_Admin_IncludesUpdateCore" file="/home/meng/Desktop/wptest/wordpress-develop/tests/phpunit/tests/admin/includesUpdateCore.php" line="31" assertions="1" time="0.028977"/>
          <testcase name="test_new_files_are_not_in_old_files_array_compiled with data set #262" class="Tests_Admin_IncludesUpdateCore" classname="Tests_Admin_IncludesUpdateCore" file="/home/meng/Desktop/wptest/wordpress-develop/tests/phpunit/tests/admin/includesUpdateCore.php" line="31" assertions="1" time="0.028165"/>
          <testcase name="test_new_files_are_not_in_old_files_array_compiled with data set #263" class="Tests_Admin_IncludesUpdateCore" classname="Tests_Admin_IncludesUpdateCore" file="/home/meng/Desktop/wptest/wordpress-develop/tests/phpunit/tests/admin/includesUpdateCore.php" line="31" assertions="1" time="0.028021"/>
          <testcase name="test_new_files_are_not_in_old_files_array_compiled with data set #264" class="Tests_Admin_IncludesUpdateCore" classname="Tests_Admin_IncludesUpdateCore" file="/home/meng/Desktop/wptest/wordpress-develop/tests/phpunit/tests/admin/includesUpdateCore.php" line="31" assertions="1" time="0.029044"/>
          <testcase name="test_new_files_are_not_in_old_files_array_compiled with data set #265" class="Tests_Admin_IncludesUpdateCore" classname="Tests_Admin_IncludesUpdateCore" file="/home/meng/Desktop/wptest/wordpress-develop/tests/phpunit/tests/admin/includesUpdateCore.php" line="31" assertions="1" time="0.028841"/>
          <testcase name="test_new_files_are_not_in_old_files_array_compiled with data set #266" class="Tests_Admin_IncludesUpdateCore" classname="Tests_Admin_IncludesUpdateCore" file="/home/meng/Desktop/wptest/wordpress-develop/tests/phpunit/tests/admin/includesUpdateCore.php" line="31" assertions="1" time="0.028155"/>
          <testcase name="test_new_files_are_not_in_old_files_array_compiled with data set #267" class="Tests_Admin_IncludesUpdateCore" classname="Tests_Admin_IncludesUpdateCore" file="/home/meng/Desktop/wptest/wordpress-develop/tests/phpunit/tests/admin/includesUpdateCore.php" line="31" assertions="1" time="0.028433"/>
          <testcase name="test_new_files_are_not_in_old_files_array_compiled with data set #268" class="Tests_Admin_IncludesUpdateCore" classname="Tests_Admin_IncludesUpdateCore" file="/home/meng/Desktop/wptest/wordpress-develop/tests/phpunit/tests/admin/includesUpdateCore.php" line="31" assertions="1" time="0.027831"/>
          <testcase name="test_new_files_are_not_in_old_files_array_compiled with data set #269" class="Tests_Admin_IncludesUpdateCore" classname="Tests_Admin_IncludesUpdateCore" file="/home/meng/Desktop/wptest/wordpress-develop/tests/phpunit/tests/admin/includesUpdateCore.php" line="31" assertions="1" time="0.028756"/>
          <testcase name="test_new_files_are_not_in_old_files_array_compiled with data set #270" class="Tests_Admin_IncludesUpdateCore" classname="Tests_Admin_IncludesUpdateCore" file="/home/meng/Desktop/wptest/wordpress-develop/tests/phpunit/tests/admin/includesUpdateCore.php" line="31" assertions="1" time="0.029151"/>
          <testcase name="test_new_files_are_not_in_old_files_array_compiled with data set #271" class="Tests_Admin_IncludesUpdateCore" classname="Tests_Admin_IncludesUpdateCore" file="/home/meng/Desktop/wptest/wordpress-develop/tests/phpunit/tests/admin/includesUpdateCore.php" line="31" assertions="1" time="0.030628"/>
          <testcase name="test_new_files_are_not_in_old_files_array_compiled with data set #272" class="Tests_Admin_IncludesUpdateCore" classname="Tests_Admin_IncludesUpdateCore" file="/home/meng/Desktop/wptest/wordpress-develop/tests/phpunit/tests/admin/includesUpdateCore.php" line="31" assertions="1" time="0.028825"/>
          <testcase name="test_new_files_are_not_in_old_files_array_compiled with data set #273" class="Tests_Admin_IncludesUpdateCore" classname="Tests_Admin_IncludesUpdateCore" file="/home/meng/Desktop/wptest/wordpress-develop/tests/phpunit/tests/admin/includesUpdateCore.php" line="31" assertions="1" time="0.028327"/>
          <testcase name="test_new_files_are_not_in_old_files_array_compiled with data set #274" class="Tests_Admin_IncludesUpdateCore" classname="Tests_Admin_IncludesUpdateCore" file="/home/meng/Desktop/wptest/wordpress-develop/tests/phpunit/tests/admin/includesUpdateCore.php" line="31" assertions="1" time="0.029174"/>
          <testcase name="test_new_files_are_not_in_old_files_array_compiled with data set #275" class="Tests_Admin_IncludesUpdateCore" classname="Tests_Admin_IncludesUpdateCore" file="/home/meng/Desktop/wptest/wordpress-develop/tests/phpunit/tests/admin/includesUpdateCore.php" line="31" assertions="1" time="0.039694"/>
          <testcase name="test_new_files_are_not_in_old_files_array_compiled with data set #276" class="Tests_Admin_IncludesUpdateCore" classname="Tests_Admin_IncludesUpdateCore" file="/home/meng/Desktop/wptest/wordpress-develop/tests/phpunit/tests/admin/includesUpdateCore.php" line="31" assertions="1" time="0.032318"/>
          <testcase name="test_new_files_are_not_in_old_files_array_compiled with data set #277" class="Tests_Admin_IncludesUpdateCore" classname="Tests_Admin_IncludesUpdateCore" file="/home/meng/Desktop/wptest/wordpress-develop/tests/phpunit/tests/admin/includesUpdateCore.php" line="31" assertions="1" time="0.027817"/>
          <testcase name="test_new_files_are_not_in_old_files_array_compiled with data set #278" class="Tests_Admin_IncludesUpdateCore" classname="Tests_Admin_IncludesUpdateCore" file="/home/meng/Desktop/wptest/wordpress-develop/tests/phpunit/tests/admin/includesUpdateCore.php" line="31" assertions="1" time="0.031279"/>
          <testcase name="test_new_files_are_not_in_old_files_array_compiled with data set #279" class="Tests_Admin_IncludesUpdateCore" classname="Tests_Admin_IncludesUpdateCore" file="/home/meng/Desktop/wptest/wordpress-develop/tests/phpunit/tests/admin/includesUpdateCore.php" line="31" assertions="1" time="0.030573"/>
          <testcase name="test_new_files_are_not_in_old_files_array_compiled with data set #280" class="Tests_Admin_IncludesUpdateCore" classname="Tests_Admin_IncludesUpdateCore" file="/home/meng/Desktop/wptest/wordpress-develop/tests/phpunit/tests/admin/includesUpdateCore.php" line="31" assertions="1" time="0.028414"/>
          <testcase name="test_new_files_are_not_in_old_files_array_compiled with data set #281" class="Tests_Admin_IncludesUpdateCore" classname="Tests_Admin_IncludesUpdateCore" file="/home/meng/Desktop/wptest/wordpress-develop/tests/phpunit/tests/admin/includesUpdateCore.php" line="31" assertions="1" time="0.028537"/>
          <testcase name="test_new_files_are_not_in_old_files_array_compiled with data set #282" class="Tests_Admin_IncludesUpdateCore" classname="Tests_Admin_IncludesUpdateCore" file="/home/meng/Desktop/wptest/wordpress-develop/tests/phpunit/tests/admin/includesUpdateCore.php" line="31" assertions="1" time="0.028256"/>
          <testcase name="test_new_files_are_not_in_old_files_array_compiled with data set #283" class="Tests_Admin_IncludesUpdateCore" classname="Tests_Admin_IncludesUpdateCore" file="/home/meng/Desktop/wptest/wordpress-develop/tests/phpunit/tests/admin/includesUpdateCore.php" line="31" assertions="1" time="0.028808"/>
          <testcase name="test_new_files_are_not_in_old_files_array_compiled with data set #284" class="Tests_Admin_IncludesUpdateCore" classname="Tests_Admin_IncludesUpdateCore" file="/home/meng/Desktop/wptest/wordpress-develop/tests/phpunit/tests/admin/includesUpdateCore.php" line="31" assertions="1" time="0.028202"/>
          <testcase name="test_new_files_are_not_in_old_files_array_compiled with data set #285" class="Tests_Admin_IncludesUpdateCore" classname="Tests_Admin_IncludesUpdateCore" file="/home/meng/Desktop/wptest/wordpress-develop/tests/phpunit/tests/admin/includesUpdateCore.php" line="31" assertions="1" time="0.028152"/>
          <testcase name="test_new_files_are_not_in_old_files_array_compiled with data set #286" class="Tests_Admin_IncludesUpdateCore" classname="Tests_Admin_IncludesUpdateCore" file="/home/meng/Desktop/wptest/wordpress-develop/tests/phpunit/tests/admin/includesUpdateCore.php" line="31" assertions="1" time="0.029502"/>
          <testcase name="test_new_files_are_not_in_old_files_array_compiled with data set #287" class="Tests_Admin_IncludesUpdateCore" classname="Tests_Admin_IncludesUpdateCore" file="/home/meng/Desktop/wptest/wordpress-develop/tests/phpunit/tests/admin/includesUpdateCore.php" line="31" assertions="1" time="0.030366"/>
          <testcase name="test_new_files_are_not_in_old_files_array_compiled with data set #288" class="Tests_Admin_IncludesUpdateCore" classname="Tests_Admin_IncludesUpdateCore" file="/home/meng/Desktop/wptest/wordpress-develop/tests/phpunit/tests/admin/includesUpdateCore.php" line="31" assertions="1" time="0.028434"/>
          <testcase name="test_new_files_are_not_in_old_files_array_compiled with data set #289" class="Tests_Admin_IncludesUpdateCore" classname="Tests_Admin_IncludesUpdateCore" file="/home/meng/Desktop/wptest/wordpress-develop/tests/phpunit/tests/admin/includesUpdateCore.php" line="31" assertions="1" time="0.029628"/>
          <testcase name="test_new_files_are_not_in_old_files_array_compiled with data set #290" class="Tests_Admin_IncludesUpdateCore" classname="Tests_Admin_IncludesUpdateCore" file="/home/meng/Desktop/wptest/wordpress-develop/tests/phpunit/tests/admin/includesUpdateCore.php" line="31" assertions="1" time="0.030152"/>
          <testcase name="test_new_files_are_not_in_old_files_array_compiled with data set #291" class="Tests_Admin_IncludesUpdateCore" classname="Tests_Admin_IncludesUpdateCore" file="/home/meng/Desktop/wptest/wordpress-develop/tests/phpunit/tests/admin/includesUpdateCore.php" line="31" assertions="1" time="0.027619"/>
          <testcase name="test_new_files_are_not_in_old_files_array_compiled with data set #292" class="Tests_Admin_IncludesUpdateCore" classname="Tests_Admin_IncludesUpdateCore" file="/home/meng/Desktop/wptest/wordpress-develop/tests/phpunit/tests/admin/includesUpdateCore.php" line="31" assertions="1" time="0.028973"/>
          <testcase name="test_new_files_are_not_in_old_files_array_compiled with data set #293" class="Tests_Admin_IncludesUpdateCore" classname="Tests_Admin_IncludesUpdateCore" file="/home/meng/Desktop/wptest/wordpress-develop/tests/phpunit/tests/admin/includesUpdateCore.php" line="31" assertions="1" time="0.030001"/>
          <testcase name="test_new_files_are_not_in_old_files_array_compiled with data set #294" class="Tests_Admin_IncludesUpdateCore" classname="Tests_Admin_IncludesUpdateCore" file="/home/meng/Desktop/wptest/wordpress-develop/tests/phpunit/tests/admin/includesUpdateCore.php" line="31" assertions="1" time="0.028001"/>
          <testcase name="test_new_files_are_not_in_old_files_array_compiled with data set #295" class="Tests_Admin_IncludesUpdateCore" classname="Tests_Admin_IncludesUpdateCore" file="/home/meng/Desktop/wptest/wordpress-develop/tests/phpunit/tests/admin/includesUpdateCore.php" line="31" assertions="1" time="0.028820"/>
          <testcase name="test_new_files_are_not_in_old_files_array_compiled with data set #296" class="Tests_Admin_IncludesUpdateCore" classname="Tests_Admin_IncludesUpdateCore" file="/home/meng/Desktop/wptest/wordpress-develop/tests/phpunit/tests/admin/includesUpdateCore.php" line="31" assertions="1" time="0.028784"/>
          <testcase name="test_new_files_are_not_in_old_files_array_compiled with data set #297" class="Tests_Admin_IncludesUpdateCore" classname="Tests_Admin_IncludesUpdateCore" file="/home/meng/Desktop/wptest/wordpress-develop/tests/phpunit/tests/admin/includesUpdateCore.php" line="31" assertions="1" time="0.027782"/>
          <testcase name="test_new_files_are_not_in_old_files_array_compiled with data set #298" class="Tests_Admin_IncludesUpdateCore" classname="Tests_Admin_IncludesUpdateCore" file="/home/meng/Desktop/wptest/wordpress-develop/tests/phpunit/tests/admin/includesUpdateCore.php" line="31" assertions="1" time="0.028074"/>
          <testcase name="test_new_files_are_not_in_old_files_array_compiled with data set #299" class="Tests_Admin_IncludesUpdateCore" classname="Tests_Admin_IncludesUpdateCore" file="/home/meng/Desktop/wptest/wordpress-develop/tests/phpunit/tests/admin/includesUpdateCore.php" line="31" assertions="1" time="0.028361"/>
          <testcase name="test_new_files_are_not_in_old_files_array_compiled with data set #300" class="Tests_Admin_IncludesUpdateCore" classname="Tests_Admin_IncludesUpdateCore" file="/home/meng/Desktop/wptest/wordpress-develop/tests/phpunit/tests/admin/includesUpdateCore.php" line="31" assertions="1" time="0.029791"/>
          <testcase name="test_new_files_are_not_in_old_files_array_compiled with data set #301" class="Tests_Admin_IncludesUpdateCore" classname="Tests_Admin_IncludesUpdateCore" file="/home/meng/Desktop/wptest/wordpress-develop/tests/phpunit/tests/admin/includesUpdateCore.php" line="31" assertions="1" time="0.028131"/>
          <testcase name="test_new_files_are_not_in_old_files_array_compiled with data set #302" class="Tests_Admin_IncludesUpdateCore" classname="Tests_Admin_IncludesUpdateCore" file="/home/meng/Desktop/wptest/wordpress-develop/tests/phpunit/tests/admin/includesUpdateCore.php" line="31" assertions="1" time="0.028669"/>
          <testcase name="test_new_files_are_not_in_old_files_array_compiled with data set #303" class="Tests_Admin_IncludesUpdateCore" classname="Tests_Admin_IncludesUpdateCore" file="/home/meng/Desktop/wptest/wordpress-develop/tests/phpunit/tests/admin/includesUpdateCore.php" line="31" assertions="1" time="0.029650"/>
          <testcase name="test_new_files_are_not_in_old_files_array_compiled with data set #304" class="Tests_Admin_IncludesUpdateCore" classname="Tests_Admin_IncludesUpdateCore" file="/home/meng/Desktop/wptest/wordpress-develop/tests/phpunit/tests/admin/includesUpdateCore.php" line="31" assertions="1" time="0.028273"/>
          <testcase name="test_new_files_are_not_in_old_files_array_compiled with data set #305" class="Tests_Admin_IncludesUpdateCore" classname="Tests_Admin_IncludesUpdateCore" file="/home/meng/Desktop/wptest/wordpress-develop/tests/phpunit/tests/admin/includesUpdateCore.php" line="31" assertions="1" time="0.027932"/>
          <testcase name="test_new_files_are_not_in_old_files_array_compiled with data set #306" class="Tests_Admin_IncludesUpdateCore" classname="Tests_Admin_IncludesUpdateCore" file="/home/meng/Desktop/wptest/wordpress-develop/tests/phpunit/tests/admin/includesUpdateCore.php" line="31" assertions="1" time="0.029148"/>
          <testcase name="test_new_files_are_not_in_old_files_array_compiled with data set #307" class="Tests_Admin_IncludesUpdateCore" classname="Tests_Admin_IncludesUpdateCore" file="/home/meng/Desktop/wptest/wordpress-develop/tests/phpunit/tests/admin/includesUpdateCore.php" line="31" assertions="1" time="0.028517"/>
          <testcase name="test_new_files_are_not_in_old_files_array_compiled with data set #308" class="Tests_Admin_IncludesUpdateCore" classname="Tests_Admin_IncludesUpdateCore" file="/home/meng/Desktop/wptest/wordpress-develop/tests/phpunit/tests/admin/includesUpdateCore.php" line="31" assertions="1" time="0.028140"/>
          <testcase name="test_new_files_are_not_in_old_files_array_compiled with data set #309" class="Tests_Admin_IncludesUpdateCore" classname="Tests_Admin_IncludesUpdateCore" file="/home/meng/Desktop/wptest/wordpress-develop/tests/phpunit/tests/admin/includesUpdateCore.php" line="31" assertions="1" time="0.027909"/>
          <testcase name="test_new_files_are_not_in_old_files_array_compiled with data set #310" class="Tests_Admin_IncludesUpdateCore" classname="Tests_Admin_IncludesUpdateCore" file="/home/meng/Desktop/wptest/wordpress-develop/tests/phpunit/tests/admin/includesUpdateCore.php" line="31" assertions="1" time="0.030830"/>
          <testcase name="test_new_files_are_not_in_old_files_array_compiled with data set #311" class="Tests_Admin_IncludesUpdateCore" classname="Tests_Admin_IncludesUpdateCore" file="/home/meng/Desktop/wptest/wordpress-develop/tests/phpunit/tests/admin/includesUpdateCore.php" line="31" assertions="1" time="0.029474"/>
          <testcase name="test_new_files_are_not_in_old_files_array_compiled with data set #312" class="Tests_Admin_IncludesUpdateCore" classname="Tests_Admin_IncludesUpdateCore" file="/home/meng/Desktop/wptest/wordpress-develop/tests/phpunit/tests/admin/includesUpdateCore.php" line="31" assertions="1" time="0.029659"/>
          <testcase name="test_new_files_are_not_in_old_files_array_compiled with data set #313" class="Tests_Admin_IncludesUpdateCore" classname="Tests_Admin_IncludesUpdateCore" file="/home/meng/Desktop/wptest/wordpress-develop/tests/phpunit/tests/admin/includesUpdateCore.php" line="31" assertions="1" time="0.030994"/>
          <testcase name="test_new_files_are_not_in_old_files_array_compiled with data set #314" class="Tests_Admin_IncludesUpdateCore" classname="Tests_Admin_IncludesUpdateCore" file="/home/meng/Desktop/wptest/wordpress-develop/tests/phpunit/tests/admin/includesUpdateCore.php" line="31" assertions="1" time="0.029051"/>
          <testcase name="test_new_files_are_not_in_old_files_array_compiled with data set #315" class="Tests_Admin_IncludesUpdateCore" classname="Tests_Admin_IncludesUpdateCore" file="/home/meng/Desktop/wptest/wordpress-develop/tests/phpunit/tests/admin/includesUpdateCore.php" line="31" assertions="1" time="0.029799"/>
          <testcase name="test_new_files_are_not_in_old_files_array_compiled with data set #316" class="Tests_Admin_IncludesUpdateCore" classname="Tests_Admin_IncludesUpdateCore" file="/home/meng/Desktop/wptest/wordpress-develop/tests/phpunit/tests/admin/includesUpdateCore.php" line="31" assertions="1" time="0.028180"/>
          <testcase name="test_new_files_are_not_in_old_files_array_compiled with data set #317" class="Tests_Admin_IncludesUpdateCore" classname="Tests_Admin_IncludesUpdateCore" file="/home/meng/Desktop/wptest/wordpress-develop/tests/phpunit/tests/admin/includesUpdateCore.php" line="31" assertions="1" time="0.027821"/>
          <testcase name="test_new_files_are_not_in_old_files_array_compiled with data set #318" class="Tests_Admin_IncludesUpdateCore" classname="Tests_Admin_IncludesUpdateCore" file="/home/meng/Desktop/wptest/wordpress-develop/tests/phpunit/tests/admin/includesUpdateCore.php" line="31" assertions="1" time="0.029621"/>
          <testcase name="test_new_files_are_not_in_old_files_array_compiled with data set #319" class="Tests_Admin_IncludesUpdateCore" classname="Tests_Admin_IncludesUpdateCore" file="/home/meng/Desktop/wptest/wordpress-develop/tests/phpunit/tests/admin/includesUpdateCore.php" line="31" assertions="1" time="0.028766"/>
          <testcase name="test_new_files_are_not_in_old_files_array_compiled with data set #320" class="Tests_Admin_IncludesUpdateCore" classname="Tests_Admin_IncludesUpdateCore" file="/home/meng/Desktop/wptest/wordpress-develop/tests/phpunit/tests/admin/includesUpdateCore.php" line="31" assertions="1" time="0.028673"/>
          <testcase name="test_new_files_are_not_in_old_files_array_compiled with data set #321" class="Tests_Admin_IncludesUpdateCore" classname="Tests_Admin_IncludesUpdateCore" file="/home/meng/Desktop/wptest/wordpress-develop/tests/phpunit/tests/admin/includesUpdateCore.php" line="31" assertions="1" time="0.028001"/>
          <testcase name="test_new_files_are_not_in_old_files_array_compiled with data set #322" class="Tests_Admin_IncludesUpdateCore" classname="Tests_Admin_IncludesUpdateCore" file="/home/meng/Desktop/wptest/wordpress-develop/tests/phpunit/tests/admin/includesUpdateCore.php" line="31" assertions="1" time="0.028672"/>
          <testcase name="test_new_files_are_not_in_old_files_array_compiled with data set #323" class="Tests_Admin_IncludesUpdateCore" classname="Tests_Admin_IncludesUpdateCore" file="/home/meng/Desktop/wptest/wordpress-develop/tests/phpunit/tests/admin/includesUpdateCore.php" line="31" assertions="1" time="0.029483"/>
          <testcase name="test_new_files_are_not_in_old_files_array_compiled with data set #324" class="Tests_Admin_IncludesUpdateCore" classname="Tests_Admin_IncludesUpdateCore" file="/home/meng/Desktop/wptest/wordpress-develop/tests/phpunit/tests/admin/includesUpdateCore.php" line="31" assertions="1" time="0.027861"/>
          <testcase name="test_new_files_are_not_in_old_files_array_compiled with data set #325" class="Tests_Admin_IncludesUpdateCore" classname="Tests_Admin_IncludesUpdateCore" file="/home/meng/Desktop/wptest/wordpress-develop/tests/phpunit/tests/admin/includesUpdateCore.php" line="31" assertions="1" time="0.028185"/>
          <testcase name="test_new_files_are_not_in_old_files_array_compiled with data set #326" class="Tests_Admin_IncludesUpdateCore" classname="Tests_Admin_IncludesUpdateCore" file="/home/meng/Desktop/wptest/wordpress-develop/tests/phpunit/tests/admin/includesUpdateCore.php" line="31" assertions="1" time="0.028036"/>
          <testcase name="test_new_files_are_not_in_old_files_array_compiled with data set #327" class="Tests_Admin_IncludesUpdateCore" classname="Tests_Admin_IncludesUpdateCore" file="/home/meng/Desktop/wptest/wordpress-develop/tests/phpunit/tests/admin/includesUpdateCore.php" line="31" assertions="1" time="0.030526"/>
          <testcase name="test_new_files_are_not_in_old_files_array_compiled with data set #328" class="Tests_Admin_IncludesUpdateCore" classname="Tests_Admin_IncludesUpdateCore" file="/home/meng/Desktop/wptest/wordpress-develop/tests/phpunit/tests/admin/includesUpdateCore.php" line="31" assertions="1" time="0.031968"/>
          <testcase name="test_new_files_are_not_in_old_files_array_compiled with data set #329" class="Tests_Admin_IncludesUpdateCore" classname="Tests_Admin_IncludesUpdateCore" file="/home/meng/Desktop/wptest/wordpress-develop/tests/phpunit/tests/admin/includesUpdateCore.php" line="31" assertions="1" time="0.030707"/>
          <testcase name="test_new_files_are_not_in_old_files_array_compiled with data set #330" class="Tests_Admin_IncludesUpdateCore" classname="Tests_Admin_IncludesUpdateCore" file="/home/meng/Desktop/wptest/wordpress-develop/tests/phpunit/tests/admin/includesUpdateCore.php" line="31" assertions="1" time="0.033540"/>
          <testcase name="test_new_files_are_not_in_old_files_array_compiled with data set #331" class="Tests_Admin_IncludesUpdateCore" classname="Tests_Admin_IncludesUpdateCore" file="/home/meng/Desktop/wptest/wordpress-develop/tests/phpunit/tests/admin/includesUpdateCore.php" line="31" assertions="1" time="0.030556"/>
          <testcase name="test_new_files_are_not_in_old_files_array_compiled with data set #332" class="Tests_Admin_IncludesUpdateCore" classname="Tests_Admin_IncludesUpdateCore" file="/home/meng/Desktop/wptest/wordpress-develop/tests/phpunit/tests/admin/includesUpdateCore.php" line="31" assertions="1" time="0.029259"/>
          <testcase name="test_new_files_are_not_in_old_files_array_compiled with data set #333" class="Tests_Admin_IncludesUpdateCore" classname="Tests_Admin_IncludesUpdateCore" file="/home/meng/Desktop/wptest/wordpress-develop/tests/phpunit/tests/admin/includesUpdateCore.php" line="31" assertions="1" time="0.029333"/>
          <testcase name="test_new_files_are_not_in_old_files_array_compiled with data set #334" class="Tests_Admin_IncludesUpdateCore" classname="Tests_Admin_IncludesUpdateCore" file="/home/meng/Desktop/wptest/wordpress-develop/tests/phpunit/tests/admin/includesUpdateCore.php" line="31" assertions="1" time="0.030454"/>
          <testcase name="test_new_files_are_not_in_old_files_array_compiled with data set #335" class="Tests_Admin_IncludesUpdateCore" classname="Tests_Admin_IncludesUpdateCore" file="/home/meng/Desktop/wptest/wordpress-develop/tests/phpunit/tests/admin/includesUpdateCore.php" line="31" assertions="1" time="0.028022"/>
          <testcase name="test_new_files_are_not_in_old_files_array_compiled with data set #336" class="Tests_Admin_IncludesUpdateCore" classname="Tests_Admin_IncludesUpdateCore" file="/home/meng/Desktop/wptest/wordpress-develop/tests/phpunit/tests/admin/includesUpdateCore.php" line="31" assertions="1" time="0.029319"/>
          <testcase name="test_new_files_are_not_in_old_files_array_compiled with data set #337" class="Tests_Admin_IncludesUpdateCore" classname="Tests_Admin_IncludesUpdateCore" file="/home/meng/Desktop/wptest/wordpress-develop/tests/phpunit/tests/admin/includesUpdateCore.php" line="31" assertions="1" time="0.028494"/>
          <testcase name="test_new_files_are_not_in_old_files_array_compiled with data set #338" class="Tests_Admin_IncludesUpdateCore" classname="Tests_Admin_IncludesUpdateCore" file="/home/meng/Desktop/wptest/wordpress-develop/tests/phpunit/tests/admin/includesUpdateCore.php" line="31" assertions="1" time="0.030126"/>
          <testcase name="test_new_files_are_not_in_old_files_array_compiled with data set #339" class="Tests_Admin_IncludesUpdateCore" classname="Tests_Admin_IncludesUpdateCore" file="/home/meng/Desktop/wptest/wordpress-develop/tests/phpunit/tests/admin/includesUpdateCore.php" line="31" assertions="1" time="0.029295"/>
          <testcase name="test_new_files_are_not_in_old_files_array_compiled with data set #340" class="Tests_Admin_IncludesUpdateCore" classname="Tests_Admin_IncludesUpdateCore" file="/home/meng/Desktop/wptest/wordpress-develop/tests/phpunit/tests/admin/includesUpdateCore.php" line="31" assertions="1" time="0.029720"/>
          <testcase name="test_new_files_are_not_in_old_files_array_compiled with data set #341" class="Tests_Admin_IncludesUpdateCore" classname="Tests_Admin_IncludesUpdateCore" file="/home/meng/Desktop/wptest/wordpress-develop/tests/phpunit/tests/admin/includesUpdateCore.php" line="31" assertions="1" time="0.028208"/>
          <testcase name="test_new_files_are_not_in_old_files_array_compiled with data set #342" class="Tests_Admin_IncludesUpdateCore" classname="Tests_Admin_IncludesUpdateCore" file="/home/meng/Desktop/wptest/wordpress-develop/tests/phpunit/tests/admin/includesUpdateCore.php" line="31" assertions="1" time="0.029600"/>
          <testcase name="test_new_files_are_not_in_old_files_array_compiled with data set #343" class="Tests_Admin_IncludesUpdateCore" classname="Tests_Admin_IncludesUpdateCore" file="/home/meng/Desktop/wptest/wordpress-develop/tests/phpunit/tests/admin/includesUpdateCore.php" line="31" assertions="1" time="0.030704"/>
          <testcase name="test_new_files_are_not_in_old_files_array_compiled with data set #344" class="Tests_Admin_IncludesUpdateCore" classname="Tests_Admin_IncludesUpdateCore" file="/home/meng/Desktop/wptest/wordpress-develop/tests/phpunit/tests/admin/includesUpdateCore.php" line="31" assertions="1" time="0.028069"/>
          <testcase name="test_new_files_are_not_in_old_files_array_compiled with data set #345" class="Tests_Admin_IncludesUpdateCore" classname="Tests_Admin_IncludesUpdateCore" file="/home/meng/Desktop/wptest/wordpress-develop/tests/phpunit/tests/admin/includesUpdateCore.php" line="31" assertions="1" time="0.028883"/>
          <testcase name="test_new_files_are_not_in_old_files_array_compiled with data set #346" class="Tests_Admin_IncludesUpdateCore" classname="Tests_Admin_IncludesUpdateCore" file="/home/meng/Desktop/wptest/wordpress-develop/tests/phpunit/tests/admin/includesUpdateCore.php" line="31" assertions="1" time="0.028660"/>
          <testcase name="test_new_files_are_not_in_old_files_array_compiled with data set #347" class="Tests_Admin_IncludesUpdateCore" classname="Tests_Admin_IncludesUpdateCore" file="/home/meng/Desktop/wptest/wordpress-develop/tests/phpunit/tests/admin/includesUpdateCore.php" line="31" assertions="1" time="0.028293"/>
          <testcase name="test_new_files_are_not_in_old_files_array_compiled with data set #348" class="Tests_Admin_IncludesUpdateCore" classname="Tests_Admin_IncludesUpdateCore" file="/home/meng/Desktop/wptest/wordpress-develop/tests/phpunit/tests/admin/includesUpdateCore.php" line="31" assertions="1" time="0.028096"/>
          <testcase name="test_new_files_are_not_in_old_files_array_compiled with data set #349" class="Tests_Admin_IncludesUpdateCore" classname="Tests_Admin_IncludesUpdateCore" file="/home/meng/Desktop/wptest/wordpress-develop/tests/phpunit/tests/admin/includesUpdateCore.php" line="31" assertions="1" time="0.032002"/>
          <testcase name="test_new_files_are_not_in_old_files_array_compiled with data set #350" class="Tests_Admin_IncludesUpdateCore" classname="Tests_Admin_IncludesUpdateCore" file="/home/meng/Desktop/wptest/wordpress-develop/tests/phpunit/tests/admin/includesUpdateCore.php" line="31" assertions="1" time="0.028455"/>
          <testcase name="test_new_files_are_not_in_old_files_array_compiled with data set #351" class="Tests_Admin_IncludesUpdateCore" classname="Tests_Admin_IncludesUpdateCore" file="/home/meng/Desktop/wptest/wordpress-develop/tests/phpunit/tests/admin/includesUpdateCore.php" line="31" assertions="1" time="0.028265"/>
          <testcase name="test_new_files_are_not_in_old_files_array_compiled with data set #352" class="Tests_Admin_IncludesUpdateCore" classname="Tests_Admin_IncludesUpdateCore" file="/home/meng/Desktop/wptest/wordpress-develop/tests/phpunit/tests/admin/includesUpdateCore.php" line="31" assertions="1" time="0.028107"/>
          <testcase name="test_new_files_are_not_in_old_files_array_compiled with data set #353" class="Tests_Admin_IncludesUpdateCore" classname="Tests_Admin_IncludesUpdateCore" file="/home/meng/Desktop/wptest/wordpress-develop/tests/phpunit/tests/admin/includesUpdateCore.php" line="31" assertions="1" time="0.028745"/>
          <testcase name="test_new_files_are_not_in_old_files_array_compiled with data set #354" class="Tests_Admin_IncludesUpdateCore" classname="Tests_Admin_IncludesUpdateCore" file="/home/meng/Desktop/wptest/wordpress-develop/tests/phpunit/tests/admin/includesUpdateCore.php" line="31" assertions="1" time="0.032149"/>
          <testcase name="test_new_files_are_not_in_old_files_array_compiled with data set #355" class="Tests_Admin_IncludesUpdateCore" classname="Tests_Admin_IncludesUpdateCore" file="/home/meng/Desktop/wptest/wordpress-develop/tests/phpunit/tests/admin/includesUpdateCore.php" line="31" assertions="1" time="0.028469"/>
          <testcase name="test_new_files_are_not_in_old_files_array_compiled with data set #356" class="Tests_Admin_IncludesUpdateCore" classname="Tests_Admin_IncludesUpdateCore" file="/home/meng/Desktop/wptest/wordpress-develop/tests/phpunit/tests/admin/includesUpdateCore.php" line="31" assertions="1" time="0.030285"/>
          <testcase name="test_new_files_are_not_in_old_files_array_compiled with data set #357" class="Tests_Admin_IncludesUpdateCore" classname="Tests_Admin_IncludesUpdateCore" file="/home/meng/Desktop/wptest/wordpress-develop/tests/phpunit/tests/admin/includesUpdateCore.php" line="31" assertions="1" time="0.027987"/>
          <testcase name="test_new_files_are_not_in_old_files_array_compiled with data set #358" class="Tests_Admin_IncludesUpdateCore" classname="Tests_Admin_IncludesUpdateCore" file="/home/meng/Desktop/wptest/wordpress-develop/tests/phpunit/tests/admin/includesUpdateCore.php" line="31" assertions="1" time="0.028955"/>
          <testcase name="test_new_files_are_not_in_old_files_array_compiled with data set #359" class="Tests_Admin_IncludesUpdateCore" classname="Tests_Admin_IncludesUpdateCore" file="/home/meng/Desktop/wptest/wordpress-develop/tests/phpunit/tests/admin/includesUpdateCore.php" line="31" assertions="1" time="0.029606"/>
          <testcase name="test_new_files_are_not_in_old_files_array_compiled with data set #360" class="Tests_Admin_IncludesUpdateCore" classname="Tests_Admin_IncludesUpdateCore" file="/home/meng/Desktop/wptest/wordpress-develop/tests/phpunit/tests/admin/includesUpdateCore.php" line="31" assertions="1" time="0.028211"/>
          <testcase name="test_new_files_are_not_in_old_files_array_compiled with data set #361" class="Tests_Admin_IncludesUpdateCore" classname="Tests_Admin_IncludesUpdateCore" file="/home/meng/Desktop/wptest/wordpress-develop/tests/phpunit/tests/admin/includesUpdateCore.php" line="31" assertions="1" time="0.031710"/>
          <testcase name="test_new_files_are_not_in_old_files_array_compiled with data set #362" class="Tests_Admin_IncludesUpdateCore" classname="Tests_Admin_IncludesUpdateCore" file="/home/meng/Desktop/wptest/wordpress-develop/tests/phpunit/tests/admin/includesUpdateCore.php" line="31" assertions="1" time="0.028277"/>
          <testcase name="test_new_files_are_not_in_old_files_array_compiled with data set #363" class="Tests_Admin_IncludesUpdateCore" classname="Tests_Admin_IncludesUpdateCore" file="/home/meng/Desktop/wptest/wordpress-develop/tests/phpunit/tests/admin/includesUpdateCore.php" line="31" assertions="1" time="0.027978"/>
          <testcase name="test_new_files_are_not_in_old_files_array_compiled with data set #364" class="Tests_Admin_IncludesUpdateCore" classname="Tests_Admin_IncludesUpdateCore" file="/home/meng/Desktop/wptest/wordpress-develop/tests/phpunit/tests/admin/includesUpdateCore.php" line="31" assertions="1" time="0.028222"/>
          <testcase name="test_new_files_are_not_in_old_files_array_compiled with data set #365" class="Tests_Admin_IncludesUpdateCore" classname="Tests_Admin_IncludesUpdateCore" file="/home/meng/Desktop/wptest/wordpress-develop/tests/phpunit/tests/admin/includesUpdateCore.php" line="31" assertions="1" time="0.030068"/>
          <testcase name="test_new_files_are_not_in_old_files_array_compiled with data set #366" class="Tests_Admin_IncludesUpdateCore" classname="Tests_Admin_IncludesUpdateCore" file="/home/meng/Desktop/wptest/wordpress-develop/tests/phpunit/tests/admin/includesUpdateCore.php" line="31" assertions="1" time="0.030449"/>
          <testcase name="test_new_files_are_not_in_old_files_array_compiled with data set #367" class="Tests_Admin_IncludesUpdateCore" classname="Tests_Admin_IncludesUpdateCore" file="/home/meng/Desktop/wptest/wordpress-develop/tests/phpunit/tests/admin/includesUpdateCore.php" line="31" assertions="1" time="0.028110"/>
          <testcase name="test_new_files_are_not_in_old_files_array_compiled with data set #368" class="Tests_Admin_IncludesUpdateCore" classname="Tests_Admin_IncludesUpdateCore" file="/home/meng/Desktop/wptest/wordpress-develop/tests/phpunit/tests/admin/includesUpdateCore.php" line="31" assertions="1" time="0.032351"/>
          <testcase name="test_new_files_are_not_in_old_files_array_compiled with data set #369" class="Tests_Admin_IncludesUpdateCore" classname="Tests_Admin_IncludesUpdateCore" file="/home/meng/Desktop/wptest/wordpress-develop/tests/phpunit/tests/admin/includesUpdateCore.php" line="31" assertions="1" time="0.028549"/>
          <testcase name="test_new_files_are_not_in_old_files_array_compiled with data set #370" class="Tests_Admin_IncludesUpdateCore" classname="Tests_Admin_IncludesUpdateCore" file="/home/meng/Desktop/wptest/wordpress-develop/tests/phpunit/tests/admin/includesUpdateCore.php" line="31" assertions="1" time="0.028526"/>
          <testcase name="test_new_files_are_not_in_old_files_array_compiled with data set #371" class="Tests_Admin_IncludesUpdateCore" classname="Tests_Admin_IncludesUpdateCore" file="/home/meng/Desktop/wptest/wordpress-develop/tests/phpunit/tests/admin/includesUpdateCore.php" line="31" assertions="1" time="0.029534"/>
          <testcase name="test_new_files_are_not_in_old_files_array_compiled with data set #372" class="Tests_Admin_IncludesUpdateCore" classname="Tests_Admin_IncludesUpdateCore" file="/home/meng/Desktop/wptest/wordpress-develop/tests/phpunit/tests/admin/includesUpdateCore.php" line="31" assertions="1" time="0.029947"/>
          <testcase name="test_new_files_are_not_in_old_files_array_compiled with data set #373" class="Tests_Admin_IncludesUpdateCore" classname="Tests_Admin_IncludesUpdateCore" file="/home/meng/Desktop/wptest/wordpress-develop/tests/phpunit/tests/admin/includesUpdateCore.php" line="31" assertions="1" time="0.029167"/>
          <testcase name="test_new_files_are_not_in_old_files_array_compiled with data set #374" class="Tests_Admin_IncludesUpdateCore" classname="Tests_Admin_IncludesUpdateCore" file="/home/meng/Desktop/wptest/wordpress-develop/tests/phpunit/tests/admin/includesUpdateCore.php" line="31" assertions="1" time="0.029272"/>
          <testcase name="test_new_files_are_not_in_old_files_array_compiled with data set #375" class="Tests_Admin_IncludesUpdateCore" classname="Tests_Admin_IncludesUpdateCore" file="/home/meng/Desktop/wptest/wordpress-develop/tests/phpunit/tests/admin/includesUpdateCore.php" line="31" assertions="1" time="0.028451"/>
          <testcase name="test_new_files_are_not_in_old_files_array_compiled with data set #376" class="Tests_Admin_IncludesUpdateCore" classname="Tests_Admin_IncludesUpdateCore" file="/home/meng/Desktop/wptest/wordpress-develop/tests/phpunit/tests/admin/includesUpdateCore.php" line="31" assertions="1" time="0.028671"/>
          <testcase name="test_new_files_are_not_in_old_files_array_compiled with data set #377" class="Tests_Admin_IncludesUpdateCore" classname="Tests_Admin_IncludesUpdateCore" file="/home/meng/Desktop/wptest/wordpress-develop/tests/phpunit/tests/admin/includesUpdateCore.php" line="31" assertions="1" time="0.028824"/>
          <testcase name="test_new_files_are_not_in_old_files_array_compiled with data set #378" class="Tests_Admin_IncludesUpdateCore" classname="Tests_Admin_IncludesUpdateCore" file="/home/meng/Desktop/wptest/wordpress-develop/tests/phpunit/tests/admin/includesUpdateCore.php" line="31" assertions="1" time="0.028438"/>
          <testcase name="test_new_files_are_not_in_old_files_array_compiled with data set #379" class="Tests_Admin_IncludesUpdateCore" classname="Tests_Admin_IncludesUpdateCore" file="/home/meng/Desktop/wptest/wordpress-develop/tests/phpunit/tests/admin/includesUpdateCore.php" line="31" assertions="1" time="0.028424"/>
          <testcase name="test_new_files_are_not_in_old_files_array_compiled with data set #380" class="Tests_Admin_IncludesUpdateCore" classname="Tests_Admin_IncludesUpdateCore" file="/home/meng/Desktop/wptest/wordpress-develop/tests/phpunit/tests/admin/includesUpdateCore.php" line="31" assertions="1" time="0.028215"/>
          <testcase name="test_new_files_are_not_in_old_files_array_compiled with data set #381" class="Tests_Admin_IncludesUpdateCore" classname="Tests_Admin_IncludesUpdateCore" file="/home/meng/Desktop/wptest/wordpress-develop/tests/phpunit/tests/admin/includesUpdateCore.php" line="31" assertions="1" time="0.029990"/>
          <testcase name="test_new_files_are_not_in_old_files_array_compiled with data set #382" class="Tests_Admin_IncludesUpdateCore" classname="Tests_Admin_IncludesUpdateCore" file="/home/meng/Desktop/wptest/wordpress-develop/tests/phpunit/tests/admin/includesUpdateCore.php" line="31" assertions="1" time="0.028923"/>
          <testcase name="test_new_files_are_not_in_old_files_array_compiled with data set #383" class="Tests_Admin_IncludesUpdateCore" classname="Tests_Admin_IncludesUpdateCore" file="/home/meng/Desktop/wptest/wordpress-develop/tests/phpunit/tests/admin/includesUpdateCore.php" line="31" assertions="1" time="0.028568"/>
          <testcase name="test_new_files_are_not_in_old_files_array_compiled with data set #384" class="Tests_Admin_IncludesUpdateCore" classname="Tests_Admin_IncludesUpdateCore" file="/home/meng/Desktop/wptest/wordpress-develop/tests/phpunit/tests/admin/includesUpdateCore.php" line="31" assertions="1" time="0.029568"/>
          <testcase name="test_new_files_are_not_in_old_files_array_compiled with data set #385" class="Tests_Admin_IncludesUpdateCore" classname="Tests_Admin_IncludesUpdateCore" file="/home/meng/Desktop/wptest/wordpress-develop/tests/phpunit/tests/admin/includesUpdateCore.php" line="31" assertions="1" time="0.037660"/>
          <testcase name="test_new_files_are_not_in_old_files_array_compiled with data set #386" class="Tests_Admin_IncludesUpdateCore" classname="Tests_Admin_IncludesUpdateCore" file="/home/meng/Desktop/wptest/wordpress-develop/tests/phpunit/tests/admin/includesUpdateCore.php" line="31" assertions="1" time="0.028437"/>
          <testcase name="test_new_files_are_not_in_old_files_array_compiled with data set #387" class="Tests_Admin_IncludesUpdateCore" classname="Tests_Admin_IncludesUpdateCore" file="/home/meng/Desktop/wptest/wordpress-develop/tests/phpunit/tests/admin/includesUpdateCore.php" line="31" assertions="1" time="0.028195"/>
          <testcase name="test_new_files_are_not_in_old_files_array_compiled with data set #388" class="Tests_Admin_IncludesUpdateCore" classname="Tests_Admin_IncludesUpdateCore" file="/home/meng/Desktop/wptest/wordpress-develop/tests/phpunit/tests/admin/includesUpdateCore.php" line="31" assertions="1" time="0.028237"/>
          <testcase name="test_new_files_are_not_in_old_files_array_compiled with data set #389" class="Tests_Admin_IncludesUpdateCore" classname="Tests_Admin_IncludesUpdateCore" file="/home/meng/Desktop/wptest/wordpress-develop/tests/phpunit/tests/admin/includesUpdateCore.php" line="31" assertions="1" time="0.028607"/>
          <testcase name="test_new_files_are_not_in_old_files_array_compiled with data set #390" class="Tests_Admin_IncludesUpdateCore" classname="Tests_Admin_IncludesUpdateCore" file="/home/meng/Desktop/wptest/wordpress-develop/tests/phpunit/tests/admin/includesUpdateCore.php" line="31" assertions="1" time="0.031908"/>
          <testcase name="test_new_files_are_not_in_old_files_array_compiled with data set #391" class="Tests_Admin_IncludesUpdateCore" classname="Tests_Admin_IncludesUpdateCore" file="/home/meng/Desktop/wptest/wordpress-develop/tests/phpunit/tests/admin/includesUpdateCore.php" line="31" assertions="1" time="0.029221"/>
          <testcase name="test_new_files_are_not_in_old_files_array_compiled with data set #392" class="Tests_Admin_IncludesUpdateCore" classname="Tests_Admin_IncludesUpdateCore" file="/home/meng/Desktop/wptest/wordpress-develop/tests/phpunit/tests/admin/includesUpdateCore.php" line="31" assertions="1" time="0.028195"/>
          <testcase name="test_new_files_are_not_in_old_files_array_compiled with data set #393" class="Tests_Admin_IncludesUpdateCore" classname="Tests_Admin_IncludesUpdateCore" file="/home/meng/Desktop/wptest/wordpress-develop/tests/phpunit/tests/admin/includesUpdateCore.php" line="31" assertions="1" time="0.028180"/>
          <testcase name="test_new_files_are_not_in_old_files_array_compiled with data set #394" class="Tests_Admin_IncludesUpdateCore" classname="Tests_Admin_IncludesUpdateCore" file="/home/meng/Desktop/wptest/wordpress-develop/tests/phpunit/tests/admin/includesUpdateCore.php" line="31" assertions="1" time="0.028059"/>
          <testcase name="test_new_files_are_not_in_old_files_array_compiled with data set #395" class="Tests_Admin_IncludesUpdateCore" classname="Tests_Admin_IncludesUpdateCore" file="/home/meng/Desktop/wptest/wordpress-develop/tests/phpunit/tests/admin/includesUpdateCore.php" line="31" assertions="1" time="0.028922"/>
          <testcase name="test_new_files_are_not_in_old_files_array_compiled with data set #396" class="Tests_Admin_IncludesUpdateCore" classname="Tests_Admin_IncludesUpdateCore" file="/home/meng/Desktop/wptest/wordpress-develop/tests/phpunit/tests/admin/includesUpdateCore.php" line="31" assertions="1" time="0.029561"/>
          <testcase name="test_new_files_are_not_in_old_files_array_compiled with data set #397" class="Tests_Admin_IncludesUpdateCore" classname="Tests_Admin_IncludesUpdateCore" file="/home/meng/Desktop/wptest/wordpress-develop/tests/phpunit/tests/admin/includesUpdateCore.php" line="31" assertions="1" time="0.031113"/>
          <testcase name="test_new_files_are_not_in_old_files_array_compiled with data set #398" class="Tests_Admin_IncludesUpdateCore" classname="Tests_Admin_IncludesUpdateCore" file="/home/meng/Desktop/wptest/wordpress-develop/tests/phpunit/tests/admin/includesUpdateCore.php" line="31" assertions="1" time="0.027973"/>
          <testcase name="test_new_files_are_not_in_old_files_array_compiled with data set #399" class="Tests_Admin_IncludesUpdateCore" classname="Tests_Admin_IncludesUpdateCore" file="/home/meng/Desktop/wptest/wordpress-develop/tests/phpunit/tests/admin/includesUpdateCore.php" line="31" assertions="1" time="0.028011"/>
          <testcase name="test_new_files_are_not_in_old_files_array_compiled with data set #400" class="Tests_Admin_IncludesUpdateCore" classname="Tests_Admin_IncludesUpdateCore" file="/home/meng/Desktop/wptest/wordpress-develop/tests/phpunit/tests/admin/includesUpdateCore.php" line="31" assertions="1" time="0.028605"/>
          <testcase name="test_new_files_are_not_in_old_files_array_compiled with data set #401" class="Tests_Admin_IncludesUpdateCore" classname="Tests_Admin_IncludesUpdateCore" file="/home/meng/Desktop/wptest/wordpress-develop/tests/phpunit/tests/admin/includesUpdateCore.php" line="31" assertions="1" time="0.029170"/>
          <testcase name="test_new_files_are_not_in_old_files_array_compiled with data set #402" class="Tests_Admin_IncludesUpdateCore" classname="Tests_Admin_IncludesUpdateCore" file="/home/meng/Desktop/wptest/wordpress-develop/tests/phpunit/tests/admin/includesUpdateCore.php" line="31" assertions="1" time="0.032484"/>
          <testcase name="test_new_files_are_not_in_old_files_array_compiled with data set #403" class="Tests_Admin_IncludesUpdateCore" classname="Tests_Admin_IncludesUpdateCore" file="/home/meng/Desktop/wptest/wordpress-develop/tests/phpunit/tests/admin/includesUpdateCore.php" line="31" assertions="1" time="0.028309"/>
          <testcase name="test_new_files_are_not_in_old_files_array_compiled with data set #404" class="Tests_Admin_IncludesUpdateCore" classname="Tests_Admin_IncludesUpdateCore" file="/home/meng/Desktop/wptest/wordpress-develop/tests/phpunit/tests/admin/includesUpdateCore.php" line="31" assertions="1" time="0.028298"/>
          <testcase name="test_new_files_are_not_in_old_files_array_compiled with data set #405" class="Tests_Admin_IncludesUpdateCore" classname="Tests_Admin_IncludesUpdateCore" file="/home/meng/Desktop/wptest/wordpress-develop/tests/phpunit/tests/admin/includesUpdateCore.php" line="31" assertions="1" time="0.028363"/>
          <testcase name="test_new_files_are_not_in_old_files_array_compiled with data set #406" class="Tests_Admin_IncludesUpdateCore" classname="Tests_Admin_IncludesUpdateCore" file="/home/meng/Desktop/wptest/wordpress-develop/tests/phpunit/tests/admin/includesUpdateCore.php" line="31" assertions="1" time="0.029328"/>
          <testcase name="test_new_files_are_not_in_old_files_array_compiled with data set #407" class="Tests_Admin_IncludesUpdateCore" classname="Tests_Admin_IncludesUpdateCore" file="/home/meng/Desktop/wptest/wordpress-develop/tests/phpunit/tests/admin/includesUpdateCore.php" line="31" assertions="1" time="0.028211"/>
          <testcase name="test_new_files_are_not_in_old_files_array_compiled with data set #408" class="Tests_Admin_IncludesUpdateCore" classname="Tests_Admin_IncludesUpdateCore" file="/home/meng/Desktop/wptest/wordpress-develop/tests/phpunit/tests/admin/includesUpdateCore.php" line="31" assertions="1" time="0.028770"/>
          <testcase name="test_new_files_are_not_in_old_files_array_compiled with data set #409" class="Tests_Admin_IncludesUpdateCore" classname="Tests_Admin_IncludesUpdateCore" file="/home/meng/Desktop/wptest/wordpress-develop/tests/phpunit/tests/admin/includesUpdateCore.php" line="31" assertions="1" time="0.029357"/>
          <testcase name="test_new_files_are_not_in_old_files_array_compiled with data set #410" class="Tests_Admin_IncludesUpdateCore" classname="Tests_Admin_IncludesUpdateCore" file="/home/meng/Desktop/wptest/wordpress-develop/tests/phpunit/tests/admin/includesUpdateCore.php" line="31" assertions="1" time="0.029459"/>
          <testcase name="test_new_files_are_not_in_old_files_array_compiled with data set #411" class="Tests_Admin_IncludesUpdateCore" classname="Tests_Admin_IncludesUpdateCore" file="/home/meng/Desktop/wptest/wordpress-develop/tests/phpunit/tests/admin/includesUpdateCore.php" line="31" assertions="1" time="0.028779"/>
          <testcase name="test_new_files_are_not_in_old_files_array_compiled with data set #412" class="Tests_Admin_IncludesUpdateCore" classname="Tests_Admin_IncludesUpdateCore" file="/home/meng/Desktop/wptest/wordpress-develop/tests/phpunit/tests/admin/includesUpdateCore.php" line="31" assertions="1" time="0.028640"/>
          <testcase name="test_new_files_are_not_in_old_files_array_compiled with data set #413" class="Tests_Admin_IncludesUpdateCore" classname="Tests_Admin_IncludesUpdateCore" file="/home/meng/Desktop/wptest/wordpress-develop/tests/phpunit/tests/admin/includesUpdateCore.php" line="31" assertions="1" time="0.029559"/>
          <testcase name="test_new_files_are_not_in_old_files_array_compiled with data set #414" class="Tests_Admin_IncludesUpdateCore" classname="Tests_Admin_IncludesUpdateCore" file="/home/meng/Desktop/wptest/wordpress-develop/tests/phpunit/tests/admin/includesUpdateCore.php" line="31" assertions="1" time="0.029254"/>
          <testcase name="test_new_files_are_not_in_old_files_array_compiled with data set #415" class="Tests_Admin_IncludesUpdateCore" classname="Tests_Admin_IncludesUpdateCore" file="/home/meng/Desktop/wptest/wordpress-develop/tests/phpunit/tests/admin/includesUpdateCore.php" line="31" assertions="1" time="0.029237"/>
          <testcase name="test_new_files_are_not_in_old_files_array_compiled with data set #416" class="Tests_Admin_IncludesUpdateCore" classname="Tests_Admin_IncludesUpdateCore" file="/home/meng/Desktop/wptest/wordpress-develop/tests/phpunit/tests/admin/includesUpdateCore.php" line="31" assertions="1" time="0.028047"/>
          <testcase name="test_new_files_are_not_in_old_files_array_compiled with data set #417" class="Tests_Admin_IncludesUpdateCore" classname="Tests_Admin_IncludesUpdateCore" file="/home/meng/Desktop/wptest/wordpress-develop/tests/phpunit/tests/admin/includesUpdateCore.php" line="31" assertions="1" time="0.029166"/>
          <testcase name="test_new_files_are_not_in_old_files_array_compiled with data set #418" class="Tests_Admin_IncludesUpdateCore" classname="Tests_Admin_IncludesUpdateCore" file="/home/meng/Desktop/wptest/wordpress-develop/tests/phpunit/tests/admin/includesUpdateCore.php" line="31" assertions="1" time="0.028317"/>
          <testcase name="test_new_files_are_not_in_old_files_array_compiled with data set #419" class="Tests_Admin_IncludesUpdateCore" classname="Tests_Admin_IncludesUpdateCore" file="/home/meng/Desktop/wptest/wordpress-develop/tests/phpunit/tests/admin/includesUpdateCore.php" line="31" assertions="1" time="0.028782"/>
          <testcase name="test_new_files_are_not_in_old_files_array_compiled with data set #420" class="Tests_Admin_IncludesUpdateCore" classname="Tests_Admin_IncludesUpdateCore" file="/home/meng/Desktop/wptest/wordpress-develop/tests/phpunit/tests/admin/includesUpdateCore.php" line="31" assertions="1" time="0.028266"/>
          <testcase name="test_new_files_are_not_in_old_files_array_compiled with data set #421" class="Tests_Admin_IncludesUpdateCore" classname="Tests_Admin_IncludesUpdateCore" file="/home/meng/Desktop/wptest/wordpress-develop/tests/phpunit/tests/admin/includesUpdateCore.php" line="31" assertions="1" time="0.028095"/>
          <testcase name="test_new_files_are_not_in_old_files_array_compiled with data set #422" class="Tests_Admin_IncludesUpdateCore" classname="Tests_Admin_IncludesUpdateCore" file="/home/meng/Desktop/wptest/wordpress-develop/tests/phpunit/tests/admin/includesUpdateCore.php" line="31" assertions="1" time="0.028846"/>
          <testcase name="test_new_files_are_not_in_old_files_array_compiled with data set #423" class="Tests_Admin_IncludesUpdateCore" classname="Tests_Admin_IncludesUpdateCore" file="/home/meng/Desktop/wptest/wordpress-develop/tests/phpunit/tests/admin/includesUpdateCore.php" line="31" assertions="1" time="0.028556"/>
          <testcase name="test_new_files_are_not_in_old_files_array_compiled with data set #424" class="Tests_Admin_IncludesUpdateCore" classname="Tests_Admin_IncludesUpdateCore" file="/home/meng/Desktop/wptest/wordpress-develop/tests/phpunit/tests/admin/includesUpdateCore.php" line="31" assertions="1" time="0.028130"/>
          <testcase name="test_new_files_are_not_in_old_files_array_compiled with data set #425" class="Tests_Admin_IncludesUpdateCore" classname="Tests_Admin_IncludesUpdateCore" file="/home/meng/Desktop/wptest/wordpress-develop/tests/phpunit/tests/admin/includesUpdateCore.php" line="31" assertions="1" time="0.028214"/>
          <testcase name="test_new_files_are_not_in_old_files_array_compiled with data set #426" class="Tests_Admin_IncludesUpdateCore" classname="Tests_Admin_IncludesUpdateCore" file="/home/meng/Desktop/wptest/wordpress-develop/tests/phpunit/tests/admin/includesUpdateCore.php" line="31" assertions="1" time="0.029236"/>
          <testcase name="test_new_files_are_not_in_old_files_array_compiled with data set #427" class="Tests_Admin_IncludesUpdateCore" classname="Tests_Admin_IncludesUpdateCore" file="/home/meng/Desktop/wptest/wordpress-develop/tests/phpunit/tests/admin/includesUpdateCore.php" line="31" assertions="1" time="0.029537"/>
          <testcase name="test_new_files_are_not_in_old_files_array_compiled with data set #428" class="Tests_Admin_IncludesUpdateCore" classname="Tests_Admin_IncludesUpdateCore" file="/home/meng/Desktop/wptest/wordpress-develop/tests/phpunit/tests/admin/includesUpdateCore.php" line="31" assertions="1" time="0.028295"/>
          <testcase name="test_new_files_are_not_in_old_files_array_compiled with data set #429" class="Tests_Admin_IncludesUpdateCore" classname="Tests_Admin_IncludesUpdateCore" file="/home/meng/Desktop/wptest/wordpress-develop/tests/phpunit/tests/admin/includesUpdateCore.php" line="31" assertions="1" time="0.028588"/>
          <testcase name="test_new_files_are_not_in_old_files_array_compiled with data set #430" class="Tests_Admin_IncludesUpdateCore" classname="Tests_Admin_IncludesUpdateCore" file="/home/meng/Desktop/wptest/wordpress-develop/tests/phpunit/tests/admin/includesUpdateCore.php" line="31" assertions="1" time="0.028073"/>
          <testcase name="test_new_files_are_not_in_old_files_array_compiled with data set #431" class="Tests_Admin_IncludesUpdateCore" classname="Tests_Admin_IncludesUpdateCore" file="/home/meng/Desktop/wptest/wordpress-develop/tests/phpunit/tests/admin/includesUpdateCore.php" line="31" assertions="1" time="0.028415"/>
          <testcase name="test_new_files_are_not_in_old_files_array_compiled with data set #432" class="Tests_Admin_IncludesUpdateCore" classname="Tests_Admin_IncludesUpdateCore" file="/home/meng/Desktop/wptest/wordpress-develop/tests/phpunit/tests/admin/includesUpdateCore.php" line="31" assertions="1" time="0.028489"/>
          <testcase name="test_new_files_are_not_in_old_files_array_compiled with data set #433" class="Tests_Admin_IncludesUpdateCore" classname="Tests_Admin_IncludesUpdateCore" file="/home/meng/Desktop/wptest/wordpress-develop/tests/phpunit/tests/admin/includesUpdateCore.php" line="31" assertions="1" time="0.028845"/>
          <testcase name="test_new_files_are_not_in_old_files_array_compiled with data set #434" class="Tests_Admin_IncludesUpdateCore" classname="Tests_Admin_IncludesUpdateCore" file="/home/meng/Desktop/wptest/wordpress-develop/tests/phpunit/tests/admin/includesUpdateCore.php" line="31" assertions="1" time="0.028081"/>
          <testcase name="test_new_files_are_not_in_old_files_array_compiled with data set #435" class="Tests_Admin_IncludesUpdateCore" classname="Tests_Admin_IncludesUpdateCore" file="/home/meng/Desktop/wptest/wordpress-develop/tests/phpunit/tests/admin/includesUpdateCore.php" line="31" assertions="1" time="0.029244"/>
          <testcase name="test_new_files_are_not_in_old_files_array_compiled with data set #436" class="Tests_Admin_IncludesUpdateCore" classname="Tests_Admin_IncludesUpdateCore" file="/home/meng/Desktop/wptest/wordpress-develop/tests/phpunit/tests/admin/includesUpdateCore.php" line="31" assertions="1" time="0.028390"/>
          <testcase name="test_new_files_are_not_in_old_files_array_compiled with data set #437" class="Tests_Admin_IncludesUpdateCore" classname="Tests_Admin_IncludesUpdateCore" file="/home/meng/Desktop/wptest/wordpress-develop/tests/phpunit/tests/admin/includesUpdateCore.php" line="31" assertions="1" time="0.028511"/>
          <testcase name="test_new_files_are_not_in_old_files_array_compiled with data set #438" class="Tests_Admin_IncludesUpdateCore" classname="Tests_Admin_IncludesUpdateCore" file="/home/meng/Desktop/wptest/wordpress-develop/tests/phpunit/tests/admin/includesUpdateCore.php" line="31" assertions="1" time="0.029215"/>
          <testcase name="test_new_files_are_not_in_old_files_array_compiled with data set #439" class="Tests_Admin_IncludesUpdateCore" classname="Tests_Admin_IncludesUpdateCore" file="/home/meng/Desktop/wptest/wordpress-develop/tests/phpunit/tests/admin/includesUpdateCore.php" line="31" assertions="1" time="0.028296"/>
          <testcase name="test_new_files_are_not_in_old_files_array_compiled with data set #440" class="Tests_Admin_IncludesUpdateCore" classname="Tests_Admin_IncludesUpdateCore" file="/home/meng/Desktop/wptest/wordpress-develop/tests/phpunit/tests/admin/includesUpdateCore.php" line="31" assertions="1" time="0.038492"/>
          <testcase name="test_new_files_are_not_in_old_files_array_compiled with data set #441" class="Tests_Admin_IncludesUpdateCore" classname="Tests_Admin_IncludesUpdateCore" file="/home/meng/Desktop/wptest/wordpress-develop/tests/phpunit/tests/admin/includesUpdateCore.php" line="31" assertions="1" time="0.028226"/>
          <testcase name="test_new_files_are_not_in_old_files_array_compiled with data set #442" class="Tests_Admin_IncludesUpdateCore" classname="Tests_Admin_IncludesUpdateCore" file="/home/meng/Desktop/wptest/wordpress-develop/tests/phpunit/tests/admin/includesUpdateCore.php" line="31" assertions="1" time="0.029460"/>
          <testcase name="test_new_files_are_not_in_old_files_array_compiled with data set #443" class="Tests_Admin_IncludesUpdateCore" classname="Tests_Admin_IncludesUpdateCore" file="/home/meng/Desktop/wptest/wordpress-develop/tests/phpunit/tests/admin/includesUpdateCore.php" line="31" assertions="1" time="0.028754"/>
          <testcase name="test_new_files_are_not_in_old_files_array_compiled with data set #444" class="Tests_Admin_IncludesUpdateCore" classname="Tests_Admin_IncludesUpdateCore" file="/home/meng/Desktop/wptest/wordpress-develop/tests/phpunit/tests/admin/includesUpdateCore.php" line="31" assertions="1" time="0.031270"/>
          <testcase name="test_new_files_are_not_in_old_files_array_compiled with data set #445" class="Tests_Admin_IncludesUpdateCore" classname="Tests_Admin_IncludesUpdateCore" file="/home/meng/Desktop/wptest/wordpress-develop/tests/phpunit/tests/admin/includesUpdateCore.php" line="31" assertions="1" time="0.028171"/>
          <testcase name="test_new_files_are_not_in_old_files_array_compiled with data set #446" class="Tests_Admin_IncludesUpdateCore" classname="Tests_Admin_IncludesUpdateCore" file="/home/meng/Desktop/wptest/wordpress-develop/tests/phpunit/tests/admin/includesUpdateCore.php" line="31" assertions="1" time="0.029128"/>
          <testcase name="test_new_files_are_not_in_old_files_array_compiled with data set #447" class="Tests_Admin_IncludesUpdateCore" classname="Tests_Admin_IncludesUpdateCore" file="/home/meng/Desktop/wptest/wordpress-develop/tests/phpunit/tests/admin/includesUpdateCore.php" line="31" assertions="1" time="0.028875"/>
          <testcase name="test_new_files_are_not_in_old_files_array_compiled with data set #448" class="Tests_Admin_IncludesUpdateCore" classname="Tests_Admin_IncludesUpdateCore" file="/home/meng/Desktop/wptest/wordpress-develop/tests/phpunit/tests/admin/includesUpdateCore.php" line="31" assertions="1" time="0.030760"/>
          <testcase name="test_new_files_are_not_in_old_files_array_compiled with data set #449" class="Tests_Admin_IncludesUpdateCore" classname="Tests_Admin_IncludesUpdateCore" file="/home/meng/Desktop/wptest/wordpress-develop/tests/phpunit/tests/admin/includesUpdateCore.php" line="31" assertions="1" time="0.028408"/>
          <testcase name="test_new_files_are_not_in_old_files_array_compiled with data set #450" class="Tests_Admin_IncludesUpdateCore" classname="Tests_Admin_IncludesUpdateCore" file="/home/meng/Desktop/wptest/wordpress-develop/tests/phpunit/tests/admin/includesUpdateCore.php" line="31" assertions="1" time="0.029212"/>
          <testcase name="test_new_files_are_not_in_old_files_array_compiled with data set #451" class="Tests_Admin_IncludesUpdateCore" classname="Tests_Admin_IncludesUpdateCore" file="/home/meng/Desktop/wptest/wordpress-develop/tests/phpunit/tests/admin/includesUpdateCore.php" line="31" assertions="1" time="0.032526"/>
          <testcase name="test_new_files_are_not_in_old_files_array_compiled with data set #452" class="Tests_Admin_IncludesUpdateCore" classname="Tests_Admin_IncludesUpdateCore" file="/home/meng/Desktop/wptest/wordpress-develop/tests/phpunit/tests/admin/includesUpdateCore.php" line="31" assertions="1" time="0.031819"/>
          <testcase name="test_new_files_are_not_in_old_files_array_compiled with data set #453" class="Tests_Admin_IncludesUpdateCore" classname="Tests_Admin_IncludesUpdateCore" file="/home/meng/Desktop/wptest/wordpress-develop/tests/phpunit/tests/admin/includesUpdateCore.php" line="31" assertions="1" time="0.028603"/>
          <testcase name="test_new_files_are_not_in_old_files_array_compiled with data set #454" class="Tests_Admin_IncludesUpdateCore" classname="Tests_Admin_IncludesUpdateCore" file="/home/meng/Desktop/wptest/wordpress-develop/tests/phpunit/tests/admin/includesUpdateCore.php" line="31" assertions="1" time="0.032360"/>
          <testcase name="test_new_files_are_not_in_old_files_array_compiled with data set #455" class="Tests_Admin_IncludesUpdateCore" classname="Tests_Admin_IncludesUpdateCore" file="/home/meng/Desktop/wptest/wordpress-develop/tests/phpunit/tests/admin/includesUpdateCore.php" line="31" assertions="1" time="0.027995"/>
          <testcase name="test_new_files_are_not_in_old_files_array_compiled with data set #456" class="Tests_Admin_IncludesUpdateCore" classname="Tests_Admin_IncludesUpdateCore" file="/home/meng/Desktop/wptest/wordpress-develop/tests/phpunit/tests/admin/includesUpdateCore.php" line="31" assertions="1" time="0.031859"/>
          <testcase name="test_new_files_are_not_in_old_files_array_compiled with data set #457" class="Tests_Admin_IncludesUpdateCore" classname="Tests_Admin_IncludesUpdateCore" file="/home/meng/Desktop/wptest/wordpress-develop/tests/phpunit/tests/admin/includesUpdateCore.php" line="31" assertions="1" time="0.028276"/>
          <testcase name="test_new_files_are_not_in_old_files_array_compiled with data set #458" class="Tests_Admin_IncludesUpdateCore" classname="Tests_Admin_IncludesUpdateCore" file="/home/meng/Desktop/wptest/wordpress-develop/tests/phpunit/tests/admin/includesUpdateCore.php" line="31" assertions="1" time="0.029654"/>
          <testcase name="test_new_files_are_not_in_old_files_array_compiled with data set #459" class="Tests_Admin_IncludesUpdateCore" classname="Tests_Admin_IncludesUpdateCore" file="/home/meng/Desktop/wptest/wordpress-develop/tests/phpunit/tests/admin/includesUpdateCore.php" line="31" assertions="1" time="0.028920"/>
          <testcase name="test_new_files_are_not_in_old_files_array_compiled with data set #460" class="Tests_Admin_IncludesUpdateCore" classname="Tests_Admin_IncludesUpdateCore" file="/home/meng/Desktop/wptest/wordpress-develop/tests/phpunit/tests/admin/includesUpdateCore.php" line="31" assertions="1" time="0.028305"/>
          <testcase name="test_new_files_are_not_in_old_files_array_compiled with data set #461" class="Tests_Admin_IncludesUpdateCore" classname="Tests_Admin_IncludesUpdateCore" file="/home/meng/Desktop/wptest/wordpress-develop/tests/phpunit/tests/admin/includesUpdateCore.php" line="31" assertions="1" time="0.029098"/>
          <testcase name="test_new_files_are_not_in_old_files_array_compiled with data set #462" class="Tests_Admin_IncludesUpdateCore" classname="Tests_Admin_IncludesUpdateCore" file="/home/meng/Desktop/wptest/wordpress-develop/tests/phpunit/tests/admin/includesUpdateCore.php" line="31" assertions="1" time="0.028623"/>
          <testcase name="test_new_files_are_not_in_old_files_array_compiled with data set #463" class="Tests_Admin_IncludesUpdateCore" classname="Tests_Admin_IncludesUpdateCore" file="/home/meng/Desktop/wptest/wordpress-develop/tests/phpunit/tests/admin/includesUpdateCore.php" line="31" assertions="1" time="0.028281"/>
          <testcase name="test_new_files_are_not_in_old_files_array_compiled with data set #464" class="Tests_Admin_IncludesUpdateCore" classname="Tests_Admin_IncludesUpdateCore" file="/home/meng/Desktop/wptest/wordpress-develop/tests/phpunit/tests/admin/includesUpdateCore.php" line="31" assertions="1" time="0.028305"/>
          <testcase name="test_new_files_are_not_in_old_files_array_compiled with data set #465" class="Tests_Admin_IncludesUpdateCore" classname="Tests_Admin_IncludesUpdateCore" file="/home/meng/Desktop/wptest/wordpress-develop/tests/phpunit/tests/admin/includesUpdateCore.php" line="31" assertions="1" time="0.031510"/>
          <testcase name="test_new_files_are_not_in_old_files_array_compiled with data set #466" class="Tests_Admin_IncludesUpdateCore" classname="Tests_Admin_IncludesUpdateCore" file="/home/meng/Desktop/wptest/wordpress-develop/tests/phpunit/tests/admin/includesUpdateCore.php" line="31" assertions="1" time="0.028261"/>
          <testcase name="test_new_files_are_not_in_old_files_array_compiled with data set #467" class="Tests_Admin_IncludesUpdateCore" classname="Tests_Admin_IncludesUpdateCore" file="/home/meng/Desktop/wptest/wordpress-develop/tests/phpunit/tests/admin/includesUpdateCore.php" line="31" assertions="1" time="0.029566"/>
          <testcase name="test_new_files_are_not_in_old_files_array_compiled with data set #468" class="Tests_Admin_IncludesUpdateCore" classname="Tests_Admin_IncludesUpdateCore" file="/home/meng/Desktop/wptest/wordpress-develop/tests/phpunit/tests/admin/includesUpdateCore.php" line="31" assertions="1" time="0.028403"/>
          <testcase name="test_new_files_are_not_in_old_files_array_compiled with data set #469" class="Tests_Admin_IncludesUpdateCore" classname="Tests_Admin_IncludesUpdateCore" file="/home/meng/Desktop/wptest/wordpress-develop/tests/phpunit/tests/admin/includesUpdateCore.php" line="31" assertions="1" time="0.028139"/>
          <testcase name="test_new_files_are_not_in_old_files_array_compiled with data set #470" class="Tests_Admin_IncludesUpdateCore" classname="Tests_Admin_IncludesUpdateCore" file="/home/meng/Desktop/wptest/wordpress-develop/tests/phpunit/tests/admin/includesUpdateCore.php" line="31" assertions="1" time="0.031223"/>
          <testcase name="test_new_files_are_not_in_old_files_array_compiled with data set #471" class="Tests_Admin_IncludesUpdateCore" classname="Tests_Admin_IncludesUpdateCore" file="/home/meng/Desktop/wptest/wordpress-develop/tests/phpunit/tests/admin/includesUpdateCore.php" line="31" assertions="1" time="0.029007"/>
          <testcase name="test_new_files_are_not_in_old_files_array_compiled with data set #472" class="Tests_Admin_IncludesUpdateCore" classname="Tests_Admin_IncludesUpdateCore" file="/home/meng/Desktop/wptest/wordpress-develop/tests/phpunit/tests/admin/includesUpdateCore.php" line="31" assertions="1" time="0.028881"/>
          <testcase name="test_new_files_are_not_in_old_files_array_compiled with data set #473" class="Tests_Admin_IncludesUpdateCore" classname="Tests_Admin_IncludesUpdateCore" file="/home/meng/Desktop/wptest/wordpress-develop/tests/phpunit/tests/admin/includesUpdateCore.php" line="31" assertions="1" time="0.028990"/>
          <testcase name="test_new_files_are_not_in_old_files_array_compiled with data set #474" class="Tests_Admin_IncludesUpdateCore" classname="Tests_Admin_IncludesUpdateCore" file="/home/meng/Desktop/wptest/wordpress-develop/tests/phpunit/tests/admin/includesUpdateCore.php" line="31" assertions="1" time="0.028238"/>
          <testcase name="test_new_files_are_not_in_old_files_array_compiled with data set #475" class="Tests_Admin_IncludesUpdateCore" classname="Tests_Admin_IncludesUpdateCore" file="/home/meng/Desktop/wptest/wordpress-develop/tests/phpunit/tests/admin/includesUpdateCore.php" line="31" assertions="1" time="0.031424"/>
          <testcase name="test_new_files_are_not_in_old_files_array_compiled with data set #476" class="Tests_Admin_IncludesUpdateCore" classname="Tests_Admin_IncludesUpdateCore" file="/home/meng/Desktop/wptest/wordpress-develop/tests/phpunit/tests/admin/includesUpdateCore.php" line="31" assertions="1" time="0.028484"/>
          <testcase name="test_new_files_are_not_in_old_files_array_compiled with data set #477" class="Tests_Admin_IncludesUpdateCore" classname="Tests_Admin_IncludesUpdateCore" file="/home/meng/Desktop/wptest/wordpress-develop/tests/phpunit/tests/admin/includesUpdateCore.php" line="31" assertions="1" time="0.029265"/>
          <testcase name="test_new_files_are_not_in_old_files_array_compiled with data set #478" class="Tests_Admin_IncludesUpdateCore" classname="Tests_Admin_IncludesUpdateCore" file="/home/meng/Desktop/wptest/wordpress-develop/tests/phpunit/tests/admin/includesUpdateCore.php" line="31" assertions="1" time="0.029340"/>
          <testcase name="test_new_files_are_not_in_old_files_array_compiled with data set #479" class="Tests_Admin_IncludesUpdateCore" classname="Tests_Admin_IncludesUpdateCore" file="/home/meng/Desktop/wptest/wordpress-develop/tests/phpunit/tests/admin/includesUpdateCore.php" line="31" assertions="1" time="0.029244"/>
          <testcase name="test_new_files_are_not_in_old_files_array_compiled with data set #480" class="Tests_Admin_IncludesUpdateCore" classname="Tests_Admin_IncludesUpdateCore" file="/home/meng/Desktop/wptest/wordpress-develop/tests/phpunit/tests/admin/includesUpdateCore.php" line="31" assertions="1" time="0.028289"/>
          <testcase name="test_new_files_are_not_in_old_files_array_compiled with data set #481" class="Tests_Admin_IncludesUpdateCore" classname="Tests_Admin_IncludesUpdateCore" file="/home/meng/Desktop/wptest/wordpress-develop/tests/phpunit/tests/admin/includesUpdateCore.php" line="31" assertions="1" time="0.032455"/>
          <testcase name="test_new_files_are_not_in_old_files_array_compiled with data set #482" class="Tests_Admin_IncludesUpdateCore" classname="Tests_Admin_IncludesUpdateCore" file="/home/meng/Desktop/wptest/wordpress-develop/tests/phpunit/tests/admin/includesUpdateCore.php" line="31" assertions="1" time="0.027934"/>
          <testcase name="test_new_files_are_not_in_old_files_array_compiled with data set #483" class="Tests_Admin_IncludesUpdateCore" classname="Tests_Admin_IncludesUpdateCore" file="/home/meng/Desktop/wptest/wordpress-develop/tests/phpunit/tests/admin/includesUpdateCore.php" line="31" assertions="1" time="0.028578"/>
          <testcase name="test_new_files_are_not_in_old_files_array_compiled with data set #484" class="Tests_Admin_IncludesUpdateCore" classname="Tests_Admin_IncludesUpdateCore" file="/home/meng/Desktop/wptest/wordpress-develop/tests/phpunit/tests/admin/includesUpdateCore.php" line="31" assertions="1" time="0.028576"/>
          <testcase name="test_new_files_are_not_in_old_files_array_compiled with data set #485" class="Tests_Admin_IncludesUpdateCore" classname="Tests_Admin_IncludesUpdateCore" file="/home/meng/Desktop/wptest/wordpress-develop/tests/phpunit/tests/admin/includesUpdateCore.php" line="31" assertions="1" time="0.028495"/>
          <testcase name="test_new_files_are_not_in_old_files_array_compiled with data set #486" class="Tests_Admin_IncludesUpdateCore" classname="Tests_Admin_IncludesUpdateCore" file="/home/meng/Desktop/wptest/wordpress-develop/tests/phpunit/tests/admin/includesUpdateCore.php" line="31" assertions="1" time="0.028077"/>
          <testcase name="test_new_files_are_not_in_old_files_array_compiled with data set #487" class="Tests_Admin_IncludesUpdateCore" classname="Tests_Admin_IncludesUpdateCore" file="/home/meng/Desktop/wptest/wordpress-develop/tests/phpunit/tests/admin/includesUpdateCore.php" line="31" assertions="1" time="0.028285"/>
          <testcase name="test_new_files_are_not_in_old_files_array_compiled with data set #488" class="Tests_Admin_IncludesUpdateCore" classname="Tests_Admin_IncludesUpdateCore" file="/home/meng/Desktop/wptest/wordpress-develop/tests/phpunit/tests/admin/includesUpdateCore.php" line="31" assertions="1" time="0.027997"/>
          <testcase name="test_new_files_are_not_in_old_files_array_compiled with data set #489" class="Tests_Admin_IncludesUpdateCore" classname="Tests_Admin_IncludesUpdateCore" file="/home/meng/Desktop/wptest/wordpress-develop/tests/phpunit/tests/admin/includesUpdateCore.php" line="31" assertions="1" time="0.031500"/>
          <testcase name="test_new_files_are_not_in_old_files_array_compiled with data set #490" class="Tests_Admin_IncludesUpdateCore" classname="Tests_Admin_IncludesUpdateCore" file="/home/meng/Desktop/wptest/wordpress-develop/tests/phpunit/tests/admin/includesUpdateCore.php" line="31" assertions="1" time="0.028997"/>
          <testcase name="test_new_files_are_not_in_old_files_array_compiled with data set #491" class="Tests_Admin_IncludesUpdateCore" classname="Tests_Admin_IncludesUpdateCore" file="/home/meng/Desktop/wptest/wordpress-develop/tests/phpunit/tests/admin/includesUpdateCore.php" line="31" assertions="1" time="0.029273"/>
          <testcase name="test_new_files_are_not_in_old_files_array_compiled with data set #492" class="Tests_Admin_IncludesUpdateCore" classname="Tests_Admin_IncludesUpdateCore" file="/home/meng/Desktop/wptest/wordpress-develop/tests/phpunit/tests/admin/includesUpdateCore.php" line="31" assertions="1" time="0.029057"/>
          <testcase name="test_new_files_are_not_in_old_files_array_compiled with data set #493" class="Tests_Admin_IncludesUpdateCore" classname="Tests_Admin_IncludesUpdateCore" file="/home/meng/Desktop/wptest/wordpress-develop/tests/phpunit/tests/admin/includesUpdateCore.php" line="31" assertions="1" time="0.033044"/>
          <testcase name="test_new_files_are_not_in_old_files_array_compiled with data set #494" class="Tests_Admin_IncludesUpdateCore" classname="Tests_Admin_IncludesUpdateCore" file="/home/meng/Desktop/wptest/wordpress-develop/tests/phpunit/tests/admin/includesUpdateCore.php" line="31" assertions="1" time="0.027952"/>
          <testcase name="test_new_files_are_not_in_old_files_array_compiled with data set #495" class="Tests_Admin_IncludesUpdateCore" classname="Tests_Admin_IncludesUpdateCore" file="/home/meng/Desktop/wptest/wordpress-develop/tests/phpunit/tests/admin/includesUpdateCore.php" line="31" assertions="1" time="0.028879"/>
          <testcase name="test_new_files_are_not_in_old_files_array_compiled with data set #496" class="Tests_Admin_IncludesUpdateCore" classname="Tests_Admin_IncludesUpdateCore" file="/home/meng/Desktop/wptest/wordpress-develop/tests/phpunit/tests/admin/includesUpdateCore.php" line="31" assertions="1" time="0.030417"/>
          <testcase name="test_new_files_are_not_in_old_files_array_compiled with data set #497" class="Tests_Admin_IncludesUpdateCore" classname="Tests_Admin_IncludesUpdateCore" file="/home/meng/Desktop/wptest/wordpress-develop/tests/phpunit/tests/admin/includesUpdateCore.php" line="31" assertions="1" time="0.028423"/>
          <testcase name="test_new_files_are_not_in_old_files_array_compiled with data set #498" class="Tests_Admin_IncludesUpdateCore" classname="Tests_Admin_IncludesUpdateCore" file="/home/meng/Desktop/wptest/wordpress-develop/tests/phpunit/tests/admin/includesUpdateCore.php" line="31" assertions="1" time="0.028339"/>
          <testcase name="test_new_files_are_not_in_old_files_array_compiled with data set #499" class="Tests_Admin_IncludesUpdateCore" classname="Tests_Admin_IncludesUpdateCore" file="/home/meng/Desktop/wptest/wordpress-develop/tests/phpunit/tests/admin/includesUpdateCore.php" line="31" assertions="1" time="0.027971"/>
          <testcase name="test_new_files_are_not_in_old_files_array_compiled with data set #500" class="Tests_Admin_IncludesUpdateCore" classname="Tests_Admin_IncludesUpdateCore" file="/home/meng/Desktop/wptest/wordpress-develop/tests/phpunit/tests/admin/includesUpdateCore.php" line="31" assertions="1" time="0.027973"/>
          <testcase name="test_new_files_are_not_in_old_files_array_compiled with data set #501" class="Tests_Admin_IncludesUpdateCore" classname="Tests_Admin_IncludesUpdateCore" file="/home/meng/Desktop/wptest/wordpress-develop/tests/phpunit/tests/admin/includesUpdateCore.php" line="31" assertions="1" time="0.029004"/>
          <testcase name="test_new_files_are_not_in_old_files_array_compiled with data set #502" class="Tests_Admin_IncludesUpdateCore" classname="Tests_Admin_IncludesUpdateCore" file="/home/meng/Desktop/wptest/wordpress-develop/tests/phpunit/tests/admin/includesUpdateCore.php" line="31" assertions="1" time="0.028812"/>
          <testcase name="test_new_files_are_not_in_old_files_array_compiled with data set #503" class="Tests_Admin_IncludesUpdateCore" classname="Tests_Admin_IncludesUpdateCore" file="/home/meng/Desktop/wptest/wordpress-develop/tests/phpunit/tests/admin/includesUpdateCore.php" line="31" assertions="1" time="0.028539"/>
          <testcase name="test_new_files_are_not_in_old_files_array_compiled with data set #504" class="Tests_Admin_IncludesUpdateCore" classname="Tests_Admin_IncludesUpdateCore" file="/home/meng/Desktop/wptest/wordpress-develop/tests/phpunit/tests/admin/includesUpdateCore.php" line="31" assertions="1" time="0.028247"/>
          <testcase name="test_new_files_are_not_in_old_files_array_compiled with data set #505" class="Tests_Admin_IncludesUpdateCore" classname="Tests_Admin_IncludesUpdateCore" file="/home/meng/Desktop/wptest/wordpress-develop/tests/phpunit/tests/admin/includesUpdateCore.php" line="31" assertions="1" time="0.027986"/>
          <testcase name="test_new_files_are_not_in_old_files_array_compiled with data set #506" class="Tests_Admin_IncludesUpdateCore" classname="Tests_Admin_IncludesUpdateCore" file="/home/meng/Desktop/wptest/wordpress-develop/tests/phpunit/tests/admin/includesUpdateCore.php" line="31" assertions="1" time="0.028424"/>
          <testcase name="test_new_files_are_not_in_old_files_array_compiled with data set #507" class="Tests_Admin_IncludesUpdateCore" classname="Tests_Admin_IncludesUpdateCore" file="/home/meng/Desktop/wptest/wordpress-develop/tests/phpunit/tests/admin/includesUpdateCore.php" line="31" assertions="1" time="0.028729"/>
          <testcase name="test_new_files_are_not_in_old_files_array_compiled with data set #508" class="Tests_Admin_IncludesUpdateCore" classname="Tests_Admin_IncludesUpdateCore" file="/home/meng/Desktop/wptest/wordpress-develop/tests/phpunit/tests/admin/includesUpdateCore.php" line="31" assertions="1" time="0.028948"/>
          <testcase name="test_new_files_are_not_in_old_files_array_compiled with data set #509" class="Tests_Admin_IncludesUpdateCore" classname="Tests_Admin_IncludesUpdateCore" file="/home/meng/Desktop/wptest/wordpress-develop/tests/phpunit/tests/admin/includesUpdateCore.php" line="31" assertions="1" time="0.028056"/>
          <testcase name="test_new_files_are_not_in_old_files_array_compiled with data set #510" class="Tests_Admin_IncludesUpdateCore" classname="Tests_Admin_IncludesUpdateCore" file="/home/meng/Desktop/wptest/wordpress-develop/tests/phpunit/tests/admin/includesUpdateCore.php" line="31" assertions="1" time="0.029572"/>
          <testcase name="test_new_files_are_not_in_old_files_array_compiled with data set #511" class="Tests_Admin_IncludesUpdateCore" classname="Tests_Admin_IncludesUpdateCore" file="/home/meng/Desktop/wptest/wordpress-develop/tests/phpunit/tests/admin/includesUpdateCore.php" line="31" assertions="1" time="0.028094"/>
          <testcase name="test_new_files_are_not_in_old_files_array_compiled with data set #512" class="Tests_Admin_IncludesUpdateCore" classname="Tests_Admin_IncludesUpdateCore" file="/home/meng/Desktop/wptest/wordpress-develop/tests/phpunit/tests/admin/includesUpdateCore.php" line="31" assertions="1" time="0.029552"/>
          <testcase name="test_new_files_are_not_in_old_files_array_compiled with data set #513" class="Tests_Admin_IncludesUpdateCore" classname="Tests_Admin_IncludesUpdateCore" file="/home/meng/Desktop/wptest/wordpress-develop/tests/phpunit/tests/admin/includesUpdateCore.php" line="31" assertions="1" time="0.031115"/>
          <testcase name="test_new_files_are_not_in_old_files_array_compiled with data set #514" class="Tests_Admin_IncludesUpdateCore" classname="Tests_Admin_IncludesUpdateCore" file="/home/meng/Desktop/wptest/wordpress-develop/tests/phpunit/tests/admin/includesUpdateCore.php" line="31" assertions="1" time="0.029606"/>
          <testcase name="test_new_files_are_not_in_old_files_array_compiled with data set #515" class="Tests_Admin_IncludesUpdateCore" classname="Tests_Admin_IncludesUpdateCore" file="/home/meng/Desktop/wptest/wordpress-develop/tests/phpunit/tests/admin/includesUpdateCore.php" line="31" assertions="1" time="0.029079"/>
          <testcase name="test_new_files_are_not_in_old_files_array_compiled with data set #516" class="Tests_Admin_IncludesUpdateCore" classname="Tests_Admin_IncludesUpdateCore" file="/home/meng/Desktop/wptest/wordpress-develop/tests/phpunit/tests/admin/includesUpdateCore.php" line="31" assertions="1" time="0.028380"/>
          <testcase name="test_new_files_are_not_in_old_files_array_compiled with data set #517" class="Tests_Admin_IncludesUpdateCore" classname="Tests_Admin_IncludesUpdateCore" file="/home/meng/Desktop/wptest/wordpress-develop/tests/phpunit/tests/admin/includesUpdateCore.php" line="31" assertions="1" time="0.029084"/>
          <testcase name="test_new_files_are_not_in_old_files_array_compiled with data set #518" class="Tests_Admin_IncludesUpdateCore" classname="Tests_Admin_IncludesUpdateCore" file="/home/meng/Desktop/wptest/wordpress-develop/tests/phpunit/tests/admin/includesUpdateCore.php" line="31" assertions="1" time="0.028983"/>
          <testcase name="test_new_files_are_not_in_old_files_array_compiled with data set #519" class="Tests_Admin_IncludesUpdateCore" classname="Tests_Admin_IncludesUpdateCore" file="/home/meng/Desktop/wptest/wordpress-develop/tests/phpunit/tests/admin/includesUpdateCore.php" line="31" assertions="1" time="0.030320"/>
          <testcase name="test_new_files_are_not_in_old_files_array_compiled with data set #520" class="Tests_Admin_IncludesUpdateCore" classname="Tests_Admin_IncludesUpdateCore" file="/home/meng/Desktop/wptest/wordpress-develop/tests/phpunit/tests/admin/includesUpdateCore.php" line="31" assertions="1" time="0.029375"/>
          <testcase name="test_new_files_are_not_in_old_files_array_compiled with data set #521" class="Tests_Admin_IncludesUpdateCore" classname="Tests_Admin_IncludesUpdateCore" file="/home/meng/Desktop/wptest/wordpress-develop/tests/phpunit/tests/admin/includesUpdateCore.php" line="31" assertions="1" time="0.031375"/>
          <testcase name="test_new_files_are_not_in_old_files_array_compiled with data set #522" class="Tests_Admin_IncludesUpdateCore" classname="Tests_Admin_IncludesUpdateCore" file="/home/meng/Desktop/wptest/wordpress-develop/tests/phpunit/tests/admin/includesUpdateCore.php" line="31" assertions="1" time="0.028954"/>
          <testcase name="test_new_files_are_not_in_old_files_array_compiled with data set #523" class="Tests_Admin_IncludesUpdateCore" classname="Tests_Admin_IncludesUpdateCore" file="/home/meng/Desktop/wptest/wordpress-develop/tests/phpunit/tests/admin/includesUpdateCore.php" line="31" assertions="1" time="0.028990"/>
          <testcase name="test_new_files_are_not_in_old_files_array_compiled with data set #524" class="Tests_Admin_IncludesUpdateCore" classname="Tests_Admin_IncludesUpdateCore" file="/home/meng/Desktop/wptest/wordpress-develop/tests/phpunit/tests/admin/includesUpdateCore.php" line="31" assertions="1" time="0.028139"/>
          <testcase name="test_new_files_are_not_in_old_files_array_compiled with data set #525" class="Tests_Admin_IncludesUpdateCore" classname="Tests_Admin_IncludesUpdateCore" file="/home/meng/Desktop/wptest/wordpress-develop/tests/phpunit/tests/admin/includesUpdateCore.php" line="31" assertions="1" time="0.028072"/>
          <testcase name="test_new_files_are_not_in_old_files_array_compiled with data set #526" class="Tests_Admin_IncludesUpdateCore" classname="Tests_Admin_IncludesUpdateCore" file="/home/meng/Desktop/wptest/wordpress-develop/tests/phpunit/tests/admin/includesUpdateCore.php" line="31" assertions="1" time="0.029642"/>
          <testcase name="test_new_files_are_not_in_old_files_array_compiled with data set #527" class="Tests_Admin_IncludesUpdateCore" classname="Tests_Admin_IncludesUpdateCore" file="/home/meng/Desktop/wptest/wordpress-develop/tests/phpunit/tests/admin/includesUpdateCore.php" line="31" assertions="1" time="0.030868"/>
          <testcase name="test_new_files_are_not_in_old_files_array_compiled with data set #528" class="Tests_Admin_IncludesUpdateCore" classname="Tests_Admin_IncludesUpdateCore" file="/home/meng/Desktop/wptest/wordpress-develop/tests/phpunit/tests/admin/includesUpdateCore.php" line="31" assertions="1" time="0.029122"/>
          <testcase name="test_new_files_are_not_in_old_files_array_compiled with data set #529" class="Tests_Admin_IncludesUpdateCore" classname="Tests_Admin_IncludesUpdateCore" file="/home/meng/Desktop/wptest/wordpress-develop/tests/phpunit/tests/admin/includesUpdateCore.php" line="31" assertions="1" time="0.028278"/>
          <testcase name="test_new_files_are_not_in_old_files_array_compiled with data set #530" class="Tests_Admin_IncludesUpdateCore" classname="Tests_Admin_IncludesUpdateCore" file="/home/meng/Desktop/wptest/wordpress-develop/tests/phpunit/tests/admin/includesUpdateCore.php" line="31" assertions="1" time="0.028958"/>
          <testcase name="test_new_files_are_not_in_old_files_array_compiled with data set #531" class="Tests_Admin_IncludesUpdateCore" classname="Tests_Admin_IncludesUpdateCore" file="/home/meng/Desktop/wptest/wordpress-develop/tests/phpunit/tests/admin/includesUpdateCore.php" line="31" assertions="1" time="0.028756"/>
          <testcase name="test_new_files_are_not_in_old_files_array_compiled with data set #532" class="Tests_Admin_IncludesUpdateCore" classname="Tests_Admin_IncludesUpdateCore" file="/home/meng/Desktop/wptest/wordpress-develop/tests/phpunit/tests/admin/includesUpdateCore.php" line="31" assertions="1" time="0.030682"/>
          <testcase name="test_new_files_are_not_in_old_files_array_compiled with data set #533" class="Tests_Admin_IncludesUpdateCore" classname="Tests_Admin_IncludesUpdateCore" file="/home/meng/Desktop/wptest/wordpress-develop/tests/phpunit/tests/admin/includesUpdateCore.php" line="31" assertions="1" time="0.030816"/>
          <testcase name="test_new_files_are_not_in_old_files_array_compiled with data set #534" class="Tests_Admin_IncludesUpdateCore" classname="Tests_Admin_IncludesUpdateCore" file="/home/meng/Desktop/wptest/wordpress-develop/tests/phpunit/tests/admin/includesUpdateCore.php" line="31" assertions="1" time="0.031497"/>
          <testcase name="test_new_files_are_not_in_old_files_array_compiled with data set #535" class="Tests_Admin_IncludesUpdateCore" classname="Tests_Admin_IncludesUpdateCore" file="/home/meng/Desktop/wptest/wordpress-develop/tests/phpunit/tests/admin/includesUpdateCore.php" line="31" assertions="1" time="0.028285"/>
          <testcase name="test_new_files_are_not_in_old_files_array_compiled with data set #536" class="Tests_Admin_IncludesUpdateCore" classname="Tests_Admin_IncludesUpdateCore" file="/home/meng/Desktop/wptest/wordpress-develop/tests/phpunit/tests/admin/includesUpdateCore.php" line="31" assertions="1" time="0.029979"/>
          <testcase name="test_new_files_are_not_in_old_files_array_compiled with data set #537" class="Tests_Admin_IncludesUpdateCore" classname="Tests_Admin_IncludesUpdateCore" file="/home/meng/Desktop/wptest/wordpress-develop/tests/phpunit/tests/admin/includesUpdateCore.php" line="31" assertions="1" time="0.028496"/>
          <testcase name="test_new_files_are_not_in_old_files_array_compiled with data set #538" class="Tests_Admin_IncludesUpdateCore" classname="Tests_Admin_IncludesUpdateCore" file="/home/meng/Desktop/wptest/wordpress-develop/tests/phpunit/tests/admin/includesUpdateCore.php" line="31" assertions="1" time="0.028683"/>
          <testcase name="test_new_files_are_not_in_old_files_array_compiled with data set #539" class="Tests_Admin_IncludesUpdateCore" classname="Tests_Admin_IncludesUpdateCore" file="/home/meng/Desktop/wptest/wordpress-develop/tests/phpunit/tests/admin/includesUpdateCore.php" line="31" assertions="1" time="0.029117"/>
          <testcase name="test_new_files_are_not_in_old_files_array_compiled with data set #540" class="Tests_Admin_IncludesUpdateCore" classname="Tests_Admin_IncludesUpdateCore" file="/home/meng/Desktop/wptest/wordpress-develop/tests/phpunit/tests/admin/includesUpdateCore.php" line="31" assertions="1" time="0.028361"/>
          <testcase name="test_new_files_are_not_in_old_files_array_compiled with data set #541" class="Tests_Admin_IncludesUpdateCore" classname="Tests_Admin_IncludesUpdateCore" file="/home/meng/Desktop/wptest/wordpress-develop/tests/phpunit/tests/admin/includesUpdateCore.php" line="31" assertions="1" time="0.029189"/>
          <testcase name="test_new_files_are_not_in_old_files_array_compiled with data set #542" class="Tests_Admin_IncludesUpdateCore" classname="Tests_Admin_IncludesUpdateCore" file="/home/meng/Desktop/wptest/wordpress-develop/tests/phpunit/tests/admin/includesUpdateCore.php" line="31" assertions="1" time="0.028123"/>
          <testcase name="test_new_files_are_not_in_old_files_array_compiled with data set #543" class="Tests_Admin_IncludesUpdateCore" classname="Tests_Admin_IncludesUpdateCore" file="/home/meng/Desktop/wptest/wordpress-develop/tests/phpunit/tests/admin/includesUpdateCore.php" line="31" assertions="1" time="0.028259"/>
          <testcase name="test_new_files_are_not_in_old_files_array_compiled with data set #544" class="Tests_Admin_IncludesUpdateCore" classname="Tests_Admin_IncludesUpdateCore" file="/home/meng/Desktop/wptest/wordpress-develop/tests/phpunit/tests/admin/includesUpdateCore.php" line="31" assertions="1" time="0.028626"/>
          <testcase name="test_new_files_are_not_in_old_files_array_compiled with data set #545" class="Tests_Admin_IncludesUpdateCore" classname="Tests_Admin_IncludesUpdateCore" file="/home/meng/Desktop/wptest/wordpress-develop/tests/phpunit/tests/admin/includesUpdateCore.php" line="31" assertions="1" time="0.028488"/>
          <testcase name="test_new_files_are_not_in_old_files_array_compiled with data set #546" class="Tests_Admin_IncludesUpdateCore" classname="Tests_Admin_IncludesUpdateCore" file="/home/meng/Desktop/wptest/wordpress-develop/tests/phpunit/tests/admin/includesUpdateCore.php" line="31" assertions="1" time="0.028737"/>
          <testcase name="test_new_files_are_not_in_old_files_array_compiled with data set #547" class="Tests_Admin_IncludesUpdateCore" classname="Tests_Admin_IncludesUpdateCore" file="/home/meng/Desktop/wptest/wordpress-develop/tests/phpunit/tests/admin/includesUpdateCore.php" line="31" assertions="1" time="0.033539"/>
          <testcase name="test_new_files_are_not_in_old_files_array_compiled with data set #548" class="Tests_Admin_IncludesUpdateCore" classname="Tests_Admin_IncludesUpdateCore" file="/home/meng/Desktop/wptest/wordpress-develop/tests/phpunit/tests/admin/includesUpdateCore.php" line="31" assertions="1" time="0.028806"/>
          <testcase name="test_new_files_are_not_in_old_files_array_compiled with data set #549" class="Tests_Admin_IncludesUpdateCore" classname="Tests_Admin_IncludesUpdateCore" file="/home/meng/Desktop/wptest/wordpress-develop/tests/phpunit/tests/admin/includesUpdateCore.php" line="31" assertions="1" time="0.031074"/>
          <testcase name="test_new_files_are_not_in_old_files_array_compiled with data set #550" class="Tests_Admin_IncludesUpdateCore" classname="Tests_Admin_IncludesUpdateCore" file="/home/meng/Desktop/wptest/wordpress-develop/tests/phpunit/tests/admin/includesUpdateCore.php" line="31" assertions="1" time="0.028342"/>
          <testcase name="test_new_files_are_not_in_old_files_array_compiled with data set #551" class="Tests_Admin_IncludesUpdateCore" classname="Tests_Admin_IncludesUpdateCore" file="/home/meng/Desktop/wptest/wordpress-develop/tests/phpunit/tests/admin/includesUpdateCore.php" line="31" assertions="1" time="0.029484"/>
          <testcase name="test_new_files_are_not_in_old_files_array_compiled with data set #552" class="Tests_Admin_IncludesUpdateCore" classname="Tests_Admin_IncludesUpdateCore" file="/home/meng/Desktop/wptest/wordpress-develop/tests/phpunit/tests/admin/includesUpdateCore.php" line="31" assertions="1" time="0.028950"/>
          <testcase name="test_new_files_are_not_in_old_files_array_compiled with data set #553" class="Tests_Admin_IncludesUpdateCore" classname="Tests_Admin_IncludesUpdateCore" file="/home/meng/Desktop/wptest/wordpress-develop/tests/phpunit/tests/admin/includesUpdateCore.php" line="31" assertions="1" time="0.028134"/>
          <testcase name="test_new_files_are_not_in_old_files_array_compiled with data set #554" class="Tests_Admin_IncludesUpdateCore" classname="Tests_Admin_IncludesUpdateCore" file="/home/meng/Desktop/wptest/wordpress-develop/tests/phpunit/tests/admin/includesUpdateCore.php" line="31" assertions="1" time="0.029149"/>
          <testcase name="test_new_files_are_not_in_old_files_array_compiled with data set #555" class="Tests_Admin_IncludesUpdateCore" classname="Tests_Admin_IncludesUpdateCore" file="/home/meng/Desktop/wptest/wordpress-develop/tests/phpunit/tests/admin/includesUpdateCore.php" line="31" assertions="1" time="0.029320"/>
          <testcase name="test_new_files_are_not_in_old_files_array_compiled with data set #556" class="Tests_Admin_IncludesUpdateCore" classname="Tests_Admin_IncludesUpdateCore" file="/home/meng/Desktop/wptest/wordpress-develop/tests/phpunit/tests/admin/includesUpdateCore.php" line="31" assertions="1" time="0.028705"/>
          <testcase name="test_new_files_are_not_in_old_files_array_compiled with data set #557" class="Tests_Admin_IncludesUpdateCore" classname="Tests_Admin_IncludesUpdateCore" file="/home/meng/Desktop/wptest/wordpress-develop/tests/phpunit/tests/admin/includesUpdateCore.php" line="31" assertions="1" time="0.028411"/>
          <testcase name="test_new_files_are_not_in_old_files_array_compiled with data set #558" class="Tests_Admin_IncludesUpdateCore" classname="Tests_Admin_IncludesUpdateCore" file="/home/meng/Desktop/wptest/wordpress-develop/tests/phpunit/tests/admin/includesUpdateCore.php" line="31" assertions="1" time="0.028612"/>
          <testcase name="test_new_files_are_not_in_old_files_array_compiled with data set #559" class="Tests_Admin_IncludesUpdateCore" classname="Tests_Admin_IncludesUpdateCore" file="/home/meng/Desktop/wptest/wordpress-develop/tests/phpunit/tests/admin/includesUpdateCore.php" line="31" assertions="1" time="0.028590"/>
          <testcase name="test_new_files_are_not_in_old_files_array_compiled with data set #560" class="Tests_Admin_IncludesUpdateCore" classname="Tests_Admin_IncludesUpdateCore" file="/home/meng/Desktop/wptest/wordpress-develop/tests/phpunit/tests/admin/includesUpdateCore.php" line="31" assertions="1" time="0.028915"/>
          <testcase name="test_new_files_are_not_in_old_files_array_compiled with data set #561" class="Tests_Admin_IncludesUpdateCore" classname="Tests_Admin_IncludesUpdateCore" file="/home/meng/Desktop/wptest/wordpress-develop/tests/phpunit/tests/admin/includesUpdateCore.php" line="31" assertions="1" time="0.029725"/>
          <testcase name="test_new_files_are_not_in_old_files_array_compiled with data set #562" class="Tests_Admin_IncludesUpdateCore" classname="Tests_Admin_IncludesUpdateCore" file="/home/meng/Desktop/wptest/wordpress-develop/tests/phpunit/tests/admin/includesUpdateCore.php" line="31" assertions="1" time="0.029233"/>
          <testcase name="test_new_files_are_not_in_old_files_array_compiled with data set #563" class="Tests_Admin_IncludesUpdateCore" classname="Tests_Admin_IncludesUpdateCore" file="/home/meng/Desktop/wptest/wordpress-develop/tests/phpunit/tests/admin/includesUpdateCore.php" line="31" assertions="1" time="0.028491"/>
          <testcase name="test_new_files_are_not_in_old_files_array_compiled with data set #564" class="Tests_Admin_IncludesUpdateCore" classname="Tests_Admin_IncludesUpdateCore" file="/home/meng/Desktop/wptest/wordpress-develop/tests/phpunit/tests/admin/includesUpdateCore.php" line="31" assertions="1" time="0.030219"/>
          <testcase name="test_new_files_are_not_in_old_files_array_compiled with data set #565" class="Tests_Admin_IncludesUpdateCore" classname="Tests_Admin_IncludesUpdateCore" file="/home/meng/Desktop/wptest/wordpress-develop/tests/phpunit/tests/admin/includesUpdateCore.php" line="31" assertions="1" time="0.030372"/>
          <testcase name="test_new_files_are_not_in_old_files_array_compiled with data set #566" class="Tests_Admin_IncludesUpdateCore" classname="Tests_Admin_IncludesUpdateCore" file="/home/meng/Desktop/wptest/wordpress-develop/tests/phpunit/tests/admin/includesUpdateCore.php" line="31" assertions="1" time="0.028508"/>
          <testcase name="test_new_files_are_not_in_old_files_array_compiled with data set #567" class="Tests_Admin_IncludesUpdateCore" classname="Tests_Admin_IncludesUpdateCore" file="/home/meng/Desktop/wptest/wordpress-develop/tests/phpunit/tests/admin/includesUpdateCore.php" line="31" assertions="1" time="0.028462"/>
          <testcase name="test_new_files_are_not_in_old_files_array_compiled with data set #568" class="Tests_Admin_IncludesUpdateCore" classname="Tests_Admin_IncludesUpdateCore" file="/home/meng/Desktop/wptest/wordpress-develop/tests/phpunit/tests/admin/includesUpdateCore.php" line="31" assertions="1" time="0.028021"/>
          <testcase name="test_new_files_are_not_in_old_files_array_compiled with data set #569" class="Tests_Admin_IncludesUpdateCore" classname="Tests_Admin_IncludesUpdateCore" file="/home/meng/Desktop/wptest/wordpress-develop/tests/phpunit/tests/admin/includesUpdateCore.php" line="31" assertions="1" time="0.029279"/>
          <testcase name="test_new_files_are_not_in_old_files_array_compiled with data set #570" class="Tests_Admin_IncludesUpdateCore" classname="Tests_Admin_IncludesUpdateCore" file="/home/meng/Desktop/wptest/wordpress-develop/tests/phpunit/tests/admin/includesUpdateCore.php" line="31" assertions="1" time="0.028954"/>
          <testcase name="test_new_files_are_not_in_old_files_array_compiled with data set #571" class="Tests_Admin_IncludesUpdateCore" classname="Tests_Admin_IncludesUpdateCore" file="/home/meng/Desktop/wptest/wordpress-develop/tests/phpunit/tests/admin/includesUpdateCore.php" line="31" assertions="1" time="0.028812"/>
          <testcase name="test_new_files_are_not_in_old_files_array_compiled with data set #572" class="Tests_Admin_IncludesUpdateCore" classname="Tests_Admin_IncludesUpdateCore" file="/home/meng/Desktop/wptest/wordpress-develop/tests/phpunit/tests/admin/includesUpdateCore.php" line="31" assertions="1" time="0.028534"/>
          <testcase name="test_new_files_are_not_in_old_files_array_compiled with data set #573" class="Tests_Admin_IncludesUpdateCore" classname="Tests_Admin_IncludesUpdateCore" file="/home/meng/Desktop/wptest/wordpress-develop/tests/phpunit/tests/admin/includesUpdateCore.php" line="31" assertions="1" time="0.028488"/>
          <testcase name="test_new_files_are_not_in_old_files_array_compiled with data set #574" class="Tests_Admin_IncludesUpdateCore" classname="Tests_Admin_IncludesUpdateCore" file="/home/meng/Desktop/wptest/wordpress-develop/tests/phpunit/tests/admin/includesUpdateCore.php" line="31" assertions="1" time="0.032529"/>
          <testcase name="test_new_files_are_not_in_old_files_array_compiled with data set #575" class="Tests_Admin_IncludesUpdateCore" classname="Tests_Admin_IncludesUpdateCore" file="/home/meng/Desktop/wptest/wordpress-develop/tests/phpunit/tests/admin/includesUpdateCore.php" line="31" assertions="1" time="0.028756"/>
          <testcase name="test_new_files_are_not_in_old_files_array_compiled with data set #576" class="Tests_Admin_IncludesUpdateCore" classname="Tests_Admin_IncludesUpdateCore" file="/home/meng/Desktop/wptest/wordpress-develop/tests/phpunit/tests/admin/includesUpdateCore.php" line="31" assertions="1" time="0.028504"/>
          <testcase name="test_new_files_are_not_in_old_files_array_compiled with data set #577" class="Tests_Admin_IncludesUpdateCore" classname="Tests_Admin_IncludesUpdateCore" file="/home/meng/Desktop/wptest/wordpress-develop/tests/phpunit/tests/admin/includesUpdateCore.php" line="31" assertions="1" time="0.029134"/>
          <testcase name="test_new_files_are_not_in_old_files_array_compiled with data set #578" class="Tests_Admin_IncludesUpdateCore" classname="Tests_Admin_IncludesUpdateCore" file="/home/meng/Desktop/wptest/wordpress-develop/tests/phpunit/tests/admin/includesUpdateCore.php" line="31" assertions="1" time="0.028598"/>
          <testcase name="test_new_files_are_not_in_old_files_array_compiled with data set #579" class="Tests_Admin_IncludesUpdateCore" classname="Tests_Admin_IncludesUpdateCore" file="/home/meng/Desktop/wptest/wordpress-develop/tests/phpunit/tests/admin/includesUpdateCore.php" line="31" assertions="1" time="0.028786"/>
          <testcase name="test_new_files_are_not_in_old_files_array_compiled with data set #580" class="Tests_Admin_IncludesUpdateCore" classname="Tests_Admin_IncludesUpdateCore" file="/home/meng/Desktop/wptest/wordpress-develop/tests/phpunit/tests/admin/includesUpdateCore.php" line="31" assertions="1" time="0.028809"/>
          <testcase name="test_new_files_are_not_in_old_files_array_compiled with data set #581" class="Tests_Admin_IncludesUpdateCore" classname="Tests_Admin_IncludesUpdateCore" file="/home/meng/Desktop/wptest/wordpress-develop/tests/phpunit/tests/admin/includesUpdateCore.php" line="31" assertions="1" time="0.028086"/>
          <testcase name="test_new_files_are_not_in_old_files_array_compiled with data set #582" class="Tests_Admin_IncludesUpdateCore" classname="Tests_Admin_IncludesUpdateCore" file="/home/meng/Desktop/wptest/wordpress-develop/tests/phpunit/tests/admin/includesUpdateCore.php" line="31" assertions="1" time="0.029188"/>
          <testcase name="test_new_files_are_not_in_old_files_array_compiled with data set #583" class="Tests_Admin_IncludesUpdateCore" classname="Tests_Admin_IncludesUpdateCore" file="/home/meng/Desktop/wptest/wordpress-develop/tests/phpunit/tests/admin/includesUpdateCore.php" line="31" assertions="1" time="0.028744"/>
          <testcase name="test_new_files_are_not_in_old_files_array_compiled with data set #584" class="Tests_Admin_IncludesUpdateCore" classname="Tests_Admin_IncludesUpdateCore" file="/home/meng/Desktop/wptest/wordpress-develop/tests/phpunit/tests/admin/includesUpdateCore.php" line="31" assertions="1" time="0.030159"/>
          <testcase name="test_new_files_are_not_in_old_files_array_compiled with data set #585" class="Tests_Admin_IncludesUpdateCore" classname="Tests_Admin_IncludesUpdateCore" file="/home/meng/Desktop/wptest/wordpress-develop/tests/phpunit/tests/admin/includesUpdateCore.php" line="31" assertions="1" time="0.028705"/>
          <testcase name="test_new_files_are_not_in_old_files_array_compiled with data set #586" class="Tests_Admin_IncludesUpdateCore" classname="Tests_Admin_IncludesUpdateCore" file="/home/meng/Desktop/wptest/wordpress-develop/tests/phpunit/tests/admin/includesUpdateCore.php" line="31" assertions="1" time="0.028586"/>
          <testcase name="test_new_files_are_not_in_old_files_array_compiled with data set #587" class="Tests_Admin_IncludesUpdateCore" classname="Tests_Admin_IncludesUpdateCore" file="/home/meng/Desktop/wptest/wordpress-develop/tests/phpunit/tests/admin/includesUpdateCore.php" line="31" assertions="1" time="0.029250"/>
          <testcase name="test_new_files_are_not_in_old_files_array_compiled with data set #588" class="Tests_Admin_IncludesUpdateCore" classname="Tests_Admin_IncludesUpdateCore" file="/home/meng/Desktop/wptest/wordpress-develop/tests/phpunit/tests/admin/includesUpdateCore.php" line="31" assertions="1" time="0.028669"/>
          <testcase name="test_new_files_are_not_in_old_files_array_compiled with data set #589" class="Tests_Admin_IncludesUpdateCore" classname="Tests_Admin_IncludesUpdateCore" file="/home/meng/Desktop/wptest/wordpress-develop/tests/phpunit/tests/admin/includesUpdateCore.php" line="31" assertions="1" time="0.028587"/>
          <testcase name="test_new_files_are_not_in_old_files_array_compiled with data set #590" class="Tests_Admin_IncludesUpdateCore" classname="Tests_Admin_IncludesUpdateCore" file="/home/meng/Desktop/wptest/wordpress-develop/tests/phpunit/tests/admin/includesUpdateCore.php" line="31" assertions="1" time="0.030767"/>
          <testcase name="test_new_files_are_not_in_old_files_array_compiled with data set #591" class="Tests_Admin_IncludesUpdateCore" classname="Tests_Admin_IncludesUpdateCore" file="/home/meng/Desktop/wptest/wordpress-develop/tests/phpunit/tests/admin/includesUpdateCore.php" line="31" assertions="1" time="0.028604"/>
          <testcase name="test_new_files_are_not_in_old_files_array_compiled with data set #592" class="Tests_Admin_IncludesUpdateCore" classname="Tests_Admin_IncludesUpdateCore" file="/home/meng/Desktop/wptest/wordpress-develop/tests/phpunit/tests/admin/includesUpdateCore.php" line="31" assertions="1" time="0.028566"/>
          <testcase name="test_new_files_are_not_in_old_files_array_compiled with data set #593" class="Tests_Admin_IncludesUpdateCore" classname="Tests_Admin_IncludesUpdateCore" file="/home/meng/Desktop/wptest/wordpress-develop/tests/phpunit/tests/admin/includesUpdateCore.php" line="31" assertions="1" time="0.030337"/>
          <testcase name="test_new_files_are_not_in_old_files_array_compiled with data set #594" class="Tests_Admin_IncludesUpdateCore" classname="Tests_Admin_IncludesUpdateCore" file="/home/meng/Desktop/wptest/wordpress-develop/tests/phpunit/tests/admin/includesUpdateCore.php" line="31" assertions="1" time="0.028761"/>
          <testcase name="test_new_files_are_not_in_old_files_array_compiled with data set #595" class="Tests_Admin_IncludesUpdateCore" classname="Tests_Admin_IncludesUpdateCore" file="/home/meng/Desktop/wptest/wordpress-develop/tests/phpunit/tests/admin/includesUpdateCore.php" line="31" assertions="1" time="0.028657"/>
          <testcase name="test_new_files_are_not_in_old_files_array_compiled with data set #596" class="Tests_Admin_IncludesUpdateCore" classname="Tests_Admin_IncludesUpdateCore" file="/home/meng/Desktop/wptest/wordpress-develop/tests/phpunit/tests/admin/includesUpdateCore.php" line="31" assertions="1" time="0.028548"/>
          <testcase name="test_new_files_are_not_in_old_files_array_compiled with data set #597" class="Tests_Admin_IncludesUpdateCore" classname="Tests_Admin_IncludesUpdateCore" file="/home/meng/Desktop/wptest/wordpress-develop/tests/phpunit/tests/admin/includesUpdateCore.php" line="31" assertions="1" time="0.033038"/>
          <testcase name="test_new_files_are_not_in_old_files_array_compiled with data set #598" class="Tests_Admin_IncludesUpdateCore" classname="Tests_Admin_IncludesUpdateCore" file="/home/meng/Desktop/wptest/wordpress-develop/tests/phpunit/tests/admin/includesUpdateCore.php" line="31" assertions="1" time="0.029932"/>
          <testcase name="test_new_files_are_not_in_old_files_array_compiled with data set #599" class="Tests_Admin_IncludesUpdateCore" classname="Tests_Admin_IncludesUpdateCore" file="/home/meng/Desktop/wptest/wordpress-develop/tests/phpunit/tests/admin/includesUpdateCore.php" line="31" assertions="1" time="0.038412"/>
          <testcase name="test_new_files_are_not_in_old_files_array_compiled with data set #600" class="Tests_Admin_IncludesUpdateCore" classname="Tests_Admin_IncludesUpdateCore" file="/home/meng/Desktop/wptest/wordpress-develop/tests/phpunit/tests/admin/includesUpdateCore.php" line="31" assertions="1" time="0.029704"/>
          <testcase name="test_new_files_are_not_in_old_files_array_compiled with data set #601" class="Tests_Admin_IncludesUpdateCore" classname="Tests_Admin_IncludesUpdateCore" file="/home/meng/Desktop/wptest/wordpress-develop/tests/phpunit/tests/admin/includesUpdateCore.php" line="31" assertions="1" time="0.029840"/>
          <testcase name="test_new_files_are_not_in_old_files_array_compiled with data set #602" class="Tests_Admin_IncludesUpdateCore" classname="Tests_Admin_IncludesUpdateCore" file="/home/meng/Desktop/wptest/wordpress-develop/tests/phpunit/tests/admin/includesUpdateCore.php" line="31" assertions="1" time="0.028870"/>
          <testcase name="test_new_files_are_not_in_old_files_array_compiled with data set #603" class="Tests_Admin_IncludesUpdateCore" classname="Tests_Admin_IncludesUpdateCore" file="/home/meng/Desktop/wptest/wordpress-develop/tests/phpunit/tests/admin/includesUpdateCore.php" line="31" assertions="1" time="0.029088"/>
          <testcase name="test_new_files_are_not_in_old_files_array_compiled with data set #604" class="Tests_Admin_IncludesUpdateCore" classname="Tests_Admin_IncludesUpdateCore" file="/home/meng/Desktop/wptest/wordpress-develop/tests/phpunit/tests/admin/includesUpdateCore.php" line="31" assertions="1" time="0.028822"/>
          <testcase name="test_new_files_are_not_in_old_files_array_compiled with data set #605" class="Tests_Admin_IncludesUpdateCore" classname="Tests_Admin_IncludesUpdateCore" file="/home/meng/Desktop/wptest/wordpress-develop/tests/phpunit/tests/admin/includesUpdateCore.php" line="31" assertions="1" time="0.030296"/>
          <testcase name="test_new_files_are_not_in_old_files_array_compiled with data set #606" class="Tests_Admin_IncludesUpdateCore" classname="Tests_Admin_IncludesUpdateCore" file="/home/meng/Desktop/wptest/wordpress-develop/tests/phpunit/tests/admin/includesUpdateCore.php" line="31" assertions="1" time="0.028593"/>
          <testcase name="test_new_files_are_not_in_old_files_array_compiled with data set #607" class="Tests_Admin_IncludesUpdateCore" classname="Tests_Admin_IncludesUpdateCore" file="/home/meng/Desktop/wptest/wordpress-develop/tests/phpunit/tests/admin/includesUpdateCore.php" line="31" assertions="1" time="0.028338"/>
          <testcase name="test_new_files_are_not_in_old_files_array_compiled with data set #608" class="Tests_Admin_IncludesUpdateCore" classname="Tests_Admin_IncludesUpdateCore" file="/home/meng/Desktop/wptest/wordpress-develop/tests/phpunit/tests/admin/includesUpdateCore.php" line="31" assertions="1" time="0.028534"/>
          <testcase name="test_new_files_are_not_in_old_files_array_compiled with data set #609" class="Tests_Admin_IncludesUpdateCore" classname="Tests_Admin_IncludesUpdateCore" file="/home/meng/Desktop/wptest/wordpress-develop/tests/phpunit/tests/admin/includesUpdateCore.php" line="31" assertions="1" time="0.028636"/>
          <testcase name="test_new_files_are_not_in_old_files_array_compiled with data set #610" class="Tests_Admin_IncludesUpdateCore" classname="Tests_Admin_IncludesUpdateCore" file="/home/meng/Desktop/wptest/wordpress-develop/tests/phpunit/tests/admin/includesUpdateCore.php" line="31" assertions="1" time="0.029456"/>
          <testcase name="test_new_files_are_not_in_old_files_array_compiled with data set #611" class="Tests_Admin_IncludesUpdateCore" classname="Tests_Admin_IncludesUpdateCore" file="/home/meng/Desktop/wptest/wordpress-develop/tests/phpunit/tests/admin/includesUpdateCore.php" line="31" assertions="1" time="0.031903"/>
          <testcase name="test_new_files_are_not_in_old_files_array_compiled with data set #612" class="Tests_Admin_IncludesUpdateCore" classname="Tests_Admin_IncludesUpdateCore" file="/home/meng/Desktop/wptest/wordpress-develop/tests/phpunit/tests/admin/includesUpdateCore.php" line="31" assertions="1" time="0.030798"/>
          <testcase name="test_new_files_are_not_in_old_files_array_compiled with data set #613" class="Tests_Admin_IncludesUpdateCore" classname="Tests_Admin_IncludesUpdateCore" file="/home/meng/Desktop/wptest/wordpress-develop/tests/phpunit/tests/admin/includesUpdateCore.php" line="31" assertions="1" time="0.028759"/>
          <testcase name="test_new_files_are_not_in_old_files_array_compiled with data set #614" class="Tests_Admin_IncludesUpdateCore" classname="Tests_Admin_IncludesUpdateCore" file="/home/meng/Desktop/wptest/wordpress-develop/tests/phpunit/tests/admin/includesUpdateCore.php" line="31" assertions="1" time="0.034696"/>
          <testcase name="test_new_files_are_not_in_old_files_array_compiled with data set #615" class="Tests_Admin_IncludesUpdateCore" classname="Tests_Admin_IncludesUpdateCore" file="/home/meng/Desktop/wptest/wordpress-develop/tests/phpunit/tests/admin/includesUpdateCore.php" line="31" assertions="1" time="0.028726"/>
          <testcase name="test_new_files_are_not_in_old_files_array_compiled with data set #616" class="Tests_Admin_IncludesUpdateCore" classname="Tests_Admin_IncludesUpdateCore" file="/home/meng/Desktop/wptest/wordpress-develop/tests/phpunit/tests/admin/includesUpdateCore.php" line="31" assertions="1" time="0.028691"/>
          <testcase name="test_new_files_are_not_in_old_files_array_compiled with data set #617" class="Tests_Admin_IncludesUpdateCore" classname="Tests_Admin_IncludesUpdateCore" file="/home/meng/Desktop/wptest/wordpress-develop/tests/phpunit/tests/admin/includesUpdateCore.php" line="31" assertions="1" time="0.029288"/>
          <testcase name="test_new_files_are_not_in_old_files_array_compiled with data set #618" class="Tests_Admin_IncludesUpdateCore" classname="Tests_Admin_IncludesUpdateCore" file="/home/meng/Desktop/wptest/wordpress-develop/tests/phpunit/tests/admin/includesUpdateCore.php" line="31" assertions="1" time="0.028429"/>
          <testcase name="test_new_files_are_not_in_old_files_array_compiled with data set #619" class="Tests_Admin_IncludesUpdateCore" classname="Tests_Admin_IncludesUpdateCore" file="/home/meng/Desktop/wptest/wordpress-develop/tests/phpunit/tests/admin/includesUpdateCore.php" line="31" assertions="1" time="0.028205"/>
          <testcase name="test_new_files_are_not_in_old_files_array_compiled with data set #620" class="Tests_Admin_IncludesUpdateCore" classname="Tests_Admin_IncludesUpdateCore" file="/home/meng/Desktop/wptest/wordpress-develop/tests/phpunit/tests/admin/includesUpdateCore.php" line="31" assertions="1" time="0.028190"/>
          <testcase name="test_new_files_are_not_in_old_files_array_compiled with data set #621" class="Tests_Admin_IncludesUpdateCore" classname="Tests_Admin_IncludesUpdateCore" file="/home/meng/Desktop/wptest/wordpress-develop/tests/phpunit/tests/admin/includesUpdateCore.php" line="31" assertions="1" time="0.029259"/>
          <testcase name="test_new_files_are_not_in_old_files_array_compiled with data set #622" class="Tests_Admin_IncludesUpdateCore" classname="Tests_Admin_IncludesUpdateCore" file="/home/meng/Desktop/wptest/wordpress-develop/tests/phpunit/tests/admin/includesUpdateCore.php" line="31" assertions="1" time="0.028689"/>
          <testcase name="test_new_files_are_not_in_old_files_array_compiled with data set #623" class="Tests_Admin_IncludesUpdateCore" classname="Tests_Admin_IncludesUpdateCore" file="/home/meng/Desktop/wptest/wordpress-develop/tests/phpunit/tests/admin/includesUpdateCore.php" line="31" assertions="1" time="0.028731"/>
          <testcase name="test_new_files_are_not_in_old_files_array_compiled with data set #624" class="Tests_Admin_IncludesUpdateCore" classname="Tests_Admin_IncludesUpdateCore" file="/home/meng/Desktop/wptest/wordpress-develop/tests/phpunit/tests/admin/includesUpdateCore.php" line="31" assertions="1" time="0.028624"/>
          <testcase name="test_new_files_are_not_in_old_files_array_compiled with data set #625" class="Tests_Admin_IncludesUpdateCore" classname="Tests_Admin_IncludesUpdateCore" file="/home/meng/Desktop/wptest/wordpress-develop/tests/phpunit/tests/admin/includesUpdateCore.php" line="31" assertions="1" time="0.031387"/>
          <testcase name="test_new_files_are_not_in_old_files_array_compiled with data set #626" class="Tests_Admin_IncludesUpdateCore" classname="Tests_Admin_IncludesUpdateCore" file="/home/meng/Desktop/wptest/wordpress-develop/tests/phpunit/tests/admin/includesUpdateCore.php" line="31" assertions="1" time="0.030136"/>
          <testcase name="test_new_files_are_not_in_old_files_array_compiled with data set #627" class="Tests_Admin_IncludesUpdateCore" classname="Tests_Admin_IncludesUpdateCore" file="/home/meng/Desktop/wptest/wordpress-develop/tests/phpunit/tests/admin/includesUpdateCore.php" line="31" assertions="1" time="0.028676"/>
          <testcase name="test_new_files_are_not_in_old_files_array_compiled with data set #628" class="Tests_Admin_IncludesUpdateCore" classname="Tests_Admin_IncludesUpdateCore" file="/home/meng/Desktop/wptest/wordpress-develop/tests/phpunit/tests/admin/includesUpdateCore.php" line="31" assertions="1" time="0.028296"/>
          <testcase name="test_new_files_are_not_in_old_files_array_compiled with data set #629" class="Tests_Admin_IncludesUpdateCore" classname="Tests_Admin_IncludesUpdateCore" file="/home/meng/Desktop/wptest/wordpress-develop/tests/phpunit/tests/admin/includesUpdateCore.php" line="31" assertions="1" time="0.029169"/>
          <testcase name="test_new_files_are_not_in_old_files_array_compiled with data set #630" class="Tests_Admin_IncludesUpdateCore" classname="Tests_Admin_IncludesUpdateCore" file="/home/meng/Desktop/wptest/wordpress-develop/tests/phpunit/tests/admin/includesUpdateCore.php" line="31" assertions="1" time="0.029440"/>
          <testcase name="test_new_files_are_not_in_old_files_array_compiled with data set #631" class="Tests_Admin_IncludesUpdateCore" classname="Tests_Admin_IncludesUpdateCore" file="/home/meng/Desktop/wptest/wordpress-develop/tests/phpunit/tests/admin/includesUpdateCore.php" line="31" assertions="1" time="0.030626"/>
          <testcase name="test_new_files_are_not_in_old_files_array_compiled with data set #632" class="Tests_Admin_IncludesUpdateCore" classname="Tests_Admin_IncludesUpdateCore" file="/home/meng/Desktop/wptest/wordpress-develop/tests/phpunit/tests/admin/includesUpdateCore.php" line="31" assertions="1" time="0.033605"/>
          <testcase name="test_new_files_are_not_in_old_files_array_compiled with data set #633" class="Tests_Admin_IncludesUpdateCore" classname="Tests_Admin_IncludesUpdateCore" file="/home/meng/Desktop/wptest/wordpress-develop/tests/phpunit/tests/admin/includesUpdateCore.php" line="31" assertions="1" time="0.029064"/>
          <testcase name="test_new_files_are_not_in_old_files_array_compiled with data set #634" class="Tests_Admin_IncludesUpdateCore" classname="Tests_Admin_IncludesUpdateCore" file="/home/meng/Desktop/wptest/wordpress-develop/tests/phpunit/tests/admin/includesUpdateCore.php" line="31" assertions="1" time="0.028545"/>
          <testcase name="test_new_files_are_not_in_old_files_array_compiled with data set #635" class="Tests_Admin_IncludesUpdateCore" classname="Tests_Admin_IncludesUpdateCore" file="/home/meng/Desktop/wptest/wordpress-develop/tests/phpunit/tests/admin/includesUpdateCore.php" line="31" assertions="1" time="0.028252"/>
          <testcase name="test_new_files_are_not_in_old_files_array_compiled with data set #636" class="Tests_Admin_IncludesUpdateCore" classname="Tests_Admin_IncludesUpdateCore" file="/home/meng/Desktop/wptest/wordpress-develop/tests/phpunit/tests/admin/includesUpdateCore.php" line="31" assertions="1" time="0.028264"/>
          <testcase name="test_new_files_are_not_in_old_files_array_compiled with data set #637" class="Tests_Admin_IncludesUpdateCore" classname="Tests_Admin_IncludesUpdateCore" file="/home/meng/Desktop/wptest/wordpress-develop/tests/phpunit/tests/admin/includesUpdateCore.php" line="31" assertions="1" time="0.029217"/>
          <testcase name="test_new_files_are_not_in_old_files_array_compiled with data set #638" class="Tests_Admin_IncludesUpdateCore" classname="Tests_Admin_IncludesUpdateCore" file="/home/meng/Desktop/wptest/wordpress-develop/tests/phpunit/tests/admin/includesUpdateCore.php" line="31" assertions="1" time="0.029565"/>
          <testcase name="test_new_files_are_not_in_old_files_array_compiled with data set #639" class="Tests_Admin_IncludesUpdateCore" classname="Tests_Admin_IncludesUpdateCore" file="/home/meng/Desktop/wptest/wordpress-develop/tests/phpunit/tests/admin/includesUpdateCore.php" line="31" assertions="1" time="0.030661"/>
          <testcase name="test_new_files_are_not_in_old_files_array_compiled with data set #640" class="Tests_Admin_IncludesUpdateCore" classname="Tests_Admin_IncludesUpdateCore" file="/home/meng/Desktop/wptest/wordpress-develop/tests/phpunit/tests/admin/includesUpdateCore.php" line="31" assertions="1" time="0.029317"/>
          <testcase name="test_new_files_are_not_in_old_files_array_compiled with data set #641" class="Tests_Admin_IncludesUpdateCore" classname="Tests_Admin_IncludesUpdateCore" file="/home/meng/Desktop/wptest/wordpress-develop/tests/phpunit/tests/admin/includesUpdateCore.php" line="31" assertions="1" time="0.029997"/>
          <testcase name="test_new_files_are_not_in_old_files_array_compiled with data set #642" class="Tests_Admin_IncludesUpdateCore" classname="Tests_Admin_IncludesUpdateCore" file="/home/meng/Desktop/wptest/wordpress-develop/tests/phpunit/tests/admin/includesUpdateCore.php" line="31" assertions="1" time="0.028480"/>
          <testcase name="test_new_files_are_not_in_old_files_array_compiled with data set #643" class="Tests_Admin_IncludesUpdateCore" classname="Tests_Admin_IncludesUpdateCore" file="/home/meng/Desktop/wptest/wordpress-develop/tests/phpunit/tests/admin/includesUpdateCore.php" line="31" assertions="1" time="0.032553"/>
          <testcase name="test_new_files_are_not_in_old_files_array_compiled with data set #644" class="Tests_Admin_IncludesUpdateCore" classname="Tests_Admin_IncludesUpdateCore" file="/home/meng/Desktop/wptest/wordpress-develop/tests/phpunit/tests/admin/includesUpdateCore.php" line="31" assertions="1" time="0.029417"/>
          <testcase name="test_new_files_are_not_in_old_files_array_compiled with data set #645" class="Tests_Admin_IncludesUpdateCore" classname="Tests_Admin_IncludesUpdateCore" file="/home/meng/Desktop/wptest/wordpress-develop/tests/phpunit/tests/admin/includesUpdateCore.php" line="31" assertions="1" time="0.029211"/>
          <testcase name="test_new_files_are_not_in_old_files_array_compiled with data set #646" class="Tests_Admin_IncludesUpdateCore" classname="Tests_Admin_IncludesUpdateCore" file="/home/meng/Desktop/wptest/wordpress-develop/tests/phpunit/tests/admin/includesUpdateCore.php" line="31" assertions="1" time="0.029481"/>
          <testcase name="test_new_files_are_not_in_old_files_array_compiled with data set #647" class="Tests_Admin_IncludesUpdateCore" classname="Tests_Admin_IncludesUpdateCore" file="/home/meng/Desktop/wptest/wordpress-develop/tests/phpunit/tests/admin/includesUpdateCore.php" line="31" assertions="1" time="0.028221"/>
          <testcase name="test_new_files_are_not_in_old_files_array_compiled with data set #648" class="Tests_Admin_IncludesUpdateCore" classname="Tests_Admin_IncludesUpdateCore" file="/home/meng/Desktop/wptest/wordpress-develop/tests/phpunit/tests/admin/includesUpdateCore.php" line="31" assertions="1" time="0.028576"/>
          <testcase name="test_new_files_are_not_in_old_files_array_compiled with data set #649" class="Tests_Admin_IncludesUpdateCore" classname="Tests_Admin_IncludesUpdateCore" file="/home/meng/Desktop/wptest/wordpress-develop/tests/phpunit/tests/admin/includesUpdateCore.php" line="31" assertions="1" time="0.030207"/>
          <testcase name="test_new_files_are_not_in_old_files_array_compiled with data set #650" class="Tests_Admin_IncludesUpdateCore" classname="Tests_Admin_IncludesUpdateCore" file="/home/meng/Desktop/wptest/wordpress-develop/tests/phpunit/tests/admin/includesUpdateCore.php" line="31" assertions="1" time="0.040358"/>
          <testcase name="test_new_files_are_not_in_old_files_array_compiled with data set #651" class="Tests_Admin_IncludesUpdateCore" classname="Tests_Admin_IncludesUpdateCore" file="/home/meng/Desktop/wptest/wordpress-develop/tests/phpunit/tests/admin/includesUpdateCore.php" line="31" assertions="1" time="0.030192"/>
          <testcase name="test_new_files_are_not_in_old_files_array_compiled with data set #652" class="Tests_Admin_IncludesUpdateCore" classname="Tests_Admin_IncludesUpdateCore" file="/home/meng/Desktop/wptest/wordpress-develop/tests/phpunit/tests/admin/includesUpdateCore.php" line="31" assertions="1" time="0.028769"/>
          <testcase name="test_new_files_are_not_in_old_files_array_compiled with data set #653" class="Tests_Admin_IncludesUpdateCore" classname="Tests_Admin_IncludesUpdateCore" file="/home/meng/Desktop/wptest/wordpress-develop/tests/phpunit/tests/admin/includesUpdateCore.php" line="31" assertions="1" time="0.030099"/>
          <testcase name="test_new_files_are_not_in_old_files_array_compiled with data set #654" class="Tests_Admin_IncludesUpdateCore" classname="Tests_Admin_IncludesUpdateCore" file="/home/meng/Desktop/wptest/wordpress-develop/tests/phpunit/tests/admin/includesUpdateCore.php" line="31" assertions="1" time="0.028947"/>
          <testcase name="test_new_files_are_not_in_old_files_array_compiled with data set #655" class="Tests_Admin_IncludesUpdateCore" classname="Tests_Admin_IncludesUpdateCore" file="/home/meng/Desktop/wptest/wordpress-develop/tests/phpunit/tests/admin/includesUpdateCore.php" line="31" assertions="1" time="0.028013"/>
          <testcase name="test_new_files_are_not_in_old_files_array_compiled with data set #656" class="Tests_Admin_IncludesUpdateCore" classname="Tests_Admin_IncludesUpdateCore" file="/home/meng/Desktop/wptest/wordpress-develop/tests/phpunit/tests/admin/includesUpdateCore.php" line="31" assertions="1" time="0.029298"/>
          <testcase name="test_new_files_are_not_in_old_files_array_compiled with data set #657" class="Tests_Admin_IncludesUpdateCore" classname="Tests_Admin_IncludesUpdateCore" file="/home/meng/Desktop/wptest/wordpress-develop/tests/phpunit/tests/admin/includesUpdateCore.php" line="31" assertions="1" time="0.028425"/>
          <testcase name="test_new_files_are_not_in_old_files_array_compiled with data set #658" class="Tests_Admin_IncludesUpdateCore" classname="Tests_Admin_IncludesUpdateCore" file="/home/meng/Desktop/wptest/wordpress-develop/tests/phpunit/tests/admin/includesUpdateCore.php" line="31" assertions="1" time="0.028357"/>
          <testcase name="test_new_files_are_not_in_old_files_array_compiled with data set #659" class="Tests_Admin_IncludesUpdateCore" classname="Tests_Admin_IncludesUpdateCore" file="/home/meng/Desktop/wptest/wordpress-develop/tests/phpunit/tests/admin/includesUpdateCore.php" line="31" assertions="1" time="0.031834"/>
          <testcase name="test_new_files_are_not_in_old_files_array_compiled with data set #660" class="Tests_Admin_IncludesUpdateCore" classname="Tests_Admin_IncludesUpdateCore" file="/home/meng/Desktop/wptest/wordpress-develop/tests/phpunit/tests/admin/includesUpdateCore.php" line="31" assertions="1" time="0.030122"/>
          <testcase name="test_new_files_are_not_in_old_files_array_compiled with data set #661" class="Tests_Admin_IncludesUpdateCore" classname="Tests_Admin_IncludesUpdateCore" file="/home/meng/Desktop/wptest/wordpress-develop/tests/phpunit/tests/admin/includesUpdateCore.php" line="31" assertions="1" time="0.028522"/>
          <testcase name="test_new_files_are_not_in_old_files_array_compiled with data set #662" class="Tests_Admin_IncludesUpdateCore" classname="Tests_Admin_IncludesUpdateCore" file="/home/meng/Desktop/wptest/wordpress-develop/tests/phpunit/tests/admin/includesUpdateCore.php" line="31" assertions="1" time="0.028517"/>
          <testcase name="test_new_files_are_not_in_old_files_array_compiled with data set #663" class="Tests_Admin_IncludesUpdateCore" classname="Tests_Admin_IncludesUpdateCore" file="/home/meng/Desktop/wptest/wordpress-develop/tests/phpunit/tests/admin/includesUpdateCore.php" line="31" assertions="1" time="0.030757"/>
          <testcase name="test_new_files_are_not_in_old_files_array_compiled with data set #664" class="Tests_Admin_IncludesUpdateCore" classname="Tests_Admin_IncludesUpdateCore" file="/home/meng/Desktop/wptest/wordpress-develop/tests/phpunit/tests/admin/includesUpdateCore.php" line="31" assertions="1" time="0.031628"/>
          <testcase name="test_new_files_are_not_in_old_files_array_compiled with data set #665" class="Tests_Admin_IncludesUpdateCore" classname="Tests_Admin_IncludesUpdateCore" file="/home/meng/Desktop/wptest/wordpress-develop/tests/phpunit/tests/admin/includesUpdateCore.php" line="31" assertions="1" time="0.028957"/>
          <testcase name="test_new_files_are_not_in_old_files_array_compiled with data set #666" class="Tests_Admin_IncludesUpdateCore" classname="Tests_Admin_IncludesUpdateCore" file="/home/meng/Desktop/wptest/wordpress-develop/tests/phpunit/tests/admin/includesUpdateCore.php" line="31" assertions="1" time="0.030601"/>
          <testcase name="test_new_files_are_not_in_old_files_array_compiled with data set #667" class="Tests_Admin_IncludesUpdateCore" classname="Tests_Admin_IncludesUpdateCore" file="/home/meng/Desktop/wptest/wordpress-develop/tests/phpunit/tests/admin/includesUpdateCore.php" line="31" assertions="1" time="0.032014"/>
          <testcase name="test_new_files_are_not_in_old_files_array_compiled with data set #668" class="Tests_Admin_IncludesUpdateCore" classname="Tests_Admin_IncludesUpdateCore" file="/home/meng/Desktop/wptest/wordpress-develop/tests/phpunit/tests/admin/includesUpdateCore.php" line="31" assertions="1" time="0.029551"/>
          <testcase name="test_new_files_are_not_in_old_files_array_compiled with data set #669" class="Tests_Admin_IncludesUpdateCore" classname="Tests_Admin_IncludesUpdateCore" file="/home/meng/Desktop/wptest/wordpress-develop/tests/phpunit/tests/admin/includesUpdateCore.php" line="31" assertions="1" time="0.028875"/>
          <testcase name="test_new_files_are_not_in_old_files_array_compiled with data set #670" class="Tests_Admin_IncludesUpdateCore" classname="Tests_Admin_IncludesUpdateCore" file="/home/meng/Desktop/wptest/wordpress-develop/tests/phpunit/tests/admin/includesUpdateCore.php" line="31" assertions="1" time="0.028256"/>
          <testcase name="test_new_files_are_not_in_old_files_array_compiled with data set #671" class="Tests_Admin_IncludesUpdateCore" classname="Tests_Admin_IncludesUpdateCore" file="/home/meng/Desktop/wptest/wordpress-develop/tests/phpunit/tests/admin/includesUpdateCore.php" line="31" assertions="1" time="0.029060"/>
          <testcase name="test_new_files_are_not_in_old_files_array_compiled with data set #672" class="Tests_Admin_IncludesUpdateCore" classname="Tests_Admin_IncludesUpdateCore" file="/home/meng/Desktop/wptest/wordpress-develop/tests/phpunit/tests/admin/includesUpdateCore.php" line="31" assertions="1" time="0.028836"/>
          <testcase name="test_new_files_are_not_in_old_files_array_compiled with data set #673" class="Tests_Admin_IncludesUpdateCore" classname="Tests_Admin_IncludesUpdateCore" file="/home/meng/Desktop/wptest/wordpress-develop/tests/phpunit/tests/admin/includesUpdateCore.php" line="31" assertions="1" time="0.029322"/>
          <testcase name="test_new_files_are_not_in_old_files_array_compiled with data set #674" class="Tests_Admin_IncludesUpdateCore" classname="Tests_Admin_IncludesUpdateCore" file="/home/meng/Desktop/wptest/wordpress-develop/tests/phpunit/tests/admin/includesUpdateCore.php" line="31" assertions="1" time="0.029268"/>
          <testcase name="test_new_files_are_not_in_old_files_array_compiled with data set #675" class="Tests_Admin_IncludesUpdateCore" classname="Tests_Admin_IncludesUpdateCore" file="/home/meng/Desktop/wptest/wordpress-develop/tests/phpunit/tests/admin/includesUpdateCore.php" line="31" assertions="1" time="0.029432"/>
          <testcase name="test_new_files_are_not_in_old_files_array_compiled with data set #676" class="Tests_Admin_IncludesUpdateCore" classname="Tests_Admin_IncludesUpdateCore" file="/home/meng/Desktop/wptest/wordpress-develop/tests/phpunit/tests/admin/includesUpdateCore.php" line="31" assertions="1" time="0.030127"/>
          <testcase name="test_new_files_are_not_in_old_files_array_compiled with data set #677" class="Tests_Admin_IncludesUpdateCore" classname="Tests_Admin_IncludesUpdateCore" file="/home/meng/Desktop/wptest/wordpress-develop/tests/phpunit/tests/admin/includesUpdateCore.php" line="31" assertions="1" time="0.029392"/>
          <testcase name="test_new_files_are_not_in_old_files_array_compiled with data set #678" class="Tests_Admin_IncludesUpdateCore" classname="Tests_Admin_IncludesUpdateCore" file="/home/meng/Desktop/wptest/wordpress-develop/tests/phpunit/tests/admin/includesUpdateCore.php" line="31" assertions="1" time="0.028539"/>
          <testcase name="test_new_files_are_not_in_old_files_array_compiled with data set #679" class="Tests_Admin_IncludesUpdateCore" classname="Tests_Admin_IncludesUpdateCore" file="/home/meng/Desktop/wptest/wordpress-develop/tests/phpunit/tests/admin/includesUpdateCore.php" line="31" assertions="1" time="0.032329"/>
          <testcase name="test_new_files_are_not_in_old_files_array_compiled with data set #680" class="Tests_Admin_IncludesUpdateCore" classname="Tests_Admin_IncludesUpdateCore" file="/home/meng/Desktop/wptest/wordpress-develop/tests/phpunit/tests/admin/includesUpdateCore.php" line="31" assertions="1" time="0.028853"/>
          <testcase name="test_new_files_are_not_in_old_files_array_compiled with data set #681" class="Tests_Admin_IncludesUpdateCore" classname="Tests_Admin_IncludesUpdateCore" file="/home/meng/Desktop/wptest/wordpress-develop/tests/phpunit/tests/admin/includesUpdateCore.php" line="31" assertions="1" time="0.028699"/>
          <testcase name="test_new_files_are_not_in_old_files_array_compiled with data set #682" class="Tests_Admin_IncludesUpdateCore" classname="Tests_Admin_IncludesUpdateCore" file="/home/meng/Desktop/wptest/wordpress-develop/tests/phpunit/tests/admin/includesUpdateCore.php" line="31" assertions="1" time="0.030262"/>
          <testcase name="test_new_files_are_not_in_old_files_array_compiled with data set #683" class="Tests_Admin_IncludesUpdateCore" classname="Tests_Admin_IncludesUpdateCore" file="/home/meng/Desktop/wptest/wordpress-develop/tests/phpunit/tests/admin/includesUpdateCore.php" line="31" assertions="1" time="0.028651"/>
          <testcase name="test_new_files_are_not_in_old_files_array_compiled with data set #684" class="Tests_Admin_IncludesUpdateCore" classname="Tests_Admin_IncludesUpdateCore" file="/home/meng/Desktop/wptest/wordpress-develop/tests/phpunit/tests/admin/includesUpdateCore.php" line="31" assertions="1" time="0.028556"/>
          <testcase name="test_new_files_are_not_in_old_files_array_compiled with data set #685" class="Tests_Admin_IncludesUpdateCore" classname="Tests_Admin_IncludesUpdateCore" file="/home/meng/Desktop/wptest/wordpress-develop/tests/phpunit/tests/admin/includesUpdateCore.php" line="31" assertions="1" time="0.028611"/>
          <testcase name="test_new_files_are_not_in_old_files_array_compiled with data set #686" class="Tests_Admin_IncludesUpdateCore" classname="Tests_Admin_IncludesUpdateCore" file="/home/meng/Desktop/wptest/wordpress-develop/tests/phpunit/tests/admin/includesUpdateCore.php" line="31" assertions="1" time="0.028137"/>
          <testcase name="test_new_files_are_not_in_old_files_array_compiled with data set #687" class="Tests_Admin_IncludesUpdateCore" classname="Tests_Admin_IncludesUpdateCore" file="/home/meng/Desktop/wptest/wordpress-develop/tests/phpunit/tests/admin/includesUpdateCore.php" line="31" assertions="1" time="0.032158"/>
          <testcase name="test_new_files_are_not_in_old_files_array_compiled with data set #688" class="Tests_Admin_IncludesUpdateCore" classname="Tests_Admin_IncludesUpdateCore" file="/home/meng/Desktop/wptest/wordpress-develop/tests/phpunit/tests/admin/includesUpdateCore.php" line="31" assertions="1" time="0.029430"/>
          <testcase name="test_new_files_are_not_in_old_files_array_compiled with data set #689" class="Tests_Admin_IncludesUpdateCore" classname="Tests_Admin_IncludesUpdateCore" file="/home/meng/Desktop/wptest/wordpress-develop/tests/phpunit/tests/admin/includesUpdateCore.php" line="31" assertions="1" time="0.029519"/>
          <testcase name="test_new_files_are_not_in_old_files_array_compiled with data set #690" class="Tests_Admin_IncludesUpdateCore" classname="Tests_Admin_IncludesUpdateCore" file="/home/meng/Desktop/wptest/wordpress-develop/tests/phpunit/tests/admin/includesUpdateCore.php" line="31" assertions="1" time="0.029304"/>
          <testcase name="test_new_files_are_not_in_old_files_array_compiled with data set #691" class="Tests_Admin_IncludesUpdateCore" classname="Tests_Admin_IncludesUpdateCore" file="/home/meng/Desktop/wptest/wordpress-develop/tests/phpunit/tests/admin/includesUpdateCore.php" line="31" assertions="1" time="0.029503"/>
          <testcase name="test_new_files_are_not_in_old_files_array_compiled with data set #692" class="Tests_Admin_IncludesUpdateCore" classname="Tests_Admin_IncludesUpdateCore" file="/home/meng/Desktop/wptest/wordpress-develop/tests/phpunit/tests/admin/includesUpdateCore.php" line="31" assertions="1" time="0.028642"/>
          <testcase name="test_new_files_are_not_in_old_files_array_compiled with data set #693" class="Tests_Admin_IncludesUpdateCore" classname="Tests_Admin_IncludesUpdateCore" file="/home/meng/Desktop/wptest/wordpress-develop/tests/phpunit/tests/admin/includesUpdateCore.php" line="31" assertions="1" time="0.028684"/>
          <testcase name="test_new_files_are_not_in_old_files_array_compiled with data set #694" class="Tests_Admin_IncludesUpdateCore" classname="Tests_Admin_IncludesUpdateCore" file="/home/meng/Desktop/wptest/wordpress-develop/tests/phpunit/tests/admin/includesUpdateCore.php" line="31" assertions="1" time="0.028647"/>
          <testcase name="test_new_files_are_not_in_old_files_array_compiled with data set #695" class="Tests_Admin_IncludesUpdateCore" classname="Tests_Admin_IncludesUpdateCore" file="/home/meng/Desktop/wptest/wordpress-develop/tests/phpunit/tests/admin/includesUpdateCore.php" line="31" assertions="1" time="0.028702"/>
          <testcase name="test_new_files_are_not_in_old_files_array_compiled with data set #696" class="Tests_Admin_IncludesUpdateCore" classname="Tests_Admin_IncludesUpdateCore" file="/home/meng/Desktop/wptest/wordpress-develop/tests/phpunit/tests/admin/includesUpdateCore.php" line="31" assertions="1" time="0.028958"/>
          <testcase name="test_new_files_are_not_in_old_files_array_compiled with data set #697" class="Tests_Admin_IncludesUpdateCore" classname="Tests_Admin_IncludesUpdateCore" file="/home/meng/Desktop/wptest/wordpress-develop/tests/phpunit/tests/admin/includesUpdateCore.php" line="31" assertions="1" time="0.028463"/>
          <testcase name="test_new_files_are_not_in_old_files_array_compiled with data set #698" class="Tests_Admin_IncludesUpdateCore" classname="Tests_Admin_IncludesUpdateCore" file="/home/meng/Desktop/wptest/wordpress-develop/tests/phpunit/tests/admin/includesUpdateCore.php" line="31" assertions="1" time="0.029502"/>
          <testcase name="test_new_files_are_not_in_old_files_array_compiled with data set #699" class="Tests_Admin_IncludesUpdateCore" classname="Tests_Admin_IncludesUpdateCore" file="/home/meng/Desktop/wptest/wordpress-develop/tests/phpunit/tests/admin/includesUpdateCore.php" line="31" assertions="1" time="0.029382"/>
          <testcase name="test_new_files_are_not_in_old_files_array_compiled with data set #700" class="Tests_Admin_IncludesUpdateCore" classname="Tests_Admin_IncludesUpdateCore" file="/home/meng/Desktop/wptest/wordpress-develop/tests/phpunit/tests/admin/includesUpdateCore.php" line="31" assertions="1" time="0.029243"/>
          <testcase name="test_new_files_are_not_in_old_files_array_compiled with data set #701" class="Tests_Admin_IncludesUpdateCore" classname="Tests_Admin_IncludesUpdateCore" file="/home/meng/Desktop/wptest/wordpress-develop/tests/phpunit/tests/admin/includesUpdateCore.php" line="31" assertions="1" time="0.038964"/>
          <testcase name="test_new_files_are_not_in_old_files_array_compiled with data set #702" class="Tests_Admin_IncludesUpdateCore" classname="Tests_Admin_IncludesUpdateCore" file="/home/meng/Desktop/wptest/wordpress-develop/tests/phpunit/tests/admin/includesUpdateCore.php" line="31" assertions="1" time="0.028787"/>
          <testcase name="test_new_files_are_not_in_old_files_array_compiled with data set #703" class="Tests_Admin_IncludesUpdateCore" classname="Tests_Admin_IncludesUpdateCore" file="/home/meng/Desktop/wptest/wordpress-develop/tests/phpunit/tests/admin/includesUpdateCore.php" line="31" assertions="1" time="0.028824"/>
          <testcase name="test_new_files_are_not_in_old_files_array_compiled with data set #704" class="Tests_Admin_IncludesUpdateCore" classname="Tests_Admin_IncludesUpdateCore" file="/home/meng/Desktop/wptest/wordpress-develop/tests/phpunit/tests/admin/includesUpdateCore.php" line="31" assertions="1" time="0.030807"/>
          <testcase name="test_new_files_are_not_in_old_files_array_compiled with data set #705" class="Tests_Admin_IncludesUpdateCore" classname="Tests_Admin_IncludesUpdateCore" file="/home/meng/Desktop/wptest/wordpress-develop/tests/phpunit/tests/admin/includesUpdateCore.php" line="31" assertions="1" time="0.029598"/>
          <testcase name="test_new_files_are_not_in_old_files_array_compiled with data set #706" class="Tests_Admin_IncludesUpdateCore" classname="Tests_Admin_IncludesUpdateCore" file="/home/meng/Desktop/wptest/wordpress-develop/tests/phpunit/tests/admin/includesUpdateCore.php" line="31" assertions="1" time="0.028313"/>
          <testcase name="test_new_files_are_not_in_old_files_array_compiled with data set #707" class="Tests_Admin_IncludesUpdateCore" classname="Tests_Admin_IncludesUpdateCore" file="/home/meng/Desktop/wptest/wordpress-develop/tests/phpunit/tests/admin/includesUpdateCore.php" line="31" assertions="1" time="0.028570"/>
          <testcase name="test_new_files_are_not_in_old_files_array_compiled with data set #708" class="Tests_Admin_IncludesUpdateCore" classname="Tests_Admin_IncludesUpdateCore" file="/home/meng/Desktop/wptest/wordpress-develop/tests/phpunit/tests/admin/includesUpdateCore.php" line="31" assertions="1" time="0.029087"/>
          <testcase name="test_new_files_are_not_in_old_files_array_compiled with data set #709" class="Tests_Admin_IncludesUpdateCore" classname="Tests_Admin_IncludesUpdateCore" file="/home/meng/Desktop/wptest/wordpress-develop/tests/phpunit/tests/admin/includesUpdateCore.php" line="31" assertions="1" time="0.028968"/>
          <testcase name="test_new_files_are_not_in_old_files_array_compiled with data set #710" class="Tests_Admin_IncludesUpdateCore" classname="Tests_Admin_IncludesUpdateCore" file="/home/meng/Desktop/wptest/wordpress-develop/tests/phpunit/tests/admin/includesUpdateCore.php" line="31" assertions="1" time="0.029076"/>
          <testcase name="test_new_files_are_not_in_old_files_array_compiled with data set #711" class="Tests_Admin_IncludesUpdateCore" classname="Tests_Admin_IncludesUpdateCore" file="/home/meng/Desktop/wptest/wordpress-develop/tests/phpunit/tests/admin/includesUpdateCore.php" line="31" assertions="1" time="0.028605"/>
          <testcase name="test_new_files_are_not_in_old_files_array_compiled with data set #712" class="Tests_Admin_IncludesUpdateCore" classname="Tests_Admin_IncludesUpdateCore" file="/home/meng/Desktop/wptest/wordpress-develop/tests/phpunit/tests/admin/includesUpdateCore.php" line="31" assertions="1" time="0.029044"/>
          <testcase name="test_new_files_are_not_in_old_files_array_compiled with data set #713" class="Tests_Admin_IncludesUpdateCore" classname="Tests_Admin_IncludesUpdateCore" file="/home/meng/Desktop/wptest/wordpress-develop/tests/phpunit/tests/admin/includesUpdateCore.php" line="31" assertions="1" time="0.029224"/>
          <testcase name="test_new_files_are_not_in_old_files_array_compiled with data set #714" class="Tests_Admin_IncludesUpdateCore" classname="Tests_Admin_IncludesUpdateCore" file="/home/meng/Desktop/wptest/wordpress-develop/tests/phpunit/tests/admin/includesUpdateCore.php" line="31" assertions="1" time="0.028540"/>
          <testcase name="test_new_files_are_not_in_old_files_array_compiled with data set #715" class="Tests_Admin_IncludesUpdateCore" classname="Tests_Admin_IncludesUpdateCore" file="/home/meng/Desktop/wptest/wordpress-develop/tests/phpunit/tests/admin/includesUpdateCore.php" line="31" assertions="1" time="0.030843"/>
          <testcase name="test_new_files_are_not_in_old_files_array_compiled with data set #716" class="Tests_Admin_IncludesUpdateCore" classname="Tests_Admin_IncludesUpdateCore" file="/home/meng/Desktop/wptest/wordpress-develop/tests/phpunit/tests/admin/includesUpdateCore.php" line="31" assertions="1" time="0.029107"/>
          <testcase name="test_new_files_are_not_in_old_files_array_compiled with data set #717" class="Tests_Admin_IncludesUpdateCore" classname="Tests_Admin_IncludesUpdateCore" file="/home/meng/Desktop/wptest/wordpress-develop/tests/phpunit/tests/admin/includesUpdateCore.php" line="31" assertions="1" time="0.028255"/>
          <testcase name="test_new_files_are_not_in_old_files_array_compiled with data set #718" class="Tests_Admin_IncludesUpdateCore" classname="Tests_Admin_IncludesUpdateCore" file="/home/meng/Desktop/wptest/wordpress-develop/tests/phpunit/tests/admin/includesUpdateCore.php" line="31" assertions="1" time="0.028700"/>
          <testcase name="test_new_files_are_not_in_old_files_array_compiled with data set #719" class="Tests_Admin_IncludesUpdateCore" classname="Tests_Admin_IncludesUpdateCore" file="/home/meng/Desktop/wptest/wordpress-develop/tests/phpunit/tests/admin/includesUpdateCore.php" line="31" assertions="1" time="0.030049"/>
          <testcase name="test_new_files_are_not_in_old_files_array_compiled with data set #720" class="Tests_Admin_IncludesUpdateCore" classname="Tests_Admin_IncludesUpdateCore" file="/home/meng/Desktop/wptest/wordpress-develop/tests/phpunit/tests/admin/includesUpdateCore.php" line="31" assertions="1" time="0.028182"/>
          <testcase name="test_new_files_are_not_in_old_files_array_compiled with data set #721" class="Tests_Admin_IncludesUpdateCore" classname="Tests_Admin_IncludesUpdateCore" file="/home/meng/Desktop/wptest/wordpress-develop/tests/phpunit/tests/admin/includesUpdateCore.php" line="31" assertions="1" time="0.029199"/>
          <testcase name="test_new_files_are_not_in_old_files_array_compiled with data set #722" class="Tests_Admin_IncludesUpdateCore" classname="Tests_Admin_IncludesUpdateCore" file="/home/meng/Desktop/wptest/wordpress-develop/tests/phpunit/tests/admin/includesUpdateCore.php" line="31" assertions="1" time="0.028249"/>
          <testcase name="test_new_files_are_not_in_old_files_array_compiled with data set #723" class="Tests_Admin_IncludesUpdateCore" classname="Tests_Admin_IncludesUpdateCore" file="/home/meng/Desktop/wptest/wordpress-develop/tests/phpunit/tests/admin/includesUpdateCore.php" line="31" assertions="1" time="0.029565"/>
          <testcase name="test_new_files_are_not_in_old_files_array_compiled with data set #724" class="Tests_Admin_IncludesUpdateCore" classname="Tests_Admin_IncludesUpdateCore" file="/home/meng/Desktop/wptest/wordpress-develop/tests/phpunit/tests/admin/includesUpdateCore.php" line="31" assertions="1" time="0.028648"/>
        </testsuite>
      </testsuite>
      <testsuite name="Tests_Admin_IncludesUser" file="/home/meng/Desktop/wptest/wordpress-develop/tests/phpunit/tests/admin/includesUser.php" tests="7" assertions="9" errors="0" failures="0" skipped="0" time="0.216772">
        <testsuite name="Tests_Admin_IncludesUser::test_is_authorize_application_password_request_valid" tests="7" assertions="9" errors="0" failures="0" skipped="0" time="0.216772">
          <testcase name="test_is_authorize_application_password_request_valid with data set #0" class="Tests_Admin_IncludesUser" classname="Tests_Admin_IncludesUser" file="/home/meng/Desktop/wptest/wordpress-develop/tests/phpunit/tests/admin/includesUser.php" line="15" assertions="1" time="0.030571"/>
          <testcase name="test_is_authorize_application_password_request_valid with data set #1" class="Tests_Admin_IncludesUser" classname="Tests_Admin_IncludesUser" file="/home/meng/Desktop/wptest/wordpress-develop/tests/phpunit/tests/admin/includesUser.php" line="15" assertions="2" time="0.033371"/>
          <testcase name="test_is_authorize_application_password_request_valid with data set #2" class="Tests_Admin_IncludesUser" classname="Tests_Admin_IncludesUser" file="/home/meng/Desktop/wptest/wordpress-develop/tests/phpunit/tests/admin/includesUser.php" line="15" assertions="2" time="0.030163"/>
          <testcase name="test_is_authorize_application_password_request_valid with data set #3" class="Tests_Admin_IncludesUser" classname="Tests_Admin_IncludesUser" file="/home/meng/Desktop/wptest/wordpress-develop/tests/phpunit/tests/admin/includesUser.php" line="15" assertions="1" time="0.030286"/>
          <testcase name="test_is_authorize_application_password_request_valid with data set #4" class="Tests_Admin_IncludesUser" classname="Tests_Admin_IncludesUser" file="/home/meng/Desktop/wptest/wordpress-develop/tests/phpunit/tests/admin/includesUser.php" line="15" assertions="1" time="0.030766"/>
          <testcase name="test_is_authorize_application_password_request_valid with data set #5" class="Tests_Admin_IncludesUser" classname="Tests_Admin_IncludesUser" file="/home/meng/Desktop/wptest/wordpress-develop/tests/phpunit/tests/admin/includesUser.php" line="15" assertions="1" time="0.030078"/>
          <testcase name="test_is_authorize_application_password_request_valid with data set #6" class="Tests_Admin_IncludesUser" classname="Tests_Admin_IncludesUser" file="/home/meng/Desktop/wptest/wordpress-develop/tests/phpunit/tests/admin/includesUser.php" line="15" assertions="1" time="0.031537"/>
        </testsuite>
      </testsuite>
      <testsuite name="Tests_Admin_WpPrivacyRequestsTable" file="/home/meng/Desktop/wptest/wordpress-develop/tests/phpunit/tests/admin/wpPrivacyRequestsTable.php" tests="9" assertions="9" errors="0" failures="0" skipped="0" time="0.298476">
        <testsuite name="Tests_Admin_WpPrivacyRequestsTable::test_columns_should_be_sortable" tests="9" assertions="9" errors="0" failures="0" skipped="0" time="0.298476">
          <testcase name="test_columns_should_be_sortable with data set #0" class="Tests_Admin_WpPrivacyRequestsTable" classname="Tests_Admin_WpPrivacyRequestsTable" file="/home/meng/Desktop/wptest/wordpress-develop/tests/phpunit/tests/admin/wpPrivacyRequestsTable.php" line="67" assertions="1" time="0.032683"/>
          <testcase name="test_columns_should_be_sortable with data set #1" class="Tests_Admin_WpPrivacyRequestsTable" classname="Tests_Admin_WpPrivacyRequestsTable" file="/home/meng/Desktop/wptest/wordpress-develop/tests/phpunit/tests/admin/wpPrivacyRequestsTable.php" line="67" assertions="1" time="0.033443"/>
          <testcase name="test_columns_should_be_sortable with data set #2" class="Tests_Admin_WpPrivacyRequestsTable" classname="Tests_Admin_WpPrivacyRequestsTable" file="/home/meng/Desktop/wptest/wordpress-develop/tests/phpunit/tests/admin/wpPrivacyRequestsTable.php" line="67" assertions="1" time="0.034332"/>
          <testcase name="test_columns_should_be_sortable with data set #3" class="Tests_Admin_WpPrivacyRequestsTable" classname="Tests_Admin_WpPrivacyRequestsTable" file="/home/meng/Desktop/wptest/wordpress-develop/tests/phpunit/tests/admin/wpPrivacyRequestsTable.php" line="67" assertions="1" time="0.032548"/>
          <testcase name="test_columns_should_be_sortable with data set #4" class="Tests_Admin_WpPrivacyRequestsTable" classname="Tests_Admin_WpPrivacyRequestsTable" file="/home/meng/Desktop/wptest/wordpress-develop/tests/phpunit/tests/admin/wpPrivacyRequestsTable.php" line="67" assertions="1" time="0.032477"/>
          <testcase name="test_columns_should_be_sortable with data set #5" class="Tests_Admin_WpPrivacyRequestsTable" classname="Tests_Admin_WpPrivacyRequestsTable" file="/home/meng/Desktop/wptest/wordpress-develop/tests/phpunit/tests/admin/wpPrivacyRequestsTable.php" line="67" assertions="1" time="0.032072"/>
          <testcase name="test_columns_should_be_sortable with data set #6" class="Tests_Admin_WpPrivacyRequestsTable" classname="Tests_Admin_WpPrivacyRequestsTable" file="/home/meng/Desktop/wptest/wordpress-develop/tests/phpunit/tests/admin/wpPrivacyRequestsTable.php" line="67" assertions="1" time="0.032570"/>
          <testcase name="test_columns_should_be_sortable with data set #7" class="Tests_Admin_WpPrivacyRequestsTable" classname="Tests_Admin_WpPrivacyRequestsTable" file="/home/meng/Desktop/wptest/wordpress-develop/tests/phpunit/tests/admin/wpPrivacyRequestsTable.php" line="67" assertions="1" time="0.032608"/>
          <testcase name="test_columns_should_be_sortable with data set #8" class="Tests_Admin_WpPrivacyRequestsTable" classname="Tests_Admin_WpPrivacyRequestsTable" file="/home/meng/Desktop/wptest/wordpress-develop/tests/phpunit/tests/admin/wpPrivacyRequestsTable.php" line="67" assertions="1" time="0.035743"/>
        </testsuite>
      </testsuite>
      <testsuite name="Tests_AdminBar" file="/home/meng/Desktop/wptest/wordpress-develop/tests/phpunit/tests/adminbar.php" tests="26" assertions="83" errors="0" failures="0" skipped="0" time="1.059588">
        <testcase name="test_content_post_type" class="Tests_AdminBar" classname="Tests_AdminBar" file="/home/meng/Desktop/wptest/wordpress-develop/tests/phpunit/tests/adminbar.php" line="35" assertions="2" time="0.036042"/>
        <testcase name="test_merging_existing_meta_values" class="Tests_AdminBar" classname="Tests_AdminBar" file="/home/meng/Desktop/wptest/wordpress-develop/tests/phpunit/tests/adminbar.php" line="54" assertions="2" time="0.033818"/>
        <testcase name="test_admin_bar_contains_correct_links_for_users_with_no_role" class="Tests_AdminBar" classname="Tests_AdminBar" file="/home/meng/Desktop/wptest/wordpress-develop/tests/phpunit/tests/adminbar.php" line="90" assertions="7" time="0.044283"/>
        <testcase name="test_admin_bar_contains_correct_links_for_users_with_role" class="Tests_AdminBar" classname="Tests_AdminBar" file="/home/meng/Desktop/wptest/wordpress-develop/tests/phpunit/tests/adminbar.php" line="115" assertions="7" time="0.044581"/>
        <testsuite name="Tests_AdminBar::test_admin_bar_with_tabindex_meta" tests="8" assertions="8" errors="0" failures="0" skipped="0" time="0.252814">
          <testcase name="test_admin_bar_with_tabindex_meta with data set #0" class="Tests_AdminBar" classname="Tests_AdminBar" file="/home/meng/Desktop/wptest/wordpress-develop/tests/phpunit/tests/adminbar.php" line="263" assertions="1" time="0.029063"/>
          <testcase name="test_admin_bar_with_tabindex_meta with data set #1" class="Tests_AdminBar" classname="Tests_AdminBar" file="/home/meng/Desktop/wptest/wordpress-develop/tests/phpunit/tests/adminbar.php" line="263" assertions="1" time="0.031695"/>
          <testcase name="test_admin_bar_with_tabindex_meta with data set #2" class="Tests_AdminBar" classname="Tests_AdminBar" file="/home/meng/Desktop/wptest/wordpress-develop/tests/phpunit/tests/adminbar.php" line="263" assertions="1" time="0.031146"/>
          <testcase name="test_admin_bar_with_tabindex_meta with data set #3" class="Tests_AdminBar" classname="Tests_AdminBar" file="/home/meng/Desktop/wptest/wordpress-develop/tests/phpunit/tests/adminbar.php" line="263" assertions="1" time="0.039626"/>
          <testcase name="test_admin_bar_with_tabindex_meta with data set #4" class="Tests_AdminBar" classname="Tests_AdminBar" file="/home/meng/Desktop/wptest/wordpress-develop/tests/phpunit/tests/adminbar.php" line="263" assertions="1" time="0.030670"/>
          <testcase name="test_admin_bar_with_tabindex_meta with data set #5" class="Tests_AdminBar" classname="Tests_AdminBar" file="/home/meng/Desktop/wptest/wordpress-develop/tests/phpunit/tests/adminbar.php" line="263" assertions="1" time="0.029966"/>
          <testcase name="test_admin_bar_with_tabindex_meta with data set #6" class="Tests_AdminBar" classname="Tests_AdminBar" file="/home/meng/Desktop/wptest/wordpress-develop/tests/phpunit/tests/adminbar.php" line="263" assertions="1" time="0.030147"/>
          <testcase name="test_admin_bar_with_tabindex_meta with data set #7" class="Tests_AdminBar" classname="Tests_AdminBar" file="/home/meng/Desktop/wptest/wordpress-develop/tests/phpunit/tests/adminbar.php" line="263" assertions="1" time="0.030501"/>
        </testsuite>
        <testcase name="test_admin_bar_has_edit_link_for_existing_posts" class="Tests_AdminBar" classname="Tests_AdminBar" file="/home/meng/Desktop/wptest/wordpress-develop/tests/phpunit/tests/adminbar.php" line="351" assertions="3" time="0.071264"/>
        <testcase name="test_admin_bar_has_no_edit_link_for_non_existing_posts" class="Tests_AdminBar" classname="Tests_AdminBar" file="/home/meng/Desktop/wptest/wordpress-develop/tests/phpunit/tests/adminbar.php" line="378" assertions="3" time="0.048467"/>
        <testcase name="test_admin_bar_has_no_archives_link_if_no_static_front_page" class="Tests_AdminBar" classname="Tests_AdminBar" file="/home/meng/Desktop/wptest/wordpress-develop/tests/phpunit/tests/adminbar.php" line="397" assertions="3" time="0.033115"/>
        <testcase name="test_admin_bar_contains_view_archive_link_if_static_front_page" class="Tests_AdminBar" classname="Tests_AdminBar" file="/home/meng/Desktop/wptest/wordpress-develop/tests/phpunit/tests/adminbar.php" line="411" assertions="3" time="0.035338"/>
        <testcase name="test_admin_bar_has_no_archives_link_for_pages" class="Tests_AdminBar" classname="Tests_AdminBar" file="/home/meng/Desktop/wptest/wordpress-develop/tests/phpunit/tests/adminbar.php" line="426" assertions="3" time="0.032772"/>
        <testcase name="test_admin_bar_contains_correct_about_link_for_users_with_role" class="Tests_AdminBar" classname="Tests_AdminBar" file="/home/meng/Desktop/wptest/wordpress-develop/tests/phpunit/tests/adminbar.php" line="441" assertions="6" time="0.044769"/>
        <testcase name="test_admin_bar_contains_correct_about_link_for_users_with_no_role" class="Tests_AdminBar" classname="Tests_AdminBar" file="/home/meng/Desktop/wptest/wordpress-develop/tests/phpunit/tests/adminbar.php" line="458" assertions="7" time="0.041973"/>
        <testcase name="test_admin_bar_has_no_archives_link_for_non_public_cpt" class="Tests_AdminBar" classname="Tests_AdminBar" file="/home/meng/Desktop/wptest/wordpress-develop/tests/phpunit/tests/adminbar.php" line="496" assertions="3" time="0.036499"/>
        <testcase name="test_admin_bar_has_no_archives_link_for_cpt_without_archive" class="Tests_AdminBar" classname="Tests_AdminBar" file="/home/meng/Desktop/wptest/wordpress-develop/tests/phpunit/tests/adminbar.php" line="520" assertions="3" time="0.033557"/>
        <testcase name="test_admin_bar_has_no_archives_link_for_cpt_not_shown_in_admin_bar" class="Tests_AdminBar" classname="Tests_AdminBar" file="/home/meng/Desktop/wptest/wordpress-develop/tests/phpunit/tests/adminbar.php" line="544" assertions="3" time="0.036140"/>
        <testcase name="test_new_user_link_exists_for_user_with_create_users" class="Tests_AdminBar" classname="Tests_AdminBar" file="/home/meng/Desktop/wptest/wordpress-develop/tests/phpunit/tests/adminbar.php" line="600" assertions="5" time="0.050427"/>
        <testcase name="test_new_user_link_existence_for_user_with_promote_users" class="Tests_AdminBar" classname="Tests_AdminBar" file="/home/meng/Desktop/wptest/wordpress-develop/tests/phpunit/tests/adminbar.php" line="619" assertions="5" time="0.048756"/>
        <testcase name="test_new_user_link_does_not_exist_for_user_without_create_or_promote_users" class="Tests_AdminBar" classname="Tests_AdminBar" file="/home/meng/Desktop/wptest/wordpress-develop/tests/phpunit/tests/adminbar.php" line="642" assertions="5" time="0.048673"/>
        <testcase name="test_customize_link" class="Tests_AdminBar" classname="Tests_AdminBar" file="/home/meng/Desktop/wptest/wordpress-develop/tests/phpunit/tests/adminbar.php" line="661" assertions="5" time="0.086300"/>
      </testsuite>
      <testsuite name="Tests_Attachment_Slashes" file="/home/meng/Desktop/wptest/wordpress-develop/tests/phpunit/tests/attachment/slashes.php" tests="1" assertions="6" errors="0" failures="0" skipped="0" time="0.053910">
        <testcase name="test_wp_insert_attachment" class="Tests_Attachment_Slashes" classname="Tests_Attachment_Slashes" file="/home/meng/Desktop/wptest/wordpress-develop/tests/phpunit/tests/attachment/slashes.php" line="34" assertions="6" time="0.053910"/>
      </testsuite>
      <testsuite name="Tests_Auth" file="/home/meng/Desktop/wptest/wordpress-develop/tests/phpunit/tests/auth.php" tests="33" assertions="82" errors="0" failures="0" skipped="0" time="2.472187">
        <testcase name="test_auth_cookie_valid" class="Tests_Auth" classname="Tests_Auth" file="/home/meng/Desktop/wptest/wordpress-develop/tests/phpunit/tests/auth.php" line="49" assertions="1" time="0.041350"/>
        <testcase name="test_auth_cookie_invalid" class="Tests_Auth" classname="Tests_Auth" file="/home/meng/Desktop/wptest/wordpress-develop/tests/phpunit/tests/auth.php" line="54" assertions="3" time="0.048335"/>
        <testcase name="test_auth_cookie_scheme" class="Tests_Auth" classname="Tests_Auth" file="/home/meng/Desktop/wptest/wordpress-develop/tests/phpunit/tests/auth.php" line="70" assertions="2" time="0.042722"/>
        <testcase name="test_password_trimming" class="Tests_Auth" classname="Tests_Auth" file="/home/meng/Desktop/wptest/wordpress-develop/tests/phpunit/tests/auth.php" line="83" assertions="8" time="0.221372"/>
        <testcase name="test_wp_hash_password_trimming" class="Tests_Auth" classname="Tests_Auth" file="/home/meng/Desktop/wptest/wordpress-develop/tests/phpunit/tests/auth.php" line="108" assertions="5" time="0.243370"/>
        <testcase name="test_wp_verify_nonce_with_empty_arg" class="Tests_Auth" classname="Tests_Auth" file="/home/meng/Desktop/wptest/wordpress-develop/tests/phpunit/tests/auth.php" line="129" assertions="2" time="0.032068"/>
        <testcase name="test_wp_verify_nonce_with_integer_arg" class="Tests_Auth" classname="Tests_Auth" file="/home/meng/Desktop/wptest/wordpress-develop/tests/phpunit/tests/auth.php" line="137" assertions="1" time="0.033193"/>
        <testcase name="test_wp_nonce_verify_failed" class="Tests_Auth" classname="Tests_Auth" file="/home/meng/Desktop/wptest/wordpress-develop/tests/phpunit/tests/auth.php" line="144" assertions="1" time="0.033423"/>
        <testcase name="test_wp_nonce_verify_success" class="Tests_Auth" classname="Tests_Auth" file="/home/meng/Desktop/wptest/wordpress-develop/tests/phpunit/tests/auth.php" line="156" assertions="1" time="0.031742"/>
        <testcase name="test_check_admin_referer_with_no_action_triggers_doing_it_wrong" class="Tests_Auth" classname="Tests_Auth" file="/home/meng/Desktop/wptest/wordpress-develop/tests/phpunit/tests/auth.php" line="168" assertions="2" time="0.031506"/>
        <testcase name="test_check_admin_referer_with_default_action_as_string_not_doing_it_wrong" class="Tests_Auth" classname="Tests_Auth" file="/home/meng/Desktop/wptest/wordpress-develop/tests/phpunit/tests/auth.php" line="179" assertions="1" time="0.031729"/>
        <testcase name="test_check_ajax_referer_with_no_action_triggers_doing_it_wrong" class="Tests_Auth" classname="Tests_Auth" file="/home/meng/Desktop/wptest/wordpress-develop/tests/phpunit/tests/auth.php" line="191" assertions="2" time="0.032053"/>
        <testcase name="test_password_length_limit" class="Tests_Auth" classname="Tests_Auth" file="/home/meng/Desktop/wptest/wordpress-develop/tests/phpunit/tests/auth.php" line="202" assertions="12" time="0.186509"/>
        <testcase name="test_user_activation_key_is_saved" class="Tests_Auth" classname="Tests_Auth" file="/home/meng/Desktop/wptest/wordpress-develop/tests/phpunit/tests/auth.php" line="252" assertions="3" time="0.094625"/>
        <testcase name="test_user_activation_key_is_checked" class="Tests_Auth" classname="Tests_Auth" file="/home/meng/Desktop/wptest/wordpress-develop/tests/phpunit/tests/auth.php" line="266" assertions="6" time="0.118661"/>
        <testcase name="test_expired_user_activation_key_is_rejected" class="Tests_Auth" classname="Tests_Auth" file="/home/meng/Desktop/wptest/wordpress-develop/tests/phpunit/tests/auth.php" line="304" assertions="1" time="0.084297"/>
        <testcase name="test_empty_user_activation_key_fails_key_check" class="Tests_Auth" classname="Tests_Auth" file="/home/meng/Desktop/wptest/wordpress-develop/tests/phpunit/tests/auth.php" line="327" assertions="2" time="0.032798"/>
        <testcase name="test_legacy_user_activation_key_is_rejected" class="Tests_Auth" classname="Tests_Auth" file="/home/meng/Desktop/wptest/wordpress-develop/tests/phpunit/tests/auth.php" line="340" assertions="2" time="0.086221"/>
        <testcase name="test_plaintext_user_activation_key_is_rejected" class="Tests_Auth" classname="Tests_Auth" file="/home/meng/Desktop/wptest/wordpress-develop/tests/phpunit/tests/auth.php" line="370" assertions="2" time="0.037393"/>
        <testcase name="test_log_in_using_email" class="Tests_Auth" classname="Tests_Auth" file="/home/meng/Desktop/wptest/wordpress-develop/tests/phpunit/tests/auth.php" line="401" assertions="2" time="0.136844"/>
        <testcase name="test_wp_signon_using_email_with_an_apostrophe" class="Tests_Auth" classname="Tests_Auth" file="/home/meng/Desktop/wptest/wordpress-develop/tests/phpunit/tests/auth.php" line="416" assertions="1" time="0.117642"/>
        <testcase name="test_application_password_authentication" class="Tests_Auth" classname="Tests_Auth" file="/home/meng/Desktop/wptest/wordpress-develop/tests/phpunit/tests/auth.php" line="435" assertions="2" time="0.180265"/>
        <testcase name="test_authenticate_application_password_respects_existing_user" class="Tests_Auth" classname="Tests_Auth" file="/home/meng/Desktop/wptest/wordpress-develop/tests/phpunit/tests/auth.php" line="473" assertions="1" time="0.031883"/>
        <testcase name="test_authenticate_application_password_is_rejected_if_not_api_request" class="Tests_Auth" classname="Tests_Auth" file="/home/meng/Desktop/wptest/wordpress-develop/tests/phpunit/tests/auth.php" line="480" assertions="1" time="0.031121"/>
        <testcase name="test_authenticate_application_password_invalid_username" class="Tests_Auth" classname="Tests_Auth" file="/home/meng/Desktop/wptest/wordpress-develop/tests/phpunit/tests/auth.php" line="489" assertions="2" time="0.032354"/>
        <testcase name="test_authenticate_application_password_invalid_email" class="Tests_Auth" classname="Tests_Auth" file="/home/meng/Desktop/wptest/wordpress-develop/tests/phpunit/tests/auth.php" line="500" assertions="2" time="0.032928"/>
        <testcase name="test_authenticate_application_password_not_allowed" class="Tests_Auth" classname="Tests_Auth" file="/home/meng/Desktop/wptest/wordpress-develop/tests/phpunit/tests/auth.php" line="511" assertions="2" time="0.044994"/>
        <testcase name="test_authenticate_application_password_not_allowed_for_user" class="Tests_Auth" classname="Tests_Auth" file="/home/meng/Desktop/wptest/wordpress-develop/tests/phpunit/tests/auth.php" line="523" assertions="2" time="0.032860"/>
        <testcase name="test_authenticate_application_password_incorrect_password" class="Tests_Auth" classname="Tests_Auth" file="/home/meng/Desktop/wptest/wordpress-develop/tests/phpunit/tests/auth.php" line="536" assertions="2" time="0.035520"/>
        <testcase name="test_authenticate_application_password_custom_errors" class="Tests_Auth" classname="Tests_Auth" file="/home/meng/Desktop/wptest/wordpress-develop/tests/phpunit/tests/auth.php" line="548" assertions="2" time="0.078872"/>
        <testcase name="test_authenticate_application_password_by_username" class="Tests_Auth" classname="Tests_Auth" file="/home/meng/Desktop/wptest/wordpress-develop/tests/phpunit/tests/auth.php" line="569" assertions="2" time="0.082175"/>
        <testcase name="test_authenticate_application_password_by_email" class="Tests_Auth" classname="Tests_Auth" file="/home/meng/Desktop/wptest/wordpress-develop/tests/phpunit/tests/auth.php" line="583" assertions="2" time="0.089836"/>
        <testcase name="test_authenticate_application_password_chunked" class="Tests_Auth" classname="Tests_Auth" file="/home/meng/Desktop/wptest/wordpress-develop/tests/phpunit/tests/auth.php" line="597" assertions="2" time="0.081526"/>
      </testsuite>
      <testsuite name="Tests_Avatar" file="/home/meng/Desktop/wptest/wordpress-develop/tests/phpunit/tests/avatar.php" tests="19" assertions="34" errors="0" failures="0" skipped="0" time="0.683948">
        <testcase name="test_get_avatar_url_gravatar_url" class="Tests_Avatar" classname="Tests_Avatar" file="/home/meng/Desktop/wptest/wordpress-develop/tests/phpunit/tests/avatar.php" line="12" assertions="1" time="0.031257"/>
        <testcase name="test_get_avatar_url_size" class="Tests_Avatar" classname="Tests_Avatar" file="/home/meng/Desktop/wptest/wordpress-develop/tests/phpunit/tests/avatar.php" line="20" assertions="2" time="0.031341"/>
        <testcase name="test_get_avatar_url_default" class="Tests_Avatar" classname="Tests_Avatar" file="/home/meng/Desktop/wptest/wordpress-develop/tests/phpunit/tests/avatar.php" line="32" assertions="4" time="0.032178"/>
        <testcase name="test_get_avatar_url_rating" class="Tests_Avatar" classname="Tests_Avatar" file="/home/meng/Desktop/wptest/wordpress-develop/tests/phpunit/tests/avatar.php" line="49" assertions="2" time="0.030887"/>
        <testcase name="test_get_avatar_url_scheme" class="Tests_Avatar" classname="Tests_Avatar" file="/home/meng/Desktop/wptest/wordpress-develop/tests/phpunit/tests/avatar.php" line="61" assertions="3" time="0.032114"/>
        <testcase name="test_get_avatar_url_user" class="Tests_Avatar" classname="Tests_Avatar" file="/home/meng/Desktop/wptest/wordpress-develop/tests/phpunit/tests/avatar.php" line="77" assertions="5" time="0.066492"/>
        <testcase name="test_pre_get_avatar_url_filter" class="Tests_Avatar" classname="Tests_Avatar" file="/home/meng/Desktop/wptest/wordpress-develop/tests/phpunit/tests/avatar.php" line="110" assertions="1" time="0.030717"/>
        <testcase name="test_get_avatar_url_filter" class="Tests_Avatar" classname="Tests_Avatar" file="/home/meng/Desktop/wptest/wordpress-develop/tests/phpunit/tests/avatar.php" line="127" assertions="1" time="0.030555"/>
        <testcase name="test_get_avatar_comment_types_filter" class="Tests_Avatar" classname="Tests_Avatar" file="/home/meng/Desktop/wptest/wordpress-develop/tests/phpunit/tests/avatar.php" line="143" assertions="2" time="0.062804"/>
        <testcase name="test_get_avatar" class="Tests_Avatar" classname="Tests_Avatar" file="/home/meng/Desktop/wptest/wordpress-develop/tests/phpunit/tests/avatar.php" line="170" assertions="1" time="0.033436"/>
        <testcase name="test_get_avatar_size" class="Tests_Avatar" classname="Tests_Avatar" file="/home/meng/Desktop/wptest/wordpress-develop/tests/phpunit/tests/avatar.php" line="175" assertions="1" time="0.032197"/>
        <testcase name="test_get_avatar_alt" class="Tests_Avatar" classname="Tests_Avatar" file="/home/meng/Desktop/wptest/wordpress-develop/tests/phpunit/tests/avatar.php" line="181" assertions="1" time="0.036252"/>
        <testcase name="test_get_avatar_class" class="Tests_Avatar" classname="Tests_Avatar" file="/home/meng/Desktop/wptest/wordpress-develop/tests/phpunit/tests/avatar.php" line="187" assertions="1" time="0.031980"/>
        <testcase name="test_get_avatar_default_class" class="Tests_Avatar" classname="Tests_Avatar" file="/home/meng/Desktop/wptest/wordpress-develop/tests/phpunit/tests/avatar.php" line="193" assertions="1" time="0.032226"/>
        <testcase name="test_get_avatar_force_display" class="Tests_Avatar" classname="Tests_Avatar" file="/home/meng/Desktop/wptest/wordpress-develop/tests/phpunit/tests/avatar.php" line="198" assertions="2" time="0.034936"/>
        <testcase name="test_pre_get_avatar_filter" class="Tests_Avatar" classname="Tests_Avatar" file="/home/meng/Desktop/wptest/wordpress-develop/tests/phpunit/tests/avatar.php" line="214" assertions="1" time="0.028838"/>
        <testcase name="test_get_avatar_filter" class="Tests_Avatar" classname="Tests_Avatar" file="/home/meng/Desktop/wptest/wordpress-develop/tests/phpunit/tests/avatar.php" line="230" assertions="1" time="0.034363"/>
        <testcase name="test_get_avatar_data_should_return_gravatar_url_when_input_avatar_comment_type" class="Tests_Avatar" classname="Tests_Avatar" file="/home/meng/Desktop/wptest/wordpress-develop/tests/phpunit/tests/avatar.php" line="248" assertions="2" time="0.037720"/>
        <testcase name="test_get_avatar_data_should_return_invalid_url_when_input_not_avatar_comment_type" class="Tests_Avatar" classname="Tests_Avatar" file="/home/meng/Desktop/wptest/wordpress-develop/tests/phpunit/tests/avatar.php" line="268" assertions="2" time="0.033655"/>
      </testsuite>
      <testsuite name="Tests_Basic" file="/home/meng/Desktop/wptest/wordpress-develop/tests/phpunit/tests/basic.php" tests="6" assertions="9" errors="0" failures="0" skipped="2" time="0.179141">
        <testcase name="test_license" class="Tests_Basic" classname="Tests_Basic" file="/home/meng/Desktop/wptest/wordpress-develop/tests/phpunit/tests/basic.php" line="10" assertions="0" time="0.028412">
          <skipped/>
        </testcase>
        <testcase name="test_security_md" class="Tests_Basic" classname="Tests_Basic" file="/home/meng/Desktop/wptest/wordpress-develop/tests/phpunit/tests/basic.php" line="20" assertions="0" time="0.031380">
          <skipped/>
        </testcase>
        <testcase name="test_package_json" class="Tests_Basic" classname="Tests_Basic" file="/home/meng/Desktop/wptest/wordpress-develop/tests/phpunit/tests/basic.php" line="31" assertions="1" time="0.030416"/>
        <testcase name="test_package_json_node_engine" class="Tests_Basic" classname="Tests_Basic" file="/home/meng/Desktop/wptest/wordpress-develop/tests/phpunit/tests/basic.php" line="46" assertions="3" time="0.030055"/>
        <testcase name="test_strip_ws" class="Tests_Basic" classname="Tests_Basic" file="/home/meng/Desktop/wptest/wordpress-develop/tests/phpunit/tests/basic.php" line="55" assertions="4" time="0.030524"/>
        <testcase name="test_mask_input_value" class="Tests_Basic" classname="Tests_Basic" file="/home/meng/Desktop/wptest/wordpress-develop/tests/phpunit/tests/basic.php" line="82" assertions="1" time="0.028354"/>
      </testsuite>
      <testsuite name="WP_Block_Context_Test" file="/home/meng/Desktop/wptest/wordpress-develop/tests/phpunit/tests/blocks/block-context.php" tests="3" assertions="3" errors="0" failures="0" skipped="0" time="0.173976">
        <testcase name="test_provides_block_context" class="WP_Block_Context_Test" classname="WP_Block_Context_Test" file="/home/meng/Desktop/wptest/wordpress-develop/tests/phpunit/tests/blocks/block-context.php" line="80" assertions="1" time="0.057523"/>
        <testcase name="test_provides_default_context" class="WP_Block_Context_Test" classname="WP_Block_Context_Test" file="/home/meng/Desktop/wptest/wordpress-develop/tests/phpunit/tests/blocks/block-context.php" line="149" assertions="1" time="0.059033"/>
        <testcase name="test_default_context_is_filterable" class="WP_Block_Context_Test" classname="WP_Block_Context_Test" file="/home/meng/Desktop/wptest/wordpress-develop/tests/phpunit/tests/blocks/block-context.php" line="184" assertions="1" time="0.057420"/>
      </testsuite>
      <testsuite name="WP_Block_List_Test" file="/home/meng/Desktop/wptest/wordpress-develop/tests/phpunit/tests/blocks/block-list.php" tests="3" assertions="10" errors="0" failures="0" skipped="0" time="0.089147">
        <testcase name="test_array_access" class="WP_Block_List_Test" classname="WP_Block_List_Test" file="/home/meng/Desktop/wptest/wordpress-develop/tests/phpunit/tests/blocks/block-list.php" line="48" assertions="4" time="0.028936"/>
        <testcase name="test_iterable" class="WP_Block_List_Test" classname="WP_Block_List_Test" file="/home/meng/Desktop/wptest/wordpress-develop/tests/phpunit/tests/blocks/block-list.php" line="72" assertions="5" time="0.030186"/>
        <testcase name="test_countable" class="WP_Block_List_Test" classname="WP_Block_List_Test" file="/home/meng/Desktop/wptest/wordpress-develop/tests/phpunit/tests/blocks/block-list.php" line="104" assertions="1" time="0.030025"/>
      </testsuite>
      <testsuite name="WP_Test_Block_Parser" file="/home/meng/Desktop/wptest/wordpress-develop/tests/phpunit/tests/blocks/block-parser.php" tests="62" assertions="62" errors="0" failures="0" skipped="0" time="1.840265">
        <testsuite name="WP_Test_Block_Parser::test_default_parser_output" tests="62" assertions="62" errors="0" failures="0" skipped="0" time="1.840265">
          <testcase name="test_default_parser_output with data set #0" class="WP_Test_Block_Parser" classname="WP_Test_Block_Parser" file="/home/meng/Desktop/wptest/wordpress-develop/tests/phpunit/tests/blocks/block-parser.php" line="56" assertions="1" time="0.029427"/>
          <testcase name="test_default_parser_output with data set #1" class="WP_Test_Block_Parser" classname="WP_Test_Block_Parser" file="/home/meng/Desktop/wptest/wordpress-develop/tests/phpunit/tests/blocks/block-parser.php" line="56" assertions="1" time="0.029140"/>
          <testcase name="test_default_parser_output with data set #2" class="WP_Test_Block_Parser" classname="WP_Test_Block_Parser" file="/home/meng/Desktop/wptest/wordpress-develop/tests/phpunit/tests/blocks/block-parser.php" line="56" assertions="1" time="0.039118"/>
          <testcase name="test_default_parser_output with data set #3" class="WP_Test_Block_Parser" classname="WP_Test_Block_Parser" file="/home/meng/Desktop/wptest/wordpress-develop/tests/phpunit/tests/blocks/block-parser.php" line="56" assertions="1" time="0.029514"/>
          <testcase name="test_default_parser_output with data set #4" class="WP_Test_Block_Parser" classname="WP_Test_Block_Parser" file="/home/meng/Desktop/wptest/wordpress-develop/tests/phpunit/tests/blocks/block-parser.php" line="56" assertions="1" time="0.028571"/>
          <testcase name="test_default_parser_output with data set #5" class="WP_Test_Block_Parser" classname="WP_Test_Block_Parser" file="/home/meng/Desktop/wptest/wordpress-develop/tests/phpunit/tests/blocks/block-parser.php" line="56" assertions="1" time="0.031039"/>
          <testcase name="test_default_parser_output with data set #6" class="WP_Test_Block_Parser" classname="WP_Test_Block_Parser" file="/home/meng/Desktop/wptest/wordpress-develop/tests/phpunit/tests/blocks/block-parser.php" line="56" assertions="1" time="0.031174"/>
          <testcase name="test_default_parser_output with data set #7" class="WP_Test_Block_Parser" classname="WP_Test_Block_Parser" file="/home/meng/Desktop/wptest/wordpress-develop/tests/phpunit/tests/blocks/block-parser.php" line="56" assertions="1" time="0.028494"/>
          <testcase name="test_default_parser_output with data set #8" class="WP_Test_Block_Parser" classname="WP_Test_Block_Parser" file="/home/meng/Desktop/wptest/wordpress-develop/tests/phpunit/tests/blocks/block-parser.php" line="56" assertions="1" time="0.031847"/>
          <testcase name="test_default_parser_output with data set #9" class="WP_Test_Block_Parser" classname="WP_Test_Block_Parser" file="/home/meng/Desktop/wptest/wordpress-develop/tests/phpunit/tests/blocks/block-parser.php" line="56" assertions="1" time="0.030330"/>
          <testcase name="test_default_parser_output with data set #10" class="WP_Test_Block_Parser" classname="WP_Test_Block_Parser" file="/home/meng/Desktop/wptest/wordpress-develop/tests/phpunit/tests/blocks/block-parser.php" line="56" assertions="1" time="0.029747"/>
          <testcase name="test_default_parser_output with data set #11" class="WP_Test_Block_Parser" classname="WP_Test_Block_Parser" file="/home/meng/Desktop/wptest/wordpress-develop/tests/phpunit/tests/blocks/block-parser.php" line="56" assertions="1" time="0.029160"/>
          <testcase name="test_default_parser_output with data set #12" class="WP_Test_Block_Parser" classname="WP_Test_Block_Parser" file="/home/meng/Desktop/wptest/wordpress-develop/tests/phpunit/tests/blocks/block-parser.php" line="56" assertions="1" time="0.029319"/>
          <testcase name="test_default_parser_output with data set #13" class="WP_Test_Block_Parser" classname="WP_Test_Block_Parser" file="/home/meng/Desktop/wptest/wordpress-develop/tests/phpunit/tests/blocks/block-parser.php" line="56" assertions="1" time="0.030164"/>
          <testcase name="test_default_parser_output with data set #14" class="WP_Test_Block_Parser" classname="WP_Test_Block_Parser" file="/home/meng/Desktop/wptest/wordpress-develop/tests/phpunit/tests/blocks/block-parser.php" line="56" assertions="1" time="0.030089"/>
          <testcase name="test_default_parser_output with data set #15" class="WP_Test_Block_Parser" classname="WP_Test_Block_Parser" file="/home/meng/Desktop/wptest/wordpress-develop/tests/phpunit/tests/blocks/block-parser.php" line="56" assertions="1" time="0.031464"/>
          <testcase name="test_default_parser_output with data set #16" class="WP_Test_Block_Parser" classname="WP_Test_Block_Parser" file="/home/meng/Desktop/wptest/wordpress-develop/tests/phpunit/tests/blocks/block-parser.php" line="56" assertions="1" time="0.029851"/>
          <testcase name="test_default_parser_output with data set #17" class="WP_Test_Block_Parser" classname="WP_Test_Block_Parser" file="/home/meng/Desktop/wptest/wordpress-develop/tests/phpunit/tests/blocks/block-parser.php" line="56" assertions="1" time="0.029250"/>
          <testcase name="test_default_parser_output with data set #18" class="WP_Test_Block_Parser" classname="WP_Test_Block_Parser" file="/home/meng/Desktop/wptest/wordpress-develop/tests/phpunit/tests/blocks/block-parser.php" line="56" assertions="1" time="0.028384"/>
          <testcase name="test_default_parser_output with data set #19" class="WP_Test_Block_Parser" classname="WP_Test_Block_Parser" file="/home/meng/Desktop/wptest/wordpress-develop/tests/phpunit/tests/blocks/block-parser.php" line="56" assertions="1" time="0.029137"/>
          <testcase name="test_default_parser_output with data set #20" class="WP_Test_Block_Parser" classname="WP_Test_Block_Parser" file="/home/meng/Desktop/wptest/wordpress-develop/tests/phpunit/tests/blocks/block-parser.php" line="56" assertions="1" time="0.028885"/>
          <testcase name="test_default_parser_output with data set #21" class="WP_Test_Block_Parser" classname="WP_Test_Block_Parser" file="/home/meng/Desktop/wptest/wordpress-develop/tests/phpunit/tests/blocks/block-parser.php" line="56" assertions="1" time="0.028767"/>
          <testcase name="test_default_parser_output with data set #22" class="WP_Test_Block_Parser" classname="WP_Test_Block_Parser" file="/home/meng/Desktop/wptest/wordpress-develop/tests/phpunit/tests/blocks/block-parser.php" line="56" assertions="1" time="0.028589"/>
          <testcase name="test_default_parser_output with data set #23" class="WP_Test_Block_Parser" classname="WP_Test_Block_Parser" file="/home/meng/Desktop/wptest/wordpress-develop/tests/phpunit/tests/blocks/block-parser.php" line="56" assertions="1" time="0.028592"/>
          <testcase name="test_default_parser_output with data set #24" class="WP_Test_Block_Parser" classname="WP_Test_Block_Parser" file="/home/meng/Desktop/wptest/wordpress-develop/tests/phpunit/tests/blocks/block-parser.php" line="56" assertions="1" time="0.028908"/>
          <testcase name="test_default_parser_output with data set #25" class="WP_Test_Block_Parser" classname="WP_Test_Block_Parser" file="/home/meng/Desktop/wptest/wordpress-develop/tests/phpunit/tests/blocks/block-parser.php" line="56" assertions="1" time="0.029510"/>
          <testcase name="test_default_parser_output with data set #26" class="WP_Test_Block_Parser" classname="WP_Test_Block_Parser" file="/home/meng/Desktop/wptest/wordpress-develop/tests/phpunit/tests/blocks/block-parser.php" line="56" assertions="1" time="0.029484"/>
          <testcase name="test_default_parser_output with data set #27" class="WP_Test_Block_Parser" classname="WP_Test_Block_Parser" file="/home/meng/Desktop/wptest/wordpress-develop/tests/phpunit/tests/blocks/block-parser.php" line="56" assertions="1" time="0.028927"/>
          <testcase name="test_default_parser_output with data set #28" class="WP_Test_Block_Parser" classname="WP_Test_Block_Parser" file="/home/meng/Desktop/wptest/wordpress-develop/tests/phpunit/tests/blocks/block-parser.php" line="56" assertions="1" time="0.029615"/>
          <testcase name="test_default_parser_output with data set #29" class="WP_Test_Block_Parser" classname="WP_Test_Block_Parser" file="/home/meng/Desktop/wptest/wordpress-develop/tests/phpunit/tests/blocks/block-parser.php" line="56" assertions="1" time="0.028945"/>
          <testcase name="test_default_parser_output with data set #30" class="WP_Test_Block_Parser" classname="WP_Test_Block_Parser" file="/home/meng/Desktop/wptest/wordpress-develop/tests/phpunit/tests/blocks/block-parser.php" line="56" assertions="1" time="0.030658"/>
          <testcase name="test_default_parser_output with data set #31" class="WP_Test_Block_Parser" classname="WP_Test_Block_Parser" file="/home/meng/Desktop/wptest/wordpress-develop/tests/phpunit/tests/blocks/block-parser.php" line="56" assertions="1" time="0.028993"/>
          <testcase name="test_default_parser_output with data set #32" class="WP_Test_Block_Parser" classname="WP_Test_Block_Parser" file="/home/meng/Desktop/wptest/wordpress-develop/tests/phpunit/tests/blocks/block-parser.php" line="56" assertions="1" time="0.030210"/>
          <testcase name="test_default_parser_output with data set #33" class="WP_Test_Block_Parser" classname="WP_Test_Block_Parser" file="/home/meng/Desktop/wptest/wordpress-develop/tests/phpunit/tests/blocks/block-parser.php" line="56" assertions="1" time="0.029415"/>
          <testcase name="test_default_parser_output with data set #34" class="WP_Test_Block_Parser" classname="WP_Test_Block_Parser" file="/home/meng/Desktop/wptest/wordpress-develop/tests/phpunit/tests/blocks/block-parser.php" line="56" assertions="1" time="0.028678"/>
          <testcase name="test_default_parser_output with data set #35" class="WP_Test_Block_Parser" classname="WP_Test_Block_Parser" file="/home/meng/Desktop/wptest/wordpress-develop/tests/phpunit/tests/blocks/block-parser.php" line="56" assertions="1" time="0.028700"/>
          <testcase name="test_default_parser_output with data set #36" class="WP_Test_Block_Parser" classname="WP_Test_Block_Parser" file="/home/meng/Desktop/wptest/wordpress-develop/tests/phpunit/tests/blocks/block-parser.php" line="56" assertions="1" time="0.030735"/>
          <testcase name="test_default_parser_output with data set #37" class="WP_Test_Block_Parser" classname="WP_Test_Block_Parser" file="/home/meng/Desktop/wptest/wordpress-develop/tests/phpunit/tests/blocks/block-parser.php" line="56" assertions="1" time="0.028472"/>
          <testcase name="test_default_parser_output with data set #38" class="WP_Test_Block_Parser" classname="WP_Test_Block_Parser" file="/home/meng/Desktop/wptest/wordpress-develop/tests/phpunit/tests/blocks/block-parser.php" line="56" assertions="1" time="0.029468"/>
          <testcase name="test_default_parser_output with data set #39" class="WP_Test_Block_Parser" classname="WP_Test_Block_Parser" file="/home/meng/Desktop/wptest/wordpress-develop/tests/phpunit/tests/blocks/block-parser.php" line="56" assertions="1" time="0.028844"/>
          <testcase name="test_default_parser_output with data set #40" class="WP_Test_Block_Parser" classname="WP_Test_Block_Parser" file="/home/meng/Desktop/wptest/wordpress-develop/tests/phpunit/tests/blocks/block-parser.php" line="56" assertions="1" time="0.029854"/>
          <testcase name="test_default_parser_output with data set #41" class="WP_Test_Block_Parser" classname="WP_Test_Block_Parser" file="/home/meng/Desktop/wptest/wordpress-develop/tests/phpunit/tests/blocks/block-parser.php" line="56" assertions="1" time="0.029175"/>
          <testcase name="test_default_parser_output with data set #42" class="WP_Test_Block_Parser" classname="WP_Test_Block_Parser" file="/home/meng/Desktop/wptest/wordpress-develop/tests/phpunit/tests/blocks/block-parser.php" line="56" assertions="1" time="0.028837"/>
          <testcase name="test_default_parser_output with data set #43" class="WP_Test_Block_Parser" classname="WP_Test_Block_Parser" file="/home/meng/Desktop/wptest/wordpress-develop/tests/phpunit/tests/blocks/block-parser.php" line="56" assertions="1" time="0.030251"/>
          <testcase name="test_default_parser_output with data set #44" class="WP_Test_Block_Parser" classname="WP_Test_Block_Parser" file="/home/meng/Desktop/wptest/wordpress-develop/tests/phpunit/tests/blocks/block-parser.php" line="56" assertions="1" time="0.029737"/>
          <testcase name="test_default_parser_output with data set #45" class="WP_Test_Block_Parser" classname="WP_Test_Block_Parser" file="/home/meng/Desktop/wptest/wordpress-develop/tests/phpunit/tests/blocks/block-parser.php" line="56" assertions="1" time="0.028863"/>
          <testcase name="test_default_parser_output with data set #46" class="WP_Test_Block_Parser" classname="WP_Test_Block_Parser" file="/home/meng/Desktop/wptest/wordpress-develop/tests/phpunit/tests/blocks/block-parser.php" line="56" assertions="1" time="0.031902"/>
          <testcase name="test_default_parser_output with data set #47" class="WP_Test_Block_Parser" classname="WP_Test_Block_Parser" file="/home/meng/Desktop/wptest/wordpress-develop/tests/phpunit/tests/blocks/block-parser.php" line="56" assertions="1" time="0.030063"/>
          <testcase name="test_default_parser_output with data set #48" class="WP_Test_Block_Parser" classname="WP_Test_Block_Parser" file="/home/meng/Desktop/wptest/wordpress-develop/tests/phpunit/tests/blocks/block-parser.php" line="56" assertions="1" time="0.029041"/>
          <testcase name="test_default_parser_output with data set #49" class="WP_Test_Block_Parser" classname="WP_Test_Block_Parser" file="/home/meng/Desktop/wptest/wordpress-develop/tests/phpunit/tests/blocks/block-parser.php" line="56" assertions="1" time="0.028826"/>
          <testcase name="test_default_parser_output with data set #50" class="WP_Test_Block_Parser" classname="WP_Test_Block_Parser" file="/home/meng/Desktop/wptest/wordpress-develop/tests/phpunit/tests/blocks/block-parser.php" line="56" assertions="1" time="0.032107"/>
          <testcase name="test_default_parser_output with data set #51" class="WP_Test_Block_Parser" classname="WP_Test_Block_Parser" file="/home/meng/Desktop/wptest/wordpress-develop/tests/phpunit/tests/blocks/block-parser.php" line="56" assertions="1" time="0.028801"/>
          <testcase name="test_default_parser_output with data set #52" class="WP_Test_Block_Parser" classname="WP_Test_Block_Parser" file="/home/meng/Desktop/wptest/wordpress-develop/tests/phpunit/tests/blocks/block-parser.php" line="56" assertions="1" time="0.028631"/>
          <testcase name="test_default_parser_output with data set #53" class="WP_Test_Block_Parser" classname="WP_Test_Block_Parser" file="/home/meng/Desktop/wptest/wordpress-develop/tests/phpunit/tests/blocks/block-parser.php" line="56" assertions="1" time="0.030688"/>
          <testcase name="test_default_parser_output with data set #54" class="WP_Test_Block_Parser" classname="WP_Test_Block_Parser" file="/home/meng/Desktop/wptest/wordpress-develop/tests/phpunit/tests/blocks/block-parser.php" line="56" assertions="1" time="0.029727"/>
          <testcase name="test_default_parser_output with data set #55" class="WP_Test_Block_Parser" classname="WP_Test_Block_Parser" file="/home/meng/Desktop/wptest/wordpress-develop/tests/phpunit/tests/blocks/block-parser.php" line="56" assertions="1" time="0.029140"/>
          <testcase name="test_default_parser_output with data set #56" class="WP_Test_Block_Parser" classname="WP_Test_Block_Parser" file="/home/meng/Desktop/wptest/wordpress-develop/tests/phpunit/tests/blocks/block-parser.php" line="56" assertions="1" time="0.028991"/>
          <testcase name="test_default_parser_output with data set #57" class="WP_Test_Block_Parser" classname="WP_Test_Block_Parser" file="/home/meng/Desktop/wptest/wordpress-develop/tests/phpunit/tests/blocks/block-parser.php" line="56" assertions="1" time="0.028653"/>
          <testcase name="test_default_parser_output with data set #58" class="WP_Test_Block_Parser" classname="WP_Test_Block_Parser" file="/home/meng/Desktop/wptest/wordpress-develop/tests/phpunit/tests/blocks/block-parser.php" line="56" assertions="1" time="0.028486"/>
          <testcase name="test_default_parser_output with data set #59" class="WP_Test_Block_Parser" classname="WP_Test_Block_Parser" file="/home/meng/Desktop/wptest/wordpress-develop/tests/phpunit/tests/blocks/block-parser.php" line="56" assertions="1" time="0.029189"/>
          <testcase name="test_default_parser_output with data set #60" class="WP_Test_Block_Parser" classname="WP_Test_Block_Parser" file="/home/meng/Desktop/wptest/wordpress-develop/tests/phpunit/tests/blocks/block-parser.php" line="56" assertions="1" time="0.030946"/>
          <testcase name="test_default_parser_output with data set #61" class="WP_Test_Block_Parser" classname="WP_Test_Block_Parser" file="/home/meng/Desktop/wptest/wordpress-develop/tests/phpunit/tests/blocks/block-parser.php" line="56" assertions="1" time="0.028743"/>
        </testsuite>
      </testsuite>
      <testsuite name="WP_Test_Block_Type_Registry" file="/home/meng/Desktop/wptest/wordpress-develop/tests/phpunit/tests/blocks/block-type-registry.php" tests="10" assertions="21" errors="0" failures="0" skipped="0" time="0.293905">
        <testcase name="test_invalid_non_string_names" class="WP_Test_Block_Type_Registry" classname="WP_Test_Block_Type_Registry" file="/home/meng/Desktop/wptest/wordpress-develop/tests/phpunit/tests/blocks/block-type-registry.php" line="56" assertions="2" time="0.029956"/>
        <testcase name="test_invalid_names_without_namespace" class="WP_Test_Block_Type_Registry" classname="WP_Test_Block_Type_Registry" file="/home/meng/Desktop/wptest/wordpress-develop/tests/phpunit/tests/blocks/block-type-registry.php" line="68" assertions="2" time="0.030608"/>
        <testcase name="test_invalid_characters" class="WP_Test_Block_Type_Registry" classname="WP_Test_Block_Type_Registry" file="/home/meng/Desktop/wptest/wordpress-develop/tests/phpunit/tests/blocks/block-type-registry.php" line="80" assertions="2" time="0.028727"/>
        <testcase name="test_uppercase_characters" class="WP_Test_Block_Type_Registry" classname="WP_Test_Block_Type_Registry" file="/home/meng/Desktop/wptest/wordpress-develop/tests/phpunit/tests/blocks/block-type-registry.php" line="92" assertions="2" time="0.029406"/>
        <testcase name="test_register_block_type" class="WP_Test_Block_Type_Registry" classname="WP_Test_Block_Type_Registry" file="/home/meng/Desktop/wptest/wordpress-develop/tests/phpunit/tests/blocks/block-type-registry.php" line="102" assertions="3" time="0.028605"/>
        <testcase name="test_register_block_type_twice" class="WP_Test_Block_Type_Registry" classname="WP_Test_Block_Type_Registry" file="/home/meng/Desktop/wptest/wordpress-develop/tests/phpunit/tests/blocks/block-type-registry.php" line="121" assertions="3" time="0.029648"/>
        <testcase name="test_register_block_type_instance" class="WP_Test_Block_Type_Registry" classname="WP_Test_Block_Type_Registry" file="/home/meng/Desktop/wptest/wordpress-develop/tests/phpunit/tests/blocks/block-type-registry.php" line="138" assertions="1" time="0.028354"/>
        <testcase name="test_unregister_not_registered_block" class="WP_Test_Block_Type_Registry" classname="WP_Test_Block_Type_Registry" file="/home/meng/Desktop/wptest/wordpress-develop/tests/phpunit/tests/blocks/block-type-registry.php" line="152" assertions="2" time="0.030295"/>
        <testcase name="test_unregister_block_type" class="WP_Test_Block_Type_Registry" classname="WP_Test_Block_Type_Registry" file="/home/meng/Desktop/wptest/wordpress-develop/tests/phpunit/tests/blocks/block-type-registry.php" line="162" assertions="3" time="0.028916"/>
        <testcase name="test_get_all_registered" class="WP_Test_Block_Type_Registry" classname="WP_Test_Block_Type_Registry" file="/home/meng/Desktop/wptest/wordpress-develop/tests/phpunit/tests/blocks/block-type-registry.php" line="178" assertions="1" time="0.029390"/>
      </testsuite>
      <testsuite name="WP_Test_Block_Type" file="/home/meng/Desktop/wptest/wordpress-develop/tests/phpunit/tests/blocks/block-type.php" tests="19" assertions="50" errors="0" failures="0" skipped="0" time="0.553254">
        <testcase name="test_set_props" class="WP_Test_Block_Type" classname="WP_Test_Block_Type" file="/home/meng/Desktop/wptest/wordpress-develop/tests/phpunit/tests/blocks/block-type.php" line="73" assertions="3" time="0.030196"/>
        <testcase name="test_render" class="WP_Test_Block_Type" classname="WP_Test_Block_Type" file="/home/meng/Desktop/wptest/wordpress-develop/tests/phpunit/tests/blocks/block-type.php" line="90" assertions="1" time="0.028377"/>
        <testcase name="test_render_with_content" class="WP_Test_Block_Type" classname="WP_Test_Block_Type" file="/home/meng/Desktop/wptest/wordpress-develop/tests/phpunit/tests/blocks/block-type.php" line="109" assertions="1" time="0.028494"/>
        <testcase name="test_render_for_static_block" class="WP_Test_Block_Type" classname="WP_Test_Block_Type" file="/home/meng/Desktop/wptest/wordpress-develop/tests/phpunit/tests/blocks/block-type.php" line="132" assertions="1" time="0.028533"/>
        <testcase name="test_is_dynamic_for_static_block" class="WP_Test_Block_Type" classname="WP_Test_Block_Type" file="/home/meng/Desktop/wptest/wordpress-develop/tests/phpunit/tests/blocks/block-type.php" line="142" assertions="1" time="0.028360"/>
        <testcase name="test_is_dynamic_for_dynamic_block" class="WP_Test_Block_Type" classname="WP_Test_Block_Type" file="/home/meng/Desktop/wptest/wordpress-develop/tests/phpunit/tests/blocks/block-type.php" line="151" assertions="1" time="0.028135"/>
        <testcase name="test_prepare_attributes" class="WP_Test_Block_Type" classname="WP_Test_Block_Type" file="/home/meng/Desktop/wptest/wordpress-develop/tests/phpunit/tests/blocks/block-type.php" line="165" assertions="1" time="0.030904"/>
        <testcase name="test_prepare_attributes_none_defined" class="WP_Test_Block_Type" classname="WP_Test_Block_Type" file="/home/meng/Desktop/wptest/wordpress-develop/tests/phpunit/tests/blocks/block-type.php" line="219" assertions="1" time="0.028039"/>
        <testcase name="test_has_block_with_mixed_content" class="WP_Test_Block_Type" classname="WP_Test_Block_Type" file="/home/meng/Desktop/wptest/wordpress-develop/tests/phpunit/tests/blocks/block-type.php" line="232" assertions="8" time="0.028642"/>
        <testcase name="test_has_block_with_invalid_content" class="WP_Test_Block_Type" classname="WP_Test_Block_Type" file="/home/meng/Desktop/wptest/wordpress-develop/tests/phpunit/tests/blocks/block-type.php" line="267" assertions="5" time="0.030726"/>
        <testcase name="test_post_has_block" class="WP_Test_Block_Type" classname="WP_Test_Block_Type" file="/home/meng/Desktop/wptest/wordpress-develop/tests/phpunit/tests/blocks/block-type.php" line="290" assertions="5" time="0.030265"/>
        <testcase name="test_post_has_block_serialized_name" class="WP_Test_Block_Type" classname="WP_Test_Block_Type" file="/home/meng/Desktop/wptest/wordpress-develop/tests/phpunit/tests/blocks/block-type.php" line="307" assertions="8" time="0.028190"/>
        <testcase name="test_register_block" class="WP_Test_Block_Type" classname="WP_Test_Block_Type" file="/home/meng/Desktop/wptest/wordpress-develop/tests/phpunit/tests/blocks/block-type.php" line="355" assertions="8" time="0.028002"/>
        <testsuite name="WP_Test_Block_Type::test_block_version" tests="6" assertions="6" errors="0" failures="0" skipped="0" time="0.176391">
          <testcase name="test_block_version with data set #0" class="WP_Test_Block_Type" classname="WP_Test_Block_Type" file="/home/meng/Desktop/wptest/wordpress-develop/tests/phpunit/tests/blocks/block-type.php" line="390" assertions="1" time="0.029296"/>
          <testcase name="test_block_version with data set #1" class="WP_Test_Block_Type" classname="WP_Test_Block_Type" file="/home/meng/Desktop/wptest/wordpress-develop/tests/phpunit/tests/blocks/block-type.php" line="390" assertions="1" time="0.029454"/>
          <testcase name="test_block_version with data set #2" class="WP_Test_Block_Type" classname="WP_Test_Block_Type" file="/home/meng/Desktop/wptest/wordpress-develop/tests/phpunit/tests/blocks/block-type.php" line="390" assertions="1" time="0.028723"/>
          <testcase name="test_block_version with data set #3" class="WP_Test_Block_Type" classname="WP_Test_Block_Type" file="/home/meng/Desktop/wptest/wordpress-develop/tests/phpunit/tests/blocks/block-type.php" line="390" assertions="1" time="0.031354"/>
          <testcase name="test_block_version with data set #4" class="WP_Test_Block_Type" classname="WP_Test_Block_Type" file="/home/meng/Desktop/wptest/wordpress-develop/tests/phpunit/tests/blocks/block-type.php" line="390" assertions="1" time="0.028528"/>
          <testcase name="test_block_version with data set #5" class="WP_Test_Block_Type" classname="WP_Test_Block_Type" file="/home/meng/Desktop/wptest/wordpress-develop/tests/phpunit/tests/blocks/block-type.php" line="390" assertions="1" time="0.029036"/>
        </testsuite>
      </testsuite>
      <testsuite name="WP_Block_Test" file="/home/meng/Desktop/wptest/wordpress-develop/tests/phpunit/tests/blocks/block.php" tests="13" assertions="24" errors="0" failures="0" skipped="0" time="0.387061">
        <testcase name="test_constructor_assigns_properties_from_parsed_block" class="WP_Block_Test" classname="WP_Block_Test" file="/home/meng/Desktop/wptest/wordpress-develop/tests/phpunit/tests/blocks/block.php" line="51" assertions="5" time="0.029809"/>
        <testcase name="test_constructor_assigns_block_type_from_registry" class="WP_Block_Test" classname="WP_Block_Test" file="/home/meng/Desktop/wptest/wordpress-develop/tests/phpunit/tests/blocks/block.php" line="69" assertions="2" time="0.030850"/>
        <testcase name="test_lazily_assigns_attributes_with_defaults" class="WP_Block_Test" classname="WP_Block_Test" file="/home/meng/Desktop/wptest/wordpress-develop/tests/phpunit/tests/blocks/block.php" line="94" assertions="1" time="0.028729"/>
        <testcase name="test_lazily_assigns_attributes_with_only_defaults" class="WP_Block_Test" classname="WP_Block_Test" file="/home/meng/Desktop/wptest/wordpress-develop/tests/phpunit/tests/blocks/block.php" line="128" assertions="2" time="0.028613"/>
        <testcase name="test_constructor_assigns_context_from_block_type" class="WP_Block_Test" classname="WP_Block_Test" file="/home/meng/Desktop/wptest/wordpress-develop/tests/phpunit/tests/blocks/block.php" line="156" assertions="1" time="0.030093"/>
        <testcase name="test_constructor_maps_inner_blocks" class="WP_Block_Test" classname="WP_Block_Test" file="/home/meng/Desktop/wptest/wordpress-develop/tests/phpunit/tests/blocks/block.php" line="177" assertions="3" time="0.029356"/>
        <testcase name="test_constructor_prepares_context_for_inner_blocks" class="WP_Block_Test" classname="WP_Block_Test" file="/home/meng/Desktop/wptest/wordpress-develop/tests/phpunit/tests/blocks/block.php" line="193" assertions="2" time="0.031278"/>
        <testcase name="test_constructor_assigns_merged_context" class="WP_Block_Test" classname="WP_Block_Test" file="/home/meng/Desktop/wptest/wordpress-develop/tests/phpunit/tests/blocks/block.php" line="229" assertions="3" time="0.029578"/>
        <testcase name="test_render_static_block_type_returns_own_content" class="WP_Block_Test" classname="WP_Block_Test" file="/home/meng/Desktop/wptest/wordpress-develop/tests/phpunit/tests/blocks/block.php" line="273" assertions="1" time="0.029206"/>
        <testcase name="test_render_passes_block_for_render_callback" class="WP_Block_Test" classname="WP_Block_Test" file="/home/meng/Desktop/wptest/wordpress-develop/tests/phpunit/tests/blocks/block.php" line="295" assertions="1" time="0.030257"/>
        <testcase name="test_render_applies_render_block_filter" class="WP_Block_Test" classname="WP_Block_Test" file="/home/meng/Desktop/wptest/wordpress-develop/tests/phpunit/tests/blocks/block.php" line="316" assertions="1" time="0.030265"/>
        <testcase name="test_passes_attributes_to_render_callback" class="WP_Block_Test" classname="WP_Block_Test" file="/home/meng/Desktop/wptest/wordpress-develop/tests/phpunit/tests/blocks/block.php" line="337" assertions="1" time="0.029116"/>
        <testcase name="test_passes_content_to_render_callback" class="WP_Block_Test" classname="WP_Block_Test" file="/home/meng/Desktop/wptest/wordpress-develop/tests/phpunit/tests/blocks/block.php" line="371" assertions="1" time="0.029911"/>
      </testsuite>
      <testsuite name="WP_Test_Block_Register" file="/home/meng/Desktop/wptest/wordpress-develop/tests/phpunit/tests/blocks/register.php" tests="20" assertions="48" errors="0" failures="0" skipped="0" time="0.605029">
        <testcase name="test_register_affects_main_registry" class="WP_Test_Block_Register" classname="WP_Test_Block_Register" file="/home/meng/Desktop/wptest/wordpress-develop/tests/phpunit/tests/blocks/register.php" line="77" assertions="1" time="0.033135"/>
        <testcase name="test_unregister_affects_main_registry" class="WP_Test_Block_Register" classname="WP_Test_Block_Register" file="/home/meng/Desktop/wptest/wordpress-develop/tests/phpunit/tests/blocks/register.php" line="92" assertions="1" time="0.029265"/>
        <testcase name="test_does_not_remove_block_asset_path_prefix" class="WP_Test_Block_Register" classname="WP_Test_Block_Register" file="/home/meng/Desktop/wptest/wordpress-develop/tests/phpunit/tests/blocks/register.php" line="108" assertions="1" time="0.031521"/>
        <testcase name="test_removes_block_asset_path_prefix" class="WP_Test_Block_Register" classname="WP_Test_Block_Register" file="/home/meng/Desktop/wptest/wordpress-develop/tests/phpunit/tests/blocks/register.php" line="117" assertions="1" time="0.038222"/>
        <testcase name="test_generate_block_asset_handle" class="WP_Test_Block_Register" classname="WP_Test_Block_Register" file="/home/meng/Desktop/wptest/wordpress-develop/tests/phpunit/tests/blocks/register.php" line="126" assertions="4" time="0.030523"/>
        <testcase name="test_field_not_found_register_block_script_handle" class="WP_Test_Block_Register" classname="WP_Test_Block_Register" file="/home/meng/Desktop/wptest/wordpress-develop/tests/phpunit/tests/blocks/register.php" line="150" assertions="1" time="0.028366"/>
        <testcase name="test_empty_value_register_block_script_handle" class="WP_Test_Block_Register" classname="WP_Test_Block_Register" file="/home/meng/Desktop/wptest/wordpress-develop/tests/phpunit/tests/blocks/register.php" line="159" assertions="1" time="0.028092"/>
        <testcase name="test_missing_asset_file_register_block_script_handle" class="WP_Test_Block_Register" classname="WP_Test_Block_Register" file="/home/meng/Desktop/wptest/wordpress-develop/tests/phpunit/tests/blocks/register.php" line="170" assertions="2" time="0.028857"/>
        <testcase name="test_handle_passed_register_block_script_handle" class="WP_Test_Block_Register" classname="WP_Test_Block_Register" file="/home/meng/Desktop/wptest/wordpress-develop/tests/phpunit/tests/blocks/register.php" line="184" assertions="1" time="0.028217"/>
        <testcase name="test_success_register_block_script_handle" class="WP_Test_Block_Register" classname="WP_Test_Block_Register" file="/home/meng/Desktop/wptest/wordpress-develop/tests/phpunit/tests/blocks/register.php" line="196" assertions="1" time="0.028653"/>
        <testcase name="test_field_not_found_register_block_style_handle" class="WP_Test_Block_Register" classname="WP_Test_Block_Register" file="/home/meng/Desktop/wptest/wordpress-develop/tests/phpunit/tests/blocks/register.php" line="210" assertions="1" time="0.028725"/>
        <testcase name="test_empty_value_found_register_block_style_handle" class="WP_Test_Block_Register" classname="WP_Test_Block_Register" file="/home/meng/Desktop/wptest/wordpress-develop/tests/phpunit/tests/blocks/register.php" line="219" assertions="1" time="0.028868"/>
        <testcase name="test_handle_passed_register_block_style_handle" class="WP_Test_Block_Register" classname="WP_Test_Block_Register" file="/home/meng/Desktop/wptest/wordpress-develop/tests/phpunit/tests/blocks/register.php" line="229" assertions="1" time="0.028699"/>
        <testcase name="test_success_register_block_style_handle" class="WP_Test_Block_Register" classname="WP_Test_Block_Register" file="/home/meng/Desktop/wptest/wordpress-develop/tests/phpunit/tests/blocks/register.php" line="241" assertions="1" time="0.028509"/>
        <testcase name="test_metadata_not_found_in_wordpress_core" class="WP_Test_Block_Register" classname="WP_Test_Block_Register" file="/home/meng/Desktop/wptest/wordpress-develop/tests/phpunit/tests/blocks/register.php" line="258" assertions="1" time="0.028894"/>
        <testcase name="test_metadata_not_found_in_the_current_directory" class="WP_Test_Block_Register" classname="WP_Test_Block_Register" file="/home/meng/Desktop/wptest/wordpress-develop/tests/phpunit/tests/blocks/register.php" line="270" assertions="1" time="0.028340"/>
        <testcase name="test_block_registers_with_metadata_fixture" class="WP_Test_Block_Register" classname="WP_Test_Block_Register" file="/home/meng/Desktop/wptest/wordpress-develop/tests/phpunit/tests/blocks/register.php" line="282" assertions="19" time="0.029088"/>
        <testcase name="test_get_dynamic_block_names" class="WP_Test_Block_Register" classname="WP_Test_Block_Register" file="/home/meng/Desktop/wptest/wordpress-develop/tests/phpunit/tests/blocks/register.php" line="351" assertions="2" time="0.032821"/>
        <testcase name="test_has_blocks" class="WP_Test_Block_Register" classname="WP_Test_Block_Register" file="/home/meng/Desktop/wptest/wordpress-develop/tests/phpunit/tests/blocks/register.php" line="364" assertions="6" time="0.036844"/>
        <testcase name="test_filter_block_registration" class="WP_Test_Block_Register" classname="WP_Test_Block_Register" file="/home/meng/Desktop/wptest/wordpress-develop/tests/phpunit/tests/blocks/register.php" line="388" assertions="1" time="0.029390"/>
      </testsuite>
      <testsuite name="WP_Test_Render_Reusable_Blocks" file="/home/meng/Desktop/wptest/wordpress-develop/tests/phpunit/tests/blocks/render-reusable.php" tests="3" assertions="3" errors="0" failures="0" skipped="0" time="0.091221">
        <testcase name="test_render" class="WP_Test_Render_Reusable_Blocks" classname="WP_Test_Render_Reusable_Blocks" file="/home/meng/Desktop/wptest/wordpress-develop/tests/phpunit/tests/blocks/render-reusable.php" line="85" assertions="1" time="0.030457"/>
        <testcase name="test_ref_empty" class="WP_Test_Render_Reusable_Blocks" classname="WP_Test_Render_Reusable_Blocks" file="/home/meng/Desktop/wptest/wordpress-develop/tests/phpunit/tests/blocks/render-reusable.php" line="91" assertions="1" time="0.029168"/>
        <testcase name="test_ref_wrong_post_type" class="WP_Test_Render_Reusable_Blocks" classname="WP_Test_Render_Reusable_Blocks" file="/home/meng/Desktop/wptest/wordpress-develop/tests/phpunit/tests/blocks/render-reusable.php" line="97" assertions="1" time="0.031596"/>
      </testsuite>
      <testsuite name="WP_Test_Block_Render" file="/home/meng/Desktop/wptest/wordpress-develop/tests/phpunit/tests/blocks/render.php" tests="75" assertions="81" errors="0" failures="0" skipped="0" time="2.594294">
        <testcase name="test_do_blocks_removes_comments" class="WP_Test_Block_Render" classname="WP_Test_Block_Render" file="/home/meng/Desktop/wptest/wordpress-develop/tests/phpunit/tests/blocks/render.php" line="57" assertions="1" time="0.031094"/>
        <testcase name="test_the_content" class="WP_Test_Block_Render" classname="WP_Test_Block_Render" file="/home/meng/Desktop/wptest/wordpress-develop/tests/phpunit/tests/blocks/render.php" line="69" assertions="1" time="0.033656"/>
        <testcase name="test_nested_calls_to_the_content" class="WP_Test_Block_Render" classname="WP_Test_Block_Render" file="/home/meng/Desktop/wptest/wordpress-develop/tests/phpunit/tests/blocks/render.php" line="93" assertions="1" time="0.032538"/>
        <testcase name="test_can_nest_at_least_so_deep" class="WP_Test_Block_Render" classname="WP_Test_Block_Render" file="/home/meng/Desktop/wptest/wordpress-develop/tests/phpunit/tests/blocks/render.php" line="116" assertions="1" time="0.049597"/>
        <testcase name="test_can_nest_at_least_so_deep_with_dynamic_blocks" class="WP_Test_Block_Render" classname="WP_Test_Block_Render" file="/home/meng/Desktop/wptest/wordpress-develop/tests/phpunit/tests/blocks/render.php" line="127" assertions="1" time="0.051572"/>
        <testcase name="test_blocks_arent_autopeed" class="WP_Test_Block_Render" classname="WP_Test_Block_Render" file="/home/meng/Desktop/wptest/wordpress-develop/tests/phpunit/tests/blocks/render.php" line="155" assertions="6" time="0.030847"/>
        <testsuite name="WP_Test_Block_Render::test_do_block_output" tests="62" assertions="62" errors="0" failures="0" skipped="0" time="1.911689">
          <testcase name="test_do_block_output with data set #0" class="WP_Test_Block_Render" classname="WP_Test_Block_Render" file="/home/meng/Desktop/wptest/wordpress-develop/tests/phpunit/tests/blocks/render.php" line="212" assertions="1" time="0.029350"/>
          <testcase name="test_do_block_output with data set #1" class="WP_Test_Block_Render" classname="WP_Test_Block_Render" file="/home/meng/Desktop/wptest/wordpress-develop/tests/phpunit/tests/blocks/render.php" line="212" assertions="1" time="0.030873"/>
          <testcase name="test_do_block_output with data set #2" class="WP_Test_Block_Render" classname="WP_Test_Block_Render" file="/home/meng/Desktop/wptest/wordpress-develop/tests/phpunit/tests/blocks/render.php" line="212" assertions="1" time="0.031825"/>
          <testcase name="test_do_block_output with data set #3" class="WP_Test_Block_Render" classname="WP_Test_Block_Render" file="/home/meng/Desktop/wptest/wordpress-develop/tests/phpunit/tests/blocks/render.php" line="212" assertions="1" time="0.029210"/>
          <testcase name="test_do_block_output with data set #4" class="WP_Test_Block_Render" classname="WP_Test_Block_Render" file="/home/meng/Desktop/wptest/wordpress-develop/tests/phpunit/tests/blocks/render.php" line="212" assertions="1" time="0.030532"/>
          <testcase name="test_do_block_output with data set #5" class="WP_Test_Block_Render" classname="WP_Test_Block_Render" file="/home/meng/Desktop/wptest/wordpress-develop/tests/phpunit/tests/blocks/render.php" line="212" assertions="1" time="0.030543"/>
          <testcase name="test_do_block_output with data set #6" class="WP_Test_Block_Render" classname="WP_Test_Block_Render" file="/home/meng/Desktop/wptest/wordpress-develop/tests/phpunit/tests/blocks/render.php" line="212" assertions="1" time="0.031750"/>
          <testcase name="test_do_block_output with data set #7" class="WP_Test_Block_Render" classname="WP_Test_Block_Render" file="/home/meng/Desktop/wptest/wordpress-develop/tests/phpunit/tests/blocks/render.php" line="212" assertions="1" time="0.030145"/>
          <testcase name="test_do_block_output with data set #8" class="WP_Test_Block_Render" classname="WP_Test_Block_Render" file="/home/meng/Desktop/wptest/wordpress-develop/tests/phpunit/tests/blocks/render.php" line="212" assertions="1" time="0.029827"/>
          <testcase name="test_do_block_output with data set #9" class="WP_Test_Block_Render" classname="WP_Test_Block_Render" file="/home/meng/Desktop/wptest/wordpress-develop/tests/phpunit/tests/blocks/render.php" line="212" assertions="1" time="0.032066"/>
          <testcase name="test_do_block_output with data set #10" class="WP_Test_Block_Render" classname="WP_Test_Block_Render" file="/home/meng/Desktop/wptest/wordpress-develop/tests/phpunit/tests/blocks/render.php" line="212" assertions="1" time="0.029859"/>
          <testcase name="test_do_block_output with data set #11" class="WP_Test_Block_Render" classname="WP_Test_Block_Render" file="/home/meng/Desktop/wptest/wordpress-develop/tests/phpunit/tests/blocks/render.php" line="212" assertions="1" time="0.029247"/>
          <testcase name="test_do_block_output with data set #12" class="WP_Test_Block_Render" classname="WP_Test_Block_Render" file="/home/meng/Desktop/wptest/wordpress-develop/tests/phpunit/tests/blocks/render.php" line="212" assertions="1" time="0.029053"/>
          <testcase name="test_do_block_output with data set #13" class="WP_Test_Block_Render" classname="WP_Test_Block_Render" file="/home/meng/Desktop/wptest/wordpress-develop/tests/phpunit/tests/blocks/render.php" line="212" assertions="1" time="0.030261"/>
          <testcase name="test_do_block_output with data set #14" class="WP_Test_Block_Render" classname="WP_Test_Block_Render" file="/home/meng/Desktop/wptest/wordpress-develop/tests/phpunit/tests/blocks/render.php" line="212" assertions="1" time="0.030539"/>
          <testcase name="test_do_block_output with data set #15" class="WP_Test_Block_Render" classname="WP_Test_Block_Render" file="/home/meng/Desktop/wptest/wordpress-develop/tests/phpunit/tests/blocks/render.php" line="212" assertions="1" time="0.030149"/>
          <testcase name="test_do_block_output with data set #16" class="WP_Test_Block_Render" classname="WP_Test_Block_Render" file="/home/meng/Desktop/wptest/wordpress-develop/tests/phpunit/tests/blocks/render.php" line="212" assertions="1" time="0.029193"/>
          <testcase name="test_do_block_output with data set #17" class="WP_Test_Block_Render" classname="WP_Test_Block_Render" file="/home/meng/Desktop/wptest/wordpress-develop/tests/phpunit/tests/blocks/render.php" line="212" assertions="1" time="0.030514"/>
          <testcase name="test_do_block_output with data set #18" class="WP_Test_Block_Render" classname="WP_Test_Block_Render" file="/home/meng/Desktop/wptest/wordpress-develop/tests/phpunit/tests/blocks/render.php" line="212" assertions="1" time="0.030062"/>
          <testcase name="test_do_block_output with data set #19" class="WP_Test_Block_Render" classname="WP_Test_Block_Render" file="/home/meng/Desktop/wptest/wordpress-develop/tests/phpunit/tests/blocks/render.php" line="212" assertions="1" time="0.029454"/>
          <testcase name="test_do_block_output with data set #20" class="WP_Test_Block_Render" classname="WP_Test_Block_Render" file="/home/meng/Desktop/wptest/wordpress-develop/tests/phpunit/tests/blocks/render.php" line="212" assertions="1" time="0.029415"/>
          <testcase name="test_do_block_output with data set #21" class="WP_Test_Block_Render" classname="WP_Test_Block_Render" file="/home/meng/Desktop/wptest/wordpress-develop/tests/phpunit/tests/blocks/render.php" line="212" assertions="1" time="0.029518"/>
          <testcase name="test_do_block_output with data set #22" class="WP_Test_Block_Render" classname="WP_Test_Block_Render" file="/home/meng/Desktop/wptest/wordpress-develop/tests/phpunit/tests/blocks/render.php" line="212" assertions="1" time="0.030292"/>
          <testcase name="test_do_block_output with data set #23" class="WP_Test_Block_Render" classname="WP_Test_Block_Render" file="/home/meng/Desktop/wptest/wordpress-develop/tests/phpunit/tests/blocks/render.php" line="212" assertions="1" time="0.032005"/>
          <testcase name="test_do_block_output with data set #24" class="WP_Test_Block_Render" classname="WP_Test_Block_Render" file="/home/meng/Desktop/wptest/wordpress-develop/tests/phpunit/tests/blocks/render.php" line="212" assertions="1" time="0.032822"/>
          <testcase name="test_do_block_output with data set #25" class="WP_Test_Block_Render" classname="WP_Test_Block_Render" file="/home/meng/Desktop/wptest/wordpress-develop/tests/phpunit/tests/blocks/render.php" line="212" assertions="1" time="0.033257"/>
          <testcase name="test_do_block_output with data set #26" class="WP_Test_Block_Render" classname="WP_Test_Block_Render" file="/home/meng/Desktop/wptest/wordpress-develop/tests/phpunit/tests/blocks/render.php" line="212" assertions="1" time="0.029292"/>
          <testcase name="test_do_block_output with data set #27" class="WP_Test_Block_Render" classname="WP_Test_Block_Render" file="/home/meng/Desktop/wptest/wordpress-develop/tests/phpunit/tests/blocks/render.php" line="212" assertions="1" time="0.029833"/>
          <testcase name="test_do_block_output with data set #28" class="WP_Test_Block_Render" classname="WP_Test_Block_Render" file="/home/meng/Desktop/wptest/wordpress-develop/tests/phpunit/tests/blocks/render.php" line="212" assertions="1" time="0.029568"/>
          <testcase name="test_do_block_output with data set #29" class="WP_Test_Block_Render" classname="WP_Test_Block_Render" file="/home/meng/Desktop/wptest/wordpress-develop/tests/phpunit/tests/blocks/render.php" line="212" assertions="1" time="0.030566"/>
          <testcase name="test_do_block_output with data set #30" class="WP_Test_Block_Render" classname="WP_Test_Block_Render" file="/home/meng/Desktop/wptest/wordpress-develop/tests/phpunit/tests/blocks/render.php" line="212" assertions="1" time="0.030275"/>
          <testcase name="test_do_block_output with data set #31" class="WP_Test_Block_Render" classname="WP_Test_Block_Render" file="/home/meng/Desktop/wptest/wordpress-develop/tests/phpunit/tests/blocks/render.php" line="212" assertions="1" time="0.028578"/>
          <testcase name="test_do_block_output with data set #32" class="WP_Test_Block_Render" classname="WP_Test_Block_Render" file="/home/meng/Desktop/wptest/wordpress-develop/tests/phpunit/tests/blocks/render.php" line="212" assertions="1" time="0.029468"/>
          <testcase name="test_do_block_output with data set #33" class="WP_Test_Block_Render" classname="WP_Test_Block_Render" file="/home/meng/Desktop/wptest/wordpress-develop/tests/phpunit/tests/blocks/render.php" line="212" assertions="1" time="0.030975"/>
          <testcase name="test_do_block_output with data set #34" class="WP_Test_Block_Render" classname="WP_Test_Block_Render" file="/home/meng/Desktop/wptest/wordpress-develop/tests/phpunit/tests/blocks/render.php" line="212" assertions="1" time="0.031802"/>
          <testcase name="test_do_block_output with data set #35" class="WP_Test_Block_Render" classname="WP_Test_Block_Render" file="/home/meng/Desktop/wptest/wordpress-develop/tests/phpunit/tests/blocks/render.php" line="212" assertions="1" time="0.034651"/>
          <testcase name="test_do_block_output with data set #36" class="WP_Test_Block_Render" classname="WP_Test_Block_Render" file="/home/meng/Desktop/wptest/wordpress-develop/tests/phpunit/tests/blocks/render.php" line="212" assertions="1" time="0.032678"/>
          <testcase name="test_do_block_output with data set #37" class="WP_Test_Block_Render" classname="WP_Test_Block_Render" file="/home/meng/Desktop/wptest/wordpress-develop/tests/phpunit/tests/blocks/render.php" line="212" assertions="1" time="0.029577"/>
          <testcase name="test_do_block_output with data set #38" class="WP_Test_Block_Render" classname="WP_Test_Block_Render" file="/home/meng/Desktop/wptest/wordpress-develop/tests/phpunit/tests/blocks/render.php" line="212" assertions="1" time="0.032670"/>
          <testcase name="test_do_block_output with data set #39" class="WP_Test_Block_Render" classname="WP_Test_Block_Render" file="/home/meng/Desktop/wptest/wordpress-develop/tests/phpunit/tests/blocks/render.php" line="212" assertions="1" time="0.030172"/>
          <testcase name="test_do_block_output with data set #40" class="WP_Test_Block_Render" classname="WP_Test_Block_Render" file="/home/meng/Desktop/wptest/wordpress-develop/tests/phpunit/tests/blocks/render.php" line="212" assertions="1" time="0.029903"/>
          <testcase name="test_do_block_output with data set #41" class="WP_Test_Block_Render" classname="WP_Test_Block_Render" file="/home/meng/Desktop/wptest/wordpress-develop/tests/phpunit/tests/blocks/render.php" line="212" assertions="1" time="0.029977"/>
          <testcase name="test_do_block_output with data set #42" class="WP_Test_Block_Render" classname="WP_Test_Block_Render" file="/home/meng/Desktop/wptest/wordpress-develop/tests/phpunit/tests/blocks/render.php" line="212" assertions="1" time="0.028954"/>
          <testcase name="test_do_block_output with data set #43" class="WP_Test_Block_Render" classname="WP_Test_Block_Render" file="/home/meng/Desktop/wptest/wordpress-develop/tests/phpunit/tests/blocks/render.php" line="212" assertions="1" time="0.029304"/>
          <testcase name="test_do_block_output with data set #44" class="WP_Test_Block_Render" classname="WP_Test_Block_Render" file="/home/meng/Desktop/wptest/wordpress-develop/tests/phpunit/tests/blocks/render.php" line="212" assertions="1" time="0.042184"/>
          <testcase name="test_do_block_output with data set #45" class="WP_Test_Block_Render" classname="WP_Test_Block_Render" file="/home/meng/Desktop/wptest/wordpress-develop/tests/phpunit/tests/blocks/render.php" line="212" assertions="1" time="0.050145"/>
          <testcase name="test_do_block_output with data set #46" class="WP_Test_Block_Render" classname="WP_Test_Block_Render" file="/home/meng/Desktop/wptest/wordpress-develop/tests/phpunit/tests/blocks/render.php" line="212" assertions="1" time="0.030264"/>
          <testcase name="test_do_block_output with data set #47" class="WP_Test_Block_Render" classname="WP_Test_Block_Render" file="/home/meng/Desktop/wptest/wordpress-develop/tests/phpunit/tests/blocks/render.php" line="212" assertions="1" time="0.028750"/>
          <testcase name="test_do_block_output with data set #48" class="WP_Test_Block_Render" classname="WP_Test_Block_Render" file="/home/meng/Desktop/wptest/wordpress-develop/tests/phpunit/tests/blocks/render.php" line="212" assertions="1" time="0.030351"/>
          <testcase name="test_do_block_output with data set #49" class="WP_Test_Block_Render" classname="WP_Test_Block_Render" file="/home/meng/Desktop/wptest/wordpress-develop/tests/phpunit/tests/blocks/render.php" line="212" assertions="1" time="0.029626"/>
          <testcase name="test_do_block_output with data set #50" class="WP_Test_Block_Render" classname="WP_Test_Block_Render" file="/home/meng/Desktop/wptest/wordpress-develop/tests/phpunit/tests/blocks/render.php" line="212" assertions="1" time="0.029184"/>
          <testcase name="test_do_block_output with data set #51" class="WP_Test_Block_Render" classname="WP_Test_Block_Render" file="/home/meng/Desktop/wptest/wordpress-develop/tests/phpunit/tests/blocks/render.php" line="212" assertions="1" time="0.028974"/>
          <testcase name="test_do_block_output with data set #52" class="WP_Test_Block_Render" classname="WP_Test_Block_Render" file="/home/meng/Desktop/wptest/wordpress-develop/tests/phpunit/tests/blocks/render.php" line="212" assertions="1" time="0.029356"/>
          <testcase name="test_do_block_output with data set #53" class="WP_Test_Block_Render" classname="WP_Test_Block_Render" file="/home/meng/Desktop/wptest/wordpress-develop/tests/phpunit/tests/blocks/render.php" line="212" assertions="1" time="0.030232"/>
          <testcase name="test_do_block_output with data set #54" class="WP_Test_Block_Render" classname="WP_Test_Block_Render" file="/home/meng/Desktop/wptest/wordpress-develop/tests/phpunit/tests/blocks/render.php" line="212" assertions="1" time="0.031084"/>
          <testcase name="test_do_block_output with data set #55" class="WP_Test_Block_Render" classname="WP_Test_Block_Render" file="/home/meng/Desktop/wptest/wordpress-develop/tests/phpunit/tests/blocks/render.php" line="212" assertions="1" time="0.029101"/>
          <testcase name="test_do_block_output with data set #56" class="WP_Test_Block_Render" classname="WP_Test_Block_Render" file="/home/meng/Desktop/wptest/wordpress-develop/tests/phpunit/tests/blocks/render.php" line="212" assertions="1" time="0.029407"/>
          <testcase name="test_do_block_output with data set #57" class="WP_Test_Block_Render" classname="WP_Test_Block_Render" file="/home/meng/Desktop/wptest/wordpress-develop/tests/phpunit/tests/blocks/render.php" line="212" assertions="1" time="0.031486"/>
          <testcase name="test_do_block_output with data set #58" class="WP_Test_Block_Render" classname="WP_Test_Block_Render" file="/home/meng/Desktop/wptest/wordpress-develop/tests/phpunit/tests/blocks/render.php" line="212" assertions="1" time="0.029421"/>
          <testcase name="test_do_block_output with data set #59" class="WP_Test_Block_Render" classname="WP_Test_Block_Render" file="/home/meng/Desktop/wptest/wordpress-develop/tests/phpunit/tests/blocks/render.php" line="212" assertions="1" time="0.031030"/>
          <testcase name="test_do_block_output with data set #60" class="WP_Test_Block_Render" classname="WP_Test_Block_Render" file="/home/meng/Desktop/wptest/wordpress-develop/tests/phpunit/tests/blocks/render.php" line="212" assertions="1" time="0.030090"/>
          <testcase name="test_do_block_output with data set #61" class="WP_Test_Block_Render" classname="WP_Test_Block_Render" file="/home/meng/Desktop/wptest/wordpress-develop/tests/phpunit/tests/blocks/render.php" line="212" assertions="1" time="0.030998"/>
        </testsuite>
        <testcase name="test_dynamic_block_rendering" class="WP_Test_Block_Render" classname="WP_Test_Block_Render" file="/home/meng/Desktop/wptest/wordpress-develop/tests/phpunit/tests/blocks/render.php" line="235" assertions="1" time="0.031843"/>
        <testcase name="test_global_post_persistence" class="WP_Test_Block_Render" classname="WP_Test_Block_Render" file="/home/meng/Desktop/wptest/wordpress-develop/tests/phpunit/tests/blocks/render.php" line="270" assertions="1" time="0.219069"/>
        <testcase name="test_render_latest_comments_on_password_protected_post" class="WP_Test_Block_Render" classname="WP_Test_Block_Render" file="/home/meng/Desktop/wptest/wordpress-develop/tests/phpunit/tests/blocks/render.php" line="292" assertions="1" time="0.071346"/>
        <testcase name="test_dynamic_block_renders_string" class="WP_Test_Block_Render" classname="WP_Test_Block_Render" file="/home/meng/Desktop/wptest/wordpress-develop/tests/phpunit/tests/blocks/render.php" line="313" assertions="2" time="0.030458"/>
        <testcase name="test_dynamic_block_gets_inner_html" class="WP_Test_Block_Render" classname="WP_Test_Block_Render" file="/home/meng/Desktop/wptest/wordpress-develop/tests/phpunit/tests/blocks/render.php" line="330" assertions="1" time="0.030743"/>
        <testcase name="test_dynamic_block_gets_rendered_inner_blocks" class="WP_Test_Block_Render" classname="WP_Test_Block_Render" file="/home/meng/Desktop/wptest/wordpress-develop/tests/phpunit/tests/blocks/render.php" line="348" assertions="1" time="0.039317"/>
        <testcase name="test_dynamic_block_gets_rendered_inner_dynamic_blocks" class="WP_Test_Block_Render" classname="WP_Test_Block_Render" file="/home/meng/Desktop/wptest/wordpress-develop/tests/phpunit/tests/blocks/render.php" line="376" assertions="1" time="0.030525"/>
      </testsuite>
      <testsuite name="WP_Test_Block_Serialization" file="/home/meng/Desktop/wptest/wordpress-develop/tests/phpunit/tests/blocks/serialization.php" tests="7" assertions="10" errors="0" failures="0" skipped="0" time="0.206043">
        <testsuite name="WP_Test_Block_Serialization::test_serialize_identity_from_parsed" tests="6" assertions="6" errors="0" failures="0" skipped="0" time="0.176341">
          <testcase name="test_serialize_identity_from_parsed with data set #0" class="WP_Test_Block_Serialization" classname="WP_Test_Block_Serialization" file="/home/meng/Desktop/wptest/wordpress-develop/tests/phpunit/tests/blocks/serialization.php" line="22" assertions="1" time="0.028714"/>
          <testcase name="test_serialize_identity_from_parsed with data set #1" class="WP_Test_Block_Serialization" classname="WP_Test_Block_Serialization" file="/home/meng/Desktop/wptest/wordpress-develop/tests/phpunit/tests/blocks/serialization.php" line="22" assertions="1" time="0.028923"/>
          <testcase name="test_serialize_identity_from_parsed with data set #2" class="WP_Test_Block_Serialization" classname="WP_Test_Block_Serialization" file="/home/meng/Desktop/wptest/wordpress-develop/tests/phpunit/tests/blocks/serialization.php" line="22" assertions="1" time="0.029699"/>
          <testcase name="test_serialize_identity_from_parsed with data set #3" class="WP_Test_Block_Serialization" classname="WP_Test_Block_Serialization" file="/home/meng/Desktop/wptest/wordpress-develop/tests/phpunit/tests/blocks/serialization.php" line="22" assertions="1" time="0.029721"/>
          <testcase name="test_serialize_identity_from_parsed with data set #4" class="WP_Test_Block_Serialization" classname="WP_Test_Block_Serialization" file="/home/meng/Desktop/wptest/wordpress-develop/tests/phpunit/tests/blocks/serialization.php" line="22" assertions="1" time="0.029138"/>
          <testcase name="test_serialize_identity_from_parsed with data set #5" class="WP_Test_Block_Serialization" classname="WP_Test_Block_Serialization" file="/home/meng/Desktop/wptest/wordpress-develop/tests/phpunit/tests/blocks/serialization.php" line="22" assertions="1" time="0.030146"/>
        </testsuite>
        <testcase name="test_serialized_block_name" class="WP_Test_Block_Serialization" classname="WP_Test_Block_Serialization" file="/home/meng/Desktop/wptest/wordpress-develop/tests/phpunit/tests/blocks/serialization.php" line="53" assertions="4" time="0.029702"/>
      </testsuite>
      <testsuite name="Tests_Bookmark_GetBookmarks" file="/home/meng/Desktop/wptest/wordpress-develop/tests/phpunit/tests/bookmark/getBookmarks.php" tests="6" assertions="9" errors="0" failures="0" skipped="0" time="0.308197">
        <testcase name="test_should_hit_cache" class="Tests_Bookmark_GetBookmarks" classname="Tests_Bookmark_GetBookmarks" file="/home/meng/Desktop/wptest/wordpress-develop/tests/phpunit/tests/bookmark/getBookmarks.php" line="7" assertions="2" time="0.041638"/>
        <testcase name="test_adding_bookmark_should_bust_get_bookmarks_cache" class="Tests_Bookmark_GetBookmarks" classname="Tests_Bookmark_GetBookmarks" file="/home/meng/Desktop/wptest/wordpress-develop/tests/phpunit/tests/bookmark/getBookmarks.php" line="30" assertions="2" time="0.048653"/>
        <testcase name="test_orderby_rand_should_not_be_cached" class="Tests_Bookmark_GetBookmarks" classname="Tests_Bookmark_GetBookmarks" file="/home/meng/Desktop/wptest/wordpress-develop/tests/phpunit/tests/bookmark/getBookmarks.php" line="64" assertions="2" time="0.047330"/>
        <testcase name="test_exclude_param_gets_properly_parsed_as_list" class="Tests_Bookmark_GetBookmarks" classname="Tests_Bookmark_GetBookmarks" file="/home/meng/Desktop/wptest/wordpress-develop/tests/phpunit/tests/bookmark/getBookmarks.php" line="88" assertions="1" time="0.045895"/>
        <testcase name="test_include_param_gets_properly_parsed_as_list" class="Tests_Bookmark_GetBookmarks" classname="Tests_Bookmark_GetBookmarks" file="/home/meng/Desktop/wptest/wordpress-develop/tests/phpunit/tests/bookmark/getBookmarks.php" line="106" assertions="1" time="0.047893"/>
        <testcase name="test_category_param_propelry_gets_parsed_as_list" class="Tests_Bookmark_GetBookmarks" classname="Tests_Bookmark_GetBookmarks" file="/home/meng/Desktop/wptest/wordpress-develop/tests/phpunit/tests/bookmark/getBookmarks.php" line="124" assertions="1" time="0.076787"/>
      </testsuite>
      <testsuite name="Tests_Cache" file="/home/meng/Desktop/wptest/wordpress-develop/tests/phpunit/tests/cache.php" tests="20" assertions="70" errors="0" failures="0" skipped="0" time="0.595976">
        <testcase name="test_miss" class="Tests_Cache" classname="Tests_Cache" file="/home/meng/Desktop/wptest/wordpress-develop/tests/phpunit/tests/cache.php" line="29" assertions="1" time="0.028936"/>
        <testcase name="test_add_get" class="Tests_Cache" classname="Tests_Cache" file="/home/meng/Desktop/wptest/wordpress-develop/tests/phpunit/tests/cache.php" line="33" assertions="1" time="0.028744"/>
        <testcase name="test_add_get_0" class="Tests_Cache" classname="Tests_Cache" file="/home/meng/Desktop/wptest/wordpress-develop/tests/phpunit/tests/cache.php" line="41" assertions="2" time="0.028709"/>
        <testcase name="test_add_get_null" class="Tests_Cache" classname="Tests_Cache" file="/home/meng/Desktop/wptest/wordpress-develop/tests/phpunit/tests/cache.php" line="53" assertions="2" time="0.029403"/>
        <testcase name="test_add_get_false" class="Tests_Cache" classname="Tests_Cache" file="/home/meng/Desktop/wptest/wordpress-develop/tests/phpunit/tests/cache.php" line="65" assertions="2" time="0.028690"/>
        <testcase name="test_add" class="Tests_Cache" classname="Tests_Cache" file="/home/meng/Desktop/wptest/wordpress-develop/tests/phpunit/tests/cache.php" line="74" assertions="4" time="0.029471"/>
        <testcase name="test_replace" class="Tests_Cache" classname="Tests_Cache" file="/home/meng/Desktop/wptest/wordpress-develop/tests/phpunit/tests/cache.php" line="87" assertions="6" time="0.030780"/>
        <testcase name="test_set" class="Tests_Cache" classname="Tests_Cache" file="/home/meng/Desktop/wptest/wordpress-develop/tests/phpunit/tests/cache.php" line="101" assertions="4" time="0.029642"/>
        <testcase name="test_flush" class="Tests_Cache" classname="Tests_Cache" file="/home/meng/Desktop/wptest/wordpress-develop/tests/phpunit/tests/cache.php" line="114" assertions="2" time="0.029942"/>
        <testcase name="test_object_refs" class="Tests_Cache" classname="Tests_Cache" file="/home/meng/Desktop/wptest/wordpress-develop/tests/phpunit/tests/cache.php" line="133" assertions="4" time="0.028991"/>
        <testcase name="test_incr" class="Tests_Cache" classname="Tests_Cache" file="/home/meng/Desktop/wptest/wordpress-develop/tests/phpunit/tests/cache.php" line="155" assertions="3" time="0.029249"/>
        <testcase name="test_wp_cache_incr" class="Tests_Cache" classname="Tests_Cache" file="/home/meng/Desktop/wptest/wordpress-develop/tests/phpunit/tests/cache.php" line="168" assertions="3" time="0.030864"/>
        <testcase name="test_decr" class="Tests_Cache" classname="Tests_Cache" file="/home/meng/Desktop/wptest/wordpress-develop/tests/phpunit/tests/cache.php" line="181" assertions="4" time="0.029394"/>
        <testcase name="test_wp_cache_decr" class="Tests_Cache" classname="Tests_Cache" file="/home/meng/Desktop/wptest/wordpress-develop/tests/phpunit/tests/cache.php" line="201" assertions="4" time="0.033513"/>
        <testcase name="test_delete" class="Tests_Cache" classname="Tests_Cache" file="/home/meng/Desktop/wptest/wordpress-develop/tests/phpunit/tests/cache.php" line="218" assertions="5" time="0.031181"/>
        <testcase name="test_wp_cache_delete" class="Tests_Cache" classname="Tests_Cache" file="/home/meng/Desktop/wptest/wordpress-develop/tests/phpunit/tests/cache.php" line="233" assertions="5" time="0.028566"/>
        <testcase name="test_switch_to_blog" class="Tests_Cache" classname="Tests_Cache" file="/home/meng/Desktop/wptest/wordpress-develop/tests/phpunit/tests/cache.php" line="252" assertions="12" time="0.029083"/>
        <testcase name="test_wp_cache_init" class="Tests_Cache" classname="Tests_Cache" file="/home/meng/Desktop/wptest/wordpress-develop/tests/phpunit/tests/cache.php" line="298" assertions="1" time="0.031267"/>
        <testcase name="test_wp_cache_replace" class="Tests_Cache" classname="Tests_Cache" file="/home/meng/Desktop/wptest/wordpress-develop/tests/phpunit/tests/cache.php" line="312" assertions="4" time="0.028746"/>
        <testcase name="test_get_multiple" class="Tests_Cache" classname="Tests_Cache" file="/home/meng/Desktop/wptest/wordpress-develop/tests/phpunit/tests/cache.php" line="337" assertions="1" time="0.030805"/>
      </testsuite>
      <testsuite name="Tests_Canonical" file="/home/meng/Desktop/wptest/wordpress-develop/tests/phpunit/tests/canonical.php" tests="61" assertions="76" errors="0" failures="0" skipped="0" time="4.297217">
        <testsuite name="Tests_Canonical::test_canonical" tests="56" assertions="68" errors="0" failures="0" skipped="0" time="3.917695">
          <testcase name="test_canonical with data set #0" class="Tests_Canonical" classname="Tests_Canonical" file="/home/meng/Desktop/wptest/wordpress-develop/tests/phpunit/tests/canonical.php" line="21" assertions="1" time="0.060615"/>
          <testcase name="test_canonical with data set #1" class="Tests_Canonical" classname="Tests_Canonical" file="/home/meng/Desktop/wptest/wordpress-develop/tests/phpunit/tests/canonical.php" line="21" assertions="1" time="0.062466"/>
          <testcase name="test_canonical with data set #2" class="Tests_Canonical" classname="Tests_Canonical" file="/home/meng/Desktop/wptest/wordpress-develop/tests/phpunit/tests/canonical.php" line="21" assertions="1" time="0.064745"/>
          <testcase name="test_canonical with data set #3" class="Tests_Canonical" classname="Tests_Canonical" file="/home/meng/Desktop/wptest/wordpress-develop/tests/phpunit/tests/canonical.php" line="21" assertions="2" time="0.102105"/>
          <testcase name="test_canonical with data set #4" class="Tests_Canonical" classname="Tests_Canonical" file="/home/meng/Desktop/wptest/wordpress-develop/tests/phpunit/tests/canonical.php" line="21" assertions="2" time="0.096706"/>
          <testcase name="test_canonical with data set #5" class="Tests_Canonical" classname="Tests_Canonical" file="/home/meng/Desktop/wptest/wordpress-develop/tests/phpunit/tests/canonical.php" line="21" assertions="2" time="0.095303"/>
          <testcase name="test_canonical with data set #6" class="Tests_Canonical" classname="Tests_Canonical" file="/home/meng/Desktop/wptest/wordpress-develop/tests/phpunit/tests/canonical.php" line="21" assertions="2" time="0.092254"/>
          <testcase name="test_canonical with data set #7" class="Tests_Canonical" classname="Tests_Canonical" file="/home/meng/Desktop/wptest/wordpress-develop/tests/phpunit/tests/canonical.php" line="21" assertions="3" time="0.084220"/>
          <testcase name="test_canonical with data set #8" class="Tests_Canonical" classname="Tests_Canonical" file="/home/meng/Desktop/wptest/wordpress-develop/tests/phpunit/tests/canonical.php" line="21" assertions="3" time="0.073903"/>
          <testcase name="test_canonical with data set #9" class="Tests_Canonical" classname="Tests_Canonical" file="/home/meng/Desktop/wptest/wordpress-develop/tests/phpunit/tests/canonical.php" line="21" assertions="1" time="0.065496"/>
          <testcase name="test_canonical with data set #10" class="Tests_Canonical" classname="Tests_Canonical" file="/home/meng/Desktop/wptest/wordpress-develop/tests/phpunit/tests/canonical.php" line="21" assertions="3" time="0.074059"/>
          <testcase name="test_canonical with data set #11" class="Tests_Canonical" classname="Tests_Canonical" file="/home/meng/Desktop/wptest/wordpress-develop/tests/phpunit/tests/canonical.php" line="21" assertions="1" time="0.065342"/>
          <testcase name="test_canonical with data set #12" class="Tests_Canonical" classname="Tests_Canonical" file="/home/meng/Desktop/wptest/wordpress-develop/tests/phpunit/tests/canonical.php" line="21" assertions="1" time="0.064874"/>
          <testcase name="test_canonical with data set #13" class="Tests_Canonical" classname="Tests_Canonical" file="/home/meng/Desktop/wptest/wordpress-develop/tests/phpunit/tests/canonical.php" line="21" assertions="1" time="0.070596"/>
          <testcase name="test_canonical with data set #14" class="Tests_Canonical" classname="Tests_Canonical" file="/home/meng/Desktop/wptest/wordpress-develop/tests/phpunit/tests/canonical.php" line="21" assertions="1" time="0.069506"/>
          <testcase name="test_canonical with data set #15" class="Tests_Canonical" classname="Tests_Canonical" file="/home/meng/Desktop/wptest/wordpress-develop/tests/phpunit/tests/canonical.php" line="21" assertions="1" time="0.063192"/>
          <testcase name="test_canonical with data set #16" class="Tests_Canonical" classname="Tests_Canonical" file="/home/meng/Desktop/wptest/wordpress-develop/tests/phpunit/tests/canonical.php" line="21" assertions="1" time="0.065142"/>
          <testcase name="test_canonical with data set #17" class="Tests_Canonical" classname="Tests_Canonical" file="/home/meng/Desktop/wptest/wordpress-develop/tests/phpunit/tests/canonical.php" line="21" assertions="1" time="0.069060"/>
          <testcase name="test_canonical with data set #18" class="Tests_Canonical" classname="Tests_Canonical" file="/home/meng/Desktop/wptest/wordpress-develop/tests/phpunit/tests/canonical.php" line="21" assertions="1" time="0.059269"/>
          <testcase name="test_canonical with data set #19" class="Tests_Canonical" classname="Tests_Canonical" file="/home/meng/Desktop/wptest/wordpress-develop/tests/phpunit/tests/canonical.php" line="21" assertions="1" time="0.062576"/>
          <testcase name="test_canonical with data set #20" class="Tests_Canonical" classname="Tests_Canonical" file="/home/meng/Desktop/wptest/wordpress-develop/tests/phpunit/tests/canonical.php" line="21" assertions="1" time="0.065965"/>
          <testcase name="test_canonical with data set #21" class="Tests_Canonical" classname="Tests_Canonical" file="/home/meng/Desktop/wptest/wordpress-develop/tests/phpunit/tests/canonical.php" line="21" assertions="1" time="0.062039"/>
          <testcase name="test_canonical with data set #22" class="Tests_Canonical" classname="Tests_Canonical" file="/home/meng/Desktop/wptest/wordpress-develop/tests/phpunit/tests/canonical.php" line="21" assertions="1" time="0.068576"/>
          <testcase name="test_canonical with data set #23" class="Tests_Canonical" classname="Tests_Canonical" file="/home/meng/Desktop/wptest/wordpress-develop/tests/phpunit/tests/canonical.php" line="21" assertions="1" time="0.063314"/>
          <testcase name="test_canonical with data set #24" class="Tests_Canonical" classname="Tests_Canonical" file="/home/meng/Desktop/wptest/wordpress-develop/tests/phpunit/tests/canonical.php" line="21" assertions="1" time="0.070128"/>
          <testcase name="test_canonical with data set #25" class="Tests_Canonical" classname="Tests_Canonical" file="/home/meng/Desktop/wptest/wordpress-develop/tests/phpunit/tests/canonical.php" line="21" assertions="2" time="0.077908"/>
          <testcase name="test_canonical with data set #26" class="Tests_Canonical" classname="Tests_Canonical" file="/home/meng/Desktop/wptest/wordpress-develop/tests/phpunit/tests/canonical.php" line="21" assertions="1" time="0.078605"/>
          <testcase name="test_canonical with data set #27" class="Tests_Canonical" classname="Tests_Canonical" file="/home/meng/Desktop/wptest/wordpress-develop/tests/phpunit/tests/canonical.php" line="21" assertions="1" time="0.066777"/>
          <testcase name="test_canonical with data set #28" class="Tests_Canonical" classname="Tests_Canonical" file="/home/meng/Desktop/wptest/wordpress-develop/tests/phpunit/tests/canonical.php" line="21" assertions="1" time="0.065665"/>
          <testcase name="test_canonical with data set #29" class="Tests_Canonical" classname="Tests_Canonical" file="/home/meng/Desktop/wptest/wordpress-develop/tests/phpunit/tests/canonical.php" line="21" assertions="1" time="0.064757"/>
          <testcase name="test_canonical with data set #30" class="Tests_Canonical" classname="Tests_Canonical" file="/home/meng/Desktop/wptest/wordpress-develop/tests/phpunit/tests/canonical.php" line="21" assertions="1" time="0.063639"/>
          <testcase name="test_canonical with data set #31" class="Tests_Canonical" classname="Tests_Canonical" file="/home/meng/Desktop/wptest/wordpress-develop/tests/phpunit/tests/canonical.php" line="21" assertions="1" time="0.060823"/>
          <testcase name="test_canonical with data set #32" class="Tests_Canonical" classname="Tests_Canonical" file="/home/meng/Desktop/wptest/wordpress-develop/tests/phpunit/tests/canonical.php" line="21" assertions="1" time="0.065012"/>
          <testcase name="test_canonical with data set #33" class="Tests_Canonical" classname="Tests_Canonical" file="/home/meng/Desktop/wptest/wordpress-develop/tests/phpunit/tests/canonical.php" line="21" assertions="1" time="0.072715"/>
          <testcase name="test_canonical with data set #34" class="Tests_Canonical" classname="Tests_Canonical" file="/home/meng/Desktop/wptest/wordpress-develop/tests/phpunit/tests/canonical.php" line="21" assertions="1" time="0.068317"/>
          <testcase name="test_canonical with data set #35" class="Tests_Canonical" classname="Tests_Canonical" file="/home/meng/Desktop/wptest/wordpress-develop/tests/phpunit/tests/canonical.php" line="21" assertions="1" time="0.062170"/>
          <testcase name="test_canonical with data set #36" class="Tests_Canonical" classname="Tests_Canonical" file="/home/meng/Desktop/wptest/wordpress-develop/tests/phpunit/tests/canonical.php" line="21" assertions="1" time="0.064583"/>
          <testcase name="test_canonical with data set #37" class="Tests_Canonical" classname="Tests_Canonical" file="/home/meng/Desktop/wptest/wordpress-develop/tests/phpunit/tests/canonical.php" line="21" assertions="1" time="0.064512"/>
          <testcase name="test_canonical with data set #38" class="Tests_Canonical" classname="Tests_Canonical" file="/home/meng/Desktop/wptest/wordpress-develop/tests/phpunit/tests/canonical.php" line="21" assertions="1" time="0.069470"/>
          <testcase name="test_canonical with data set #39" class="Tests_Canonical" classname="Tests_Canonical" file="/home/meng/Desktop/wptest/wordpress-develop/tests/phpunit/tests/canonical.php" line="21" assertions="1" time="0.071685"/>
          <testcase name="test_canonical with data set #40" class="Tests_Canonical" classname="Tests_Canonical" file="/home/meng/Desktop/wptest/wordpress-develop/tests/phpunit/tests/canonical.php" line="21" assertions="1" time="0.060394"/>
          <testcase name="test_canonical with data set #41" class="Tests_Canonical" classname="Tests_Canonical" file="/home/meng/Desktop/wptest/wordpress-develop/tests/phpunit/tests/canonical.php" line="21" assertions="2" time="0.060733"/>
          <testcase name="test_canonical with data set #42" class="Tests_Canonical" classname="Tests_Canonical" file="/home/meng/Desktop/wptest/wordpress-develop/tests/phpunit/tests/canonical.php" line="21" assertions="1" time="0.074509"/>
          <testcase name="test_canonical with data set #43" class="Tests_Canonical" classname="Tests_Canonical" file="/home/meng/Desktop/wptest/wordpress-develop/tests/phpunit/tests/canonical.php" line="21" assertions="1" time="0.076639"/>
          <testcase name="test_canonical with data set #44" class="Tests_Canonical" classname="Tests_Canonical" file="/home/meng/Desktop/wptest/wordpress-develop/tests/phpunit/tests/canonical.php" line="21" assertions="1" time="0.075189"/>
          <testcase name="test_canonical with data set #45" class="Tests_Canonical" classname="Tests_Canonical" file="/home/meng/Desktop/wptest/wordpress-develop/tests/phpunit/tests/canonical.php" line="21" assertions="1" time="0.072452"/>
          <testcase name="test_canonical with data set #46" class="Tests_Canonical" classname="Tests_Canonical" file="/home/meng/Desktop/wptest/wordpress-develop/tests/phpunit/tests/canonical.php" line="21" assertions="1" time="0.068857"/>
          <testcase name="test_canonical with data set #47" class="Tests_Canonical" classname="Tests_Canonical" file="/home/meng/Desktop/wptest/wordpress-develop/tests/phpunit/tests/canonical.php" line="21" assertions="1" time="0.066629"/>
          <testcase name="test_canonical with data set #48" class="Tests_Canonical" classname="Tests_Canonical" file="/home/meng/Desktop/wptest/wordpress-develop/tests/phpunit/tests/canonical.php" line="21" assertions="1" time="0.066362"/>
          <testcase name="test_canonical with data set #49" class="Tests_Canonical" classname="Tests_Canonical" file="/home/meng/Desktop/wptest/wordpress-develop/tests/phpunit/tests/canonical.php" line="21" assertions="1" time="0.071753"/>
          <testcase name="test_canonical with data set #50" class="Tests_Canonical" classname="Tests_Canonical" file="/home/meng/Desktop/wptest/wordpress-develop/tests/phpunit/tests/canonical.php" line="21" assertions="1" time="0.075935"/>
          <testcase name="test_canonical with data set #51" class="Tests_Canonical" classname="Tests_Canonical" file="/home/meng/Desktop/wptest/wordpress-develop/tests/phpunit/tests/canonical.php" line="21" assertions="1" time="0.070327"/>
          <testcase name="test_canonical with data set #52" class="Tests_Canonical" classname="Tests_Canonical" file="/home/meng/Desktop/wptest/wordpress-develop/tests/phpunit/tests/canonical.php" line="21" assertions="1" time="0.068518"/>
          <testcase name="test_canonical with data set #53" class="Tests_Canonical" classname="Tests_Canonical" file="/home/meng/Desktop/wptest/wordpress-develop/tests/phpunit/tests/canonical.php" line="21" assertions="1" time="0.069377"/>
          <testcase name="test_canonical with data set #54" class="Tests_Canonical" classname="Tests_Canonical" file="/home/meng/Desktop/wptest/wordpress-develop/tests/phpunit/tests/canonical.php" line="21" assertions="1" time="0.063704"/>
          <testcase name="test_canonical with data set #55" class="Tests_Canonical" classname="Tests_Canonical" file="/home/meng/Desktop/wptest/wordpress-develop/tests/phpunit/tests/canonical.php" line="21" assertions="1" time="0.068229"/>
        </testsuite>
        <testcase name="test_do_redirect_guess_404_permalink" class="Tests_Canonical" classname="Tests_Canonical" file="/home/meng/Desktop/wptest/wordpress-develop/tests/phpunit/tests/canonical.php" line="236" assertions="1" time="0.058654"/>
        <testcase name="test_pre_redirect_guess_404_permalink" class="Tests_Canonical" classname="Tests_Canonical" file="/home/meng/Desktop/wptest/wordpress-develop/tests/phpunit/tests/canonical.php" line="246" assertions="1" time="0.061657"/>
        <testcase name="test_strict_redirect_guess_404_permalink" class="Tests_Canonical" classname="Tests_Canonical" file="/home/meng/Desktop/wptest/wordpress-develop/tests/phpunit/tests/canonical.php" line="261" assertions="2" time="0.086754"/>
        <testcase name="test_redirect_guess_404_permalink_post_types" class="Tests_Canonical" classname="Tests_Canonical" file="/home/meng/Desktop/wptest/wordpress-develop/tests/phpunit/tests/canonical.php" line="283" assertions="3" time="0.079182"/>
        <testcase name="test_utf8_query_keys_canonical" class="Tests_Canonical" classname="Tests_Canonical" file="/home/meng/Desktop/wptest/wordpress-develop/tests/phpunit/tests/canonical.php" line="301" assertions="1" time="0.093275"/>
      </testsuite>
      <testsuite name="Tests_Canonical_Category" file="/home/meng/Desktop/wptest/wordpress-develop/tests/phpunit/tests/canonical/category.php" tests="5" assertions="10" errors="0" failures="0" skipped="0" time="0.390977">
        <testsuite name="Tests_Canonical_Category::test_canonical_category" tests="5" assertions="10" errors="0" failures="0" skipped="0" time="0.390977">
          <testcase name="test_canonical_category with data set #0" class="Tests_Canonical_Category" classname="Tests_Canonical_Category" file="/home/meng/Desktop/wptest/wordpress-develop/tests/phpunit/tests/canonical/category.php" line="28" assertions="2" time="0.079402"/>
          <testcase name="test_canonical_category with data set #1" class="Tests_Canonical_Category" classname="Tests_Canonical_Category" file="/home/meng/Desktop/wptest/wordpress-develop/tests/phpunit/tests/canonical/category.php" line="28" assertions="2" time="0.076089"/>
          <testcase name="test_canonical_category with data set #2" class="Tests_Canonical_Category" classname="Tests_Canonical_Category" file="/home/meng/Desktop/wptest/wordpress-develop/tests/phpunit/tests/canonical/category.php" line="28" assertions="2" time="0.076343"/>
          <testcase name="test_canonical_category with data set #3" class="Tests_Canonical_Category" classname="Tests_Canonical_Category" file="/home/meng/Desktop/wptest/wordpress-develop/tests/phpunit/tests/canonical/category.php" line="28" assertions="2" time="0.081809"/>
          <testcase name="test_canonical_category with data set #4" class="Tests_Canonical_Category" classname="Tests_Canonical_Category" file="/home/meng/Desktop/wptest/wordpress-develop/tests/phpunit/tests/canonical/category.php" line="28" assertions="2" time="0.077334"/>
        </testsuite>
      </testsuite>
      <testsuite name="Tests_Canonical_CustomRules" file="/home/meng/Desktop/wptest/wordpress-develop/tests/phpunit/tests/canonical/customRules.php" tests="2" assertions="4" errors="0" failures="0" skipped="0" time="0.198194">
        <testsuite name="Tests_Canonical_CustomRules::test" tests="2" assertions="4" errors="0" failures="0" skipped="0" time="0.198194">
          <testcase name="test with data set #0" class="Tests_Canonical_CustomRules" classname="Tests_Canonical_CustomRules" file="/home/meng/Desktop/wptest/wordpress-develop/tests/phpunit/tests/canonical/customRules.php" line="21" assertions="2" time="0.098927"/>
          <testcase name="test with data set #1" class="Tests_Canonical_CustomRules" classname="Tests_Canonical_CustomRules" file="/home/meng/Desktop/wptest/wordpress-develop/tests/phpunit/tests/canonical/customRules.php" line="21" assertions="2" time="0.099267"/>
        </testsuite>
      </testsuite>
      <testsuite name="Tests_Canonical_HTTPS" file="/home/meng/Desktop/wptest/wordpress-develop/tests/phpunit/tests/canonical/https.php" tests="3" assertions="3" errors="0" failures="0" skipped="0" time="0.200908">
        <testcase name="test_http_request_with_http_home" class="Tests_Canonical_HTTPS" classname="Tests_Canonical_HTTPS" file="/home/meng/Desktop/wptest/wordpress-develop/tests/phpunit/tests/canonical/https.php" line="26" assertions="1" time="0.067163"/>
        <testcase name="test_https_request_with_http_home" class="Tests_Canonical_HTTPS" classname="Tests_Canonical_HTTPS" file="/home/meng/Desktop/wptest/wordpress-develop/tests/phpunit/tests/canonical/https.php" line="35" assertions="1" time="0.068230"/>
        <testcase name="test_https_request_with_https_home" class="Tests_Canonical_HTTPS" classname="Tests_Canonical_HTTPS" file="/home/meng/Desktop/wptest/wordpress-develop/tests/phpunit/tests/canonical/https.php" line="44" assertions="1" time="0.065515"/>
      </testsuite>
      <testsuite name="Tests_Canonical_NoRewrite" file="/home/meng/Desktop/wptest/wordpress-develop/tests/phpunit/tests/canonical/noRewrite.php" tests="56" assertions="104" errors="0" failures="0" skipped="0" time="3.832374">
        <testsuite name="Tests_Canonical_NoRewrite::test" tests="56" assertions="104" errors="0" failures="0" skipped="0" time="3.832374">
          <testcase name="test with data set #0" class="Tests_Canonical_NoRewrite" classname="Tests_Canonical_NoRewrite" file="/home/meng/Desktop/wptest/wordpress-develop/tests/phpunit/tests/canonical/noRewrite.php" line="27" assertions="1" time="0.063870"/>
          <testcase name="test with data set #1" class="Tests_Canonical_NoRewrite" classname="Tests_Canonical_NoRewrite" file="/home/meng/Desktop/wptest/wordpress-develop/tests/phpunit/tests/canonical/noRewrite.php" line="27" assertions="1" time="0.059883"/>
          <testcase name="test with data set #2" class="Tests_Canonical_NoRewrite" classname="Tests_Canonical_NoRewrite" file="/home/meng/Desktop/wptest/wordpress-develop/tests/phpunit/tests/canonical/noRewrite.php" line="27" assertions="1" time="0.058059"/>
          <testcase name="test with data set #3" class="Tests_Canonical_NoRewrite" classname="Tests_Canonical_NoRewrite" file="/home/meng/Desktop/wptest/wordpress-develop/tests/phpunit/tests/canonical/noRewrite.php" line="27" assertions="3" time="0.071255"/>
          <testcase name="test with data set #4" class="Tests_Canonical_NoRewrite" classname="Tests_Canonical_NoRewrite" file="/home/meng/Desktop/wptest/wordpress-develop/tests/phpunit/tests/canonical/noRewrite.php" line="27" assertions="3" time="0.072611"/>
          <testcase name="test with data set #5" class="Tests_Canonical_NoRewrite" classname="Tests_Canonical_NoRewrite" file="/home/meng/Desktop/wptest/wordpress-develop/tests/phpunit/tests/canonical/noRewrite.php" line="27" assertions="3" time="0.070878"/>
          <testcase name="test with data set #6" class="Tests_Canonical_NoRewrite" classname="Tests_Canonical_NoRewrite" file="/home/meng/Desktop/wptest/wordpress-develop/tests/phpunit/tests/canonical/noRewrite.php" line="27" assertions="3" time="0.067702"/>
          <testcase name="test with data set #7" class="Tests_Canonical_NoRewrite" classname="Tests_Canonical_NoRewrite" file="/home/meng/Desktop/wptest/wordpress-develop/tests/phpunit/tests/canonical/noRewrite.php" line="27" assertions="3" time="0.067619"/>
          <testcase name="test with data set #8" class="Tests_Canonical_NoRewrite" classname="Tests_Canonical_NoRewrite" file="/home/meng/Desktop/wptest/wordpress-develop/tests/phpunit/tests/canonical/noRewrite.php" line="27" assertions="3" time="0.067440"/>
          <testcase name="test with data set #9" class="Tests_Canonical_NoRewrite" classname="Tests_Canonical_NoRewrite" file="/home/meng/Desktop/wptest/wordpress-develop/tests/phpunit/tests/canonical/noRewrite.php" line="27" assertions="3" time="0.069276"/>
          <testcase name="test with data set #10" class="Tests_Canonical_NoRewrite" classname="Tests_Canonical_NoRewrite" file="/home/meng/Desktop/wptest/wordpress-develop/tests/phpunit/tests/canonical/noRewrite.php" line="27" assertions="3" time="0.068719"/>
          <testcase name="test with data set #11" class="Tests_Canonical_NoRewrite" classname="Tests_Canonical_NoRewrite" file="/home/meng/Desktop/wptest/wordpress-develop/tests/phpunit/tests/canonical/noRewrite.php" line="27" assertions="3" time="0.066467"/>
          <testcase name="test with data set #12" class="Tests_Canonical_NoRewrite" classname="Tests_Canonical_NoRewrite" file="/home/meng/Desktop/wptest/wordpress-develop/tests/phpunit/tests/canonical/noRewrite.php" line="27" assertions="3" time="0.069741"/>
          <testcase name="test with data set #13" class="Tests_Canonical_NoRewrite" classname="Tests_Canonical_NoRewrite" file="/home/meng/Desktop/wptest/wordpress-develop/tests/phpunit/tests/canonical/noRewrite.php" line="27" assertions="3" time="0.070299"/>
          <testcase name="test with data set #14" class="Tests_Canonical_NoRewrite" classname="Tests_Canonical_NoRewrite" file="/home/meng/Desktop/wptest/wordpress-develop/tests/phpunit/tests/canonical/noRewrite.php" line="27" assertions="3" time="0.071480"/>
          <testcase name="test with data set #15" class="Tests_Canonical_NoRewrite" classname="Tests_Canonical_NoRewrite" file="/home/meng/Desktop/wptest/wordpress-develop/tests/phpunit/tests/canonical/noRewrite.php" line="27" assertions="3" time="0.070238"/>
          <testcase name="test with data set #16" class="Tests_Canonical_NoRewrite" classname="Tests_Canonical_NoRewrite" file="/home/meng/Desktop/wptest/wordpress-develop/tests/phpunit/tests/canonical/noRewrite.php" line="27" assertions="3" time="0.070102"/>
          <testcase name="test with data set #17" class="Tests_Canonical_NoRewrite" classname="Tests_Canonical_NoRewrite" file="/home/meng/Desktop/wptest/wordpress-develop/tests/phpunit/tests/canonical/noRewrite.php" line="27" assertions="3" time="0.070268"/>
          <testcase name="test with data set #18" class="Tests_Canonical_NoRewrite" classname="Tests_Canonical_NoRewrite" file="/home/meng/Desktop/wptest/wordpress-develop/tests/phpunit/tests/canonical/noRewrite.php" line="27" assertions="3" time="0.082788"/>
          <testcase name="test with data set #19" class="Tests_Canonical_NoRewrite" classname="Tests_Canonical_NoRewrite" file="/home/meng/Desktop/wptest/wordpress-develop/tests/phpunit/tests/canonical/noRewrite.php" line="27" assertions="3" time="0.069650"/>
          <testcase name="test with data set #20" class="Tests_Canonical_NoRewrite" classname="Tests_Canonical_NoRewrite" file="/home/meng/Desktop/wptest/wordpress-develop/tests/phpunit/tests/canonical/noRewrite.php" line="27" assertions="3" time="0.069672"/>
          <testcase name="test with data set #21" class="Tests_Canonical_NoRewrite" classname="Tests_Canonical_NoRewrite" file="/home/meng/Desktop/wptest/wordpress-develop/tests/phpunit/tests/canonical/noRewrite.php" line="27" assertions="3" time="0.069841"/>
          <testcase name="test with data set #22" class="Tests_Canonical_NoRewrite" classname="Tests_Canonical_NoRewrite" file="/home/meng/Desktop/wptest/wordpress-develop/tests/phpunit/tests/canonical/noRewrite.php" line="27" assertions="3" time="0.069926"/>
          <testcase name="test with data set #23" class="Tests_Canonical_NoRewrite" classname="Tests_Canonical_NoRewrite" file="/home/meng/Desktop/wptest/wordpress-develop/tests/phpunit/tests/canonical/noRewrite.php" line="27" assertions="3" time="0.068933"/>
          <testcase name="test with data set #24" class="Tests_Canonical_NoRewrite" classname="Tests_Canonical_NoRewrite" file="/home/meng/Desktop/wptest/wordpress-develop/tests/phpunit/tests/canonical/noRewrite.php" line="27" assertions="3" time="0.070201"/>
          <testcase name="test with data set #25" class="Tests_Canonical_NoRewrite" classname="Tests_Canonical_NoRewrite" file="/home/meng/Desktop/wptest/wordpress-develop/tests/phpunit/tests/canonical/noRewrite.php" line="27" assertions="3" time="0.069455"/>
          <testcase name="test with data set #26" class="Tests_Canonical_NoRewrite" classname="Tests_Canonical_NoRewrite" file="/home/meng/Desktop/wptest/wordpress-develop/tests/phpunit/tests/canonical/noRewrite.php" line="27" assertions="3" time="0.070627"/>
          <testcase name="test with data set #27" class="Tests_Canonical_NoRewrite" classname="Tests_Canonical_NoRewrite" file="/home/meng/Desktop/wptest/wordpress-develop/tests/phpunit/tests/canonical/noRewrite.php" line="27" assertions="1" time="0.070876"/>
          <testcase name="test with data set #28" class="Tests_Canonical_NoRewrite" classname="Tests_Canonical_NoRewrite" file="/home/meng/Desktop/wptest/wordpress-develop/tests/phpunit/tests/canonical/noRewrite.php" line="27" assertions="1" time="0.068652"/>
          <testcase name="test with data set #29" class="Tests_Canonical_NoRewrite" classname="Tests_Canonical_NoRewrite" file="/home/meng/Desktop/wptest/wordpress-develop/tests/phpunit/tests/canonical/noRewrite.php" line="27" assertions="1" time="0.067734"/>
          <testcase name="test with data set #30" class="Tests_Canonical_NoRewrite" classname="Tests_Canonical_NoRewrite" file="/home/meng/Desktop/wptest/wordpress-develop/tests/phpunit/tests/canonical/noRewrite.php" line="27" assertions="1" time="0.068055"/>
          <testcase name="test with data set #31" class="Tests_Canonical_NoRewrite" classname="Tests_Canonical_NoRewrite" file="/home/meng/Desktop/wptest/wordpress-develop/tests/phpunit/tests/canonical/noRewrite.php" line="27" assertions="1" time="0.068036"/>
          <testcase name="test with data set #32" class="Tests_Canonical_NoRewrite" classname="Tests_Canonical_NoRewrite" file="/home/meng/Desktop/wptest/wordpress-develop/tests/phpunit/tests/canonical/noRewrite.php" line="27" assertions="1" time="0.069213"/>
          <testcase name="test with data set #33" class="Tests_Canonical_NoRewrite" classname="Tests_Canonical_NoRewrite" file="/home/meng/Desktop/wptest/wordpress-develop/tests/phpunit/tests/canonical/noRewrite.php" line="27" assertions="1" time="0.068952"/>
          <testcase name="test with data set #34" class="Tests_Canonical_NoRewrite" classname="Tests_Canonical_NoRewrite" file="/home/meng/Desktop/wptest/wordpress-develop/tests/phpunit/tests/canonical/noRewrite.php" line="27" assertions="1" time="0.067622"/>
          <testcase name="test with data set #35" class="Tests_Canonical_NoRewrite" classname="Tests_Canonical_NoRewrite" file="/home/meng/Desktop/wptest/wordpress-develop/tests/phpunit/tests/canonical/noRewrite.php" line="27" assertions="1" time="0.066434"/>
          <testcase name="test with data set #36" class="Tests_Canonical_NoRewrite" classname="Tests_Canonical_NoRewrite" file="/home/meng/Desktop/wptest/wordpress-develop/tests/phpunit/tests/canonical/noRewrite.php" line="27" assertions="1" time="0.068819"/>
          <testcase name="test with data set #37" class="Tests_Canonical_NoRewrite" classname="Tests_Canonical_NoRewrite" file="/home/meng/Desktop/wptest/wordpress-develop/tests/phpunit/tests/canonical/noRewrite.php" line="27" assertions="1" time="0.068038"/>
          <testcase name="test with data set #38" class="Tests_Canonical_NoRewrite" classname="Tests_Canonical_NoRewrite" file="/home/meng/Desktop/wptest/wordpress-develop/tests/phpunit/tests/canonical/noRewrite.php" line="27" assertions="1" time="0.071015"/>
          <testcase name="test with data set #39" class="Tests_Canonical_NoRewrite" classname="Tests_Canonical_NoRewrite" file="/home/meng/Desktop/wptest/wordpress-develop/tests/phpunit/tests/canonical/noRewrite.php" line="27" assertions="1" time="0.070248"/>
          <testcase name="test with data set #40" class="Tests_Canonical_NoRewrite" classname="Tests_Canonical_NoRewrite" file="/home/meng/Desktop/wptest/wordpress-develop/tests/phpunit/tests/canonical/noRewrite.php" line="27" assertions="1" time="0.067151"/>
          <testcase name="test with data set #41" class="Tests_Canonical_NoRewrite" classname="Tests_Canonical_NoRewrite" file="/home/meng/Desktop/wptest/wordpress-develop/tests/phpunit/tests/canonical/noRewrite.php" line="27" assertions="1" time="0.068046"/>
          <testcase name="test with data set #42" class="Tests_Canonical_NoRewrite" classname="Tests_Canonical_NoRewrite" file="/home/meng/Desktop/wptest/wordpress-develop/tests/phpunit/tests/canonical/noRewrite.php" line="27" assertions="1" time="0.079193"/>
          <testcase name="test with data set #43" class="Tests_Canonical_NoRewrite" classname="Tests_Canonical_NoRewrite" file="/home/meng/Desktop/wptest/wordpress-develop/tests/phpunit/tests/canonical/noRewrite.php" line="27" assertions="1" time="0.066353"/>
          <testcase name="test with data set #44" class="Tests_Canonical_NoRewrite" classname="Tests_Canonical_NoRewrite" file="/home/meng/Desktop/wptest/wordpress-develop/tests/phpunit/tests/canonical/noRewrite.php" line="27" assertions="1" time="0.066277"/>
          <testcase name="test with data set #45" class="Tests_Canonical_NoRewrite" classname="Tests_Canonical_NoRewrite" file="/home/meng/Desktop/wptest/wordpress-develop/tests/phpunit/tests/canonical/noRewrite.php" line="27" assertions="1" time="0.068881"/>
          <testcase name="test with data set #46" class="Tests_Canonical_NoRewrite" classname="Tests_Canonical_NoRewrite" file="/home/meng/Desktop/wptest/wordpress-develop/tests/phpunit/tests/canonical/noRewrite.php" line="27" assertions="1" time="0.067947"/>
          <testcase name="test with data set #47" class="Tests_Canonical_NoRewrite" classname="Tests_Canonical_NoRewrite" file="/home/meng/Desktop/wptest/wordpress-develop/tests/phpunit/tests/canonical/noRewrite.php" line="27" assertions="1" time="0.067030"/>
          <testcase name="test with data set #48" class="Tests_Canonical_NoRewrite" classname="Tests_Canonical_NoRewrite" file="/home/meng/Desktop/wptest/wordpress-develop/tests/phpunit/tests/canonical/noRewrite.php" line="27" assertions="1" time="0.071120"/>
          <testcase name="test with data set #49" class="Tests_Canonical_NoRewrite" classname="Tests_Canonical_NoRewrite" file="/home/meng/Desktop/wptest/wordpress-develop/tests/phpunit/tests/canonical/noRewrite.php" line="27" assertions="1" time="0.068677"/>
          <testcase name="test with data set #50" class="Tests_Canonical_NoRewrite" classname="Tests_Canonical_NoRewrite" file="/home/meng/Desktop/wptest/wordpress-develop/tests/phpunit/tests/canonical/noRewrite.php" line="27" assertions="1" time="0.067669"/>
          <testcase name="test with data set #51" class="Tests_Canonical_NoRewrite" classname="Tests_Canonical_NoRewrite" file="/home/meng/Desktop/wptest/wordpress-develop/tests/phpunit/tests/canonical/noRewrite.php" line="27" assertions="1" time="0.059229"/>
          <testcase name="test with data set #52" class="Tests_Canonical_NoRewrite" classname="Tests_Canonical_NoRewrite" file="/home/meng/Desktop/wptest/wordpress-develop/tests/phpunit/tests/canonical/noRewrite.php" line="27" assertions="1" time="0.058954"/>
          <testcase name="test with data set #53" class="Tests_Canonical_NoRewrite" classname="Tests_Canonical_NoRewrite" file="/home/meng/Desktop/wptest/wordpress-develop/tests/phpunit/tests/canonical/noRewrite.php" line="27" assertions="1" time="0.062603"/>
          <testcase name="test with data set #54" class="Tests_Canonical_NoRewrite" classname="Tests_Canonical_NoRewrite" file="/home/meng/Desktop/wptest/wordpress-develop/tests/phpunit/tests/canonical/noRewrite.php" line="27" assertions="1" time="0.064041"/>
          <testcase name="test with data set #55" class="Tests_Canonical_NoRewrite" classname="Tests_Canonical_NoRewrite" file="/home/meng/Desktop/wptest/wordpress-develop/tests/phpunit/tests/canonical/noRewrite.php" line="27" assertions="1" time="0.068509"/>
        </testsuite>
      </testsuite>
      <testsuite name="Tests_Canonical_PageOnFront" file="/home/meng/Desktop/wptest/wordpress-develop/tests/phpunit/tests/canonical/pageOnFront.php" tests="10" assertions="10" errors="0" failures="0" skipped="0" time="1.037724">
        <testsuite name="Tests_Canonical_PageOnFront::test" tests="10" assertions="10" errors="0" failures="0" skipped="0" time="1.037724">
          <testcase name="test with data set #0" class="Tests_Canonical_PageOnFront" classname="Tests_Canonical_PageOnFront" file="/home/meng/Desktop/wptest/wordpress-develop/tests/phpunit/tests/canonical/pageOnFront.php" line="38" assertions="1" time="0.104722"/>
          <testcase name="test with data set #1" class="Tests_Canonical_PageOnFront" classname="Tests_Canonical_PageOnFront" file="/home/meng/Desktop/wptest/wordpress-develop/tests/phpunit/tests/canonical/pageOnFront.php" line="38" assertions="1" time="0.096173"/>
          <testcase name="test with data set #2" class="Tests_Canonical_PageOnFront" classname="Tests_Canonical_PageOnFront" file="/home/meng/Desktop/wptest/wordpress-develop/tests/phpunit/tests/canonical/pageOnFront.php" line="38" assertions="1" time="0.100896"/>
          <testcase name="test with data set #3" class="Tests_Canonical_PageOnFront" classname="Tests_Canonical_PageOnFront" file="/home/meng/Desktop/wptest/wordpress-develop/tests/phpunit/tests/canonical/pageOnFront.php" line="38" assertions="1" time="0.100553"/>
          <testcase name="test with data set #4" class="Tests_Canonical_PageOnFront" classname="Tests_Canonical_PageOnFront" file="/home/meng/Desktop/wptest/wordpress-develop/tests/phpunit/tests/canonical/pageOnFront.php" line="38" assertions="1" time="0.102405"/>
          <testcase name="test with data set #5" class="Tests_Canonical_PageOnFront" classname="Tests_Canonical_PageOnFront" file="/home/meng/Desktop/wptest/wordpress-develop/tests/phpunit/tests/canonical/pageOnFront.php" line="38" assertions="1" time="0.106685"/>
          <testcase name="test with data set #6" class="Tests_Canonical_PageOnFront" classname="Tests_Canonical_PageOnFront" file="/home/meng/Desktop/wptest/wordpress-develop/tests/phpunit/tests/canonical/pageOnFront.php" line="38" assertions="1" time="0.100464"/>
          <testcase name="test with data set #7" class="Tests_Canonical_PageOnFront" classname="Tests_Canonical_PageOnFront" file="/home/meng/Desktop/wptest/wordpress-develop/tests/phpunit/tests/canonical/pageOnFront.php" line="38" assertions="1" time="0.109272"/>
          <testcase name="test with data set #8" class="Tests_Canonical_PageOnFront" classname="Tests_Canonical_PageOnFront" file="/home/meng/Desktop/wptest/wordpress-develop/tests/phpunit/tests/canonical/pageOnFront.php" line="38" assertions="1" time="0.108480"/>
          <testcase name="test with data set #9" class="Tests_Canonical_PageOnFront" classname="Tests_Canonical_PageOnFront" file="/home/meng/Desktop/wptest/wordpress-develop/tests/phpunit/tests/canonical/pageOnFront.php" line="38" assertions="1" time="0.108074"/>
        </testsuite>
      </testsuite>
      <testsuite name="Tests_Canonical_Paged" file="/home/meng/Desktop/wptest/wordpress-develop/tests/phpunit/tests/canonical/paged.php" tests="1" assertions="2" errors="0" failures="0" skipped="0" time="0.103914">
        <testcase name="test_redirect_canonical_with_nextpage_pagination" class="Tests_Canonical_Paged" classname="Tests_Canonical_Paged" file="/home/meng/Desktop/wptest/wordpress-develop/tests/phpunit/tests/canonical/paged.php" line="9" assertions="2" time="0.103914"/>
      </testsuite>
      <testsuite name="Tests_Canonical_Robots" file="/home/meng/Desktop/wptest/wordpress-develop/tests/phpunit/tests/canonical/robots.php" tests="1" assertions="2" errors="0" failures="0" skipped="0" time="0.094029">
        <testcase name="test_remove_trailing_slashes_for_robots_requests" class="Tests_Canonical_Robots" classname="Tests_Canonical_Robots" file="/home/meng/Desktop/wptest/wordpress-develop/tests/phpunit/tests/canonical/robots.php" line="10" assertions="2" time="0.094029"/>
      </testsuite>
      <testsuite name="Tests_Canonical_Sitemaps" file="/home/meng/Desktop/wptest/wordpress-develop/tests/phpunit/tests/canonical/sitemaps.php" tests="20" assertions="26" errors="0" failures="0" skipped="0" time="1.617717">
        <testcase name="test_remove_trailing_slashes_for_sitemap_index_requests" class="Tests_Canonical_Sitemaps" classname="Tests_Canonical_Sitemaps" file="/home/meng/Desktop/wptest/wordpress-develop/tests/phpunit/tests/canonical/sitemaps.php" line="17" assertions="2" time="0.093146"/>
        <testcase name="test_remove_trailing_slashes_for_sitemap_index_stylesheet_requests" class="Tests_Canonical_Sitemaps" classname="Tests_Canonical_Sitemaps" file="/home/meng/Desktop/wptest/wordpress-develop/tests/phpunit/tests/canonical/sitemaps.php" line="23" assertions="2" time="0.088642"/>
        <testcase name="test_remove_trailing_slashes_for_sitemap_requests" class="Tests_Canonical_Sitemaps" classname="Tests_Canonical_Sitemaps" file="/home/meng/Desktop/wptest/wordpress-develop/tests/phpunit/tests/canonical/sitemaps.php" line="29" assertions="4" time="0.119341"/>
        <testcase name="test_remove_trailing_slashes_for_sitemap_stylesheet_requests" class="Tests_Canonical_Sitemaps" classname="Tests_Canonical_Sitemaps" file="/home/meng/Desktop/wptest/wordpress-develop/tests/phpunit/tests/canonical/sitemaps.php" line="37" assertions="2" time="0.088386"/>
        <testsuite name="Tests_Canonical_Sitemaps::test_sitemaps_canonical_pretty_redirects" tests="11" assertions="11" errors="0" failures="0" skipped="0" time="0.872409">
          <testcase name="test_sitemaps_canonical_pretty_redirects with data set #0" class="Tests_Canonical_Sitemaps" classname="Tests_Canonical_Sitemaps" file="/home/meng/Desktop/wptest/wordpress-develop/tests/phpunit/tests/canonical/sitemaps.php" line="49" assertions="1" time="0.075710"/>
          <testcase name="test_sitemaps_canonical_pretty_redirects with data set #1" class="Tests_Canonical_Sitemaps" classname="Tests_Canonical_Sitemaps" file="/home/meng/Desktop/wptest/wordpress-develop/tests/phpunit/tests/canonical/sitemaps.php" line="49" assertions="1" time="0.088648"/>
          <testcase name="test_sitemaps_canonical_pretty_redirects with data set #2" class="Tests_Canonical_Sitemaps" classname="Tests_Canonical_Sitemaps" file="/home/meng/Desktop/wptest/wordpress-develop/tests/phpunit/tests/canonical/sitemaps.php" line="49" assertions="1" time="0.079942"/>
          <testcase name="test_sitemaps_canonical_pretty_redirects with data set #3" class="Tests_Canonical_Sitemaps" classname="Tests_Canonical_Sitemaps" file="/home/meng/Desktop/wptest/wordpress-develop/tests/phpunit/tests/canonical/sitemaps.php" line="49" assertions="1" time="0.080275"/>
          <testcase name="test_sitemaps_canonical_pretty_redirects with data set #4" class="Tests_Canonical_Sitemaps" classname="Tests_Canonical_Sitemaps" file="/home/meng/Desktop/wptest/wordpress-develop/tests/phpunit/tests/canonical/sitemaps.php" line="49" assertions="1" time="0.081344"/>
          <testcase name="test_sitemaps_canonical_pretty_redirects with data set #5" class="Tests_Canonical_Sitemaps" classname="Tests_Canonical_Sitemaps" file="/home/meng/Desktop/wptest/wordpress-develop/tests/phpunit/tests/canonical/sitemaps.php" line="49" assertions="1" time="0.080728"/>
          <testcase name="test_sitemaps_canonical_pretty_redirects with data set #6" class="Tests_Canonical_Sitemaps" classname="Tests_Canonical_Sitemaps" file="/home/meng/Desktop/wptest/wordpress-develop/tests/phpunit/tests/canonical/sitemaps.php" line="49" assertions="1" time="0.075901"/>
          <testcase name="test_sitemaps_canonical_pretty_redirects with data set #7" class="Tests_Canonical_Sitemaps" classname="Tests_Canonical_Sitemaps" file="/home/meng/Desktop/wptest/wordpress-develop/tests/phpunit/tests/canonical/sitemaps.php" line="49" assertions="1" time="0.077280"/>
          <testcase name="test_sitemaps_canonical_pretty_redirects with data set #8" class="Tests_Canonical_Sitemaps" classname="Tests_Canonical_Sitemaps" file="/home/meng/Desktop/wptest/wordpress-develop/tests/phpunit/tests/canonical/sitemaps.php" line="49" assertions="1" time="0.077668"/>
          <testcase name="test_sitemaps_canonical_pretty_redirects with data set #9" class="Tests_Canonical_Sitemaps" classname="Tests_Canonical_Sitemaps" file="/home/meng/Desktop/wptest/wordpress-develop/tests/phpunit/tests/canonical/sitemaps.php" line="49" assertions="1" time="0.078537"/>
          <testcase name="test_sitemaps_canonical_pretty_redirects with data set #10" class="Tests_Canonical_Sitemaps" classname="Tests_Canonical_Sitemaps" file="/home/meng/Desktop/wptest/wordpress-develop/tests/phpunit/tests/canonical/sitemaps.php" line="49" assertions="1" time="0.076377"/>
        </testsuite>
        <testsuite name="Tests_Canonical_Sitemaps::test_sitemaps_canonical_ugly_redirects" tests="5" assertions="5" errors="0" failures="0" skipped="0" time="0.355793">
          <testcase name="test_sitemaps_canonical_ugly_redirects with data set #0" class="Tests_Canonical_Sitemaps" classname="Tests_Canonical_Sitemaps" file="/home/meng/Desktop/wptest/wordpress-develop/tests/phpunit/tests/canonical/sitemaps.php" line="89" assertions="1" time="0.071500"/>
          <testcase name="test_sitemaps_canonical_ugly_redirects with data set #1" class="Tests_Canonical_Sitemaps" classname="Tests_Canonical_Sitemaps" file="/home/meng/Desktop/wptest/wordpress-develop/tests/phpunit/tests/canonical/sitemaps.php" line="89" assertions="1" time="0.068849"/>
          <testcase name="test_sitemaps_canonical_ugly_redirects with data set #2" class="Tests_Canonical_Sitemaps" classname="Tests_Canonical_Sitemaps" file="/home/meng/Desktop/wptest/wordpress-develop/tests/phpunit/tests/canonical/sitemaps.php" line="89" assertions="1" time="0.071116"/>
          <testcase name="test_sitemaps_canonical_ugly_redirects with data set #3" class="Tests_Canonical_Sitemaps" classname="Tests_Canonical_Sitemaps" file="/home/meng/Desktop/wptest/wordpress-develop/tests/phpunit/tests/canonical/sitemaps.php" line="89" assertions="1" time="0.070482"/>
          <testcase name="test_sitemaps_canonical_ugly_redirects with data set #4" class="Tests_Canonical_Sitemaps" classname="Tests_Canonical_Sitemaps" file="/home/meng/Desktop/wptest/wordpress-develop/tests/phpunit/tests/canonical/sitemaps.php" line="89" assertions="1" time="0.073846"/>
        </testsuite>
      </testsuite>
      <testsuite name="Tests_Category" file="/home/meng/Desktop/wptest/wordpress-develop/tests/phpunit/tests/category.php" tests="6" assertions="42" errors="0" failures="0" skipped="0" time="0.395100">
        <testcase name="test_get_all_category_ids" class="Tests_Category" classname="Tests_Category" file="/home/meng/Desktop/wptest/wordpress-develop/tests/phpunit/tests/category.php" line="22" assertions="2" time="0.065563"/>
        <testcase name="test_get_category_by_slug" class="Tests_Category" classname="Tests_Category" file="/home/meng/Desktop/wptest/wordpress-develop/tests/phpunit/tests/category.php" line="38" assertions="3" time="0.054701"/>
        <testcase name="test__make_cat_compat" class="Tests_Category" classname="Tests_Category" file="/home/meng/Desktop/wptest/wordpress-develop/tests/phpunit/tests/category.php" line="68" assertions="24" time="0.056877"/>
        <testcase name="test_get_cat_name" class="Tests_Category" classname="Tests_Category" file="/home/meng/Desktop/wptest/wordpress-develop/tests/phpunit/tests/category.php" line="145" assertions="3" time="0.046401"/>
        <testcase name="test_get_cat_ID" class="Tests_Category" classname="Tests_Category" file="/home/meng/Desktop/wptest/wordpress-develop/tests/phpunit/tests/category.php" line="165" assertions="3" time="0.049761"/>
        <testcase name="test_get_category_by_path" class="Tests_Category" classname="Tests_Category" file="/home/meng/Desktop/wptest/wordpress-develop/tests/phpunit/tests/category.php" line="185" assertions="7" time="0.121797"/>
      </testsuite>
      <testsuite name="Tests_Category_CategoryDescription" file="/home/meng/Desktop/wptest/wordpress-develop/tests/phpunit/tests/category/categoryDescription.php" tests="4" assertions="4" errors="0" failures="0" skipped="0" time="0.171077">
        <testcase name="test_success_query_by_id" class="Tests_Category_CategoryDescription" classname="Tests_Category_CategoryDescription" file="/home/meng/Desktop/wptest/wordpress-develop/tests/phpunit/tests/category/categoryDescription.php" line="8" assertions="1" time="0.042639"/>
        <testcase name="test_success_query_by_object" class="Tests_Category_CategoryDescription" classname="Tests_Category_CategoryDescription" file="/home/meng/Desktop/wptest/wordpress-develop/tests/phpunit/tests/category/categoryDescription.php" line="22" assertions="1" time="0.042275"/>
        <testcase name="test_should_return_description_for_term_from_another_taxonomy_on_primed_cache" class="Tests_Category_CategoryDescription" classname="Tests_Category_CategoryDescription" file="/home/meng/Desktop/wptest/wordpress-develop/tests/phpunit/tests/category/categoryDescription.php" line="43" assertions="1" time="0.043615"/>
        <testcase name="test_should_return_description_for_term_from_another_taxonomy_on_empty_cache" class="Tests_Category_CategoryDescription" classname="Tests_Category_CategoryDescription" file="/home/meng/Desktop/wptest/wordpress-develop/tests/phpunit/tests/category/categoryDescription.php" line="67" assertions="1" time="0.042548"/>
      </testsuite>
      <testsuite name="Tests_Category_GetCategories" file="/home/meng/Desktop/wptest/wordpress-develop/tests/phpunit/tests/category/getCategories.php" tests="1" assertions="1" errors="0" failures="0" skipped="0" time="0.033089">
        <testcase name="test_wp_error_should_return_an_empty_array" class="Tests_Category_GetCategories" classname="Tests_Category_GetCategories" file="/home/meng/Desktop/wptest/wordpress-develop/tests/phpunit/tests/category/getCategories.php" line="11" assertions="1" time="0.033089"/>
      </testsuite>
      <testsuite name="Tests_Category_GetCategoryLink" file="/home/meng/Desktop/wptest/wordpress-develop/tests/phpunit/tests/category/getCategoryLink.php" tests="3" assertions="3" errors="0" failures="0" skipped="0" time="0.131438">
        <testcase name="test_success" class="Tests_Category_GetCategoryLink" classname="Tests_Category_GetCategoryLink" file="/home/meng/Desktop/wptest/wordpress-develop/tests/phpunit/tests/category/getCategoryLink.php" line="8" assertions="1" time="0.044924"/>
        <testcase name="test_should_return_link_for_term_from_another_taxonomy_on_primed_cache" class="Tests_Category_GetCategoryLink" classname="Tests_Category_GetCategoryLink" file="/home/meng/Desktop/wptest/wordpress-develop/tests/phpunit/tests/category/getCategoryLink.php" line="20" assertions="1" time="0.042880"/>
        <testcase name="test_should_return_link_for_term_from_another_taxonomy_on_empty_cache" class="Tests_Category_GetCategoryLink" classname="Tests_Category_GetCategoryLink" file="/home/meng/Desktop/wptest/wordpress-develop/tests/phpunit/tests/category/getCategoryLink.php" line="41" assertions="1" time="0.043634"/>
      </testsuite>
      <testsuite name="Tests_Category_GetCategoryParents" file="/home/meng/Desktop/wptest/wordpress-develop/tests/phpunit/tests/category/getCategoryParents.php" tests="8" assertions="8" errors="0" failures="0" skipped="0" time="0.440414">
        <testcase name="test_should_return_wp_error_for_invalid_category" class="Tests_Category_GetCategoryParents" classname="Tests_Category_GetCategoryParents" file="/home/meng/Desktop/wptest/wordpress-develop/tests/phpunit/tests/category/getCategoryParents.php" line="21" assertions="1" time="0.054194"/>
        <testcase name="test_with_default_parameters" class="Tests_Category_GetCategoryParents" classname="Tests_Category_GetCategoryParents" file="/home/meng/Desktop/wptest/wordpress-develop/tests/phpunit/tests/category/getCategoryParents.php" line="25" assertions="1" time="0.056043"/>
        <testcase name="test_link_true" class="Tests_Category_GetCategoryParents" classname="Tests_Category_GetCategoryParents" file="/home/meng/Desktop/wptest/wordpress-develop/tests/phpunit/tests/category/getCategoryParents.php" line="31" assertions="1" time="0.057806"/>
        <testcase name="test_separator" class="Tests_Category_GetCategoryParents" classname="Tests_Category_GetCategoryParents" file="/home/meng/Desktop/wptest/wordpress-develop/tests/phpunit/tests/category/getCategoryParents.php" line="37" assertions="1" time="0.054653"/>
        <testcase name="test_nicename_false" class="Tests_Category_GetCategoryParents" classname="Tests_Category_GetCategoryParents" file="/home/meng/Desktop/wptest/wordpress-develop/tests/phpunit/tests/category/getCategoryParents.php" line="43" assertions="1" time="0.056662"/>
        <testcase name="test_nicename_true" class="Tests_Category_GetCategoryParents" classname="Tests_Category_GetCategoryParents" file="/home/meng/Desktop/wptest/wordpress-develop/tests/phpunit/tests/category/getCategoryParents.php" line="49" assertions="1" time="0.054028"/>
        <testcase name="test_deprecated_argument_visited" class="Tests_Category_GetCategoryParents" classname="Tests_Category_GetCategoryParents" file="/home/meng/Desktop/wptest/wordpress-develop/tests/phpunit/tests/category/getCategoryParents.php" line="55" assertions="1" time="0.052776"/>
        <testcase name="test_category_without_parents" class="Tests_Category_GetCategoryParents" classname="Tests_Category_GetCategoryParents" file="/home/meng/Desktop/wptest/wordpress-develop/tests/phpunit/tests/category/getCategoryParents.php" line="60" assertions="1" time="0.054252"/>
      </testsuite>
      <testsuite name="Tests_Category_GetTheCategoryById" file="/home/meng/Desktop/wptest/wordpress-develop/tests/phpunit/tests/category/getTheCategoryById.php" tests="3" assertions="3" errors="0" failures="0" skipped="0" time="0.119774">
        <testcase name="test_success" class="Tests_Category_GetTheCategoryById" classname="Tests_Category_GetTheCategoryById" file="/home/meng/Desktop/wptest/wordpress-develop/tests/phpunit/tests/category/getTheCategoryById.php" line="8" assertions="1" time="0.041205"/>
        <testcase name="test_should_return_link_for_term_from_another_taxonomy_on_primed_cache" class="Tests_Category_GetTheCategoryById" classname="Tests_Category_GetTheCategoryById" file="/home/meng/Desktop/wptest/wordpress-develop/tests/phpunit/tests/category/getTheCategoryById.php" line="23" assertions="1" time="0.038868"/>
        <testcase name="test_should_return_link_for_term_from_another_taxonomy_on_empty_cache" class="Tests_Category_GetTheCategoryById" classname="Tests_Category_GetTheCategoryById" file="/home/meng/Desktop/wptest/wordpress-develop/tests/phpunit/tests/category/getTheCategoryById.php" line="43" assertions="1" time="0.039701"/>
      </testsuite>
      <testsuite name="Tests_Category_Walker_Category" file="/home/meng/Desktop/wptest/wordpress-develop/tests/phpunit/tests/category/walkerCategory.php" tests="8" assertions="8" errors="0" failures="0" skipped="0" time="0.337517">
        <testsuite name="Tests_Category_Walker_Category::test_start_el_with_empty_attributes" tests="8" assertions="8" errors="0" failures="0" skipped="0" time="0.337517">
          <testcase name="test_start_el_with_empty_attributes with data set #0" class="Tests_Category_Walker_Category" classname="Tests_Category_Walker_Category" file="/home/meng/Desktop/wptest/wordpress-develop/tests/phpunit/tests/category/walkerCategory.php" line="29" assertions="1" time="0.040763"/>
          <testcase name="test_start_el_with_empty_attributes with data set #1" class="Tests_Category_Walker_Category" classname="Tests_Category_Walker_Category" file="/home/meng/Desktop/wptest/wordpress-develop/tests/phpunit/tests/category/walkerCategory.php" line="29" assertions="1" time="0.042038"/>
          <testcase name="test_start_el_with_empty_attributes with data set #2" class="Tests_Category_Walker_Category" classname="Tests_Category_Walker_Category" file="/home/meng/Desktop/wptest/wordpress-develop/tests/phpunit/tests/category/walkerCategory.php" line="29" assertions="1" time="0.044499"/>
          <testcase name="test_start_el_with_empty_attributes with data set #3" class="Tests_Category_Walker_Category" classname="Tests_Category_Walker_Category" file="/home/meng/Desktop/wptest/wordpress-develop/tests/phpunit/tests/category/walkerCategory.php" line="29" assertions="1" time="0.043551"/>
          <testcase name="test_start_el_with_empty_attributes with data set #4" class="Tests_Category_Walker_Category" classname="Tests_Category_Walker_Category" file="/home/meng/Desktop/wptest/wordpress-develop/tests/phpunit/tests/category/walkerCategory.php" line="29" assertions="1" time="0.041473"/>
          <testcase name="test_start_el_with_empty_attributes with data set #5" class="Tests_Category_Walker_Category" classname="Tests_Category_Walker_Category" file="/home/meng/Desktop/wptest/wordpress-develop/tests/phpunit/tests/category/walkerCategory.php" line="29" assertions="1" time="0.041076"/>
          <testcase name="test_start_el_with_empty_attributes with data set #6" class="Tests_Category_Walker_Category" classname="Tests_Category_Walker_Category" file="/home/meng/Desktop/wptest/wordpress-develop/tests/phpunit/tests/category/walkerCategory.php" line="29" assertions="1" time="0.041236"/>
          <testcase name="test_start_el_with_empty_attributes with data set #7" class="Tests_Category_Walker_Category" classname="Tests_Category_Walker_Category" file="/home/meng/Desktop/wptest/wordpress-develop/tests/phpunit/tests/category/walkerCategory.php" line="29" assertions="1" time="0.042881"/>
        </testsuite>
      </testsuite>
      <testsuite name="Tests_Category_WpDropdownCategories" file="/home/meng/Desktop/wptest/wordpress-develop/tests/phpunit/tests/category/wpDropdownCategories.php" tests="10" assertions="16" errors="0" failures="0" skipped="0" time="0.486241">
        <testcase name="test_wp_dropdown_categories_value_field_should_default_to_term_id" class="Tests_Category_WpDropdownCategories" classname="Tests_Category_WpDropdownCategories" file="/home/meng/Desktop/wptest/wordpress-develop/tests/phpunit/tests/category/wpDropdownCategories.php" line="10" assertions="1" time="0.042846"/>
        <testcase name="test_wp_dropdown_categories_value_field_term_id" class="Tests_Category_WpDropdownCategories" classname="Tests_Category_WpDropdownCategories" file="/home/meng/Desktop/wptest/wordpress-develop/tests/phpunit/tests/category/wpDropdownCategories.php" line="34" assertions="1" time="0.043093"/>
        <testcase name="test_wp_dropdown_categories_value_field_slug" class="Tests_Category_WpDropdownCategories" classname="Tests_Category_WpDropdownCategories" file="/home/meng/Desktop/wptest/wordpress-develop/tests/phpunit/tests/category/wpDropdownCategories.php" line="59" assertions="1" time="0.042286"/>
        <testcase name="test_wp_dropdown_categories_value_field_should_fall_back_on_term_id_when_an_invalid_value_is_provided" class="Tests_Category_WpDropdownCategories" classname="Tests_Category_WpDropdownCategories" file="/home/meng/Desktop/wptest/wordpress-develop/tests/phpunit/tests/category/wpDropdownCategories.php" line="84" assertions="1" time="0.045272"/>
        <testcase name="test_wp_dropdown_categories_selected_should_respect_custom_value_field" class="Tests_Category_WpDropdownCategories" classname="Tests_Category_WpDropdownCategories" file="/home/meng/Desktop/wptest/wordpress-develop/tests/phpunit/tests/category/wpDropdownCategories.php" line="109" assertions="1" time="0.053090"/>
        <testcase name="test_wp_dropdown_categories_show_option_all_should_be_selected_if_no_selected_value_is_explicitly_passed_and_value_field_does_not_have_string_values" class="Tests_Category_WpDropdownCategories" classname="Tests_Category_WpDropdownCategories" file="/home/meng/Desktop/wptest/wordpress-develop/tests/phpunit/tests/category/wpDropdownCategories.php" line="139" assertions="4" time="0.061688"/>
        <testcase name="test_wp_dropdown_categories_show_option_all_should_be_selected_if_selected_value_of_0_string_is_explicitly_passed_and_value_field_does_not_have_string_values" class="Tests_Category_WpDropdownCategories" classname="Tests_Category_WpDropdownCategories" file="/home/meng/Desktop/wptest/wordpress-develop/tests/phpunit/tests/category/wpDropdownCategories.php" line="162" assertions="4" time="0.068273"/>
        <testcase name="test_required_true_should_add_required_attribute" class="Tests_Category_WpDropdownCategories" classname="Tests_Category_WpDropdownCategories" file="/home/meng/Desktop/wptest/wordpress-develop/tests/phpunit/tests/category/wpDropdownCategories.php" line="186" assertions="1" time="0.042324"/>
        <testcase name="test_required_false_should_omit_required_attribute" class="Tests_Category_WpDropdownCategories" classname="Tests_Category_WpDropdownCategories" file="/home/meng/Desktop/wptest/wordpress-develop/tests/phpunit/tests/category/wpDropdownCategories.php" line="211" assertions="1" time="0.043645"/>
        <testcase name="test_required_should_default_to_false" class="Tests_Category_WpDropdownCategories" classname="Tests_Category_WpDropdownCategories" file="/home/meng/Desktop/wptest/wordpress-develop/tests/phpunit/tests/category/wpDropdownCategories.php" line="236" assertions="1" time="0.043724"/>
      </testsuite>
      <testsuite name="Tests_Category_WpListCategories" file="/home/meng/Desktop/wptest/wordpress-develop/tests/phpunit/tests/category/wpListCategories.php" tests="22" assertions="53" errors="0" failures="0" skipped="0" time="1.365751">
        <testcase name="test_class" class="Tests_Category_WpListCategories" classname="Tests_Category_WpListCategories" file="/home/meng/Desktop/wptest/wordpress-develop/tests/phpunit/tests/category/wpListCategories.php" line="7" assertions="1" time="0.047137"/>
        <testcase name="test_class_containing_current_cat" class="Tests_Category_WpListCategories" classname="Tests_Category_WpListCategories" file="/home/meng/Desktop/wptest/wordpress-develop/tests/phpunit/tests/category/wpListCategories.php" line="20" assertions="2" time="0.067860"/>
        <testcase name="test_class_containing_current_cat_parent" class="Tests_Category_WpListCategories" classname="Tests_Category_WpListCategories" file="/home/meng/Desktop/wptest/wordpress-develop/tests/phpunit/tests/category/wpListCategories.php" line="36" assertions="2" time="0.059192"/>
        <testcase name="test_current_category_should_accept_an_array_of_ids" class="Tests_Category_WpListCategories" classname="Tests_Category_WpListCategories" file="/home/meng/Desktop/wptest/wordpress-develop/tests/phpunit/tests/category/wpListCategories.php" line="59" assertions="3" time="0.068924"/>
        <testcase name="test_should_not_create_element_when_cat_name_is_filtered_to_empty_string" class="Tests_Category_WpListCategories" classname="Tests_Category_WpListCategories" file="/home/meng/Desktop/wptest/wordpress-develop/tests/phpunit/tests/category/wpListCategories.php" line="78" assertions="4" time="0.053192"/>
        <testcase name="test_should_create_element_when_cat_name_is_zero" class="Tests_Category_WpListCategories" classname="Tests_Category_WpListCategories" file="/home/meng/Desktop/wptest/wordpress-develop/tests/phpunit/tests/category/wpListCategories.php" line="117" assertions="2" time="0.046219"/>
        <testcase name="test_show_option_all_link_should_go_to_home_page_when_show_on_front_is_false" class="Tests_Category_WpListCategories" classname="Tests_Category_WpListCategories" file="/home/meng/Desktop/wptest/wordpress-develop/tests/phpunit/tests/category/wpListCategories.php" line="135" assertions="1" time="0.053708"/>
        <testcase name="test_show_option_all_link_should_respect_page_for_posts" class="Tests_Category_WpListCategories" classname="Tests_Category_WpListCategories" file="/home/meng/Desktop/wptest/wordpress-develop/tests/phpunit/tests/category/wpListCategories.php" line="150" assertions="1" time="0.074308"/>
        <testcase name="test_show_option_all_link_should_link_to_post_type_archive_when_taxonomy_does_not_apply_to_posts" class="Tests_Category_WpListCategories" classname="Tests_Category_WpListCategories" file="/home/meng/Desktop/wptest/wordpress-develop/tests/phpunit/tests/category/wpListCategories.php" line="172" assertions="1" time="0.052431"/>
        <testcase name="test_show_option_all_link_should_not_link_to_post_type_archive_if_has_archive_is_false" class="Tests_Category_WpListCategories" classname="Tests_Category_WpListCategories" file="/home/meng/Desktop/wptest/wordpress-develop/tests/phpunit/tests/category/wpListCategories.php" line="201" assertions="1" time="0.053771"/>
        <testcase name="test_show_option_all_link_should_link_to_post_archive_if_available" class="Tests_Category_WpListCategories" classname="Tests_Category_WpListCategories" file="/home/meng/Desktop/wptest/wordpress-develop/tests/phpunit/tests/category/wpListCategories.php" line="227" assertions="1" time="0.054255"/>
        <testcase name="test_show_option_all_link_should_link_to_post_archive_if_no_associated_post_types_have_archives" class="Tests_Category_WpListCategories" classname="Tests_Category_WpListCategories" file="/home/meng/Desktop/wptest/wordpress-develop/tests/phpunit/tests/category/wpListCategories.php" line="253" assertions="1" time="0.053421"/>
        <testcase name="test_title_li_should_be_shown_by_default_for_empty_lists" class="Tests_Category_WpListCategories" classname="Tests_Category_WpListCategories" file="/home/meng/Desktop/wptest/wordpress-develop/tests/phpunit/tests/category/wpListCategories.php" line="282" assertions="1" time="0.032215"/>
        <testcase name="test_hide_title_if_empty_should_be_respected_for_empty_lists_when_true" class="Tests_Category_WpListCategories" classname="Tests_Category_WpListCategories" file="/home/meng/Desktop/wptest/wordpress-develop/tests/phpunit/tests/category/wpListCategories.php" line="295" assertions="1" time="0.031247"/>
        <testcase name="test_hide_title_if_empty_should_be_respected_for_empty_lists_when_false" class="Tests_Category_WpListCategories" classname="Tests_Category_WpListCategories" file="/home/meng/Desktop/wptest/wordpress-develop/tests/phpunit/tests/category/wpListCategories.php" line="309" assertions="1" time="0.031525"/>
        <testcase name="test_hide_title_if_empty_should_be_ignored_when_category_list_is_not_empty" class="Tests_Category_WpListCategories" classname="Tests_Category_WpListCategories" file="/home/meng/Desktop/wptest/wordpress-develop/tests/phpunit/tests/category/wpListCategories.php" line="323" assertions="1" time="0.044710"/>
        <testcase name="test_hide_title_if_empty_should_not_output_stray_closing_tags" class="Tests_Category_WpListCategories" classname="Tests_Category_WpListCategories" file="/home/meng/Desktop/wptest/wordpress-develop/tests/phpunit/tests/category/wpListCategories.php" line="340" assertions="1" time="0.041095"/>
        <testcase name="test_exclude_tree_should_be_respected" class="Tests_Category_WpListCategories" classname="Tests_Category_WpListCategories" file="/home/meng/Desktop/wptest/wordpress-develop/tests/phpunit/tests/category/wpListCategories.php" line="358" assertions="2" time="0.062332"/>
        <testcase name="test_exclude_tree_should_be_merged_with_exclude" class="Tests_Category_WpListCategories" classname="Tests_Category_WpListCategories" file="/home/meng/Desktop/wptest/wordpress-develop/tests/phpunit/tests/category/wpListCategories.php" line="390" assertions="4" time="0.084079"/>
        <testcase name="test_comma_separated_exclude_tree_should_be_merged_with_exclude" class="Tests_Category_WpListCategories" classname="Tests_Category_WpListCategories" file="/home/meng/Desktop/wptest/wordpress-develop/tests/phpunit/tests/category/wpListCategories.php" line="444" assertions="9" time="0.127336"/>
        <testcase name="test_array_exclude_tree_should_be_merged_with_exclude" class="Tests_Category_WpListCategories" classname="Tests_Category_WpListCategories" file="/home/meng/Desktop/wptest/wordpress-develop/tests/phpunit/tests/category/wpListCategories.php" line="530" assertions="9" time="0.139222"/>
        <testcase name="test_class_containing_current_cat_ancestor" class="Tests_Category_WpListCategories" classname="Tests_Category_WpListCategories" file="/home/meng/Desktop/wptest/wordpress-develop/tests/phpunit/tests/category/wpListCategories.php" line="616" assertions="4" time="0.087571"/>
      </testsuite>
      <testsuite name="Tests_Comment_Submission" file="/home/meng/Desktop/wptest/wordpress-develop/tests/phpunit/tests/comment-submission.php" tests="36" assertions="121" errors="0" failures="0" skipped="0" time="2.249572">
        <testcase name="test_submitting_comment_to_invalid_post_returns_error" class="Tests_Comment_Submission" classname="Tests_Comment_Submission" file="/home/meng/Desktop/wptest/wordpress-develop/tests/phpunit/tests/comment-submission.php" line="42" assertions="4" time="0.029174"/>
        <testcase name="test_submitting_comment_to_post_with_closed_comments_returns_error" class="Tests_Comment_Submission" classname="Tests_Comment_Submission" file="/home/meng/Desktop/wptest/wordpress-develop/tests/phpunit/tests/comment-submission.php" line="58" assertions="4" time="0.058787"/>
        <testcase name="test_submitting_comment_to_trashed_post_returns_error" class="Tests_Comment_Submission" classname="Tests_Comment_Submission" file="/home/meng/Desktop/wptest/wordpress-develop/tests/phpunit/tests/comment-submission.php" line="81" assertions="4" time="0.107744"/>
        <testcase name="test_submitting_comment_to_draft_post_returns_error" class="Tests_Comment_Submission" classname="Tests_Comment_Submission" file="/home/meng/Desktop/wptest/wordpress-develop/tests/phpunit/tests/comment-submission.php" line="102" assertions="5" time="0.045217"/>
        <testcase name="test_submitting_comment_to_draft_post_returns_error_message_for_user_with_correct_caps" class="Tests_Comment_Submission" classname="Tests_Comment_Submission" file="/home/meng/Desktop/wptest/wordpress-develop/tests/phpunit/tests/comment-submission.php" line="128" assertions="5" time="0.047218"/>
        <testcase name="test_submitting_comment_to_scheduled_post_returns_error" class="Tests_Comment_Submission" classname="Tests_Comment_Submission" file="/home/meng/Desktop/wptest/wordpress-develop/tests/phpunit/tests/comment-submission.php" line="153" assertions="5" time="0.060030"/>
        <testcase name="test_submitting_comment_to_password_required_post_returns_error" class="Tests_Comment_Submission" classname="Tests_Comment_Submission" file="/home/meng/Desktop/wptest/wordpress-develop/tests/phpunit/tests/comment-submission.php" line="179" assertions="4" time="0.061719"/>
        <testcase name="test_submitting_comment_to_password_protected_post_succeeds" class="Tests_Comment_Submission" classname="Tests_Comment_Submission" file="/home/meng/Desktop/wptest/wordpress-develop/tests/phpunit/tests/comment-submission.php" line="202" assertions="2" time="0.116567"/>
        <testcase name="test_submitting_valid_comment_as_logged_in_user_succeeds" class="Tests_Comment_Submission" classname="Tests_Comment_Submission" file="/home/meng/Desktop/wptest/wordpress-develop/tests/phpunit/tests/comment-submission.php" line="230" assertions="7" time="0.111695"/>
        <testcase name="test_submitting_valid_comment_anonymously_succeeds" class="Tests_Comment_Submission" classname="Tests_Comment_Submission" file="/home/meng/Desktop/wptest/wordpress-develop/tests/phpunit/tests/comment-submission.php" line="257" assertions="7" time="0.045624"/>
        <testcase name="test_submitting_comment_handles_slashes_correctly_handles_slashes" class="Tests_Comment_Submission" classname="Tests_Comment_Submission" file="/home/meng/Desktop/wptest/wordpress-develop/tests/phpunit/tests/comment-submission.php" line="284" assertions="5" time="0.045735"/>
        <testcase name="test_submitting_comment_anonymously_to_private_post_returns_error" class="Tests_Comment_Submission" classname="Tests_Comment_Submission" file="/home/meng/Desktop/wptest/wordpress-develop/tests/phpunit/tests/comment-submission.php" line="303" assertions="3" time="0.049831"/>
        <testcase name="test_submitting_comment_as_logged_in_user_to_inaccessible_private_post_returns_error" class="Tests_Comment_Submission" classname="Tests_Comment_Submission" file="/home/meng/Desktop/wptest/wordpress-develop/tests/phpunit/tests/comment-submission.php" line="324" assertions="3" time="0.113999"/>
        <testcase name="test_submitting_comment_to_private_post_with_closed_comments_returns_correct_error" class="Tests_Comment_Submission" classname="Tests_Comment_Submission" file="/home/meng/Desktop/wptest/wordpress-develop/tests/phpunit/tests/comment-submission.php" line="354" assertions="3" time="0.112964"/>
        <testcase name="test_submitting_comment_to_own_private_post_succeeds" class="Tests_Comment_Submission" classname="Tests_Comment_Submission" file="/home/meng/Desktop/wptest/wordpress-develop/tests/phpunit/tests/comment-submission.php" line="385" assertions="3" time="0.061156"/>
        <testcase name="test_submitting_comment_to_accessible_private_post_succeeds" class="Tests_Comment_Submission" classname="Tests_Comment_Submission" file="/home/meng/Desktop/wptest/wordpress-develop/tests/phpunit/tests/comment-submission.php" line="408" assertions="3" time="0.066223"/>
        <testcase name="test_anonymous_user_cannot_comment_unfiltered_html" class="Tests_Comment_Submission" classname="Tests_Comment_Submission" file="/home/meng/Desktop/wptest/wordpress-develop/tests/phpunit/tests/comment-submission.php" line="431" assertions="3" time="0.045138"/>
        <testcase name="test_unprivileged_user_cannot_comment_unfiltered_html" class="Tests_Comment_Submission" classname="Tests_Comment_Submission" file="/home/meng/Desktop/wptest/wordpress-develop/tests/phpunit/tests/comment-submission.php" line="447" assertions="4" time="0.050199"/>
        <testcase name="test_unprivileged_user_cannot_comment_unfiltered_html_even_with_valid_nonce" class="Tests_Comment_Submission" classname="Tests_Comment_Submission" file="/home/meng/Desktop/wptest/wordpress-develop/tests/phpunit/tests/comment-submission.php" line="465" assertions="5" time="0.049577"/>
        <testcase name="test_privileged_user_can_comment_unfiltered_html_with_valid_nonce" class="Tests_Comment_Submission" classname="Tests_Comment_Submission" file="/home/meng/Desktop/wptest/wordpress-develop/tests/phpunit/tests/comment-submission.php" line="489" assertions="6" time="0.043313"/>
        <testcase name="test_privileged_user_cannot_comment_unfiltered_html_without_valid_nonce" class="Tests_Comment_Submission" classname="Tests_Comment_Submission" file="/home/meng/Desktop/wptest/wordpress-develop/tests/phpunit/tests/comment-submission.php" line="521" assertions="4" time="0.043500"/>
        <testcase name="test_submitting_comment_as_anonymous_user_when_registration_required_returns_error" class="Tests_Comment_Submission" classname="Tests_Comment_Submission" file="/home/meng/Desktop/wptest/wordpress-develop/tests/phpunit/tests/comment-submission.php" line="545" assertions="2" time="0.034848"/>
        <testcase name="test_submitting_comment_with_no_name_when_name_email_required_returns_error" class="Tests_Comment_Submission" classname="Tests_Comment_Submission" file="/home/meng/Desktop/wptest/wordpress-develop/tests/phpunit/tests/comment-submission.php" line="564" assertions="2" time="0.032385"/>
        <testcase name="test_submitting_comment_with_no_email_when_name_email_required_returns_error" class="Tests_Comment_Submission" classname="Tests_Comment_Submission" file="/home/meng/Desktop/wptest/wordpress-develop/tests/phpunit/tests/comment-submission.php" line="585" assertions="2" time="0.032619"/>
        <testcase name="test_submitting_comment_with_invalid_email_when_name_email_required_returns_error" class="Tests_Comment_Submission" classname="Tests_Comment_Submission" file="/home/meng/Desktop/wptest/wordpress-develop/tests/phpunit/tests/comment-submission.php" line="606" assertions="2" time="0.031951"/>
        <testcase name="test_submitting_comment_with_no_comment_content_returns_error" class="Tests_Comment_Submission" classname="Tests_Comment_Submission" file="/home/meng/Desktop/wptest/wordpress-develop/tests/phpunit/tests/comment-submission.php" line="628" assertions="2" time="0.030597"/>
        <testcase name="test_submitting_comment_with_content_too_long_returns_error" class="Tests_Comment_Submission" classname="Tests_Comment_Submission" file="/home/meng/Desktop/wptest/wordpress-develop/tests/phpunit/tests/comment-submission.php" line="648" assertions="2" time="0.270486"/>
        <testcase name="test_submitting_comment_with_author_too_long_returns_error" class="Tests_Comment_Submission" classname="Tests_Comment_Submission" file="/home/meng/Desktop/wptest/wordpress-develop/tests/phpunit/tests/comment-submission.php" line="666" assertions="2" time="0.033258"/>
        <testcase name="test_submitting_comment_with_email_too_long_returns_error" class="Tests_Comment_Submission" classname="Tests_Comment_Submission" file="/home/meng/Desktop/wptest/wordpress-develop/tests/phpunit/tests/comment-submission.php" line="684" assertions="2" time="0.031601"/>
        <testcase name="test_submitting_comment_with_url_too_long_returns_error" class="Tests_Comment_Submission" classname="Tests_Comment_Submission" file="/home/meng/Desktop/wptest/wordpress-develop/tests/phpunit/tests/comment-submission.php" line="702" assertions="2" time="0.031304"/>
        <testcase name="test_submitting_comment_with_empty_type_results_in_correct_type" class="Tests_Comment_Submission" classname="Tests_Comment_Submission" file="/home/meng/Desktop/wptest/wordpress-develop/tests/phpunit/tests/comment-submission.php" line="721" assertions="3" time="0.046059"/>
        <testcase name="test_inserting_comment_with_empty_type_results_in_correct_type" class="Tests_Comment_Submission" classname="Tests_Comment_Submission" file="/home/meng/Desktop/wptest/wordpress-develop/tests/phpunit/tests/comment-submission.php" line="740" assertions="3" time="0.035261"/>
        <testcase name="test_comment_submission_sends_all_expected_parameters_to_preprocess_comment_filter" class="Tests_Comment_Submission" classname="Tests_Comment_Submission" file="/home/meng/Desktop/wptest/wordpress-develop/tests/phpunit/tests/comment-submission.php" line="760" assertions="2" time="0.058629"/>
        <testcase name="test_submitting_duplicate_comments" class="Tests_Comment_Submission" classname="Tests_Comment_Submission" file="/home/meng/Desktop/wptest/wordpress-develop/tests/phpunit/tests/comment-submission.php" line="804" assertions="2" time="0.048514"/>
        <testcase name="test_comments_flood" class="Tests_Comment_Submission" classname="Tests_Comment_Submission" file="/home/meng/Desktop/wptest/wordpress-develop/tests/phpunit/tests/comment-submission.php" line="820" assertions="2" time="0.055269"/>
        <testcase name="test_comments_flood_user_is_admin" class="Tests_Comment_Submission" classname="Tests_Comment_Submission" file="/home/meng/Desktop/wptest/wordpress-develop/tests/phpunit/tests/comment-submission.php" line="839" assertions="2" time="0.111382"/>
      </testsuite>
      <testsuite name="Tests_Comment" file="/home/meng/Desktop/wptest/wordpress-develop/tests/phpunit/tests/comment.php" tests="49" assertions="122" errors="0" failures="0" skipped="0" time="2.527582">
        <testcase name="test_wp_update_comment" class="Tests_Comment" classname="Tests_Comment" file="/home/meng/Desktop/wptest/wordpress-develop/tests/phpunit/tests/comment.php" line="33" assertions="4" time="0.131192"/>
        <testcase name="test_wp_update_comment_updates_comment_type" class="Tests_Comment" classname="Tests_Comment" file="/home/meng/Desktop/wptest/wordpress-develop/tests/phpunit/tests/comment.php" line="82" assertions="1" time="0.044089"/>
        <testcase name="test_wp_update_comment_updates_comment_meta" class="Tests_Comment" classname="Tests_Comment" file="/home/meng/Desktop/wptest/wordpress-develop/tests/phpunit/tests/comment.php" line="99" assertions="1" time="0.046979"/>
        <testcase name="test_wp_update_comment_updates_user_id" class="Tests_Comment" classname="Tests_Comment" file="/home/meng/Desktop/wptest/wordpress-develop/tests/phpunit/tests/comment.php" line="118" assertions="1" time="0.041857"/>
        <testcase name="test_wp_update_comment_with_no_post_id" class="Tests_Comment" classname="Tests_Comment" file="/home/meng/Desktop/wptest/wordpress-develop/tests/phpunit/tests/comment.php" line="135" assertions="2" time="0.039064"/>
        <testcase name="test_wp_update_comment_returns_false_for_invalid_comment_or_post_id" class="Tests_Comment" classname="Tests_Comment" file="/home/meng/Desktop/wptest/wordpress-develop/tests/phpunit/tests/comment.php" line="156" assertions="2" time="0.036468"/>
        <testcase name="test_wp_update_comment_is_wp_error" class="Tests_Comment" classname="Tests_Comment" file="/home/meng/Desktop/wptest/wordpress-develop/tests/phpunit/tests/comment.php" line="179" assertions="1" time="0.036845"/>
        <testcase name="test_get_approved_comments" class="Tests_Comment" classname="Tests_Comment" file="/home/meng/Desktop/wptest/wordpress-develop/tests/phpunit/tests/comment.php" line="204" assertions="1" time="0.065241"/>
        <testcase name="test_get_approved_comments_with_post_id_0_should_return_empty_array" class="Tests_Comment" classname="Tests_Comment" file="/home/meng/Desktop/wptest/wordpress-develop/tests/phpunit/tests/comment.php" line="261" assertions="1" time="0.036221"/>
        <testcase name="test_wp_new_comment_respects_dates" class="Tests_Comment" classname="Tests_Comment" file="/home/meng/Desktop/wptest/wordpress-develop/tests/phpunit/tests/comment.php" line="277" assertions="2" time="0.045738"/>
        <testcase name="test_wp_new_comment_respects_author_ip" class="Tests_Comment" classname="Tests_Comment" file="/home/meng/Desktop/wptest/wordpress-develop/tests/phpunit/tests/comment.php" line="300" assertions="1" time="0.047770"/>
        <testcase name="test_wp_new_comment_respects_author_ip_empty_string" class="Tests_Comment" classname="Tests_Comment" file="/home/meng/Desktop/wptest/wordpress-develop/tests/phpunit/tests/comment.php" line="321" assertions="1" time="0.049009"/>
        <testcase name="test_wp_new_comment_respects_comment_agent" class="Tests_Comment" classname="Tests_Comment" file="/home/meng/Desktop/wptest/wordpress-develop/tests/phpunit/tests/comment.php" line="342" assertions="1" time="0.046999"/>
        <testcase name="test_wp_new_comment_should_trim_provided_comment_agent_to_254_chars" class="Tests_Comment" classname="Tests_Comment" file="/home/meng/Desktop/wptest/wordpress-develop/tests/phpunit/tests/comment.php" line="364" assertions="1" time="0.046104"/>
        <testcase name="test_wp_new_comment_respects_comment_agent_empty_string" class="Tests_Comment" classname="Tests_Comment" file="/home/meng/Desktop/wptest/wordpress-develop/tests/phpunit/tests/comment.php" line="386" assertions="1" time="0.047410"/>
        <testcase name="test_comment_field_lengths" class="Tests_Comment" classname="Tests_Comment" file="/home/meng/Desktop/wptest/wordpress-develop/tests/phpunit/tests/comment.php" line="406" assertions="1" time="0.059883"/>
        <testcase name="test_wp_notify_moderator_should_not_throw_notice_when_post_author_is_0" class="Tests_Comment" classname="Tests_Comment" file="/home/meng/Desktop/wptest/wordpress-develop/tests/phpunit/tests/comment.php" line="428" assertions="1" time="0.065906"/>
        <testcase name="test_wp_new_comment_notify_postauthor_should_send_email_when_comment_is_approved" class="Tests_Comment" classname="Tests_Comment" file="/home/meng/Desktop/wptest/wordpress-develop/tests/phpunit/tests/comment.php" line="444" assertions="1" time="0.043289"/>
        <testcase name="test_wp_new_comment_notify_postauthor_should_not_send_email_when_comment_is_unapproved" class="Tests_Comment" classname="Tests_Comment" file="/home/meng/Desktop/wptest/wordpress-develop/tests/phpunit/tests/comment.php" line="455" assertions="1" time="0.033538"/>
        <testcase name="test_wp_new_comment_notify_postauthor_should_not_send_email_when_comment_has_been_marked_as_spam" class="Tests_Comment" classname="Tests_Comment" file="/home/meng/Desktop/wptest/wordpress-develop/tests/phpunit/tests/comment.php" line="470" assertions="1" time="0.033029"/>
        <testcase name="test_wp_new_comment_notify_postauthor_should_not_send_email_when_comment_has_been_trashed" class="Tests_Comment" classname="Tests_Comment" file="/home/meng/Desktop/wptest/wordpress-develop/tests/phpunit/tests/comment.php" line="485" assertions="1" time="0.034082"/>
        <testcase name="test_wp_new_comment_notify_postauthor_content_should_include_link_to_parent" class="Tests_Comment" classname="Tests_Comment" file="/home/meng/Desktop/wptest/wordpress-develop/tests/phpunit/tests/comment.php" line="500" assertions="1" time="0.048612"/>
        <testcase name="test_wp_new_comment_notify_moderator_content_should_include_link_to_parent" class="Tests_Comment" classname="Tests_Comment" file="/home/meng/Desktop/wptest/wordpress-develop/tests/phpunit/tests/comment.php" line="524" assertions="1" time="0.047608"/>
        <testcase name="test_wp_new_comment_with_meta" class="Tests_Comment" classname="Tests_Comment" file="/home/meng/Desktop/wptest/wordpress-develop/tests/phpunit/tests/comment.php" line="560" assertions="1" time="0.040017"/>
        <testcase name="test_wp_comment_get_children_should_fill_children" class="Tests_Comment" classname="Tests_Comment" file="/home/meng/Desktop/wptest/wordpress-develop/tests/phpunit/tests/comment.php" line="577" assertions="2" time="0.064801"/>
        <testcase name="test_post_properties_should_be_lazyloaded" class="Tests_Comment" classname="Tests_Comment" file="/home/meng/Desktop/wptest/wordpress-develop/tests/phpunit/tests/comment.php" line="637" assertions="42" time="0.039629"/>
        <testcase name="test_wp_notify_moderator_filter_moderation_notify_option_true_filter_false" class="Tests_Comment" classname="Tests_Comment" file="/home/meng/Desktop/wptest/wordpress-develop/tests/phpunit/tests/comment.php" line="688" assertions="1" time="0.072763"/>
        <testcase name="test_wp_notify_moderator_filter_moderation_notify_option_false_filter_true" class="Tests_Comment" classname="Tests_Comment" file="/home/meng/Desktop/wptest/wordpress-develop/tests/phpunit/tests/comment.php" line="709" assertions="1" time="0.077763"/>
        <testcase name="test_wp_notify_post_author_filter_comments_notify_option_true_filter_false" class="Tests_Comment" classname="Tests_Comment" file="/home/meng/Desktop/wptest/wordpress-develop/tests/phpunit/tests/comment.php" line="730" assertions="1" time="0.073281"/>
        <testcase name="test_wp_notify_post_author_filter_comments_notify_option_false_filter_true" class="Tests_Comment" classname="Tests_Comment" file="/home/meng/Desktop/wptest/wordpress-develop/tests/phpunit/tests/comment.php" line="752" assertions="1" time="0.080541"/>
        <testcase name="test_close_comments_for_old_post" class="Tests_Comment" classname="Tests_Comment" file="/home/meng/Desktop/wptest/wordpress-develop/tests/phpunit/tests/comment.php" line="855" assertions="2" time="0.058908"/>
        <testcase name="test_close_comments_for_old_post_undated_draft" class="Tests_Comment" classname="Tests_Comment" file="/home/meng/Desktop/wptest/wordpress-develop/tests/phpunit/tests/comment.php" line="870" assertions="1" time="0.047279"/>
        <testcase name="test_wp_update_comment_author_id_and_agent" class="Tests_Comment" classname="Tests_Comment" file="/home/meng/Desktop/wptest/wordpress-develop/tests/phpunit/tests/comment.php" line="885" assertions="4" time="0.059250"/>
        <testcase name="test_wp_get_comment_fields_max_lengths" class="Tests_Comment" classname="Tests_Comment" file="/home/meng/Desktop/wptest/wordpress-develop/tests/phpunit/tests/comment.php" line="920" assertions="4" time="0.028532"/>
        <testcase name="test_wp_comments_personal_data_eraser" class="Tests_Comment" classname="Tests_Comment" file="/home/meng/Desktop/wptest/wordpress-develop/tests/phpunit/tests/comment.php" line="941" assertions="1" time="0.121265"/>
        <testcase name="test_wp_comments_personal_data_eraser_empty_first_page_output" class="Tests_Comment" classname="Tests_Comment" file="/home/meng/Desktop/wptest/wordpress-develop/tests/phpunit/tests/comment.php" line="998" assertions="1" time="0.030340"/>
        <testcase name="test_wp_comments_personal_data_eraser_non_empty_first_page_output" class="Tests_Comment" classname="Tests_Comment" file="/home/meng/Desktop/wptest/wordpress-develop/tests/phpunit/tests/comment.php" line="1017" assertions="1" time="0.064038"/>
        <testcase name="test_wp_comments_personal_data_eraser_empty_second_page_output" class="Tests_Comment" classname="Tests_Comment" file="/home/meng/Desktop/wptest/wordpress-develop/tests/phpunit/tests/comment.php" line="1049" assertions="1" time="0.066151"/>
        <testcase name="test_wp_anonymize_comment_filter_to_prevent_comment_anonymization" class="Tests_Comment" classname="Tests_Comment" file="/home/meng/Desktop/wptest/wordpress-develop/tests/phpunit/tests/comment.php" line="1081" assertions="1" time="0.066902"/>
        <testcase name="test_wp_anonymize_comment_filter_to_prevent_comment_anonymization_with_custom_message" class="Tests_Comment" classname="Tests_Comment" file="/home/meng/Desktop/wptest/wordpress-develop/tests/phpunit/tests/comment.php" line="1118" assertions="1" time="0.061315"/>
        <testcase name="test_update_should_invalidate_comment_cache" class="Tests_Comment" classname="Tests_Comment" file="/home/meng/Desktop/wptest/wordpress-develop/tests/phpunit/tests/comment.php" line="1162" assertions="2" time="0.038931"/>
        <testcase name="test_trash_should_invalidate_comment_cache" class="Tests_Comment" classname="Tests_Comment" file="/home/meng/Desktop/wptest/wordpress-develop/tests/phpunit/tests/comment.php" line="1182" assertions="1" time="0.037623"/>
        <testcase name="test_untrash_should_invalidate_comment_cache" class="Tests_Comment" classname="Tests_Comment" file="/home/meng/Desktop/wptest/wordpress-develop/tests/phpunit/tests/comment.php" line="1196" assertions="2" time="0.040895"/>
        <testcase name="test_spam_should_invalidate_comment_cache" class="Tests_Comment" classname="Tests_Comment" file="/home/meng/Desktop/wptest/wordpress-develop/tests/phpunit/tests/comment.php" line="1212" assertions="1" time="0.038687"/>
        <testcase name="test_unspam_should_invalidate_comment_cache" class="Tests_Comment" classname="Tests_Comment" file="/home/meng/Desktop/wptest/wordpress-develop/tests/phpunit/tests/comment.php" line="1226" assertions="2" time="0.043586"/>
        <testcase name="test_wp_comments_personal_data_exporter" class="Tests_Comment" classname="Tests_Comment" file="/home/meng/Desktop/wptest/wordpress-develop/tests/phpunit/tests/comment.php" line="1248" assertions="13" time="0.039422"/>
        <testcase name="test_wp_comments_personal_data_exporter_no_comments_found" class="Tests_Comment" classname="Tests_Comment" file="/home/meng/Desktop/wptest/wordpress-develop/tests/phpunit/tests/comment.php" line="1294" assertions="1" time="0.031243"/>
        <testcase name="test_wp_comments_personal_data_exporter_empty_comment_prop" class="Tests_Comment" classname="Tests_Comment" file="/home/meng/Desktop/wptest/wordpress-develop/tests/phpunit/tests/comment.php" line="1312" assertions="3" time="0.040251"/>
        <testcase name="test_wp_comments_personal_data_exporter_empty_second_page" class="Tests_Comment" classname="Tests_Comment" file="/home/meng/Desktop/wptest/wordpress-develop/tests/phpunit/tests/comment.php" line="1343" assertions="2" time="0.037236"/>
      </testsuite>
      <testsuite name="Tests_Comment_CheckComment" file="/home/meng/Desktop/wptest/wordpress-develop/tests/phpunit/tests/comment/checkComment.php" tests="9" assertions="10" errors="0" failures="0" skipped="0" time="0.514087">
        <testcase name="test_should_return_true_when_comment_previously_approved_is_disabled" class="Tests_Comment_CheckComment" classname="Tests_Comment_CheckComment" file="/home/meng/Desktop/wptest/wordpress-develop/tests/phpunit/tests/comment/checkComment.php" line="7" assertions="1" time="0.034387"/>
        <testcase name="test_should_return_false_when_comment_previously_approved_is_enabled_and_author_does_not_have_approved_comment" class="Tests_Comment_CheckComment" classname="Tests_Comment_CheckComment" file="/home/meng/Desktop/wptest/wordpress-develop/tests/phpunit/tests/comment/checkComment.php" line="21" assertions="1" time="0.033371"/>
        <testcase name="test_should_return_true_when_comment_previously_approved_is_enabled_and_author_has_approved_comment" class="Tests_Comment_CheckComment" classname="Tests_Comment_CheckComment" file="/home/meng/Desktop/wptest/wordpress-develop/tests/phpunit/tests/comment/checkComment.php" line="36" assertions="2" time="0.068866"/>
        <testcase name="test_should_return_false_when_content_matches_moderation_key" class="Tests_Comment_CheckComment" classname="Tests_Comment_CheckComment" file="/home/meng/Desktop/wptest/wordpress-develop/tests/phpunit/tests/comment/checkComment.php" line="71" assertions="1" time="0.034027"/>
        <testcase name="test_should_return_true_when_content_does_not_match_moderation_keys" class="Tests_Comment_CheckComment" classname="Tests_Comment_CheckComment" file="/home/meng/Desktop/wptest/wordpress-develop/tests/phpunit/tests/comment/checkComment.php" line="87" assertions="1" time="0.033635"/>
        <testcase name="test_should_return_false_when_link_count_exceeds_comment_max_length_setting" class="Tests_Comment_CheckComment" classname="Tests_Comment_CheckComment" file="/home/meng/Desktop/wptest/wordpress-develop/tests/phpunit/tests/comment/checkComment.php" line="103" assertions="1" time="0.033243"/>
        <testcase name="test_should_return_true_when_link_count_does_not_exceed_comment_max_length_setting" class="Tests_Comment_CheckComment" classname="Tests_Comment_CheckComment" file="/home/meng/Desktop/wptest/wordpress-develop/tests/phpunit/tests/comment/checkComment.php" line="119" assertions="1" time="0.032919"/>
        <testcase name="test_should_return_true_when_comment_previously_approved_is_enabled_and_user_has_previously_approved_comments_with_different_email" class="Tests_Comment_CheckComment" classname="Tests_Comment_CheckComment" file="/home/meng/Desktop/wptest/wordpress-develop/tests/phpunit/tests/comment/checkComment.php" line="138" assertions="1" time="0.116396"/>
        <testcase name="test_should_return_false_when_comment_previously_approved_is_enabled_and_user_does_not_have_a_previously_approved_comment_with_any_email" class="Tests_Comment_CheckComment" classname="Tests_Comment_CheckComment" file="/home/meng/Desktop/wptest/wordpress-develop/tests/phpunit/tests/comment/checkComment.php" line="170" assertions="1" time="0.127243"/>
      </testsuite>
      <testsuite name="Tests_Comment_CommentForm" file="/home/meng/Desktop/wptest/wordpress-develop/tests/phpunit/tests/comment/commentForm.php" tests="6" assertions="7" errors="0" failures="0" skipped="0" time="0.394153">
        <testcase name="test_default_markup_for_submit_button_and_wrapper" class="Tests_Comment_CommentForm" classname="Tests_Comment_CommentForm" file="/home/meng/Desktop/wptest/wordpress-develop/tests/phpunit/tests/comment/commentForm.php" line="7" assertions="1" time="0.069701"/>
        <testcase name="test_custom_submit_button" class="Tests_Comment_CommentForm" classname="Tests_Comment_CommentForm" file="/home/meng/Desktop/wptest/wordpress-develop/tests/phpunit/tests/comment/commentForm.php" line="24" assertions="1" time="0.065837"/>
        <testcase name="test_custom_submit_field" class="Tests_Comment_CommentForm" classname="Tests_Comment_CommentForm" file="/home/meng/Desktop/wptest/wordpress-develop/tests/phpunit/tests/comment/commentForm.php" line="41" assertions="1" time="0.063879"/>
        <testcase name="test_submit_button_and_submit_field_should_fall_back_on_defaults_when_filtered_defaults_do_not_contain_the_keys" class="Tests_Comment_CommentForm" classname="Tests_Comment_CommentForm" file="/home/meng/Desktop/wptest/wordpress-develop/tests/phpunit/tests/comment/commentForm.php" line="62" assertions="1" time="0.062338"/>
        <testcase name="test_fields_should_include_cookies_consent" class="Tests_Comment_CommentForm" classname="Tests_Comment_CommentForm" file="/home/meng/Desktop/wptest/wordpress-develop/tests/phpunit/tests/comment/commentForm.php" line="90" assertions="1" time="0.065621"/>
        <testcase name="test_aria_describedby_email_notes_should_not_be_added_if_no_email_notes" class="Tests_Comment_CommentForm" classname="Tests_Comment_CommentForm" file="/home/meng/Desktop/wptest/wordpress-develop/tests/phpunit/tests/comment/commentForm.php" line="111" assertions="2" time="0.066777"/>
      </testsuite>
      <testsuite name="Tests_Comment_CommentsTemplate" file="/home/meng/Desktop/wptest/wordpress-develop/tests/phpunit/tests/comment/commentsTemplate.php" tests="21" assertions="33" errors="0" failures="0" skipped="0" time="2.426863">
        <testcase name="test_should_respect_comment_order_asc_when_default_comments_page_is_newest" class="Tests_Comment_CommentsTemplate" classname="Tests_Comment_CommentsTemplate" file="/home/meng/Desktop/wptest/wordpress-develop/tests/phpunit/tests/comment/commentsTemplate.php" line="13" assertions="1" time="0.099799"/>
        <testcase name="test_should_respect_comment_order_desc_when_default_comments_page_is_newest" class="Tests_Comment_CommentsTemplate" classname="Tests_Comment_CommentsTemplate" file="/home/meng/Desktop/wptest/wordpress-develop/tests/phpunit/tests/comment/commentsTemplate.php" line="47" assertions="1" time="0.097847"/>
        <testcase name="test_should_respect_comment_order_asc_when_default_comments_page_is_oldest" class="Tests_Comment_CommentsTemplate" classname="Tests_Comment_CommentsTemplate" file="/home/meng/Desktop/wptest/wordpress-develop/tests/phpunit/tests/comment/commentsTemplate.php" line="81" assertions="1" time="0.099935"/>
        <testcase name="test_should_respect_comment_order_desc_when_default_comments_page_is_oldest" class="Tests_Comment_CommentsTemplate" classname="Tests_Comment_CommentsTemplate" file="/home/meng/Desktop/wptest/wordpress-develop/tests/phpunit/tests/comment/commentsTemplate.php" line="115" assertions="1" time="0.101147"/>
        <testcase name="test_should_respect_comment_order_asc_when_default_comments_page_is_newest_on_subsequent_pages" class="Tests_Comment_CommentsTemplate" classname="Tests_Comment_CommentsTemplate" file="/home/meng/Desktop/wptest/wordpress-develop/tests/phpunit/tests/comment/commentsTemplate.php" line="149" assertions="1" time="0.122690"/>
        <testcase name="test_should_respect_comment_order_desc_when_default_comments_page_is_newest_on_subsequent_pages" class="Tests_Comment_CommentsTemplate" classname="Tests_Comment_CommentsTemplate" file="/home/meng/Desktop/wptest/wordpress-develop/tests/phpunit/tests/comment/commentsTemplate.php" line="220" assertions="1" time="0.122681"/>
        <testcase name="test_should_respect_comment_order_asc_when_default_comments_page_is_oldest_on_subsequent_pages" class="Tests_Comment_CommentsTemplate" classname="Tests_Comment_CommentsTemplate" file="/home/meng/Desktop/wptest/wordpress-develop/tests/phpunit/tests/comment/commentsTemplate.php" line="291" assertions="1" time="0.110583"/>
        <testcase name="test_should_respect_comment_order_desc_when_default_comments_page_is_oldest_on_subsequent_pages" class="Tests_Comment_CommentsTemplate" classname="Tests_Comment_CommentsTemplate" file="/home/meng/Desktop/wptest/wordpress-develop/tests/phpunit/tests/comment/commentsTemplate.php" line="348" assertions="1" time="0.111130"/>
        <testcase name="test_last_page_of_comments_should_be_full_when_default_comment_page_is_newest" class="Tests_Comment_CommentsTemplate" classname="Tests_Comment_CommentsTemplate" file="/home/meng/Desktop/wptest/wordpress-develop/tests/phpunit/tests/comment/commentsTemplate.php" line="407" assertions="1" time="0.109997"/>
        <testcase name="test_first_page_of_comments_should_have_remainder_when_default_comments_page_is_newest" class="Tests_Comment_CommentsTemplate" classname="Tests_Comment_CommentsTemplate" file="/home/meng/Desktop/wptest/wordpress-develop/tests/phpunit/tests/comment/commentsTemplate.php" line="459" assertions="1" time="0.102308"/>
        <testcase name="test_comment_permalinks_should_be_correct_when_using_default_display_callback_with_default_comment_page_oldest" class="Tests_Comment_CommentsTemplate" classname="Tests_Comment_CommentsTemplate" file="/home/meng/Desktop/wptest/wordpress-develop/tests/phpunit/tests/comment/commentsTemplate.php" line="509" assertions="4" time="0.154690"/>
        <testcase name="test_comment_permalinks_should_be_correct_when_using_default_display_callback_with_default_comment_page_newest" class="Tests_Comment_CommentsTemplate" classname="Tests_Comment_CommentsTemplate" file="/home/meng/Desktop/wptest/wordpress-develop/tests/phpunit/tests/comment/commentsTemplate.php" line="588" assertions="6" time="0.178525"/>
        <testcase name="test_query_offset_should_not_include_unapproved_comments" class="Tests_Comment_CommentsTemplate" classname="Tests_Comment_CommentsTemplate" file="/home/meng/Desktop/wptest/wordpress-develop/tests/phpunit/tests/comment/commentsTemplate.php" line="701" assertions="1" time="0.095618"/>
        <testcase name="test_query_offset_should_include_unapproved_comments" class="Tests_Comment_CommentsTemplate" classname="Tests_Comment_CommentsTemplate" file="/home/meng/Desktop/wptest/wordpress-develop/tests/phpunit/tests/comment/commentsTemplate.php" line="755" assertions="1" time="0.120297"/>
        <testcase name="test_comments_list_should_include_just_posted_unapproved_comment" class="Tests_Comment_CommentsTemplate" classname="Tests_Comment_CommentsTemplate" file="/home/meng/Desktop/wptest/wordpress-develop/tests/phpunit/tests/comment/commentsTemplate.php" line="837" assertions="1" time="0.089663"/>
        <testcase name="test_hierarchy_should_be_ignored_when_threading_is_disabled" class="Tests_Comment_CommentsTemplate" classname="Tests_Comment_CommentsTemplate" file="/home/meng/Desktop/wptest/wordpress-develop/tests/phpunit/tests/comment/commentsTemplate.php" line="873" assertions="1" time="0.107729"/>
        <testcase name="test_pagination_calculation_should_ignore_comment_hierarchy_when_threading_is_disabled" class="Tests_Comment_CommentsTemplate" classname="Tests_Comment_CommentsTemplate" file="/home/meng/Desktop/wptest/wordpress-develop/tests/phpunit/tests/comment/commentsTemplate.php" line="918" assertions="1" time="0.094932"/>
        <testsuite name="Tests_Comment_CommentsTemplate::test_comments_template_top_level_query_args" tests="4" assertions="8" errors="0" failures="0" skipped="0" time="0.507292">
          <testcase name="test_comments_template_top_level_query_args with data set #0" class="Tests_Comment_CommentsTemplate" classname="Tests_Comment_CommentsTemplate" file="/home/meng/Desktop/wptest/wordpress-develop/tests/phpunit/tests/comment/commentsTemplate.php" line="972" assertions="2" time="0.118797"/>
          <testcase name="test_comments_template_top_level_query_args with data set #1" class="Tests_Comment_CommentsTemplate" classname="Tests_Comment_CommentsTemplate" file="/home/meng/Desktop/wptest/wordpress-develop/tests/phpunit/tests/comment/commentsTemplate.php" line="972" assertions="2" time="0.120768"/>
          <testcase name="test_comments_template_top_level_query_args with data set #2" class="Tests_Comment_CommentsTemplate" classname="Tests_Comment_CommentsTemplate" file="/home/meng/Desktop/wptest/wordpress-develop/tests/phpunit/tests/comment/commentsTemplate.php" line="972" assertions="2" time="0.141635"/>
          <testcase name="test_comments_template_top_level_query_args with data set #3" class="Tests_Comment_CommentsTemplate" classname="Tests_Comment_CommentsTemplate" file="/home/meng/Desktop/wptest/wordpress-develop/tests/phpunit/tests/comment/commentsTemplate.php" line="972" assertions="2" time="0.126092"/>
        </testsuite>
      </testsuite>
      <testsuite name="Tests_Comment_DateQuery" file="/home/meng/Desktop/wptest/wordpress-develop/tests/phpunit/tests/comment/dateQuery.php" tests="1" assertions="1" errors="0" failures="0" skipped="0" time="0.132258">
        <testcase name="test_year" class="Tests_Comment_DateQuery" classname="Tests_Comment_DateQuery" file="/home/meng/Desktop/wptest/wordpress-develop/tests/phpunit/tests/comment/dateQuery.php" line="64" assertions="1" time="0.132258"/>
      </testsuite>
      <testsuite name="Tests_Comment_GetCommentAuthorEmailLink" file="/home/meng/Desktop/wptest/wordpress-develop/tests/phpunit/tests/comment/getCommentAuthorEmailLink.php" tests="7" assertions="7" errors="0" failures="0" skipped="0" time="0.220323">
        <testcase name="test_global_comment_with_default_parameters" class="Tests_Comment_GetCommentAuthorEmailLink" classname="Tests_Comment_GetCommentAuthorEmailLink" file="/home/meng/Desktop/wptest/wordpress-develop/tests/phpunit/tests/comment/getCommentAuthorEmailLink.php" line="33" assertions="1" time="0.029989"/>
        <testcase name="test_all_parameters" class="Tests_Comment_GetCommentAuthorEmailLink" classname="Tests_Comment_GetCommentAuthorEmailLink" file="/home/meng/Desktop/wptest/wordpress-develop/tests/phpunit/tests/comment/getCommentAuthorEmailLink.php" line="42" assertions="1" time="0.034391"/>
        <testcase name="test_all_parameters_with_global_comment" class="Tests_Comment_GetCommentAuthorEmailLink" classname="Tests_Comment_GetCommentAuthorEmailLink" file="/home/meng/Desktop/wptest/wordpress-develop/tests/phpunit/tests/comment/getCommentAuthorEmailLink.php" line="59" assertions="1" time="0.030420"/>
        <testcase name="test_linktext" class="Tests_Comment_GetCommentAuthorEmailLink" classname="Tests_Comment_GetCommentAuthorEmailLink" file="/home/meng/Desktop/wptest/wordpress-develop/tests/phpunit/tests/comment/getCommentAuthorEmailLink.php" line="69" assertions="1" time="0.029481"/>
        <testcase name="test_before" class="Tests_Comment_GetCommentAuthorEmailLink" classname="Tests_Comment_GetCommentAuthorEmailLink" file="/home/meng/Desktop/wptest/wordpress-develop/tests/phpunit/tests/comment/getCommentAuthorEmailLink.php" line="75" assertions="1" time="0.030518"/>
        <testcase name="test_after" class="Tests_Comment_GetCommentAuthorEmailLink" classname="Tests_Comment_GetCommentAuthorEmailLink" file="/home/meng/Desktop/wptest/wordpress-develop/tests/phpunit/tests/comment/getCommentAuthorEmailLink.php" line="81" assertions="1" time="0.032768"/>
        <testcase name="test_comment_param_should_override_global" class="Tests_Comment_GetCommentAuthorEmailLink" classname="Tests_Comment_GetCommentAuthorEmailLink" file="/home/meng/Desktop/wptest/wordpress-develop/tests/phpunit/tests/comment/getCommentAuthorEmailLink.php" line="90" assertions="1" time="0.032756"/>
      </testsuite>
      <testsuite name="Tests_Comment_GetCommentAuthorUrl" file="/home/meng/Desktop/wptest/wordpress-develop/tests/phpunit/tests/comment/getCommentAuthorUrl.php" tests="1" assertions="1" errors="0" failures="0" skipped="0" time="0.033351">
        <testcase name="test_comment_author_url_passes_correct_comment_id" class="Tests_Comment_GetCommentAuthorUrl" classname="Tests_Comment_GetCommentAuthorUrl" file="/home/meng/Desktop/wptest/wordpress-develop/tests/phpunit/tests/comment/getCommentAuthorUrl.php" line="16" assertions="1" time="0.033351"/>
      </testsuite>
      <testsuite name="Tests_Comment_GetCommentAuthorUrlLink" file="/home/meng/Desktop/wptest/wordpress-develop/tests/phpunit/tests/comment/getCommentAuthorUrlLink.php" tests="7" assertions="7" errors="0" failures="0" skipped="0" time="0.210329">
        <testcase name="test_no_comment" class="Tests_Comment_GetCommentAuthorUrlLink" classname="Tests_Comment_GetCommentAuthorUrlLink" file="/home/meng/Desktop/wptest/wordpress-develop/tests/phpunit/tests/comment/getCommentAuthorUrlLink.php" line="27" assertions="1" time="0.031867"/>
        <testcase name="test_global_comment" class="Tests_Comment_GetCommentAuthorUrlLink" classname="Tests_Comment_GetCommentAuthorUrlLink" file="/home/meng/Desktop/wptest/wordpress-develop/tests/phpunit/tests/comment/getCommentAuthorUrlLink.php" line="33" assertions="1" time="0.031767"/>
        <testcase name="test_comment_arg" class="Tests_Comment_GetCommentAuthorUrlLink" classname="Tests_Comment_GetCommentAuthorUrlLink" file="/home/meng/Desktop/wptest/wordpress-develop/tests/phpunit/tests/comment/getCommentAuthorUrlLink.php" line="42" assertions="1" time="0.029019"/>
        <testcase name="test_linktext" class="Tests_Comment_GetCommentAuthorUrlLink" classname="Tests_Comment_GetCommentAuthorUrlLink" file="/home/meng/Desktop/wptest/wordpress-develop/tests/phpunit/tests/comment/getCommentAuthorUrlLink.php" line="50" assertions="1" time="0.030732"/>
        <testcase name="test_before" class="Tests_Comment_GetCommentAuthorUrlLink" classname="Tests_Comment_GetCommentAuthorUrlLink" file="/home/meng/Desktop/wptest/wordpress-develop/tests/phpunit/tests/comment/getCommentAuthorUrlLink.php" line="58" assertions="1" time="0.028766"/>
        <testcase name="test_after" class="Tests_Comment_GetCommentAuthorUrlLink" classname="Tests_Comment_GetCommentAuthorUrlLink" file="/home/meng/Desktop/wptest/wordpress-develop/tests/phpunit/tests/comment/getCommentAuthorUrlLink.php" line="66" assertions="1" time="0.029535"/>
        <testcase name="test_before_after" class="Tests_Comment_GetCommentAuthorUrlLink" classname="Tests_Comment_GetCommentAuthorUrlLink" file="/home/meng/Desktop/wptest/wordpress-develop/tests/phpunit/tests/comment/getCommentAuthorUrlLink.php" line="74" assertions="1" time="0.028643"/>
      </testsuite>
      <testsuite name="Tests_Comment_GetCommentClass" file="/home/meng/Desktop/wptest/wordpress-develop/tests/phpunit/tests/comment/getCommentClass.php" tests="5" assertions="6" errors="0" failures="0" skipped="0" time="0.270729">
        <testcase name="test_should_accept_comment_id" class="Tests_Comment_GetCommentClass" classname="Tests_Comment_GetCommentClass" file="/home/meng/Desktop/wptest/wordpress-develop/tests/phpunit/tests/comment/getCommentClass.php" line="7" assertions="1" time="0.062525"/>
        <testcase name="test_should_accept_comment_object" class="Tests_Comment_GetCommentClass" classname="Tests_Comment_GetCommentClass" file="/home/meng/Desktop/wptest/wordpress-develop/tests/phpunit/tests/comment/getCommentClass.php" line="15" assertions="1" time="0.059460"/>
        <testcase name="test_should_append_single_class" class="Tests_Comment_GetCommentClass" classname="Tests_Comment_GetCommentClass" file="/home/meng/Desktop/wptest/wordpress-develop/tests/phpunit/tests/comment/getCommentClass.php" line="23" assertions="1" time="0.060141"/>
        <testcase name="test_should_append_array_of_classes" class="Tests_Comment_GetCommentClass" classname="Tests_Comment_GetCommentClass" file="/home/meng/Desktop/wptest/wordpress-develop/tests/phpunit/tests/comment/getCommentClass.php" line="31" assertions="2" time="0.059937"/>
        <testcase name="test_should_return_an_empty_array_for_invalid_comment_id" class="Tests_Comment_GetCommentClass" classname="Tests_Comment_GetCommentClass" file="/home/meng/Desktop/wptest/wordpress-develop/tests/phpunit/tests/comment/getCommentClass.php" line="43" assertions="1" time="0.028666"/>
      </testsuite>
      <testsuite name="Tests_Get_Comment_Count" file="/home/meng/Desktop/wptest/wordpress-develop/tests/phpunit/tests/comment/getCommentCount.php" tests="6" assertions="36" errors="0" failures="0" skipped="0" time="0.207651">
        <testcase name="test_get_comment_count" class="Tests_Get_Comment_Count" classname="Tests_Get_Comment_Count" file="/home/meng/Desktop/wptest/wordpress-develop/tests/phpunit/tests/comment/getCommentCount.php" line="5" assertions="6" time="0.030120"/>
        <testcase name="test_get_comment_count_approved" class="Tests_Get_Comment_Count" classname="Tests_Get_Comment_Count" file="/home/meng/Desktop/wptest/wordpress-develop/tests/phpunit/tests/comment/getCommentCount.php" line="16" assertions="6" time="0.033939"/>
        <testcase name="test_get_comment_count_awaiting" class="Tests_Get_Comment_Count" classname="Tests_Get_Comment_Count" file="/home/meng/Desktop/wptest/wordpress-develop/tests/phpunit/tests/comment/getCommentCount.php" line="33" assertions="6" time="0.037702"/>
        <testcase name="test_get_comment_count_spam" class="Tests_Get_Comment_Count" classname="Tests_Get_Comment_Count" file="/home/meng/Desktop/wptest/wordpress-develop/tests/phpunit/tests/comment/getCommentCount.php" line="50" assertions="6" time="0.036677"/>
        <testcase name="test_get_comment_count_trash" class="Tests_Get_Comment_Count" classname="Tests_Get_Comment_Count" file="/home/meng/Desktop/wptest/wordpress-develop/tests/phpunit/tests/comment/getCommentCount.php" line="67" assertions="6" time="0.033497"/>
        <testcase name="test_get_comment_count_post_trashed" class="Tests_Get_Comment_Count" classname="Tests_Get_Comment_Count" file="/home/meng/Desktop/wptest/wordpress-develop/tests/phpunit/tests/comment/getCommentCount.php" line="84" assertions="6" time="0.035716"/>
      </testsuite>
      <testsuite name="Tests_Get_Comment_Excerpt" file="/home/meng/Desktop/wptest/wordpress-develop/tests/phpunit/tests/comment/getCommentExcerpt.php" tests="2" assertions="2" errors="0" failures="0" skipped="0" time="0.068903">
        <testcase name="test_get_comment_excerpt" class="Tests_Get_Comment_Excerpt" classname="Tests_Get_Comment_Excerpt" file="/home/meng/Desktop/wptest/wordpress-develop/tests/phpunit/tests/comment/getCommentExcerpt.php" line="16" assertions="1" time="0.035299"/>
        <testcase name="test_get_comment_excerpt_filtered" class="Tests_Get_Comment_Excerpt" classname="Tests_Get_Comment_Excerpt" file="/home/meng/Desktop/wptest/wordpress-develop/tests/phpunit/tests/comment/getCommentExcerpt.php" line="28" assertions="1" time="0.033604"/>
      </testsuite>
      <testsuite name="Tests_Comment_GetCommentLink" file="/home/meng/Desktop/wptest/wordpress-develop/tests/phpunit/tests/comment/getCommentLink.php" tests="7" assertions="7" errors="0" failures="0" skipped="0" time="0.279619">
        <testcase name="test_default_comments_page_newest_default_page_should_have_cpage" class="Tests_Comment_GetCommentLink" classname="Tests_Comment_GetCommentLink" file="/home/meng/Desktop/wptest/wordpress-develop/tests/phpunit/tests/comment/getCommentLink.php" line="62" assertions="1" time="0.037870"/>
        <testcase name="test_default_comments_page_newest_middle_page_should_have_cpage" class="Tests_Comment_GetCommentLink" classname="Tests_Comment_GetCommentLink" file="/home/meng/Desktop/wptest/wordpress-develop/tests/phpunit/tests/comment/getCommentLink.php" line="75" assertions="1" time="0.037863"/>
        <testcase name="test_default_comments_page_newest_last_page_should_have_cpage" class="Tests_Comment_GetCommentLink" classname="Tests_Comment_GetCommentLink" file="/home/meng/Desktop/wptest/wordpress-develop/tests/phpunit/tests/comment/getCommentLink.php" line="88" assertions="1" time="0.038757"/>
        <testcase name="test_default_comments_page_oldest_default_page_should_not_have_cpage" class="Tests_Comment_GetCommentLink" classname="Tests_Comment_GetCommentLink" file="/home/meng/Desktop/wptest/wordpress-develop/tests/phpunit/tests/comment/getCommentLink.php" line="101" assertions="1" time="0.035324"/>
        <testcase name="test_default_comments_page_oldest_middle_page_should_have_cpage" class="Tests_Comment_GetCommentLink" classname="Tests_Comment_GetCommentLink" file="/home/meng/Desktop/wptest/wordpress-develop/tests/phpunit/tests/comment/getCommentLink.php" line="113" assertions="1" time="0.045405"/>
        <testcase name="test_default_comments_page_oldest_last_page_should_have_cpage" class="Tests_Comment_GetCommentLink" classname="Tests_Comment_GetCommentLink" file="/home/meng/Desktop/wptest/wordpress-develop/tests/phpunit/tests/comment/getCommentLink.php" line="126" assertions="1" time="0.043130"/>
        <testcase name="test_should_not_contain_comment_page_1_when_pagination_is_disabled" class="Tests_Comment_GetCommentLink" classname="Tests_Comment_GetCommentLink" file="/home/meng/Desktop/wptest/wordpress-develop/tests/phpunit/tests/comment/getCommentLink.php" line="139" assertions="1" time="0.041269"/>
      </testsuite>
      <testsuite name="Tests_Comment_GetCommentReplyLink" file="/home/meng/Desktop/wptest/wordpress-develop/tests/phpunit/tests/comment/getCommentReplyLink.php" tests="4" assertions="4" errors="0" failures="0" skipped="0" time="0.150112">
        <testcase name="test_should_return_null_when_max_depth_is_less_than_depth" class="Tests_Comment_GetCommentReplyLink" classname="Tests_Comment_GetCommentReplyLink" file="/home/meng/Desktop/wptest/wordpress-develop/tests/phpunit/tests/comment/getCommentReplyLink.php" line="10" assertions="1" time="0.029982"/>
        <testcase name="test_should_return_null_when_default_max_depth_is_less_than_depth" class="Tests_Comment_GetCommentReplyLink" classname="Tests_Comment_GetCommentReplyLink" file="/home/meng/Desktop/wptest/wordpress-develop/tests/phpunit/tests/comment/getCommentReplyLink.php" line="22" assertions="1" time="0.028550"/>
        <testcase name="test_get_comment_reply_link_should_include_post_permalink" class="Tests_Comment_GetCommentReplyLink" classname="Tests_Comment_GetCommentReplyLink" file="/home/meng/Desktop/wptest/wordpress-develop/tests/phpunit/tests/comment/getCommentReplyLink.php" line="35" assertions="1" time="0.062693"/>
        <testcase name="test_should_return_null_when_depth_less_than_max_depth_and_comment_null_and_no_current_global_comment" class="Tests_Comment_GetCommentReplyLink" classname="Tests_Comment_GetCommentReplyLink" file="/home/meng/Desktop/wptest/wordpress-develop/tests/phpunit/tests/comment/getCommentReplyLink.php" line="73" assertions="1" time="0.028887"/>
      </testsuite>
      <testsuite name="Tests_Comment_GetCommentsPagesCount" file="/home/meng/Desktop/wptest/wordpress-develop/tests/phpunit/tests/comment/getCommentsPagesCount.php" tests="5" assertions="28" errors="0" failures="0" skipped="0" time="0.660426">
        <testcase name="test_empty" class="Tests_Comment_GetCommentsPagesCount" classname="Tests_Comment_GetCommentsPagesCount" file="/home/meng/Desktop/wptest/wordpress-develop/tests/phpunit/tests/comment/getCommentsPagesCount.php" line="40" assertions="7" time="0.069162"/>
        <testcase name="test_threaded_comments" class="Tests_Comment_GetCommentsPagesCount" classname="Tests_Comment_GetCommentsPagesCount" file="/home/meng/Desktop/wptest/wordpress-develop/tests/phpunit/tests/comment/getCommentsPagesCount.php" line="67" assertions="3" time="0.178875"/>
        <testcase name="test_option_thread_comments" class="Tests_Comment_GetCommentsPagesCount" classname="Tests_Comment_GetCommentsPagesCount" file="/home/meng/Desktop/wptest/wordpress-develop/tests/phpunit/tests/comment/getCommentsPagesCount.php" line="87" assertions="8" time="0.170843"/>
        <testcase name="test_wp_query_comments_per_page" class="Tests_Comment_GetCommentsPagesCount" classname="Tests_Comment_GetCommentsPagesCount" file="/home/meng/Desktop/wptest/wordpress-develop/tests/phpunit/tests/comment/getCommentsPagesCount.php" line="118" assertions="7" time="0.206829"/>
        <testcase name="test_max_num_comment_pages" class="Tests_Comment_GetCommentsPagesCount" classname="Tests_Comment_GetCommentsPagesCount" file="/home/meng/Desktop/wptest/wordpress-develop/tests/phpunit/tests/comment/getCommentsPagesCount.php" line="167" assertions="3" time="0.034717"/>
      </testsuite>
      <testsuite name="Tests_Comment_GetPageOfComment" file="/home/meng/Desktop/wptest/wordpress-develop/tests/phpunit/tests/comment/getPageOfComment.php" tests="15" assertions="34" errors="0" failures="0" skipped="0" time="1.432525">
        <testcase name="test_last_comment" class="Tests_Comment_GetPageOfComment" classname="Tests_Comment_GetPageOfComment" file="/home/meng/Desktop/wptest/wordpress-develop/tests/phpunit/tests/comment/getPageOfComment.php" line="9" assertions="4" time="0.117285"/>
        <testcase name="test_type_pings" class="Tests_Comment_GetPageOfComment" classname="Tests_Comment_GetPageOfComment" file="/home/meng/Desktop/wptest/wordpress-develop/tests/phpunit/tests/comment/getPageOfComment.php" line="38" assertions="3" time="0.125176"/>
        <testcase name="test_subsequent_calls_should_hit_cache" class="Tests_Comment_GetPageOfComment" classname="Tests_Comment_GetPageOfComment" file="/home/meng/Desktop/wptest/wordpress-develop/tests/phpunit/tests/comment/getPageOfComment.php" line="101" assertions="2" time="0.066168"/>
        <testcase name="test_cache_hits_should_be_sensitive_to_comment_type" class="Tests_Comment_GetPageOfComment" classname="Tests_Comment_GetPageOfComment" file="/home/meng/Desktop/wptest/wordpress-develop/tests/phpunit/tests/comment/getPageOfComment.php" line="120" assertions="3" time="0.097117"/>
        <testcase name="test_cache_should_be_invalidated_when_comment_is_approved" class="Tests_Comment_GetPageOfComment" classname="Tests_Comment_GetPageOfComment" file="/home/meng/Desktop/wptest/wordpress-develop/tests/phpunit/tests/comment/getPageOfComment.php" line="169" assertions="1" time="0.066293"/>
        <testcase name="test_cache_should_be_invalidated_when_comment_is_deleted" class="Tests_Comment_GetPageOfComment" classname="Tests_Comment_GetPageOfComment" file="/home/meng/Desktop/wptest/wordpress-develop/tests/phpunit/tests/comment/getPageOfComment.php" line="190" assertions="1" time="0.072459"/>
        <testcase name="test_cache_should_be_invalidated_when_comment_is_spammed" class="Tests_Comment_GetPageOfComment" classname="Tests_Comment_GetPageOfComment" file="/home/meng/Desktop/wptest/wordpress-develop/tests/phpunit/tests/comment/getPageOfComment.php" line="206" assertions="1" time="0.072929"/>
        <testcase name="test_cache_should_be_invalidated_when_older_comment_is_published" class="Tests_Comment_GetPageOfComment" classname="Tests_Comment_GetPageOfComment" file="/home/meng/Desktop/wptest/wordpress-develop/tests/phpunit/tests/comment/getPageOfComment.php" line="222" assertions="2" time="0.078974"/>
        <testcase name="test_query_should_be_limited_to_comments_on_the_proper_post" class="Tests_Comment_GetPageOfComment" classname="Tests_Comment_GetPageOfComment" file="/home/meng/Desktop/wptest/wordpress-develop/tests/phpunit/tests/comment/getPageOfComment.php" line="256" assertions="2" time="0.143864"/>
        <testcase name="test_only_top_level_comments_should_be_included_in_older_count" class="Tests_Comment_GetPageOfComment" classname="Tests_Comment_GetPageOfComment" file="/home/meng/Desktop/wptest/wordpress-develop/tests/phpunit/tests/comment/getPageOfComment.php" line="287" assertions="10" time="0.126780"/>
        <testcase name="test_comments_per_page_option_should_be_fallback_when_query_var_is_not_available" class="Tests_Comment_GetPageOfComment" classname="Tests_Comment_GetPageOfComment" file="/home/meng/Desktop/wptest/wordpress-develop/tests/phpunit/tests/comment/getPageOfComment.php" line="334" assertions="1" time="0.077613"/>
        <testcase name="test_should_ignore_comment_order" class="Tests_Comment_GetPageOfComment" classname="Tests_Comment_GetPageOfComment" file="/home/meng/Desktop/wptest/wordpress-develop/tests/phpunit/tests/comment/getPageOfComment.php" line="367" assertions="1" time="0.089232"/>
        <testcase name="test_should_ignore_default_comment_page" class="Tests_Comment_GetPageOfComment" classname="Tests_Comment_GetPageOfComment" file="/home/meng/Desktop/wptest/wordpress-develop/tests/phpunit/tests/comment/getPageOfComment.php" line="407" assertions="1" time="0.081159"/>
        <testcase name="test_page_number_when_unapproved_comments_are_included_for_current_commenter" class="Tests_Comment_GetPageOfComment" classname="Tests_Comment_GetPageOfComment" file="/home/meng/Desktop/wptest/wordpress-develop/tests/phpunit/tests/comment/getPageOfComment.php" line="446" assertions="1" time="0.077321"/>
        <testcase name="test_page_number_when_unapproved_comments_are_included_for_current_user" class="Tests_Comment_GetPageOfComment" classname="Tests_Comment_GetPageOfComment" file="/home/meng/Desktop/wptest/wordpress-develop/tests/phpunit/tests/comment/getPageOfComment.php" line="494" assertions="1" time="0.140156"/>
      </testsuite>
      <testsuite name="Tests_Comment_IsAvatarCommentType" file="/home/meng/Desktop/wptest/wordpress-develop/tests/phpunit/tests/comment/isAvatarCommentType.php" tests="5" assertions="7" errors="0" failures="0" skipped="0" time="0.152017">
        <testsuite name="Tests_Comment_IsAvatarCommentType::test_function" tests="4" assertions="4" errors="0" failures="0" skipped="0" time="0.121633">
          <testcase name="test_function with data set #0" class="Tests_Comment_IsAvatarCommentType" classname="Tests_Comment_IsAvatarCommentType" file="/home/meng/Desktop/wptest/wordpress-develop/tests/phpunit/tests/comment/isAvatarCommentType.php" line="26" assertions="1" time="0.032912"/>
          <testcase name="test_function with data set #1" class="Tests_Comment_IsAvatarCommentType" classname="Tests_Comment_IsAvatarCommentType" file="/home/meng/Desktop/wptest/wordpress-develop/tests/phpunit/tests/comment/isAvatarCommentType.php" line="26" assertions="1" time="0.031008"/>
          <testcase name="test_function with data set #2" class="Tests_Comment_IsAvatarCommentType" classname="Tests_Comment_IsAvatarCommentType" file="/home/meng/Desktop/wptest/wordpress-develop/tests/phpunit/tests/comment/isAvatarCommentType.php" line="26" assertions="1" time="0.028808"/>
          <testcase name="test_function with data set #3" class="Tests_Comment_IsAvatarCommentType" classname="Tests_Comment_IsAvatarCommentType" file="/home/meng/Desktop/wptest/wordpress-develop/tests/phpunit/tests/comment/isAvatarCommentType.php" line="26" assertions="1" time="0.028905"/>
        </testsuite>
        <testcase name="test_function_should_be_filterable" class="Tests_Comment_IsAvatarCommentType" classname="Tests_Comment_IsAvatarCommentType" file="/home/meng/Desktop/wptest/wordpress-develop/tests/phpunit/tests/comment/isAvatarCommentType.php" line="56" assertions="3" time="0.030384"/>
      </testsuite>
      <testsuite name="Tests_Comment_Last_Modified" file="/home/meng/Desktop/wptest/wordpress-develop/tests/phpunit/tests/comment/lastCommentModified.php" tests="9" assertions="15" errors="0" failures="0" skipped="0" time="0.314780">
        <testcase name="test_no_comments" class="Tests_Comment_Last_Modified" classname="Tests_Comment_Last_Modified" file="/home/meng/Desktop/wptest/wordpress-develop/tests/phpunit/tests/comment/lastCommentModified.php" line="8" assertions="1" time="0.030802"/>
        <testcase name="test_default_timezone" class="Tests_Comment_Last_Modified" classname="Tests_Comment_Last_Modified" file="/home/meng/Desktop/wptest/wordpress-develop/tests/phpunit/tests/comment/lastCommentModified.php" line="12" assertions="1" time="0.034802"/>
        <testcase name="test_server_timezone" class="Tests_Comment_Last_Modified" classname="Tests_Comment_Last_Modified" file="/home/meng/Desktop/wptest/wordpress-develop/tests/phpunit/tests/comment/lastCommentModified.php" line="24" assertions="1" time="0.035423"/>
        <testcase name="test_blog_timezone" class="Tests_Comment_Last_Modified" classname="Tests_Comment_Last_Modified" file="/home/meng/Desktop/wptest/wordpress-develop/tests/phpunit/tests/comment/lastCommentModified.php" line="36" assertions="1" time="0.032469"/>
        <testcase name="test_gmt_timezone" class="Tests_Comment_Last_Modified" classname="Tests_Comment_Last_Modified" file="/home/meng/Desktop/wptest/wordpress-develop/tests/phpunit/tests/comment/lastCommentModified.php" line="48" assertions="1" time="0.034675"/>
        <testcase name="test_unknown_timezone" class="Tests_Comment_Last_Modified" classname="Tests_Comment_Last_Modified" file="/home/meng/Desktop/wptest/wordpress-develop/tests/phpunit/tests/comment/lastCommentModified.php" line="60" assertions="1" time="0.034439"/>
        <testcase name="test_data_is_cached" class="Tests_Comment_Last_Modified" classname="Tests_Comment_Last_Modified" file="/home/meng/Desktop/wptest/wordpress-develop/tests/phpunit/tests/comment/lastCommentModified.php" line="72" assertions="1" time="0.033105"/>
        <testcase name="test_cache_is_cleared" class="Tests_Comment_Last_Modified" classname="Tests_Comment_Last_Modified" file="/home/meng/Desktop/wptest/wordpress-develop/tests/phpunit/tests/comment/lastCommentModified.php" line="85" assertions="4" time="0.037299"/>
        <testcase name="test_cache_is_cleared_when_comment_is_trashed" class="Tests_Comment_Last_Modified" classname="Tests_Comment_Last_Modified" file="/home/meng/Desktop/wptest/wordpress-develop/tests/phpunit/tests/comment/lastCommentModified.php" line="111" assertions="4" time="0.041766"/>
      </testsuite>
      <testsuite name="Tests_Comment_Meta_Cache" file="/home/meng/Desktop/wptest/wordpress-develop/tests/phpunit/tests/comment/metaCache.php" tests="9" assertions="23" errors="0" failures="0" skipped="0" time="0.710794">
        <testcase name="test_update_comment_meta_cache_should_default_to_true" class="Tests_Comment_Meta_Cache" classname="Tests_Comment_Meta_Cache" file="/home/meng/Desktop/wptest/wordpress-develop/tests/phpunit/tests/comment/metaCache.php" line="10" assertions="1" time="0.077840"/>
        <testcase name="test_update_comment_meta_cache_true" class="Tests_Comment_Meta_Cache" classname="Tests_Comment_Meta_Cache" file="/home/meng/Desktop/wptest/wordpress-develop/tests/phpunit/tests/comment/metaCache.php" line="40" assertions="1" time="0.081274"/>
        <testcase name="test_update_comment_meta_cache_false" class="Tests_Comment_Meta_Cache" classname="Tests_Comment_Meta_Cache" file="/home/meng/Desktop/wptest/wordpress-develop/tests/phpunit/tests/comment/metaCache.php" line="71" assertions="1" time="0.086634"/>
        <testcase name="test_comment_meta_should_be_lazy_loaded_for_all_comments_in_comments_template" class="Tests_Comment_Meta_Cache" classname="Tests_Comment_Meta_Cache" file="/home/meng/Desktop/wptest/wordpress-develop/tests/phpunit/tests/comment/metaCache.php" line="99" assertions="2" time="0.119953"/>
        <testcase name="test_comment_meta_should_be_lazy_loaded_in_comment_feed_queries" class="Tests_Comment_Meta_Cache" classname="Tests_Comment_Meta_Cache" file="/home/meng/Desktop/wptest/wordpress-develop/tests/phpunit/tests/comment/metaCache.php" line="134" assertions="6" time="0.120135"/>
        <testcase name="test_comment_meta_should_be_lazy_loaded_in_single_post_comment_feed_queries" class="Tests_Comment_Meta_Cache" classname="Tests_Comment_Meta_Cache" file="/home/meng/Desktop/wptest/wordpress-develop/tests/phpunit/tests/comment/metaCache.php" line="182" assertions="6" time="0.118751"/>
        <testcase name="test_add_metadata_sets_comments_last_changed" class="Tests_Comment_Meta_Cache" classname="Tests_Comment_Meta_Cache" file="/home/meng/Desktop/wptest/wordpress-develop/tests/phpunit/tests/comment/metaCache.php" line="231" assertions="2" time="0.034015"/>
        <testcase name="test_update_metadata_sets_comments_last_changed" class="Tests_Comment_Meta_Cache" classname="Tests_Comment_Meta_Cache" file="/home/meng/Desktop/wptest/wordpress-develop/tests/phpunit/tests/comment/metaCache.php" line="243" assertions="2" time="0.034905"/>
        <testcase name="test_delete_metadata_sets_comments_last_changed" class="Tests_Comment_Meta_Cache" classname="Tests_Comment_Meta_Cache" file="/home/meng/Desktop/wptest/wordpress-develop/tests/phpunit/tests/comment/metaCache.php" line="255" assertions="2" time="0.037287"/>
      </testsuite>
      <testsuite name="Tests_Comment_Query" file="/home/meng/Desktop/wptest/wordpress-develop/tests/phpunit/tests/comment/query.php" tests="143" assertions="241" errors="0" failures="0" skipped="0" time="8.125065">
        <testcase name="test_query" class="Tests_Comment_Query" classname="Tests_Comment_Query" file="/home/meng/Desktop/wptest/wordpress-develop/tests/phpunit/tests/comment/query.php" line="20" assertions="1" time="0.057639"/>
        <testcase name="test_query_post_id_0" class="Tests_Comment_Query" classname="Tests_Comment_Query" file="/home/meng/Desktop/wptest/wordpress-develop/tests/phpunit/tests/comment/query.php" line="66" assertions="1" time="0.035989"/>
        <testcase name="test_query_type_empty_string" class="Tests_Comment_Query" classname="Tests_Comment_Query" file="/home/meng/Desktop/wptest/wordpress-develop/tests/phpunit/tests/comment/query.php" line="88" assertions="1" time="0.059152"/>
        <testcase name="test_query_type_comment" class="Tests_Comment_Query" classname="Tests_Comment_Query" file="/home/meng/Desktop/wptest/wordpress-develop/tests/phpunit/tests/comment/query.php" line="138" assertions="1" time="0.060860"/>
        <testcase name="test_query_type_pingback" class="Tests_Comment_Query" classname="Tests_Comment_Query" file="/home/meng/Desktop/wptest/wordpress-develop/tests/phpunit/tests/comment/query.php" line="185" assertions="1" time="0.053157"/>
        <testcase name="test_query_type_trackback" class="Tests_Comment_Query" classname="Tests_Comment_Query" file="/home/meng/Desktop/wptest/wordpress-develop/tests/phpunit/tests/comment/query.php" line="226" assertions="1" time="0.053840"/>
        <testcase name="test_query_type_pings" class="Tests_Comment_Query" classname="Tests_Comment_Query" file="/home/meng/Desktop/wptest/wordpress-develop/tests/phpunit/tests/comment/query.php" line="270" assertions="1" time="0.057871"/>
        <testcase name="test_type_array_comments_and_custom" class="Tests_Comment_Query" classname="Tests_Comment_Query" file="/home/meng/Desktop/wptest/wordpress-develop/tests/phpunit/tests/comment/query.php" line="322" assertions="1" time="0.060307"/>
        <testcase name="test_type_not__in_array_custom" class="Tests_Comment_Query" classname="Tests_Comment_Query" file="/home/meng/Desktop/wptest/wordpress-develop/tests/phpunit/tests/comment/query.php" line="379" assertions="1" time="0.064214"/>
        <testcase name="test_type__in_array_and_not_type_array_custom" class="Tests_Comment_Query" classname="Tests_Comment_Query" file="/home/meng/Desktop/wptest/wordpress-develop/tests/phpunit/tests/comment/query.php" line="436" assertions="1" time="0.060994"/>
        <testcase name="test_type_array_and_type__not_in_array_custom" class="Tests_Comment_Query" classname="Tests_Comment_Query" file="/home/meng/Desktop/wptest/wordpress-develop/tests/phpunit/tests/comment/query.php" line="494" assertions="1" time="0.060405"/>
        <testcase name="test_type__not_in_custom" class="Tests_Comment_Query" classname="Tests_Comment_Query" file="/home/meng/Desktop/wptest/wordpress-develop/tests/phpunit/tests/comment/query.php" line="552" assertions="1" time="0.063445"/>
        <testcase name="test_type_array_comments_and_pings" class="Tests_Comment_Query" classname="Tests_Comment_Query" file="/home/meng/Desktop/wptest/wordpress-develop/tests/phpunit/tests/comment/query.php" line="609" assertions="1" time="0.056498"/>
        <testcase name="test_type_array_comment_pings" class="Tests_Comment_Query" classname="Tests_Comment_Query" file="/home/meng/Desktop/wptest/wordpress-develop/tests/phpunit/tests/comment/query.php" line="659" assertions="1" time="0.045300"/>
        <testcase name="test_type_array_pingback" class="Tests_Comment_Query" classname="Tests_Comment_Query" file="/home/meng/Desktop/wptest/wordpress-develop/tests/phpunit/tests/comment/query.php" line="695" assertions="1" time="0.046421"/>
        <testcase name="test_type_array_custom_pingpack" class="Tests_Comment_Query" classname="Tests_Comment_Query" file="/home/meng/Desktop/wptest/wordpress-develop/tests/phpunit/tests/comment/query.php" line="731" assertions="1" time="0.052576"/>
        <testcase name="test_type_array_pings" class="Tests_Comment_Query" classname="Tests_Comment_Query" file="/home/meng/Desktop/wptest/wordpress-develop/tests/phpunit/tests/comment/query.php" line="767" assertions="1" time="0.047776"/>
        <testcase name="test_type_status_approved_array_comment_pings" class="Tests_Comment_Query" classname="Tests_Comment_Query" file="/home/meng/Desktop/wptest/wordpress-develop/tests/phpunit/tests/comment/query.php" line="803" assertions="1" time="0.049600"/>
        <testcase name="test_type_array_trackback" class="Tests_Comment_Query" classname="Tests_Comment_Query" file="/home/meng/Desktop/wptest/wordpress-develop/tests/phpunit/tests/comment/query.php" line="847" assertions="1" time="0.046743"/>
        <testcase name="test_type_array_custom_trackback" class="Tests_Comment_Query" classname="Tests_Comment_Query" file="/home/meng/Desktop/wptest/wordpress-develop/tests/phpunit/tests/comment/query.php" line="883" assertions="1" time="0.045746"/>
        <testcase name="test_type_array_pings_approved" class="Tests_Comment_Query" classname="Tests_Comment_Query" file="/home/meng/Desktop/wptest/wordpress-develop/tests/phpunit/tests/comment/query.php" line="919" assertions="1" time="0.050925"/>
        <testcase name="test_status_empty_string" class="Tests_Comment_Query" classname="Tests_Comment_Query" file="/home/meng/Desktop/wptest/wordpress-develop/tests/phpunit/tests/comment/query.php" line="963" assertions="1" time="0.043828"/>
        <testcase name="test_status_hold" class="Tests_Comment_Query" classname="Tests_Comment_Query" file="/home/meng/Desktop/wptest/wordpress-develop/tests/phpunit/tests/comment/query.php" line="997" assertions="1" time="0.038864"/>
        <testcase name="test_status_approve" class="Tests_Comment_Query" classname="Tests_Comment_Query" file="/home/meng/Desktop/wptest/wordpress-develop/tests/phpunit/tests/comment/query.php" line="1025" assertions="1" time="0.042052"/>
        <testcase name="test_status_custom" class="Tests_Comment_Query" classname="Tests_Comment_Query" file="/home/meng/Desktop/wptest/wordpress-develop/tests/phpunit/tests/comment/query.php" line="1050" assertions="1" time="0.042338"/>
        <testcase name="test_status_all" class="Tests_Comment_Query" classname="Tests_Comment_Query" file="/home/meng/Desktop/wptest/wordpress-develop/tests/phpunit/tests/comment/query.php" line="1081" assertions="1" time="0.043682"/>
        <testcase name="test_status_default_to_all" class="Tests_Comment_Query" classname="Tests_Comment_Query" file="/home/meng/Desktop/wptest/wordpress-develop/tests/phpunit/tests/comment/query.php" line="1112" assertions="1" time="0.042702"/>
        <testcase name="test_status_comma_any" class="Tests_Comment_Query" classname="Tests_Comment_Query" file="/home/meng/Desktop/wptest/wordpress-develop/tests/phpunit/tests/comment/query.php" line="1145" assertions="1" time="0.042581"/>
        <testcase name="test_status_comma_separated" class="Tests_Comment_Query" classname="Tests_Comment_Query" file="/home/meng/Desktop/wptest/wordpress-develop/tests/phpunit/tests/comment/query.php" line="1179" assertions="1" time="0.044224"/>
        <testcase name="test_status_array" class="Tests_Comment_Query" classname="Tests_Comment_Query" file="/home/meng/Desktop/wptest/wordpress-develop/tests/phpunit/tests/comment/query.php" line="1213" assertions="1" time="0.044006"/>
        <testcase name="test_multiple_post_fields_should_all_be_respected" class="Tests_Comment_Query" classname="Tests_Comment_Query" file="/home/meng/Desktop/wptest/wordpress-develop/tests/phpunit/tests/comment/query.php" line="1247" assertions="1" time="0.098992"/>
        <testcase name="test_get_comments_for_post" class="Tests_Comment_Query" classname="Tests_Comment_Query" file="/home/meng/Desktop/wptest/wordpress-develop/tests/phpunit/tests/comment/query.php" line="1291" assertions="36" time="0.205113"/>
        <testcase name="test_orderby_meta" class="Tests_Comment_Query" classname="Tests_Comment_Query" file="/home/meng/Desktop/wptest/wordpress-develop/tests/phpunit/tests/comment/query.php" line="1351" assertions="16" time="0.068751"/>
        <testcase name="test_orderby_clause_key" class="Tests_Comment_Query" classname="Tests_Comment_Query" file="/home/meng/Desktop/wptest/wordpress-develop/tests/phpunit/tests/comment/query.php" line="1443" assertions="1" time="0.047087"/>
        <testcase name="test_orderby_clause_key_as_secondary_sort" class="Tests_Comment_Query" classname="Tests_Comment_Query" file="/home/meng/Desktop/wptest/wordpress-develop/tests/phpunit/tests/comment/query.php" line="1470" assertions="1" time="0.043853"/>
        <testcase name="test_orderby_more_than_one_clause_key" class="Tests_Comment_Query" classname="Tests_Comment_Query" file="/home/meng/Desktop/wptest/wordpress-develop/tests/phpunit/tests/comment/query.php" line="1514" assertions="1" time="0.046842"/>
        <testcase name="test_meta_query_should_work_with_comment__in" class="Tests_Comment_Query" classname="Tests_Comment_Query" file="/home/meng/Desktop/wptest/wordpress-develop/tests/phpunit/tests/comment/query.php" line="1551" assertions="1" time="0.046087"/>
        <testcase name="test_meta_query_should_work_with_comment__not_in" class="Tests_Comment_Query" classname="Tests_Comment_Query" file="/home/meng/Desktop/wptest/wordpress-develop/tests/phpunit/tests/comment/query.php" line="1577" assertions="1" time="0.044972"/>
        <testcase name="test_get_comments_by_user" class="Tests_Comment_Query" classname="Tests_Comment_Query" file="/home/meng/Desktop/wptest/wordpress-develop/tests/phpunit/tests/comment/query.php" line="1603" assertions="7" time="0.176322"/>
        <testcase name="test_get_comments_by_author_url" class="Tests_Comment_Query" classname="Tests_Comment_Query" file="/home/meng/Desktop/wptest/wordpress-develop/tests/phpunit/tests/comment/query.php" line="1657" assertions="1" time="0.047024"/>
        <testcase name="test_fields_ids_query" class="Tests_Comment_Query" classname="Tests_Comment_Query" file="/home/meng/Desktop/wptest/wordpress-develop/tests/phpunit/tests/comment/query.php" line="1696" assertions="5" time="0.049680"/>
        <testcase name="test_fields_comment__in" class="Tests_Comment_Query" classname="Tests_Comment_Query" file="/home/meng/Desktop/wptest/wordpress-develop/tests/phpunit/tests/comment/query.php" line="1732" assertions="1" time="0.046711"/>
        <testcase name="test_fields_comment__not_in" class="Tests_Comment_Query" classname="Tests_Comment_Query" file="/home/meng/Desktop/wptest/wordpress-develop/tests/phpunit/tests/comment/query.php" line="1768" assertions="1" time="0.046608"/>
        <testcase name="test_fields_post__in" class="Tests_Comment_Query" classname="Tests_Comment_Query" file="/home/meng/Desktop/wptest/wordpress-develop/tests/phpunit/tests/comment/query.php" line="1804" assertions="1" time="0.117507"/>
        <testcase name="test_fields_post__not_in" class="Tests_Comment_Query" classname="Tests_Comment_Query" file="/home/meng/Desktop/wptest/wordpress-develop/tests/phpunit/tests/comment/query.php" line="1844" assertions="1" time="0.116624"/>
        <testcase name="test_fields_post_author__in" class="Tests_Comment_Query" classname="Tests_Comment_Query" file="/home/meng/Desktop/wptest/wordpress-develop/tests/phpunit/tests/comment/query.php" line="1884" assertions="1" time="0.117257"/>
        <testcase name="test_fields_post_author__not_in" class="Tests_Comment_Query" classname="Tests_Comment_Query" file="/home/meng/Desktop/wptest/wordpress-develop/tests/phpunit/tests/comment/query.php" line="1927" assertions="1" time="0.124585"/>
        <testcase name="test_fields_author__in" class="Tests_Comment_Query" classname="Tests_Comment_Query" file="/home/meng/Desktop/wptest/wordpress-develop/tests/phpunit/tests/comment/query.php" line="1970" assertions="1" time="0.142909"/>
        <testcase name="test_fields_author__not_in" class="Tests_Comment_Query" classname="Tests_Comment_Query" file="/home/meng/Desktop/wptest/wordpress-develop/tests/phpunit/tests/comment/query.php" line="2018" assertions="1" time="0.145636"/>
        <testcase name="test_get_comments_with_status_all" class="Tests_Comment_Query" classname="Tests_Comment_Query" file="/home/meng/Desktop/wptest/wordpress-develop/tests/phpunit/tests/comment/query.php" line="2066" assertions="1" time="0.045845"/>
        <testcase name="test_get_comments_with_include_unapproved_user_id" class="Tests_Comment_Query" classname="Tests_Comment_Query" file="/home/meng/Desktop/wptest/wordpress-develop/tests/phpunit/tests/comment/query.php" line="2097" assertions="1" time="0.051568"/>
        <testcase name="test_get_comments_with_include_unapproved_user_id_array" class="Tests_Comment_Query" classname="Tests_Comment_Query" file="/home/meng/Desktop/wptest/wordpress-develop/tests/phpunit/tests/comment/query.php" line="2141" assertions="1" time="0.051588"/>
        <testcase name="test_get_comments_with_include_unapproved_user_id_comma_separated" class="Tests_Comment_Query" classname="Tests_Comment_Query" file="/home/meng/Desktop/wptest/wordpress-develop/tests/phpunit/tests/comment/query.php" line="2192" assertions="1" time="0.052207"/>
        <testcase name="test_get_comments_with_include_unapproved_author_email" class="Tests_Comment_Query" classname="Tests_Comment_Query" file="/home/meng/Desktop/wptest/wordpress-develop/tests/phpunit/tests/comment/query.php" line="2243" assertions="1" time="0.053102"/>
        <testcase name="test_get_comments_with_include_unapproved_mixed_array" class="Tests_Comment_Query" classname="Tests_Comment_Query" file="/home/meng/Desktop/wptest/wordpress-develop/tests/phpunit/tests/comment/query.php" line="2293" assertions="1" time="0.050181"/>
        <testcase name="test_get_comments_with_include_unapproved_mixed_comma_separated" class="Tests_Comment_Query" classname="Tests_Comment_Query" file="/home/meng/Desktop/wptest/wordpress-develop/tests/phpunit/tests/comment/query.php" line="2352" assertions="1" time="0.054678"/>
        <testcase name="test_search" class="Tests_Comment_Query" classname="Tests_Comment_Query" file="/home/meng/Desktop/wptest/wordpress-develop/tests/phpunit/tests/comment/query.php" line="2408" assertions="1" time="0.051969"/>
        <testcase name="test_search_false_should_be_ignored" class="Tests_Comment_Query" classname="Tests_Comment_Query" file="/home/meng/Desktop/wptest/wordpress-develop/tests/phpunit/tests/comment/query.php" line="2484" assertions="1" time="0.030010"/>
        <testcase name="test_search_null_should_be_ignored" class="Tests_Comment_Query" classname="Tests_Comment_Query" file="/home/meng/Desktop/wptest/wordpress-develop/tests/phpunit/tests/comment/query.php" line="2497" assertions="1" time="0.030542"/>
        <testcase name="test_search_empty_string_should_be_ignored" class="Tests_Comment_Query" classname="Tests_Comment_Query" file="/home/meng/Desktop/wptest/wordpress-develop/tests/phpunit/tests/comment/query.php" line="2510" assertions="1" time="0.032022"/>
        <testcase name="test_search_int_0_should_not_be_ignored" class="Tests_Comment_Query" classname="Tests_Comment_Query" file="/home/meng/Desktop/wptest/wordpress-develop/tests/phpunit/tests/comment/query.php" line="2523" assertions="1" time="0.030807"/>
        <testcase name="test_search_string_0_should_not_be_ignored" class="Tests_Comment_Query" classname="Tests_Comment_Query" file="/home/meng/Desktop/wptest/wordpress-develop/tests/phpunit/tests/comment/query.php" line="2537" assertions="1" time="0.030508"/>
        <testcase name="test_orderby_default" class="Tests_Comment_Query" classname="Tests_Comment_Query" file="/home/meng/Desktop/wptest/wordpress-develop/tests/phpunit/tests/comment/query.php" line="2548" assertions="1" time="0.029264"/>
        <testcase name="test_orderby_single" class="Tests_Comment_Query" classname="Tests_Comment_Query" file="/home/meng/Desktop/wptest/wordpress-develop/tests/phpunit/tests/comment/query.php" line="2557" assertions="1" time="0.029621"/>
        <testcase name="test_orderby_single_invalid" class="Tests_Comment_Query" classname="Tests_Comment_Query" file="/home/meng/Desktop/wptest/wordpress-develop/tests/phpunit/tests/comment/query.php" line="2570" assertions="1" time="0.030357"/>
        <testcase name="test_orderby_space_separated" class="Tests_Comment_Query" classname="Tests_Comment_Query" file="/home/meng/Desktop/wptest/wordpress-develop/tests/phpunit/tests/comment/query.php" line="2583" assertions="1" time="0.033008"/>
        <testcase name="test_orderby_comma_separated" class="Tests_Comment_Query" classname="Tests_Comment_Query" file="/home/meng/Desktop/wptest/wordpress-develop/tests/phpunit/tests/comment/query.php" line="2596" assertions="1" time="0.032310"/>
        <testcase name="test_orderby_flat_array" class="Tests_Comment_Query" classname="Tests_Comment_Query" file="/home/meng/Desktop/wptest/wordpress-develop/tests/phpunit/tests/comment/query.php" line="2609" assertions="1" time="0.031278"/>
        <testcase name="test_orderby_array_contains_invalid_item" class="Tests_Comment_Query" classname="Tests_Comment_Query" file="/home/meng/Desktop/wptest/wordpress-develop/tests/phpunit/tests/comment/query.php" line="2622" assertions="1" time="0.030015"/>
        <testcase name="test_orderby_array_contains_all_invalid_items" class="Tests_Comment_Query" classname="Tests_Comment_Query" file="/home/meng/Desktop/wptest/wordpress-develop/tests/phpunit/tests/comment/query.php" line="2635" assertions="1" time="0.030628"/>
        <testcase name="test_orderby_none" class="Tests_Comment_Query" classname="Tests_Comment_Query" file="/home/meng/Desktop/wptest/wordpress-develop/tests/phpunit/tests/comment/query.php" line="2651" assertions="1" time="0.030518"/>
        <testcase name="test_orderby_empty_array" class="Tests_Comment_Query" classname="Tests_Comment_Query" file="/home/meng/Desktop/wptest/wordpress-develop/tests/phpunit/tests/comment/query.php" line="2665" assertions="1" time="0.030215"/>
        <testcase name="test_orderby_false" class="Tests_Comment_Query" classname="Tests_Comment_Query" file="/home/meng/Desktop/wptest/wordpress-develop/tests/phpunit/tests/comment/query.php" line="2679" assertions="1" time="0.029105"/>
        <testcase name="test_orderby_array" class="Tests_Comment_Query" classname="Tests_Comment_Query" file="/home/meng/Desktop/wptest/wordpress-develop/tests/phpunit/tests/comment/query.php" line="2693" assertions="1" time="0.029833"/>
        <testcase name="test_orderby_array_should_discard_invalid_columns" class="Tests_Comment_Query" classname="Tests_Comment_Query" file="/home/meng/Desktop/wptest/wordpress-develop/tests/phpunit/tests/comment/query.php" line="2714" assertions="1" time="0.030111"/>
        <testcase name="test_orderby_array_should_convert_invalid_order_to_DESC" class="Tests_Comment_Query" classname="Tests_Comment_Query" file="/home/meng/Desktop/wptest/wordpress-develop/tests/phpunit/tests/comment/query.php" line="2735" assertions="1" time="0.030185"/>
        <testcase name="test_orderby_array_should_sort_by_comment_ID_as_fallback_and_should_inherit_order_from_comment_date_gmt" class="Tests_Comment_Query" classname="Tests_Comment_Query" file="/home/meng/Desktop/wptest/wordpress-develop/tests/phpunit/tests/comment/query.php" line="2756" assertions="1" time="0.031237"/>
        <testcase name="test_orderby_array_should_sort_by_comment_ID_as_fallback_and_should_inherit_order_from_comment_date" class="Tests_Comment_Query" classname="Tests_Comment_Query" file="/home/meng/Desktop/wptest/wordpress-develop/tests/phpunit/tests/comment/query.php" line="2776" assertions="1" time="0.029741"/>
        <testcase name="test_orderby_array_should_sort_by_comment_ID_DESC_as_fallback_when_not_sorted_by_date" class="Tests_Comment_Query" classname="Tests_Comment_Query" file="/home/meng/Desktop/wptest/wordpress-develop/tests/phpunit/tests/comment/query.php" line="2796" assertions="1" time="0.030863"/>
        <testcase name="test_orderby_date_modified_gmt_should_order_by_comment_ID_in_case_of_tie_ASC" class="Tests_Comment_Query" classname="Tests_Comment_Query" file="/home/meng/Desktop/wptest/wordpress-develop/tests/phpunit/tests/comment/query.php" line="2815" assertions="1" time="0.061161"/>
        <testcase name="test_orderby_date_modified_gmt_should_order_by_comment_ID_in_case_of_tie_DESC" class="Tests_Comment_Query" classname="Tests_Comment_Query" file="/home/meng/Desktop/wptest/wordpress-develop/tests/phpunit/tests/comment/query.php" line="2840" assertions="1" time="0.059279"/>
        <testcase name="test_meta_vars_should_be_converted_to_meta_query" class="Tests_Comment_Query" classname="Tests_Comment_Query" file="/home/meng/Desktop/wptest/wordpress-develop/tests/phpunit/tests/comment/query.php" line="2864" assertions="4" time="0.030889"/>
        <testcase name="test_count" class="Tests_Comment_Query" classname="Tests_Comment_Query" file="/home/meng/Desktop/wptest/wordpress-develop/tests/phpunit/tests/comment/query.php" line="2881" assertions="1" time="0.044777"/>
        <testcase name="test_count_with_meta_query" class="Tests_Comment_Query" classname="Tests_Comment_Query" file="/home/meng/Desktop/wptest/wordpress-develop/tests/phpunit/tests/comment/query.php" line="2908" assertions="1" time="0.049976"/>
        <testcase name="test_paged" class="Tests_Comment_Query" classname="Tests_Comment_Query" file="/home/meng/Desktop/wptest/wordpress-develop/tests/phpunit/tests/comment/query.php" line="2949" assertions="1" time="0.055474"/>
        <testcase name="test_offset_should_take_precedence_over_paged" class="Tests_Comment_Query" classname="Tests_Comment_Query" file="/home/meng/Desktop/wptest/wordpress-develop/tests/phpunit/tests/comment/query.php" line="2995" assertions="1" time="0.050848"/>
        <testcase name="test_post_type_single_value" class="Tests_Comment_Query" classname="Tests_Comment_Query" file="/home/meng/Desktop/wptest/wordpress-develop/tests/phpunit/tests/comment/query.php" line="3040" assertions="1" time="0.075764"/>
        <testcase name="test_post_type_singleton_array" class="Tests_Comment_Query" classname="Tests_Comment_Query" file="/home/meng/Desktop/wptest/wordpress-develop/tests/phpunit/tests/comment/query.php" line="3067" assertions="1" time="0.078171"/>
        <testcase name="test_post_type_array" class="Tests_Comment_Query" classname="Tests_Comment_Query" file="/home/meng/Desktop/wptest/wordpress-develop/tests/phpunit/tests/comment/query.php" line="3094" assertions="1" time="0.093507"/>
        <testcase name="test_post_name_single_value" class="Tests_Comment_Query" classname="Tests_Comment_Query" file="/home/meng/Desktop/wptest/wordpress-develop/tests/phpunit/tests/comment/query.php" line="3118" assertions="1" time="0.099865"/>
        <testcase name="test_post_name_singleton_array" class="Tests_Comment_Query" classname="Tests_Comment_Query" file="/home/meng/Desktop/wptest/wordpress-develop/tests/phpunit/tests/comment/query.php" line="3139" assertions="1" time="0.097356"/>
        <testcase name="test_post_name_array" class="Tests_Comment_Query" classname="Tests_Comment_Query" file="/home/meng/Desktop/wptest/wordpress-develop/tests/phpunit/tests/comment/query.php" line="3160" assertions="1" time="0.121258"/>
        <testcase name="test_post_status_single_value" class="Tests_Comment_Query" classname="Tests_Comment_Query" file="/home/meng/Desktop/wptest/wordpress-develop/tests/phpunit/tests/comment/query.php" line="3180" assertions="1" time="0.081401"/>
        <testcase name="test_post_status_singleton_array" class="Tests_Comment_Query" classname="Tests_Comment_Query" file="/home/meng/Desktop/wptest/wordpress-develop/tests/phpunit/tests/comment/query.php" line="3201" assertions="1" time="0.083488"/>
        <testcase name="test_post_status_array" class="Tests_Comment_Query" classname="Tests_Comment_Query" file="/home/meng/Desktop/wptest/wordpress-develop/tests/phpunit/tests/comment/query.php" line="3222" assertions="1" time="0.114549"/>
        <testcase name="test_post_type_any_should_override_other_post_types" class="Tests_Comment_Query" classname="Tests_Comment_Query" file="/home/meng/Desktop/wptest/wordpress-develop/tests/phpunit/tests/comment/query.php" line="3245" assertions="1" time="0.071717"/>
        <testcase name="test_post_type_any_as_part_of_an_array_of_post_types" class="Tests_Comment_Query" classname="Tests_Comment_Query" file="/home/meng/Desktop/wptest/wordpress-develop/tests/phpunit/tests/comment/query.php" line="3268" assertions="1" time="0.081175"/>
        <testcase name="test_post_status_any_should_override_other_post_statuses" class="Tests_Comment_Query" classname="Tests_Comment_Query" file="/home/meng/Desktop/wptest/wordpress-develop/tests/phpunit/tests/comment/query.php" line="3291" assertions="1" time="0.080323"/>
        <testcase name="test_post_status_any_as_part_of_an_array_of_post_statuses" class="Tests_Comment_Query" classname="Tests_Comment_Query" file="/home/meng/Desktop/wptest/wordpress-develop/tests/phpunit/tests/comment/query.php" line="3311" assertions="1" time="0.081731"/>
        <testcase name="test_comment_query_object" class="Tests_Comment_Query" classname="Tests_Comment_Query" file="/home/meng/Desktop/wptest/wordpress-develop/tests/phpunit/tests/comment/query.php" line="3331" assertions="8" time="0.050580"/>
        <testcase name="test_comment_cache_key_should_ignore_custom_params" class="Tests_Comment_Query" classname="Tests_Comment_Query" file="/home/meng/Desktop/wptest/wordpress-develop/tests/phpunit/tests/comment/query.php" line="3351" assertions="1" time="0.063865"/>
        <testcase name="test_cache_should_be_sensitive_to_parent__in" class="Tests_Comment_Query" classname="Tests_Comment_Query" file="/home/meng/Desktop/wptest/wordpress-develop/tests/phpunit/tests/comment/query.php" line="3382" assertions="1" time="0.030645"/>
        <testcase name="test_cache_should_be_sensitive_to_parent__not_in" class="Tests_Comment_Query" classname="Tests_Comment_Query" file="/home/meng/Desktop/wptest/wordpress-develop/tests/phpunit/tests/comment/query.php" line="3405" assertions="1" time="0.032590"/>
        <testcase name="test_it_should_be_possible_to_modify_meta_query_using_pre_get_comments_action" class="Tests_Comment_Query" classname="Tests_Comment_Query" file="/home/meng/Desktop/wptest/wordpress-develop/tests/phpunit/tests/comment/query.php" line="3428" assertions="1" time="0.044372"/>
        <testcase name="test_it_should_be_possible_to_modify_meta_params_using_pre_get_comments_action" class="Tests_Comment_Query" classname="Tests_Comment_Query" file="/home/meng/Desktop/wptest/wordpress-develop/tests/phpunit/tests/comment/query.php" line="3466" assertions="1" time="0.044171"/>
        <testcase name="test_parent__in" class="Tests_Comment_Query" classname="Tests_Comment_Query" file="/home/meng/Desktop/wptest/wordpress-develop/tests/phpunit/tests/comment/query.php" line="3498" assertions="1" time="0.040627"/>
        <testcase name="test_parent__in_commas" class="Tests_Comment_Query" classname="Tests_Comment_Query" file="/home/meng/Desktop/wptest/wordpress-develop/tests/phpunit/tests/comment/query.php" line="3527" assertions="1" time="0.050914"/>
        <testcase name="test_parent__not_in" class="Tests_Comment_Query" classname="Tests_Comment_Query" file="/home/meng/Desktop/wptest/wordpress-develop/tests/phpunit/tests/comment/query.php" line="3569" assertions="1" time="0.042100"/>
        <testcase name="test_parent__not_in_commas" class="Tests_Comment_Query" classname="Tests_Comment_Query" file="/home/meng/Desktop/wptest/wordpress-develop/tests/phpunit/tests/comment/query.php" line="3599" assertions="1" time="0.051029"/>
        <testcase name="test_orderby_comment__in" class="Tests_Comment_Query" classname="Tests_Comment_Query" file="/home/meng/Desktop/wptest/wordpress-develop/tests/phpunit/tests/comment/query.php" line="3642" assertions="1" time="0.055701"/>
        <testcase name="test_no_found_rows_should_default_to_true" class="Tests_Comment_Query" classname="Tests_Comment_Query" file="/home/meng/Desktop/wptest/wordpress-develop/tests/phpunit/tests/comment/query.php" line="3685" assertions="2" time="0.046730"/>
        <testcase name="test_should_respect_no_found_rows_true" class="Tests_Comment_Query" classname="Tests_Comment_Query" file="/home/meng/Desktop/wptest/wordpress-develop/tests/phpunit/tests/comment/query.php" line="3702" assertions="2" time="0.044804"/>
        <testcase name="test_should_respect_no_found_rows_false" class="Tests_Comment_Query" classname="Tests_Comment_Query" file="/home/meng/Desktop/wptest/wordpress-develop/tests/phpunit/tests/comment/query.php" line="3720" assertions="2" time="0.048012"/>
        <testcase name="test_found_rows_should_be_fetched_from_the_cache" class="Tests_Comment_Query" classname="Tests_Comment_Query" file="/home/meng/Desktop/wptest/wordpress-develop/tests/phpunit/tests/comment/query.php" line="3738" assertions="2" time="0.046971"/>
        <testcase name="test_hierarchical_should_skip_child_comments_in_offset" class="Tests_Comment_Query" classname="Tests_Comment_Query" file="/home/meng/Desktop/wptest/wordpress-develop/tests/phpunit/tests/comment/query.php" line="3765" assertions="1" time="0.060619"/>
        <testcase name="test_hierarchical_should_not_include_child_comments_in_number" class="Tests_Comment_Query" classname="Tests_Comment_Query" file="/home/meng/Desktop/wptest/wordpress-develop/tests/phpunit/tests/comment/query.php" line="3807" assertions="1" time="0.060462"/>
        <testcase name="test_hierarchical_threaded" class="Tests_Comment_Query" classname="Tests_Comment_Query" file="/home/meng/Desktop/wptest/wordpress-develop/tests/phpunit/tests/comment/query.php" line="3847" assertions="4" time="0.067646"/>
        <testcase name="test_hierarchical_threaded_approved" class="Tests_Comment_Query" classname="Tests_Comment_Query" file="/home/meng/Desktop/wptest/wordpress-develop/tests/phpunit/tests/comment/query.php" line="3925" assertions="3" time="0.067018"/>
        <testcase name="test_comment_clauses_prepend_callback_should_be_respected_when_filling_descendants" class="Tests_Comment_Query" classname="Tests_Comment_Query" file="/home/meng/Desktop/wptest/wordpress-develop/tests/phpunit/tests/comment/query.php" line="4001" assertions="1" time="0.068764"/>
        <testcase name="test_comment_clauses_append_callback_should_be_respected_when_filling_descendants" class="Tests_Comment_Query" classname="Tests_Comment_Query" file="/home/meng/Desktop/wptest/wordpress-develop/tests/phpunit/tests/comment/query.php" line="4058" assertions="1" time="0.067327"/>
        <testcase name="test_cache_should_be_hit_when_querying_descendants" class="Tests_Comment_Query" classname="Tests_Comment_Query" file="/home/meng/Desktop/wptest/wordpress-develop/tests/phpunit/tests/comment/query.php" line="4115" assertions="2" time="0.081910"/>
        <testcase name="test_hierarchy_should_be_filled_when_cache_is_incomplete" class="Tests_Comment_Query" classname="Tests_Comment_Query" file="/home/meng/Desktop/wptest/wordpress-develop/tests/phpunit/tests/comment/query.php" line="4171" assertions="2" time="0.082257"/>
        <testcase name="test_fill_hierarchy_should_disregard_offset_and_number" class="Tests_Comment_Query" classname="Tests_Comment_Query" file="/home/meng/Desktop/wptest/wordpress-develop/tests/phpunit/tests/comment/query.php" line="4233" assertions="2" time="0.064810"/>
        <testcase name="test_update_comment_post_cache_should_be_disabled_by_default" class="Tests_Comment_Query" classname="Tests_Comment_Query" file="/home/meng/Desktop/wptest/wordpress-develop/tests/phpunit/tests/comment/query.php" line="4300" assertions="2" time="0.064027"/>
        <testcase name="test_should_respect_update_comment_post_cache_true" class="Tests_Comment_Query" classname="Tests_Comment_Query" file="/home/meng/Desktop/wptest/wordpress-develop/tests/phpunit/tests/comment/query.php" line="4320" assertions="2" time="0.066931"/>
        <testcase name="test_comment_objects_should_be_filled_from_cache" class="Tests_Comment_Query" classname="Tests_Comment_Query" file="/home/meng/Desktop/wptest/wordpress-develop/tests/phpunit/tests/comment/query.php" line="4341" assertions="2" time="0.048534"/>
        <testcase name="test_comment_objects_should_be_fetched_from_database_when_suspend_cache_addition" class="Tests_Comment_Query" classname="Tests_Comment_Query" file="/home/meng/Desktop/wptest/wordpress-develop/tests/phpunit/tests/comment/query.php" line="4369" assertions="1" time="0.039357"/>
        <testcase name="test_comment_query_should_be_cached" class="Tests_Comment_Query" classname="Tests_Comment_Query" file="/home/meng/Desktop/wptest/wordpress-develop/tests/phpunit/tests/comment/query.php" line="4387" assertions="1" time="0.035978"/>
        <testcase name="test_created_comment_should_invalidate_query_cache" class="Tests_Comment_Query" classname="Tests_Comment_Query" file="/home/meng/Desktop/wptest/wordpress-develop/tests/phpunit/tests/comment/query.php" line="4417" assertions="2" time="0.038776"/>
        <testcase name="test_updated_comment_should_invalidate_query_cache" class="Tests_Comment_Query" classname="Tests_Comment_Query" file="/home/meng/Desktop/wptest/wordpress-develop/tests/phpunit/tests/comment/query.php" line="4447" assertions="2" time="0.043304"/>
        <testcase name="test_deleted_comment_should_invalidate_query_cache" class="Tests_Comment_Query" classname="Tests_Comment_Query" file="/home/meng/Desktop/wptest/wordpress-develop/tests/phpunit/tests/comment/query.php" line="4487" assertions="2" time="0.047756"/>
        <testcase name="test_trashed_comment_should_invalidate_query_cache" class="Tests_Comment_Query" classname="Tests_Comment_Query" file="/home/meng/Desktop/wptest/wordpress-develop/tests/phpunit/tests/comment/query.php" line="4520" assertions="2" time="0.043852"/>
        <testcase name="test_untrashed_comment_should_invalidate_query_cache" class="Tests_Comment_Query" classname="Tests_Comment_Query" file="/home/meng/Desktop/wptest/wordpress-develop/tests/phpunit/tests/comment/query.php" line="4553" assertions="2" time="0.048884"/>
        <testcase name="test_spammed_comment_should_invalidate_query_cache" class="Tests_Comment_Query" classname="Tests_Comment_Query" file="/home/meng/Desktop/wptest/wordpress-develop/tests/phpunit/tests/comment/query.php" line="4588" assertions="2" time="0.046941"/>
        <testcase name="test_unspammed_comment_should_invalidate_query_cache" class="Tests_Comment_Query" classname="Tests_Comment_Query" file="/home/meng/Desktop/wptest/wordpress-develop/tests/phpunit/tests/comment/query.php" line="4621" assertions="2" time="0.055476"/>
        <testcase name="test_count_query_should_miss_noncount_cache" class="Tests_Comment_Query" classname="Tests_Comment_Query" file="/home/meng/Desktop/wptest/wordpress-develop/tests/phpunit/tests/comment/query.php" line="4659" assertions="1" time="0.031227"/>
        <testcase name="test_count_query_should_hit_count_cache" class="Tests_Comment_Query" classname="Tests_Comment_Query" file="/home/meng/Desktop/wptest/wordpress-develop/tests/phpunit/tests/comment/query.php" line="4688" assertions="1" time="0.031471"/>
        <testcase name="test_different_values_of_fields_should_share_cached_values" class="Tests_Comment_Query" classname="Tests_Comment_Query" file="/home/meng/Desktop/wptest/wordpress-develop/tests/phpunit/tests/comment/query.php" line="4717" assertions="1" time="0.030471"/>
        <testcase name="test_add_comment_meta_should_invalidate_query_cache" class="Tests_Comment_Query" classname="Tests_Comment_Query" file="/home/meng/Desktop/wptest/wordpress-develop/tests/phpunit/tests/comment/query.php" line="4745" assertions="2" time="0.073947"/>
        <testcase name="test_update_comment_meta_should_invalidate_query_cache" class="Tests_Comment_Query" classname="Tests_Comment_Query" file="/home/meng/Desktop/wptest/wordpress-develop/tests/phpunit/tests/comment/query.php" line="4794" assertions="2" time="0.075224"/>
        <testcase name="test_delete_comment_meta_should_invalidate_query_cache" class="Tests_Comment_Query" classname="Tests_Comment_Query" file="/home/meng/Desktop/wptest/wordpress-develop/tests/phpunit/tests/comment/query.php" line="4843" assertions="2" time="0.077010"/>
        <testcase name="test_comments_pre_query_filter_should_bypass_database_query" class="Tests_Comment_Query" classname="Tests_Comment_Query" file="/home/meng/Desktop/wptest/wordpress-develop/tests/phpunit/tests/comment/query.php" line="4892" assertions="3" time="0.031119"/>
        <testcase name="test_comments_pre_query_filter_should_set_comments_property" class="Tests_Comment_Query" classname="Tests_Comment_Query" file="/home/meng/Desktop/wptest/wordpress-develop/tests/phpunit/tests/comment/query.php" line="4923" assertions="2" time="0.038538"/>
      </testsuite>
      <testsuite name="Tests_Comment_Slashes" file="/home/meng/Desktop/wptest/wordpress-develop/tests/phpunit/tests/comment/slashes.php" tests="4" assertions="16" errors="0" failures="0" skipped="0" time="0.205733">
        <testcase name="test_wp_new_comment" class="Tests_Comment_Slashes" classname="Tests_Comment_Slashes" file="/home/meng/Desktop/wptest/wordpress-develop/tests/phpunit/tests/comment/slashes.php" line="37" assertions="4" time="0.055143"/>
        <testcase name="test_edit_comment" class="Tests_Comment_Slashes" classname="Tests_Comment_Slashes" file="/home/meng/Desktop/wptest/wordpress-develop/tests/phpunit/tests/comment/slashes.php" line="76" assertions="4" time="0.055770"/>
        <testcase name="test_wp_insert_comment" class="Tests_Comment_Slashes" classname="Tests_Comment_Slashes" file="/home/meng/Desktop/wptest/wordpress-develop/tests/phpunit/tests/comment/slashes.php" line="122" assertions="4" time="0.041975"/>
        <testcase name="test_wp_update_comment" class="Tests_Comment_Slashes" classname="Tests_Comment_Slashes" file="/home/meng/Desktop/wptest/wordpress-develop/tests/phpunit/tests/comment/slashes.php" line="153" assertions="4" time="0.052845"/>
      </testsuite>
      <testsuite name="Tests_Comment_Template" file="/home/meng/Desktop/wptest/wordpress-develop/tests/phpunit/tests/comment/template.php" tests="16" assertions="24" errors="0" failures="0" skipped="0" time="1.423312">
        <testcase name="test_get_comments_number" class="Tests_Comment_Template" classname="Tests_Comment_Template" file="/home/meng/Desktop/wptest/wordpress-develop/tests/phpunit/tests/comment/template.php" line="7" assertions="5" time="0.137114"/>
        <testcase name="test_get_comments_number_without_arg" class="Tests_Comment_Template" classname="Tests_Comment_Template" file="/home/meng/Desktop/wptest/wordpress-develop/tests/phpunit/tests/comment/template.php" line="20" assertions="2" time="0.136899"/>
        <testcase name="test_get_comments_number_text_with_post_id" class="Tests_Comment_Template" classname="Tests_Comment_Template" file="/home/meng/Desktop/wptest/wordpress-develop/tests/phpunit/tests/comment/template.php" line="36" assertions="2" time="0.088242"/>
        <testcase name="test_get_comments_number_text_declension_with_default_args" class="Tests_Comment_Template" classname="Tests_Comment_Template" file="/home/meng/Desktop/wptest/wordpress-develop/tests/phpunit/tests/comment/template.php" line="55" assertions="3" time="0.089731"/>
        <testsuite name="Tests_Comment_Template::test_get_comments_number_text_declension_with_custom_args" tests="12" assertions="12" errors="0" failures="0" skipped="0" time="0.971326">
          <testcase name="test_get_comments_number_text_declension_with_custom_args with data set #0" class="Tests_Comment_Template" classname="Tests_Comment_Template" file="/home/meng/Desktop/wptest/wordpress-develop/tests/phpunit/tests/comment/template.php" line="78" assertions="1" time="0.085050"/>
          <testcase name="test_get_comments_number_text_declension_with_custom_args with data set #1" class="Tests_Comment_Template" classname="Tests_Comment_Template" file="/home/meng/Desktop/wptest/wordpress-develop/tests/phpunit/tests/comment/template.php" line="78" assertions="1" time="0.081168"/>
          <testcase name="test_get_comments_number_text_declension_with_custom_args with data set #2" class="Tests_Comment_Template" classname="Tests_Comment_Template" file="/home/meng/Desktop/wptest/wordpress-develop/tests/phpunit/tests/comment/template.php" line="78" assertions="1" time="0.080922"/>
          <testcase name="test_get_comments_number_text_declension_with_custom_args with data set #3" class="Tests_Comment_Template" classname="Tests_Comment_Template" file="/home/meng/Desktop/wptest/wordpress-develop/tests/phpunit/tests/comment/template.php" line="78" assertions="1" time="0.076794"/>
          <testcase name="test_get_comments_number_text_declension_with_custom_args with data set #4" class="Tests_Comment_Template" classname="Tests_Comment_Template" file="/home/meng/Desktop/wptest/wordpress-develop/tests/phpunit/tests/comment/template.php" line="78" assertions="1" time="0.080055"/>
          <testcase name="test_get_comments_number_text_declension_with_custom_args with data set #5" class="Tests_Comment_Template" classname="Tests_Comment_Template" file="/home/meng/Desktop/wptest/wordpress-develop/tests/phpunit/tests/comment/template.php" line="78" assertions="1" time="0.082052"/>
          <testcase name="test_get_comments_number_text_declension_with_custom_args with data set #6" class="Tests_Comment_Template" classname="Tests_Comment_Template" file="/home/meng/Desktop/wptest/wordpress-develop/tests/phpunit/tests/comment/template.php" line="78" assertions="1" time="0.077026"/>
          <testcase name="test_get_comments_number_text_declension_with_custom_args with data set #7" class="Tests_Comment_Template" classname="Tests_Comment_Template" file="/home/meng/Desktop/wptest/wordpress-develop/tests/phpunit/tests/comment/template.php" line="78" assertions="1" time="0.079410"/>
          <testcase name="test_get_comments_number_text_declension_with_custom_args with data set #8" class="Tests_Comment_Template" classname="Tests_Comment_Template" file="/home/meng/Desktop/wptest/wordpress-develop/tests/phpunit/tests/comment/template.php" line="78" assertions="1" time="0.081634"/>
          <testcase name="test_get_comments_number_text_declension_with_custom_args with data set #9" class="Tests_Comment_Template" classname="Tests_Comment_Template" file="/home/meng/Desktop/wptest/wordpress-develop/tests/phpunit/tests/comment/template.php" line="78" assertions="1" time="0.077688"/>
          <testcase name="test_get_comments_number_text_declension_with_custom_args with data set #10" class="Tests_Comment_Template" classname="Tests_Comment_Template" file="/home/meng/Desktop/wptest/wordpress-develop/tests/phpunit/tests/comment/template.php" line="78" assertions="1" time="0.084980"/>
          <testcase name="test_get_comments_number_text_declension_with_custom_args with data set #11" class="Tests_Comment_Template" classname="Tests_Comment_Template" file="/home/meng/Desktop/wptest/wordpress-develop/tests/phpunit/tests/comment/template.php" line="78" assertions="1" time="0.084547"/>
        </testsuite>
      </testsuite>
      <testsuite name="Tests_Comment_Walker" file="/home/meng/Desktop/wptest/wordpress-develop/tests/phpunit/tests/comment/walker.php" tests="1" assertions="8" errors="0" failures="0" skipped="0" time="0.072629">
        <testcase name="test_has_children" class="Tests_Comment_Walker" classname="Tests_Comment_Walker" file="/home/meng/Desktop/wptest/wordpress-develop/tests/phpunit/tests/comment/walker.php" line="17" assertions="8" time="0.072629"/>
      </testsuite>
      <testsuite name="Tests_Comment_WpAllowComment" file="/home/meng/Desktop/wptest/wordpress-develop/tests/phpunit/tests/comment/wpAllowComment.php" tests="2" assertions="2" errors="0" failures="0" skipped="0" time="0.070261">
        <testcase name="test_allow_comment_if_comment_author_emails_differ" class="Tests_Comment_WpAllowComment" classname="Tests_Comment_WpAllowComment" file="/home/meng/Desktop/wptest/wordpress-develop/tests/phpunit/tests/comment/wpAllowComment.php" line="33" assertions="1" time="0.037510"/>
        <testcase name="test_die_as_duplicate_if_comment_author_name_and_emails_match" class="Tests_Comment_WpAllowComment" classname="Tests_Comment_WpAllowComment" file="/home/meng/Desktop/wptest/wordpress-develop/tests/phpunit/tests/comment/wpAllowComment.php" line="53" assertions="1" time="0.032751"/>
      </testsuite>
      <testsuite name="Tests_Batch_Update_Comment_Type" file="/home/meng/Desktop/wptest/wordpress-develop/tests/phpunit/tests/comment/wpBatchUpdateCommentType.php" tests="1" assertions="6" errors="0" failures="0" skipped="0" time="0.054361">
        <testcase name="test__wp_batch_update_comment_type" class="Tests_Batch_Update_Comment_Type" classname="Tests_Batch_Update_Comment_Type" file="/home/meng/Desktop/wptest/wordpress-develop/tests/phpunit/tests/comment/wpBatchUpdateCommentType.php" line="12" assertions="6" time="0.054361"/>
      </testsuite>
      <testsuite name="Tests_WP_Blocklist_Check" file="/home/meng/Desktop/wptest/wordpress-develop/tests/phpunit/tests/comment/wpBlacklistCheck.php" tests="6" assertions="6" errors="0" failures="0" skipped="0" time="0.202623">
        <testcase name="test_should_return_true_when_content_matches_disallowed_keys" class="Tests_WP_Blocklist_Check" classname="Tests_WP_Blocklist_Check" file="/home/meng/Desktop/wptest/wordpress-develop/tests/phpunit/tests/comment/wpBlacklistCheck.php" line="8" assertions="1" time="0.034460"/>
        <testcase name="test_should_return_true_when_content_with_html_matches_disallowed_keys" class="Tests_WP_Blocklist_Check" classname="Tests_WP_Blocklist_Check" file="/home/meng/Desktop/wptest/wordpress-develop/tests/phpunit/tests/comment/wpBlacklistCheck.php" line="26" assertions="1" time="0.032851"/>
        <testcase name="test_should_return_true_when_author_matches_disallowed_keys" class="Tests_WP_Blocklist_Check" classname="Tests_WP_Blocklist_Check" file="/home/meng/Desktop/wptest/wordpress-develop/tests/phpunit/tests/comment/wpBlacklistCheck.php" line="41" assertions="1" time="0.034040"/>
        <testcase name="test_should_return_true_when_url_matches_disallowed_keys" class="Tests_WP_Blocklist_Check" classname="Tests_WP_Blocklist_Check" file="/home/meng/Desktop/wptest/wordpress-develop/tests/phpunit/tests/comment/wpBlacklistCheck.php" line="56" assertions="1" time="0.032802"/>
        <testcase name="test_should_return_true_when_link_matches_disallowed_keys" class="Tests_WP_Blocklist_Check" classname="Tests_WP_Blocklist_Check" file="/home/meng/Desktop/wptest/wordpress-develop/tests/phpunit/tests/comment/wpBlacklistCheck.php" line="74" assertions="1" time="0.033624"/>
        <testcase name="test_should_return_false_when_no_match" class="Tests_WP_Blocklist_Check" classname="Tests_WP_Blocklist_Check" file="/home/meng/Desktop/wptest/wordpress-develop/tests/phpunit/tests/comment/wpBlacklistCheck.php" line="89" assertions="1" time="0.034846"/>
      </testsuite>
      <testsuite name="Tests_Term_WpComment" file="/home/meng/Desktop/wptest/wordpress-develop/tests/phpunit/tests/comment/wpComment.php" tests="4" assertions="4" errors="0" failures="0" skipped="0" time="0.124794">
        <testcase name="test_get_instance_should_work_for_numeric_string" class="Tests_Term_WpComment" classname="Tests_Term_WpComment" file="/home/meng/Desktop/wptest/wordpress-develop/tests/phpunit/tests/comment/wpComment.php" line="31" assertions="1" time="0.030491"/>
        <testcase name="test_get_instance_should_fail_for_negative_number" class="Tests_Term_WpComment" classname="Tests_Term_WpComment" file="/home/meng/Desktop/wptest/wordpress-develop/tests/phpunit/tests/comment/wpComment.php" line="40" assertions="1" time="0.031799"/>
        <testcase name="test_get_instance_should_fail_for_non_numeric_string" class="Tests_Term_WpComment" classname="Tests_Term_WpComment" file="/home/meng/Desktop/wptest/wordpress-develop/tests/phpunit/tests/comment/wpComment.php" line="49" assertions="1" time="0.031373"/>
        <testcase name="test_get_instance_should_succeed_for_float_that_is_equal_to_post_id" class="Tests_Term_WpComment" classname="Tests_Term_WpComment" file="/home/meng/Desktop/wptest/wordpress-develop/tests/phpunit/tests/comment/wpComment.php" line="58" assertions="1" time="0.031131"/>
      </testsuite>
      <testsuite name="Tests_WP_Count_Comments" file="/home/meng/Desktop/wptest/wordpress-develop/tests/phpunit/tests/comment/wpCountComments.php" tests="7" assertions="98" errors="0" failures="0" skipped="0" time="0.306154">
        <testcase name="test_wp_count_comments" class="Tests_WP_Count_Comments" classname="Tests_WP_Count_Comments" file="/home/meng/Desktop/wptest/wordpress-develop/tests/phpunit/tests/comment/wpCountComments.php" line="5" assertions="7" time="0.030224"/>
        <testcase name="test_wp_count_comments_approved" class="Tests_WP_Count_Comments" classname="Tests_WP_Count_Comments" file="/home/meng/Desktop/wptest/wordpress-develop/tests/phpunit/tests/comment/wpCountComments.php" line="17" assertions="7" time="0.037779"/>
        <testcase name="test_wp_count_comments_awaiting" class="Tests_WP_Count_Comments" classname="Tests_WP_Count_Comments" file="/home/meng/Desktop/wptest/wordpress-develop/tests/phpunit/tests/comment/wpCountComments.php" line="35" assertions="7" time="0.035902"/>
        <testcase name="test_wp_count_comments_spam" class="Tests_WP_Count_Comments" classname="Tests_WP_Count_Comments" file="/home/meng/Desktop/wptest/wordpress-develop/tests/phpunit/tests/comment/wpCountComments.php" line="53" assertions="7" time="0.038463"/>
        <testcase name="test_wp_count_comments_trash" class="Tests_WP_Count_Comments" classname="Tests_WP_Count_Comments" file="/home/meng/Desktop/wptest/wordpress-develop/tests/phpunit/tests/comment/wpCountComments.php" line="71" assertions="7" time="0.037837"/>
        <testcase name="test_wp_count_comments_post_trashed" class="Tests_WP_Count_Comments" classname="Tests_WP_Count_Comments" file="/home/meng/Desktop/wptest/wordpress-develop/tests/phpunit/tests/comment/wpCountComments.php" line="89" assertions="7" time="0.037346"/>
        <testcase name="test_wp_count_comments_cache" class="Tests_WP_Count_Comments" classname="Tests_WP_Count_Comments" file="/home/meng/Desktop/wptest/wordpress-develop/tests/phpunit/tests/comment/wpCountComments.php" line="107" assertions="56" time="0.088604"/>
      </testsuite>
      <testsuite name="Tests_Comment_WpListComments" file="/home/meng/Desktop/wptest/wordpress-develop/tests/phpunit/tests/comment/wpListComments.php" tests="6" assertions="7" errors="0" failures="0" skipped="0" time="0.907031">
        <testcase name="test_should_respect_page_param" class="Tests_Comment_WpListComments" classname="Tests_Comment_WpListComments" file="/home/meng/Desktop/wptest/wordpress-develop/tests/phpunit/tests/comment/wpListComments.php" line="10" assertions="1" time="0.141125"/>
        <testcase name="test_should_respect_per_page_param" class="Tests_Comment_WpListComments" classname="Tests_Comment_WpListComments" file="/home/meng/Desktop/wptest/wordpress-develop/tests/phpunit/tests/comment/wpListComments.php" line="48" assertions="1" time="0.144211"/>
        <testcase name="test_should_respect_reverse_top_level_param" class="Tests_Comment_WpListComments" classname="Tests_Comment_WpListComments" file="/home/meng/Desktop/wptest/wordpress-develop/tests/phpunit/tests/comment/wpListComments.php" line="86" assertions="2" time="0.147867"/>
        <testcase name="test_comments_param_should_be_respected_when_custom_pagination_params_are_passed" class="Tests_Comment_WpListComments" classname="Tests_Comment_WpListComments" file="/home/meng/Desktop/wptest/wordpress-develop/tests/phpunit/tests/comment/wpListComments.php" line="132" assertions="1" time="0.124319"/>
        <testcase name="test_custom_pagination_should_not_result_in_unapproved_comments_being_shown" class="Tests_Comment_WpListComments" classname="Tests_Comment_WpListComments" file="/home/meng/Desktop/wptest/wordpress-develop/tests/phpunit/tests/comment/wpListComments.php" line="172" assertions="1" time="0.139389"/>
        <testcase name="test_custom_pagination_should_allow_ones_own_unapproved_comments" class="Tests_Comment_WpListComments" classname="Tests_Comment_WpListComments" file="/home/meng/Desktop/wptest/wordpress-develop/tests/phpunit/tests/comment/wpListComments.php" line="216" assertions="1" time="0.210120"/>
      </testsuite>
      <testsuite name="Tests_Update_Comment_Count_Now" file="/home/meng/Desktop/wptest/wordpress-develop/tests/phpunit/tests/comment/wpUpdateCommentCountNow.php" tests="3" assertions="11" errors="0" failures="0" skipped="0" time="0.162259">
        <testcase name="test_invalid_post_bails_early" class="Tests_Update_Comment_Count_Now" classname="Tests_Update_Comment_Count_Now" file="/home/meng/Desktop/wptest/wordpress-develop/tests/phpunit/tests/comment/wpUpdateCommentCountNow.php" line="12" assertions="3" time="0.031577"/>
        <testcase name="test_regular_post_updates_comment_count" class="Tests_Update_Comment_Count_Now" classname="Tests_Update_Comment_Count_Now" file="/home/meng/Desktop/wptest/wordpress-develop/tests/phpunit/tests/comment/wpUpdateCommentCountNow.php" line="18" assertions="4" time="0.063277"/>
        <testcase name="test_using_filter_adjusts_comment_count_without_an_additional_database_query" class="Tests_Update_Comment_Count_Now" classname="Tests_Update_Comment_Count_Now" file="/home/meng/Desktop/wptest/wordpress-develop/tests/phpunit/tests/comment/wpUpdateCommentCountNow.php" line="33" assertions="4" time="0.067405"/>
      </testsuite>
      <testsuite name="Tests_Compat" file="/home/meng/Desktop/wptest/wordpress-develop/tests/phpunit/tests/compat.php" tests="69" assertions="97" errors="0" failures="0" skipped="1" time="2.195847">
        <testsuite name="Tests_Compat::test_mb_strlen" tests="8" assertions="8" errors="0" failures="0" skipped="0" time="0.251715">
          <testcase name="test_mb_strlen with data set #0" class="Tests_Compat" classname="Tests_Compat" file="/home/meng/Desktop/wptest/wordpress-develop/tests/phpunit/tests/compat.php" line="38" assertions="1" time="0.030922"/>
          <testcase name="test_mb_strlen with data set #1" class="Tests_Compat" classname="Tests_Compat" file="/home/meng/Desktop/wptest/wordpress-develop/tests/phpunit/tests/compat.php" line="38" assertions="1" time="0.031069"/>
          <testcase name="test_mb_strlen with data set #2" class="Tests_Compat" classname="Tests_Compat" file="/home/meng/Desktop/wptest/wordpress-develop/tests/phpunit/tests/compat.php" line="38" assertions="1" time="0.030633"/>
          <testcase name="test_mb_strlen with data set #3" class="Tests_Compat" classname="Tests_Compat" file="/home/meng/Desktop/wptest/wordpress-develop/tests/phpunit/tests/compat.php" line="38" assertions="1" time="0.034979"/>
          <testcase name="test_mb_strlen with data set #4" class="Tests_Compat" classname="Tests_Compat" file="/home/meng/Desktop/wptest/wordpress-develop/tests/phpunit/tests/compat.php" line="38" assertions="1" time="0.032717"/>
          <testcase name="test_mb_strlen with data set #5" class="Tests_Compat" classname="Tests_Compat" file="/home/meng/Desktop/wptest/wordpress-develop/tests/phpunit/tests/compat.php" line="38" assertions="1" time="0.030905"/>
          <testcase name="test_mb_strlen with data set #6" class="Tests_Compat" classname="Tests_Compat" file="/home/meng/Desktop/wptest/wordpress-develop/tests/phpunit/tests/compat.php" line="38" assertions="1" time="0.030387"/>
          <testcase name="test_mb_strlen with data set #7" class="Tests_Compat" classname="Tests_Compat" file="/home/meng/Desktop/wptest/wordpress-develop/tests/phpunit/tests/compat.php" line="38" assertions="1" time="0.030103"/>
        </testsuite>
        <testsuite name="Tests_Compat::test_mb_strlen_via_regex" tests="8" assertions="8" errors="0" failures="0" skipped="0" time="0.257340">
          <testcase name="test_mb_strlen_via_regex with data set #0" class="Tests_Compat" classname="Tests_Compat" file="/home/meng/Desktop/wptest/wordpress-develop/tests/phpunit/tests/compat.php" line="45" assertions="1" time="0.031070"/>
          <testcase name="test_mb_strlen_via_regex with data set #1" class="Tests_Compat" classname="Tests_Compat" file="/home/meng/Desktop/wptest/wordpress-develop/tests/phpunit/tests/compat.php" line="45" assertions="1" time="0.031257"/>
          <testcase name="test_mb_strlen_via_regex with data set #2" class="Tests_Compat" classname="Tests_Compat" file="/home/meng/Desktop/wptest/wordpress-develop/tests/phpunit/tests/compat.php" line="45" assertions="1" time="0.030743"/>
          <testcase name="test_mb_strlen_via_regex with data set #3" class="Tests_Compat" classname="Tests_Compat" file="/home/meng/Desktop/wptest/wordpress-develop/tests/phpunit/tests/compat.php" line="45" assertions="1" time="0.030886"/>
          <testcase name="test_mb_strlen_via_regex with data set #4" class="Tests_Compat" classname="Tests_Compat" file="/home/meng/Desktop/wptest/wordpress-develop/tests/phpunit/tests/compat.php" line="45" assertions="1" time="0.032607"/>
          <testcase name="test_mb_strlen_via_regex with data set #5" class="Tests_Compat" classname="Tests_Compat" file="/home/meng/Desktop/wptest/wordpress-develop/tests/phpunit/tests/compat.php" line="45" assertions="1" time="0.037462"/>
          <testcase name="test_mb_strlen_via_regex with data set #6" class="Tests_Compat" classname="Tests_Compat" file="/home/meng/Desktop/wptest/wordpress-develop/tests/phpunit/tests/compat.php" line="45" assertions="1" time="0.032183"/>
          <testcase name="test_mb_strlen_via_regex with data set #7" class="Tests_Compat" classname="Tests_Compat" file="/home/meng/Desktop/wptest/wordpress-develop/tests/phpunit/tests/compat.php" line="45" assertions="1" time="0.031132"/>
        </testsuite>
        <testsuite name="Tests_Compat::test_8bit_mb_strlen" tests="8" assertions="8" errors="0" failures="0" skipped="0" time="0.258274">
          <testcase name="test_8bit_mb_strlen with data set #0" class="Tests_Compat" classname="Tests_Compat" file="/home/meng/Desktop/wptest/wordpress-develop/tests/phpunit/tests/compat.php" line="54" assertions="1" time="0.035506"/>
          <testcase name="test_8bit_mb_strlen with data set #1" class="Tests_Compat" classname="Tests_Compat" file="/home/meng/Desktop/wptest/wordpress-develop/tests/phpunit/tests/compat.php" line="54" assertions="1" time="0.030872"/>
          <testcase name="test_8bit_mb_strlen with data set #2" class="Tests_Compat" classname="Tests_Compat" file="/home/meng/Desktop/wptest/wordpress-develop/tests/phpunit/tests/compat.php" line="54" assertions="1" time="0.031087"/>
          <testcase name="test_8bit_mb_strlen with data set #3" class="Tests_Compat" classname="Tests_Compat" file="/home/meng/Desktop/wptest/wordpress-develop/tests/phpunit/tests/compat.php" line="54" assertions="1" time="0.032079"/>
          <testcase name="test_8bit_mb_strlen with data set #4" class="Tests_Compat" classname="Tests_Compat" file="/home/meng/Desktop/wptest/wordpress-develop/tests/phpunit/tests/compat.php" line="54" assertions="1" time="0.032042"/>
          <testcase name="test_8bit_mb_strlen with data set #5" class="Tests_Compat" classname="Tests_Compat" file="/home/meng/Desktop/wptest/wordpress-develop/tests/phpunit/tests/compat.php" line="54" assertions="1" time="0.031734"/>
          <testcase name="test_8bit_mb_strlen with data set #6" class="Tests_Compat" classname="Tests_Compat" file="/home/meng/Desktop/wptest/wordpress-develop/tests/phpunit/tests/compat.php" line="54" assertions="1" time="0.032212"/>
          <testcase name="test_8bit_mb_strlen with data set #7" class="Tests_Compat" classname="Tests_Compat" file="/home/meng/Desktop/wptest/wordpress-develop/tests/phpunit/tests/compat.php" line="54" assertions="1" time="0.032742"/>
        </testsuite>
        <testsuite name="Tests_Compat::test_mb_substr" tests="7" assertions="7" errors="0" failures="0" skipped="0" time="0.228997">
          <testcase name="test_mb_substr with data set #0" class="Tests_Compat" classname="Tests_Compat" file="/home/meng/Desktop/wptest/wordpress-develop/tests/phpunit/tests/compat.php" line="61" assertions="1" time="0.032222"/>
          <testcase name="test_mb_substr with data set #1" class="Tests_Compat" classname="Tests_Compat" file="/home/meng/Desktop/wptest/wordpress-develop/tests/phpunit/tests/compat.php" line="61" assertions="1" time="0.032220"/>
          <testcase name="test_mb_substr with data set #2" class="Tests_Compat" classname="Tests_Compat" file="/home/meng/Desktop/wptest/wordpress-develop/tests/phpunit/tests/compat.php" line="61" assertions="1" time="0.032941"/>
          <testcase name="test_mb_substr with data set #3" class="Tests_Compat" classname="Tests_Compat" file="/home/meng/Desktop/wptest/wordpress-develop/tests/phpunit/tests/compat.php" line="61" assertions="1" time="0.037546"/>
          <testcase name="test_mb_substr with data set #4" class="Tests_Compat" classname="Tests_Compat" file="/home/meng/Desktop/wptest/wordpress-develop/tests/phpunit/tests/compat.php" line="61" assertions="1" time="0.031669"/>
          <testcase name="test_mb_substr with data set #5" class="Tests_Compat" classname="Tests_Compat" file="/home/meng/Desktop/wptest/wordpress-develop/tests/phpunit/tests/compat.php" line="61" assertions="1" time="0.030413"/>
          <testcase name="test_mb_substr with data set #6" class="Tests_Compat" classname="Tests_Compat" file="/home/meng/Desktop/wptest/wordpress-develop/tests/phpunit/tests/compat.php" line="61" assertions="1" time="0.031986"/>
        </testsuite>
        <testsuite name="Tests_Compat::test_mb_substr_via_regex" tests="7" assertions="7" errors="0" failures="0" skipped="0" time="0.248222">
          <testcase name="test_mb_substr_via_regex with data set #0" class="Tests_Compat" classname="Tests_Compat" file="/home/meng/Desktop/wptest/wordpress-develop/tests/phpunit/tests/compat.php" line="68" assertions="1" time="0.031519"/>
          <testcase name="test_mb_substr_via_regex with data set #1" class="Tests_Compat" classname="Tests_Compat" file="/home/meng/Desktop/wptest/wordpress-develop/tests/phpunit/tests/compat.php" line="68" assertions="1" time="0.035982"/>
          <testcase name="test_mb_substr_via_regex with data set #2" class="Tests_Compat" classname="Tests_Compat" file="/home/meng/Desktop/wptest/wordpress-develop/tests/phpunit/tests/compat.php" line="68" assertions="1" time="0.037681"/>
          <testcase name="test_mb_substr_via_regex with data set #3" class="Tests_Compat" classname="Tests_Compat" file="/home/meng/Desktop/wptest/wordpress-develop/tests/phpunit/tests/compat.php" line="68" assertions="1" time="0.035352"/>
          <testcase name="test_mb_substr_via_regex with data set #4" class="Tests_Compat" classname="Tests_Compat" file="/home/meng/Desktop/wptest/wordpress-develop/tests/phpunit/tests/compat.php" line="68" assertions="1" time="0.031108"/>
          <testcase name="test_mb_substr_via_regex with data set #5" class="Tests_Compat" classname="Tests_Compat" file="/home/meng/Desktop/wptest/wordpress-develop/tests/phpunit/tests/compat.php" line="68" assertions="1" time="0.041116"/>
          <testcase name="test_mb_substr_via_regex with data set #6" class="Tests_Compat" classname="Tests_Compat" file="/home/meng/Desktop/wptest/wordpress-develop/tests/phpunit/tests/compat.php" line="68" assertions="1" time="0.035464"/>
        </testsuite>
        <testsuite name="Tests_Compat::test_8bit_mb_substr" tests="7" assertions="7" errors="0" failures="0" skipped="0" time="0.213116">
          <testcase name="test_8bit_mb_substr with data set #0" class="Tests_Compat" classname="Tests_Compat" file="/home/meng/Desktop/wptest/wordpress-develop/tests/phpunit/tests/compat.php" line="77" assertions="1" time="0.031639"/>
          <testcase name="test_8bit_mb_substr with data set #1" class="Tests_Compat" classname="Tests_Compat" file="/home/meng/Desktop/wptest/wordpress-develop/tests/phpunit/tests/compat.php" line="77" assertions="1" time="0.033317"/>
          <testcase name="test_8bit_mb_substr with data set #2" class="Tests_Compat" classname="Tests_Compat" file="/home/meng/Desktop/wptest/wordpress-develop/tests/phpunit/tests/compat.php" line="77" assertions="1" time="0.030373"/>
          <testcase name="test_8bit_mb_substr with data set #3" class="Tests_Compat" classname="Tests_Compat" file="/home/meng/Desktop/wptest/wordpress-develop/tests/phpunit/tests/compat.php" line="77" assertions="1" time="0.029680"/>
          <testcase name="test_8bit_mb_substr with data set #4" class="Tests_Compat" classname="Tests_Compat" file="/home/meng/Desktop/wptest/wordpress-develop/tests/phpunit/tests/compat.php" line="77" assertions="1" time="0.029172"/>
          <testcase name="test_8bit_mb_substr with data set #5" class="Tests_Compat" classname="Tests_Compat" file="/home/meng/Desktop/wptest/wordpress-develop/tests/phpunit/tests/compat.php" line="77" assertions="1" time="0.029194"/>
          <testcase name="test_8bit_mb_substr with data set #6" class="Tests_Compat" classname="Tests_Compat" file="/home/meng/Desktop/wptest/wordpress-develop/tests/phpunit/tests/compat.php" line="77" assertions="1" time="0.029741"/>
        </testsuite>
        <testcase name="test_mb_substr_phpcore" class="Tests_Compat" classname="Tests_Compat" file="/home/meng/Desktop/wptest/wordpress-develop/tests/phpunit/tests/compat.php" line="81" assertions="27" time="0.035126"/>
        <testcase name="test_hash_hmac_simple" class="Tests_Compat" classname="Tests_Compat" file="/home/meng/Desktop/wptest/wordpress-develop/tests/phpunit/tests/compat.php" line="167" assertions="2" time="0.030057"/>
        <testcase name="test_hash_hmac_padding" class="Tests_Compat" classname="Tests_Compat" file="/home/meng/Desktop/wptest/wordpress-develop/tests/phpunit/tests/compat.php" line="172" assertions="2" time="0.030214"/>
        <testcase name="test_hash_hmac_output" class="Tests_Compat" classname="Tests_Compat" file="/home/meng/Desktop/wptest/wordpress-develop/tests/phpunit/tests/compat.php" line="177" assertions="2" time="0.029820"/>
        <testcase name="test_json_encode_decode" class="Tests_Compat" classname="Tests_Compat" file="/home/meng/Desktop/wptest/wordpress-develop/tests/phpunit/tests/compat.php" line="182" assertions="1" time="0.030492"/>
        <testcase name="test_is_countable_availability" class="Tests_Compat" classname="Tests_Compat" file="/home/meng/Desktop/wptest/wordpress-develop/tests/phpunit/tests/compat.php" line="197" assertions="1" time="0.031742"/>
        <testsuite name="Tests_Compat::test_is_countable_functionality" tests="9" assertions="9" errors="0" failures="0" skipped="0" time="0.275806">
          <testcase name="test_is_countable_functionality with data set #0" class="Tests_Compat" classname="Tests_Compat" file="/home/meng/Desktop/wptest/wordpress-develop/tests/phpunit/tests/compat.php" line="211" assertions="1" time="0.031467"/>
          <testcase name="test_is_countable_functionality with data set #1" class="Tests_Compat" classname="Tests_Compat" file="/home/meng/Desktop/wptest/wordpress-develop/tests/phpunit/tests/compat.php" line="211" assertions="1" time="0.029590"/>
          <testcase name="test_is_countable_functionality with data set #2" class="Tests_Compat" classname="Tests_Compat" file="/home/meng/Desktop/wptest/wordpress-develop/tests/phpunit/tests/compat.php" line="211" assertions="1" time="0.030409"/>
          <testcase name="test_is_countable_functionality with data set #3" class="Tests_Compat" classname="Tests_Compat" file="/home/meng/Desktop/wptest/wordpress-develop/tests/phpunit/tests/compat.php" line="211" assertions="1" time="0.030283"/>
          <testcase name="test_is_countable_functionality with data set #4" class="Tests_Compat" classname="Tests_Compat" file="/home/meng/Desktop/wptest/wordpress-develop/tests/phpunit/tests/compat.php" line="211" assertions="1" time="0.029266"/>
          <testcase name="test_is_countable_functionality with data set #5" class="Tests_Compat" classname="Tests_Compat" file="/home/meng/Desktop/wptest/wordpress-develop/tests/phpunit/tests/compat.php" line="211" assertions="1" time="0.029718"/>
          <testcase name="test_is_countable_functionality with data set #6" class="Tests_Compat" classname="Tests_Compat" file="/home/meng/Desktop/wptest/wordpress-develop/tests/phpunit/tests/compat.php" line="211" assertions="1" time="0.029946"/>
          <testcase name="test_is_countable_functionality with data set #7" class="Tests_Compat" classname="Tests_Compat" file="/home/meng/Desktop/wptest/wordpress-develop/tests/phpunit/tests/compat.php" line="211" assertions="1" time="0.035067"/>
          <testcase name="test_is_countable_functionality with data set #8" class="Tests_Compat" classname="Tests_Compat" file="/home/meng/Desktop/wptest/wordpress-develop/tests/phpunit/tests/compat.php" line="211" assertions="1" time="0.030060"/>
        </testsuite>
        <testcase name="test_is_countable_ResourceBundle" class="Tests_Compat" classname="Tests_Compat" file="/home/meng/Desktop/wptest/wordpress-develop/tests/phpunit/tests/compat.php" line="246" assertions="0" time="0.034255">
          <skipped/>
        </testcase>
        <testcase name="test_is_countable_SimpleXMLElement" class="Tests_Compat" classname="Tests_Compat" file="/home/meng/Desktop/wptest/wordpress-develop/tests/phpunit/tests/compat.php" line="259" assertions="1" time="0.029933"/>
        <testcase name="test_is_iterable_availability" class="Tests_Compat" classname="Tests_Compat" file="/home/meng/Desktop/wptest/wordpress-develop/tests/phpunit/tests/compat.php" line="272" assertions="1" time="0.029363"/>
        <testsuite name="Tests_Compat::test_is_iterable_functionality" tests="6" assertions="6" errors="0" failures="0" skipped="0" time="0.181375">
          <testcase name="test_is_iterable_functionality with data set #0" class="Tests_Compat" classname="Tests_Compat" file="/home/meng/Desktop/wptest/wordpress-develop/tests/phpunit/tests/compat.php" line="286" assertions="1" time="0.030329"/>
          <testcase name="test_is_iterable_functionality with data set #1" class="Tests_Compat" classname="Tests_Compat" file="/home/meng/Desktop/wptest/wordpress-develop/tests/phpunit/tests/compat.php" line="286" assertions="1" time="0.030579"/>
          <testcase name="test_is_iterable_functionality with data set #2" class="Tests_Compat" classname="Tests_Compat" file="/home/meng/Desktop/wptest/wordpress-develop/tests/phpunit/tests/compat.php" line="286" assertions="1" time="0.029335"/>
          <testcase name="test_is_iterable_functionality with data set #3" class="Tests_Compat" classname="Tests_Compat" file="/home/meng/Desktop/wptest/wordpress-develop/tests/phpunit/tests/compat.php" line="286" assertions="1" time="0.032322"/>
          <testcase name="test_is_iterable_functionality with data set #4" class="Tests_Compat" classname="Tests_Compat" file="/home/meng/Desktop/wptest/wordpress-develop/tests/phpunit/tests/compat.php" line="286" assertions="1" time="0.029703"/>
          <testcase name="test_is_iterable_functionality with data set #5" class="Tests_Compat" classname="Tests_Compat" file="/home/meng/Desktop/wptest/wordpress-develop/tests/phpunit/tests/compat.php" line="286" assertions="1" time="0.029107"/>
        </testsuite>
      </testsuite>
      <testsuite name="Tests_Cron" file="/home/meng/Desktop/wptest/wordpress-develop/tests/phpunit/tests/cron.php" tests="27" assertions="92" errors="0" failures="0" skipped="0" time="0.969102">
        <testcase name="test_wp_get_schedule_empty" class="Tests_Cron" classname="Tests_Cron" file="/home/meng/Desktop/wptest/wordpress-develop/tests/phpunit/tests/cron.php" line="33" assertions="1" time="0.032532"/>
        <testcase name="test_schedule_event_single" class="Tests_Cron" classname="Tests_Cron" file="/home/meng/Desktop/wptest/wordpress-develop/tests/phpunit/tests/cron.php" line="39" assertions="3" time="0.033889"/>
        <testcase name="test_schedule_event_single_args" class="Tests_Cron" classname="Tests_Cron" file="/home/meng/Desktop/wptest/wordpress-develop/tests/phpunit/tests/cron.php" line="53" assertions="5" time="0.034115"/>
        <testcase name="test_schedule_event" class="Tests_Cron" classname="Tests_Cron" file="/home/meng/Desktop/wptest/wordpress-develop/tests/phpunit/tests/cron.php" line="71" assertions="3" time="0.034303"/>
        <testcase name="test_schedule_event_args" class="Tests_Cron" classname="Tests_Cron" file="/home/meng/Desktop/wptest/wordpress-develop/tests/phpunit/tests/cron.php" line="85" assertions="5" time="0.037606"/>
        <testcase name="test_unschedule_event" class="Tests_Cron" classname="Tests_Cron" file="/home/meng/Desktop/wptest/wordpress-develop/tests/phpunit/tests/cron.php" line="104" assertions="3" time="0.033766"/>
        <testcase name="test_clear_schedule" class="Tests_Cron" classname="Tests_Cron" file="/home/meng/Desktop/wptest/wordpress-develop/tests/phpunit/tests/cron.php" line="118" assertions="6" time="0.040315"/>
        <testcase name="test_clear_undefined_schedule" class="Tests_Cron" classname="Tests_Cron" file="/home/meng/Desktop/wptest/wordpress-develop/tests/phpunit/tests/cron.php" line="145" assertions="1" time="0.034687"/>
        <testcase name="test_clear_schedule_multiple_args" class="Tests_Cron" classname="Tests_Cron" file="/home/meng/Desktop/wptest/wordpress-develop/tests/phpunit/tests/cron.php" line="157" assertions="5" time="0.041245"/>
        <testcase name="test_clear_schedule_new_args" class="Tests_Cron" classname="Tests_Cron" file="/home/meng/Desktop/wptest/wordpress-develop/tests/phpunit/tests/cron.php" line="186" assertions="6" time="0.044976"/>
        <testcase name="test_unschedule_hook" class="Tests_Cron" classname="Tests_Cron" file="/home/meng/Desktop/wptest/wordpress-develop/tests/phpunit/tests/cron.php" line="224" assertions="4" time="0.038274"/>
        <testcase name="test_unschedule_undefined_hook" class="Tests_Cron" classname="Tests_Cron" file="/home/meng/Desktop/wptest/wordpress-develop/tests/phpunit/tests/cron.php" line="244" assertions="4" time="0.035525"/>
        <testcase name="test_duplicate_event" class="Tests_Cron" classname="Tests_Cron" file="/home/meng/Desktop/wptest/wordpress-develop/tests/phpunit/tests/cron.php" line="265" assertions="3" time="0.034526"/>
        <testcase name="test_not_duplicate_event" class="Tests_Cron" classname="Tests_Cron" file="/home/meng/Desktop/wptest/wordpress-develop/tests/phpunit/tests/cron.php" line="284" assertions="4" time="0.036372"/>
        <testcase name="test_not_duplicate_event_reversed" class="Tests_Cron" classname="Tests_Cron" file="/home/meng/Desktop/wptest/wordpress-develop/tests/phpunit/tests/cron.php" line="303" assertions="4" time="0.035294"/>
        <testcase name="test_pre_schedule_event_filter" class="Tests_Cron" classname="Tests_Cron" file="/home/meng/Desktop/wptest/wordpress-develop/tests/phpunit/tests/cron.php" line="328" assertions="4" time="0.035353"/>
        <testcase name="test_pre_reschedule_event_filter" class="Tests_Cron" classname="Tests_Cron" file="/home/meng/Desktop/wptest/wordpress-develop/tests/phpunit/tests/cron.php" line="380" assertions="2" time="0.034305"/>
        <testcase name="test_pre_unschedule_event_filter" class="Tests_Cron" classname="Tests_Cron" file="/home/meng/Desktop/wptest/wordpress-develop/tests/phpunit/tests/cron.php" line="404" assertions="2" time="0.035824"/>
        <testcase name="test_pre_clear_scheduled_hook_filters" class="Tests_Cron" classname="Tests_Cron" file="/home/meng/Desktop/wptest/wordpress-develop/tests/phpunit/tests/cron.php" line="428" assertions="3" time="0.033778"/>
        <testcase name="test_pre_scheduled_event_hooks" class="Tests_Cron" classname="Tests_Cron" file="/home/meng/Desktop/wptest/wordpress-develop/tests/phpunit/tests/cron.php" line="459" assertions="2" time="0.032092"/>
        <testcase name="test_get_scheduled_event_singles" class="Tests_Cron" classname="Tests_Cron" file="/home/meng/Desktop/wptest/wordpress-develop/tests/phpunit/tests/cron.php" line="493" assertions="3" time="0.038803"/>
        <testcase name="test_get_scheduled_event_recurring" class="Tests_Cron" classname="Tests_Cron" file="/home/meng/Desktop/wptest/wordpress-develop/tests/phpunit/tests/cron.php" line="536" assertions="3" time="0.039648"/>
        <testcase name="test_get_scheduled_event_false" class="Tests_Cron" classname="Tests_Cron" file="/home/meng/Desktop/wptest/wordpress-develop/tests/phpunit/tests/cron.php" line="580" assertions="4" time="0.031872"/>
        <testcase name="test_duplicate_past_event" class="Tests_Cron" classname="Tests_Cron" file="/home/meng/Desktop/wptest/wordpress-develop/tests/phpunit/tests/cron.php" line="605" assertions="3" time="0.034110"/>
        <testcase name="test_duplicate_near_future_event" class="Tests_Cron" classname="Tests_Cron" file="/home/meng/Desktop/wptest/wordpress-develop/tests/phpunit/tests/cron.php" line="627" assertions="3" time="0.034944"/>
        <testcase name="test_duplicate_future_event" class="Tests_Cron" classname="Tests_Cron" file="/home/meng/Desktop/wptest/wordpress-develop/tests/phpunit/tests/cron.php" line="649" assertions="3" time="0.035544"/>
        <testcase name="test_not_duplicate_future_event" class="Tests_Cron" classname="Tests_Cron" file="/home/meng/Desktop/wptest/wordpress-develop/tests/phpunit/tests/cron.php" line="669" assertions="3" time="0.035404"/>
      </testsuite>
      <testsuite name="Test_WP_Customize_Control" file="/home/meng/Desktop/wptest/wordpress-develop/tests/phpunit/tests/customize/control.php" tests="2" assertions="14" errors="0" failures="0" skipped="0" time="0.317483">
        <testcase name="test_check_capabilities" class="Test_WP_Customize_Control" classname="Test_WP_Customize_Control" file="/home/meng/Desktop/wptest/wordpress-develop/tests/phpunit/tests/customize/control.php" line="40" assertions="6" time="0.145790"/>
        <testcase name="test_dropdown_pages" class="Test_WP_Customize_Control" classname="Test_WP_Customize_Control" file="/home/meng/Desktop/wptest/wordpress-develop/tests/phpunit/tests/customize/control.php" line="108" assertions="8" time="0.171693"/>
      </testsuite>
      <testsuite name="Test_WP_Customize_Custom_CSS_Setting" file="/home/meng/Desktop/wptest/wordpress-develop/tests/phpunit/tests/customize/custom-css-setting.php" tests="8" assertions="66" errors="0" failures="0" skipped="0" time="1.378373">
        <testcase name="test_construct" class="Test_WP_Customize_Custom_CSS_Setting" classname="Test_WP_Customize_Custom_CSS_Setting" file="/home/meng/Desktop/wptest/wordpress-develop/tests/phpunit/tests/customize/custom-css-setting.php" line="80" assertions="6" time="0.124479"/>
        <testcase name="test_crud" class="Test_WP_Customize_Custom_CSS_Setting" classname="Test_WP_Customize_Custom_CSS_Setting" file="/home/meng/Desktop/wptest/wordpress-develop/tests/phpunit/tests/customize/custom-css-setting.php" line="113" assertions="33" time="0.353665"/>
        <testcase name="test_custom_css_revision_saved" class="Test_WP_Customize_Custom_CSS_Setting" classname="Test_WP_Customize_Custom_CSS_Setting" file="/home/meng/Desktop/wptest/wordpress-develop/tests/phpunit/tests/customize/custom-css-setting.php" line="214" assertions="6" time="0.182913"/>
        <testcase name="test_get_custom_css_post_queries_after_failed_lookup" class="Test_WP_Customize_Custom_CSS_Setting" classname="Test_WP_Customize_Custom_CSS_Setting" file="/home/meng/Desktop/wptest/wordpress-develop/tests/phpunit/tests/customize/custom-css-setting.php" line="248" assertions="1" time="0.123834"/>
        <testcase name="test_update_custom_css_updates_theme_mod" class="Test_WP_Customize_Custom_CSS_Setting" classname="Test_WP_Customize_Custom_CSS_Setting" file="/home/meng/Desktop/wptest/wordpress-develop/tests/phpunit/tests/customize/custom-css-setting.php" line="260" assertions="1" time="0.154386"/>
        <testcase name="test_value_filter" class="Test_WP_Customize_Custom_CSS_Setting" classname="Test_WP_Customize_Custom_CSS_Setting" file="/home/meng/Desktop/wptest/wordpress-develop/tests/phpunit/tests/customize/custom-css-setting.php" line="271" assertions="5" time="0.145997"/>
        <testcase name="test_update_filter" class="Test_WP_Customize_Custom_CSS_Setting" classname="Test_WP_Customize_Custom_CSS_Setting" file="/home/meng/Desktop/wptest/wordpress-develop/tests/phpunit/tests/customize/custom-css-setting.php" line="311" assertions="11" time="0.174702"/>
        <testcase name="test_validate" class="Test_WP_Customize_Custom_CSS_Setting" classname="Test_WP_Customize_Custom_CSS_Setting" file="/home/meng/Desktop/wptest/wordpress-develop/tests/phpunit/tests/customize/custom-css-setting.php" line="369" assertions="3" time="0.118397"/>
      </testsuite>
      <testsuite name="Tests_WP_Customize_Manager" file="/home/meng/Desktop/wptest/wordpress-develop/tests/phpunit/tests/customize/manager.php" tests="70" assertions="652" errors="0" failures="0" skipped="0" time="7.327579">
        <testcase name="test_constructor" class="Tests_WP_Customize_Manager" classname="Tests_WP_Customize_Manager" file="/home/meng/Desktop/wptest/wordpress-develop/tests/phpunit/tests/customize/manager.php" line="111" assertions="10" time="0.055778"/>
        <testcase name="test_constructor_deferred_changeset_uuid" class="Tests_WP_Customize_Manager" classname="Tests_WP_Customize_Manager" file="/home/meng/Desktop/wptest/wordpress-develop/tests/phpunit/tests/customize/manager.php" line="157" assertions="5" time="0.165888"/>
        <testcase name="test_setup_theme_in_customize_admin" class="Tests_WP_Customize_Manager" classname="Tests_WP_Customize_Manager" file="/home/meng/Desktop/wptest/wordpress-develop/tests/phpunit/tests/customize/manager.php" line="230" assertions="6" time="0.059434"/>
        <testcase name="test_fresh_site_flag_clearing" class="Tests_WP_Customize_Manager" classname="Tests_WP_Customize_Manager" file="/home/meng/Desktop/wptest/wordpress-develop/tests/phpunit/tests/customize/manager.php" line="276" assertions="2" time="0.043251"/>
        <testcase name="test_setup_theme_in_frontend" class="Tests_WP_Customize_Manager" classname="Tests_WP_Customize_Manager" file="/home/meng/Desktop/wptest/wordpress-develop/tests/phpunit/tests/customize/manager.php" line="299" assertions="4" time="0.073010"/>
        <testcase name="test_settings_previewed" class="Tests_WP_Customize_Manager" classname="Tests_WP_Customize_Manager" file="/home/meng/Desktop/wptest/wordpress-develop/tests/phpunit/tests/customize/manager.php" line="334" assertions="2" time="0.052071"/>
        <testcase name="test_autosaved" class="Tests_WP_Customize_Manager" classname="Tests_WP_Customize_Manager" file="/home/meng/Desktop/wptest/wordpress-develop/tests/phpunit/tests/customize/manager.php" line="348" assertions="3" time="0.047056"/>
        <testcase name="test_branching" class="Tests_WP_Customize_Manager" classname="Tests_WP_Customize_Manager" file="/home/meng/Desktop/wptest/wordpress-develop/tests/phpunit/tests/customize/manager.php" line="365" assertions="5" time="0.047131"/>
        <testcase name="test_changeset_uuid" class="Tests_WP_Customize_Manager" classname="Tests_WP_Customize_Manager" file="/home/meng/Desktop/wptest/wordpress-develop/tests/phpunit/tests/customize/manager.php" line="387" assertions="1" time="0.042803"/>
        <testcase name="test_wp_loaded" class="Tests_WP_Customize_Manager" classname="Tests_WP_Customize_Manager" file="/home/meng/Desktop/wptest/wordpress-develop/tests/phpunit/tests/customize/manager.php" line="401" assertions="4" time="0.104102"/>
        <testcase name="test_find_changeset_post_id" class="Tests_WP_Customize_Manager" classname="Tests_WP_Customize_Manager" file="/home/meng/Desktop/wptest/wordpress-develop/tests/phpunit/tests/customize/manager.php" line="419" assertions="3" time="0.063445"/>
        <testcase name="test_changeset_post_id" class="Tests_WP_Customize_Manager" classname="Tests_WP_Customize_Manager" file="/home/meng/Desktop/wptest/wordpress-develop/tests/phpunit/tests/customize/manager.php" line="444" assertions="2" time="0.065140"/>
        <testcase name="test_changeset_data" class="Tests_WP_Customize_Manager" classname="Tests_WP_Customize_Manager" file="/home/meng/Desktop/wptest/wordpress-develop/tests/phpunit/tests/customize/manager.php" line="468" assertions="9" time="0.125819"/>
        <testcase name="test_import_theme_starter_content" class="Tests_WP_Customize_Manager" classname="Tests_WP_Customize_Manager" file="/home/meng/Desktop/wptest/wordpress-develop/tests/phpunit/tests/customize/manager.php" line="545" assertions="118" time="0.963685"/>
        <testcase name="test_import_theme_starter_content_with_nested_arrays" class="Tests_WP_Customize_Manager" classname="Tests_WP_Customize_Manager" file="/home/meng/Desktop/wptest/wordpress-develop/tests/phpunit/tests/customize/manager.php" line="813" assertions="6" time="0.067015"/>
        <testcase name="test_customize_preview_init" class="Tests_WP_Customize_Manager" classname="Tests_WP_Customize_Manager" file="/home/meng/Desktop/wptest/wordpress-develop/tests/phpunit/tests/customize/manager.php" line="887" assertions="12" time="0.077863"/>
        <testcase name="test_filter_iframe_security_headers" class="Tests_WP_Customize_Manager" classname="Tests_WP_Customize_Manager" file="/home/meng/Desktop/wptest/wordpress-develop/tests/phpunit/tests/customize/manager.php" line="932" assertions="4" time="0.040009"/>
        <testcase name="test_add_state_query_params" class="Tests_WP_Customize_Manager" classname="Tests_WP_Customize_Manager" file="/home/meng/Desktop/wptest/wordpress-develop/tests/phpunit/tests/customize/manager.php" line="947" assertions="13" time="0.051985"/>
        <testcase name="test_save_changeset_post_without_theme_activation" class="Tests_WP_Customize_Manager" classname="Tests_WP_Customize_Manager" file="/home/meng/Desktop/wptest/wordpress-develop/tests/phpunit/tests/customize/manager.php" line="1006" assertions="117" time="0.461159"/>
        <testcase name="test_save_changeset_post_without_kses_corrupting_json" class="Tests_WP_Customize_Manager" classname="Tests_WP_Customize_Manager" file="/home/meng/Desktop/wptest/wordpress-develop/tests/phpunit/tests/customize/manager.php" line="1249" assertions="12" time="0.372390"/>
        <testcase name="test_save_changeset_post_with_theme_activation" class="Tests_WP_Customize_Manager" classname="Tests_WP_Customize_Manager" file="/home/meng/Desktop/wptest/wordpress-develop/tests/phpunit/tests/customize/manager.php" line="1453" assertions="3" time="0.118460"/>
        <testcase name="test_save_changeset_post_with_varying_users" class="Tests_WP_Customize_Manager" classname="Tests_WP_Customize_Manager" file="/home/meng/Desktop/wptest/wordpress-develop/tests/phpunit/tests/customize/manager.php" line="1491" assertions="28" time="0.365414"/>
        <testcase name="test_save_changeset_post_dumping_auto_draft_date" class="Tests_WP_Customize_Manager" classname="Tests_WP_Customize_Manager" file="/home/meng/Desktop/wptest/wordpress-develop/tests/phpunit/tests/customize/manager.php" line="1666" assertions="1" time="0.105928"/>
        <testcase name="test_save_changeset_post_with_unchanged_values" class="Tests_WP_Customize_Manager" classname="Tests_WP_Customize_Manager" file="/home/meng/Desktop/wptest/wordpress-develop/tests/phpunit/tests/customize/manager.php" line="1706" assertions="10" time="0.249179"/>
        <testcase name="test_save_changeset_post_with_autosave" class="Tests_WP_Customize_Manager" classname="Tests_WP_Customize_Manager" file="/home/meng/Desktop/wptest/wordpress-develop/tests/phpunit/tests/customize/manager.php" line="1797" assertions="12" time="0.191626"/>
        <testcase name="test_remove_setting_from_changeset_post" class="Tests_WP_Customize_Manager" classname="Tests_WP_Customize_Manager" file="/home/meng/Desktop/wptest/wordpress-develop/tests/phpunit/tests/customize/manager.php" line="1906" assertions="2" time="0.161767"/>
        <testcase name="test_save_changeset_post_with_varying_unfiltered_html_cap" class="Tests_WP_Customize_Manager" classname="Tests_WP_Customize_Manager" file="/home/meng/Desktop/wptest/wordpress-develop/tests/phpunit/tests/customize/manager.php" line="1942" assertions="6" time="0.626726"/>
        <testcase name="test_wp_customize_publish_changeset" class="Tests_WP_Customize_Manager" classname="Tests_WP_Customize_Manager" file="/home/meng/Desktop/wptest/wordpress-develop/tests/phpunit/tests/customize/manager.php" line="2014" assertions="5" time="0.121196"/>
        <testcase name="test_publish_changeset_with_future_status_when_future_date" class="Tests_WP_Customize_Manager" classname="Tests_WP_Customize_Manager" file="/home/meng/Desktop/wptest/wordpress-develop/tests/phpunit/tests/customize/manager.php" line="2060" assertions="1" time="0.161039"/>
        <testcase name="test_save_changeset_post_for_bad_changeset" class="Tests_WP_Customize_Manager" classname="Tests_WP_Customize_Manager" file="/home/meng/Desktop/wptest/wordpress-develop/tests/phpunit/tests/customize/manager.php" line="2081" assertions="4" time="0.129446"/>
        <testcase name="test_trash_changeset_post_preserves_properties" class="Tests_WP_Customize_Manager" classname="Tests_WP_Customize_Manager" file="/home/meng/Desktop/wptest/wordpress-develop/tests/phpunit/tests/customize/manager.php" line="2121" assertions="3" time="0.122688"/>
        <testcase name="test_is_cross_domain" class="Tests_WP_Customize_Manager" classname="Tests_WP_Customize_Manager" file="/home/meng/Desktop/wptest/wordpress-develop/tests/phpunit/tests/customize/manager.php" line="2198" assertions="2" time="0.051181"/>
        <testcase name="test_get_allowed_urls" class="Tests_WP_Customize_Manager" classname="Tests_WP_Customize_Manager" file="/home/meng/Desktop/wptest/wordpress-develop/tests/phpunit/tests/customize/manager.php" line="2216" assertions="4" time="0.040208"/>
        <testcase name="test_not_doing_ajax" class="Tests_WP_Customize_Manager" classname="Tests_WP_Customize_Manager" file="/home/meng/Desktop/wptest/wordpress-develop/tests/phpunit/tests/customize/manager.php" line="2258" assertions="1" time="0.035933"/>
        <testcase name="test_unsanitized_post_values_from_input" class="Tests_WP_Customize_Manager" classname="Tests_WP_Customize_Manager" file="/home/meng/Desktop/wptest/wordpress-develop/tests/phpunit/tests/customize/manager.php" line="2270" assertions="5" time="0.043042"/>
        <testcase name="test_unsanitized_post_values_with_changeset_and_stashed_theme_mods" class="Tests_WP_Customize_Manager" classname="Tests_WP_Customize_Manager" file="/home/meng/Desktop/wptest/wordpress-develop/tests/phpunit/tests/customize/manager.php" line="2299" assertions="14" time="0.069459"/>
        <testcase name="test_post_value" class="Tests_WP_Customize_Manager" classname="Tests_WP_Customize_Manager" file="/home/meng/Desktop/wptest/wordpress-develop/tests/phpunit/tests/customize/manager.php" line="2423" assertions="3" time="0.045808"/>
        <testcase name="test_invalid_post_value" class="Tests_WP_Customize_Manager" classname="Tests_WP_Customize_Manager" file="/home/meng/Desktop/wptest/wordpress-develop/tests/phpunit/tests/customize/manager.php" line="2447" assertions="10" time="0.049094"/>
        <testcase name="test_post_value_validation_sanitization_order" class="Tests_WP_Customize_Manager" classname="Tests_WP_Customize_Manager" file="/home/meng/Desktop/wptest/wordpress-develop/tests/phpunit/tests/customize/manager.php" line="2516" assertions="4" time="0.044195"/>
        <testcase name="test_validate_setting_values" class="Tests_WP_Customize_Manager" classname="Tests_WP_Customize_Manager" file="/home/meng/Desktop/wptest/wordpress-develop/tests/phpunit/tests/customize/manager.php" line="2564" assertions="16" time="0.045874"/>
        <testcase name="test_late_validate_setting_values" class="Tests_WP_Customize_Manager" classname="Tests_WP_Customize_Manager" file="/home/meng/Desktop/wptest/wordpress-develop/tests/phpunit/tests/customize/manager.php" line="2613" assertions="8" time="0.038313"/>
        <testcase name="test_validate_setting_values_args" class="Tests_WP_Customize_Manager" classname="Tests_WP_Customize_Manager" file="/home/meng/Desktop/wptest/wordpress-develop/tests/phpunit/tests/customize/manager.php" line="2639" assertions="11" time="0.051618"/>
        <testcase name="test_validate_setting_values_validation_sanitization_order" class="Tests_WP_Customize_Manager" classname="Tests_WP_Customize_Manager" file="/home/meng/Desktop/wptest/wordpress-develop/tests/phpunit/tests/customize/manager.php" line="2690" assertions="2" time="0.043012"/>
        <testcase name="test_prepare_setting_validity_for_js" class="Tests_WP_Customize_Manager" classname="Tests_WP_Customize_Manager" file="/home/meng/Desktop/wptest/wordpress-develop/tests/phpunit/tests/customize/manager.php" line="2711" assertions="14" time="0.037750"/>
        <testcase name="test_set_post_value" class="Tests_WP_Customize_Manager" classname="Tests_WP_Customize_Manager" file="/home/meng/Desktop/wptest/wordpress-develop/tests/phpunit/tests/customize/manager.php" line="2735" assertions="9" time="0.044084"/>
        <testcase name="test_add_dynamic_settings" class="Tests_WP_Customize_Manager" classname="Tests_WP_Customize_Manager" file="/home/meng/Desktop/wptest/wordpress-develop/tests/phpunit/tests/customize/manager.php" line="2799" assertions="9" time="0.036783"/>
        <testcase name="test_has_published_pages" class="Tests_WP_Customize_Manager" classname="Tests_WP_Customize_Manager" file="/home/meng/Desktop/wptest/wordpress-develop/tests/phpunit/tests/customize/manager.php" line="2820" assertions="3" time="0.069517"/>
        <testcase name="test_has_published_pages_when_nav_menus_created_posts" class="Tests_WP_Customize_Manager" classname="Tests_WP_Customize_Manager" file="/home/meng/Desktop/wptest/wordpress-develop/tests/phpunit/tests/customize/manager.php" line="2849" assertions="3" time="0.058671"/>
        <testcase name="test_register_dynamic_settings" class="Tests_WP_Customize_Manager" classname="Tests_WP_Customize_Manager" file="/home/meng/Desktop/wptest/wordpress-develop/tests/phpunit/tests/customize/manager.php" line="2878" assertions="11" time="0.069624"/>
        <testcase name="test_get_document_title_template" class="Tests_WP_Customize_Manager" classname="Tests_WP_Customize_Manager" file="/home/meng/Desktop/wptest/wordpress-develop/tests/phpunit/tests/customize/manager.php" line="2940" assertions="1" time="0.037476"/>
        <testcase name="test_preview_url" class="Tests_WP_Customize_Manager" classname="Tests_WP_Customize_Manager" file="/home/meng/Desktop/wptest/wordpress-develop/tests/phpunit/tests/customize/manager.php" line="2951" assertions="3" time="0.038568"/>
        <testcase name="test_return_url" class="Tests_WP_Customize_Manager" classname="Tests_WP_Customize_Manager" file="/home/meng/Desktop/wptest/wordpress-develop/tests/phpunit/tests/customize/manager.php" line="2966" assertions="10" time="0.109190"/>
        <testcase name="test_return_url_with_deactivated_theme" class="Tests_WP_Customize_Manager" classname="Tests_WP_Customize_Manager" file="/home/meng/Desktop/wptest/wordpress-develop/tests/phpunit/tests/customize/manager.php" line="3001" assertions="1" time="0.045592"/>
        <testcase name="test_autofocus" class="Tests_WP_Customize_Manager" classname="Tests_WP_Customize_Manager" file="/home/meng/Desktop/wptest/wordpress-develop/tests/phpunit/tests/customize/manager.php" line="3012" assertions="6" time="0.035956"/>
        <testcase name="test_nonces" class="Tests_WP_Customize_Manager" classname="Tests_WP_Customize_Manager" file="/home/meng/Desktop/wptest/wordpress-develop/tests/phpunit/tests/customize/manager.php" line="3040" assertions="6" time="0.037378"/>
        <testcase name="test_customize_pane_settings" class="Tests_WP_Customize_Manager" classname="Tests_WP_Customize_Manager" file="/home/meng/Desktop/wptest/wordpress-develop/tests/phpunit/tests/customize/manager.php" line="3070" assertions="13" time="0.120259"/>
        <testcase name="test_remove_frameless_preview_messenger_channel" class="Tests_WP_Customize_Manager" classname="Tests_WP_Customize_Manager" file="/home/meng/Desktop/wptest/wordpress-develop/tests/phpunit/tests/customize/manager.php" line="3121" assertions="2" time="0.046298"/>
        <testcase name="test_customize_preview_settings" class="Tests_WP_Customize_Manager" classname="Tests_WP_Customize_Manager" file="/home/meng/Desktop/wptest/wordpress-develop/tests/phpunit/tests/customize/manager.php" line="3141" assertions="13" time="0.096610"/>
        <testcase name="test_customize_loaded_components_filter" class="Tests_WP_Customize_Manager" classname="Tests_WP_Customize_Manager" file="/home/meng/Desktop/wptest/wordpress-develop/tests/phpunit/tests/customize/manager.php" line="3173" assertions="18" time="0.047652"/>
        <testcase name="test_prepare_controls_stable_sorting" class="Tests_WP_Customize_Manager" classname="Tests_WP_Customize_Manager" file="/home/meng/Desktop/wptest/wordpress-develop/tests/phpunit/tests/customize/manager.php" line="3235" assertions="1" time="0.078686"/>
        <testcase name="test_add_section_return_instance" class="Tests_WP_Customize_Manager" classname="Tests_WP_Customize_Manager" file="/home/meng/Desktop/wptest/wordpress-develop/tests/phpunit/tests/customize/manager.php" line="3275" assertions="5" time="0.042392"/>
        <testcase name="test_add_setting_return_instance" class="Tests_WP_Customize_Manager" classname="Tests_WP_Customize_Manager" file="/home/meng/Desktop/wptest/wordpress-develop/tests/phpunit/tests/customize/manager.php" line="3309" assertions="5" time="0.042672"/>
        <testcase name="test_add_setting_honoring_dynamic" class="Tests_WP_Customize_Manager" classname="Tests_WP_Customize_Manager" file="/home/meng/Desktop/wptest/wordpress-develop/tests/phpunit/tests/customize/manager.php" line="3330" assertions="5" time="0.041634"/>
        <testcase name="test_add_panel_return_instance" class="Tests_WP_Customize_Manager" classname="Tests_WP_Customize_Manager" file="/home/meng/Desktop/wptest/wordpress-develop/tests/phpunit/tests/customize/manager.php" line="3380" assertions="5" time="0.041632"/>
        <testcase name="test_add_control_return_instance" class="Tests_WP_Customize_Manager" classname="Tests_WP_Customize_Manager" file="/home/meng/Desktop/wptest/wordpress-develop/tests/phpunit/tests/customize/manager.php" line="3413" assertions="5" time="0.043498"/>
        <testcase name="test_get_previewable_devices" class="Tests_WP_Customize_Manager" classname="Tests_WP_Customize_Manager" file="/home/meng/Desktop/wptest/wordpress-develop/tests/phpunit/tests/customize/manager.php" line="3461" assertions="2" time="0.039302"/>
        <testcase name="test_prepare_controls_wp_list_sort_controls" class="Tests_WP_Customize_Manager" classname="Tests_WP_Customize_Manager" file="/home/meng/Desktop/wptest/wordpress-develop/tests/phpunit/tests/customize/manager.php" line="3521" assertions="1" time="0.043141"/>
        <testcase name="test_prepare_controls_wp_list_sort_sections" class="Tests_WP_Customize_Manager" classname="Tests_WP_Customize_Manager" file="/home/meng/Desktop/wptest/wordpress-develop/tests/phpunit/tests/customize/manager.php" line="3554" assertions="1" time="0.045009"/>
        <testcase name="test_prepare_controls_wp_list_sort_panels" class="Tests_WP_Customize_Manager" classname="Tests_WP_Customize_Manager" file="/home/meng/Desktop/wptest/wordpress-develop/tests/phpunit/tests/customize/manager.php" line="3583" assertions="1" time="0.039889"/>
        <testcase name="test_sanitize_external_header_video_trim" class="Tests_WP_Customize_Manager" classname="Tests_WP_Customize_Manager" file="/home/meng/Desktop/wptest/wordpress-develop/tests/phpunit/tests/customize/manager.php" line="3614" assertions="6" time="0.048075"/>
      </testsuite>
      <testsuite name="Test_WP_Customize_Nav_Menu_Item_Setting" file="/home/meng/Desktop/wptest/wordpress-develop/tests/phpunit/tests/customize/nav-menu-item-setting.php" tests="21" assertions="253" errors="0" failures="0" skipped="0" time="5.047029">
        <testcase name="test_constants" class="Test_WP_Customize_Nav_Menu_Item_Setting" classname="Test_WP_Customize_Nav_Menu_Item_Setting" file="/home/meng/Desktop/wptest/wordpress-develop/tests/phpunit/tests/customize/nav-menu-item-setting.php" line="57" assertions="1" time="0.130920"/>
        <testcase name="test_construct" class="Test_WP_Customize_Nav_Menu_Item_Setting" classname="Test_WP_Customize_Nav_Menu_Item_Setting" file="/home/meng/Desktop/wptest/wordpress-develop/tests/phpunit/tests/customize/nav-menu-item-setting.php" line="67" assertions="8" time="0.140008"/>
        <testcase name="test_construct_empty_menus" class="Test_WP_Customize_Nav_Menu_Item_Setting" classname="Test_WP_Customize_Nav_Menu_Item_Setting" file="/home/meng/Desktop/wptest/wordpress-develop/tests/phpunit/tests/customize/nav-menu-item-setting.php" line="111" assertions="1" time="0.134428"/>
        <testcase name="test_construct_placeholder" class="Test_WP_Customize_Nav_Menu_Item_Setting" classname="Test_WP_Customize_Nav_Menu_Item_Setting" file="/home/meng/Desktop/wptest/wordpress-develop/tests/phpunit/tests/customize/nav-menu-item-setting.php" line="131" assertions="3" time="0.132858"/>
        <testcase name="test_value_type_post_type" class="Test_WP_Customize_Nav_Menu_Item_Setting" classname="Test_WP_Customize_Nav_Menu_Item_Setting" file="/home/meng/Desktop/wptest/wordpress-develop/tests/phpunit/tests/customize/nav-menu-item-setting.php" line="149" assertions="8" time="0.268747"/>
        <testcase name="test_value_type_post_type_without_label" class="Test_WP_Customize_Nav_Menu_Item_Setting" classname="Test_WP_Customize_Nav_Menu_Item_Setting" file="/home/meng/Desktop/wptest/wordpress-develop/tests/phpunit/tests/customize/nav-menu-item-setting.php" line="200" assertions="2" time="0.211572"/>
        <testcase name="test_value_type_taxonomy" class="Test_WP_Customize_Nav_Menu_Item_Setting" classname="Test_WP_Customize_Nav_Menu_Item_Setting" file="/home/meng/Desktop/wptest/wordpress-develop/tests/phpunit/tests/customize/nav-menu-item-setting.php" line="232" assertions="6" time="0.198926"/>
        <testcase name="test_custom_type_label" class="Test_WP_Customize_Nav_Menu_Item_Setting" classname="Test_WP_Customize_Nav_Menu_Item_Setting" file="/home/meng/Desktop/wptest/wordpress-develop/tests/phpunit/tests/customize/nav-menu-item-setting.php" line="271" assertions="2" time="0.192245"/>
        <testcase name="test_value_nav_menu_term_id_returns_zero" class="Test_WP_Customize_Nav_Menu_Item_Setting" classname="Test_WP_Customize_Nav_Menu_Item_Setting" file="/home/meng/Desktop/wptest/wordpress-develop/tests/phpunit/tests/customize/nav-menu-item-setting.php" line="303" assertions="2" time="0.205756"/>
        <testcase name="test_preview_updated" class="Test_WP_Customize_Nav_Menu_Item_Setting" classname="Test_WP_Customize_Nav_Menu_Item_Setting" file="/home/meng/Desktop/wptest/wordpress-develop/tests/phpunit/tests/customize/nav-menu-item-setting.php" line="348" assertions="8" time="0.285572"/>
        <testcase name="test_preview_inserted" class="Test_WP_Customize_Nav_Menu_Item_Setting" classname="Test_WP_Customize_Nav_Menu_Item_Setting" file="/home/meng/Desktop/wptest/wordpress-develop/tests/phpunit/tests/customize/nav-menu-item-setting.php" line="403" assertions="8" time="0.408682"/>
        <testcase name="test_preview_deleted" class="Test_WP_Customize_Nav_Menu_Item_Setting" classname="Test_WP_Customize_Nav_Menu_Item_Setting" file="/home/meng/Desktop/wptest/wordpress-develop/tests/phpunit/tests/customize/nav-menu-item-setting.php" line="462" assertions="3" time="0.386423"/>
        <testcase name="test_sanitize" class="Test_WP_Customize_Nav_Menu_Item_Setting" classname="Test_WP_Customize_Nav_Menu_Item_Setting" file="/home/meng/Desktop/wptest/wordpress-develop/tests/phpunit/tests/customize/nav-menu-item-setting.php" line="502" assertions="79" time="0.187075"/>
        <testcase name="test_save_updated" class="Test_WP_Customize_Nav_Menu_Item_Setting" classname="Test_WP_Customize_Nav_Menu_Item_Setting" file="/home/meng/Desktop/wptest/wordpress-develop/tests/phpunit/tests/customize/nav-menu-item-setting.php" line="640" assertions="17" time="0.283353"/>
        <testcase name="test_save_inserted" class="Test_WP_Customize_Nav_Menu_Item_Setting" classname="Test_WP_Customize_Nav_Menu_Item_Setting" file="/home/meng/Desktop/wptest/wordpress-develop/tests/phpunit/tests/customize/nav-menu-item-setting.php" line="709" assertions="17" time="0.449100"/>
        <testcase name="test_save_deleted" class="Test_WP_Customize_Nav_Menu_Item_Setting" classname="Test_WP_Customize_Nav_Menu_Item_Setting" file="/home/meng/Desktop/wptest/wordpress-develop/tests/phpunit/tests/customize/nav-menu-item-setting.php" line="782" assertions="12" time="0.433421"/>
        <testcase name="test_invalid_nav_menu_item" class="Test_WP_Customize_Nav_Menu_Item_Setting" classname="Test_WP_Customize_Nav_Menu_Item_Setting" file="/home/meng/Desktop/wptest/wordpress-develop/tests/phpunit/tests/customize/nav-menu-item-setting.php" line="834" assertions="7" time="0.244315"/>
        <testcase name="test_value_as_wp_post_nav_menu_item" class="Test_WP_Customize_Nav_Menu_Item_Setting" classname="Test_WP_Customize_Nav_Menu_Item_Setting" file="/home/meng/Desktop/wptest/wordpress-develop/tests/phpunit/tests/customize/nav-menu-item-setting.php" line="891" assertions="17" time="0.149241"/>
        <testcase name="test_value_as_wp_post_nav_menu_item_term_urls" class="Test_WP_Customize_Nav_Menu_Item_Setting" classname="Test_WP_Customize_Nav_Menu_Item_Setting" file="/home/meng/Desktop/wptest/wordpress-develop/tests/phpunit/tests/customize/nav-menu-item-setting.php" line="951" assertions="3" time="0.152409"/>
        <testcase name="test_get_original_title" class="Test_WP_Customize_Nav_Menu_Item_Setting" classname="Test_WP_Customize_Nav_Menu_Item_Setting" file="/home/meng/Desktop/wptest/wordpress-develop/tests/phpunit/tests/customize/nav-menu-item-setting.php" line="1024" assertions="48" time="0.313169"/>
        <testcase name="test_value_as_wp_post_nav_menu_item_with_empty_title" class="Test_WP_Customize_Nav_Menu_Item_Setting" classname="Test_WP_Customize_Nav_Menu_Item_Setting" file="/home/meng/Desktop/wptest/wordpress-develop/tests/phpunit/tests/customize/nav-menu-item-setting.php" line="1219" assertions="1" time="0.138809"/>
      </testsuite>
      <testsuite name="Test_WP_Customize_Nav_Menu_Setting" file="/home/meng/Desktop/wptest/wordpress-develop/tests/phpunit/tests/customize/nav-menu-setting.php" tests="13" assertions="115" errors="0" failures="0" skipped="0" time="1.988122">
        <testcase name="test_constants" class="Test_WP_Customize_Nav_Menu_Setting" classname="Test_WP_Customize_Nav_Menu_Setting" file="/home/meng/Desktop/wptest/wordpress-develop/tests/phpunit/tests/customize/nav-menu-setting.php" line="53" assertions="1" time="0.140772"/>
        <testcase name="test_construct" class="Test_WP_Customize_Nav_Menu_Setting" classname="Test_WP_Customize_Nav_Menu_Setting" file="/home/meng/Desktop/wptest/wordpress-develop/tests/phpunit/tests/customize/nav-menu-setting.php" line="63" assertions="14" time="0.137760"/>
        <testcase name="test_construct_empty_menus" class="Test_WP_Customize_Nav_Menu_Setting" classname="Test_WP_Customize_Nav_Menu_Setting" file="/home/meng/Desktop/wptest/wordpress-develop/tests/phpunit/tests/customize/nav-menu-setting.php" line="94" assertions="1" time="0.134229"/>
        <testcase name="test_construct_placeholder" class="Test_WP_Customize_Nav_Menu_Setting" classname="Test_WP_Customize_Nav_Menu_Setting" file="/home/meng/Desktop/wptest/wordpress-develop/tests/phpunit/tests/customize/nav-menu-setting.php" line="114" assertions="2" time="0.128956"/>
        <testcase name="test_value" class="Test_WP_Customize_Nav_Menu_Setting" classname="Test_WP_Customize_Nav_Menu_Setting" file="/home/meng/Desktop/wptest/wordpress-develop/tests/phpunit/tests/customize/nav-menu-setting.php" line="131" assertions="8" time="0.170837"/>
        <testcase name="test_preview_updated" class="Test_WP_Customize_Nav_Menu_Setting" classname="Test_WP_Customize_Nav_Menu_Setting" file="/home/meng/Desktop/wptest/wordpress-develop/tests/phpunit/tests/customize/nav-menu-setting.php" line="171" assertions="14" time="0.144992"/>
        <testcase name="test_preview_inserted" class="Test_WP_Customize_Nav_Menu_Setting" classname="Test_WP_Customize_Nav_Menu_Setting" file="/home/meng/Desktop/wptest/wordpress-develop/tests/phpunit/tests/customize/nav-menu-setting.php" line="238" assertions="11" time="0.147587"/>
        <testcase name="test_preview_deleted" class="Test_WP_Customize_Nav_Menu_Setting" classname="Test_WP_Customize_Nav_Menu_Setting" file="/home/meng/Desktop/wptest/wordpress-develop/tests/phpunit/tests/customize/nav-menu-setting.php" line="283" assertions="6" time="0.149570"/>
        <testcase name="test_sanitize" class="Test_WP_Customize_Nav_Menu_Setting" classname="Test_WP_Customize_Nav_Menu_Setting" file="/home/meng/Desktop/wptest/wordpress-develop/tests/phpunit/tests/customize/nav-menu-setting.php" line="322" assertions="8" time="0.139818"/>
        <testcase name="test_save_updated" class="Test_WP_Customize_Nav_Menu_Setting" classname="Test_WP_Customize_Nav_Menu_Setting" file="/home/meng/Desktop/wptest/wordpress-develop/tests/phpunit/tests/customize/nav-menu-setting.php" line="353" assertions="17" time="0.167682"/>
        <testcase name="test_save_inserted" class="Test_WP_Customize_Nav_Menu_Setting" classname="Test_WP_Customize_Nav_Menu_Setting" file="/home/meng/Desktop/wptest/wordpress-develop/tests/phpunit/tests/customize/nav-menu-setting.php" line="418" assertions="17" time="0.202044"/>
        <testcase name="test_save_inserted_conflicted_name" class="Test_WP_Customize_Nav_Menu_Setting" classname="Test_WP_Customize_Nav_Menu_Setting" file="/home/meng/Desktop/wptest/wordpress-develop/tests/phpunit/tests/customize/nav-menu-setting.php" line="467" assertions="2" time="0.156673"/>
        <testcase name="test_save_deleted" class="Test_WP_Customize_Nav_Menu_Setting" classname="Test_WP_Customize_Nav_Menu_Setting" file="/home/meng/Desktop/wptest/wordpress-develop/tests/phpunit/tests/customize/nav-menu-setting.php" line="492" assertions="14" time="0.167203"/>
      </testsuite>
      <testsuite name="Test_WP_Customize_Nav_Menus" file="/home/meng/Desktop/wptest/wordpress-develop/tests/phpunit/tests/customize/nav-menus.php" tests="29" assertions="181" errors="0" failures="0" skipped="0" time="4.998110">
        <testcase name="test_construct" class="Test_WP_Customize_Nav_Menus" classname="Test_WP_Customize_Nav_Menus" file="/home/meng/Desktop/wptest/wordpress-develop/tests/phpunit/tests/customize/nav-menus.php" line="84" assertions="15" time="0.135297"/>
        <testcase name="test_load_available_items_query_returns_wp_error" class="Test_WP_Customize_Nav_Menus" classname="Test_WP_Customize_Nav_Menus" file="/home/meng/Desktop/wptest/wordpress-develop/tests/phpunit/tests/customize/nav-menus.php" line="110" assertions="4" time="0.112245"/>
        <testcase name="test_load_available_items_query_maybe_returns_home" class="Test_WP_Customize_Nav_Menus" classname="Test_WP_Customize_Nav_Menus" file="/home/meng/Desktop/wptest/wordpress-develop/tests/phpunit/tests/customize/nav-menus.php" line="129" assertions="3" time="0.311478"/>
        <testcase name="test_load_available_items_query_returns_post_item_with_page_number" class="Test_WP_Customize_Nav_Menus" classname="Test_WP_Customize_Nav_Menus" file="/home/meng/Desktop/wptest/wordpress-develop/tests/phpunit/tests/customize/nav-menus.php" line="160" assertions="1" time="0.397034"/>
        <testcase name="test_load_available_items_query_returns_page_item" class="Test_WP_Customize_Nav_Menus" classname="Test_WP_Customize_Nav_Menus" file="/home/meng/Desktop/wptest/wordpress-develop/tests/phpunit/tests/customize/nav-menus.php" line="190" assertions="1" time="0.126328"/>
        <testcase name="test_load_available_items_query_returns_post_item" class="Test_WP_Customize_Nav_Menus" classname="Test_WP_Customize_Nav_Menus" file="/home/meng/Desktop/wptest/wordpress-develop/tests/phpunit/tests/customize/nav-menus.php" line="221" assertions="1" time="0.142053"/>
        <testcase name="test_load_available_items_query_returns_term_item" class="Test_WP_Customize_Nav_Menus" classname="Test_WP_Customize_Nav_Menus" file="/home/meng/Desktop/wptest/wordpress-develop/tests/phpunit/tests/customize/nav-menus.php" line="247" assertions="1" time="0.125329"/>
        <testcase name="test_load_available_items_query_returns_custom_item" class="Test_WP_Customize_Nav_Menus" classname="Test_WP_Customize_Nav_Menus" file="/home/meng/Desktop/wptest/wordpress-develop/tests/phpunit/tests/customize/nav-menus.php" line="273" assertions="1" time="0.110889"/>
        <testcase name="test_search_available_items_query" class="Test_WP_Customize_Nav_Menus" classname="Test_WP_Customize_Nav_Menus" file="/home/meng/Desktop/wptest/wordpress-develop/tests/phpunit/tests/customize/nav-menus.php" line="298" assertions="16" time="0.290041"/>
        <testcase name="test_search_available_items_query_should_return_unassigned_term_items" class="Test_WP_Customize_Nav_Menus" classname="Test_WP_Customize_Nav_Menus" file="/home/meng/Desktop/wptest/wordpress-develop/tests/phpunit/tests/customize/nav-menus.php" line="407" assertions="1" time="0.122030"/>
        <testcase name="test_enqueue_scripts" class="Test_WP_Customize_Nav_Menus" classname="Test_WP_Customize_Nav_Menus" file="/home/meng/Desktop/wptest/wordpress-develop/tests/phpunit/tests/customize/nav-menus.php" line="495" assertions="1" time="0.142757"/>
        <testcase name="test_filter_dynamic_setting_args" class="Test_WP_Customize_Nav_Menus" classname="Test_WP_Customize_Nav_Menus" file="/home/meng/Desktop/wptest/wordpress-develop/tests/phpunit/tests/customize/nav-menus.php" line="510" assertions="2" time="0.105105"/>
        <testcase name="test_filter_dynamic_setting_class" class="Test_WP_Customize_Nav_Menus" classname="Test_WP_Customize_Nav_Menus" file="/home/meng/Desktop/wptest/wordpress-develop/tests/phpunit/tests/customize/nav-menus.php" line="527" assertions="2" time="0.137379"/>
        <testcase name="test_customize_register" class="Test_WP_Customize_Nav_Menus" classname="Test_WP_Customize_Nav_Menus" file="/home/meng/Desktop/wptest/wordpress-develop/tests/phpunit/tests/customize/nav-menus.php" line="545" assertions="7" time="0.245477"/>
        <testcase name="test_intval_base10" class="Test_WP_Customize_Nav_Menus" classname="Test_WP_Customize_Nav_Menus" file="/home/meng/Desktop/wptest/wordpress-develop/tests/phpunit/tests/customize/nav-menus.php" line="577" assertions="8" time="0.101269"/>
        <testcase name="test_available_item_types" class="Test_WP_Customize_Nav_Menus" classname="Test_WP_Customize_Nav_Menus" file="/home/meng/Desktop/wptest/wordpress-develop/tests/phpunit/tests/customize/nav-menus.php" line="596" assertions="3" time="0.110389"/>
        <testcase name="test_insert_auto_draft_post" class="Test_WP_Customize_Nav_Menus" classname="Test_WP_Customize_Nav_Menus" file="/home/meng/Desktop/wptest/wordpress-develop/tests/phpunit/tests/customize/nav-menus.php" line="666" assertions="21" time="0.157914"/>
        <testcase name="test_print_templates" class="Test_WP_Customize_Nav_Menus" classname="Test_WP_Customize_Nav_Menus" file="/home/meng/Desktop/wptest/wordpress-develop/tests/phpunit/tests/customize/nav-menus.php" line="732" assertions="1" time="0.135638"/>
        <testcase name="test_available_items_template" class="Test_WP_Customize_Nav_Menus" classname="Test_WP_Customize_Nav_Menus" file="/home/meng/Desktop/wptest/wordpress-develop/tests/phpunit/tests/customize/nav-menus.php" line="756" assertions="26" time="0.143808"/>
        <testcase name="test_customize_dynamic_partial_args" class="Test_WP_Customize_Nav_Menus" classname="Test_WP_Customize_Nav_Menus" file="/home/meng/Desktop/wptest/wordpress-develop/tests/phpunit/tests/customize/nav-menus.php" line="803" assertions="9" time="0.136343"/>
        <testcase name="test_customize_preview_init" class="Test_WP_Customize_Nav_Menus" classname="Test_WP_Customize_Nav_Menus" file="/home/meng/Desktop/wptest/wordpress-develop/tests/phpunit/tests/customize/nav-menus.php" line="825" assertions="3" time="0.133111"/>
        <testcase name="test_make_auto_draft_status_previewable" class="Test_WP_Customize_Nav_Menus" classname="Test_WP_Customize_Nav_Menus" file="/home/meng/Desktop/wptest/wordpress-develop/tests/phpunit/tests/customize/nav-menus.php" line="840" assertions="1" time="0.104660"/>
        <testcase name="test_sanitize_nav_menus_created_posts" class="Test_WP_Customize_Nav_Menus" classname="Test_WP_Customize_Nav_Menus" file="/home/meng/Desktop/wptest/wordpress-develop/tests/phpunit/tests/customize/nav-menus.php" line="852" assertions="3" time="0.362478"/>
        <testcase name="test_save_nav_menus_created_posts" class="Test_WP_Customize_Nav_Menus" classname="Test_WP_Customize_Nav_Menus" file="/home/meng/Desktop/wptest/wordpress-develop/tests/phpunit/tests/customize/nav-menus.php" line="926" assertions="25" time="0.411538"/>
        <testcase name="test_filter_wp_nav_menu_args" class="Test_WP_Customize_Nav_Menus" classname="Test_WP_Customize_Nav_Menus" file="/home/meng/Desktop/wptest/wordpress-develop/tests/phpunit/tests/customize/nav-menus.php" line="1034" assertions="11" time="0.151729"/>
        <testcase name="test_filter_wp_nav_menu" class="Test_WP_Customize_Nav_Menus" classname="Test_WP_Customize_Nav_Menus" file="/home/meng/Desktop/wptest/wordpress-develop/tests/phpunit/tests/customize/nav-menus.php" line="1120" assertions="5" time="0.150643"/>
        <testcase name="test_customize_preview_enqueue_deps" class="Test_WP_Customize_Nav_Menus" classname="Test_WP_Customize_Nav_Menus" file="/home/meng/Desktop/wptest/wordpress-develop/tests/phpunit/tests/customize/nav-menus.php" line="1156" assertions="1" time="0.139835"/>
        <testcase name="test_export_preview_data" class="Test_WP_Customize_Nav_Menus" classname="Test_WP_Customize_Nav_Menus" file="/home/meng/Desktop/wptest/wordpress-develop/tests/phpunit/tests/customize/nav-menus.php" line="1170" assertions="2" time="0.097220"/>
        <testcase name="test_render_nav_menu_partial" class="Test_WP_Customize_Nav_Menus" classname="Test_WP_Customize_Nav_Menus" file="/home/meng/Desktop/wptest/wordpress-develop/tests/phpunit/tests/customize/nav-menus.php" line="1184" assertions="6" time="0.158093"/>
      </testsuite>
      <testsuite name="Tests_WP_Customize_Panel" file="/home/meng/Desktop/wptest/wordpress-develop/tests/phpunit/tests/customize/panel.php" tests="10" assertions="52" errors="0" failures="0" skipped="0" time="0.625490">
        <testcase name="test_construct_default_args" class="Tests_WP_Customize_Panel" classname="Tests_WP_Customize_Panel" file="/home/meng/Desktop/wptest/wordpress-develop/tests/phpunit/tests/customize/panel.php" line="32" assertions="11" time="0.039694"/>
        <testcase name="test_construct_custom_args" class="Tests_WP_Customize_Panel" classname="Tests_WP_Customize_Panel" file="/home/meng/Desktop/wptest/wordpress-develop/tests/phpunit/tests/customize/panel.php" line="50" assertions="7" time="0.036171"/>
        <testcase name="test_construct_custom_type" class="Tests_WP_Customize_Panel" classname="Tests_WP_Customize_Panel" file="/home/meng/Desktop/wptest/wordpress-develop/tests/phpunit/tests/customize/panel.php" line="70" assertions="1" time="0.035361"/>
        <testcase name="test_active" class="Tests_WP_Customize_Panel" classname="Tests_WP_Customize_Panel" file="/home/meng/Desktop/wptest/wordpress-develop/tests/phpunit/tests/customize/panel.php" line="79" assertions="5" time="0.035498"/>
        <testcase name="test_json" class="Tests_WP_Customize_Panel" classname="Tests_WP_Customize_Panel" file="/home/meng/Desktop/wptest/wordpress-develop/tests/phpunit/tests/customize/panel.php" line="110" assertions="8" time="0.038965"/>
        <testcase name="test_check_capabilities" class="Tests_WP_Customize_Panel" classname="Tests_WP_Customize_Panel" file="/home/meng/Desktop/wptest/wordpress-develop/tests/phpunit/tests/customize/panel.php" line="134" assertions="4" time="0.101295"/>
        <testcase name="test_get_content" class="Tests_WP_Customize_Panel" classname="Tests_WP_Customize_Panel" file="/home/meng/Desktop/wptest/wordpress-develop/tests/phpunit/tests/customize/panel.php" line="152" assertions="1" time="0.036156"/>
        <testcase name="test_maybe_render" class="Tests_WP_Customize_Panel" classname="Tests_WP_Customize_Panel" file="/home/meng/Desktop/wptest/wordpress-develop/tests/phpunit/tests/customize/panel.php" line="160" assertions="5" time="0.096625"/>
        <testcase name="test_print_templates_standard" class="Tests_WP_Customize_Panel" classname="Tests_WP_Customize_Panel" file="/home/meng/Desktop/wptest/wordpress-develop/tests/phpunit/tests/customize/panel.php" line="185" assertions="6" time="0.102739"/>
        <testcase name="test_print_templates_custom" class="Tests_WP_Customize_Panel" classname="Tests_WP_Customize_Panel" file="/home/meng/Desktop/wptest/wordpress-develop/tests/phpunit/tests/customize/panel.php" line="203" assertions="4" time="0.102986"/>
      </testsuite>
      <testsuite name="Test_WP_Customize_Partial" file="/home/meng/Desktop/wptest/wordpress-develop/tests/phpunit/tests/customize/partial.php" tests="9" assertions="61" errors="0" failures="0" skipped="0" time="0.474755">
        <testcase name="test_construct_default_args" class="Test_WP_Customize_Partial" classname="Test_WP_Customize_Partial" file="/home/meng/Desktop/wptest/wordpress-develop/tests/phpunit/tests/customize/partial.php" line="47" assertions="9" time="0.038326"/>
        <testcase name="test_construct_non_default_args" class="Test_WP_Customize_Partial" classname="Test_WP_Customize_Partial" file="/home/meng/Desktop/wptest/wordpress-develop/tests/phpunit/tests/customize/partial.php" line="85" assertions="12" time="0.066332"/>
        <testcase name="test_id_data" class="Test_WP_Customize_Partial" classname="Test_WP_Customize_Partial" file="/home/meng/Desktop/wptest/wordpress-develop/tests/phpunit/tests/customize/partial.php" line="132" assertions="4" time="0.036161"/>
        <testcase name="test_render_with_bad_callback_should_give_preference_to_return_value" class="Test_WP_Customize_Partial" classname="Test_WP_Customize_Partial" file="/home/meng/Desktop/wptest/wordpress-develop/tests/phpunit/tests/customize/partial.php" line="222" assertions="2" time="0.044043"/>
        <testcase name="test_render_echo_callback" class="Test_WP_Customize_Partial" classname="Test_WP_Customize_Partial" file="/home/meng/Desktop/wptest/wordpress-develop/tests/phpunit/tests/customize/partial.php" line="239" assertions="10" time="0.039402"/>
        <testcase name="test_render_return_callback" class="Test_WP_Customize_Partial" classname="Test_WP_Customize_Partial" file="/home/meng/Desktop/wptest/wordpress-develop/tests/phpunit/tests/customize/partial.php" line="262" assertions="10" time="0.037444"/>
        <testcase name="test_render_callback_default" class="Test_WP_Customize_Partial" classname="Test_WP_Customize_Partial" file="/home/meng/Desktop/wptest/wordpress-develop/tests/phpunit/tests/customize/partial.php" line="285" assertions="2" time="0.040101"/>
        <testcase name="test_json" class="Test_WP_Customize_Partial" classname="Test_WP_Customize_Partial" file="/home/meng/Desktop/wptest/wordpress-develop/tests/phpunit/tests/customize/partial.php" line="296" assertions="6" time="0.038305"/>
        <testcase name="test_check_capabilities" class="Test_WP_Customize_Partial" classname="Test_WP_Customize_Partial" file="/home/meng/Desktop/wptest/wordpress-develop/tests/phpunit/tests/customize/partial.php" line="324" assertions="6" time="0.134641"/>
      </testsuite>
      <testsuite name="Tests_WP_Customize_Section" file="/home/meng/Desktop/wptest/wordpress-develop/tests/phpunit/tests/customize/section.php" tests="10" assertions="50" errors="0" failures="0" skipped="0" time="0.389488">
        <testcase name="test_construct_default_args" class="Tests_WP_Customize_Section" classname="Tests_WP_Customize_Section" file="/home/meng/Desktop/wptest/wordpress-develop/tests/phpunit/tests/customize/section.php" line="39" assertions="11" time="0.036605"/>
        <testcase name="test_construct_custom_args" class="Tests_WP_Customize_Section" classname="Tests_WP_Customize_Section" file="/home/meng/Desktop/wptest/wordpress-develop/tests/phpunit/tests/customize/section.php" line="57" assertions="8" time="0.039098"/>
        <testcase name="test_construct_custom_type" class="Tests_WP_Customize_Section" classname="Tests_WP_Customize_Section" file="/home/meng/Desktop/wptest/wordpress-develop/tests/phpunit/tests/customize/section.php" line="80" assertions="1" time="0.036598"/>
        <testcase name="test_active" class="Tests_WP_Customize_Section" classname="Tests_WP_Customize_Section" file="/home/meng/Desktop/wptest/wordpress-develop/tests/phpunit/tests/customize/section.php" line="89" assertions="5" time="0.036998"/>
        <testcase name="test_json" class="Tests_WP_Customize_Section" classname="Tests_WP_Customize_Section" file="/home/meng/Desktop/wptest/wordpress-develop/tests/phpunit/tests/customize/section.php" line="120" assertions="9" time="0.038105"/>
        <testcase name="test_check_capabilities" class="Tests_WP_Customize_Section" classname="Tests_WP_Customize_Section" file="/home/meng/Desktop/wptest/wordpress-develop/tests/phpunit/tests/customize/section.php" line="148" assertions="4" time="0.040217"/>
        <testcase name="test_get_content" class="Tests_WP_Customize_Section" classname="Tests_WP_Customize_Section" file="/home/meng/Desktop/wptest/wordpress-develop/tests/phpunit/tests/customize/section.php" line="165" assertions="1" time="0.036697"/>
        <testcase name="test_maybe_render" class="Tests_WP_Customize_Section" classname="Tests_WP_Customize_Section" file="/home/meng/Desktop/wptest/wordpress-develop/tests/phpunit/tests/customize/section.php" line="173" assertions="5" time="0.038950"/>
        <testcase name="test_print_templates_standard" class="Tests_WP_Customize_Section" classname="Tests_WP_Customize_Section" file="/home/meng/Desktop/wptest/wordpress-develop/tests/phpunit/tests/customize/section.php" line="198" assertions="3" time="0.039482"/>
        <testcase name="test_print_templates_custom" class="Tests_WP_Customize_Section" classname="Tests_WP_Customize_Section" file="/home/meng/Desktop/wptest/wordpress-develop/tests/phpunit/tests/customize/section.php" line="213" assertions="3" time="0.046738"/>
      </testsuite>
      <testsuite name="Test_WP_Customize_Selective_Refresh" file="/home/meng/Desktop/wptest/wordpress-develop/tests/phpunit/tests/customize/selective-refresh.php" tests="9" assertions="54" errors="0" failures="0" skipped="0" time="0.472122">
        <testcase name="test_construct" class="Test_WP_Customize_Selective_Refresh" classname="Test_WP_Customize_Selective_Refresh" file="/home/meng/Desktop/wptest/wordpress-develop/tests/phpunit/tests/customize/selective-refresh.php" line="47" assertions="1" time="0.035381"/>
        <testcase name="test_register_scripts" class="Test_WP_Customize_Selective_Refresh" classname="Test_WP_Customize_Selective_Refresh" file="/home/meng/Desktop/wptest/wordpress-develop/tests/phpunit/tests/customize/selective-refresh.php" line="56" assertions="3" time="0.060681"/>
        <testcase name="test_partials" class="Test_WP_Customize_Selective_Refresh" classname="Test_WP_Customize_Selective_Refresh" file="/home/meng/Desktop/wptest/wordpress-develop/tests/phpunit/tests/customize/selective-refresh.php" line="73" assertions="1" time="0.035941"/>
        <testcase name="test_crud_partial" class="Test_WP_Customize_Selective_Refresh" classname="Test_WP_Customize_Selective_Refresh" file="/home/meng/Desktop/wptest/wordpress-develop/tests/phpunit/tests/customize/selective-refresh.php" line="84" assertions="16" time="0.040111"/>
        <testcase name="test_init_preview" class="Test_WP_Customize_Selective_Refresh" classname="Test_WP_Customize_Selective_Refresh" file="/home/meng/Desktop/wptest/wordpress-develop/tests/phpunit/tests/customize/selective-refresh.php" line="113" assertions="2" time="0.036827"/>
        <testcase name="test_enqueue_preview_scripts" class="Test_WP_Customize_Selective_Refresh" classname="Test_WP_Customize_Selective_Refresh" file="/home/meng/Desktop/wptest/wordpress-develop/tests/phpunit/tests/customize/selective-refresh.php" line="124" assertions="3" time="0.053678"/>
        <testcase name="test_export_preview_data" class="Test_WP_Customize_Selective_Refresh" classname="Test_WP_Customize_Selective_Refresh" file="/home/meng/Desktop/wptest/wordpress-develop/tests/phpunit/tests/customize/selective-refresh.php" line="137" assertions="9" time="0.134070"/>
        <testcase name="test_add_dynamic_partials" class="Test_WP_Customize_Selective_Refresh" classname="Test_WP_Customize_Selective_Refresh" file="/home/meng/Desktop/wptest/wordpress-develop/tests/phpunit/tests/customize/selective-refresh.php" line="181" assertions="17" time="0.037471"/>
        <testcase name="test_is_render_partials_request" class="Test_WP_Customize_Selective_Refresh" classname="Test_WP_Customize_Selective_Refresh" file="/home/meng/Desktop/wptest/wordpress-develop/tests/phpunit/tests/customize/selective-refresh.php" line="249" assertions="2" time="0.037962"/>
      </testsuite>
      <testsuite name="Tests_WP_Customize_Setting" file="/home/meng/Desktop/wptest/wordpress-develop/tests/phpunit/tests/customize/setting.php" tests="12" assertions="252" errors="0" failures="0" skipped="0" time="1.012876">
        <testcase name="test_constructor_without_args" class="Tests_WP_Customize_Setting" classname="Tests_WP_Customize_Setting" file="/home/meng/Desktop/wptest/wordpress-develop/tests/phpunit/tests/customize/setting.php" line="34" assertions="13" time="0.037285"/>
        <testcase name="test_constructor_with_args" class="Tests_WP_Customize_Setting" classname="Tests_WP_Customize_Setting" file="/home/meng/Desktop/wptest/wordpress-develop/tests/phpunit/tests/customize/setting.php" line="91" assertions="12" time="0.037258"/>
        <testcase name="test_preview_standard_types_non_multidimensional" class="Tests_WP_Customize_Setting" classname="Tests_WP_Customize_Setting" file="/home/meng/Desktop/wptest/wordpress-develop/tests/phpunit/tests/customize/setting.php" line="139" assertions="64" time="0.136605"/>
        <testcase name="test_preview_standard_types_multidimensional" class="Tests_WP_Customize_Setting" classname="Tests_WP_Customize_Setting" file="/home/meng/Desktop/wptest/wordpress-develop/tests/phpunit/tests/customize/setting.php" line="218" assertions="66" time="0.120237"/>
        <testcase name="test_preview_custom_type" class="Tests_WP_Customize_Setting" classname="Tests_WP_Customize_Setting" file="/home/meng/Desktop/wptest/wordpress-develop/tests/phpunit/tests/customize/setting.php" line="364" assertions="48" time="0.111602"/>
        <testcase name="test_non_posted_setting_applying_default_value_in_preview" class="Tests_WP_Customize_Setting" classname="Tests_WP_Customize_Setting" file="/home/meng/Desktop/wptest/wordpress-develop/tests/phpunit/tests/customize/setting.php" line="476" assertions="5" time="0.047990"/>
        <testcase name="test_update_custom_type" class="Tests_WP_Customize_Setting" classname="Tests_WP_Customize_Setting" file="/home/meng/Desktop/wptest/wordpress-develop/tests/phpunit/tests/customize/setting.php" line="494" assertions="16" time="0.104657"/>
        <testcase name="test_is_current_blog_previewed" class="Tests_WP_Customize_Setting" classname="Tests_WP_Customize_Setting" file="/home/meng/Desktop/wptest/wordpress-develop/tests/phpunit/tests/customize/setting.php" line="553" assertions="5" time="0.107331"/>
        <testcase name="test_option_autoloading" class="Tests_WP_Customize_Setting" classname="Tests_WP_Customize_Setting" file="/home/meng/Desktop/wptest/wordpress-develop/tests/phpunit/tests/customize/setting.php" line="597" assertions="7" time="0.116753"/>
        <testcase name="test_js_value" class="Tests_WP_Customize_Setting" classname="Tests_WP_Customize_Setting" file="/home/meng/Desktop/wptest/wordpress-develop/tests/phpunit/tests/customize/setting.php" line="677" assertions="10" time="0.038284"/>
        <testcase name="test_validate" class="Tests_WP_Customize_Setting" classname="Tests_WP_Customize_Setting" file="/home/meng/Desktop/wptest/wordpress-develop/tests/phpunit/tests/customize/setting.php" line="707" assertions="4" time="0.039045"/>
        <testcase name="test_multidimensional_value_when_previewed" class="Tests_WP_Customize_Setting" classname="Tests_WP_Customize_Setting" file="/home/meng/Desktop/wptest/wordpress-develop/tests/phpunit/tests/customize/setting.php" line="745" assertions="2" time="0.115829"/>
      </testsuite>
      <testsuite name="Tests_WP_Customize_Widgets" file="/home/meng/Desktop/wptest/wordpress-develop/tests/phpunit/tests/customize/widgets.php" tests="22" assertions="293" errors="0" failures="0" skipped="0" time="4.513602">
        <testcase name="test_construct" class="Tests_WP_Customize_Widgets" classname="Tests_WP_Customize_Widgets" file="/home/meng/Desktop/wptest/wordpress-develop/tests/phpunit/tests/customize/widgets.php" line="91" assertions="8" time="0.096676"/>
        <testcase name="test_customize_register_with_deleted_sidebars" class="Tests_WP_Customize_Widgets" classname="Tests_WP_Customize_Widgets" file="/home/meng/Desktop/wptest/wordpress-develop/tests/phpunit/tests/customize/widgets.php" line="103" assertions="7" time="0.110516"/>
        <testcase name="test_get_selective_refreshable_widgets_when_theme_supports" class="Tests_WP_Customize_Widgets" classname="Tests_WP_Customize_Widgets" file="/home/meng/Desktop/wptest/wordpress-develop/tests/phpunit/tests/customize/widgets.php" line="116" assertions="12" time="0.263693"/>
        <testcase name="test_get_selective_refreshable_widgets_when_no_theme_supports" class="Tests_WP_Customize_Widgets" classname="Tests_WP_Customize_Widgets" file="/home/meng/Desktop/wptest/wordpress-develop/tests/phpunit/tests/customize/widgets.php" line="136" assertions="7" time="0.253268"/>
        <testcase name="test_is_widget_selective_refreshable" class="Tests_WP_Customize_Widgets" classname="Tests_WP_Customize_Widgets" file="/home/meng/Desktop/wptest/wordpress-develop/tests/phpunit/tests/customize/widgets.php" line="160" assertions="9" time="0.251624"/>
        <testcase name="test_register_settings" class="Tests_WP_Customize_Widgets" classname="Tests_WP_Customize_Widgets" file="/home/meng/Desktop/wptest/wordpress-develop/tests/phpunit/tests/customize/widgets.php" line="176" assertions="15" time="0.254132"/>
        <testcase name="test_register_settings_without_selective_refresh" class="Tests_WP_Customize_Widgets" classname="Tests_WP_Customize_Widgets" file="/home/meng/Desktop/wptest/wordpress-develop/tests/phpunit/tests/customize/widgets.php" line="228" assertions="15" time="0.261454"/>
        <testcase name="test_register_settings_with_late_theme_support_added" class="Tests_WP_Customize_Widgets" classname="Tests_WP_Customize_Widgets" file="/home/meng/Desktop/wptest/wordpress-develop/tests/phpunit/tests/customize/widgets.php" line="238" assertions="15" time="0.250869"/>
        <testcase name="test_get_setting_args" class="Tests_WP_Customize_Widgets" classname="Tests_WP_Customize_Widgets" file="/home/meng/Desktop/wptest/wordpress-develop/tests/phpunit/tests/customize/widgets.php" line="254" assertions="41" time="0.263024"/>
        <testcase name="test_sanitize_widget_js_instance" class="Tests_WP_Customize_Widgets" classname="Tests_WP_Customize_Widgets" file="/home/meng/Desktop/wptest/wordpress-develop/tests/phpunit/tests/customize/widgets.php" line="343" assertions="13" time="0.263137"/>
        <testcase name="test_get_widget_control" class="Tests_WP_Customize_Widgets" classname="Tests_WP_Customize_Widgets" file="/home/meng/Desktop/wptest/wordpress-develop/tests/phpunit/tests/customize/widgets.php" line="394" assertions="10" time="0.271758"/>
        <testcase name="test_get_widget_control_parts" class="Tests_WP_Customize_Widgets" classname="Tests_WP_Customize_Widgets" file="/home/meng/Desktop/wptest/wordpress-develop/tests/phpunit/tests/customize/widgets.php" line="407" assertions="13" time="0.260500"/>
        <testcase name="test_wp_widget_form_customize_control_json" class="Tests_WP_Customize_Widgets" classname="Tests_WP_Customize_Widgets" file="/home/meng/Desktop/wptest/wordpress-develop/tests/phpunit/tests/customize/widgets.php" line="423" assertions="18" time="0.275071"/>
        <testcase name="test_is_panel_active" class="Tests_WP_Customize_Widgets" classname="Tests_WP_Customize_Widgets" file="/home/meng/Desktop/wptest/wordpress-develop/tests/phpunit/tests/customize/widgets.php" line="445" assertions="11" time="0.248864"/>
        <testcase name="test_call_widget_update" class="Tests_WP_Customize_Widgets" classname="Tests_WP_Customize_Widgets" file="/home/meng/Desktop/wptest/wordpress-develop/tests/phpunit/tests/customize/widgets.php" line="462" assertions="19" time="0.258927"/>
        <testcase name="test_customize_dynamic_partial_args" class="Tests_WP_Customize_Widgets" classname="Tests_WP_Customize_Widgets" file="/home/meng/Desktop/wptest/wordpress-develop/tests/phpunit/tests/customize/widgets.php" line="518" assertions="16" time="0.143249"/>
        <testcase name="test_selective_refresh_init_with_theme_support" class="Tests_WP_Customize_Widgets" classname="Tests_WP_Customize_Widgets" file="/home/meng/Desktop/wptest/wordpress-develop/tests/phpunit/tests/customize/widgets.php" line="544" assertions="10" time="0.098864"/>
        <testcase name="test_selective_refresh_init_without_theme_support" class="Tests_WP_Customize_Widgets" classname="Tests_WP_Customize_Widgets" file="/home/meng/Desktop/wptest/wordpress-develop/tests/phpunit/tests/customize/widgets.php" line="558" assertions="10" time="0.104508"/>
        <testcase name="test_customize_preview_enqueue" class="Tests_WP_Customize_Widgets" classname="Tests_WP_Customize_Widgets" file="/home/meng/Desktop/wptest/wordpress-develop/tests/phpunit/tests/customize/widgets.php" line="572" assertions="9" time="0.120872"/>
        <testcase name="test_filter_dynamic_sidebar_params" class="Tests_WP_Customize_Widgets" classname="Tests_WP_Customize_Widgets" file="/home/meng/Desktop/wptest/wordpress-develop/tests/phpunit/tests/customize/widgets.php" line="587" assertions="15" time="0.102409"/>
        <testcase name="test_render_widget_partial" class="Tests_WP_Customize_Widgets" classname="Tests_WP_Customize_Widgets" file="/home/meng/Desktop/wptest/wordpress-develop/tests/phpunit/tests/customize/widgets.php" line="642" assertions="13" time="0.257262"/>
        <testcase name="test_deprecated_methods" class="Tests_WP_Customize_Widgets" classname="Tests_WP_Customize_Widgets" file="/home/meng/Desktop/wptest/wordpress-develop/tests/phpunit/tests/customize/widgets.php" line="666" assertions="7" time="0.102925"/>
      </testsuite>
      <testsuite name="Tests_Date_Current_Time" file="/home/meng/Desktop/wptest/wordpress-develop/tests/phpunit/tests/date/currentTime.php" tests="6" assertions="17" errors="0" failures="0" skipped="0" time="0.204591">
        <testcase name="test_current_time_with_date_format_string" class="Tests_Date_Current_Time" classname="Tests_Date_Current_Time" file="/home/meng/Desktop/wptest/wordpress-develop/tests/phpunit/tests/date/currentTime.php" line="12" assertions="2" time="0.032153"/>
        <testcase name="test_current_time_with_mysql_format" class="Tests_Date_Current_Time" classname="Tests_Date_Current_Time" file="/home/meng/Desktop/wptest/wordpress-develop/tests/phpunit/tests/date/currentTime.php" line="26" assertions="2" time="0.044582"/>
        <testcase name="test_current_time_with_timestamp" class="Tests_Date_Current_Time" classname="Tests_Date_Current_Time" file="/home/meng/Desktop/wptest/wordpress-develop/tests/phpunit/tests/date/currentTime.php" line="40" assertions="2" time="0.031171"/>
        <testcase name="test_should_work_with_changed_timezone" class="Tests_Date_Current_Time" classname="Tests_Date_Current_Time" file="/home/meng/Desktop/wptest/wordpress-develop/tests/phpunit/tests/date/currentTime.php" line="55" assertions="4" time="0.032872"/>
        <testcase name="test_should_return_wp_timestamp" class="Tests_Date_Current_Time" classname="Tests_Date_Current_Time" file="/home/meng/Desktop/wptest/wordpress-develop/tests/phpunit/tests/date/currentTime.php" line="82" assertions="5" time="0.032288"/>
        <testcase name="test_should_return_correct_local_time" class="Tests_Date_Current_Time" classname="Tests_Date_Current_Time" file="/home/meng/Desktop/wptest/wordpress-develop/tests/phpunit/tests/date/currentTime.php" line="107" assertions="2" time="0.031525"/>
      </testsuite>
      <testsuite name="Tests_Date_I18n" file="/home/meng/Desktop/wptest/wordpress-develop/tests/phpunit/tests/date/dateI18n.php" tests="20" assertions="25" errors="0" failures="0" skipped="0" time="0.640049">
        <testcase name="test_should_return_current_time_on_invalid_timestamp" class="Tests_Date_I18n" classname="Tests_Date_I18n" file="/home/meng/Desktop/wptest/wordpress-develop/tests/phpunit/tests/date/dateI18n.php" line="12" assertions="1" time="0.032531"/>
        <testcase name="test_should_handle_zero_timestamp" class="Tests_Date_I18n" classname="Tests_Date_I18n" file="/home/meng/Desktop/wptest/wordpress-develop/tests/phpunit/tests/date/dateI18n.php" line="25" assertions="2" time="0.032377"/>
        <testcase name="test_should_format_date" class="Tests_Date_I18n" classname="Tests_Date_I18n" file="/home/meng/Desktop/wptest/wordpress-develop/tests/phpunit/tests/date/dateI18n.php" line="40" assertions="1" time="0.030306"/>
        <testcase name="test_should_use_custom_timestamp" class="Tests_Date_I18n" classname="Tests_Date_I18n" file="/home/meng/Desktop/wptest/wordpress-develop/tests/phpunit/tests/date/dateI18n.php" line="44" assertions="1" time="0.029606"/>
        <testcase name="test_date_should_be_in_gmt" class="Tests_Date_I18n" classname="Tests_Date_I18n" file="/home/meng/Desktop/wptest/wordpress-develop/tests/phpunit/tests/date/dateI18n.php" line="48" assertions="1" time="0.033467"/>
        <testcase name="test_custom_timezone_setting" class="Tests_Date_I18n" classname="Tests_Date_I18n" file="/home/meng/Desktop/wptest/wordpress-develop/tests/phpunit/tests/date/dateI18n.php" line="52" assertions="1" time="0.031790"/>
        <testcase name="test_date_should_be_in_gmt_with_custom_timezone_setting" class="Tests_Date_I18n" classname="Tests_Date_I18n" file="/home/meng/Desktop/wptest/wordpress-develop/tests/phpunit/tests/date/dateI18n.php" line="58" assertions="1" time="0.032353"/>
        <testcase name="test_date_should_be_in_gmt_with_custom_timezone_setting_and_timestamp" class="Tests_Date_I18n" classname="Tests_Date_I18n" file="/home/meng/Desktop/wptest/wordpress-develop/tests/phpunit/tests/date/dateI18n.php" line="64" assertions="1" time="0.031022"/>
        <testcase name="test_adjusts_format_based_on_locale" class="Tests_Date_I18n" classname="Tests_Date_I18n" file="/home/meng/Desktop/wptest/wordpress-develop/tests/phpunit/tests/date/dateI18n.php" line="70" assertions="1" time="0.029420"/>
        <testcase name="test_adjusts_format_based_on_timezone_string" class="Tests_Date_I18n" classname="Tests_Date_I18n" file="/home/meng/Desktop/wptest/wordpress-develop/tests/phpunit/tests/date/dateI18n.php" line="93" assertions="1" time="0.031612"/>
        <testcase name="test_gmt_offset_should_output_correct_timezone" class="Tests_Date_I18n" classname="Tests_Date_I18n" file="/home/meng/Desktop/wptest/wordpress-develop/tests/phpunit/tests/date/dateI18n.php" line="102" assertions="1" time="0.031922"/>
        <testsuite name="Tests_Date_I18n::test_date_i18n_handles_shorthand_formats" tests="2" assertions="4" errors="0" failures="0" skipped="0" time="0.069314">
          <testcase name="test_date_i18n_handles_shorthand_formats with data set #0" class="Tests_Date_I18n" classname="Tests_Date_I18n" file="/home/meng/Desktop/wptest/wordpress-develop/tests/phpunit/tests/date/dateI18n.php" line="121" assertions="2" time="0.032313"/>
          <testcase name="test_date_i18n_handles_shorthand_formats with data set #1" class="Tests_Date_I18n" classname="Tests_Date_I18n" file="/home/meng/Desktop/wptest/wordpress-develop/tests/phpunit/tests/date/dateI18n.php" line="121" assertions="2" time="0.037001"/>
        </testsuite>
        <testcase name="test_should_return_wp_timestamp" class="Tests_Date_I18n" classname="Tests_Date_I18n" file="/home/meng/Desktop/wptest/wordpress-develop/tests/phpunit/tests/date/dateI18n.php" line="144" assertions="3" time="0.030564"/>
        <testcase name="test_swatch_internet_time_with_wp_timestamp" class="Tests_Date_I18n" classname="Tests_Date_I18n" file="/home/meng/Desktop/wptest/wordpress-develop/tests/phpunit/tests/date/dateI18n.php" line="159" assertions="1" time="0.032235"/>
        <testcase name="test_should_handle_escaped_formats" class="Tests_Date_I18n" classname="Tests_Date_I18n" file="/home/meng/Desktop/wptest/wordpress-develop/tests/phpunit/tests/date/dateI18n.php" line="168" assertions="1" time="0.029627"/>
        <testsuite name="Tests_Date_I18n::test_should_handle_dst" tests="4" assertions="4" errors="0" failures="0" skipped="0" time="0.131903">
          <testcase name="test_should_handle_dst with data set &quot;Before DST start&quot;" class="Tests_Date_I18n" classname="Tests_Date_I18n" file="/home/meng/Desktop/wptest/wordpress-develop/tests/phpunit/tests/date/dateI18n.php" line="182" assertions="1" time="0.031776"/>
          <testcase name="test_should_handle_dst with data set &quot;After DST start&quot;" class="Tests_Date_I18n" classname="Tests_Date_I18n" file="/home/meng/Desktop/wptest/wordpress-develop/tests/phpunit/tests/date/dateI18n.php" line="182" assertions="1" time="0.034968"/>
          <testcase name="test_should_handle_dst with data set &quot;Before DST end&quot;" class="Tests_Date_I18n" classname="Tests_Date_I18n" file="/home/meng/Desktop/wptest/wordpress-develop/tests/phpunit/tests/date/dateI18n.php" line="182" assertions="1" time="0.033907"/>
          <testcase name="test_should_handle_dst with data set &quot;After DST end&quot;" class="Tests_Date_I18n" classname="Tests_Date_I18n" file="/home/meng/Desktop/wptest/wordpress-develop/tests/phpunit/tests/date/dateI18n.php" line="182" assertions="1" time="0.031252"/>
        </testsuite>
      </testsuite>
      <testsuite name="Tests_Date_Get_Comment_Date" file="/home/meng/Desktop/wptest/wordpress-develop/tests/phpunit/tests/date/getCommentDate.php" tests="4" assertions="6" errors="0" failures="0" skipped="0" time="0.140166">
        <testcase name="test_get_comment_date_returns_correct_time_with_comment_id" class="Tests_Date_Get_Comment_Date" classname="Tests_Date_Get_Comment_Date" file="/home/meng/Desktop/wptest/wordpress-develop/tests/phpunit/tests/date/getCommentDate.php" line="13" assertions="1" time="0.035335"/>
        <testcase name="test_get_comment_date_returns_correct_time_with_empty_format" class="Tests_Date_Get_Comment_Date" classname="Tests_Date_Get_Comment_Date" file="/home/meng/Desktop/wptest/wordpress-develop/tests/phpunit/tests/date/getCommentDate.php" line="22" assertions="2" time="0.035888"/>
        <testcase name="test_get_comment_time_returns_correct_time" class="Tests_Date_Get_Comment_Date" classname="Tests_Date_Get_Comment_Date" file="/home/meng/Desktop/wptest/wordpress-develop/tests/phpunit/tests/date/getCommentDate.php" line="32" assertions="1" time="0.034178"/>
        <testcase name="test_get_comment_time_returns_correct_time_with_empty_format" class="Tests_Date_Get_Comment_Date" classname="Tests_Date_Get_Comment_Date" file="/home/meng/Desktop/wptest/wordpress-develop/tests/phpunit/tests/date/getCommentDate.php" line="42" assertions="2" time="0.034765"/>
      </testsuite>
      <testsuite name="Tests_Date_Get_Feed_Build_Date" file="/home/meng/Desktop/wptest/wordpress-develop/tests/phpunit/tests/date/getFeedBuildDate.php" tests="2" assertions="4" errors="0" failures="0" skipped="0" time="0.161129">
        <testcase name="test_should_return_correct_feed_build_date" class="Tests_Date_Get_Feed_Build_Date" classname="Tests_Date_Get_Feed_Build_Date" file="/home/meng/Desktop/wptest/wordpress-develop/tests/phpunit/tests/date/getFeedBuildDate.php" line="23" assertions="1" time="0.069002"/>
        <testcase name="test_should_fall_back_to_last_post_modified" class="Tests_Date_Get_Feed_Build_Date" classname="Tests_Date_Get_Feed_Build_Date" file="/home/meng/Desktop/wptest/wordpress-develop/tests/phpunit/tests/date/getFeedBuildDate.php" line="46" assertions="3" time="0.092127"/>
      </testsuite>
      <testsuite name="Tests_Date_Get_Permalink" file="/home/meng/Desktop/wptest/wordpress-develop/tests/phpunit/tests/date/getPermalink.php" tests="1" assertions="2" errors="0" failures="0" skipped="0" time="0.063394">
        <testcase name="test_should_return_correct_date_permalink_with_changed_time_zone" class="Tests_Date_Get_Permalink" classname="Tests_Date_Get_Permalink" file="/home/meng/Desktop/wptest/wordpress-develop/tests/phpunit/tests/date/getPermalink.php" line="22" assertions="2" time="0.063394"/>
      </testsuite>
      <testsuite name="Tests_Date_Get_Post_Time" file="/home/meng/Desktop/wptest/wordpress-develop/tests/phpunit/tests/date/getPostTime.php" tests="7" assertions="28" errors="0" failures="0" skipped="0" time="0.384644">
        <testcase name="test_get_post_time_returns_correct_time_with_post_id" class="Tests_Date_Get_Post_Time" classname="Tests_Date_Get_Post_Time" file="/home/meng/Desktop/wptest/wordpress-develop/tests/phpunit/tests/date/getPostTime.php" line="13" assertions="1" time="0.064001"/>
        <testcase name="test_get_post_time_returns_false_with_null_or_non_existing_post" class="Tests_Date_Get_Post_Time" classname="Tests_Date_Get_Post_Time" file="/home/meng/Desktop/wptest/wordpress-develop/tests/phpunit/tests/date/getPostTime.php" line="22" assertions="4" time="0.034945"/>
        <testcase name="test_get_post_modified_time_returns_correct_time_with_post_id" class="Tests_Date_Get_Post_Time" classname="Tests_Date_Get_Post_Time" file="/home/meng/Desktop/wptest/wordpress-develop/tests/phpunit/tests/date/getPostTime.php" line="32" assertions="1" time="0.059689"/>
        <testcase name="test_get_post_modified_time_returns_false_with_null_or_non_existing_post" class="Tests_Date_Get_Post_Time" classname="Tests_Date_Get_Post_Time" file="/home/meng/Desktop/wptest/wordpress-develop/tests/phpunit/tests/date/getPostTime.php" line="41" assertions="4" time="0.030287"/>
        <testcase name="test_should_return_wp_timestamp" class="Tests_Date_Get_Post_Time" classname="Tests_Date_Get_Post_Time" file="/home/meng/Desktop/wptest/wordpress-develop/tests/phpunit/tests/date/getPostTime.php" line="51" assertions="8" time="0.063478"/>
        <testcase name="test_should_return_time" class="Tests_Date_Get_Post_Time" classname="Tests_Date_Get_Post_Time" file="/home/meng/Desktop/wptest/wordpress-develop/tests/phpunit/tests/date/getPostTime.php" line="80" assertions="8" time="0.070643"/>
        <testcase name="test_should_keep_utc_time_on_timezone_change" class="Tests_Date_Get_Post_Time" classname="Tests_Date_Get_Post_Time" file="/home/meng/Desktop/wptest/wordpress-develop/tests/phpunit/tests/date/getPostTime.php" line="108" assertions="2" time="0.061601"/>
      </testsuite>
      <testsuite name="Tests_Date_Get_The_Date" file="/home/meng/Desktop/wptest/wordpress-develop/tests/phpunit/tests/date/getTheDate.php" tests="6" assertions="14" errors="0" failures="0" skipped="0" time="0.308153">
        <testcase name="test_get_the_date_returns_correct_time_with_post_id" class="Tests_Date_Get_The_Date" classname="Tests_Date_Get_The_Date" file="/home/meng/Desktop/wptest/wordpress-develop/tests/phpunit/tests/date/getTheDate.php" line="13" assertions="1" time="0.060635"/>
        <testcase name="test_get_the_date_returns_false_with_null_or_non_existing_post" class="Tests_Date_Get_The_Date" classname="Tests_Date_Get_The_Date" file="/home/meng/Desktop/wptest/wordpress-develop/tests/phpunit/tests/date/getTheDate.php" line="22" assertions="4" time="0.033539"/>
        <testcase name="test_get_the_date_returns_correct_time_with_empty_format" class="Tests_Date_Get_The_Date" classname="Tests_Date_Get_The_Date" file="/home/meng/Desktop/wptest/wordpress-develop/tests/phpunit/tests/date/getTheDate.php" line="32" assertions="2" time="0.060414"/>
        <testcase name="test_get_the_time_returns_correct_time_with_post_id" class="Tests_Date_Get_The_Date" classname="Tests_Date_Get_The_Date" file="/home/meng/Desktop/wptest/wordpress-develop/tests/phpunit/tests/date/getTheDate.php" line="42" assertions="1" time="0.063617"/>
        <testcase name="test_get_the_time_returns_false_with_null_or_non_existing_post" class="Tests_Date_Get_The_Date" classname="Tests_Date_Get_The_Date" file="/home/meng/Desktop/wptest/wordpress-develop/tests/phpunit/tests/date/getTheDate.php" line="51" assertions="4" time="0.030779"/>
        <testcase name="test_get_the_time_returns_correct_time_with_empty_format" class="Tests_Date_Get_The_Date" classname="Tests_Date_Get_The_Date" file="/home/meng/Desktop/wptest/wordpress-develop/tests/phpunit/tests/date/getTheDate.php" line="61" assertions="2" time="0.059169"/>
      </testsuite>
      <testsuite name="Tests_Date_Get_The_Modified_Date" file="/home/meng/Desktop/wptest/wordpress-develop/tests/phpunit/tests/date/getTheModifiedDate.php" tests="10" assertions="20" errors="0" failures="0" skipped="0" time="0.478140">
        <testcase name="test_get_the_modified_date_with_post_id" class="Tests_Date_Get_The_Modified_Date" classname="Tests_Date_Get_The_Modified_Date" file="/home/meng/Desktop/wptest/wordpress-develop/tests/phpunit/tests/date/getTheModifiedDate.php" line="17" assertions="1" time="0.060517"/>
        <testcase name="test_get_the_modified_date_default" class="Tests_Date_Get_The_Modified_Date" classname="Tests_Date_Get_The_Modified_Date" file="/home/meng/Desktop/wptest/wordpress-develop/tests/phpunit/tests/date/getTheModifiedDate.php" line="36" assertions="1" time="0.061170"/>
        <testcase name="test_get_the_modified_date_failures_are_filtered" class="Tests_Date_Get_The_Modified_Date" classname="Tests_Date_Get_The_Modified_Date" file="/home/meng/Desktop/wptest/wordpress-develop/tests/phpunit/tests/date/getTheModifiedDate.php" line="59" assertions="2" time="0.029757"/>
        <testcase name="test_get_the_modified_date_returns_false_with_null_or_non_existing_post" class="Tests_Date_Get_The_Modified_Date" classname="Tests_Date_Get_The_Modified_Date" file="/home/meng/Desktop/wptest/wordpress-develop/tests/phpunit/tests/date/getTheModifiedDate.php" line="84" assertions="4" time="0.030137"/>
        <testcase name="test_get_the_modified_date_returns_correct_time_with_empty_format" class="Tests_Date_Get_The_Modified_Date" classname="Tests_Date_Get_The_Modified_Date" file="/home/meng/Desktop/wptest/wordpress-develop/tests/phpunit/tests/date/getTheModifiedDate.php" line="94" assertions="2" time="0.060016"/>
        <testcase name="test_get_the_modified_time_with_post_id" class="Tests_Date_Get_The_Modified_Date" classname="Tests_Date_Get_The_Modified_Date" file="/home/meng/Desktop/wptest/wordpress-develop/tests/phpunit/tests/date/getTheModifiedDate.php" line="108" assertions="1" time="0.059277"/>
        <testcase name="test_get_the_modified_time_default" class="Tests_Date_Get_The_Modified_Date" classname="Tests_Date_Get_The_Modified_Date" file="/home/meng/Desktop/wptest/wordpress-develop/tests/phpunit/tests/date/getTheModifiedDate.php" line="127" assertions="1" time="0.057531"/>
        <testcase name="test_get_the_modified_time_failures_are_filtered" class="Tests_Date_Get_The_Modified_Date" classname="Tests_Date_Get_The_Modified_Date" file="/home/meng/Desktop/wptest/wordpress-develop/tests/phpunit/tests/date/getTheModifiedDate.php" line="150" assertions="2" time="0.029585"/>
        <testcase name="test_get_the_modified_time_returns_false_with_null_or_non_existing_post" class="Tests_Date_Get_The_Modified_Date" classname="Tests_Date_Get_The_Modified_Date" file="/home/meng/Desktop/wptest/wordpress-develop/tests/phpunit/tests/date/getTheModifiedDate.php" line="175" assertions="4" time="0.030989"/>
        <testcase name="test_get_the_modified_time_returns_correct_time_with_empty_format" class="Tests_Date_Get_The_Modified_Date" classname="Tests_Date_Get_The_Modified_Date" file="/home/meng/Desktop/wptest/wordpress-develop/tests/phpunit/tests/date/getTheModifiedDate.php" line="185" assertions="2" time="0.059161"/>
      </testsuite>
      <testsuite name="Tests_Functions_MaybeDeclineDate" file="/home/meng/Desktop/wptest/wordpress-develop/tests/phpunit/tests/date/maybeDeclineDate.php" tests="15" assertions="15" errors="0" failures="0" skipped="0" time="0.452884">
        <testsuite name="Tests_Functions_MaybeDeclineDate::test_wp_maybe_decline_date" tests="15" assertions="15" errors="0" failures="0" skipped="0" time="0.452884">
          <testcase name="test_wp_maybe_decline_date with data set #0" class="Tests_Functions_MaybeDeclineDate" classname="Tests_Functions_MaybeDeclineDate" file="/home/meng/Desktop/wptest/wordpress-develop/tests/phpunit/tests/date/maybeDeclineDate.php" line="45" assertions="1" time="0.030395"/>
          <testcase name="test_wp_maybe_decline_date with data set #1" class="Tests_Functions_MaybeDeclineDate" classname="Tests_Functions_MaybeDeclineDate" file="/home/meng/Desktop/wptest/wordpress-develop/tests/phpunit/tests/date/maybeDeclineDate.php" line="45" assertions="1" time="0.032984"/>
          <testcase name="test_wp_maybe_decline_date with data set #2" class="Tests_Functions_MaybeDeclineDate" classname="Tests_Functions_MaybeDeclineDate" file="/home/meng/Desktop/wptest/wordpress-develop/tests/phpunit/tests/date/maybeDeclineDate.php" line="45" assertions="1" time="0.031324"/>
          <testcase name="test_wp_maybe_decline_date with data set #3" class="Tests_Functions_MaybeDeclineDate" classname="Tests_Functions_MaybeDeclineDate" file="/home/meng/Desktop/wptest/wordpress-develop/tests/phpunit/tests/date/maybeDeclineDate.php" line="45" assertions="1" time="0.029319"/>
          <testcase name="test_wp_maybe_decline_date with data set #4" class="Tests_Functions_MaybeDeclineDate" classname="Tests_Functions_MaybeDeclineDate" file="/home/meng/Desktop/wptest/wordpress-develop/tests/phpunit/tests/date/maybeDeclineDate.php" line="45" assertions="1" time="0.028896"/>
          <testcase name="test_wp_maybe_decline_date with data set #5" class="Tests_Functions_MaybeDeclineDate" classname="Tests_Functions_MaybeDeclineDate" file="/home/meng/Desktop/wptest/wordpress-develop/tests/phpunit/tests/date/maybeDeclineDate.php" line="45" assertions="1" time="0.029193"/>
          <testcase name="test_wp_maybe_decline_date with data set #6" class="Tests_Functions_MaybeDeclineDate" classname="Tests_Functions_MaybeDeclineDate" file="/home/meng/Desktop/wptest/wordpress-develop/tests/phpunit/tests/date/maybeDeclineDate.php" line="45" assertions="1" time="0.029380"/>
          <testcase name="test_wp_maybe_decline_date with data set #7" class="Tests_Functions_MaybeDeclineDate" classname="Tests_Functions_MaybeDeclineDate" file="/home/meng/Desktop/wptest/wordpress-develop/tests/phpunit/tests/date/maybeDeclineDate.php" line="45" assertions="1" time="0.029032"/>
          <testcase name="test_wp_maybe_decline_date with data set #8" class="Tests_Functions_MaybeDeclineDate" classname="Tests_Functions_MaybeDeclineDate" file="/home/meng/Desktop/wptest/wordpress-develop/tests/phpunit/tests/date/maybeDeclineDate.php" line="45" assertions="1" time="0.029928"/>
          <testcase name="test_wp_maybe_decline_date with data set #9" class="Tests_Functions_MaybeDeclineDate" classname="Tests_Functions_MaybeDeclineDate" file="/home/meng/Desktop/wptest/wordpress-develop/tests/phpunit/tests/date/maybeDeclineDate.php" line="45" assertions="1" time="0.030411"/>
          <testcase name="test_wp_maybe_decline_date with data set #10" class="Tests_Functions_MaybeDeclineDate" classname="Tests_Functions_MaybeDeclineDate" file="/home/meng/Desktop/wptest/wordpress-develop/tests/phpunit/tests/date/maybeDeclineDate.php" line="45" assertions="1" time="0.030122"/>
          <testcase name="test_wp_maybe_decline_date with data set #11" class="Tests_Functions_MaybeDeclineDate" classname="Tests_Functions_MaybeDeclineDate" file="/home/meng/Desktop/wptest/wordpress-develop/tests/phpunit/tests/date/maybeDeclineDate.php" line="45" assertions="1" time="0.031863"/>
          <testcase name="test_wp_maybe_decline_date with data set #12" class="Tests_Functions_MaybeDeclineDate" classname="Tests_Functions_MaybeDeclineDate" file="/home/meng/Desktop/wptest/wordpress-develop/tests/phpunit/tests/date/maybeDeclineDate.php" line="45" assertions="1" time="0.030043"/>
          <testcase name="test_wp_maybe_decline_date with data set #13" class="Tests_Functions_MaybeDeclineDate" classname="Tests_Functions_MaybeDeclineDate" file="/home/meng/Desktop/wptest/wordpress-develop/tests/phpunit/tests/date/maybeDeclineDate.php" line="45" assertions="1" time="0.029244"/>
          <testcase name="test_wp_maybe_decline_date with data set #14" class="Tests_Functions_MaybeDeclineDate" classname="Tests_Functions_MaybeDeclineDate" file="/home/meng/Desktop/wptest/wordpress-develop/tests/phpunit/tests/date/maybeDeclineDate.php" line="45" assertions="1" time="0.030750"/>
        </testsuite>
      </testsuite>
      <testsuite name="Tests_Date_mysql2date" file="/home/meng/Desktop/wptest/wordpress-develop/tests/phpunit/tests/date/mysql2date.php" tests="6" assertions="11" errors="0" failures="0" skipped="0" time="0.193644">
        <testcase name="test_mysql2date_returns_false_with_no_date" class="Tests_Date_mysql2date" classname="Tests_Date_mysql2date" file="/home/meng/Desktop/wptest/wordpress-develop/tests/phpunit/tests/date/mysql2date.php" line="19" assertions="1" time="0.028689"/>
        <testcase name="test_mysql2date_returns_gmt_or_unix_timestamp" class="Tests_Date_mysql2date" classname="Tests_Date_mysql2date" file="/home/meng/Desktop/wptest/wordpress-develop/tests/phpunit/tests/date/mysql2date.php" line="26" assertions="2" time="0.029169"/>
        <testcase name="test_mysql2date_should_format_time" class="Tests_Date_mysql2date" classname="Tests_Date_mysql2date" file="/home/meng/Desktop/wptest/wordpress-develop/tests/phpunit/tests/date/mysql2date.php" line="34" assertions="2" time="0.033311"/>
        <testcase name="test_mysql2date_should_format_time_with_changed_time_zone" class="Tests_Date_mysql2date" classname="Tests_Date_mysql2date" file="/home/meng/Desktop/wptest/wordpress-develop/tests/phpunit/tests/date/mysql2date.php" line="48" assertions="2" time="0.032132"/>
        <testcase name="test_mysql2date_should_return_wp_timestamp" class="Tests_Date_mysql2date" classname="Tests_Date_mysql2date" file="/home/meng/Desktop/wptest/wordpress-develop/tests/phpunit/tests/date/mysql2date.php" line="64" assertions="2" time="0.039207"/>
        <testcase name="test_mysql2date_should_return_unix_timestamp_for_gmt_time" class="Tests_Date_mysql2date" classname="Tests_Date_mysql2date" file="/home/meng/Desktop/wptest/wordpress-develop/tests/phpunit/tests/date/mysql2date.php" line="78" assertions="2" time="0.031136"/>
      </testsuite>
      <testsuite name="Tests_WP_Date_Query" file="/home/meng/Desktop/wptest/wordpress-develop/tests/phpunit/tests/date/query.php" tests="85" assertions="778" errors="0" failures="0" skipped="0" time="2.844179">
        <testcase name="test_construct_date_query_empty" class="Tests_WP_Date_Query" classname="Tests_WP_Date_Query" file="/home/meng/Desktop/wptest/wordpress-develop/tests/phpunit/tests/date/query.php" line="20" assertions="4" time="0.029411"/>
        <testcase name="test_construct_date_query_non_array" class="Tests_WP_Date_Query" classname="Tests_WP_Date_Query" file="/home/meng/Desktop/wptest/wordpress-develop/tests/phpunit/tests/date/query.php" line="28" assertions="4" time="0.029273"/>
        <testcase name="test_construct_relation_or_lowercase" class="Tests_WP_Date_Query" classname="Tests_WP_Date_Query" file="/home/meng/Desktop/wptest/wordpress-develop/tests/phpunit/tests/date/query.php" line="36" assertions="1" time="0.030989"/>
        <testcase name="test_construct_relation_invalid" class="Tests_WP_Date_Query" classname="Tests_WP_Date_Query" file="/home/meng/Desktop/wptest/wordpress-develop/tests/phpunit/tests/date/query.php" line="46" assertions="1" time="0.030148"/>
        <testcase name="test_construct_query_not_an_array_of_arrays" class="Tests_WP_Date_Query" classname="Tests_WP_Date_Query" file="/home/meng/Desktop/wptest/wordpress-develop/tests/phpunit/tests/date/query.php" line="56" assertions="1" time="0.029253"/>
        <testcase name="test_construct_query_contains_non_arrays" class="Tests_WP_Date_Query" classname="Tests_WP_Date_Query" file="/home/meng/Desktop/wptest/wordpress-develop/tests/phpunit/tests/date/query.php" line="84" assertions="1" time="0.030831"/>
        <testcase name="test_get_compare_empty" class="Tests_WP_Date_Query" classname="Tests_WP_Date_Query" file="/home/meng/Desktop/wptest/wordpress-develop/tests/phpunit/tests/date/query.php" line="116" assertions="1" time="0.029528"/>
        <testcase name="test_get_compare_equals" class="Tests_WP_Date_Query" classname="Tests_WP_Date_Query" file="/home/meng/Desktop/wptest/wordpress-develop/tests/phpunit/tests/date/query.php" line="121" assertions="1" time="0.033846"/>
        <testcase name="test_get_compare_not_equals" class="Tests_WP_Date_Query" classname="Tests_WP_Date_Query" file="/home/meng/Desktop/wptest/wordpress-develop/tests/phpunit/tests/date/query.php" line="132" assertions="1" time="0.029415"/>
        <testcase name="test_get_compare_greater_than" class="Tests_WP_Date_Query" classname="Tests_WP_Date_Query" file="/home/meng/Desktop/wptest/wordpress-develop/tests/phpunit/tests/date/query.php" line="143" assertions="1" time="0.033990"/>
        <testcase name="test_get_compare_greater_than_or_equal_to" class="Tests_WP_Date_Query" classname="Tests_WP_Date_Query" file="/home/meng/Desktop/wptest/wordpress-develop/tests/phpunit/tests/date/query.php" line="154" assertions="1" time="0.031241"/>
        <testcase name="test_get_compare_less_than" class="Tests_WP_Date_Query" classname="Tests_WP_Date_Query" file="/home/meng/Desktop/wptest/wordpress-develop/tests/phpunit/tests/date/query.php" line="165" assertions="1" time="0.029113"/>
        <testcase name="test_get_compare_less_than_or_equal_to" class="Tests_WP_Date_Query" classname="Tests_WP_Date_Query" file="/home/meng/Desktop/wptest/wordpress-develop/tests/phpunit/tests/date/query.php" line="176" assertions="1" time="0.030292"/>
        <testcase name="test_get_compare_in" class="Tests_WP_Date_Query" classname="Tests_WP_Date_Query" file="/home/meng/Desktop/wptest/wordpress-develop/tests/phpunit/tests/date/query.php" line="187" assertions="1" time="0.030744"/>
        <testcase name="test_get_compare_not_in" class="Tests_WP_Date_Query" classname="Tests_WP_Date_Query" file="/home/meng/Desktop/wptest/wordpress-develop/tests/phpunit/tests/date/query.php" line="198" assertions="1" time="0.030996"/>
        <testcase name="test_get_compare_between" class="Tests_WP_Date_Query" classname="Tests_WP_Date_Query" file="/home/meng/Desktop/wptest/wordpress-develop/tests/phpunit/tests/date/query.php" line="209" assertions="1" time="0.029207"/>
        <testcase name="test_get_compare_not_between" class="Tests_WP_Date_Query" classname="Tests_WP_Date_Query" file="/home/meng/Desktop/wptest/wordpress-develop/tests/phpunit/tests/date/query.php" line="220" assertions="1" time="0.029534"/>
        <testcase name="test_validate_column_post_date" class="Tests_WP_Date_Query" classname="Tests_WP_Date_Query" file="/home/meng/Desktop/wptest/wordpress-develop/tests/phpunit/tests/date/query.php" line="231" assertions="1" time="0.033383"/>
        <testcase name="test_validate_column_post_date_gmt" class="Tests_WP_Date_Query" classname="Tests_WP_Date_Query" file="/home/meng/Desktop/wptest/wordpress-develop/tests/phpunit/tests/date/query.php" line="238" assertions="1" time="0.029545"/>
        <testcase name="test_validate_column_post_modified" class="Tests_WP_Date_Query" classname="Tests_WP_Date_Query" file="/home/meng/Desktop/wptest/wordpress-develop/tests/phpunit/tests/date/query.php" line="245" assertions="1" time="0.028910"/>
        <testcase name="test_validate_column_post_modified_gmt" class="Tests_WP_Date_Query" classname="Tests_WP_Date_Query" file="/home/meng/Desktop/wptest/wordpress-develop/tests/phpunit/tests/date/query.php" line="252" assertions="1" time="0.034025"/>
        <testcase name="test_validate_column_comment_date" class="Tests_WP_Date_Query" classname="Tests_WP_Date_Query" file="/home/meng/Desktop/wptest/wordpress-develop/tests/phpunit/tests/date/query.php" line="259" assertions="1" time="0.029543"/>
        <testcase name="test_validate_column_comment_date_gmt" class="Tests_WP_Date_Query" classname="Tests_WP_Date_Query" file="/home/meng/Desktop/wptest/wordpress-develop/tests/phpunit/tests/date/query.php" line="266" assertions="1" time="0.029298"/>
        <testcase name="test_validate_column_invalid" class="Tests_WP_Date_Query" classname="Tests_WP_Date_Query" file="/home/meng/Desktop/wptest/wordpress-develop/tests/phpunit/tests/date/query.php" line="273" assertions="1" time="0.029766"/>
        <testcase name="test_validate_column_with_date_query_valid_columns_filter" class="Tests_WP_Date_Query" classname="Tests_WP_Date_Query" file="/home/meng/Desktop/wptest/wordpress-develop/tests/phpunit/tests/date/query.php" line="283" assertions="1" time="0.030437"/>
        <testcase name="test_validate_column_prefixed_column_name" class="Tests_WP_Date_Query" classname="Tests_WP_Date_Query" file="/home/meng/Desktop/wptest/wordpress-develop/tests/phpunit/tests/date/query.php" line="296" assertions="1" time="0.032396"/>
        <testcase name="test_validate_column_prefixed_column_name_with_illegal_characters" class="Tests_WP_Date_Query" classname="Tests_WP_Date_Query" file="/home/meng/Desktop/wptest/wordpress-develop/tests/phpunit/tests/date/query.php" line="305" assertions="1" time="0.030380"/>
        <testcase name="test_build_value_value_null" class="Tests_WP_Date_Query" classname="Tests_WP_Date_Query" file="/home/meng/Desktop/wptest/wordpress-develop/tests/phpunit/tests/date/query.php" line="311" assertions="1" time="0.029362"/>
        <testcase name="test_build_value_compare_in" class="Tests_WP_Date_Query" classname="Tests_WP_Date_Query" file="/home/meng/Desktop/wptest/wordpress-develop/tests/phpunit/tests/date/query.php" line="321" assertions="4" time="0.030054"/>
        <testcase name="test_build_value_compare_not_in" class="Tests_WP_Date_Query" classname="Tests_WP_Date_Query" file="/home/meng/Desktop/wptest/wordpress-develop/tests/phpunit/tests/date/query.php" line="344" assertions="4" time="0.029800"/>
        <testcase name="test_build_value_compare_between_single_integer" class="Tests_WP_Date_Query" classname="Tests_WP_Date_Query" file="/home/meng/Desktop/wptest/wordpress-develop/tests/phpunit/tests/date/query.php" line="364" assertions="1" time="0.030816"/>
        <testcase name="test_build_value_compare_between_single_non_numeric" class="Tests_WP_Date_Query" classname="Tests_WP_Date_Query" file="/home/meng/Desktop/wptest/wordpress-develop/tests/phpunit/tests/date/query.php" line="374" assertions="1" time="0.031635"/>
        <testcase name="test_build_value_compare_between_array_with_other_than_two_items" class="Tests_WP_Date_Query" classname="Tests_WP_Date_Query" file="/home/meng/Desktop/wptest/wordpress-develop/tests/phpunit/tests/date/query.php" line="384" assertions="1" time="0.031854"/>
        <testcase name="test_build_value_compare_between_incorrect_array_key" class="Tests_WP_Date_Query" classname="Tests_WP_Date_Query" file="/home/meng/Desktop/wptest/wordpress-develop/tests/phpunit/tests/date/query.php" line="394" assertions="1" time="0.031742"/>
        <testcase name="test_build_value_compare_between_array_contains_non_numeric" class="Tests_WP_Date_Query" classname="Tests_WP_Date_Query" file="/home/meng/Desktop/wptest/wordpress-develop/tests/phpunit/tests/date/query.php" line="411" assertions="1" time="0.030137"/>
        <testcase name="test_build_value_compare_between" class="Tests_WP_Date_Query" classname="Tests_WP_Date_Query" file="/home/meng/Desktop/wptest/wordpress-develop/tests/phpunit/tests/date/query.php" line="418" assertions="1" time="0.029543"/>
        <testcase name="test_build_value_compare_not_between_single_integer" class="Tests_WP_Date_Query" classname="Tests_WP_Date_Query" file="/home/meng/Desktop/wptest/wordpress-develop/tests/phpunit/tests/date/query.php" line="425" assertions="1" time="0.029374"/>
        <testcase name="test_build_value_compare_not_between_single_non_numeric" class="Tests_WP_Date_Query" classname="Tests_WP_Date_Query" file="/home/meng/Desktop/wptest/wordpress-develop/tests/phpunit/tests/date/query.php" line="435" assertions="1" time="0.031315"/>
        <testcase name="test_build_value_compare_not_between_array_with_other_than_two_items" class="Tests_WP_Date_Query" classname="Tests_WP_Date_Query" file="/home/meng/Desktop/wptest/wordpress-develop/tests/phpunit/tests/date/query.php" line="445" assertions="1" time="0.033737"/>
        <testcase name="test_build_value_compare_not_between_incorrect_array_key" class="Tests_WP_Date_Query" classname="Tests_WP_Date_Query" file="/home/meng/Desktop/wptest/wordpress-develop/tests/phpunit/tests/date/query.php" line="455" assertions="1" time="0.029979"/>
        <testcase name="test_build_value_compare_not_between_array_contains_non_numeric" class="Tests_WP_Date_Query" classname="Tests_WP_Date_Query" file="/home/meng/Desktop/wptest/wordpress-develop/tests/phpunit/tests/date/query.php" line="472" assertions="1" time="0.031809"/>
        <testcase name="test_build_value_compare_not_between" class="Tests_WP_Date_Query" classname="Tests_WP_Date_Query" file="/home/meng/Desktop/wptest/wordpress-develop/tests/phpunit/tests/date/query.php" line="479" assertions="1" time="0.030309"/>
        <testcase name="test_build_value_compare_default_value_integer" class="Tests_WP_Date_Query" classname="Tests_WP_Date_Query" file="/home/meng/Desktop/wptest/wordpress-develop/tests/phpunit/tests/date/query.php" line="486" assertions="1" time="0.029579"/>
        <testcase name="test_build_value_compare_default_value_non_numeric" class="Tests_WP_Date_Query" classname="Tests_WP_Date_Query" file="/home/meng/Desktop/wptest/wordpress-develop/tests/phpunit/tests/date/query.php" line="496" assertions="1" time="0.029569"/>
        <testcase name="test_build_mysql_datetime_datetime_non_array" class="Tests_WP_Date_Query" classname="Tests_WP_Date_Query" file="/home/meng/Desktop/wptest/wordpress-develop/tests/phpunit/tests/date/query.php" line="503" assertions="1" time="0.029981"/>
        <testsuite name="Tests_WP_Date_Query::test_build_mysql_datetime" tests="10" assertions="10" errors="0" failures="0" skipped="0" time="0.305430">
          <testcase name="test_build_mysql_datetime with data set #0" class="Tests_WP_Date_Query" classname="Tests_WP_Date_Query" file="/home/meng/Desktop/wptest/wordpress-develop/tests/phpunit/tests/date/query.php" line="521" assertions="1" time="0.032547"/>
          <testcase name="test_build_mysql_datetime with data set #1" class="Tests_WP_Date_Query" classname="Tests_WP_Date_Query" file="/home/meng/Desktop/wptest/wordpress-develop/tests/phpunit/tests/date/query.php" line="521" assertions="1" time="0.031136"/>
          <testcase name="test_build_mysql_datetime with data set #2" class="Tests_WP_Date_Query" classname="Tests_WP_Date_Query" file="/home/meng/Desktop/wptest/wordpress-develop/tests/phpunit/tests/date/query.php" line="521" assertions="1" time="0.029537"/>
          <testcase name="test_build_mysql_datetime with data set #3" class="Tests_WP_Date_Query" classname="Tests_WP_Date_Query" file="/home/meng/Desktop/wptest/wordpress-develop/tests/phpunit/tests/date/query.php" line="521" assertions="1" time="0.029787"/>
          <testcase name="test_build_mysql_datetime with data set #4" class="Tests_WP_Date_Query" classname="Tests_WP_Date_Query" file="/home/meng/Desktop/wptest/wordpress-develop/tests/phpunit/tests/date/query.php" line="521" assertions="1" time="0.029008"/>
          <testcase name="test_build_mysql_datetime with data set #5" class="Tests_WP_Date_Query" classname="Tests_WP_Date_Query" file="/home/meng/Desktop/wptest/wordpress-develop/tests/phpunit/tests/date/query.php" line="521" assertions="1" time="0.029293"/>
          <testcase name="test_build_mysql_datetime with data set #6" class="Tests_WP_Date_Query" classname="Tests_WP_Date_Query" file="/home/meng/Desktop/wptest/wordpress-develop/tests/phpunit/tests/date/query.php" line="521" assertions="1" time="0.030116"/>
          <testcase name="test_build_mysql_datetime with data set #7" class="Tests_WP_Date_Query" classname="Tests_WP_Date_Query" file="/home/meng/Desktop/wptest/wordpress-develop/tests/phpunit/tests/date/query.php" line="521" assertions="1" time="0.030851"/>
          <testcase name="test_build_mysql_datetime with data set #8" class="Tests_WP_Date_Query" classname="Tests_WP_Date_Query" file="/home/meng/Desktop/wptest/wordpress-develop/tests/phpunit/tests/date/query.php" line="521" assertions="1" time="0.031401"/>
          <testcase name="test_build_mysql_datetime with data set #9" class="Tests_WP_Date_Query" classname="Tests_WP_Date_Query" file="/home/meng/Desktop/wptest/wordpress-develop/tests/phpunit/tests/date/query.php" line="521" assertions="1" time="0.031754"/>
        </testsuite>
        <testsuite name="Tests_WP_Date_Query::test_build_mysql_datetime_with_custom_timezone" tests="2" assertions="2" errors="0" failures="0" skipped="0" time="0.062510">
          <testcase name="test_build_mysql_datetime_with_custom_timezone with data set #0" class="Tests_WP_Date_Query" classname="Tests_WP_Date_Query" file="/home/meng/Desktop/wptest/wordpress-develop/tests/phpunit/tests/date/query.php" line="554" assertions="1" time="0.031989"/>
          <testcase name="test_build_mysql_datetime_with_custom_timezone with data set #1" class="Tests_WP_Date_Query" classname="Tests_WP_Date_Query" file="/home/meng/Desktop/wptest/wordpress-develop/tests/phpunit/tests/date/query.php" line="554" assertions="1" time="0.030521"/>
        </testsuite>
        <testcase name="test_build_mysql_datetime_with_relative_date" class="Tests_WP_Date_Query" classname="Tests_WP_Date_Query" file="/home/meng/Desktop/wptest/wordpress-develop/tests/phpunit/tests/date/query.php" line="576" assertions="1" time="0.033295"/>
        <testcase name="test_build_time_query_insufficient_time_values" class="Tests_WP_Date_Query" classname="Tests_WP_Date_Query" file="/home/meng/Desktop/wptest/wordpress-develop/tests/phpunit/tests/date/query.php" line="589" assertions="1" time="0.030479"/>
        <testcase name="test_build_time_query_should_not_discard_hour_0" class="Tests_WP_Date_Query" classname="Tests_WP_Date_Query" file="/home/meng/Desktop/wptest/wordpress-develop/tests/phpunit/tests/date/query.php" line="598" assertions="1" time="0.030662"/>
        <testcase name="test_build_time_query_compare_in" class="Tests_WP_Date_Query" classname="Tests_WP_Date_Query" file="/home/meng/Desktop/wptest/wordpress-develop/tests/phpunit/tests/date/query.php" line="607" assertions="3" time="0.030301"/>
        <testcase name="test_build_time_query_compare_not_in" class="Tests_WP_Date_Query" classname="Tests_WP_Date_Query" file="/home/meng/Desktop/wptest/wordpress-develop/tests/phpunit/tests/date/query.php" line="623" assertions="3" time="0.029925"/>
        <testcase name="test_build_time_query_compare_between" class="Tests_WP_Date_Query" classname="Tests_WP_Date_Query" file="/home/meng/Desktop/wptest/wordpress-develop/tests/phpunit/tests/date/query.php" line="639" assertions="3" time="0.029820"/>
        <testcase name="test_build_time_query_compare_not_between" class="Tests_WP_Date_Query" classname="Tests_WP_Date_Query" file="/home/meng/Desktop/wptest/wordpress-develop/tests/phpunit/tests/date/query.php" line="655" assertions="3" time="0.029689"/>
        <testcase name="test_build_time_query_hour_only" class="Tests_WP_Date_Query" classname="Tests_WP_Date_Query" file="/home/meng/Desktop/wptest/wordpress-develop/tests/phpunit/tests/date/query.php" line="671" assertions="1" time="0.031527"/>
        <testcase name="test_build_time_query_minute_only" class="Tests_WP_Date_Query" classname="Tests_WP_Date_Query" file="/home/meng/Desktop/wptest/wordpress-develop/tests/phpunit/tests/date/query.php" line="678" assertions="1" time="0.030088"/>
        <testcase name="test_build_time_query_second_only" class="Tests_WP_Date_Query" classname="Tests_WP_Date_Query" file="/home/meng/Desktop/wptest/wordpress-develop/tests/phpunit/tests/date/query.php" line="685" assertions="1" time="0.029773"/>
        <testcase name="test_build_time_query_hour_and_second" class="Tests_WP_Date_Query" classname="Tests_WP_Date_Query" file="/home/meng/Desktop/wptest/wordpress-develop/tests/phpunit/tests/date/query.php" line="692" assertions="1" time="0.030318"/>
        <testcase name="test_build_time_query_hour_minute" class="Tests_WP_Date_Query" classname="Tests_WP_Date_Query" file="/home/meng/Desktop/wptest/wordpress-develop/tests/phpunit/tests/date/query.php" line="699" assertions="1" time="0.029992"/>
        <testcase name="test_build_time_query_hour_minute_second" class="Tests_WP_Date_Query" classname="Tests_WP_Date_Query" file="/home/meng/Desktop/wptest/wordpress-develop/tests/phpunit/tests/date/query.php" line="710" assertions="1" time="0.031737"/>
        <testcase name="test_build_time_query_minute_second" class="Tests_WP_Date_Query" classname="Tests_WP_Date_Query" file="/home/meng/Desktop/wptest/wordpress-develop/tests/phpunit/tests/date/query.php" line="721" assertions="1" time="0.030056"/>
        <testcase name="test_validate_date_query_before_after" class="Tests_WP_Date_Query" classname="Tests_WP_Date_Query" file="/home/meng/Desktop/wptest/wordpress-develop/tests/phpunit/tests/date/query.php" line="736" assertions="15" time="0.035789"/>
        <testcase name="test_validate_date_query_before_after_with_month" class="Tests_WP_Date_Query" classname="Tests_WP_Date_Query" file="/home/meng/Desktop/wptest/wordpress-develop/tests/phpunit/tests/date/query.php" line="783" assertions="5" time="0.033090"/>
        <testcase name="test_validate_date_values_week" class="Tests_WP_Date_Query" classname="Tests_WP_Date_Query" file="/home/meng/Desktop/wptest/wordpress-develop/tests/phpunit/tests/date/query.php" line="829" assertions="61" time="0.036320"/>
        <testcase name="test_validate_date_values_month" class="Tests_WP_Date_Query" classname="Tests_WP_Date_Query" file="/home/meng/Desktop/wptest/wordpress-develop/tests/phpunit/tests/date/query.php" line="882" assertions="17" time="0.031367"/>
        <testcase name="test_validate_date_values_day" class="Tests_WP_Date_Query" classname="Tests_WP_Date_Query" file="/home/meng/Desktop/wptest/wordpress-develop/tests/phpunit/tests/date/query.php" line="900" assertions="38" time="0.034218"/>
        <testcase name="test_validate_date_values_hour" class="Tests_WP_Date_Query" classname="Tests_WP_Date_Query" file="/home/meng/Desktop/wptest/wordpress-develop/tests/phpunit/tests/date/query.php" line="957" assertions="29" time="0.033319"/>
        <testcase name="test_validate_date_values_minute" class="Tests_WP_Date_Query" classname="Tests_WP_Date_Query" file="/home/meng/Desktop/wptest/wordpress-develop/tests/phpunit/tests/date/query.php" line="975" assertions="63" time="0.035608"/>
        <testcase name="test_validate_date_values_second" class="Tests_WP_Date_Query" classname="Tests_WP_Date_Query" file="/home/meng/Desktop/wptest/wordpress-develop/tests/phpunit/tests/date/query.php" line="993" assertions="63" time="0.039364"/>
        <testcase name="test_validate_date_values_day_of_week" class="Tests_WP_Date_Query" classname="Tests_WP_Date_Query" file="/home/meng/Desktop/wptest/wordpress-develop/tests/phpunit/tests/date/query.php" line="1012" assertions="11" time="0.031704"/>
        <testcase name="test_validate_date_values_day_of_week_iso" class="Tests_WP_Date_Query" classname="Tests_WP_Date_Query" file="/home/meng/Desktop/wptest/wordpress-develop/tests/phpunit/tests/date/query.php" line="1030" assertions="11" time="0.033659"/>
        <testcase name="test_validate_date_values_day_of_year" class="Tests_WP_Date_Query" classname="Tests_WP_Date_Query" file="/home/meng/Desktop/wptest/wordpress-develop/tests/phpunit/tests/date/query.php" line="1048" assertions="370" time="0.060102"/>
        <testcase name="test_validate_date_values_should_process_array_value_for_year" class="Tests_WP_Date_Query" classname="Tests_WP_Date_Query" file="/home/meng/Desktop/wptest/wordpress-develop/tests/phpunit/tests/date/query.php" line="1065" assertions="1" time="0.088619"/>
        <testcase name="test_validate_date_values_should_process_array_value_for_day" class="Tests_WP_Date_Query" classname="Tests_WP_Date_Query" file="/home/meng/Desktop/wptest/wordpress-develop/tests/phpunit/tests/date/query.php" line="1087" assertions="1" time="0.092124"/>
        <testcase name="test_validate_date_values_should_process_array_value_for_day_when_values_are_invalid" class="Tests_WP_Date_Query" classname="Tests_WP_Date_Query" file="/home/meng/Desktop/wptest/wordpress-develop/tests/phpunit/tests/date/query.php" line="1110" assertions="2" time="0.087205"/>
      </testsuite>
      <testsuite name="Tests_Date_The_Date" file="/home/meng/Desktop/wptest/wordpress-develop/tests/phpunit/tests/date/theDate.php" tests="3" assertions="18" errors="0" failures="0" skipped="0" time="0.191520">
        <testcase name="test_should_call_hooks" class="Tests_Date_The_Date" classname="Tests_Date_The_Date" file="/home/meng/Desktop/wptest/wordpress-develop/tests/phpunit/tests/date/theDate.php" line="24" assertions="10" time="0.068964"/>
        <testcase name="test_the_date" class="Tests_Date_The_Date" classname="Tests_Date_The_Date" file="/home/meng/Desktop/wptest/wordpress-develop/tests/phpunit/tests/date/theDate.php" line="89" assertions="5" time="0.061219"/>
        <testcase name="test_the_weekday_date" class="Tests_Date_The_Date" classname="Tests_Date_The_Date" file="/home/meng/Desktop/wptest/wordpress-develop/tests/phpunit/tests/date/theDate.php" line="129" assertions="3" time="0.061337"/>
      </testsuite>
      <testsuite name="Tests_Date_WP_Date" file="/home/meng/Desktop/wptest/wordpress-develop/tests/phpunit/tests/date/wpDate.php" tests="3" assertions="3" errors="0" failures="0" skipped="0" time="0.089265">
        <testcase name="test_should_return_false_on_invalid_timestamp" class="Tests_Date_WP_Date" classname="Tests_Date_WP_Date" file="/home/meng/Desktop/wptest/wordpress-develop/tests/phpunit/tests/date/wpDate.php" line="31" assertions="1" time="0.029534"/>
        <testcase name="test_should_not_escape_localized_numbers" class="Tests_Date_WP_Date" classname="Tests_Date_WP_Date" file="/home/meng/Desktop/wptest/wordpress-develop/tests/phpunit/tests/date/wpDate.php" line="38" assertions="1" time="0.029726"/>
        <testcase name="test_should_keep_localized_slashes" class="Tests_Date_WP_Date" classname="Tests_Date_WP_Date" file="/home/meng/Desktop/wptest/wordpress-develop/tests/phpunit/tests/date/wpDate.php" line="52" assertions="1" time="0.030005"/>
      </testsuite>
      <testsuite name="Tests_Date_WP_Timezone" file="/home/meng/Desktop/wptest/wordpress-develop/tests/phpunit/tests/date/wpTimezone.php" tests="59" assertions="118" errors="0" failures="0" skipped="0" time="2.003207">
        <testsuite name="Tests_Date_WP_Timezone::test_should_convert_gmt_offset" tests="58" assertions="116" errors="0" failures="0" skipped="0" time="1.970198">
          <testcase name="test_should_convert_gmt_offset with data set #0" class="Tests_Date_WP_Timezone" classname="Tests_Date_WP_Timezone" file="/home/meng/Desktop/wptest/wordpress-develop/tests/phpunit/tests/date/wpTimezone.php" line="17" assertions="2" time="0.034221"/>
          <testcase name="test_should_convert_gmt_offset with data set #1" class="Tests_Date_WP_Timezone" classname="Tests_Date_WP_Timezone" file="/home/meng/Desktop/wptest/wordpress-develop/tests/phpunit/tests/date/wpTimezone.php" line="17" assertions="2" time="0.034004"/>
          <testcase name="test_should_convert_gmt_offset with data set #2" class="Tests_Date_WP_Timezone" classname="Tests_Date_WP_Timezone" file="/home/meng/Desktop/wptest/wordpress-develop/tests/phpunit/tests/date/wpTimezone.php" line="17" assertions="2" time="0.032761"/>
          <testcase name="test_should_convert_gmt_offset with data set #3" class="Tests_Date_WP_Timezone" classname="Tests_Date_WP_Timezone" file="/home/meng/Desktop/wptest/wordpress-develop/tests/phpunit/tests/date/wpTimezone.php" line="17" assertions="2" time="0.032754"/>
          <testcase name="test_should_convert_gmt_offset with data set #4" class="Tests_Date_WP_Timezone" classname="Tests_Date_WP_Timezone" file="/home/meng/Desktop/wptest/wordpress-develop/tests/phpunit/tests/date/wpTimezone.php" line="17" assertions="2" time="0.033042"/>
          <testcase name="test_should_convert_gmt_offset with data set #5" class="Tests_Date_WP_Timezone" classname="Tests_Date_WP_Timezone" file="/home/meng/Desktop/wptest/wordpress-develop/tests/phpunit/tests/date/wpTimezone.php" line="17" assertions="2" time="0.034731"/>
          <testcase name="test_should_convert_gmt_offset with data set #6" class="Tests_Date_WP_Timezone" classname="Tests_Date_WP_Timezone" file="/home/meng/Desktop/wptest/wordpress-develop/tests/phpunit/tests/date/wpTimezone.php" line="17" assertions="2" time="0.033351"/>
          <testcase name="test_should_convert_gmt_offset with data set #7" class="Tests_Date_WP_Timezone" classname="Tests_Date_WP_Timezone" file="/home/meng/Desktop/wptest/wordpress-develop/tests/phpunit/tests/date/wpTimezone.php" line="17" assertions="2" time="0.033679"/>
          <testcase name="test_should_convert_gmt_offset with data set #8" class="Tests_Date_WP_Timezone" classname="Tests_Date_WP_Timezone" file="/home/meng/Desktop/wptest/wordpress-develop/tests/phpunit/tests/date/wpTimezone.php" line="17" assertions="2" time="0.034357"/>
          <testcase name="test_should_convert_gmt_offset with data set #9" class="Tests_Date_WP_Timezone" classname="Tests_Date_WP_Timezone" file="/home/meng/Desktop/wptest/wordpress-develop/tests/phpunit/tests/date/wpTimezone.php" line="17" assertions="2" time="0.033868"/>
          <testcase name="test_should_convert_gmt_offset with data set #10" class="Tests_Date_WP_Timezone" classname="Tests_Date_WP_Timezone" file="/home/meng/Desktop/wptest/wordpress-develop/tests/phpunit/tests/date/wpTimezone.php" line="17" assertions="2" time="0.034332"/>
          <testcase name="test_should_convert_gmt_offset with data set #11" class="Tests_Date_WP_Timezone" classname="Tests_Date_WP_Timezone" file="/home/meng/Desktop/wptest/wordpress-develop/tests/phpunit/tests/date/wpTimezone.php" line="17" assertions="2" time="0.034407"/>
          <testcase name="test_should_convert_gmt_offset with data set #12" class="Tests_Date_WP_Timezone" classname="Tests_Date_WP_Timezone" file="/home/meng/Desktop/wptest/wordpress-develop/tests/phpunit/tests/date/wpTimezone.php" line="17" assertions="2" time="0.033951"/>
          <testcase name="test_should_convert_gmt_offset with data set #13" class="Tests_Date_WP_Timezone" classname="Tests_Date_WP_Timezone" file="/home/meng/Desktop/wptest/wordpress-develop/tests/phpunit/tests/date/wpTimezone.php" line="17" assertions="2" time="0.033507"/>
          <testcase name="test_should_convert_gmt_offset with data set #14" class="Tests_Date_WP_Timezone" classname="Tests_Date_WP_Timezone" file="/home/meng/Desktop/wptest/wordpress-develop/tests/phpunit/tests/date/wpTimezone.php" line="17" assertions="2" time="0.033200"/>
          <testcase name="test_should_convert_gmt_offset with data set #15" class="Tests_Date_WP_Timezone" classname="Tests_Date_WP_Timezone" file="/home/meng/Desktop/wptest/wordpress-develop/tests/phpunit/tests/date/wpTimezone.php" line="17" assertions="2" time="0.033656"/>
          <testcase name="test_should_convert_gmt_offset with data set #16" class="Tests_Date_WP_Timezone" classname="Tests_Date_WP_Timezone" file="/home/meng/Desktop/wptest/wordpress-develop/tests/phpunit/tests/date/wpTimezone.php" line="17" assertions="2" time="0.034190"/>
          <testcase name="test_should_convert_gmt_offset with data set #17" class="Tests_Date_WP_Timezone" classname="Tests_Date_WP_Timezone" file="/home/meng/Desktop/wptest/wordpress-develop/tests/phpunit/tests/date/wpTimezone.php" line="17" assertions="2" time="0.033626"/>
          <testcase name="test_should_convert_gmt_offset with data set #18" class="Tests_Date_WP_Timezone" classname="Tests_Date_WP_Timezone" file="/home/meng/Desktop/wptest/wordpress-develop/tests/phpunit/tests/date/wpTimezone.php" line="17" assertions="2" time="0.035834"/>
          <testcase name="test_should_convert_gmt_offset with data set #19" class="Tests_Date_WP_Timezone" classname="Tests_Date_WP_Timezone" file="/home/meng/Desktop/wptest/wordpress-develop/tests/phpunit/tests/date/wpTimezone.php" line="17" assertions="2" time="0.034626"/>
          <testcase name="test_should_convert_gmt_offset with data set #20" class="Tests_Date_WP_Timezone" classname="Tests_Date_WP_Timezone" file="/home/meng/Desktop/wptest/wordpress-develop/tests/phpunit/tests/date/wpTimezone.php" line="17" assertions="2" time="0.034073"/>
          <testcase name="test_should_convert_gmt_offset with data set #21" class="Tests_Date_WP_Timezone" classname="Tests_Date_WP_Timezone" file="/home/meng/Desktop/wptest/wordpress-develop/tests/phpunit/tests/date/wpTimezone.php" line="17" assertions="2" time="0.034003"/>
          <testcase name="test_should_convert_gmt_offset with data set #22" class="Tests_Date_WP_Timezone" classname="Tests_Date_WP_Timezone" file="/home/meng/Desktop/wptest/wordpress-develop/tests/phpunit/tests/date/wpTimezone.php" line="17" assertions="2" time="0.033361"/>
          <testcase name="test_should_convert_gmt_offset with data set #23" class="Tests_Date_WP_Timezone" classname="Tests_Date_WP_Timezone" file="/home/meng/Desktop/wptest/wordpress-develop/tests/phpunit/tests/date/wpTimezone.php" line="17" assertions="2" time="0.032738"/>
          <testcase name="test_should_convert_gmt_offset with data set #24" class="Tests_Date_WP_Timezone" classname="Tests_Date_WP_Timezone" file="/home/meng/Desktop/wptest/wordpress-develop/tests/phpunit/tests/date/wpTimezone.php" line="17" assertions="2" time="0.033072"/>
          <testcase name="test_should_convert_gmt_offset with data set #25" class="Tests_Date_WP_Timezone" classname="Tests_Date_WP_Timezone" file="/home/meng/Desktop/wptest/wordpress-develop/tests/phpunit/tests/date/wpTimezone.php" line="17" assertions="2" time="0.033927"/>
          <testcase name="test_should_convert_gmt_offset with data set #26" class="Tests_Date_WP_Timezone" classname="Tests_Date_WP_Timezone" file="/home/meng/Desktop/wptest/wordpress-develop/tests/phpunit/tests/date/wpTimezone.php" line="17" assertions="2" time="0.032997"/>
          <testcase name="test_should_convert_gmt_offset with data set #27" class="Tests_Date_WP_Timezone" classname="Tests_Date_WP_Timezone" file="/home/meng/Desktop/wptest/wordpress-develop/tests/phpunit/tests/date/wpTimezone.php" line="17" assertions="2" time="0.035302"/>
          <testcase name="test_should_convert_gmt_offset with data set #28" class="Tests_Date_WP_Timezone" classname="Tests_Date_WP_Timezone" file="/home/meng/Desktop/wptest/wordpress-develop/tests/phpunit/tests/date/wpTimezone.php" line="17" assertions="2" time="0.036201"/>
          <testcase name="test_should_convert_gmt_offset with data set #29" class="Tests_Date_WP_Timezone" classname="Tests_Date_WP_Timezone" file="/home/meng/Desktop/wptest/wordpress-develop/tests/phpunit/tests/date/wpTimezone.php" line="17" assertions="2" time="0.034192"/>
          <testcase name="test_should_convert_gmt_offset with data set #30" class="Tests_Date_WP_Timezone" classname="Tests_Date_WP_Timezone" file="/home/meng/Desktop/wptest/wordpress-develop/tests/phpunit/tests/date/wpTimezone.php" line="17" assertions="2" time="0.034248"/>
          <testcase name="test_should_convert_gmt_offset with data set #31" class="Tests_Date_WP_Timezone" classname="Tests_Date_WP_Timezone" file="/home/meng/Desktop/wptest/wordpress-develop/tests/phpunit/tests/date/wpTimezone.php" line="17" assertions="2" time="0.034206"/>
          <testcase name="test_should_convert_gmt_offset with data set #32" class="Tests_Date_WP_Timezone" classname="Tests_Date_WP_Timezone" file="/home/meng/Desktop/wptest/wordpress-develop/tests/phpunit/tests/date/wpTimezone.php" line="17" assertions="2" time="0.033889"/>
          <testcase name="test_should_convert_gmt_offset with data set #33" class="Tests_Date_WP_Timezone" classname="Tests_Date_WP_Timezone" file="/home/meng/Desktop/wptest/wordpress-develop/tests/phpunit/tests/date/wpTimezone.php" line="17" assertions="2" time="0.034260"/>
          <testcase name="test_should_convert_gmt_offset with data set #34" class="Tests_Date_WP_Timezone" classname="Tests_Date_WP_Timezone" file="/home/meng/Desktop/wptest/wordpress-develop/tests/phpunit/tests/date/wpTimezone.php" line="17" assertions="2" time="0.034161"/>
          <testcase name="test_should_convert_gmt_offset with data set #35" class="Tests_Date_WP_Timezone" classname="Tests_Date_WP_Timezone" file="/home/meng/Desktop/wptest/wordpress-develop/tests/phpunit/tests/date/wpTimezone.php" line="17" assertions="2" time="0.033268"/>
          <testcase name="test_should_convert_gmt_offset with data set #36" class="Tests_Date_WP_Timezone" classname="Tests_Date_WP_Timezone" file="/home/meng/Desktop/wptest/wordpress-develop/tests/phpunit/tests/date/wpTimezone.php" line="17" assertions="2" time="0.033855"/>
          <testcase name="test_should_convert_gmt_offset with data set #37" class="Tests_Date_WP_Timezone" classname="Tests_Date_WP_Timezone" file="/home/meng/Desktop/wptest/wordpress-develop/tests/phpunit/tests/date/wpTimezone.php" line="17" assertions="2" time="0.033910"/>
          <testcase name="test_should_convert_gmt_offset with data set #38" class="Tests_Date_WP_Timezone" classname="Tests_Date_WP_Timezone" file="/home/meng/Desktop/wptest/wordpress-develop/tests/phpunit/tests/date/wpTimezone.php" line="17" assertions="2" time="0.033760"/>
          <testcase name="test_should_convert_gmt_offset with data set #39" class="Tests_Date_WP_Timezone" classname="Tests_Date_WP_Timezone" file="/home/meng/Desktop/wptest/wordpress-develop/tests/phpunit/tests/date/wpTimezone.php" line="17" assertions="2" time="0.034032"/>
          <testcase name="test_should_convert_gmt_offset with data set #40" class="Tests_Date_WP_Timezone" classname="Tests_Date_WP_Timezone" file="/home/meng/Desktop/wptest/wordpress-develop/tests/phpunit/tests/date/wpTimezone.php" line="17" assertions="2" time="0.033337"/>
          <testcase name="test_should_convert_gmt_offset with data set #41" class="Tests_Date_WP_Timezone" classname="Tests_Date_WP_Timezone" file="/home/meng/Desktop/wptest/wordpress-develop/tests/phpunit/tests/date/wpTimezone.php" line="17" assertions="2" time="0.035792"/>
          <testcase name="test_should_convert_gmt_offset with data set #42" class="Tests_Date_WP_Timezone" classname="Tests_Date_WP_Timezone" file="/home/meng/Desktop/wptest/wordpress-develop/tests/phpunit/tests/date/wpTimezone.php" line="17" assertions="2" time="0.032691"/>
          <testcase name="test_should_convert_gmt_offset with data set #43" class="Tests_Date_WP_Timezone" classname="Tests_Date_WP_Timezone" file="/home/meng/Desktop/wptest/wordpress-develop/tests/phpunit/tests/date/wpTimezone.php" line="17" assertions="2" time="0.033598"/>
          <testcase name="test_should_convert_gmt_offset with data set #44" class="Tests_Date_WP_Timezone" classname="Tests_Date_WP_Timezone" file="/home/meng/Desktop/wptest/wordpress-develop/tests/phpunit/tests/date/wpTimezone.php" line="17" assertions="2" time="0.034725"/>
          <testcase name="test_should_convert_gmt_offset with data set #45" class="Tests_Date_WP_Timezone" classname="Tests_Date_WP_Timezone" file="/home/meng/Desktop/wptest/wordpress-develop/tests/phpunit/tests/date/wpTimezone.php" line="17" assertions="2" time="0.033682"/>
          <testcase name="test_should_convert_gmt_offset with data set #46" class="Tests_Date_WP_Timezone" classname="Tests_Date_WP_Timezone" file="/home/meng/Desktop/wptest/wordpress-develop/tests/phpunit/tests/date/wpTimezone.php" line="17" assertions="2" time="0.034508"/>
          <testcase name="test_should_convert_gmt_offset with data set #47" class="Tests_Date_WP_Timezone" classname="Tests_Date_WP_Timezone" file="/home/meng/Desktop/wptest/wordpress-develop/tests/phpunit/tests/date/wpTimezone.php" line="17" assertions="2" time="0.033827"/>
          <testcase name="test_should_convert_gmt_offset with data set #48" class="Tests_Date_WP_Timezone" classname="Tests_Date_WP_Timezone" file="/home/meng/Desktop/wptest/wordpress-develop/tests/phpunit/tests/date/wpTimezone.php" line="17" assertions="2" time="0.034587"/>
          <testcase name="test_should_convert_gmt_offset with data set #49" class="Tests_Date_WP_Timezone" classname="Tests_Date_WP_Timezone" file="/home/meng/Desktop/wptest/wordpress-develop/tests/phpunit/tests/date/wpTimezone.php" line="17" assertions="2" time="0.032557"/>
          <testcase name="test_should_convert_gmt_offset with data set #50" class="Tests_Date_WP_Timezone" classname="Tests_Date_WP_Timezone" file="/home/meng/Desktop/wptest/wordpress-develop/tests/phpunit/tests/date/wpTimezone.php" line="17" assertions="2" time="0.033759"/>
          <testcase name="test_should_convert_gmt_offset with data set #51" class="Tests_Date_WP_Timezone" classname="Tests_Date_WP_Timezone" file="/home/meng/Desktop/wptest/wordpress-develop/tests/phpunit/tests/date/wpTimezone.php" line="17" assertions="2" time="0.035958"/>
          <testcase name="test_should_convert_gmt_offset with data set #52" class="Tests_Date_WP_Timezone" classname="Tests_Date_WP_Timezone" file="/home/meng/Desktop/wptest/wordpress-develop/tests/phpunit/tests/date/wpTimezone.php" line="17" assertions="2" time="0.034970"/>
          <testcase name="test_should_convert_gmt_offset with data set #53" class="Tests_Date_WP_Timezone" classname="Tests_Date_WP_Timezone" file="/home/meng/Desktop/wptest/wordpress-develop/tests/phpunit/tests/date/wpTimezone.php" line="17" assertions="2" time="0.033368"/>
          <testcase name="test_should_convert_gmt_offset with data set #54" class="Tests_Date_WP_Timezone" classname="Tests_Date_WP_Timezone" file="/home/meng/Desktop/wptest/wordpress-develop/tests/phpunit/tests/date/wpTimezone.php" line="17" assertions="2" time="0.033396"/>
          <testcase name="test_should_convert_gmt_offset with data set #55" class="Tests_Date_WP_Timezone" classname="Tests_Date_WP_Timezone" file="/home/meng/Desktop/wptest/wordpress-develop/tests/phpunit/tests/date/wpTimezone.php" line="17" assertions="2" time="0.033620"/>
          <testcase name="test_should_convert_gmt_offset with data set #56" class="Tests_Date_WP_Timezone" classname="Tests_Date_WP_Timezone" file="/home/meng/Desktop/wptest/wordpress-develop/tests/phpunit/tests/date/wpTimezone.php" line="17" assertions="2" time="0.033469"/>
          <testcase name="test_should_convert_gmt_offset with data set #57" class="Tests_Date_WP_Timezone" classname="Tests_Date_WP_Timezone" file="/home/meng/Desktop/wptest/wordpress-develop/tests/phpunit/tests/date/wpTimezone.php" line="17" assertions="2" time="0.034803"/>
        </testsuite>
        <testcase name="test_should_return_timezone_string" class="Tests_Date_WP_Timezone" classname="Tests_Date_WP_Timezone" file="/home/meng/Desktop/wptest/wordpress-develop/tests/phpunit/tests/date/wpTimezone.php" line="31" assertions="2" time="0.033009"/>
      </testsuite>
      <testsuite name="Tests_Date_XMLRPC" file="/home/meng/Desktop/wptest/wordpress-develop/tests/phpunit/tests/date/xmlrpc.php" tests="3" assertions="11" errors="0" failures="0" skipped="0" time="0.857199">
        <testcase name="test_date_new_post" class="Tests_Date_XMLRPC" classname="Tests_Date_XMLRPC" file="/home/meng/Desktop/wptest/wordpress-develop/tests/phpunit/tests/date/xmlrpc.php" line="13" assertions="5" time="0.383112"/>
        <testcase name="test_date_edit_post" class="Tests_Date_XMLRPC" classname="Tests_Date_XMLRPC" file="/home/meng/Desktop/wptest/wordpress-develop/tests/phpunit/tests/date/xmlrpc.php" line="131" assertions="4" time="0.290001"/>
        <testcase name="test_date_edit_comment" class="Tests_Date_XMLRPC" classname="Tests_Date_XMLRPC" file="/home/meng/Desktop/wptest/wordpress-develop/tests/phpunit/tests/date/xmlrpc.php" line="198" assertions="2" time="0.184086"/>
      </testsuite>
      <testsuite name="Tests_DB" file="/home/meng/Desktop/wptest/wordpress-develop/tests/phpunit/tests/db.php" tests="392" assertions="556" errors="0" failures="0" skipped="2" time="12.063986">
        <testcase name="test_db_reconnect" class="Tests_DB" classname="Tests_DB" file="/home/meng/Desktop/wptest/wordpress-develop/tests/phpunit/tests/db.php" line="62" assertions="2" time="0.032369"/>
        <testcase name="test_locale_floats" class="Tests_DB" classname="Tests_DB" file="/home/meng/Desktop/wptest/wordpress-develop/tests/phpunit/tests/db.php" line="86" assertions="0" time="0.029572">
          <skipped/>
        </testcase>
        <testcase name="test_esc_like" class="Tests_DB" classname="Tests_DB" file="/home/meng/Desktop/wptest/wordpress-develop/tests/phpunit/tests/db.php" line="132" assertions="5" time="0.030208"/>
        <testsuite name="Tests_DB::test_like_query" tests="10" assertions="10" errors="0" failures="0" skipped="0" time="0.302410">
          <testcase name="test_like_query with data set #0" class="Tests_DB" classname="Tests_DB" file="/home/meng/Desktop/wptest/wordpress-develop/tests/phpunit/tests/db.php" line="168" assertions="1" time="0.029932"/>
          <testcase name="test_like_query with data set #1" class="Tests_DB" classname="Tests_DB" file="/home/meng/Desktop/wptest/wordpress-develop/tests/phpunit/tests/db.php" line="168" assertions="1" time="0.030242"/>
          <testcase name="test_like_query with data set #2" class="Tests_DB" classname="Tests_DB" file="/home/meng/Desktop/wptest/wordpress-develop/tests/phpunit/tests/db.php" line="168" assertions="1" time="0.030822"/>
          <testcase name="test_like_query with data set #3" class="Tests_DB" classname="Tests_DB" file="/home/meng/Desktop/wptest/wordpress-develop/tests/phpunit/tests/db.php" line="168" assertions="1" time="0.031520"/>
          <testcase name="test_like_query with data set #4" class="Tests_DB" classname="Tests_DB" file="/home/meng/Desktop/wptest/wordpress-develop/tests/phpunit/tests/db.php" line="168" assertions="1" time="0.029263"/>
          <testcase name="test_like_query with data set #5" class="Tests_DB" classname="Tests_DB" file="/home/meng/Desktop/wptest/wordpress-develop/tests/phpunit/tests/db.php" line="168" assertions="1" time="0.029286"/>
          <testcase name="test_like_query with data set #6" class="Tests_DB" classname="Tests_DB" file="/home/meng/Desktop/wptest/wordpress-develop/tests/phpunit/tests/db.php" line="168" assertions="1" time="0.031151"/>
          <testcase name="test_like_query with data set #7" class="Tests_DB" classname="Tests_DB" file="/home/meng/Desktop/wptest/wordpress-develop/tests/phpunit/tests/db.php" line="168" assertions="1" time="0.030021"/>
          <testcase name="test_like_query with data set #8" class="Tests_DB" classname="Tests_DB" file="/home/meng/Desktop/wptest/wordpress-develop/tests/phpunit/tests/db.php" line="168" assertions="1" time="0.029872"/>
          <testcase name="test_like_query with data set #9" class="Tests_DB" classname="Tests_DB" file="/home/meng/Desktop/wptest/wordpress-develop/tests/phpunit/tests/db.php" line="168" assertions="1" time="0.030302"/>
        </testsuite>
        <testcase name="test_wpdb_supposedly_protected_properties" class="Tests_DB" classname="Tests_DB" file="/home/meng/Desktop/wptest/wordpress-develop/tests/phpunit/tests/db.php" line="231" assertions="5" time="0.031555"/>
        <testcase name="test_wpdb_actually_protected_properties" class="Tests_DB" classname="Tests_DB" file="/home/meng/Desktop/wptest/wordpress-develop/tests/phpunit/tests/db.php" line="247" assertions="2" time="0.030985"/>
        <testcase name="test_wpdb_nonexistent_properties" class="Tests_DB" classname="Tests_DB" file="/home/meng/Desktop/wptest/wordpress-develop/tests/phpunit/tests/db.php" line="262" assertions="4" time="0.032745"/>
        <testcase name="test_double_escaped_placeholders" class="Tests_DB" classname="Tests_DB" file="/home/meng/Desktop/wptest/wordpress-develop/tests/phpunit/tests/db.php" line="278" assertions="2" time="0.029457"/>
        <testcase name="test_set_sql_mode" class="Tests_DB" classname="Tests_DB" file="/home/meng/Desktop/wptest/wordpress-develop/tests/phpunit/tests/db.php" line="293" assertions="1" time="0.030871"/>
        <testcase name="test_set_incompatible_sql_mode" class="Tests_DB" classname="Tests_DB" file="/home/meng/Desktop/wptest/wordpress-develop/tests/phpunit/tests/db.php" line="313" assertions="1" time="0.033877"/>
        <testcase name="test_set_allowed_incompatible_sql_mode" class="Tests_DB" classname="Tests_DB" file="/home/meng/Desktop/wptest/wordpress-develop/tests/phpunit/tests/db.php" line="331" assertions="3" time="0.032402"/>
        <testcase name="test_prepare_without_arguments" class="Tests_DB" classname="Tests_DB" file="/home/meng/Desktop/wptest/wordpress-develop/tests/phpunit/tests/db.php" line="364" assertions="2" time="0.029953"/>
        <testcase name="test_prepare_sprintf" class="Tests_DB" classname="Tests_DB" file="/home/meng/Desktop/wptest/wordpress-develop/tests/phpunit/tests/db.php" line="373" assertions="1" time="0.029822"/>
        <testcase name="test_prepare_sprintf_invalid_args" class="Tests_DB" classname="Tests_DB" file="/home/meng/Desktop/wptest/wordpress-develop/tests/phpunit/tests/db.php" line="383" assertions="3" time="0.029573"/>
        <testcase name="test_prepare_vsprintf" class="Tests_DB" classname="Tests_DB" file="/home/meng/Desktop/wptest/wordpress-develop/tests/phpunit/tests/db.php" line="395" assertions="1" time="0.029848"/>
        <testcase name="test_prepare_vsprintf_invalid_args" class="Tests_DB" classname="Tests_DB" file="/home/meng/Desktop/wptest/wordpress-develop/tests/phpunit/tests/db.php" line="405" assertions="3" time="0.030736"/>
        <testsuite name="Tests_DB::test_prepare_incorrect_arg_count" tests="9" assertions="18" errors="0" failures="0" skipped="0" time="0.276927">
          <testcase name="test_prepare_incorrect_arg_count with data set #0" class="Tests_DB" classname="Tests_DB" file="/home/meng/Desktop/wptest/wordpress-develop/tests/phpunit/tests/db.php" line="422" assertions="2" time="0.029495"/>
          <testcase name="test_prepare_incorrect_arg_count with data set #1" class="Tests_DB" classname="Tests_DB" file="/home/meng/Desktop/wptest/wordpress-develop/tests/phpunit/tests/db.php" line="422" assertions="2" time="0.031423"/>
          <testcase name="test_prepare_incorrect_arg_count with data set #2" class="Tests_DB" classname="Tests_DB" file="/home/meng/Desktop/wptest/wordpress-develop/tests/phpunit/tests/db.php" line="422" assertions="2" time="0.029645"/>
          <testcase name="test_prepare_incorrect_arg_count with data set #3" class="Tests_DB" classname="Tests_DB" file="/home/meng/Desktop/wptest/wordpress-develop/tests/phpunit/tests/db.php" line="422" assertions="2" time="0.030829"/>
          <testcase name="test_prepare_incorrect_arg_count with data set #4" class="Tests_DB" classname="Tests_DB" file="/home/meng/Desktop/wptest/wordpress-develop/tests/phpunit/tests/db.php" line="422" assertions="2" time="0.031687"/>
          <testcase name="test_prepare_incorrect_arg_count with data set #5" class="Tests_DB" classname="Tests_DB" file="/home/meng/Desktop/wptest/wordpress-develop/tests/phpunit/tests/db.php" line="422" assertions="2" time="0.030191"/>
          <testcase name="test_prepare_incorrect_arg_count with data set #6" class="Tests_DB" classname="Tests_DB" file="/home/meng/Desktop/wptest/wordpress-develop/tests/phpunit/tests/db.php" line="422" assertions="2" time="0.032494"/>
          <testcase name="test_prepare_incorrect_arg_count with data set #7" class="Tests_DB" classname="Tests_DB" file="/home/meng/Desktop/wptest/wordpress-develop/tests/phpunit/tests/db.php" line="422" assertions="2" time="0.029725"/>
          <testcase name="test_prepare_incorrect_arg_count with data set #8" class="Tests_DB" classname="Tests_DB" file="/home/meng/Desktop/wptest/wordpress-develop/tests/phpunit/tests/db.php" line="422" assertions="2" time="0.031438"/>
        </testsuite>
        <testcase name="test_db_version" class="Tests_DB" classname="Tests_DB" file="/home/meng/Desktop/wptest/wordpress-develop/tests/phpunit/tests/db.php" line="482" assertions="1" time="0.029528"/>
        <testcase name="test_get_caller" class="Tests_DB" classname="Tests_DB" file="/home/meng/Desktop/wptest/wordpress-develop/tests/phpunit/tests/db.php" line="488" assertions="1" time="0.029214"/>
        <testcase name="test_has_cap" class="Tests_DB" classname="Tests_DB" file="/home/meng/Desktop/wptest/wordpress-develop/tests/phpunit/tests/db.php" line="496" assertions="8" time="0.030122"/>
        <testcase name="test_supports_collation" class="Tests_DB" classname="Tests_DB" file="/home/meng/Desktop/wptest/wordpress-develop/tests/phpunit/tests/db.php" line="517" assertions="2" time="0.030506"/>
        <testcase name="test_check_database_version" class="Tests_DB" classname="Tests_DB" file="/home/meng/Desktop/wptest/wordpress-develop/tests/phpunit/tests/db.php" line="522" assertions="1" time="0.032067"/>
        <testcase name="test_bail" class="Tests_DB" classname="Tests_DB" file="/home/meng/Desktop/wptest/wordpress-develop/tests/phpunit/tests/db.php" line="527" assertions="1" time="0.029476"/>
        <testcase name="test_timers" class="Tests_DB" classname="Tests_DB" file="/home/meng/Desktop/wptest/wordpress-develop/tests/phpunit/tests/db.php" line="534" assertions="2" time="0.034023"/>
        <testcase name="test_get_col_info" class="Tests_DB" classname="Tests_DB" file="/home/meng/Desktop/wptest/wordpress-develop/tests/phpunit/tests/db.php" line="545" assertions="3" time="0.029934"/>
        <testcase name="test_query_and_delete" class="Tests_DB" classname="Tests_DB" file="/home/meng/Desktop/wptest/wordpress-develop/tests/phpunit/tests/db.php" line="555" assertions="3" time="0.032203"/>
        <testcase name="test_get_row" class="Tests_DB" classname="Tests_DB" file="/home/meng/Desktop/wptest/wordpress-develop/tests/phpunit/tests/db.php" line="564" assertions="4" time="0.031562"/>
        <testsuite name="Tests_DB::test_get_col" tests="7" assertions="12" errors="0" failures="0" skipped="0" time="0.211916">
          <testcase name="test_get_col with data set #0" class="Tests_DB" classname="Tests_DB" file="/home/meng/Desktop/wptest/wordpress-develop/tests/phpunit/tests/db.php" line="587" assertions="2" time="0.031767"/>
          <testcase name="test_get_col with data set #1" class="Tests_DB" classname="Tests_DB" file="/home/meng/Desktop/wptest/wordpress-develop/tests/phpunit/tests/db.php" line="587" assertions="2" time="0.029696"/>
          <testcase name="test_get_col with data set #2" class="Tests_DB" classname="Tests_DB" file="/home/meng/Desktop/wptest/wordpress-develop/tests/phpunit/tests/db.php" line="587" assertions="2" time="0.029730"/>
          <testcase name="test_get_col with data set #3" class="Tests_DB" classname="Tests_DB" file="/home/meng/Desktop/wptest/wordpress-develop/tests/phpunit/tests/db.php" line="587" assertions="2" time="0.029685"/>
          <testcase name="test_get_col with data set #4" class="Tests_DB" classname="Tests_DB" file="/home/meng/Desktop/wptest/wordpress-develop/tests/phpunit/tests/db.php" line="587" assertions="2" time="0.029579"/>
          <testcase name="test_get_col with data set #5" class="Tests_DB" classname="Tests_DB" file="/home/meng/Desktop/wptest/wordpress-develop/tests/phpunit/tests/db.php" line="587" assertions="1" time="0.029597"/>
          <testcase name="test_get_col with data set #6" class="Tests_DB" classname="Tests_DB" file="/home/meng/Desktop/wptest/wordpress-develop/tests/phpunit/tests/db.php" line="587" assertions="1" time="0.031862"/>
        </testsuite>
        <testcase name="test_replace" class="Tests_DB" classname="Tests_DB" file="/home/meng/Desktop/wptest/wordpress-develop/tests/phpunit/tests/db.php" line="666" assertions="6" time="0.033772"/>
        <testcase name="test_empty_where_on_update" class="Tests_DB" classname="Tests_DB" file="/home/meng/Desktop/wptest/wordpress-develop/tests/phpunit/tests/db.php" line="694" assertions="4" time="0.034728"/>
        <testcase name="test_mysqli_flush_sync" class="Tests_DB" classname="Tests_DB" file="/home/meng/Desktop/wptest/wordpress-develop/tests/phpunit/tests/db.php" line="716" assertions="2" time="0.076974"/>
        <testsuite name="Tests_DB::test_get_table_from_query" tests="225" assertions="225" errors="0" failures="0" skipped="0" time="6.873918">
          <testcase name="test_get_table_from_query with data set #0" class="Tests_DB" classname="Tests_DB" file="/home/meng/Desktop/wptest/wordpress-develop/tests/phpunit/tests/db.php" line="876" assertions="1" time="0.031252"/>
          <testcase name="test_get_table_from_query with data set #1" class="Tests_DB" classname="Tests_DB" file="/home/meng/Desktop/wptest/wordpress-develop/tests/phpunit/tests/db.php" line="876" assertions="1" time="0.030097"/>
          <testcase name="test_get_table_from_query with data set #2" class="Tests_DB" classname="Tests_DB" file="/home/meng/Desktop/wptest/wordpress-develop/tests/phpunit/tests/db.php" line="876" assertions="1" time="0.029629"/>
          <testcase name="test_get_table_from_query with data set #3" class="Tests_DB" classname="Tests_DB" file="/home/meng/Desktop/wptest/wordpress-develop/tests/phpunit/tests/db.php" line="876" assertions="1" time="0.029165"/>
          <testcase name="test_get_table_from_query with data set #4" class="Tests_DB" classname="Tests_DB" file="/home/meng/Desktop/wptest/wordpress-develop/tests/phpunit/tests/db.php" line="876" assertions="1" time="0.028955"/>
          <testcase name="test_get_table_from_query with data set #5" class="Tests_DB" classname="Tests_DB" file="/home/meng/Desktop/wptest/wordpress-develop/tests/phpunit/tests/db.php" line="876" assertions="1" time="0.029795"/>
          <testcase name="test_get_table_from_query with data set #6" class="Tests_DB" classname="Tests_DB" file="/home/meng/Desktop/wptest/wordpress-develop/tests/phpunit/tests/db.php" line="876" assertions="1" time="0.028931"/>
          <testcase name="test_get_table_from_query with data set #7" class="Tests_DB" classname="Tests_DB" file="/home/meng/Desktop/wptest/wordpress-develop/tests/phpunit/tests/db.php" line="876" assertions="1" time="0.029245"/>
          <testcase name="test_get_table_from_query with data set #8" class="Tests_DB" classname="Tests_DB" file="/home/meng/Desktop/wptest/wordpress-develop/tests/phpunit/tests/db.php" line="876" assertions="1" time="0.030020"/>
          <testcase name="test_get_table_from_query with data set #9" class="Tests_DB" classname="Tests_DB" file="/home/meng/Desktop/wptest/wordpress-develop/tests/phpunit/tests/db.php" line="876" assertions="1" time="0.029603"/>
          <testcase name="test_get_table_from_query with data set #10" class="Tests_DB" classname="Tests_DB" file="/home/meng/Desktop/wptest/wordpress-develop/tests/phpunit/tests/db.php" line="876" assertions="1" time="0.030753"/>
          <testcase name="test_get_table_from_query with data set #11" class="Tests_DB" classname="Tests_DB" file="/home/meng/Desktop/wptest/wordpress-develop/tests/phpunit/tests/db.php" line="876" assertions="1" time="0.029108"/>
          <testcase name="test_get_table_from_query with data set #12" class="Tests_DB" classname="Tests_DB" file="/home/meng/Desktop/wptest/wordpress-develop/tests/phpunit/tests/db.php" line="876" assertions="1" time="0.030283"/>
          <testcase name="test_get_table_from_query with data set #13" class="Tests_DB" classname="Tests_DB" file="/home/meng/Desktop/wptest/wordpress-develop/tests/phpunit/tests/db.php" line="876" assertions="1" time="0.030047"/>
          <testcase name="test_get_table_from_query with data set #14" class="Tests_DB" classname="Tests_DB" file="/home/meng/Desktop/wptest/wordpress-develop/tests/phpunit/tests/db.php" line="876" assertions="1" time="0.029087"/>
          <testcase name="test_get_table_from_query with data set #15" class="Tests_DB" classname="Tests_DB" file="/home/meng/Desktop/wptest/wordpress-develop/tests/phpunit/tests/db.php" line="876" assertions="1" time="0.029409"/>
          <testcase name="test_get_table_from_query with data set #16" class="Tests_DB" classname="Tests_DB" file="/home/meng/Desktop/wptest/wordpress-develop/tests/phpunit/tests/db.php" line="876" assertions="1" time="0.028730"/>
          <testcase name="test_get_table_from_query with data set #17" class="Tests_DB" classname="Tests_DB" file="/home/meng/Desktop/wptest/wordpress-develop/tests/phpunit/tests/db.php" line="876" assertions="1" time="0.034001"/>
          <testcase name="test_get_table_from_query with data set #18" class="Tests_DB" classname="Tests_DB" file="/home/meng/Desktop/wptest/wordpress-develop/tests/phpunit/tests/db.php" line="876" assertions="1" time="0.029991"/>
          <testcase name="test_get_table_from_query with data set #19" class="Tests_DB" classname="Tests_DB" file="/home/meng/Desktop/wptest/wordpress-develop/tests/phpunit/tests/db.php" line="876" assertions="1" time="0.031074"/>
          <testcase name="test_get_table_from_query with data set #20" class="Tests_DB" classname="Tests_DB" file="/home/meng/Desktop/wptest/wordpress-develop/tests/phpunit/tests/db.php" line="876" assertions="1" time="0.033368"/>
          <testcase name="test_get_table_from_query with data set #21" class="Tests_DB" classname="Tests_DB" file="/home/meng/Desktop/wptest/wordpress-develop/tests/phpunit/tests/db.php" line="876" assertions="1" time="0.029280"/>
          <testcase name="test_get_table_from_query with data set #22" class="Tests_DB" classname="Tests_DB" file="/home/meng/Desktop/wptest/wordpress-develop/tests/phpunit/tests/db.php" line="876" assertions="1" time="0.031304"/>
          <testcase name="test_get_table_from_query with data set #23" class="Tests_DB" classname="Tests_DB" file="/home/meng/Desktop/wptest/wordpress-develop/tests/phpunit/tests/db.php" line="876" assertions="1" time="0.029548"/>
          <testcase name="test_get_table_from_query with data set #24" class="Tests_DB" classname="Tests_DB" file="/home/meng/Desktop/wptest/wordpress-develop/tests/phpunit/tests/db.php" line="876" assertions="1" time="0.029851"/>
          <testcase name="test_get_table_from_query with data set #25" class="Tests_DB" classname="Tests_DB" file="/home/meng/Desktop/wptest/wordpress-develop/tests/phpunit/tests/db.php" line="876" assertions="1" time="0.029672"/>
          <testcase name="test_get_table_from_query with data set #26" class="Tests_DB" classname="Tests_DB" file="/home/meng/Desktop/wptest/wordpress-develop/tests/phpunit/tests/db.php" line="876" assertions="1" time="0.029627"/>
          <testcase name="test_get_table_from_query with data set #27" class="Tests_DB" classname="Tests_DB" file="/home/meng/Desktop/wptest/wordpress-develop/tests/phpunit/tests/db.php" line="876" assertions="1" time="0.028971"/>
          <testcase name="test_get_table_from_query with data set #28" class="Tests_DB" classname="Tests_DB" file="/home/meng/Desktop/wptest/wordpress-develop/tests/phpunit/tests/db.php" line="876" assertions="1" time="0.029814"/>
          <testcase name="test_get_table_from_query with data set #29" class="Tests_DB" classname="Tests_DB" file="/home/meng/Desktop/wptest/wordpress-develop/tests/phpunit/tests/db.php" line="876" assertions="1" time="0.030800"/>
          <testcase name="test_get_table_from_query with data set #30" class="Tests_DB" classname="Tests_DB" file="/home/meng/Desktop/wptest/wordpress-develop/tests/phpunit/tests/db.php" line="876" assertions="1" time="0.031748"/>
          <testcase name="test_get_table_from_query with data set #31" class="Tests_DB" classname="Tests_DB" file="/home/meng/Desktop/wptest/wordpress-develop/tests/phpunit/tests/db.php" line="876" assertions="1" time="0.030663"/>
          <testcase name="test_get_table_from_query with data set #32" class="Tests_DB" classname="Tests_DB" file="/home/meng/Desktop/wptest/wordpress-develop/tests/phpunit/tests/db.php" line="876" assertions="1" time="0.029184"/>
          <testcase name="test_get_table_from_query with data set #33" class="Tests_DB" classname="Tests_DB" file="/home/meng/Desktop/wptest/wordpress-develop/tests/phpunit/tests/db.php" line="876" assertions="1" time="0.034333"/>
          <testcase name="test_get_table_from_query with data set #34" class="Tests_DB" classname="Tests_DB" file="/home/meng/Desktop/wptest/wordpress-develop/tests/phpunit/tests/db.php" line="876" assertions="1" time="0.032377"/>
          <testcase name="test_get_table_from_query with data set #35" class="Tests_DB" classname="Tests_DB" file="/home/meng/Desktop/wptest/wordpress-develop/tests/phpunit/tests/db.php" line="876" assertions="1" time="0.029079"/>
          <testcase name="test_get_table_from_query with data set #36" class="Tests_DB" classname="Tests_DB" file="/home/meng/Desktop/wptest/wordpress-develop/tests/phpunit/tests/db.php" line="876" assertions="1" time="0.029119"/>
          <testcase name="test_get_table_from_query with data set #37" class="Tests_DB" classname="Tests_DB" file="/home/meng/Desktop/wptest/wordpress-develop/tests/phpunit/tests/db.php" line="876" assertions="1" time="0.030818"/>
          <testcase name="test_get_table_from_query with data set #38" class="Tests_DB" classname="Tests_DB" file="/home/meng/Desktop/wptest/wordpress-develop/tests/phpunit/tests/db.php" line="876" assertions="1" time="0.028574"/>
          <testcase name="test_get_table_from_query with data set #39" class="Tests_DB" classname="Tests_DB" file="/home/meng/Desktop/wptest/wordpress-develop/tests/phpunit/tests/db.php" line="876" assertions="1" time="0.029318"/>
          <testcase name="test_get_table_from_query with data set #40" class="Tests_DB" classname="Tests_DB" file="/home/meng/Desktop/wptest/wordpress-develop/tests/phpunit/tests/db.php" line="876" assertions="1" time="0.030493"/>
          <testcase name="test_get_table_from_query with data set #41" class="Tests_DB" classname="Tests_DB" file="/home/meng/Desktop/wptest/wordpress-develop/tests/phpunit/tests/db.php" line="876" assertions="1" time="0.029382"/>
          <testcase name="test_get_table_from_query with data set #42" class="Tests_DB" classname="Tests_DB" file="/home/meng/Desktop/wptest/wordpress-develop/tests/phpunit/tests/db.php" line="876" assertions="1" time="0.030547"/>
          <testcase name="test_get_table_from_query with data set #43" class="Tests_DB" classname="Tests_DB" file="/home/meng/Desktop/wptest/wordpress-develop/tests/phpunit/tests/db.php" line="876" assertions="1" time="0.029674"/>
          <testcase name="test_get_table_from_query with data set #44" class="Tests_DB" classname="Tests_DB" file="/home/meng/Desktop/wptest/wordpress-develop/tests/phpunit/tests/db.php" line="876" assertions="1" time="0.028840"/>
          <testcase name="test_get_table_from_query with data set #45" class="Tests_DB" classname="Tests_DB" file="/home/meng/Desktop/wptest/wordpress-develop/tests/phpunit/tests/db.php" line="876" assertions="1" time="0.029569"/>
          <testcase name="test_get_table_from_query with data set #46" class="Tests_DB" classname="Tests_DB" file="/home/meng/Desktop/wptest/wordpress-develop/tests/phpunit/tests/db.php" line="876" assertions="1" time="0.029893"/>
          <testcase name="test_get_table_from_query with data set #47" class="Tests_DB" classname="Tests_DB" file="/home/meng/Desktop/wptest/wordpress-develop/tests/phpunit/tests/db.php" line="876" assertions="1" time="0.030962"/>
          <testcase name="test_get_table_from_query with data set #48" class="Tests_DB" classname="Tests_DB" file="/home/meng/Desktop/wptest/wordpress-develop/tests/phpunit/tests/db.php" line="876" assertions="1" time="0.031529"/>
          <testcase name="test_get_table_from_query with data set #49" class="Tests_DB" classname="Tests_DB" file="/home/meng/Desktop/wptest/wordpress-develop/tests/phpunit/tests/db.php" line="876" assertions="1" time="0.034275"/>
          <testcase name="test_get_table_from_query with data set #50" class="Tests_DB" classname="Tests_DB" file="/home/meng/Desktop/wptest/wordpress-develop/tests/phpunit/tests/db.php" line="876" assertions="1" time="0.029116"/>
          <testcase name="test_get_table_from_query with data set #51" class="Tests_DB" classname="Tests_DB" file="/home/meng/Desktop/wptest/wordpress-develop/tests/phpunit/tests/db.php" line="876" assertions="1" time="0.029298"/>
          <testcase name="test_get_table_from_query with data set #52" class="Tests_DB" classname="Tests_DB" file="/home/meng/Desktop/wptest/wordpress-develop/tests/phpunit/tests/db.php" line="876" assertions="1" time="0.030017"/>
          <testcase name="test_get_table_from_query with data set #53" class="Tests_DB" classname="Tests_DB" file="/home/meng/Desktop/wptest/wordpress-develop/tests/phpunit/tests/db.php" line="876" assertions="1" time="0.029961"/>
          <testcase name="test_get_table_from_query with data set #54" class="Tests_DB" classname="Tests_DB" file="/home/meng/Desktop/wptest/wordpress-develop/tests/phpunit/tests/db.php" line="876" assertions="1" time="0.029266"/>
          <testcase name="test_get_table_from_query with data set #55" class="Tests_DB" classname="Tests_DB" file="/home/meng/Desktop/wptest/wordpress-develop/tests/phpunit/tests/db.php" line="876" assertions="1" time="0.031140"/>
          <testcase name="test_get_table_from_query with data set #56" class="Tests_DB" classname="Tests_DB" file="/home/meng/Desktop/wptest/wordpress-develop/tests/phpunit/tests/db.php" line="876" assertions="1" time="0.029291"/>
          <testcase name="test_get_table_from_query with data set #57" class="Tests_DB" classname="Tests_DB" file="/home/meng/Desktop/wptest/wordpress-develop/tests/phpunit/tests/db.php" line="876" assertions="1" time="0.029290"/>
          <testcase name="test_get_table_from_query with data set #58" class="Tests_DB" classname="Tests_DB" file="/home/meng/Desktop/wptest/wordpress-develop/tests/phpunit/tests/db.php" line="876" assertions="1" time="0.030235"/>
          <testcase name="test_get_table_from_query with data set #59" class="Tests_DB" classname="Tests_DB" file="/home/meng/Desktop/wptest/wordpress-develop/tests/phpunit/tests/db.php" line="876" assertions="1" time="0.030381"/>
          <testcase name="test_get_table_from_query with data set #60" class="Tests_DB" classname="Tests_DB" file="/home/meng/Desktop/wptest/wordpress-develop/tests/phpunit/tests/db.php" line="876" assertions="1" time="0.029729"/>
          <testcase name="test_get_table_from_query with data set #61" class="Tests_DB" classname="Tests_DB" file="/home/meng/Desktop/wptest/wordpress-develop/tests/phpunit/tests/db.php" line="876" assertions="1" time="0.031292"/>
          <testcase name="test_get_table_from_query with data set #62" class="Tests_DB" classname="Tests_DB" file="/home/meng/Desktop/wptest/wordpress-develop/tests/phpunit/tests/db.php" line="876" assertions="1" time="0.029758"/>
          <testcase name="test_get_table_from_query with data set #63" class="Tests_DB" classname="Tests_DB" file="/home/meng/Desktop/wptest/wordpress-develop/tests/phpunit/tests/db.php" line="876" assertions="1" time="0.030454"/>
          <testcase name="test_get_table_from_query with data set #64" class="Tests_DB" classname="Tests_DB" file="/home/meng/Desktop/wptest/wordpress-develop/tests/phpunit/tests/db.php" line="876" assertions="1" time="0.033451"/>
          <testcase name="test_get_table_from_query with data set #65" class="Tests_DB" classname="Tests_DB" file="/home/meng/Desktop/wptest/wordpress-develop/tests/phpunit/tests/db.php" line="876" assertions="1" time="0.029873"/>
          <testcase name="test_get_table_from_query with data set #66" class="Tests_DB" classname="Tests_DB" file="/home/meng/Desktop/wptest/wordpress-develop/tests/phpunit/tests/db.php" line="876" assertions="1" time="0.029359"/>
          <testcase name="test_get_table_from_query with data set #67" class="Tests_DB" classname="Tests_DB" file="/home/meng/Desktop/wptest/wordpress-develop/tests/phpunit/tests/db.php" line="876" assertions="1" time="0.030149"/>
          <testcase name="test_get_table_from_query with data set #68" class="Tests_DB" classname="Tests_DB" file="/home/meng/Desktop/wptest/wordpress-develop/tests/phpunit/tests/db.php" line="876" assertions="1" time="0.029239"/>
          <testcase name="test_get_table_from_query with data set #69" class="Tests_DB" classname="Tests_DB" file="/home/meng/Desktop/wptest/wordpress-develop/tests/phpunit/tests/db.php" line="876" assertions="1" time="0.031695"/>
          <testcase name="test_get_table_from_query with data set #70" class="Tests_DB" classname="Tests_DB" file="/home/meng/Desktop/wptest/wordpress-develop/tests/phpunit/tests/db.php" line="876" assertions="1" time="0.029712"/>
          <testcase name="test_get_table_from_query with data set #71" class="Tests_DB" classname="Tests_DB" file="/home/meng/Desktop/wptest/wordpress-develop/tests/phpunit/tests/db.php" line="876" assertions="1" time="0.030437"/>
          <testcase name="test_get_table_from_query with data set #72" class="Tests_DB" classname="Tests_DB" file="/home/meng/Desktop/wptest/wordpress-develop/tests/phpunit/tests/db.php" line="876" assertions="1" time="0.031360"/>
          <testcase name="test_get_table_from_query with data set #73" class="Tests_DB" classname="Tests_DB" file="/home/meng/Desktop/wptest/wordpress-develop/tests/phpunit/tests/db.php" line="876" assertions="1" time="0.029981"/>
          <testcase name="test_get_table_from_query with data set #74" class="Tests_DB" classname="Tests_DB" file="/home/meng/Desktop/wptest/wordpress-develop/tests/phpunit/tests/db.php" line="876" assertions="1" time="0.030840"/>
          <testcase name="test_get_table_from_query with data set #75" class="Tests_DB" classname="Tests_DB" file="/home/meng/Desktop/wptest/wordpress-develop/tests/phpunit/tests/db.php" line="876" assertions="1" time="0.030217"/>
          <testcase name="test_get_table_from_query with data set #76" class="Tests_DB" classname="Tests_DB" file="/home/meng/Desktop/wptest/wordpress-develop/tests/phpunit/tests/db.php" line="876" assertions="1" time="0.029885"/>
          <testcase name="test_get_table_from_query with data set #77" class="Tests_DB" classname="Tests_DB" file="/home/meng/Desktop/wptest/wordpress-develop/tests/phpunit/tests/db.php" line="876" assertions="1" time="0.029245"/>
          <testcase name="test_get_table_from_query with data set #78" class="Tests_DB" classname="Tests_DB" file="/home/meng/Desktop/wptest/wordpress-develop/tests/phpunit/tests/db.php" line="876" assertions="1" time="0.031053"/>
          <testcase name="test_get_table_from_query with data set #79" class="Tests_DB" classname="Tests_DB" file="/home/meng/Desktop/wptest/wordpress-develop/tests/phpunit/tests/db.php" line="876" assertions="1" time="0.041742"/>
          <testcase name="test_get_table_from_query with data set #80" class="Tests_DB" classname="Tests_DB" file="/home/meng/Desktop/wptest/wordpress-develop/tests/phpunit/tests/db.php" line="876" assertions="1" time="0.029812"/>
          <testcase name="test_get_table_from_query with data set #81" class="Tests_DB" classname="Tests_DB" file="/home/meng/Desktop/wptest/wordpress-develop/tests/phpunit/tests/db.php" line="876" assertions="1" time="0.029659"/>
          <testcase name="test_get_table_from_query with data set #82" class="Tests_DB" classname="Tests_DB" file="/home/meng/Desktop/wptest/wordpress-develop/tests/phpunit/tests/db.php" line="876" assertions="1" time="0.029659"/>
          <testcase name="test_get_table_from_query with data set #83" class="Tests_DB" classname="Tests_DB" file="/home/meng/Desktop/wptest/wordpress-develop/tests/phpunit/tests/db.php" line="876" assertions="1" time="0.029588"/>
          <testcase name="test_get_table_from_query with data set #84" class="Tests_DB" classname="Tests_DB" file="/home/meng/Desktop/wptest/wordpress-develop/tests/phpunit/tests/db.php" line="876" assertions="1" time="0.029591"/>
          <testcase name="test_get_table_from_query with data set #85" class="Tests_DB" classname="Tests_DB" file="/home/meng/Desktop/wptest/wordpress-develop/tests/phpunit/tests/db.php" line="876" assertions="1" time="0.030564"/>
          <testcase name="test_get_table_from_query with data set #86" class="Tests_DB" classname="Tests_DB" file="/home/meng/Desktop/wptest/wordpress-develop/tests/phpunit/tests/db.php" line="876" assertions="1" time="0.030458"/>
          <testcase name="test_get_table_from_query with data set #87" class="Tests_DB" classname="Tests_DB" file="/home/meng/Desktop/wptest/wordpress-develop/tests/phpunit/tests/db.php" line="876" assertions="1" time="0.029491"/>
          <testcase name="test_get_table_from_query with data set #88" class="Tests_DB" classname="Tests_DB" file="/home/meng/Desktop/wptest/wordpress-develop/tests/phpunit/tests/db.php" line="876" assertions="1" time="0.029726"/>
          <testcase name="test_get_table_from_query with data set #89" class="Tests_DB" classname="Tests_DB" file="/home/meng/Desktop/wptest/wordpress-develop/tests/phpunit/tests/db.php" line="876" assertions="1" time="0.030496"/>
          <testcase name="test_get_table_from_query with data set #90" class="Tests_DB" classname="Tests_DB" file="/home/meng/Desktop/wptest/wordpress-develop/tests/phpunit/tests/db.php" line="876" assertions="1" time="0.029897"/>
          <testcase name="test_get_table_from_query with data set #91" class="Tests_DB" classname="Tests_DB" file="/home/meng/Desktop/wptest/wordpress-develop/tests/phpunit/tests/db.php" line="876" assertions="1" time="0.033094"/>
          <testcase name="test_get_table_from_query with data set #92" class="Tests_DB" classname="Tests_DB" file="/home/meng/Desktop/wptest/wordpress-develop/tests/phpunit/tests/db.php" line="876" assertions="1" time="0.030150"/>
          <testcase name="test_get_table_from_query with data set #93" class="Tests_DB" classname="Tests_DB" file="/home/meng/Desktop/wptest/wordpress-develop/tests/phpunit/tests/db.php" line="876" assertions="1" time="0.030030"/>
          <testcase name="test_get_table_from_query with data set #94" class="Tests_DB" classname="Tests_DB" file="/home/meng/Desktop/wptest/wordpress-develop/tests/phpunit/tests/db.php" line="876" assertions="1" time="0.031077"/>
          <testcase name="test_get_table_from_query with data set #95" class="Tests_DB" classname="Tests_DB" file="/home/meng/Desktop/wptest/wordpress-develop/tests/phpunit/tests/db.php" line="876" assertions="1" time="0.029270"/>
          <testcase name="test_get_table_from_query with data set #96" class="Tests_DB" classname="Tests_DB" file="/home/meng/Desktop/wptest/wordpress-develop/tests/phpunit/tests/db.php" line="876" assertions="1" time="0.030236"/>
          <testcase name="test_get_table_from_query with data set #97" class="Tests_DB" classname="Tests_DB" file="/home/meng/Desktop/wptest/wordpress-develop/tests/phpunit/tests/db.php" line="876" assertions="1" time="0.029609"/>
          <testcase name="test_get_table_from_query with data set #98" class="Tests_DB" classname="Tests_DB" file="/home/meng/Desktop/wptest/wordpress-develop/tests/phpunit/tests/db.php" line="876" assertions="1" time="0.029894"/>
          <testcase name="test_get_table_from_query with data set #99" class="Tests_DB" classname="Tests_DB" file="/home/meng/Desktop/wptest/wordpress-develop/tests/phpunit/tests/db.php" line="876" assertions="1" time="0.029948"/>
          <testcase name="test_get_table_from_query with data set #100" class="Tests_DB" classname="Tests_DB" file="/home/meng/Desktop/wptest/wordpress-develop/tests/phpunit/tests/db.php" line="876" assertions="1" time="0.030123"/>
          <testcase name="test_get_table_from_query with data set #101" class="Tests_DB" classname="Tests_DB" file="/home/meng/Desktop/wptest/wordpress-develop/tests/phpunit/tests/db.php" line="876" assertions="1" time="0.030192"/>
          <testcase name="test_get_table_from_query with data set #102" class="Tests_DB" classname="Tests_DB" file="/home/meng/Desktop/wptest/wordpress-develop/tests/phpunit/tests/db.php" line="876" assertions="1" time="0.030269"/>
          <testcase name="test_get_table_from_query with data set #103" class="Tests_DB" classname="Tests_DB" file="/home/meng/Desktop/wptest/wordpress-develop/tests/phpunit/tests/db.php" line="876" assertions="1" time="0.030404"/>
          <testcase name="test_get_table_from_query with data set #104" class="Tests_DB" classname="Tests_DB" file="/home/meng/Desktop/wptest/wordpress-develop/tests/phpunit/tests/db.php" line="876" assertions="1" time="0.029407"/>
          <testcase name="test_get_table_from_query with data set #105" class="Tests_DB" classname="Tests_DB" file="/home/meng/Desktop/wptest/wordpress-develop/tests/phpunit/tests/db.php" line="876" assertions="1" time="0.029937"/>
          <testcase name="test_get_table_from_query with data set #106" class="Tests_DB" classname="Tests_DB" file="/home/meng/Desktop/wptest/wordpress-develop/tests/phpunit/tests/db.php" line="876" assertions="1" time="0.029664"/>
          <testcase name="test_get_table_from_query with data set #107" class="Tests_DB" classname="Tests_DB" file="/home/meng/Desktop/wptest/wordpress-develop/tests/phpunit/tests/db.php" line="876" assertions="1" time="0.030106"/>
          <testcase name="test_get_table_from_query with data set #108" class="Tests_DB" classname="Tests_DB" file="/home/meng/Desktop/wptest/wordpress-develop/tests/phpunit/tests/db.php" line="876" assertions="1" time="0.031744"/>
          <testcase name="test_get_table_from_query with data set #109" class="Tests_DB" classname="Tests_DB" file="/home/meng/Desktop/wptest/wordpress-develop/tests/phpunit/tests/db.php" line="876" assertions="1" time="0.029909"/>
          <testcase name="test_get_table_from_query with data set #110" class="Tests_DB" classname="Tests_DB" file="/home/meng/Desktop/wptest/wordpress-develop/tests/phpunit/tests/db.php" line="876" assertions="1" time="0.029600"/>
          <testcase name="test_get_table_from_query with data set #111" class="Tests_DB" classname="Tests_DB" file="/home/meng/Desktop/wptest/wordpress-develop/tests/phpunit/tests/db.php" line="876" assertions="1" time="0.029367"/>
          <testcase name="test_get_table_from_query with data set #112" class="Tests_DB" classname="Tests_DB" file="/home/meng/Desktop/wptest/wordpress-develop/tests/phpunit/tests/db.php" line="876" assertions="1" time="0.029862"/>
          <testcase name="test_get_table_from_query with data set #113" class="Tests_DB" classname="Tests_DB" file="/home/meng/Desktop/wptest/wordpress-develop/tests/phpunit/tests/db.php" line="876" assertions="1" time="0.029180"/>
          <testcase name="test_get_table_from_query with data set #114" class="Tests_DB" classname="Tests_DB" file="/home/meng/Desktop/wptest/wordpress-develop/tests/phpunit/tests/db.php" line="876" assertions="1" time="0.029336"/>
          <testcase name="test_get_table_from_query with data set #115" class="Tests_DB" classname="Tests_DB" file="/home/meng/Desktop/wptest/wordpress-develop/tests/phpunit/tests/db.php" line="876" assertions="1" time="0.029445"/>
          <testcase name="test_get_table_from_query with data set #116" class="Tests_DB" classname="Tests_DB" file="/home/meng/Desktop/wptest/wordpress-develop/tests/phpunit/tests/db.php" line="876" assertions="1" time="0.029896"/>
          <testcase name="test_get_table_from_query with data set #117" class="Tests_DB" classname="Tests_DB" file="/home/meng/Desktop/wptest/wordpress-develop/tests/phpunit/tests/db.php" line="876" assertions="1" time="0.031305"/>
          <testcase name="test_get_table_from_query with data set #118" class="Tests_DB" classname="Tests_DB" file="/home/meng/Desktop/wptest/wordpress-develop/tests/phpunit/tests/db.php" line="876" assertions="1" time="0.031995"/>
          <testcase name="test_get_table_from_query with data set #119" class="Tests_DB" classname="Tests_DB" file="/home/meng/Desktop/wptest/wordpress-develop/tests/phpunit/tests/db.php" line="876" assertions="1" time="0.032199"/>
          <testcase name="test_get_table_from_query with data set #120" class="Tests_DB" classname="Tests_DB" file="/home/meng/Desktop/wptest/wordpress-develop/tests/phpunit/tests/db.php" line="876" assertions="1" time="0.033566"/>
          <testcase name="test_get_table_from_query with data set #121" class="Tests_DB" classname="Tests_DB" file="/home/meng/Desktop/wptest/wordpress-develop/tests/phpunit/tests/db.php" line="876" assertions="1" time="0.030564"/>
          <testcase name="test_get_table_from_query with data set #122" class="Tests_DB" classname="Tests_DB" file="/home/meng/Desktop/wptest/wordpress-develop/tests/phpunit/tests/db.php" line="876" assertions="1" time="0.031587"/>
          <testcase name="test_get_table_from_query with data set #123" class="Tests_DB" classname="Tests_DB" file="/home/meng/Desktop/wptest/wordpress-develop/tests/phpunit/tests/db.php" line="876" assertions="1" time="0.032363"/>
          <testcase name="test_get_table_from_query with data set #124" class="Tests_DB" classname="Tests_DB" file="/home/meng/Desktop/wptest/wordpress-develop/tests/phpunit/tests/db.php" line="876" assertions="1" time="0.032235"/>
          <testcase name="test_get_table_from_query with data set #125" class="Tests_DB" classname="Tests_DB" file="/home/meng/Desktop/wptest/wordpress-develop/tests/phpunit/tests/db.php" line="876" assertions="1" time="0.032719"/>
          <testcase name="test_get_table_from_query with data set #126" class="Tests_DB" classname="Tests_DB" file="/home/meng/Desktop/wptest/wordpress-develop/tests/phpunit/tests/db.php" line="876" assertions="1" time="0.032096"/>
          <testcase name="test_get_table_from_query with data set #127" class="Tests_DB" classname="Tests_DB" file="/home/meng/Desktop/wptest/wordpress-develop/tests/phpunit/tests/db.php" line="876" assertions="1" time="0.030282"/>
          <testcase name="test_get_table_from_query with data set #128" class="Tests_DB" classname="Tests_DB" file="/home/meng/Desktop/wptest/wordpress-develop/tests/phpunit/tests/db.php" line="876" assertions="1" time="0.031304"/>
          <testcase name="test_get_table_from_query with data set #129" class="Tests_DB" classname="Tests_DB" file="/home/meng/Desktop/wptest/wordpress-develop/tests/phpunit/tests/db.php" line="876" assertions="1" time="0.031137"/>
          <testcase name="test_get_table_from_query with data set #130" class="Tests_DB" classname="Tests_DB" file="/home/meng/Desktop/wptest/wordpress-develop/tests/phpunit/tests/db.php" line="876" assertions="1" time="0.030761"/>
          <testcase name="test_get_table_from_query with data set #131" class="Tests_DB" classname="Tests_DB" file="/home/meng/Desktop/wptest/wordpress-develop/tests/phpunit/tests/db.php" line="876" assertions="1" time="0.029017"/>
          <testcase name="test_get_table_from_query with data set #132" class="Tests_DB" classname="Tests_DB" file="/home/meng/Desktop/wptest/wordpress-develop/tests/phpunit/tests/db.php" line="876" assertions="1" time="0.029922"/>
          <testcase name="test_get_table_from_query with data set #133" class="Tests_DB" classname="Tests_DB" file="/home/meng/Desktop/wptest/wordpress-develop/tests/phpunit/tests/db.php" line="876" assertions="1" time="0.031407"/>
          <testcase name="test_get_table_from_query with data set #134" class="Tests_DB" classname="Tests_DB" file="/home/meng/Desktop/wptest/wordpress-develop/tests/phpunit/tests/db.php" line="876" assertions="1" time="0.029448"/>
          <testcase name="test_get_table_from_query with data set #135" class="Tests_DB" classname="Tests_DB" file="/home/meng/Desktop/wptest/wordpress-develop/tests/phpunit/tests/db.php" line="876" assertions="1" time="0.029490"/>
          <testcase name="test_get_table_from_query with data set #136" class="Tests_DB" classname="Tests_DB" file="/home/meng/Desktop/wptest/wordpress-develop/tests/phpunit/tests/db.php" line="876" assertions="1" time="0.029758"/>
          <testcase name="test_get_table_from_query with data set #137" class="Tests_DB" classname="Tests_DB" file="/home/meng/Desktop/wptest/wordpress-develop/tests/phpunit/tests/db.php" line="876" assertions="1" time="0.029844"/>
          <testcase name="test_get_table_from_query with data set #138" class="Tests_DB" classname="Tests_DB" file="/home/meng/Desktop/wptest/wordpress-develop/tests/phpunit/tests/db.php" line="876" assertions="1" time="0.029585"/>
          <testcase name="test_get_table_from_query with data set #139" class="Tests_DB" classname="Tests_DB" file="/home/meng/Desktop/wptest/wordpress-develop/tests/phpunit/tests/db.php" line="876" assertions="1" time="0.031780"/>
          <testcase name="test_get_table_from_query with data set #140" class="Tests_DB" classname="Tests_DB" file="/home/meng/Desktop/wptest/wordpress-develop/tests/phpunit/tests/db.php" line="876" assertions="1" time="0.029044"/>
          <testcase name="test_get_table_from_query with data set #141" class="Tests_DB" classname="Tests_DB" file="/home/meng/Desktop/wptest/wordpress-develop/tests/phpunit/tests/db.php" line="876" assertions="1" time="0.028920"/>
          <testcase name="test_get_table_from_query with data set #142" class="Tests_DB" classname="Tests_DB" file="/home/meng/Desktop/wptest/wordpress-develop/tests/phpunit/tests/db.php" line="876" assertions="1" time="0.030945"/>
          <testcase name="test_get_table_from_query with data set #143" class="Tests_DB" classname="Tests_DB" file="/home/meng/Desktop/wptest/wordpress-develop/tests/phpunit/tests/db.php" line="876" assertions="1" time="0.029365"/>
          <testcase name="test_get_table_from_query with data set #144" class="Tests_DB" classname="Tests_DB" file="/home/meng/Desktop/wptest/wordpress-develop/tests/phpunit/tests/db.php" line="876" assertions="1" time="0.029146"/>
          <testcase name="test_get_table_from_query with data set #145" class="Tests_DB" classname="Tests_DB" file="/home/meng/Desktop/wptest/wordpress-develop/tests/phpunit/tests/db.php" line="876" assertions="1" time="0.030902"/>
          <testcase name="test_get_table_from_query with data set #146" class="Tests_DB" classname="Tests_DB" file="/home/meng/Desktop/wptest/wordpress-develop/tests/phpunit/tests/db.php" line="876" assertions="1" time="0.031348"/>
          <testcase name="test_get_table_from_query with data set #147" class="Tests_DB" classname="Tests_DB" file="/home/meng/Desktop/wptest/wordpress-develop/tests/phpunit/tests/db.php" line="876" assertions="1" time="0.031176"/>
          <testcase name="test_get_table_from_query with data set #148" class="Tests_DB" classname="Tests_DB" file="/home/meng/Desktop/wptest/wordpress-develop/tests/phpunit/tests/db.php" line="876" assertions="1" time="0.030613"/>
          <testcase name="test_get_table_from_query with data set #149" class="Tests_DB" classname="Tests_DB" file="/home/meng/Desktop/wptest/wordpress-develop/tests/phpunit/tests/db.php" line="876" assertions="1" time="0.029530"/>
          <testcase name="test_get_table_from_query with data set #150" class="Tests_DB" classname="Tests_DB" file="/home/meng/Desktop/wptest/wordpress-develop/tests/phpunit/tests/db.php" line="876" assertions="1" time="0.033649"/>
          <testcase name="test_get_table_from_query with data set #151" class="Tests_DB" classname="Tests_DB" file="/home/meng/Desktop/wptest/wordpress-develop/tests/phpunit/tests/db.php" line="876" assertions="1" time="0.029399"/>
          <testcase name="test_get_table_from_query with data set #152" class="Tests_DB" classname="Tests_DB" file="/home/meng/Desktop/wptest/wordpress-develop/tests/phpunit/tests/db.php" line="876" assertions="1" time="0.029227"/>
          <testcase name="test_get_table_from_query with data set #153" class="Tests_DB" classname="Tests_DB" file="/home/meng/Desktop/wptest/wordpress-develop/tests/phpunit/tests/db.php" line="876" assertions="1" time="0.032126"/>
          <testcase name="test_get_table_from_query with data set #154" class="Tests_DB" classname="Tests_DB" file="/home/meng/Desktop/wptest/wordpress-develop/tests/phpunit/tests/db.php" line="876" assertions="1" time="0.030139"/>
          <testcase name="test_get_table_from_query with data set #155" class="Tests_DB" classname="Tests_DB" file="/home/meng/Desktop/wptest/wordpress-develop/tests/phpunit/tests/db.php" line="876" assertions="1" time="0.032857"/>
          <testcase name="test_get_table_from_query with data set #156" class="Tests_DB" classname="Tests_DB" file="/home/meng/Desktop/wptest/wordpress-develop/tests/phpunit/tests/db.php" line="876" assertions="1" time="0.030156"/>
          <testcase name="test_get_table_from_query with data set #157" class="Tests_DB" classname="Tests_DB" file="/home/meng/Desktop/wptest/wordpress-develop/tests/phpunit/tests/db.php" line="876" assertions="1" time="0.031986"/>
          <testcase name="test_get_table_from_query with data set #158" class="Tests_DB" classname="Tests_DB" file="/home/meng/Desktop/wptest/wordpress-develop/tests/phpunit/tests/db.php" line="876" assertions="1" time="0.030200"/>
          <testcase name="test_get_table_from_query with data set #159" class="Tests_DB" classname="Tests_DB" file="/home/meng/Desktop/wptest/wordpress-develop/tests/phpunit/tests/db.php" line="876" assertions="1" time="0.031123"/>
          <testcase name="test_get_table_from_query with data set #160" class="Tests_DB" classname="Tests_DB" file="/home/meng/Desktop/wptest/wordpress-develop/tests/phpunit/tests/db.php" line="876" assertions="1" time="0.029413"/>
          <testcase name="test_get_table_from_query with data set #161" class="Tests_DB" classname="Tests_DB" file="/home/meng/Desktop/wptest/wordpress-develop/tests/phpunit/tests/db.php" line="876" assertions="1" time="0.029630"/>
          <testcase name="test_get_table_from_query with data set #162" class="Tests_DB" classname="Tests_DB" file="/home/meng/Desktop/wptest/wordpress-develop/tests/phpunit/tests/db.php" line="876" assertions="1" time="0.029763"/>
          <testcase name="test_get_table_from_query with data set #163" class="Tests_DB" classname="Tests_DB" file="/home/meng/Desktop/wptest/wordpress-develop/tests/phpunit/tests/db.php" line="876" assertions="1" time="0.030729"/>
          <testcase name="test_get_table_from_query with data set #164" class="Tests_DB" classname="Tests_DB" file="/home/meng/Desktop/wptest/wordpress-develop/tests/phpunit/tests/db.php" line="876" assertions="1" time="0.034143"/>
          <testcase name="test_get_table_from_query with data set #165" class="Tests_DB" classname="Tests_DB" file="/home/meng/Desktop/wptest/wordpress-develop/tests/phpunit/tests/db.php" line="876" assertions="1" time="0.033520"/>
          <testcase name="test_get_table_from_query with data set #166" class="Tests_DB" classname="Tests_DB" file="/home/meng/Desktop/wptest/wordpress-develop/tests/phpunit/tests/db.php" line="876" assertions="1" time="0.031102"/>
          <testcase name="test_get_table_from_query with data set #167" class="Tests_DB" classname="Tests_DB" file="/home/meng/Desktop/wptest/wordpress-develop/tests/phpunit/tests/db.php" line="876" assertions="1" time="0.031103"/>
          <testcase name="test_get_table_from_query with data set #168" class="Tests_DB" classname="Tests_DB" file="/home/meng/Desktop/wptest/wordpress-develop/tests/phpunit/tests/db.php" line="876" assertions="1" time="0.029453"/>
          <testcase name="test_get_table_from_query with data set #169" class="Tests_DB" classname="Tests_DB" file="/home/meng/Desktop/wptest/wordpress-develop/tests/phpunit/tests/db.php" line="876" assertions="1" time="0.039685"/>
          <testcase name="test_get_table_from_query with data set #170" class="Tests_DB" classname="Tests_DB" file="/home/meng/Desktop/wptest/wordpress-develop/tests/phpunit/tests/db.php" line="876" assertions="1" time="0.029743"/>
          <testcase name="test_get_table_from_query with data set #171" class="Tests_DB" classname="Tests_DB" file="/home/meng/Desktop/wptest/wordpress-develop/tests/phpunit/tests/db.php" line="876" assertions="1" time="0.031930"/>
          <testcase name="test_get_table_from_query with data set #172" class="Tests_DB" classname="Tests_DB" file="/home/meng/Desktop/wptest/wordpress-develop/tests/phpunit/tests/db.php" line="876" assertions="1" time="0.029219"/>
          <testcase name="test_get_table_from_query with data set #173" class="Tests_DB" classname="Tests_DB" file="/home/meng/Desktop/wptest/wordpress-develop/tests/phpunit/tests/db.php" line="876" assertions="1" time="0.029723"/>
          <testcase name="test_get_table_from_query with data set #174" class="Tests_DB" classname="Tests_DB" file="/home/meng/Desktop/wptest/wordpress-develop/tests/phpunit/tests/db.php" line="876" assertions="1" time="0.029510"/>
          <testcase name="test_get_table_from_query with data set #175" class="Tests_DB" classname="Tests_DB" file="/home/meng/Desktop/wptest/wordpress-develop/tests/phpunit/tests/db.php" line="876" assertions="1" time="0.034112"/>
          <testcase name="test_get_table_from_query with data set #176" class="Tests_DB" classname="Tests_DB" file="/home/meng/Desktop/wptest/wordpress-develop/tests/phpunit/tests/db.php" line="876" assertions="1" time="0.030923"/>
          <testcase name="test_get_table_from_query with data set #177" class="Tests_DB" classname="Tests_DB" file="/home/meng/Desktop/wptest/wordpress-develop/tests/phpunit/tests/db.php" line="876" assertions="1" time="0.031267"/>
          <testcase name="test_get_table_from_query with data set #178" class="Tests_DB" classname="Tests_DB" file="/home/meng/Desktop/wptest/wordpress-develop/tests/phpunit/tests/db.php" line="876" assertions="1" time="0.031147"/>
          <testcase name="test_get_table_from_query with data set #179" class="Tests_DB" classname="Tests_DB" file="/home/meng/Desktop/wptest/wordpress-develop/tests/phpunit/tests/db.php" line="876" assertions="1" time="0.030642"/>
          <testcase name="test_get_table_from_query with data set #180" class="Tests_DB" classname="Tests_DB" file="/home/meng/Desktop/wptest/wordpress-develop/tests/phpunit/tests/db.php" line="876" assertions="1" time="0.029717"/>
          <testcase name="test_get_table_from_query with data set #181" class="Tests_DB" classname="Tests_DB" file="/home/meng/Desktop/wptest/wordpress-develop/tests/phpunit/tests/db.php" line="876" assertions="1" time="0.029356"/>
          <testcase name="test_get_table_from_query with data set #182" class="Tests_DB" classname="Tests_DB" file="/home/meng/Desktop/wptest/wordpress-develop/tests/phpunit/tests/db.php" line="876" assertions="1" time="0.030510"/>
          <testcase name="test_get_table_from_query with data set #183" class="Tests_DB" classname="Tests_DB" file="/home/meng/Desktop/wptest/wordpress-develop/tests/phpunit/tests/db.php" line="876" assertions="1" time="0.029745"/>
          <testcase name="test_get_table_from_query with data set #184" class="Tests_DB" classname="Tests_DB" file="/home/meng/Desktop/wptest/wordpress-develop/tests/phpunit/tests/db.php" line="876" assertions="1" time="0.030100"/>
          <testcase name="test_get_table_from_query with data set #185" class="Tests_DB" classname="Tests_DB" file="/home/meng/Desktop/wptest/wordpress-develop/tests/phpunit/tests/db.php" line="876" assertions="1" time="0.029622"/>
          <testcase name="test_get_table_from_query with data set #186" class="Tests_DB" classname="Tests_DB" file="/home/meng/Desktop/wptest/wordpress-develop/tests/phpunit/tests/db.php" line="876" assertions="1" time="0.029430"/>
          <testcase name="test_get_table_from_query with data set #187" class="Tests_DB" classname="Tests_DB" file="/home/meng/Desktop/wptest/wordpress-develop/tests/phpunit/tests/db.php" line="876" assertions="1" time="0.031342"/>
          <testcase name="test_get_table_from_query with data set #188" class="Tests_DB" classname="Tests_DB" file="/home/meng/Desktop/wptest/wordpress-develop/tests/phpunit/tests/db.php" line="876" assertions="1" time="0.030367"/>
          <testcase name="test_get_table_from_query with data set #189" class="Tests_DB" classname="Tests_DB" file="/home/meng/Desktop/wptest/wordpress-develop/tests/phpunit/tests/db.php" line="876" assertions="1" time="0.030042"/>
          <testcase name="test_get_table_from_query with data set #190" class="Tests_DB" classname="Tests_DB" file="/home/meng/Desktop/wptest/wordpress-develop/tests/phpunit/tests/db.php" line="876" assertions="1" time="0.029510"/>
          <testcase name="test_get_table_from_query with data set #191" class="Tests_DB" classname="Tests_DB" file="/home/meng/Desktop/wptest/wordpress-develop/tests/phpunit/tests/db.php" line="876" assertions="1" time="0.031049"/>
          <testcase name="test_get_table_from_query with data set #192" class="Tests_DB" classname="Tests_DB" file="/home/meng/Desktop/wptest/wordpress-develop/tests/phpunit/tests/db.php" line="876" assertions="1" time="0.029414"/>
          <testcase name="test_get_table_from_query with data set #193" class="Tests_DB" classname="Tests_DB" file="/home/meng/Desktop/wptest/wordpress-develop/tests/phpunit/tests/db.php" line="876" assertions="1" time="0.029761"/>
          <testcase name="test_get_table_from_query with data set #194" class="Tests_DB" classname="Tests_DB" file="/home/meng/Desktop/wptest/wordpress-develop/tests/phpunit/tests/db.php" line="876" assertions="1" time="0.030145"/>
          <testcase name="test_get_table_from_query with data set #195" class="Tests_DB" classname="Tests_DB" file="/home/meng/Desktop/wptest/wordpress-develop/tests/phpunit/tests/db.php" line="876" assertions="1" time="0.029906"/>
          <testcase name="test_get_table_from_query with data set #196" class="Tests_DB" classname="Tests_DB" file="/home/meng/Desktop/wptest/wordpress-develop/tests/phpunit/tests/db.php" line="876" assertions="1" time="0.029416"/>
          <testcase name="test_get_table_from_query with data set #197" class="Tests_DB" classname="Tests_DB" file="/home/meng/Desktop/wptest/wordpress-develop/tests/phpunit/tests/db.php" line="876" assertions="1" time="0.034309"/>
          <testcase name="test_get_table_from_query with data set #198" class="Tests_DB" classname="Tests_DB" file="/home/meng/Desktop/wptest/wordpress-develop/tests/phpunit/tests/db.php" line="876" assertions="1" time="0.029393"/>
          <testcase name="test_get_table_from_query with data set #199" class="Tests_DB" classname="Tests_DB" file="/home/meng/Desktop/wptest/wordpress-develop/tests/phpunit/tests/db.php" line="876" assertions="1" time="0.031574"/>
          <testcase name="test_get_table_from_query with data set #200" class="Tests_DB" classname="Tests_DB" file="/home/meng/Desktop/wptest/wordpress-develop/tests/phpunit/tests/db.php" line="876" assertions="1" time="0.031195"/>
          <testcase name="test_get_table_from_query with data set #201" class="Tests_DB" classname="Tests_DB" file="/home/meng/Desktop/wptest/wordpress-develop/tests/phpunit/tests/db.php" line="876" assertions="1" time="0.029878"/>
          <testcase name="test_get_table_from_query with data set #202" class="Tests_DB" classname="Tests_DB" file="/home/meng/Desktop/wptest/wordpress-develop/tests/phpunit/tests/db.php" line="876" assertions="1" time="0.032097"/>
          <testcase name="test_get_table_from_query with data set #203" class="Tests_DB" classname="Tests_DB" file="/home/meng/Desktop/wptest/wordpress-develop/tests/phpunit/tests/db.php" line="876" assertions="1" time="0.031308"/>
          <testcase name="test_get_table_from_query with data set #204" class="Tests_DB" classname="Tests_DB" file="/home/meng/Desktop/wptest/wordpress-develop/tests/phpunit/tests/db.php" line="876" assertions="1" time="0.032311"/>
          <testcase name="test_get_table_from_query with data set #205" class="Tests_DB" classname="Tests_DB" file="/home/meng/Desktop/wptest/wordpress-develop/tests/phpunit/tests/db.php" line="876" assertions="1" time="0.029664"/>
          <testcase name="test_get_table_from_query with data set #206" class="Tests_DB" classname="Tests_DB" file="/home/meng/Desktop/wptest/wordpress-develop/tests/phpunit/tests/db.php" line="876" assertions="1" time="0.032185"/>
          <testcase name="test_get_table_from_query with data set #207" class="Tests_DB" classname="Tests_DB" file="/home/meng/Desktop/wptest/wordpress-develop/tests/phpunit/tests/db.php" line="876" assertions="1" time="0.029723"/>
          <testcase name="test_get_table_from_query with data set #208" class="Tests_DB" classname="Tests_DB" file="/home/meng/Desktop/wptest/wordpress-develop/tests/phpunit/tests/db.php" line="876" assertions="1" time="0.029221"/>
          <testcase name="test_get_table_from_query with data set #209" class="Tests_DB" classname="Tests_DB" file="/home/meng/Desktop/wptest/wordpress-develop/tests/phpunit/tests/db.php" line="876" assertions="1" time="0.029983"/>
          <testcase name="test_get_table_from_query with data set #210" class="Tests_DB" classname="Tests_DB" file="/home/meng/Desktop/wptest/wordpress-develop/tests/phpunit/tests/db.php" line="876" assertions="1" time="0.030376"/>
          <testcase name="test_get_table_from_query with data set #211" class="Tests_DB" classname="Tests_DB" file="/home/meng/Desktop/wptest/wordpress-develop/tests/phpunit/tests/db.php" line="876" assertions="1" time="0.030004"/>
          <testcase name="test_get_table_from_query with data set #212" class="Tests_DB" classname="Tests_DB" file="/home/meng/Desktop/wptest/wordpress-develop/tests/phpunit/tests/db.php" line="876" assertions="1" time="0.030364"/>
          <testcase name="test_get_table_from_query with data set #213" class="Tests_DB" classname="Tests_DB" file="/home/meng/Desktop/wptest/wordpress-develop/tests/phpunit/tests/db.php" line="876" assertions="1" time="0.030144"/>
          <testcase name="test_get_table_from_query with data set #214" class="Tests_DB" classname="Tests_DB" file="/home/meng/Desktop/wptest/wordpress-develop/tests/phpunit/tests/db.php" line="876" assertions="1" time="0.045040"/>
          <testcase name="test_get_table_from_query with data set #215" class="Tests_DB" classname="Tests_DB" file="/home/meng/Desktop/wptest/wordpress-develop/tests/phpunit/tests/db.php" line="876" assertions="1" time="0.032011"/>
          <testcase name="test_get_table_from_query with data set #216" class="Tests_DB" classname="Tests_DB" file="/home/meng/Desktop/wptest/wordpress-develop/tests/phpunit/tests/db.php" line="876" assertions="1" time="0.030161"/>
          <testcase name="test_get_table_from_query with data set #217" class="Tests_DB" classname="Tests_DB" file="/home/meng/Desktop/wptest/wordpress-develop/tests/phpunit/tests/db.php" line="876" assertions="1" time="0.030173"/>
          <testcase name="test_get_table_from_query with data set #218" class="Tests_DB" classname="Tests_DB" file="/home/meng/Desktop/wptest/wordpress-develop/tests/phpunit/tests/db.php" line="876" assertions="1" time="0.030610"/>
          <testcase name="test_get_table_from_query with data set #219" class="Tests_DB" classname="Tests_DB" file="/home/meng/Desktop/wptest/wordpress-develop/tests/phpunit/tests/db.php" line="876" assertions="1" time="0.029167"/>
          <testcase name="test_get_table_from_query with data set #220" class="Tests_DB" classname="Tests_DB" file="/home/meng/Desktop/wptest/wordpress-develop/tests/phpunit/tests/db.php" line="876" assertions="1" time="0.030766"/>
          <testcase name="test_get_table_from_query with data set #221" class="Tests_DB" classname="Tests_DB" file="/home/meng/Desktop/wptest/wordpress-develop/tests/phpunit/tests/db.php" line="876" assertions="1" time="0.029661"/>
          <testcase name="test_get_table_from_query with data set #222" class="Tests_DB" classname="Tests_DB" file="/home/meng/Desktop/wptest/wordpress-develop/tests/phpunit/tests/db.php" line="876" assertions="1" time="0.029148"/>
          <testcase name="test_get_table_from_query with data set #223" class="Tests_DB" classname="Tests_DB" file="/home/meng/Desktop/wptest/wordpress-develop/tests/phpunit/tests/db.php" line="876" assertions="1" time="0.030555"/>
          <testcase name="test_get_table_from_query with data set #224" class="Tests_DB" classname="Tests_DB" file="/home/meng/Desktop/wptest/wordpress-develop/tests/phpunit/tests/db.php" line="876" assertions="1" time="0.030550"/>
        </testsuite>
        <testsuite name="Tests_DB::test_get_table_from_query_false" tests="1" assertions="1" errors="0" failures="0" skipped="0" time="0.029405">
          <testcase name="test_get_table_from_query_false with data set #0" class="Tests_DB" classname="Tests_DB" file="/home/meng/Desktop/wptest/wordpress-develop/tests/phpunit/tests/db.php" line="891" assertions="1" time="0.029405"/>
        </testsuite>
        <testsuite name="Tests_DB::test_get_escaped_table_from_show_query" tests="8" assertions="8" errors="0" failures="0" skipped="0" time="0.239346">
          <testcase name="test_get_escaped_table_from_show_query with data set #0" class="Tests_DB" classname="Tests_DB" file="/home/meng/Desktop/wptest/wordpress-develop/tests/phpunit/tests/db.php" line="918" assertions="1" time="0.030145"/>
          <testcase name="test_get_escaped_table_from_show_query with data set #1" class="Tests_DB" classname="Tests_DB" file="/home/meng/Desktop/wptest/wordpress-develop/tests/phpunit/tests/db.php" line="918" assertions="1" time="0.029810"/>
          <testcase name="test_get_escaped_table_from_show_query with data set #2" class="Tests_DB" classname="Tests_DB" file="/home/meng/Desktop/wptest/wordpress-develop/tests/phpunit/tests/db.php" line="918" assertions="1" time="0.029995"/>
          <testcase name="test_get_escaped_table_from_show_query with data set #3" class="Tests_DB" classname="Tests_DB" file="/home/meng/Desktop/wptest/wordpress-develop/tests/phpunit/tests/db.php" line="918" assertions="1" time="0.029549"/>
          <testcase name="test_get_escaped_table_from_show_query with data set #4" class="Tests_DB" classname="Tests_DB" file="/home/meng/Desktop/wptest/wordpress-develop/tests/phpunit/tests/db.php" line="918" assertions="1" time="0.031292"/>
          <testcase name="test_get_escaped_table_from_show_query with data set #5" class="Tests_DB" classname="Tests_DB" file="/home/meng/Desktop/wptest/wordpress-develop/tests/phpunit/tests/db.php" line="918" assertions="1" time="0.029269"/>
          <testcase name="test_get_escaped_table_from_show_query with data set #6" class="Tests_DB" classname="Tests_DB" file="/home/meng/Desktop/wptest/wordpress-develop/tests/phpunit/tests/db.php" line="918" assertions="1" time="0.029365"/>
          <testcase name="test_get_escaped_table_from_show_query with data set #7" class="Tests_DB" classname="Tests_DB" file="/home/meng/Desktop/wptest/wordpress-develop/tests/phpunit/tests/db.php" line="918" assertions="1" time="0.029921"/>
        </testsuite>
        <testsuite name="Tests_DB::test_process_field_formats" tests="5" assertions="5" errors="0" failures="0" skipped="0" time="0.151931">
          <testcase name="test_process_field_formats with data set #0" class="Tests_DB" classname="Tests_DB" file="/home/meng/Desktop/wptest/wordpress-develop/tests/phpunit/tests/db.php" line="1033" assertions="1" time="0.029484"/>
          <testcase name="test_process_field_formats with data set #1" class="Tests_DB" classname="Tests_DB" file="/home/meng/Desktop/wptest/wordpress-develop/tests/phpunit/tests/db.php" line="1033" assertions="1" time="0.030300"/>
          <testcase name="test_process_field_formats with data set #2" class="Tests_DB" classname="Tests_DB" file="/home/meng/Desktop/wptest/wordpress-develop/tests/phpunit/tests/db.php" line="1033" assertions="1" time="0.030487"/>
          <testcase name="test_process_field_formats with data set #3" class="Tests_DB" classname="Tests_DB" file="/home/meng/Desktop/wptest/wordpress-develop/tests/phpunit/tests/db.php" line="1033" assertions="1" time="0.030387"/>
          <testcase name="test_process_field_formats with data set #4" class="Tests_DB" classname="Tests_DB" file="/home/meng/Desktop/wptest/wordpress-develop/tests/phpunit/tests/db.php" line="1033" assertions="1" time="0.031273"/>
        </testsuite>
        <testcase name="test_process_fields" class="Tests_DB" classname="Tests_DB" file="/home/meng/Desktop/wptest/wordpress-develop/tests/phpunit/tests/db.php" line="1041" assertions="1" time="0.030776"/>
        <testcase name="test_process_fields_on_nonexistent_table" class="Tests_DB" classname="Tests_DB" file="/home/meng/Desktop/wptest/wordpress-develop/tests/phpunit/tests/db.php" line="1071" assertions="1" time="0.030311"/>
        <testcase name="test_pre_get_table_charset_filter" class="Tests_DB" classname="Tests_DB" file="/home/meng/Desktop/wptest/wordpress-develop/tests/phpunit/tests/db.php" line="1081" assertions="1" time="0.030109"/>
        <testcase name="test_pre_get_col_charset_filter" class="Tests_DB" classname="Tests_DB" file="/home/meng/Desktop/wptest/wordpress-develop/tests/phpunit/tests/db.php" line="1095" assertions="1" time="0.033009"/>
        <testcase name="test_null_insert" class="Tests_DB" classname="Tests_DB" file="/home/meng/Desktop/wptest/wordpress-develop/tests/phpunit/tests/db.php" line="1109" assertions="1" time="0.030930"/>
        <testcase name="test_null_update_value" class="Tests_DB" classname="Tests_DB" file="/home/meng/Desktop/wptest/wordpress-develop/tests/phpunit/tests/db.php" line="1131" assertions="2" time="0.037938"/>
        <testcase name="test_null_update_where" class="Tests_DB" classname="Tests_DB" file="/home/meng/Desktop/wptest/wordpress-develop/tests/phpunit/tests/db.php" line="1169" assertions="2" time="0.033233"/>
        <testcase name="test_null_delete" class="Tests_DB" classname="Tests_DB" file="/home/meng/Desktop/wptest/wordpress-develop/tests/phpunit/tests/db.php" line="1207" assertions="2" time="0.033334"/>
        <testcase name="test_close" class="Tests_DB" classname="Tests_DB" file="/home/meng/Desktop/wptest/wordpress-develop/tests/phpunit/tests/db.php" line="1243" assertions="5" time="0.032232"/>
        <testcase name="test_charset_not_determined_when_disconnected" class="Tests_DB" classname="Tests_DB" file="/home/meng/Desktop/wptest/wordpress-develop/tests/phpunit/tests/db.php" line="1262" assertions="1" time="0.031702"/>
        <testcase name="test_charset_switched_to_utf8mb4" class="Tests_DB" classname="Tests_DB" file="/home/meng/Desktop/wptest/wordpress-develop/tests/phpunit/tests/db.php" line="1280" assertions="1" time="0.030466"/>
        <testcase name="test_collate_switched_to_utf8mb4_520" class="Tests_DB" classname="Tests_DB" file="/home/meng/Desktop/wptest/wordpress-develop/tests/phpunit/tests/db.php" line="1299" assertions="1" time="0.029839"/>
        <testcase name="test_non_unicode_collations" class="Tests_DB" classname="Tests_DB" file="/home/meng/Desktop/wptest/wordpress-develop/tests/phpunit/tests/db.php" line="1318" assertions="1" time="0.030260"/>
        <testcase name="test_charset_switched_to_utf8" class="Tests_DB" classname="Tests_DB" file="/home/meng/Desktop/wptest/wordpress-develop/tests/phpunit/tests/db.php" line="1336" assertions="0" time="0.029377">
          <skipped/>
        </testcase>
        <testsuite name="Tests_DB::test_prepare_with_placeholders_and_individual_args" tests="28" assertions="34" errors="0" failures="0" skipped="0" time="0.852732">
          <testcase name="test_prepare_with_placeholders_and_individual_args with data set #0" class="Tests_DB" classname="Tests_DB" file="/home/meng/Desktop/wptest/wordpress-develop/tests/phpunit/tests/db.php" line="1355" assertions="1" time="0.030320"/>
          <testcase name="test_prepare_with_placeholders_and_individual_args with data set #1" class="Tests_DB" classname="Tests_DB" file="/home/meng/Desktop/wptest/wordpress-develop/tests/phpunit/tests/db.php" line="1355" assertions="2" time="0.029201"/>
          <testcase name="test_prepare_with_placeholders_and_individual_args with data set #2" class="Tests_DB" classname="Tests_DB" file="/home/meng/Desktop/wptest/wordpress-develop/tests/phpunit/tests/db.php" line="1355" assertions="1" time="0.029836"/>
          <testcase name="test_prepare_with_placeholders_and_individual_args with data set #3" class="Tests_DB" classname="Tests_DB" file="/home/meng/Desktop/wptest/wordpress-develop/tests/phpunit/tests/db.php" line="1355" assertions="1" time="0.029507"/>
          <testcase name="test_prepare_with_placeholders_and_individual_args with data set #4" class="Tests_DB" classname="Tests_DB" file="/home/meng/Desktop/wptest/wordpress-develop/tests/phpunit/tests/db.php" line="1355" assertions="1" time="0.030707"/>
          <testcase name="test_prepare_with_placeholders_and_individual_args with data set #5" class="Tests_DB" classname="Tests_DB" file="/home/meng/Desktop/wptest/wordpress-develop/tests/phpunit/tests/db.php" line="1355" assertions="1" time="0.030815"/>
          <testcase name="test_prepare_with_placeholders_and_individual_args with data set #6" class="Tests_DB" classname="Tests_DB" file="/home/meng/Desktop/wptest/wordpress-develop/tests/phpunit/tests/db.php" line="1355" assertions="1" time="0.034652"/>
          <testcase name="test_prepare_with_placeholders_and_individual_args with data set #7" class="Tests_DB" classname="Tests_DB" file="/home/meng/Desktop/wptest/wordpress-develop/tests/phpunit/tests/db.php" line="1355" assertions="1" time="0.029754"/>
          <testcase name="test_prepare_with_placeholders_and_individual_args with data set #8" class="Tests_DB" classname="Tests_DB" file="/home/meng/Desktop/wptest/wordpress-develop/tests/phpunit/tests/db.php" line="1355" assertions="1" time="0.029512"/>
          <testcase name="test_prepare_with_placeholders_and_individual_args with data set #9" class="Tests_DB" classname="Tests_DB" file="/home/meng/Desktop/wptest/wordpress-develop/tests/phpunit/tests/db.php" line="1355" assertions="1" time="0.030521"/>
          <testcase name="test_prepare_with_placeholders_and_individual_args with data set #10" class="Tests_DB" classname="Tests_DB" file="/home/meng/Desktop/wptest/wordpress-develop/tests/phpunit/tests/db.php" line="1355" assertions="1" time="0.029050"/>
          <testcase name="test_prepare_with_placeholders_and_individual_args with data set #11" class="Tests_DB" classname="Tests_DB" file="/home/meng/Desktop/wptest/wordpress-develop/tests/phpunit/tests/db.php" line="1355" assertions="2" time="0.029365"/>
          <testcase name="test_prepare_with_placeholders_and_individual_args with data set #12" class="Tests_DB" classname="Tests_DB" file="/home/meng/Desktop/wptest/wordpress-develop/tests/phpunit/tests/db.php" line="1355" assertions="1" time="0.029731"/>
          <testcase name="test_prepare_with_placeholders_and_individual_args with data set #13" class="Tests_DB" classname="Tests_DB" file="/home/meng/Desktop/wptest/wordpress-develop/tests/phpunit/tests/db.php" line="1355" assertions="1" time="0.029320"/>
          <testcase name="test_prepare_with_placeholders_and_individual_args with data set #14" class="Tests_DB" classname="Tests_DB" file="/home/meng/Desktop/wptest/wordpress-develop/tests/phpunit/tests/db.php" line="1355" assertions="1" time="0.030302"/>
          <testcase name="test_prepare_with_placeholders_and_individual_args with data set #15" class="Tests_DB" classname="Tests_DB" file="/home/meng/Desktop/wptest/wordpress-develop/tests/phpunit/tests/db.php" line="1355" assertions="2" time="0.030695"/>
          <testcase name="test_prepare_with_placeholders_and_individual_args with data set #16" class="Tests_DB" classname="Tests_DB" file="/home/meng/Desktop/wptest/wordpress-develop/tests/phpunit/tests/db.php" line="1355" assertions="2" time="0.030108"/>
          <testcase name="test_prepare_with_placeholders_and_individual_args with data set #17" class="Tests_DB" classname="Tests_DB" file="/home/meng/Desktop/wptest/wordpress-develop/tests/phpunit/tests/db.php" line="1355" assertions="2" time="0.029371"/>
          <testcase name="test_prepare_with_placeholders_and_individual_args with data set #18" class="Tests_DB" classname="Tests_DB" file="/home/meng/Desktop/wptest/wordpress-develop/tests/phpunit/tests/db.php" line="1355" assertions="1" time="0.030575"/>
          <testcase name="test_prepare_with_placeholders_and_individual_args with data set #19" class="Tests_DB" classname="Tests_DB" file="/home/meng/Desktop/wptest/wordpress-develop/tests/phpunit/tests/db.php" line="1355" assertions="1" time="0.032107"/>
          <testcase name="test_prepare_with_placeholders_and_individual_args with data set #20" class="Tests_DB" classname="Tests_DB" file="/home/meng/Desktop/wptest/wordpress-develop/tests/phpunit/tests/db.php" line="1355" assertions="1" time="0.031826"/>
          <testcase name="test_prepare_with_placeholders_and_individual_args with data set #21" class="Tests_DB" classname="Tests_DB" file="/home/meng/Desktop/wptest/wordpress-develop/tests/phpunit/tests/db.php" line="1355" assertions="1" time="0.030446"/>
          <testcase name="test_prepare_with_placeholders_and_individual_args with data set #22" class="Tests_DB" classname="Tests_DB" file="/home/meng/Desktop/wptest/wordpress-develop/tests/phpunit/tests/db.php" line="1355" assertions="1" time="0.029630"/>
          <testcase name="test_prepare_with_placeholders_and_individual_args with data set #23" class="Tests_DB" classname="Tests_DB" file="/home/meng/Desktop/wptest/wordpress-develop/tests/phpunit/tests/db.php" line="1355" assertions="1" time="0.031158"/>
          <testcase name="test_prepare_with_placeholders_and_individual_args with data set #24" class="Tests_DB" classname="Tests_DB" file="/home/meng/Desktop/wptest/wordpress-develop/tests/phpunit/tests/db.php" line="1355" assertions="2" time="0.029667"/>
          <testcase name="test_prepare_with_placeholders_and_individual_args with data set #25" class="Tests_DB" classname="Tests_DB" file="/home/meng/Desktop/wptest/wordpress-develop/tests/phpunit/tests/db.php" line="1355" assertions="1" time="0.034753"/>
          <testcase name="test_prepare_with_placeholders_and_individual_args with data set #26" class="Tests_DB" classname="Tests_DB" file="/home/meng/Desktop/wptest/wordpress-develop/tests/phpunit/tests/db.php" line="1355" assertions="1" time="0.029828"/>
          <testcase name="test_prepare_with_placeholders_and_individual_args with data set #27" class="Tests_DB" classname="Tests_DB" file="/home/meng/Desktop/wptest/wordpress-develop/tests/phpunit/tests/db.php" line="1355" assertions="1" time="0.029975"/>
        </testsuite>
        <testsuite name="Tests_DB::test_prepare_with_placeholders_and_array_args" tests="28" assertions="34" errors="0" failures="0" skipped="0" time="0.876047">
          <testcase name="test_prepare_with_placeholders_and_array_args with data set #0" class="Tests_DB" classname="Tests_DB" file="/home/meng/Desktop/wptest/wordpress-develop/tests/phpunit/tests/db.php" line="1374" assertions="1" time="0.032115"/>
          <testcase name="test_prepare_with_placeholders_and_array_args with data set #1" class="Tests_DB" classname="Tests_DB" file="/home/meng/Desktop/wptest/wordpress-develop/tests/phpunit/tests/db.php" line="1374" assertions="2" time="0.030278"/>
          <testcase name="test_prepare_with_placeholders_and_array_args with data set #2" class="Tests_DB" classname="Tests_DB" file="/home/meng/Desktop/wptest/wordpress-develop/tests/phpunit/tests/db.php" line="1374" assertions="1" time="0.032921"/>
          <testcase name="test_prepare_with_placeholders_and_array_args with data set #3" class="Tests_DB" classname="Tests_DB" file="/home/meng/Desktop/wptest/wordpress-develop/tests/phpunit/tests/db.php" line="1374" assertions="1" time="0.029179"/>
          <testcase name="test_prepare_with_placeholders_and_array_args with data set #4" class="Tests_DB" classname="Tests_DB" file="/home/meng/Desktop/wptest/wordpress-develop/tests/phpunit/tests/db.php" line="1374" assertions="1" time="0.029866"/>
          <testcase name="test_prepare_with_placeholders_and_array_args with data set #5" class="Tests_DB" classname="Tests_DB" file="/home/meng/Desktop/wptest/wordpress-develop/tests/phpunit/tests/db.php" line="1374" assertions="1" time="0.033755"/>
          <testcase name="test_prepare_with_placeholders_and_array_args with data set #6" class="Tests_DB" classname="Tests_DB" file="/home/meng/Desktop/wptest/wordpress-develop/tests/phpunit/tests/db.php" line="1374" assertions="1" time="0.032838"/>
          <testcase name="test_prepare_with_placeholders_and_array_args with data set #7" class="Tests_DB" classname="Tests_DB" file="/home/meng/Desktop/wptest/wordpress-develop/tests/phpunit/tests/db.php" line="1374" assertions="1" time="0.030809"/>
          <testcase name="test_prepare_with_placeholders_and_array_args with data set #8" class="Tests_DB" classname="Tests_DB" file="/home/meng/Desktop/wptest/wordpress-develop/tests/phpunit/tests/db.php" line="1374" assertions="1" time="0.030260"/>
          <testcase name="test_prepare_with_placeholders_and_array_args with data set #9" class="Tests_DB" classname="Tests_DB" file="/home/meng/Desktop/wptest/wordpress-develop/tests/phpunit/tests/db.php" line="1374" assertions="1" time="0.029406"/>
          <testcase name="test_prepare_with_placeholders_and_array_args with data set #10" class="Tests_DB" classname="Tests_DB" file="/home/meng/Desktop/wptest/wordpress-develop/tests/phpunit/tests/db.php" line="1374" assertions="1" time="0.029347"/>
          <testcase name="test_prepare_with_placeholders_and_array_args with data set #11" class="Tests_DB" classname="Tests_DB" file="/home/meng/Desktop/wptest/wordpress-develop/tests/phpunit/tests/db.php" line="1374" assertions="2" time="0.031123"/>
          <testcase name="test_prepare_with_placeholders_and_array_args with data set #12" class="Tests_DB" classname="Tests_DB" file="/home/meng/Desktop/wptest/wordpress-develop/tests/phpunit/tests/db.php" line="1374" assertions="1" time="0.029769"/>
          <testcase name="test_prepare_with_placeholders_and_array_args with data set #13" class="Tests_DB" classname="Tests_DB" file="/home/meng/Desktop/wptest/wordpress-develop/tests/phpunit/tests/db.php" line="1374" assertions="1" time="0.029591"/>
          <testcase name="test_prepare_with_placeholders_and_array_args with data set #14" class="Tests_DB" classname="Tests_DB" file="/home/meng/Desktop/wptest/wordpress-develop/tests/phpunit/tests/db.php" line="1374" assertions="1" time="0.029697"/>
          <testcase name="test_prepare_with_placeholders_and_array_args with data set #15" class="Tests_DB" classname="Tests_DB" file="/home/meng/Desktop/wptest/wordpress-develop/tests/phpunit/tests/db.php" line="1374" assertions="2" time="0.030175"/>
          <testcase name="test_prepare_with_placeholders_and_array_args with data set #16" class="Tests_DB" classname="Tests_DB" file="/home/meng/Desktop/wptest/wordpress-develop/tests/phpunit/tests/db.php" line="1374" assertions="2" time="0.032276"/>
          <testcase name="test_prepare_with_placeholders_and_array_args with data set #17" class="Tests_DB" classname="Tests_DB" file="/home/meng/Desktop/wptest/wordpress-develop/tests/phpunit/tests/db.php" line="1374" assertions="2" time="0.030486"/>
          <testcase name="test_prepare_with_placeholders_and_array_args with data set #18" class="Tests_DB" classname="Tests_DB" file="/home/meng/Desktop/wptest/wordpress-develop/tests/phpunit/tests/db.php" line="1374" assertions="1" time="0.029473"/>
          <testcase name="test_prepare_with_placeholders_and_array_args with data set #19" class="Tests_DB" classname="Tests_DB" file="/home/meng/Desktop/wptest/wordpress-develop/tests/phpunit/tests/db.php" line="1374" assertions="1" time="0.032801"/>
          <testcase name="test_prepare_with_placeholders_and_array_args with data set #20" class="Tests_DB" classname="Tests_DB" file="/home/meng/Desktop/wptest/wordpress-develop/tests/phpunit/tests/db.php" line="1374" assertions="1" time="0.030343"/>
          <testcase name="test_prepare_with_placeholders_and_array_args with data set #21" class="Tests_DB" classname="Tests_DB" file="/home/meng/Desktop/wptest/wordpress-develop/tests/phpunit/tests/db.php" line="1374" assertions="1" time="0.029613"/>
          <testcase name="test_prepare_with_placeholders_and_array_args with data set #22" class="Tests_DB" classname="Tests_DB" file="/home/meng/Desktop/wptest/wordpress-develop/tests/phpunit/tests/db.php" line="1374" assertions="1" time="0.045102"/>
          <testcase name="test_prepare_with_placeholders_and_array_args with data set #23" class="Tests_DB" classname="Tests_DB" file="/home/meng/Desktop/wptest/wordpress-develop/tests/phpunit/tests/db.php" line="1374" assertions="1" time="0.030628"/>
          <testcase name="test_prepare_with_placeholders_and_array_args with data set #24" class="Tests_DB" classname="Tests_DB" file="/home/meng/Desktop/wptest/wordpress-develop/tests/phpunit/tests/db.php" line="1374" assertions="2" time="0.031585"/>
          <testcase name="test_prepare_with_placeholders_and_array_args with data set #25" class="Tests_DB" classname="Tests_DB" file="/home/meng/Desktop/wptest/wordpress-develop/tests/phpunit/tests/db.php" line="1374" assertions="1" time="0.029912"/>
          <testcase name="test_prepare_with_placeholders_and_array_args with data set #26" class="Tests_DB" classname="Tests_DB" file="/home/meng/Desktop/wptest/wordpress-develop/tests/phpunit/tests/db.php" line="1374" assertions="1" time="0.031250"/>
          <testcase name="test_prepare_with_placeholders_and_array_args with data set #27" class="Tests_DB" classname="Tests_DB" file="/home/meng/Desktop/wptest/wordpress-develop/tests/phpunit/tests/db.php" line="1374" assertions="1" time="0.031450"/>
        </testsuite>
        <testsuite name="Tests_DB::test_escape_and_prepare" tests="3" assertions="5" errors="0" failures="0" skipped="0" time="0.094639">
          <testcase name="test_escape_and_prepare with data set #0" class="Tests_DB" classname="Tests_DB" file="/home/meng/Desktop/wptest/wordpress-develop/tests/phpunit/tests/db.php" line="1568" assertions="2" time="0.032893"/>
          <testcase name="test_escape_and_prepare with data set #1" class="Tests_DB" classname="Tests_DB" file="/home/meng/Desktop/wptest/wordpress-develop/tests/phpunit/tests/db.php" line="1568" assertions="2" time="0.031625"/>
          <testcase name="test_escape_and_prepare with data set #2" class="Tests_DB" classname="Tests_DB" file="/home/meng/Desktop/wptest/wordpress-develop/tests/phpunit/tests/db.php" line="1568" assertions="1" time="0.030121"/>
        </testsuite>
        <testcase name="test_double_prepare" class="Tests_DB" classname="Tests_DB" file="/home/meng/Desktop/wptest/wordpress-develop/tests/phpunit/tests/db.php" line="1615" assertions="3" time="0.029393"/>
        <testcase name="test_prepare_numeric_placeholders_float_args" class="Tests_DB" classname="Tests_DB" file="/home/meng/Desktop/wptest/wordpress-develop/tests/phpunit/tests/db.php" line="1625" assertions="2" time="0.031286"/>
        <testcase name="test_prepare_numeric_placeholders_float_array" class="Tests_DB" classname="Tests_DB" file="/home/meng/Desktop/wptest/wordpress-develop/tests/phpunit/tests/db.php" line="1640" assertions="2" time="0.032225"/>
        <testcase name="test_query_unescapes_placeholders" class="Tests_DB" classname="Tests_DB" file="/home/meng/Desktop/wptest/wordpress-develop/tests/phpunit/tests/db.php" line="1654" assertions="2" time="0.032470"/>
        <testcase name="test_esc_sql_with_unsupported_placeholder_type" class="Tests_DB" classname="Tests_DB" file="/home/meng/Desktop/wptest/wordpress-develop/tests/phpunit/tests/db.php" line="1673" assertions="1" time="0.030625"/>
        <testsuite name="Tests_DB::test_parse_db_host" tests="21" assertions="101" errors="0" failures="0" skipped="0" time="0.637117">
          <testcase name="test_parse_db_host with data set #0" class="Tests_DB" classname="Tests_DB" file="/home/meng/Desktop/wptest/wordpress-develop/tests/phpunit/tests/db.php" line="1687" assertions="5" time="0.033301"/>
          <testcase name="test_parse_db_host with data set #1" class="Tests_DB" classname="Tests_DB" file="/home/meng/Desktop/wptest/wordpress-develop/tests/phpunit/tests/db.php" line="1687" assertions="5" time="0.030462"/>
          <testcase name="test_parse_db_host with data set #2" class="Tests_DB" classname="Tests_DB" file="/home/meng/Desktop/wptest/wordpress-develop/tests/phpunit/tests/db.php" line="1687" assertions="5" time="0.029342"/>
          <testcase name="test_parse_db_host with data set #3" class="Tests_DB" classname="Tests_DB" file="/home/meng/Desktop/wptest/wordpress-develop/tests/phpunit/tests/db.php" line="1687" assertions="5" time="0.029812"/>
          <testcase name="test_parse_db_host with data set #4" class="Tests_DB" classname="Tests_DB" file="/home/meng/Desktop/wptest/wordpress-develop/tests/phpunit/tests/db.php" line="1687" assertions="5" time="0.029399"/>
          <testcase name="test_parse_db_host with data set #5" class="Tests_DB" classname="Tests_DB" file="/home/meng/Desktop/wptest/wordpress-develop/tests/phpunit/tests/db.php" line="1687" assertions="5" time="0.029885"/>
          <testcase name="test_parse_db_host with data set #6" class="Tests_DB" classname="Tests_DB" file="/home/meng/Desktop/wptest/wordpress-develop/tests/phpunit/tests/db.php" line="1687" assertions="5" time="0.030329"/>
          <testcase name="test_parse_db_host with data set #7" class="Tests_DB" classname="Tests_DB" file="/home/meng/Desktop/wptest/wordpress-develop/tests/phpunit/tests/db.php" line="1687" assertions="5" time="0.029375"/>
          <testcase name="test_parse_db_host with data set #8" class="Tests_DB" classname="Tests_DB" file="/home/meng/Desktop/wptest/wordpress-develop/tests/phpunit/tests/db.php" line="1687" assertions="5" time="0.030889"/>
          <testcase name="test_parse_db_host with data set #9" class="Tests_DB" classname="Tests_DB" file="/home/meng/Desktop/wptest/wordpress-develop/tests/phpunit/tests/db.php" line="1687" assertions="5" time="0.029694"/>
          <testcase name="test_parse_db_host with data set #10" class="Tests_DB" classname="Tests_DB" file="/home/meng/Desktop/wptest/wordpress-develop/tests/phpunit/tests/db.php" line="1687" assertions="5" time="0.029869"/>
          <testcase name="test_parse_db_host with data set #11" class="Tests_DB" classname="Tests_DB" file="/home/meng/Desktop/wptest/wordpress-develop/tests/phpunit/tests/db.php" line="1687" assertions="5" time="0.031842"/>
          <testcase name="test_parse_db_host with data set #12" class="Tests_DB" classname="Tests_DB" file="/home/meng/Desktop/wptest/wordpress-develop/tests/phpunit/tests/db.php" line="1687" assertions="5" time="0.029804"/>
          <testcase name="test_parse_db_host with data set #13" class="Tests_DB" classname="Tests_DB" file="/home/meng/Desktop/wptest/wordpress-develop/tests/phpunit/tests/db.php" line="1687" assertions="5" time="0.029372"/>
          <testcase name="test_parse_db_host with data set #14" class="Tests_DB" classname="Tests_DB" file="/home/meng/Desktop/wptest/wordpress-develop/tests/phpunit/tests/db.php" line="1687" assertions="5" time="0.032023"/>
          <testcase name="test_parse_db_host with data set #15" class="Tests_DB" classname="Tests_DB" file="/home/meng/Desktop/wptest/wordpress-develop/tests/phpunit/tests/db.php" line="1687" assertions="5" time="0.031015"/>
          <testcase name="test_parse_db_host with data set #16" class="Tests_DB" classname="Tests_DB" file="/home/meng/Desktop/wptest/wordpress-develop/tests/phpunit/tests/db.php" line="1687" assertions="5" time="0.030940"/>
          <testcase name="test_parse_db_host with data set #17" class="Tests_DB" classname="Tests_DB" file="/home/meng/Desktop/wptest/wordpress-develop/tests/phpunit/tests/db.php" line="1687" assertions="5" time="0.030245"/>
          <testcase name="test_parse_db_host with data set #18" class="Tests_DB" classname="Tests_DB" file="/home/meng/Desktop/wptest/wordpress-develop/tests/phpunit/tests/db.php" line="1687" assertions="5" time="0.030513"/>
          <testcase name="test_parse_db_host with data set #19" class="Tests_DB" classname="Tests_DB" file="/home/meng/Desktop/wptest/wordpress-develop/tests/phpunit/tests/db.php" line="1687" assertions="5" time="0.029196"/>
          <testcase name="test_parse_db_host with data set #20" class="Tests_DB" classname="Tests_DB" file="/home/meng/Desktop/wptest/wordpress-develop/tests/phpunit/tests/db.php" line="1687" assertions="1" time="0.029810"/>
        </testsuite>
      </testsuite>
      <testsuite name="Tests_DB_Charset" file="/home/meng/Desktop/wptest/wordpress-develop/tests/phpunit/tests/db/charset.php" tests="99" assertions="174" errors="0" failures="0" skipped="0" time="3.133504">
        <testsuite name="Tests_DB_Charset::test_strip_invalid_text" tests="42" assertions="42" errors="0" failures="0" skipped="0" time="1.315441">
          <testcase name="test_strip_invalid_text with data set #0" class="Tests_DB_Charset" classname="Tests_DB_Charset" file="/home/meng/Desktop/wptest/wordpress-develop/tests/phpunit/tests/db/charset.php" line="480" assertions="1" time="0.031247"/>
          <testcase name="test_strip_invalid_text with data set #1" class="Tests_DB_Charset" classname="Tests_DB_Charset" file="/home/meng/Desktop/wptest/wordpress-develop/tests/phpunit/tests/db/charset.php" line="480" assertions="1" time="0.029932"/>
          <testcase name="test_strip_invalid_text with data set #2" class="Tests_DB_Charset" classname="Tests_DB_Charset" file="/home/meng/Desktop/wptest/wordpress-develop/tests/phpunit/tests/db/charset.php" line="480" assertions="1" time="0.030448"/>
          <testcase name="test_strip_invalid_text with data set #3" class="Tests_DB_Charset" classname="Tests_DB_Charset" file="/home/meng/Desktop/wptest/wordpress-develop/tests/phpunit/tests/db/charset.php" line="480" assertions="1" time="0.030639"/>
          <testcase name="test_strip_invalid_text with data set #4" class="Tests_DB_Charset" classname="Tests_DB_Charset" file="/home/meng/Desktop/wptest/wordpress-develop/tests/phpunit/tests/db/charset.php" line="480" assertions="1" time="0.030806"/>
          <testcase name="test_strip_invalid_text with data set #5" class="Tests_DB_Charset" classname="Tests_DB_Charset" file="/home/meng/Desktop/wptest/wordpress-develop/tests/phpunit/tests/db/charset.php" line="480" assertions="1" time="0.030660"/>
          <testcase name="test_strip_invalid_text with data set #6" class="Tests_DB_Charset" classname="Tests_DB_Charset" file="/home/meng/Desktop/wptest/wordpress-develop/tests/phpunit/tests/db/charset.php" line="480" assertions="1" time="0.030820"/>
          <testcase name="test_strip_invalid_text with data set #7" class="Tests_DB_Charset" classname="Tests_DB_Charset" file="/home/meng/Desktop/wptest/wordpress-develop/tests/phpunit/tests/db/charset.php" line="480" assertions="1" time="0.030525"/>
          <testcase name="test_strip_invalid_text with data set #8" class="Tests_DB_Charset" classname="Tests_DB_Charset" file="/home/meng/Desktop/wptest/wordpress-develop/tests/phpunit/tests/db/charset.php" line="480" assertions="1" time="0.030109"/>
          <testcase name="test_strip_invalid_text with data set #9" class="Tests_DB_Charset" classname="Tests_DB_Charset" file="/home/meng/Desktop/wptest/wordpress-develop/tests/phpunit/tests/db/charset.php" line="480" assertions="1" time="0.031294"/>
          <testcase name="test_strip_invalid_text with data set #10" class="Tests_DB_Charset" classname="Tests_DB_Charset" file="/home/meng/Desktop/wptest/wordpress-develop/tests/phpunit/tests/db/charset.php" line="480" assertions="1" time="0.036419"/>
          <testcase name="test_strip_invalid_text with data set #11" class="Tests_DB_Charset" classname="Tests_DB_Charset" file="/home/meng/Desktop/wptest/wordpress-develop/tests/phpunit/tests/db/charset.php" line="480" assertions="1" time="0.030143"/>
          <testcase name="test_strip_invalid_text with data set #12" class="Tests_DB_Charset" classname="Tests_DB_Charset" file="/home/meng/Desktop/wptest/wordpress-develop/tests/phpunit/tests/db/charset.php" line="480" assertions="1" time="0.030139"/>
          <testcase name="test_strip_invalid_text with data set #13" class="Tests_DB_Charset" classname="Tests_DB_Charset" file="/home/meng/Desktop/wptest/wordpress-develop/tests/phpunit/tests/db/charset.php" line="480" assertions="1" time="0.030028"/>
          <testcase name="test_strip_invalid_text with data set #14" class="Tests_DB_Charset" classname="Tests_DB_Charset" file="/home/meng/Desktop/wptest/wordpress-develop/tests/phpunit/tests/db/charset.php" line="480" assertions="1" time="0.033916"/>
          <testcase name="test_strip_invalid_text with data set #15" class="Tests_DB_Charset" classname="Tests_DB_Charset" file="/home/meng/Desktop/wptest/wordpress-develop/tests/phpunit/tests/db/charset.php" line="480" assertions="1" time="0.030002"/>
          <testcase name="test_strip_invalid_text with data set #16" class="Tests_DB_Charset" classname="Tests_DB_Charset" file="/home/meng/Desktop/wptest/wordpress-develop/tests/phpunit/tests/db/charset.php" line="480" assertions="1" time="0.031279"/>
          <testcase name="test_strip_invalid_text with data set #17" class="Tests_DB_Charset" classname="Tests_DB_Charset" file="/home/meng/Desktop/wptest/wordpress-develop/tests/phpunit/tests/db/charset.php" line="480" assertions="1" time="0.030368"/>
          <testcase name="test_strip_invalid_text with data set #18" class="Tests_DB_Charset" classname="Tests_DB_Charset" file="/home/meng/Desktop/wptest/wordpress-develop/tests/phpunit/tests/db/charset.php" line="480" assertions="1" time="0.030645"/>
          <testcase name="test_strip_invalid_text with data set #19" class="Tests_DB_Charset" classname="Tests_DB_Charset" file="/home/meng/Desktop/wptest/wordpress-develop/tests/phpunit/tests/db/charset.php" line="480" assertions="1" time="0.030754"/>
          <testcase name="test_strip_invalid_text with data set #20" class="Tests_DB_Charset" classname="Tests_DB_Charset" file="/home/meng/Desktop/wptest/wordpress-develop/tests/phpunit/tests/db/charset.php" line="480" assertions="1" time="0.030780"/>
          <testcase name="test_strip_invalid_text with data set #21" class="Tests_DB_Charset" classname="Tests_DB_Charset" file="/home/meng/Desktop/wptest/wordpress-develop/tests/phpunit/tests/db/charset.php" line="480" assertions="1" time="0.031087"/>
          <testcase name="test_strip_invalid_text with data set #22" class="Tests_DB_Charset" classname="Tests_DB_Charset" file="/home/meng/Desktop/wptest/wordpress-develop/tests/phpunit/tests/db/charset.php" line="480" assertions="1" time="0.030882"/>
          <testcase name="test_strip_invalid_text with data set #23" class="Tests_DB_Charset" classname="Tests_DB_Charset" file="/home/meng/Desktop/wptest/wordpress-develop/tests/phpunit/tests/db/charset.php" line="480" assertions="1" time="0.030656"/>
          <testcase name="test_strip_invalid_text with data set #24" class="Tests_DB_Charset" classname="Tests_DB_Charset" file="/home/meng/Desktop/wptest/wordpress-develop/tests/phpunit/tests/db/charset.php" line="480" assertions="1" time="0.031927"/>
          <testcase name="test_strip_invalid_text with data set #25" class="Tests_DB_Charset" classname="Tests_DB_Charset" file="/home/meng/Desktop/wptest/wordpress-develop/tests/phpunit/tests/db/charset.php" line="480" assertions="1" time="0.030268"/>
          <testcase name="test_strip_invalid_text with data set #26" class="Tests_DB_Charset" classname="Tests_DB_Charset" file="/home/meng/Desktop/wptest/wordpress-develop/tests/phpunit/tests/db/charset.php" line="480" assertions="1" time="0.035305"/>
          <testcase name="test_strip_invalid_text with data set #27" class="Tests_DB_Charset" classname="Tests_DB_Charset" file="/home/meng/Desktop/wptest/wordpress-develop/tests/phpunit/tests/db/charset.php" line="480" assertions="1" time="0.031249"/>
          <testcase name="test_strip_invalid_text with data set #28" class="Tests_DB_Charset" classname="Tests_DB_Charset" file="/home/meng/Desktop/wptest/wordpress-develop/tests/phpunit/tests/db/charset.php" line="480" assertions="1" time="0.030854"/>
          <testcase name="test_strip_invalid_text with data set #29" class="Tests_DB_Charset" classname="Tests_DB_Charset" file="/home/meng/Desktop/wptest/wordpress-develop/tests/phpunit/tests/db/charset.php" line="480" assertions="1" time="0.030867"/>
          <testcase name="test_strip_invalid_text with data set #30" class="Tests_DB_Charset" classname="Tests_DB_Charset" file="/home/meng/Desktop/wptest/wordpress-develop/tests/phpunit/tests/db/charset.php" line="480" assertions="1" time="0.031518"/>
          <testcase name="test_strip_invalid_text with data set #31" class="Tests_DB_Charset" classname="Tests_DB_Charset" file="/home/meng/Desktop/wptest/wordpress-develop/tests/phpunit/tests/db/charset.php" line="480" assertions="1" time="0.031891"/>
          <testcase name="test_strip_invalid_text with data set #32" class="Tests_DB_Charset" classname="Tests_DB_Charset" file="/home/meng/Desktop/wptest/wordpress-develop/tests/phpunit/tests/db/charset.php" line="480" assertions="1" time="0.030512"/>
          <testcase name="test_strip_invalid_text with data set #33" class="Tests_DB_Charset" classname="Tests_DB_Charset" file="/home/meng/Desktop/wptest/wordpress-develop/tests/phpunit/tests/db/charset.php" line="480" assertions="1" time="0.030906"/>
          <testcase name="test_strip_invalid_text with data set #34" class="Tests_DB_Charset" classname="Tests_DB_Charset" file="/home/meng/Desktop/wptest/wordpress-develop/tests/phpunit/tests/db/charset.php" line="480" assertions="1" time="0.031708"/>
          <testcase name="test_strip_invalid_text with data set #35" class="Tests_DB_Charset" classname="Tests_DB_Charset" file="/home/meng/Desktop/wptest/wordpress-develop/tests/phpunit/tests/db/charset.php" line="480" assertions="1" time="0.033319"/>
          <testcase name="test_strip_invalid_text with data set #36" class="Tests_DB_Charset" classname="Tests_DB_Charset" file="/home/meng/Desktop/wptest/wordpress-develop/tests/phpunit/tests/db/charset.php" line="480" assertions="1" time="0.031642"/>
          <testcase name="test_strip_invalid_text with data set #37" class="Tests_DB_Charset" classname="Tests_DB_Charset" file="/home/meng/Desktop/wptest/wordpress-develop/tests/phpunit/tests/db/charset.php" line="480" assertions="1" time="0.033641"/>
          <testcase name="test_strip_invalid_text with data set #38" class="Tests_DB_Charset" classname="Tests_DB_Charset" file="/home/meng/Desktop/wptest/wordpress-develop/tests/phpunit/tests/db/charset.php" line="480" assertions="1" time="0.029788"/>
          <testcase name="test_strip_invalid_text with data set #39" class="Tests_DB_Charset" classname="Tests_DB_Charset" file="/home/meng/Desktop/wptest/wordpress-develop/tests/phpunit/tests/db/charset.php" line="480" assertions="1" time="0.031742"/>
          <testcase name="test_strip_invalid_text with data set #40" class="Tests_DB_Charset" classname="Tests_DB_Charset" file="/home/meng/Desktop/wptest/wordpress-develop/tests/phpunit/tests/db/charset.php" line="480" assertions="1" time="0.032721"/>
          <testcase name="test_strip_invalid_text with data set #41" class="Tests_DB_Charset" classname="Tests_DB_Charset" file="/home/meng/Desktop/wptest/wordpress-develop/tests/phpunit/tests/db/charset.php" line="480" assertions="1" time="0.032005"/>
        </testsuite>
        <testcase name="test_process_fields_failure" class="Tests_DB_Charset" classname="Tests_DB_Charset" file="/home/meng/Desktop/wptest/wordpress-develop/tests/phpunit/tests/db/charset.php" line="511" assertions="1" time="0.031741"/>
        <testsuite name="Tests_DB_Charset::test_process_field_charsets" tests="3" assertions="3" errors="0" failures="0" skipped="0" time="0.093525">
          <testcase name="test_process_field_charsets with data set #0" class="Tests_DB_Charset" classname="Tests_DB_Charset" file="/home/meng/Desktop/wptest/wordpress-develop/tests/phpunit/tests/db/charset.php" line="596" assertions="1" time="0.029268"/>
          <testcase name="test_process_field_charsets with data set #1" class="Tests_DB_Charset" classname="Tests_DB_Charset" file="/home/meng/Desktop/wptest/wordpress-develop/tests/phpunit/tests/db/charset.php" line="596" assertions="1" time="0.029558"/>
          <testcase name="test_process_field_charsets with data set #2" class="Tests_DB_Charset" classname="Tests_DB_Charset" file="/home/meng/Desktop/wptest/wordpress-develop/tests/phpunit/tests/db/charset.php" line="596" assertions="1" time="0.034699"/>
        </testsuite>
        <testcase name="test_process_field_charsets_on_nonexistent_table" class="Tests_DB_Charset" classname="Tests_DB_Charset" file="/home/meng/Desktop/wptest/wordpress-develop/tests/phpunit/tests/db/charset.php" line="608" assertions="1" time="0.030140"/>
        <testcase name="test_check_ascii" class="Tests_DB_Charset" classname="Tests_DB_Charset" file="/home/meng/Desktop/wptest/wordpress-develop/tests/phpunit/tests/db/charset.php" line="623" assertions="1" time="0.030694"/>
        <testcase name="test_check_ascii_false" class="Tests_DB_Charset" classname="Tests_DB_Charset" file="/home/meng/Desktop/wptest/wordpress-develop/tests/phpunit/tests/db/charset.php" line="631" assertions="1" time="0.029605"/>
        <testcase name="test_strip_invalid_text_for_column" class="Tests_DB_Charset" classname="Tests_DB_Charset" file="/home/meng/Desktop/wptest/wordpress-develop/tests/phpunit/tests/db/charset.php" line="638" assertions="1" time="0.031081"/>
        <testsuite name="Tests_DB_Charset::test_get_table_charset" tests="8" assertions="16" errors="0" failures="0" skipped="0" time="0.263040">
          <testcase name="test_get_table_charset with data set #0" class="Tests_DB_Charset" classname="Tests_DB_Charset" file="/home/meng/Desktop/wptest/wordpress-develop/tests/phpunit/tests/db/charset.php" line="746" assertions="2" time="0.030370"/>
          <testcase name="test_get_table_charset with data set #1" class="Tests_DB_Charset" classname="Tests_DB_Charset" file="/home/meng/Desktop/wptest/wordpress-develop/tests/phpunit/tests/db/charset.php" line="746" assertions="2" time="0.030814"/>
          <testcase name="test_get_table_charset with data set #2" class="Tests_DB_Charset" classname="Tests_DB_Charset" file="/home/meng/Desktop/wptest/wordpress-develop/tests/phpunit/tests/db/charset.php" line="746" assertions="2" time="0.031312"/>
          <testcase name="test_get_table_charset with data set #3" class="Tests_DB_Charset" classname="Tests_DB_Charset" file="/home/meng/Desktop/wptest/wordpress-develop/tests/phpunit/tests/db/charset.php" line="746" assertions="2" time="0.044664"/>
          <testcase name="test_get_table_charset with data set #4" class="Tests_DB_Charset" classname="Tests_DB_Charset" file="/home/meng/Desktop/wptest/wordpress-develop/tests/phpunit/tests/db/charset.php" line="746" assertions="2" time="0.031386"/>
          <testcase name="test_get_table_charset with data set #5" class="Tests_DB_Charset" classname="Tests_DB_Charset" file="/home/meng/Desktop/wptest/wordpress-develop/tests/phpunit/tests/db/charset.php" line="746" assertions="2" time="0.031176"/>
          <testcase name="test_get_table_charset with data set #6" class="Tests_DB_Charset" classname="Tests_DB_Charset" file="/home/meng/Desktop/wptest/wordpress-develop/tests/phpunit/tests/db/charset.php" line="746" assertions="2" time="0.031142"/>
          <testcase name="test_get_table_charset with data set #7" class="Tests_DB_Charset" classname="Tests_DB_Charset" file="/home/meng/Desktop/wptest/wordpress-develop/tests/phpunit/tests/db/charset.php" line="746" assertions="2" time="0.032176"/>
        </testsuite>
        <testsuite name="Tests_DB_Charset::test_get_column_charset" tests="8" assertions="32" errors="0" failures="0" skipped="0" time="0.258313">
          <testcase name="test_get_column_charset with data set #0" class="Tests_DB_Charset" classname="Tests_DB_Charset" file="/home/meng/Desktop/wptest/wordpress-develop/tests/phpunit/tests/db/charset.php" line="786" assertions="4" time="0.034132"/>
          <testcase name="test_get_column_charset with data set #1" class="Tests_DB_Charset" classname="Tests_DB_Charset" file="/home/meng/Desktop/wptest/wordpress-develop/tests/phpunit/tests/db/charset.php" line="786" assertions="4" time="0.031832"/>
          <testcase name="test_get_column_charset with data set #2" class="Tests_DB_Charset" classname="Tests_DB_Charset" file="/home/meng/Desktop/wptest/wordpress-develop/tests/phpunit/tests/db/charset.php" line="786" assertions="4" time="0.031236"/>
          <testcase name="test_get_column_charset with data set #3" class="Tests_DB_Charset" classname="Tests_DB_Charset" file="/home/meng/Desktop/wptest/wordpress-develop/tests/phpunit/tests/db/charset.php" line="786" assertions="4" time="0.032685"/>
          <testcase name="test_get_column_charset with data set #4" class="Tests_DB_Charset" classname="Tests_DB_Charset" file="/home/meng/Desktop/wptest/wordpress-develop/tests/phpunit/tests/db/charset.php" line="786" assertions="4" time="0.032087"/>
          <testcase name="test_get_column_charset with data set #5" class="Tests_DB_Charset" classname="Tests_DB_Charset" file="/home/meng/Desktop/wptest/wordpress-develop/tests/phpunit/tests/db/charset.php" line="786" assertions="4" time="0.030914"/>
          <testcase name="test_get_column_charset with data set #6" class="Tests_DB_Charset" classname="Tests_DB_Charset" file="/home/meng/Desktop/wptest/wordpress-develop/tests/phpunit/tests/db/charset.php" line="786" assertions="4" time="0.034331"/>
          <testcase name="test_get_column_charset with data set #7" class="Tests_DB_Charset" classname="Tests_DB_Charset" file="/home/meng/Desktop/wptest/wordpress-develop/tests/phpunit/tests/db/charset.php" line="786" assertions="4" time="0.031096"/>
        </testsuite>
        <testsuite name="Tests_DB_Charset::test_get_column_charset_non_mysql" tests="8" assertions="16" errors="0" failures="0" skipped="0" time="0.253382">
          <testcase name="test_get_column_charset_non_mysql with data set #0" class="Tests_DB_Charset" classname="Tests_DB_Charset" file="/home/meng/Desktop/wptest/wordpress-develop/tests/phpunit/tests/db/charset.php" line="808" assertions="2" time="0.031657"/>
          <testcase name="test_get_column_charset_non_mysql with data set #1" class="Tests_DB_Charset" classname="Tests_DB_Charset" file="/home/meng/Desktop/wptest/wordpress-develop/tests/phpunit/tests/db/charset.php" line="808" assertions="2" time="0.030508"/>
          <testcase name="test_get_column_charset_non_mysql with data set #2" class="Tests_DB_Charset" classname="Tests_DB_Charset" file="/home/meng/Desktop/wptest/wordpress-develop/tests/phpunit/tests/db/charset.php" line="808" assertions="2" time="0.031345"/>
          <testcase name="test_get_column_charset_non_mysql with data set #3" class="Tests_DB_Charset" classname="Tests_DB_Charset" file="/home/meng/Desktop/wptest/wordpress-develop/tests/phpunit/tests/db/charset.php" line="808" assertions="2" time="0.034642"/>
          <testcase name="test_get_column_charset_non_mysql with data set #4" class="Tests_DB_Charset" classname="Tests_DB_Charset" file="/home/meng/Desktop/wptest/wordpress-develop/tests/phpunit/tests/db/charset.php" line="808" assertions="2" time="0.032855"/>
          <testcase name="test_get_column_charset_non_mysql with data set #5" class="Tests_DB_Charset" classname="Tests_DB_Charset" file="/home/meng/Desktop/wptest/wordpress-develop/tests/phpunit/tests/db/charset.php" line="808" assertions="2" time="0.030732"/>
          <testcase name="test_get_column_charset_non_mysql with data set #6" class="Tests_DB_Charset" classname="Tests_DB_Charset" file="/home/meng/Desktop/wptest/wordpress-develop/tests/phpunit/tests/db/charset.php" line="808" assertions="2" time="0.030829"/>
          <testcase name="test_get_column_charset_non_mysql with data set #7" class="Tests_DB_Charset" classname="Tests_DB_Charset" file="/home/meng/Desktop/wptest/wordpress-develop/tests/phpunit/tests/db/charset.php" line="808" assertions="2" time="0.030814"/>
        </testsuite>
        <testsuite name="Tests_DB_Charset::test_get_column_charset_is_mysql_undefined" tests="8" assertions="16" errors="0" failures="0" skipped="0" time="0.249465">
          <testcase name="test_get_column_charset_is_mysql_undefined with data set #0" class="Tests_DB_Charset" classname="Tests_DB_Charset" file="/home/meng/Desktop/wptest/wordpress-develop/tests/phpunit/tests/db/charset.php" line="834" assertions="2" time="0.031733"/>
          <testcase name="test_get_column_charset_is_mysql_undefined with data set #1" class="Tests_DB_Charset" classname="Tests_DB_Charset" file="/home/meng/Desktop/wptest/wordpress-develop/tests/phpunit/tests/db/charset.php" line="834" assertions="2" time="0.031102"/>
          <testcase name="test_get_column_charset_is_mysql_undefined with data set #2" class="Tests_DB_Charset" classname="Tests_DB_Charset" file="/home/meng/Desktop/wptest/wordpress-develop/tests/phpunit/tests/db/charset.php" line="834" assertions="2" time="0.030440"/>
          <testcase name="test_get_column_charset_is_mysql_undefined with data set #3" class="Tests_DB_Charset" classname="Tests_DB_Charset" file="/home/meng/Desktop/wptest/wordpress-develop/tests/phpunit/tests/db/charset.php" line="834" assertions="2" time="0.031490"/>
          <testcase name="test_get_column_charset_is_mysql_undefined with data set #4" class="Tests_DB_Charset" classname="Tests_DB_Charset" file="/home/meng/Desktop/wptest/wordpress-develop/tests/phpunit/tests/db/charset.php" line="834" assertions="2" time="0.030471"/>
          <testcase name="test_get_column_charset_is_mysql_undefined with data set #5" class="Tests_DB_Charset" classname="Tests_DB_Charset" file="/home/meng/Desktop/wptest/wordpress-develop/tests/phpunit/tests/db/charset.php" line="834" assertions="2" time="0.030725"/>
          <testcase name="test_get_column_charset_is_mysql_undefined with data set #6" class="Tests_DB_Charset" classname="Tests_DB_Charset" file="/home/meng/Desktop/wptest/wordpress-develop/tests/phpunit/tests/db/charset.php" line="834" assertions="2" time="0.033087"/>
          <testcase name="test_get_column_charset_is_mysql_undefined with data set #7" class="Tests_DB_Charset" classname="Tests_DB_Charset" file="/home/meng/Desktop/wptest/wordpress-develop/tests/phpunit/tests/db/charset.php" line="834" assertions="2" time="0.030417"/>
        </testsuite>
        <testsuite name="Tests_DB_Charset::test_strip_invalid_text_from_query" tests="2" assertions="2" errors="0" failures="0" skipped="0" time="0.061651">
          <testcase name="test_strip_invalid_text_from_query with data set #0" class="Tests_DB_Charset" classname="Tests_DB_Charset" file="/home/meng/Desktop/wptest/wordpress-develop/tests/phpunit/tests/db/charset.php" line="893" assertions="1" time="0.030617"/>
          <testcase name="test_strip_invalid_text_from_query with data set #1" class="Tests_DB_Charset" classname="Tests_DB_Charset" file="/home/meng/Desktop/wptest/wordpress-develop/tests/phpunit/tests/db/charset.php" line="893" assertions="1" time="0.031034"/>
        </testsuite>
        <testsuite name="Tests_DB_Charset::test_dont_strip_text_from_schema_queries" tests="5" assertions="5" errors="0" failures="0" skipped="0" time="0.152324">
          <testcase name="test_dont_strip_text_from_schema_queries with data set #0" class="Tests_DB_Charset" classname="Tests_DB_Charset" file="/home/meng/Desktop/wptest/wordpress-develop/tests/phpunit/tests/db/charset.php" line="936" assertions="1" time="0.034410"/>
          <testcase name="test_dont_strip_text_from_schema_queries with data set #1" class="Tests_DB_Charset" classname="Tests_DB_Charset" file="/home/meng/Desktop/wptest/wordpress-develop/tests/phpunit/tests/db/charset.php" line="936" assertions="1" time="0.029075"/>
          <testcase name="test_dont_strip_text_from_schema_queries with data set #2" class="Tests_DB_Charset" classname="Tests_DB_Charset" file="/home/meng/Desktop/wptest/wordpress-develop/tests/phpunit/tests/db/charset.php" line="936" assertions="1" time="0.029355"/>
          <testcase name="test_dont_strip_text_from_schema_queries with data set #3" class="Tests_DB_Charset" classname="Tests_DB_Charset" file="/home/meng/Desktop/wptest/wordpress-develop/tests/phpunit/tests/db/charset.php" line="936" assertions="1" time="0.029226"/>
          <testcase name="test_dont_strip_text_from_schema_queries with data set #4" class="Tests_DB_Charset" classname="Tests_DB_Charset" file="/home/meng/Desktop/wptest/wordpress-develop/tests/phpunit/tests/db/charset.php" line="936" assertions="1" time="0.030258"/>
        </testsuite>
        <testcase name="test_invalid_characters_in_query" class="Tests_DB_Charset" classname="Tests_DB_Charset" file="/home/meng/Desktop/wptest/wordpress-develop/tests/phpunit/tests/db/charset.php" line="944" assertions="1" time="0.030917"/>
        <testsuite name="Tests_DB_Charset::test_table_collation_check" tests="5" assertions="30" errors="0" failures="0" skipped="0" time="0.160180">
          <testcase name="test_table_collation_check with data set #0" class="Tests_DB_Charset" classname="Tests_DB_Charset" file="/home/meng/Desktop/wptest/wordpress-develop/tests/phpunit/tests/db/charset.php" line="1014" assertions="6" time="0.035534"/>
          <testcase name="test_table_collation_check with data set #1" class="Tests_DB_Charset" classname="Tests_DB_Charset" file="/home/meng/Desktop/wptest/wordpress-develop/tests/phpunit/tests/db/charset.php" line="1014" assertions="6" time="0.030951"/>
          <testcase name="test_table_collation_check with data set #2" class="Tests_DB_Charset" classname="Tests_DB_Charset" file="/home/meng/Desktop/wptest/wordpress-develop/tests/phpunit/tests/db/charset.php" line="1014" assertions="6" time="0.031356"/>
          <testcase name="test_table_collation_check with data set #3" class="Tests_DB_Charset" classname="Tests_DB_Charset" file="/home/meng/Desktop/wptest/wordpress-develop/tests/phpunit/tests/db/charset.php" line="1014" assertions="6" time="0.031271"/>
          <testcase name="test_table_collation_check with data set #4" class="Tests_DB_Charset" classname="Tests_DB_Charset" file="/home/meng/Desktop/wptest/wordpress-develop/tests/phpunit/tests/db/charset.php" line="1014" assertions="6" time="0.031068"/>
        </testsuite>
        <testcase name="test_strip_invalid_text_for_column_bails_if_ascii_input_too_long" class="Tests_DB_Charset" classname="Tests_DB_Charset" file="/home/meng/Desktop/wptest/wordpress-develop/tests/phpunit/tests/db/charset.php" line="1030" assertions="2" time="0.029790"/>
        <testcase name="test_strip_invalid_text_from_query_cp1251_is_safe" class="Tests_DB_Charset" classname="Tests_DB_Charset" file="/home/meng/Desktop/wptest/wordpress-develop/tests/phpunit/tests/db/charset.php" line="1045" assertions="1" time="0.046418"/>
        <testcase name="test_no_db_charset_defined" class="Tests_DB_Charset" classname="Tests_DB_Charset" file="/home/meng/Desktop/wptest/wordpress-develop/tests/phpunit/tests/db/charset.php" line="1062" assertions="1" time="0.032198"/>
        <testcase name="test_set_charset_changes_the_connection_collation" class="Tests_DB_Charset" classname="Tests_DB_Charset" file="/home/meng/Desktop/wptest/wordpress-develop/tests/phpunit/tests/db/charset.php" line="1084" assertions="2" time="0.033599"/>
      </testsuite>
      <testsuite name="Tests_dbDelta" file="/home/meng/Desktop/wptest/wordpress-develop/tests/phpunit/tests/dbdelta.php" tests="29" assertions="42" errors="0" failures="0" skipped="1" time="2.201411">
        <testcase name="test_creating_a_table" class="Tests_dbDelta" classname="Tests_dbDelta" file="/home/meng/Desktop/wptest/wordpress-develop/tests/phpunit/tests/dbdelta.php" line="100" assertions="2" time="0.071840"/>
        <testcase name="test_existing_table" class="Tests_dbDelta" classname="Tests_dbDelta" file="/home/meng/Desktop/wptest/wordpress-develop/tests/phpunit/tests/dbdelta.php" line="137" assertions="1" time="0.068147"/>
        <testcase name="test_column_type_change" class="Tests_dbDelta" classname="Tests_dbDelta" file="/home/meng/Desktop/wptest/wordpress-develop/tests/phpunit/tests/dbdelta.php" line="159" assertions="1" time="0.103494"/>
        <testcase name="test_column_added" class="Tests_dbDelta" classname="Tests_dbDelta" file="/home/meng/Desktop/wptest/wordpress-develop/tests/phpunit/tests/dbdelta.php" line="188" assertions="3" time="0.116562"/>
        <testcase name="test_columns_arent_removed" class="Tests_dbDelta" classname="Tests_dbDelta" file="/home/meng/Desktop/wptest/wordpress-develop/tests/phpunit/tests/dbdelta.php" line="222" assertions="2" time="0.067295"/>
        <testcase name="test_no_execution" class="Tests_dbDelta" classname="Tests_dbDelta" file="/home/meng/Desktop/wptest/wordpress-develop/tests/phpunit/tests/dbdelta.php" line="246" assertions="2" time="0.068768"/>
        <testcase name="test_insert_into_table" class="Tests_dbDelta" classname="Tests_dbDelta" file="/home/meng/Desktop/wptest/wordpress-develop/tests/phpunit/tests/dbdelta.php" line="279" assertions="2" time="0.066187"/>
        <testcase name="test_fulltext_index" class="Tests_dbDelta" classname="Tests_dbDelta" file="/home/meng/Desktop/wptest/wordpress-develop/tests/phpunit/tests/dbdelta.php" line="300" assertions="1" time="0.079482"/>
        <testcase name="test_truncated_index" class="Tests_dbDelta" classname="Tests_dbDelta" file="/home/meng/Desktop/wptest/wordpress-develop/tests/phpunit/tests/dbdelta.php" line="405" assertions="0" time="0.083300">
          <skipped/>
        </testcase>
        <testcase name="test_dont_downsize_text_fields" class="Tests_dbDelta" classname="Tests_dbDelta" file="/home/meng/Desktop/wptest/wordpress-develop/tests/phpunit/tests/dbdelta.php" line="445" assertions="1" time="0.067502"/>
        <testcase name="test_dont_downsize_blob_fields" class="Tests_dbDelta" classname="Tests_dbDelta" file="/home/meng/Desktop/wptest/wordpress-develop/tests/phpunit/tests/dbdelta.php" line="470" assertions="1" time="0.082874"/>
        <testcase name="test_upsize_text_fields" class="Tests_dbDelta" classname="Tests_dbDelta" file="/home/meng/Desktop/wptest/wordpress-develop/tests/phpunit/tests/dbdelta.php" line="495" assertions="1" time="0.070058"/>
        <testcase name="test_upsize_blob_fields" class="Tests_dbDelta" classname="Tests_dbDelta" file="/home/meng/Desktop/wptest/wordpress-develop/tests/phpunit/tests/dbdelta.php" line="526" assertions="1" time="0.063715"/>
        <testcase name="test_query_with_backticks_does_not_throw_an_undefined_index_warning" class="Tests_dbDelta" classname="Tests_dbDelta" file="/home/meng/Desktop/wptest/wordpress-develop/tests/phpunit/tests/dbdelta.php" line="557" assertions="1" time="0.070508"/>
        <testcase name="test_spatial_indices" class="Tests_dbDelta" classname="Tests_dbDelta" file="/home/meng/Desktop/wptest/wordpress-develop/tests/phpunit/tests/dbdelta.php" line="582" assertions="2" time="0.073576"/>
        <testcase name="test_query_with_backticks_does_not_cause_a_query_to_alter_all_columns_and_indices_to_run_even_if_none_have_changed" class="Tests_dbDelta" classname="Tests_dbDelta" file="/home/meng/Desktop/wptest/wordpress-develop/tests/phpunit/tests/dbdelta.php" line="643" assertions="2" time="0.072434"/>
        <testcase name="test_index_with_a_reserved_keyword_can_be_created" class="Tests_dbDelta" classname="Tests_dbDelta" file="/home/meng/Desktop/wptest/wordpress-develop/tests/phpunit/tests/dbdelta.php" line="672" assertions="2" time="0.110078"/>
        <testcase name="test_wp_get_db_schema_does_no_alter_queries_on_existing_install" class="Tests_dbDelta" classname="Tests_dbDelta" file="/home/meng/Desktop/wptest/wordpress-develop/tests/phpunit/tests/dbdelta.php" line="708" assertions="1" time="0.085719"/>
        <testcase name="test_key_and_index_and_fulltext_key_and_fulltext_index_and_unique_key_and_unique_index_indicies" class="Tests_dbDelta" classname="Tests_dbDelta" file="/home/meng/Desktop/wptest/wordpress-develop/tests/phpunit/tests/dbdelta.php" line="717" assertions="2" time="0.098781"/>
        <testcase name="test_index_and_key_are_synonyms_and_do_not_recreate_indices" class="Tests_dbDelta" classname="Tests_dbDelta" file="/home/meng/Desktop/wptest/wordpress-develop/tests/phpunit/tests/dbdelta.php" line="755" assertions="1" time="0.082304"/>
        <testcase name="test_indices_with_prefix_limits_are_created_and_do_not_recreate_indices" class="Tests_dbDelta" classname="Tests_dbDelta" file="/home/meng/Desktop/wptest/wordpress-develop/tests/phpunit/tests/dbdelta.php" line="779" assertions="2" time="0.073579"/>
        <testcase name="test_index_col_names_with_order_do_not_recreate_indices" class="Tests_dbDelta" classname="Tests_dbDelta" file="/home/meng/Desktop/wptest/wordpress-develop/tests/phpunit/tests/dbdelta.php" line="813" assertions="1" time="0.064032"/>
        <testcase name="test_primary_key_with_single_space_does_not_recreate_index" class="Tests_dbDelta" classname="Tests_dbDelta" file="/home/meng/Desktop/wptest/wordpress-develop/tests/phpunit/tests/dbdelta.php" line="837" assertions="1" time="0.066033"/>
        <testcase name="test_index_definitions_with_spaces_do_not_recreate_indices" class="Tests_dbDelta" classname="Tests_dbDelta" file="/home/meng/Desktop/wptest/wordpress-develop/tests/phpunit/tests/dbdelta.php" line="861" assertions="1" time="0.062330"/>
        <testcase name="test_index_types_are_not_case_sensitive_and_do_not_recreate_indices" class="Tests_dbDelta" classname="Tests_dbDelta" file="/home/meng/Desktop/wptest/wordpress-develop/tests/phpunit/tests/dbdelta.php" line="885" assertions="1" time="0.060986"/>
        <testcase name="test_key_names_are_not_case_sensitive_and_do_not_recreate_indices" class="Tests_dbDelta" classname="Tests_dbDelta" file="/home/meng/Desktop/wptest/wordpress-develop/tests/phpunit/tests/dbdelta.php" line="909" assertions="1" time="0.062974"/>
        <testcase name="test_unchanged_key_lengths_do_not_recreate_index" class="Tests_dbDelta" classname="Tests_dbDelta" file="/home/meng/Desktop/wptest/wordpress-develop/tests/phpunit/tests/dbdelta.php" line="934" assertions="1" time="0.069868"/>
        <testcase name="test_changed_key_lengths_do_not_recreate_index" class="Tests_dbDelta" classname="Tests_dbDelta" file="/home/meng/Desktop/wptest/wordpress-develop/tests/phpunit/tests/dbdelta.php" line="959" assertions="4" time="0.070990"/>
        <testcase name="test_column_type_change_with_hyphens_in_name" class="Tests_dbDelta" classname="Tests_dbDelta" file="/home/meng/Desktop/wptest/wordpress-develop/tests/phpunit/tests/dbdelta.php" line="1043" assertions="1" time="0.067995"/>
      </testsuite>
      <testsuite name="Tests_Dependencies" file="/home/meng/Desktop/wptest/wordpress-develop/tests/phpunit/tests/dependencies.php" tests="7" assertions="56" errors="0" failures="0" skipped="0" time="0.219343">
        <testcase name="test_add" class="Tests_Dependencies" classname="Tests_Dependencies" file="/home/meng/Desktop/wptest/wordpress-develop/tests/phpunit/tests/dependencies.php" line="7" assertions="5" time="0.030834"/>
        <testcase name="test_remove" class="Tests_Dependencies" classname="Tests_Dependencies" file="/home/meng/Desktop/wptest/wordpress-develop/tests/phpunit/tests/dependencies.php" line="20" assertions="4" time="0.030182"/>
        <testcase name="test_enqueue" class="Tests_Dependencies" classname="Tests_Dependencies" file="/home/meng/Desktop/wptest/wordpress-develop/tests/phpunit/tests/dependencies.php" line="33" assertions="7" time="0.031587"/>
        <testcase name="test_dequeue" class="Tests_Dependencies" classname="Tests_Dependencies" file="/home/meng/Desktop/wptest/wordpress-develop/tests/phpunit/tests/dependencies.php" line="49" assertions="8" time="0.029771"/>
        <testcase name="test_enqueue_args" class="Tests_Dependencies" classname="Tests_Dependencies" file="/home/meng/Desktop/wptest/wordpress-develop/tests/phpunit/tests/dependencies.php" line="69" assertions="9" time="0.033528"/>
        <testcase name="test_dequeue_args" class="Tests_Dependencies" classname="Tests_Dependencies" file="/home/meng/Desktop/wptest/wordpress-develop/tests/phpunit/tests/dependencies.php" line="87" assertions="12" time="0.032794"/>
        <testcase name="test_query_and_registered_enqueued" class="Tests_Dependencies" classname="Tests_Dependencies" file="/home/meng/Desktop/wptest/wordpress-develop/tests/phpunit/tests/dependencies.php" line="114" assertions="11" time="0.030647"/>
      </testsuite>
      <testsuite name="Tests_Dependencies_jQuery" file="/home/meng/Desktop/wptest/wordpress-develop/tests/phpunit/tests/dependencies/jquery.php" tests="5" assertions="45" errors="0" failures="0" skipped="0" time="0.227503">
        <testcase name="test_location_of_jquery" class="Tests_Dependencies_jQuery" classname="Tests_Dependencies_jQuery" file="/home/meng/Desktop/wptest/wordpress-develop/tests/phpunit/tests/dependencies/jquery.php" line="9" assertions="8" time="0.058611"/>
        <testcase name="test_presence_of_jquery_no_conflict" class="Tests_Dependencies_jQuery" classname="Tests_Dependencies_jQuery" file="/home/meng/Desktop/wptest/wordpress-develop/tests/phpunit/tests/dependencies/jquery.php" line="39" assertions="1" time="0.030629"/>
        <testcase name="test_dont_allow_deregister_core_scripts_in_admin" class="Tests_Dependencies_jQuery" classname="Tests_Dependencies_jQuery" file="/home/meng/Desktop/wptest/wordpress-develop/tests/phpunit/tests/dependencies/jquery.php" line="51" assertions="27" time="0.054714"/>
        <testcase name="test_wp_script_is_dep_enqueued" class="Tests_Dependencies_jQuery" classname="Tests_Dependencies_jQuery" file="/home/meng/Desktop/wptest/wordpress-develop/tests/phpunit/tests/dependencies/jquery.php" line="94" assertions="2" time="0.030932"/>
        <testcase name="test_jquery_in_footer" class="Tests_Dependencies_jQuery" classname="Tests_Dependencies_jQuery" file="/home/meng/Desktop/wptest/wordpress-develop/tests/phpunit/tests/dependencies/jquery.php" line="108" assertions="7" time="0.052617"/>
      </testsuite>
      <testsuite name="Tests_Dependencies_MediaElementjs" file="/home/meng/Desktop/wptest/wordpress-develop/tests/phpunit/tests/dependencies/mediaelementjs.php" tests="1" assertions="2" errors="0" failures="0" skipped="0" time="0.030144">
        <testcase name="test_exclusion_of_flash" class="Tests_Dependencies_MediaElementjs" classname="Tests_Dependencies_MediaElementjs" file="/home/meng/Desktop/wptest/wordpress-develop/tests/phpunit/tests/dependencies/mediaelementjs.php" line="20" assertions="2" time="0.030144"/>
      </testsuite>
      <testsuite name="Tests_Dependencies_Scripts" file="/home/meng/Desktop/wptest/wordpress-develop/tests/phpunit/tests/dependencies/scripts.php" tests="49" assertions="698" errors="0" failures="0" skipped="0" time="1.731062">
        <testcase name="test_wp_enqueue_script" class="Tests_Dependencies_Scripts" classname="Tests_Dependencies_Scripts" file="/home/meng/Desktop/wptest/wordpress-develop/tests/phpunit/tests/dependencies/scripts.php" line="42" assertions="2" time="0.032168"/>
        <testcase name="test_wp_enqueue_script_with_html5_support_does_not_contain_type_attribute" class="Tests_Dependencies_Scripts" classname="Tests_Dependencies_Scripts" file="/home/meng/Desktop/wptest/wordpress-develop/tests/phpunit/tests/dependencies/scripts.php" line="63" assertions="1" time="0.031402"/>
        <testcase name="test_protocols" class="Tests_Dependencies_Scripts" classname="Tests_Dependencies_Scripts" file="/home/meng/Desktop/wptest/wordpress-develop/tests/phpunit/tests/dependencies/scripts.php" line="83" assertions="2" time="0.033134"/>
        <testcase name="test_script_concatenation" class="Tests_Dependencies_Scripts" classname="Tests_Dependencies_Scripts" file="/home/meng/Desktop/wptest/wordpress-develop/tests/phpunit/tests/dependencies/scripts.php" line="125" assertions="1" time="0.030860"/>
        <testcase name="test_wp_script_add_data_with_data_key" class="Tests_Dependencies_Scripts" classname="Tests_Dependencies_Scripts" file="/home/meng/Desktop/wptest/wordpress-develop/tests/phpunit/tests/dependencies/scripts.php" line="149" assertions="2" time="0.031714"/>
        <testcase name="test_wp_script_add_data_with_conditional_key" class="Tests_Dependencies_Scripts" classname="Tests_Dependencies_Scripts" file="/home/meng/Desktop/wptest/wordpress-develop/tests/phpunit/tests/dependencies/scripts.php" line="168" assertions="2" time="0.031526"/>
        <testcase name="test_wp_script_add_data_with_data_and_conditional_keys" class="Tests_Dependencies_Scripts" classname="Tests_Dependencies_Scripts" file="/home/meng/Desktop/wptest/wordpress-develop/tests/phpunit/tests/dependencies/scripts.php" line="186" assertions="2" time="0.034214"/>
        <testcase name="test_wp_script_add_data_with_invalid_key" class="Tests_Dependencies_Scripts" classname="Tests_Dependencies_Scripts" file="/home/meng/Desktop/wptest/wordpress-develop/tests/phpunit/tests/dependencies/scripts.php" line="206" assertions="2" time="0.031878"/>
        <testcase name="test_wp_register_script" class="Tests_Dependencies_Scripts" classname="Tests_Dependencies_Scripts" file="/home/meng/Desktop/wptest/wordpress-develop/tests/phpunit/tests/dependencies/scripts.php" line="224" assertions="2" time="0.029999"/>
        <testcase name="test_wp_register_script_with_handle_without_source" class="Tests_Dependencies_Scripts" classname="Tests_Dependencies_Scripts" file="/home/meng/Desktop/wptest/wordpress-develop/tests/phpunit/tests/dependencies/scripts.php" line="232" assertions="1" time="0.031588"/>
        <testcase name="test_wp_enqueue_script_footer_alias" class="Tests_Dependencies_Scripts" classname="Tests_Dependencies_Scripts" file="/home/meng/Desktop/wptest/wordpress-develop/tests/phpunit/tests/dependencies/scripts.php" line="248" assertions="3" time="0.034165"/>
        <testcase name="test_group_mismatch_in_deps" class="Tests_Dependencies_Scripts" classname="Tests_Dependencies_Scripts" file="/home/meng/Desktop/wptest/wordpress-develop/tests/phpunit/tests/dependencies/scripts.php" line="268" assertions="15" time="0.047674"/>
        <testcase name="test_wp_register_script_with_dependencies_in_head_and_footer" class="Tests_Dependencies_Scripts" classname="Tests_Dependencies_Scripts" file="/home/meng/Desktop/wptest/wordpress-develop/tests/phpunit/tests/dependencies/scripts.php" line="312" assertions="2" time="0.034840"/>
        <testcase name="test_wp_register_script_with_dependencies_in_head_and_footer_in_reversed_order" class="Tests_Dependencies_Scripts" classname="Tests_Dependencies_Scripts" file="/home/meng/Desktop/wptest/wordpress-develop/tests/phpunit/tests/dependencies/scripts.php" line="333" assertions="2" time="0.033484"/>
        <testcase name="test_wp_register_script_with_dependencies_in_head_and_footer_in_reversed_order_and_two_parent_scripts" class="Tests_Dependencies_Scripts" classname="Tests_Dependencies_Scripts" file="/home/meng/Desktop/wptest/wordpress-develop/tests/phpunit/tests/dependencies/scripts.php" line="354" assertions="2" time="0.033183"/>
        <testcase name="test_wp_add_inline_script_returns_bool" class="Tests_Dependencies_Scripts" classname="Tests_Dependencies_Scripts" file="/home/meng/Desktop/wptest/wordpress-develop/tests/phpunit/tests/dependencies/scripts.php" line="385" assertions="2" time="0.033297"/>
        <testcase name="test_wp_add_inline_script_unknown_handle" class="Tests_Dependencies_Scripts" classname="Tests_Dependencies_Scripts" file="/home/meng/Desktop/wptest/wordpress-develop/tests/phpunit/tests/dependencies/scripts.php" line="394" assertions="2" time="0.030569"/>
        <testcase name="test_wp_add_inline_script_before" class="Tests_Dependencies_Scripts" classname="Tests_Dependencies_Scripts" file="/home/meng/Desktop/wptest/wordpress-develop/tests/phpunit/tests/dependencies/scripts.php" line="402" assertions="1" time="0.031534"/>
        <testcase name="test_wp_add_inline_script_after" class="Tests_Dependencies_Scripts" classname="Tests_Dependencies_Scripts" file="/home/meng/Desktop/wptest/wordpress-develop/tests/phpunit/tests/dependencies/scripts.php" line="415" assertions="1" time="0.031251"/>
        <testcase name="test_wp_add_inline_script_before_and_after" class="Tests_Dependencies_Scripts" classname="Tests_Dependencies_Scripts" file="/home/meng/Desktop/wptest/wordpress-develop/tests/phpunit/tests/dependencies/scripts.php" line="428" assertions="1" time="0.030824"/>
        <testcase name="test_wp_add_inline_script_before_for_handle_without_source" class="Tests_Dependencies_Scripts" classname="Tests_Dependencies_Scripts" file="/home/meng/Desktop/wptest/wordpress-develop/tests/phpunit/tests/dependencies/scripts.php" line="443" assertions="1" time="0.031218"/>
        <testcase name="test_wp_add_inline_script_after_for_handle_without_source" class="Tests_Dependencies_Scripts" classname="Tests_Dependencies_Scripts" file="/home/meng/Desktop/wptest/wordpress-develop/tests/phpunit/tests/dependencies/scripts.php" line="456" assertions="1" time="0.032315"/>
        <testcase name="test_wp_add_inline_script_before_and_after_for_handle_without_source" class="Tests_Dependencies_Scripts" classname="Tests_Dependencies_Scripts" file="/home/meng/Desktop/wptest/wordpress-develop/tests/phpunit/tests/dependencies/scripts.php" line="469" assertions="1" time="0.031347"/>
        <testcase name="test_wp_add_inline_script_multiple" class="Tests_Dependencies_Scripts" classname="Tests_Dependencies_Scripts" file="/home/meng/Desktop/wptest/wordpress-develop/tests/phpunit/tests/dependencies/scripts.php" line="484" assertions="1" time="0.033746"/>
        <testcase name="test_wp_add_inline_script_localized_data_is_added_first" class="Tests_Dependencies_Scripts" classname="Tests_Dependencies_Scripts" file="/home/meng/Desktop/wptest/wordpress-develop/tests/phpunit/tests/dependencies/scripts.php" line="501" assertions="1" time="0.031319"/>
        <testcase name="test_wp_add_inline_script_before_with_concat" class="Tests_Dependencies_Scripts" classname="Tests_Dependencies_Scripts" file="/home/meng/Desktop/wptest/wordpress-develop/tests/phpunit/tests/dependencies/scripts.php" line="518" assertions="1" time="0.032938"/>
        <testcase name="test_wp_add_inline_script_before_with_concat2" class="Tests_Dependencies_Scripts" classname="Tests_Dependencies_Scripts" file="/home/meng/Desktop/wptest/wordpress-develop/tests/phpunit/tests/dependencies/scripts.php" line="544" assertions="1" time="0.032896"/>
        <testcase name="test_wp_add_inline_script_after_with_concat" class="Tests_Dependencies_Scripts" classname="Tests_Dependencies_Scripts" file="/home/meng/Desktop/wptest/wordpress-develop/tests/phpunit/tests/dependencies/scripts.php" line="568" assertions="1" time="0.033885"/>
        <testcase name="test_wp_add_inline_script_after_and_before_with_concat_and_conditional" class="Tests_Dependencies_Scripts" classname="Tests_Dependencies_Scripts" file="/home/meng/Desktop/wptest/wordpress-develop/tests/phpunit/tests/dependencies/scripts.php" line="596" assertions="3" time="0.031687"/>
        <testcase name="test_wp_add_inline_script_after_with_concat_and_core_dependency" class="Tests_Dependencies_Scripts" classname="Tests_Dependencies_Scripts" file="/home/meng/Desktop/wptest/wordpress-develop/tests/phpunit/tests/dependencies/scripts.php" line="626" assertions="1" time="0.042803"/>
        <testcase name="test_wp_add_inline_script_after_with_concat_and_conditional_and_core_dependency" class="Tests_Dependencies_Scripts" classname="Tests_Dependencies_Scripts" file="/home/meng/Desktop/wptest/wordpress-develop/tests/phpunit/tests/dependencies/scripts.php" line="651" assertions="1" time="0.043040"/>
        <testcase name="test_wp_add_inline_script_before_with_concat_and_core_dependency" class="Tests_Dependencies_Scripts" classname="Tests_Dependencies_Scripts" file="/home/meng/Desktop/wptest/wordpress-develop/tests/phpunit/tests/dependencies/scripts.php" line="679" assertions="1" time="0.049324"/>
        <testcase name="test_wp_add_inline_script_before_after_concat_with_core_dependency" class="Tests_Dependencies_Scripts" classname="Tests_Dependencies_Scripts" file="/home/meng/Desktop/wptest/wordpress-develop/tests/phpunit/tests/dependencies/scripts.php" line="705" assertions="1" time="0.054971"/>
        <testcase name="test_wp_add_inline_script_customize_dependency" class="Tests_Dependencies_Scripts" classname="Tests_Dependencies_Scripts" file="/home/meng/Desktop/wptest/wordpress-develop/tests/phpunit/tests/dependencies/scripts.php" line="761" assertions="1" time="0.052261"/>
        <testcase name="test_wp_add_inline_script_after_for_core_scripts_with_concat_is_limited_and_falls_back_to_no_concat" class="Tests_Dependencies_Scripts" classname="Tests_Dependencies_Scripts" file="/home/meng/Desktop/wptest/wordpress-develop/tests/phpunit/tests/dependencies/scripts.php" line="789" assertions="1" time="0.033030"/>
        <testcase name="test_wp_add_inline_script_before_third_core_script_prints_two_concat_scripts" class="Tests_Dependencies_Scripts" classname="Tests_Dependencies_Scripts" file="/home/meng/Desktop/wptest/wordpress-develop/tests/phpunit/tests/dependencies/scripts.php" line="814" assertions="1" time="0.035168"/>
        <testcase name="test_wp_set_script_translations" class="Tests_Dependencies_Scripts" classname="Tests_Dependencies_Scripts" file="/home/meng/Desktop/wptest/wordpress-develop/tests/phpunit/tests/dependencies/scripts.php" line="838" assertions="1" time="0.032031"/>
        <testcase name="test_wp_set_script_translations_for_plugin" class="Tests_Dependencies_Scripts" classname="Tests_Dependencies_Scripts" file="/home/meng/Desktop/wptest/wordpress-develop/tests/phpunit/tests/dependencies/scripts.php" line="865" assertions="1" time="0.032920"/>
        <testcase name="test_wp_set_script_translations_for_theme" class="Tests_Dependencies_Scripts" classname="Tests_Dependencies_Scripts" file="/home/meng/Desktop/wptest/wordpress-develop/tests/phpunit/tests/dependencies/scripts.php" line="892" assertions="1" time="0.032668"/>
        <testcase name="test_wp_set_script_translations_with_handle_file" class="Tests_Dependencies_Scripts" classname="Tests_Dependencies_Scripts" file="/home/meng/Desktop/wptest/wordpress-develop/tests/phpunit/tests/dependencies/scripts.php" line="919" assertions="1" time="0.033145"/>
        <testcase name="test_wp_set_script_translations_i18n_dependency" class="Tests_Dependencies_Scripts" classname="Tests_Dependencies_Scripts" file="/home/meng/Desktop/wptest/wordpress-develop/tests/phpunit/tests/dependencies/scripts.php" line="946" assertions="1" time="0.033694"/>
        <testcase name="test_wp_set_script_translations_when_translation_file_does_not_exist" class="Tests_Dependencies_Scripts" classname="Tests_Dependencies_Scripts" file="/home/meng/Desktop/wptest/wordpress-develop/tests/phpunit/tests/dependencies/scripts.php" line="961" assertions="1" time="0.032329"/>
        <testcase name="test_wp_set_script_translations_after_register" class="Tests_Dependencies_Scripts" classname="Tests_Dependencies_Scripts" file="/home/meng/Desktop/wptest/wordpress-develop/tests/phpunit/tests/dependencies/scripts.php" line="988" assertions="1" time="0.031777"/>
        <testcase name="test_wp_set_script_translations_dependency" class="Tests_Dependencies_Scripts" classname="Tests_Dependencies_Scripts" file="/home/meng/Desktop/wptest/wordpress-develop/tests/phpunit/tests/dependencies/scripts.php" line="1017" assertions="1" time="0.032334"/>
        <testcase name="test_wp_enqueue_code_editor_when_php_file_will_be_passed" class="Tests_Dependencies_Scripts" classname="Tests_Dependencies_Scripts" file="/home/meng/Desktop/wptest/wordpress-develop/tests/phpunit/tests/dependencies/scripts.php" line="1050" assertions="16" time="0.031891"/>
        <testcase name="test_wp_enqueue_code_editor_when_generated_array_by_compact_will_be_passed" class="Tests_Dependencies_Scripts" classname="Tests_Dependencies_Scripts" file="/home/meng/Desktop/wptest/wordpress-develop/tests/phpunit/tests/dependencies/scripts.php" line="1137" assertions="16" time="0.031467"/>
        <testcase name="test_wp_enqueue_code_editor_when_generated_array_by_array_merge_will_be_passed" class="Tests_Dependencies_Scripts" classname="Tests_Dependencies_Scripts" file="/home/meng/Desktop/wptest/wordpress-develop/tests/phpunit/tests/dependencies/scripts.php" line="1220" assertions="15" time="0.031331"/>
        <testcase name="test_wp_enqueue_code_editor_when_simple_array_will_be_passed" class="Tests_Dependencies_Scripts" classname="Tests_Dependencies_Scripts" file="/home/meng/Desktop/wptest/wordpress-develop/tests/phpunit/tests/dependencies/scripts.php" line="1317" assertions="15" time="0.031955"/>
        <testcase name="test_no_source_mapping" class="Tests_Dependencies_Scripts" classname="Tests_Dependencies_Scripts" file="/home/meng/Desktop/wptest/wordpress-develop/tests/phpunit/tests/dependencies/scripts.php" line="1405" assertions="562" time="0.082269"/>
      </testsuite>
      <testsuite name="Tests_Dependencies_Styles" file="/home/meng/Desktop/wptest/wordpress-develop/tests/phpunit/tests/dependencies/styles.php" tests="21" assertions="31" errors="0" failures="0" skipped="0" time="1.027473">
        <testcase name="test_wp_enqueue_style" class="Tests_Dependencies_Styles" classname="Tests_Dependencies_Styles" file="/home/meng/Desktop/wptest/wordpress-develop/tests/phpunit/tests/dependencies/styles.php" line="54" assertions="2" time="0.048289"/>
        <testcase name="test_wp_enqueue_style_with_html5_support_does_not_contain_type_attribute" class="Tests_Dependencies_Styles" classname="Tests_Dependencies_Styles" file="/home/meng/Desktop/wptest/wordpress-develop/tests/phpunit/tests/dependencies/styles.php" line="75" assertions="1" time="0.051801"/>
        <testcase name="test_protocols" class="Tests_Dependencies_Styles" classname="Tests_Dependencies_Styles" file="/home/meng/Desktop/wptest/wordpress-develop/tests/phpunit/tests/dependencies/styles.php" line="95" assertions="2" time="0.053047"/>
        <testcase name="test_inline_styles" class="Tests_Dependencies_Styles" classname="Tests_Dependencies_Styles" file="/home/meng/Desktop/wptest/wordpress-develop/tests/phpunit/tests/dependencies/styles.php" line="139" assertions="1" time="0.047946"/>
        <testcase name="test_inline_styles_concat" class="Tests_Dependencies_Styles" classname="Tests_Dependencies_Styles" file="/home/meng/Desktop/wptest/wordpress-develop/tests/phpunit/tests/dependencies/styles.php" line="163" assertions="1" time="0.048307"/>
        <testcase name="test_multiple_inline_styles" class="Tests_Dependencies_Styles" classname="Tests_Dependencies_Styles" file="/home/meng/Desktop/wptest/wordpress-develop/tests/phpunit/tests/dependencies/styles.php" line="192" assertions="1" time="0.046596"/>
        <testcase name="test_plugin_doing_inline_styles_wrong" class="Tests_Dependencies_Styles" classname="Tests_Dependencies_Styles" file="/home/meng/Desktop/wptest/wordpress-develop/tests/phpunit/tests/dependencies/styles.php" line="223" assertions="2" time="0.047557"/>
        <testcase name="test_unnecessary_style_tags" class="Tests_Dependencies_Styles" classname="Tests_Dependencies_Styles" file="/home/meng/Desktop/wptest/wordpress-develop/tests/phpunit/tests/dependencies/styles.php" line="247" assertions="1" time="0.047451"/>
        <testcase name="test_conditional_inline_styles_are_also_conditional" class="Tests_Dependencies_Styles" classname="Tests_Dependencies_Styles" file="/home/meng/Desktop/wptest/wordpress-develop/tests/phpunit/tests/dependencies/styles.php" line="261" assertions="1" time="0.046616"/>
        <testcase name="test_wp_register_style" class="Tests_Dependencies_Styles" classname="Tests_Dependencies_Styles" file="/home/meng/Desktop/wptest/wordpress-develop/tests/phpunit/tests/dependencies/styles.php" line="283" assertions="2" time="0.046407"/>
        <testcase name="test_wp_add_inline_style_for_handle_without_source" class="Tests_Dependencies_Styles" classname="Tests_Dependencies_Styles" file="/home/meng/Desktop/wptest/wordpress-develop/tests/phpunit/tests/dependencies/styles.php" line="291" assertions="1" time="0.048346"/>
        <testsuite name="Tests_Dependencies_Styles::test_wp_enqueue_style_with_media" tests="6" assertions="6" errors="0" failures="0" skipped="0" time="0.295875">
          <testcase name="test_wp_enqueue_style_with_media with data set #0" class="Tests_Dependencies_Styles" classname="Tests_Dependencies_Styles" file="/home/meng/Desktop/wptest/wordpress-develop/tests/phpunit/tests/dependencies/styles.php" line="314" assertions="1" time="0.049936"/>
          <testcase name="test_wp_enqueue_style_with_media with data set #1" class="Tests_Dependencies_Styles" classname="Tests_Dependencies_Styles" file="/home/meng/Desktop/wptest/wordpress-develop/tests/phpunit/tests/dependencies/styles.php" line="314" assertions="1" time="0.050744"/>
          <testcase name="test_wp_enqueue_style_with_media with data set #2" class="Tests_Dependencies_Styles" classname="Tests_Dependencies_Styles" file="/home/meng/Desktop/wptest/wordpress-develop/tests/phpunit/tests/dependencies/styles.php" line="314" assertions="1" time="0.047021"/>
          <testcase name="test_wp_enqueue_style_with_media with data set #3" class="Tests_Dependencies_Styles" classname="Tests_Dependencies_Styles" file="/home/meng/Desktop/wptest/wordpress-develop/tests/phpunit/tests/dependencies/styles.php" line="314" assertions="1" time="0.046821"/>
          <testcase name="test_wp_enqueue_style_with_media with data set #4" class="Tests_Dependencies_Styles" classname="Tests_Dependencies_Styles" file="/home/meng/Desktop/wptest/wordpress-develop/tests/phpunit/tests/dependencies/styles.php" line="314" assertions="1" time="0.046812"/>
          <testcase name="test_wp_enqueue_style_with_media with data set #5" class="Tests_Dependencies_Styles" classname="Tests_Dependencies_Styles" file="/home/meng/Desktop/wptest/wordpress-develop/tests/phpunit/tests/dependencies/styles.php" line="314" assertions="1" time="0.054541"/>
        </testsuite>
        <testcase name="test_block_styles_for_editing_without_theme_support" class="Tests_Dependencies_Styles" classname="Tests_Dependencies_Styles" file="/home/meng/Desktop/wptest/wordpress-develop/tests/phpunit/tests/dependencies/styles.php" line="353" assertions="3" time="0.049297"/>
        <testcase name="test_block_styles_for_editing_with_theme_support" class="Tests_Dependencies_Styles" classname="Tests_Dependencies_Styles" file="/home/meng/Desktop/wptest/wordpress-develop/tests/phpunit/tests/dependencies/styles.php" line="369" assertions="2" time="0.049584"/>
        <testcase name="test_no_block_styles_for_viewing_without_theme_support" class="Tests_Dependencies_Styles" classname="Tests_Dependencies_Styles" file="/home/meng/Desktop/wptest/wordpress-develop/tests/phpunit/tests/dependencies/styles.php" line="385" assertions="3" time="0.051346"/>
        <testcase name="test_block_styles_for_viewing_with_theme_support" class="Tests_Dependencies_Styles" classname="Tests_Dependencies_Styles" file="/home/meng/Desktop/wptest/wordpress-develop/tests/phpunit/tests/dependencies/styles.php" line="401" assertions="2" time="0.049008"/>
      </testsuite>
      <testsuite name="Tests_WP_Editors" file="/home/meng/Desktop/wptest/wordpress-develop/tests/phpunit/tests/editor/wpEditors.php" tests="4" assertions="4" errors="0" failures="0" skipped="0" time="0.201847">
        <testcase name="test_wp_link_query_returns_false_when_nothing_found" class="Tests_WP_Editors" classname="Tests_WP_Editors" file="/home/meng/Desktop/wptest/wordpress-develop/tests/phpunit/tests/editor/wpEditors.php" line="25" assertions="1" time="0.035139"/>
        <testcase name="test_wp_link_query_returns_search_results" class="Tests_WP_Editors" classname="Tests_WP_Editors" file="/home/meng/Desktop/wptest/wordpress-develop/tests/phpunit/tests/editor/wpEditors.php" line="31" assertions="1" time="0.066824"/>
        <testcase name="test_wp_link_query_returns_filtered_result_when_nothing_found" class="Tests_WP_Editors" classname="Tests_WP_Editors" file="/home/meng/Desktop/wptest/wordpress-develop/tests/phpunit/tests/editor/wpEditors.php" line="51" assertions="1" time="0.033398"/>
        <testcase name="test_wp_link_query_returns_filtered_search_results" class="Tests_WP_Editors" classname="Tests_WP_Editors" file="/home/meng/Desktop/wptest/wordpress-develop/tests/phpunit/tests/editor/wpEditors.php" line="69" assertions="1" time="0.066486"/>
      </testsuite>
      <testsuite name="Tests_Recovery_Mode_Cookie_Service" file="/home/meng/Desktop/wptest/wordpress-develop/tests/phpunit/tests/error-protection/recovery-mode-cookie-service.php" tests="5" assertions="13" errors="0" failures="0" skipped="0" time="0.175388">
        <testcase name="test_validate_cookie_returns_wp_error_if_invalid_format" class="Tests_Recovery_Mode_Cookie_Service" classname="Tests_Recovery_Mode_Cookie_Service" file="/home/meng/Desktop/wptest/wordpress-develop/tests/phpunit/tests/error-protection/recovery-mode-cookie-service.php" line="11" assertions="6" time="0.030719"/>
        <testcase name="test_validate_cookie_returns_wp_error_if_expired" class="Tests_Recovery_Mode_Cookie_Service" classname="Tests_Recovery_Mode_Cookie_Service" file="/home/meng/Desktop/wptest/wordpress-develop/tests/phpunit/tests/error-protection/recovery-mode-cookie-service.php" line="31" assertions="2" time="0.035464"/>
        <testcase name="test_validate_cookie_returns_wp_error_if_signature_mismatch" class="Tests_Recovery_Mode_Cookie_Service" classname="Tests_Recovery_Mode_Cookie_Service" file="/home/meng/Desktop/wptest/wordpress-develop/tests/phpunit/tests/error-protection/recovery-mode-cookie-service.php" line="48" assertions="2" time="0.037533"/>
        <testcase name="test_validate_cookie_returns_wp_error_if_created_at_is_invalid_format" class="Tests_Recovery_Mode_Cookie_Service" classname="Tests_Recovery_Mode_Cookie_Service" file="/home/meng/Desktop/wptest/wordpress-develop/tests/phpunit/tests/error-protection/recovery-mode-cookie-service.php" line="64" assertions="2" time="0.036236"/>
        <testcase name="test_validate_cookie_returns_true_for_valid_cookie" class="Tests_Recovery_Mode_Cookie_Service" classname="Tests_Recovery_Mode_Cookie_Service" file="/home/meng/Desktop/wptest/wordpress-develop/tests/phpunit/tests/error-protection/recovery-mode-cookie-service.php" line="81" assertions="1" time="0.035436"/>
      </testsuite>
      <testsuite name="Tests_Recovery_Mode_Key_Service" file="/home/meng/Desktop/wptest/wordpress-develop/tests/phpunit/tests/error-protection/recovery-mode-key-service.php" tests="12" assertions="23" errors="0" failures="0" skipped="0" time="0.777190">
        <testcase name="test_generate_and_store_recovery_mode_key_returns_recovery_key" class="Tests_Recovery_Mode_Key_Service" classname="Tests_Recovery_Mode_Key_Service" file="/home/meng/Desktop/wptest/wordpress-develop/tests/phpunit/tests/error-protection/recovery-mode-key-service.php" line="11" assertions="1" time="0.054747"/>
        <testcase name="test_validate_recovery_mode_key_returns_wp_error_if_no_key_set" class="Tests_Recovery_Mode_Key_Service" classname="Tests_Recovery_Mode_Key_Service" file="/home/meng/Desktop/wptest/wordpress-develop/tests/phpunit/tests/error-protection/recovery-mode-key-service.php" line="22" assertions="2" time="0.049012"/>
        <testcase name="test_validate_recovery_mode_key_returns_wp_error_if_data_missing" class="Tests_Recovery_Mode_Key_Service" classname="Tests_Recovery_Mode_Key_Service" file="/home/meng/Desktop/wptest/wordpress-develop/tests/phpunit/tests/error-protection/recovery-mode-key-service.php" line="33" assertions="2" time="0.032652"/>
        <testcase name="test_validate_recovery_mode_key_returns_wp_error_if_bad" class="Tests_Recovery_Mode_Key_Service" classname="Tests_Recovery_Mode_Key_Service" file="/home/meng/Desktop/wptest/wordpress-develop/tests/phpunit/tests/error-protection/recovery-mode-key-service.php" line="46" assertions="2" time="0.033343"/>
        <testcase name="test_validate_recovery_mode_key_returns_wp_error_if_stored_format_is_invalid" class="Tests_Recovery_Mode_Key_Service" classname="Tests_Recovery_Mode_Key_Service" file="/home/meng/Desktop/wptest/wordpress-develop/tests/phpunit/tests/error-protection/recovery-mode-key-service.php" line="60" assertions="2" time="0.034403"/>
        <testcase name="test_validate_recovery_mode_key_returns_wp_error_if_empty_key" class="Tests_Recovery_Mode_Key_Service" classname="Tests_Recovery_Mode_Key_Service" file="/home/meng/Desktop/wptest/wordpress-develop/tests/phpunit/tests/error-protection/recovery-mode-key-service.php" line="75" assertions="2" time="0.078361"/>
        <testcase name="test_validate_recovery_mode_key_returns_wp_error_if_hash_mismatch" class="Tests_Recovery_Mode_Key_Service" classname="Tests_Recovery_Mode_Key_Service" file="/home/meng/Desktop/wptest/wordpress-develop/tests/phpunit/tests/error-protection/recovery-mode-key-service.php" line="88" assertions="2" time="0.077137"/>
        <testcase name="test_validate_recovery_mode_key_returns_wp_error_if_expired" class="Tests_Recovery_Mode_Key_Service" classname="Tests_Recovery_Mode_Key_Service" file="/home/meng/Desktop/wptest/wordpress-develop/tests/phpunit/tests/error-protection/recovery-mode-key-service.php" line="101" assertions="2" time="0.080275"/>
        <testcase name="test_validate_recovery_mode_key_returns_true_for_valid_key" class="Tests_Recovery_Mode_Key_Service" classname="Tests_Recovery_Mode_Key_Service" file="/home/meng/Desktop/wptest/wordpress-develop/tests/phpunit/tests/error-protection/recovery-mode-key-service.php" line="119" assertions="1" time="0.078531"/>
        <testcase name="test_validate_recovery_mode_key_returns_error_if_token_used_more_than_once" class="Tests_Recovery_Mode_Key_Service" classname="Tests_Recovery_Mode_Key_Service" file="/home/meng/Desktop/wptest/wordpress-develop/tests/phpunit/tests/error-protection/recovery-mode-key-service.php" line="129" assertions="3" time="0.085989"/>
        <testcase name="test_validate_recovery_mode_key_returns_error_if_token_used_more_than_once_more_than_key_stored" class="Tests_Recovery_Mode_Key_Service" classname="Tests_Recovery_Mode_Key_Service" file="/home/meng/Desktop/wptest/wordpress-develop/tests/phpunit/tests/error-protection/recovery-mode-key-service.php" line="146" assertions="3" time="0.112778"/>
        <testcase name="test_clean_expired_keys" class="Tests_Recovery_Mode_Key_Service" classname="Tests_Recovery_Mode_Key_Service" file="/home/meng/Desktop/wptest/wordpress-develop/tests/phpunit/tests/error-protection/recovery-mode-key-service.php" line="168" assertions="1" time="0.059962"/>
      </testsuite>
      <testsuite name="Tests_Feeds_Atom" file="/home/meng/Desktop/wptest/wordpress-develop/tests/phpunit/tests/feed/atom.php" tests="3" assertions="109" errors="0" failures="0" skipped="0" time="0.449460">
        <testcase name="test_feed_element" class="Tests_Feeds_Atom" classname="Tests_Feeds_Atom" file="/home/meng/Desktop/wptest/wordpress-develop/tests/phpunit/tests/feed/atom.php" line="88" assertions="12" time="0.145446"/>
        <testcase name="test_entry_elements" class="Tests_Feeds_Atom" classname="Tests_Feeds_Atom" file="/home/meng/Desktop/wptest/wordpress-develop/tests/phpunit/tests/feed/atom.php" line="132" assertions="82" time="0.162389"/>
        <testcase name="test_atom_enclosure_with_extended_url_length_type_parsing" class="Tests_Feeds_Atom" classname="Tests_Feeds_Atom" file="/home/meng/Desktop/wptest/wordpress-develop/tests/phpunit/tests/feed/atom.php" line="212" assertions="15" time="0.141625"/>
      </testsuite>
      <testsuite name="Tests_Feeds_RSS2" file="/home/meng/Desktop/wptest/wordpress-develop/tests/phpunit/tests/feed/rss2.php" tests="13" assertions="171" errors="0" failures="0" skipped="0" time="2.074531">
        <testcase name="test_rss_element" class="Tests_Feeds_RSS2" classname="Tests_Feeds_RSS2" file="/home/meng/Desktop/wptest/wordpress-develop/tests/phpunit/tests/feed/rss2.php" line="100" assertions="6" time="0.156153"/>
        <testcase name="test_channel_element" class="Tests_Feeds_RSS2" classname="Tests_Feeds_RSS2" file="/home/meng/Desktop/wptest/wordpress-develop/tests/phpunit/tests/feed/rss2.php" line="125" assertions="5" time="0.165721"/>
        <testcase name="test_channel_pubdate_element_translated" class="Tests_Feeds_RSS2" classname="Tests_Feeds_RSS2" file="/home/meng/Desktop/wptest/wordpress-develop/tests/phpunit/tests/feed/rss2.php" line="155" assertions="1" time="0.147650"/>
        <testcase name="test_item_elements" class="Tests_Feeds_RSS2" classname="Tests_Feeds_RSS2" file="/home/meng/Desktop/wptest/wordpress-develop/tests/phpunit/tests/feed/rss2.php" line="178" assertions="109" time="0.189882"/>
        <testcase name="test_items_comments_closed" class="Tests_Feeds_RSS2" classname="Tests_Feeds_RSS2" file="/home/meng/Desktop/wptest/wordpress-develop/tests/phpunit/tests/feed/rss2.php" line="269" assertions="20" time="0.131259"/>
        <testcase name="test_valid_home_feed_endpoint" class="Tests_Feeds_RSS2" classname="Tests_Feeds_RSS2" file="/home/meng/Desktop/wptest/wordpress-develop/tests/phpunit/tests/feed/rss2.php" line="304" assertions="3" time="0.144383"/>
        <testcase name="test_valid_taxonomy_feed_endpoint" class="Tests_Feeds_RSS2" classname="Tests_Feeds_RSS2" file="/home/meng/Desktop/wptest/wordpress-develop/tests/phpunit/tests/feed/rss2.php" line="332" assertions="5" time="0.166536"/>
        <testcase name="test_valid_main_comment_feed_endpoint" class="Tests_Feeds_RSS2" classname="Tests_Feeds_RSS2" file="/home/meng/Desktop/wptest/wordpress-develop/tests/phpunit/tests/feed/rss2.php" line="360" assertions="4" time="0.292916"/>
        <testcase name="test_valid_archive_feed_endpoint" class="Tests_Feeds_RSS2" classname="Tests_Feeds_RSS2" file="/home/meng/Desktop/wptest/wordpress-develop/tests/phpunit/tests/feed/rss2.php" line="393" assertions="6" time="0.147919"/>
        <testcase name="test_valid_single_post_comment_feed_endpoint" class="Tests_Feeds_RSS2" classname="Tests_Feeds_RSS2" file="/home/meng/Desktop/wptest/wordpress-develop/tests/phpunit/tests/feed/rss2.php" line="421" assertions="6" time="0.076835"/>
        <testcase name="test_valid_search_feed_endpoint" class="Tests_Feeds_RSS2" classname="Tests_Feeds_RSS2" file="/home/meng/Desktop/wptest/wordpress-develop/tests/phpunit/tests/feed/rss2.php" line="449" assertions="4" time="0.148220"/>
        <testsuite name="Tests_Feeds_RSS2::test_get_feed_build_date" tests="2" assertions="2" errors="0" failures="0" skipped="0" time="0.307057">
          <testcase name="test_get_feed_build_date with data set #0" class="Tests_Feeds_RSS2" classname="Tests_Feeds_RSS2" file="/home/meng/Desktop/wptest/wordpress-develop/tests/phpunit/tests/feed/rss2.php" line="478" assertions="1" time="0.145916"/>
          <testcase name="test_get_feed_build_date with data set #1" class="Tests_Feeds_RSS2" classname="Tests_Feeds_RSS2" file="/home/meng/Desktop/wptest/wordpress-develop/tests/phpunit/tests/feed/rss2.php" line="478" assertions="1" time="0.161141"/>
        </testsuite>
      </testsuite>
      <testsuite name="Tests_File" file="/home/meng/Desktop/wptest/wordpress-develop/tests/phpunit/tests/file.php" tests="16" assertions="32" errors="0" failures="0" skipped="0" time="0.511238">
        <testcase name="test_get_file_data" class="Tests_File" classname="Tests_File" file="/home/meng/Desktop/wptest/wordpress-develop/tests/phpunit/tests/file.php" line="20" assertions="6" time="0.033479"/>
        <testcase name="test_get_file_data_cr_line_endings" class="Tests_File" classname="Tests_File" file="/home/meng/Desktop/wptest/wordpress-develop/tests/phpunit/tests/file.php" line="50" assertions="3" time="0.033114"/>
        <testcase name="test_unique_filename_is_valid" class="Tests_File" classname="Tests_File" file="/home/meng/Desktop/wptest/wordpress-develop/tests/phpunit/tests/file.php" line="91" assertions="1" time="0.031723"/>
        <testcase name="test_unique_filename_is_unique" class="Tests_File" classname="Tests_File" file="/home/meng/Desktop/wptest/wordpress-develop/tests/phpunit/tests/file.php" line="100" assertions="3" time="0.032482"/>
        <testcase name="test_unique_filename_is_sanitized" class="Tests_File" classname="Tests_File" file="/home/meng/Desktop/wptest/wordpress-develop/tests/phpunit/tests/file.php" line="116" assertions="2" time="0.030929"/>
        <testcase name="test_unique_filename_with_slashes" class="Tests_File" classname="Tests_File" file="/home/meng/Desktop/wptest/wordpress-develop/tests/phpunit/tests/file.php" line="128" assertions="2" time="0.030624"/>
        <testcase name="test_unique_filename_multiple_ext" class="Tests_File" classname="Tests_File" file="/home/meng/Desktop/wptest/wordpress-develop/tests/phpunit/tests/file.php" line="141" assertions="2" time="0.032901"/>
        <testcase name="test_unique_filename_no_ext" class="Tests_File" classname="Tests_File" file="/home/meng/Desktop/wptest/wordpress-develop/tests/phpunit/tests/file.php" line="153" assertions="2" time="0.033328"/>
        <testsuite name="Tests_File::test_wp_tempnam" tests="6" assertions="6" errors="0" failures="0" skipped="0" time="0.188945">
          <testcase name="test_wp_tempnam with data set #0" class="Tests_File" classname="Tests_File" file="/home/meng/Desktop/wptest/wordpress-develop/tests/phpunit/tests/file.php" line="167" assertions="1" time="0.031594"/>
          <testcase name="test_wp_tempnam with data set #1" class="Tests_File" classname="Tests_File" file="/home/meng/Desktop/wptest/wordpress-develop/tests/phpunit/tests/file.php" line="167" assertions="1" time="0.032314"/>
          <testcase name="test_wp_tempnam with data set #2" class="Tests_File" classname="Tests_File" file="/home/meng/Desktop/wptest/wordpress-develop/tests/phpunit/tests/file.php" line="167" assertions="1" time="0.031425"/>
          <testcase name="test_wp_tempnam with data set #3" class="Tests_File" classname="Tests_File" file="/home/meng/Desktop/wptest/wordpress-develop/tests/phpunit/tests/file.php" line="167" assertions="1" time="0.031772"/>
          <testcase name="test_wp_tempnam with data set #4" class="Tests_File" classname="Tests_File" file="/home/meng/Desktop/wptest/wordpress-develop/tests/phpunit/tests/file.php" line="167" assertions="1" time="0.030777"/>
          <testcase name="test_wp_tempnam with data set #5" class="Tests_File" classname="Tests_File" file="/home/meng/Desktop/wptest/wordpress-develop/tests/phpunit/tests/file.php" line="167" assertions="1" time="0.031063"/>
        </testsuite>
        <testcase name="test_file_signature_functions_as_expected" class="Tests_File" classname="Tests_File" file="/home/meng/Desktop/wptest/wordpress-develop/tests/phpunit/tests/file.php" line="187" assertions="3" time="0.032366"/>
        <testcase name="test_file_signature_expected_failure" class="Tests_File" classname="Tests_File" file="/home/meng/Desktop/wptest/wordpress-develop/tests/phpunit/tests/file.php" line="220" assertions="2" time="0.031346"/>
      </testsuite>
      <testsuite name="WP_Filesystem_find_folder_UnitTestCases" file="/home/meng/Desktop/wptest/wordpress-develop/tests/phpunit/tests/filesystem/findFolder.php" tests="5" assertions="14" errors="0" failures="0" skipped="0" time="0.162195">
        <testcase name="test_ftp_has_root_access" class="WP_Filesystem_find_folder_UnitTestCases" classname="WP_Filesystem_find_folder_UnitTestCases" file="/home/meng/Desktop/wptest/wordpress-develop/tests/phpunit/tests/filesystem/findFolder.php" line="11" assertions="2" time="0.032882"/>
        <testcase name="test_sibling_wordpress_in_subdir" class="WP_Filesystem_find_folder_UnitTestCases" classname="WP_Filesystem_find_folder_UnitTestCases" file="/home/meng/Desktop/wptest/wordpress-develop/tests/phpunit/tests/filesystem/findFolder.php" line="30" assertions="2" time="0.033735"/>
        <testcase name="test_subdir_of_another" class="WP_Filesystem_find_folder_UnitTestCases" classname="WP_Filesystem_find_folder_UnitTestCases" file="/home/meng/Desktop/wptest/wordpress-develop/tests/phpunit/tests/filesystem/findFolder.php" line="60" assertions="2" time="0.032740"/>
        <testcase name="test_multiple_tokens_in_path1" class="WP_Filesystem_find_folder_UnitTestCases" classname="WP_Filesystem_find_folder_UnitTestCases" file="/home/meng/Desktop/wptest/wordpress-develop/tests/phpunit/tests/filesystem/findFolder.php" line="87" assertions="3" time="0.031782"/>
        <testcase name="test_is_MockFS_sane" class="WP_Filesystem_find_folder_UnitTestCases" classname="WP_Filesystem_find_folder_UnitTestCases" file="/home/meng/Desktop/wptest/wordpress-develop/tests/phpunit/tests/filesystem/findFolder.php" line="30" assertions="5" time="0.031056"/>
      </testsuite>
      <testsuite name="Tests_Filters" file="/home/meng/Desktop/wptest/wordpress-develop/tests/phpunit/tests/filters.php" tests="18" assertions="69" errors="0" failures="0" skipped="0" time="0.570322">
        <testcase name="test_simple_filter" class="Tests_Filters" classname="Tests_Filters" file="/home/meng/Desktop/wptest/wordpress-develop/tests/phpunit/tests/filters.php" line="10" assertions="4" time="0.033575"/>
        <testcase name="test_remove_filter" class="Tests_Filters" classname="Tests_Filters" file="/home/meng/Desktop/wptest/wordpress-develop/tests/phpunit/tests/filters.php" line="28" assertions="6" time="0.031556"/>
        <testcase name="test_has_filter" class="Tests_Filters" classname="Tests_Filters" file="/home/meng/Desktop/wptest/wordpress-develop/tests/phpunit/tests/filters.php" line="48" assertions="6" time="0.030280"/>
        <testcase name="test_multiple_filters" class="Tests_Filters" classname="Tests_Filters" file="/home/meng/Desktop/wptest/wordpress-develop/tests/phpunit/tests/filters.php" line="63" assertions="3" time="0.031336"/>
        <testcase name="test_filter_args_1" class="Tests_Filters" classname="Tests_Filters" file="/home/meng/Desktop/wptest/wordpress-develop/tests/phpunit/tests/filters.php" line="80" assertions="3" time="0.031394"/>
        <testcase name="test_filter_args_2" class="Tests_Filters" classname="Tests_Filters" file="/home/meng/Desktop/wptest/wordpress-develop/tests/phpunit/tests/filters.php" line="95" assertions="5" time="0.031579"/>
        <testcase name="test_filter_priority" class="Tests_Filters" classname="Tests_Filters" file="/home/meng/Desktop/wptest/wordpress-develop/tests/phpunit/tests/filters.php" line="120" assertions="3" time="0.030470"/>
        <testcase name="test_all_filter" class="Tests_Filters" classname="Tests_Filters" file="/home/meng/Desktop/wptest/wordpress-develop/tests/phpunit/tests/filters.php" line="151" assertions="7" time="0.031240"/>
        <testcase name="test_remove_all_filter" class="Tests_Filters" classname="Tests_Filters" file="/home/meng/Desktop/wptest/wordpress-develop/tests/phpunit/tests/filters.php" line="175" assertions="10" time="0.032199"/>
        <testcase name="test_remove_all_filters_should_respect_the_priority_argument" class="Tests_Filters" classname="Tests_Filters" file="/home/meng/Desktop/wptest/wordpress-develop/tests/phpunit/tests/filters.php" line="202" assertions="3" time="0.030683"/>
        <testcase name="test_filter_ref_array" class="Tests_Filters" classname="Tests_Filters" file="/home/meng/Desktop/wptest/wordpress-develop/tests/phpunit/tests/filters.php" line="221" assertions="2" time="0.034812"/>
        <testcase name="test_filter_ref_array_result" class="Tests_Filters" classname="Tests_Filters" file="/home/meng/Desktop/wptest/wordpress-develop/tests/phpunit/tests/filters.php" line="240" assertions="5" time="0.031881"/>
        <testcase name="test_has_filter_after_remove_all_filters" class="Tests_Filters" classname="Tests_Filters" file="/home/meng/Desktop/wptest/wordpress-develop/tests/phpunit/tests/filters.php" line="275" assertions="4" time="0.031473"/>
        <testcase name="test_apply_filters_deprecated" class="Tests_Filters" classname="Tests_Filters" file="/home/meng/Desktop/wptest/wordpress-develop/tests/phpunit/tests/filters.php" line="302" assertions="2" time="0.030826"/>
        <testcase name="test_apply_filters_deprecated_with_multiple_params" class="Tests_Filters" classname="Tests_Filters" file="/home/meng/Desktop/wptest/wordpress-develop/tests/phpunit/tests/filters.php" line="321" assertions="3" time="0.030943"/>
        <testcase name="test_apply_filters_deprecated_without_filter" class="Tests_Filters" classname="Tests_Filters" file="/home/meng/Desktop/wptest/wordpress-develop/tests/phpunit/tests/filters.php" line="345" assertions="1" time="0.031701"/>
        <testcase name="test_current_priority" class="Tests_Filters" classname="Tests_Filters" file="/home/meng/Desktop/wptest/wordpress-develop/tests/phpunit/tests/filters.php" line="355" assertions="1" time="0.031584"/>
        <testcase name="test_other_priority" class="Tests_Filters" classname="Tests_Filters" file="/home/meng/Desktop/wptest/wordpress-develop/tests/phpunit/tests/filters.php" line="371" assertions="1" time="0.032791"/>
      </testsuite>
      <testsuite name="Tests_Formatting_Autop" file="/home/meng/Desktop/wptest/wordpress-develop/tests/phpunit/tests/formatting/Autop.php" tests="23" assertions="32" errors="0" failures="0" skipped="0" time="0.723305">
        <testcase name="test_first_post" class="Tests_Formatting_Autop" classname="Tests_Formatting_Autop" file="/home/meng/Desktop/wptest/wordpress-develop/tests/phpunit/tests/formatting/Autop.php" line="11" assertions="1" time="0.030895"/>
        <testcase name="test_skip_pre_elements" class="Tests_Formatting_Autop" classname="Tests_Formatting_Autop" file="/home/meng/Desktop/wptest/wordpress-develop/tests/phpunit/tests/formatting/Autop.php" line="73" assertions="3" time="0.030890"/>
        <testcase name="test_skip_input_elements" class="Tests_Formatting_Autop" classname="Tests_Formatting_Autop" file="/home/meng/Desktop/wptest/wordpress-develop/tests/phpunit/tests/formatting/Autop.php" line="100" assertions="1" time="0.030639"/>
        <testcase name="test_source_track_elements" class="Tests_Formatting_Autop" classname="Tests_Formatting_Autop" file="/home/meng/Desktop/wptest/wordpress-develop/tests/phpunit/tests/formatting/Autop.php" line="110" assertions="3" time="0.031926"/>
        <testcase name="test_param_embed_elements" class="Tests_Formatting_Autop" classname="Tests_Formatting_Autop" file="/home/meng/Desktop/wptest/wordpress-develop/tests/phpunit/tests/formatting/Autop.php" line="196" assertions="2" time="0.031500"/>
        <testcase name="test_skip_select_option_elements" class="Tests_Formatting_Autop" classname="Tests_Formatting_Autop" file="/home/meng/Desktop/wptest/wordpress-develop/tests/phpunit/tests/formatting/Autop.php" line="275" assertions="1" time="0.030701"/>
        <testcase name="test_that_wpautop_treats_block_level_elements_as_blocks" class="Tests_Formatting_Autop" classname="Tests_Formatting_Autop" file="/home/meng/Desktop/wptest/wordpress-develop/tests/phpunit/tests/formatting/Autop.php" line="285" assertions="4" time="0.033636"/>
        <testcase name="test_that_wpautop_does_not_wrap_blockquotes_but_does_autop_their_contents" class="Tests_Formatting_Autop" classname="Tests_Formatting_Autop" file="/home/meng/Desktop/wptest/wordpress-develop/tests/phpunit/tests/formatting/Autop.php" line="379" assertions="1" time="0.031135"/>
        <testcase name="test_that_wpautop_treats_inline_elements_as_inline" class="Tests_Formatting_Autop" classname="Tests_Formatting_Autop" file="/home/meng/Desktop/wptest/wordpress-develop/tests/phpunit/tests/formatting/Autop.php" line="391" assertions="1" time="0.032847"/>
        <testsuite name="Tests_Formatting_Autop::test_element_sanity" tests="7" assertions="7" errors="0" failures="0" skipped="0" time="0.220882">
          <testcase name="test_element_sanity with data set #0" class="Tests_Formatting_Autop" classname="Tests_Formatting_Autop" file="/home/meng/Desktop/wptest/wordpress-develop/tests/phpunit/tests/formatting/Autop.php" line="441" assertions="1" time="0.034057"/>
          <testcase name="test_element_sanity with data set #1" class="Tests_Formatting_Autop" classname="Tests_Formatting_Autop" file="/home/meng/Desktop/wptest/wordpress-develop/tests/phpunit/tests/formatting/Autop.php" line="441" assertions="1" time="0.032153"/>
          <testcase name="test_element_sanity with data set #2" class="Tests_Formatting_Autop" classname="Tests_Formatting_Autop" file="/home/meng/Desktop/wptest/wordpress-develop/tests/phpunit/tests/formatting/Autop.php" line="441" assertions="1" time="0.031331"/>
          <testcase name="test_element_sanity with data set #3" class="Tests_Formatting_Autop" classname="Tests_Formatting_Autop" file="/home/meng/Desktop/wptest/wordpress-develop/tests/phpunit/tests/formatting/Autop.php" line="441" assertions="1" time="0.029746"/>
          <testcase name="test_element_sanity with data set #4" class="Tests_Formatting_Autop" classname="Tests_Formatting_Autop" file="/home/meng/Desktop/wptest/wordpress-develop/tests/phpunit/tests/formatting/Autop.php" line="441" assertions="1" time="0.033068"/>
          <testcase name="test_element_sanity with data set #5" class="Tests_Formatting_Autop" classname="Tests_Formatting_Autop" file="/home/meng/Desktop/wptest/wordpress-develop/tests/phpunit/tests/formatting/Autop.php" line="441" assertions="1" time="0.030138"/>
          <testcase name="test_element_sanity with data set #6" class="Tests_Formatting_Autop" classname="Tests_Formatting_Autop" file="/home/meng/Desktop/wptest/wordpress-develop/tests/phpunit/tests/formatting/Autop.php" line="441" assertions="1" time="0.030389"/>
        </testsuite>
        <testcase name="test_that_wpautop_skips_line_breaks_after_br" class="Tests_Formatting_Autop" classname="Tests_Formatting_Autop" file="/home/meng/Desktop/wptest/wordpress-develop/tests/phpunit/tests/formatting/Autop.php" line="493" assertions="1" time="0.031317"/>
        <testcase name="test_that_wpautop_adds_a_paragraph_after_multiple_br" class="Tests_Formatting_Autop" classname="Tests_Formatting_Autop" file="/home/meng/Desktop/wptest/wordpress-develop/tests/phpunit/tests/formatting/Autop.php" line="516" assertions="1" time="0.031110"/>
        <testcase name="test_that_text_before_blocks_is_peed" class="Tests_Formatting_Autop" classname="Tests_Formatting_Autop" file="/home/meng/Desktop/wptest/wordpress-develop/tests/phpunit/tests/formatting/Autop.php" line="534" assertions="1" time="0.031046"/>
        <testcase name="test_that_wpautop_does_not_add_extra_closing_p_in_figure" class="Tests_Formatting_Autop" classname="Tests_Formatting_Autop" file="/home/meng/Desktop/wptest/wordpress-develop/tests/phpunit/tests/formatting/Autop.php" line="549" assertions="2" time="0.031355"/>
        <testcase name="test_the_hr_is_not_peed" class="Tests_Formatting_Autop" classname="Tests_Formatting_Autop" file="/home/meng/Desktop/wptest/wordpress-develop/tests/phpunit/tests/formatting/Autop.php" line="568" assertions="1" time="0.032099"/>
        <testcase name="test_that_wpautop_ignores_inline_svgs" class="Tests_Formatting_Autop" classname="Tests_Formatting_Autop" file="/home/meng/Desktop/wptest/wordpress-develop/tests/phpunit/tests/formatting/Autop.php" line="580" assertions="1" time="0.030246"/>
        <testcase name="test_that_wpautop_ignores_inline_scripts" class="Tests_Formatting_Autop" classname="Tests_Formatting_Autop" file="/home/meng/Desktop/wptest/wordpress-develop/tests/phpunit/tests/formatting/Autop.php" line="598" assertions="1" time="0.031081"/>
      </testsuite>
      <testsuite name="Tests_Formatting_BlogInfo" file="/home/meng/Desktop/wptest/wordpress-develop/tests/phpunit/tests/formatting/BlogInfo.php" tests="8" assertions="37" errors="0" failures="0" skipped="0" time="0.266879">
        <testsuite name="Tests_Formatting_BlogInfo::test_get_bloginfo_language" tests="7" assertions="7" errors="0" failures="0" skipped="0" time="0.215064">
          <testcase name="test_get_bloginfo_language with data set #0" class="Tests_Formatting_BlogInfo" classname="Tests_Formatting_BlogInfo" file="/home/meng/Desktop/wptest/wordpress-develop/tests/phpunit/tests/formatting/BlogInfo.php" line="12" assertions="1" time="0.031729"/>
          <testcase name="test_get_bloginfo_language with data set #1" class="Tests_Formatting_BlogInfo" classname="Tests_Formatting_BlogInfo" file="/home/meng/Desktop/wptest/wordpress-develop/tests/phpunit/tests/formatting/BlogInfo.php" line="12" assertions="1" time="0.030754"/>
          <testcase name="test_get_bloginfo_language with data set #2" class="Tests_Formatting_BlogInfo" classname="Tests_Formatting_BlogInfo" file="/home/meng/Desktop/wptest/wordpress-develop/tests/phpunit/tests/formatting/BlogInfo.php" line="12" assertions="1" time="0.030450"/>
          <testcase name="test_get_bloginfo_language with data set #3" class="Tests_Formatting_BlogInfo" classname="Tests_Formatting_BlogInfo" file="/home/meng/Desktop/wptest/wordpress-develop/tests/phpunit/tests/formatting/BlogInfo.php" line="12" assertions="1" time="0.030994"/>
          <testcase name="test_get_bloginfo_language with data set #4" class="Tests_Formatting_BlogInfo" classname="Tests_Formatting_BlogInfo" file="/home/meng/Desktop/wptest/wordpress-develop/tests/phpunit/tests/formatting/BlogInfo.php" line="12" assertions="1" time="0.030057"/>
          <testcase name="test_get_bloginfo_language with data set #5" class="Tests_Formatting_BlogInfo" classname="Tests_Formatting_BlogInfo" file="/home/meng/Desktop/wptest/wordpress-develop/tests/phpunit/tests/formatting/BlogInfo.php" line="12" assertions="1" time="0.030956"/>
          <testcase name="test_get_bloginfo_language with data set #6" class="Tests_Formatting_BlogInfo" classname="Tests_Formatting_BlogInfo" file="/home/meng/Desktop/wptest/wordpress-develop/tests/phpunit/tests/formatting/BlogInfo.php" line="12" assertions="1" time="0.030124"/>
        </testsuite>
        <testcase name="test_bloginfo_sanitize_option" class="Tests_Formatting_BlogInfo" classname="Tests_Formatting_BlogInfo" file="/home/meng/Desktop/wptest/wordpress-develop/tests/phpunit/tests/formatting/BlogInfo.php" line="39" assertions="30" time="0.051815"/>
      </testsuite>
      <testsuite name="Tests_Formatting_CapitalPDangit" file="/home/meng/Desktop/wptest/wordpress-develop/tests/phpunit/tests/formatting/CapitalPDangit.php" tests="1" assertions="7" errors="0" failures="0" skipped="0" time="0.033358">
        <testcase name="test_esc_attr_quotes" class="Tests_Formatting_CapitalPDangit" classname="Tests_Formatting_CapitalPDangit" file="/home/meng/Desktop/wptest/wordpress-develop/tests/phpunit/tests/formatting/CapitalPDangit.php" line="8" assertions="7" time="0.033358"/>
      </testsuite>
      <testsuite name="Tests_Formatting_CleanPre" file="/home/meng/Desktop/wptest/wordpress-develop/tests/phpunit/tests/formatting/CleanPre.php" tests="4" assertions="8" errors="0" failures="0" skipped="0" time="0.123093">
        <testcase name="test_removes_self_closing_br_with_space" class="Tests_Formatting_CleanPre" classname="Tests_Formatting_CleanPre" file="/home/meng/Desktop/wptest/wordpress-develop/tests/phpunit/tests/formatting/CleanPre.php" line="12" assertions="2" time="0.031075"/>
        <testcase name="test_removes_self_closing_br_without_space" class="Tests_Formatting_CleanPre" classname="Tests_Formatting_CleanPre" file="/home/meng/Desktop/wptest/wordpress-develop/tests/phpunit/tests/formatting/CleanPre.php" line="19" assertions="2" time="0.031535"/>
        <testcase name="test_removes_html_br" class="Tests_Formatting_CleanPre" classname="Tests_Formatting_CleanPre" file="/home/meng/Desktop/wptest/wordpress-develop/tests/phpunit/tests/formatting/CleanPre.php" line="29" assertions="2" time="0.030303"/>
        <testcase name="test_removes_p" class="Tests_Formatting_CleanPre" classname="Tests_Formatting_CleanPre" file="/home/meng/Desktop/wptest/wordpress-develop/tests/phpunit/tests/formatting/CleanPre.php" line="35" assertions="2" time="0.030180"/>
      </testsuite>
      <testsuite name="Tests_Formatting_ConvertInvalidEntities" file="/home/meng/Desktop/wptest/wordpress-develop/tests/phpunit/tests/formatting/ConvertInvalidEntries.php" tests="3" assertions="3" errors="0" failures="0" skipped="0" time="0.091505">
        <testcase name="test_replaces_windows1252_entities_with_unicode_ones" class="Tests_Formatting_ConvertInvalidEntities" classname="Tests_Formatting_ConvertInvalidEntities" file="/home/meng/Desktop/wptest/wordpress-develop/tests/phpunit/tests/formatting/ConvertInvalidEntries.php" line="7" assertions="1" time="0.031005"/>
        <testcase name="test_replaces_latin_letter_z_with_caron" class="Tests_Formatting_ConvertInvalidEntities" classname="Tests_Formatting_ConvertInvalidEntities" file="/home/meng/Desktop/wptest/wordpress-develop/tests/phpunit/tests/formatting/ConvertInvalidEntries.php" line="16" assertions="1" time="0.030255"/>
        <testcase name="test_escapes_lone_ampersands" class="Tests_Formatting_ConvertInvalidEntities" classname="Tests_Formatting_ConvertInvalidEntities" file="/home/meng/Desktop/wptest/wordpress-develop/tests/phpunit/tests/formatting/ConvertInvalidEntries.php" line="22" assertions="1" time="0.030245"/>
      </testsuite>
      <testsuite name="Tests_Formatting_Emoji" file="/home/meng/Desktop/wptest/wordpress-develop/tests/phpunit/tests/formatting/Emoji.php" tests="12" assertions="21" errors="0" failures="0" skipped="0" time="0.422961">
        <testcase name="test_unfiltered_emoji_cdns" class="Tests_Formatting_Emoji" classname="Tests_Formatting_Emoji" file="/home/meng/Desktop/wptest/wordpress-develop/tests/phpunit/tests/formatting/Emoji.php" line="15" assertions="2" time="0.044622"/>
        <testcase name="test_filtered_emoji_svn_cdn" class="Tests_Formatting_Emoji" classname="Tests_Formatting_Emoji" file="/home/meng/Desktop/wptest/wordpress-develop/tests/phpunit/tests/formatting/Emoji.php" line="29" assertions="3" time="0.031911"/>
        <testcase name="test_filtered_emoji_png_cdn" class="Tests_Formatting_Emoji" classname="Tests_Formatting_Emoji" file="/home/meng/Desktop/wptest/wordpress-develop/tests/phpunit/tests/formatting/Emoji.php" line="50" assertions="3" time="0.031100"/>
        <testcase name="test_wp_emoji_list_returns_data" class="Tests_Formatting_Emoji" classname="Tests_Formatting_Emoji" file="/home/meng/Desktop/wptest/wordpress-develop/tests/phpunit/tests/formatting/Emoji.php" line="67" assertions="5" time="0.031131"/>
        <testsuite name="Tests_Formatting_Emoji::test_wp_encode_emoji" tests="4" assertions="4" errors="0" failures="0" skipped="0" time="0.135479">
          <testcase name="test_wp_encode_emoji with data set #0" class="Tests_Formatting_Emoji" classname="Tests_Formatting_Emoji" file="/home/meng/Desktop/wptest/wordpress-develop/tests/phpunit/tests/formatting/Emoji.php" line="111" assertions="1" time="0.033598"/>
          <testcase name="test_wp_encode_emoji with data set #1" class="Tests_Formatting_Emoji" classname="Tests_Formatting_Emoji" file="/home/meng/Desktop/wptest/wordpress-develop/tests/phpunit/tests/formatting/Emoji.php" line="111" assertions="1" time="0.034415"/>
          <testcase name="test_wp_encode_emoji with data set #2" class="Tests_Formatting_Emoji" classname="Tests_Formatting_Emoji" file="/home/meng/Desktop/wptest/wordpress-develop/tests/phpunit/tests/formatting/Emoji.php" line="111" assertions="1" time="0.034363"/>
          <testcase name="test_wp_encode_emoji with data set #3" class="Tests_Formatting_Emoji" classname="Tests_Formatting_Emoji" file="/home/meng/Desktop/wptest/wordpress-develop/tests/phpunit/tests/formatting/Emoji.php" line="111" assertions="1" time="0.033103"/>
        </testsuite>
        <testsuite name="Tests_Formatting_Emoji::test_wp_staticize_emoji" tests="4" assertions="4" errors="0" failures="0" skipped="0" time="0.148718">
          <testcase name="test_wp_staticize_emoji with data set #0" class="Tests_Formatting_Emoji" classname="Tests_Formatting_Emoji" file="/home/meng/Desktop/wptest/wordpress-develop/tests/phpunit/tests/formatting/Emoji.php" line="146" assertions="1" time="0.032834"/>
          <testcase name="test_wp_staticize_emoji with data set #1" class="Tests_Formatting_Emoji" classname="Tests_Formatting_Emoji" file="/home/meng/Desktop/wptest/wordpress-develop/tests/phpunit/tests/formatting/Emoji.php" line="146" assertions="1" time="0.038556"/>
          <testcase name="test_wp_staticize_emoji with data set #2" class="Tests_Formatting_Emoji" classname="Tests_Formatting_Emoji" file="/home/meng/Desktop/wptest/wordpress-develop/tests/phpunit/tests/formatting/Emoji.php" line="146" assertions="1" time="0.037481"/>
          <testcase name="test_wp_staticize_emoji with data set #3" class="Tests_Formatting_Emoji" classname="Tests_Formatting_Emoji" file="/home/meng/Desktop/wptest/wordpress-develop/tests/phpunit/tests/formatting/Emoji.php" line="146" assertions="1" time="0.039847"/>
        </testsuite>
      </testsuite>
      <testsuite name="Tests_Formatting_EscAttr" file="/home/meng/Desktop/wptest/wordpress-develop/tests/phpunit/tests/formatting/EscAttr.php" tests="2" assertions="7" errors="0" failures="0" skipped="0" time="0.062465">
        <testcase name="test_esc_attr_quotes" class="Tests_Formatting_EscAttr" classname="Tests_Formatting_EscAttr" file="/home/meng/Desktop/wptest/wordpress-develop/tests/phpunit/tests/formatting/EscAttr.php" line="7" assertions="6" time="0.031144"/>
        <testcase name="test_esc_attr_amp" class="Tests_Formatting_EscAttr" classname="Tests_Formatting_EscAttr" file="/home/meng/Desktop/wptest/wordpress-develop/tests/phpunit/tests/formatting/EscAttr.php" line="28" assertions="1" time="0.031321"/>
      </testsuite>
      <testsuite name="Tests_Formatting_EscHtml" file="/home/meng/Desktop/wptest/wordpress-develop/tests/phpunit/tests/formatting/EscHtml.php" tests="4" assertions="6" errors="0" failures="0" skipped="0" time="0.124454">
        <testcase name="test_esc_html_basics" class="Tests_Formatting_EscHtml" classname="Tests_Formatting_EscHtml" file="/home/meng/Desktop/wptest/wordpress-develop/tests/phpunit/tests/formatting/EscHtml.php" line="7" assertions="3" time="0.030352"/>
        <testcase name="test_escapes_ampersands" class="Tests_Formatting_EscHtml" classname="Tests_Formatting_EscHtml" file="/home/meng/Desktop/wptest/wordpress-develop/tests/phpunit/tests/formatting/EscHtml.php" line="23" assertions="1" time="0.031485"/>
        <testcase name="test_escapes_greater_and_less_than" class="Tests_Formatting_EscHtml" classname="Tests_Formatting_EscHtml" file="/home/meng/Desktop/wptest/wordpress-develop/tests/phpunit/tests/formatting/EscHtml.php" line="29" assertions="1" time="0.030508"/>
        <testcase name="test_ignores_existing_entities" class="Tests_Formatting_EscHtml" classname="Tests_Formatting_EscHtml" file="/home/meng/Desktop/wptest/wordpress-develop/tests/phpunit/tests/formatting/EscHtml.php" line="35" assertions="1" time="0.032109"/>
      </testsuite>
      <testsuite name="Tests_Formatting_EscTextarea" file="/home/meng/Desktop/wptest/wordpress-develop/tests/phpunit/tests/formatting/EscTextarea.php" tests="2" assertions="2" errors="0" failures="0" skipped="0" time="0.060896">
        <testcase name="test_esc_textarea_charset_iso_8859_1" class="Tests_Formatting_EscTextarea" classname="Tests_Formatting_EscTextarea" file="/home/meng/Desktop/wptest/wordpress-develop/tests/phpunit/tests/formatting/EscTextarea.php" line="16" assertions="1" time="0.030195"/>
        <testcase name="test_esc_textarea_charset_utf_8" class="Tests_Formatting_EscTextarea" classname="Tests_Formatting_EscTextarea" file="/home/meng/Desktop/wptest/wordpress-develop/tests/phpunit/tests/formatting/EscTextarea.php" line="30" assertions="1" time="0.030701"/>
      </testsuite>
      <testsuite name="Tests_Formatting_EscUrl" file="/home/meng/Desktop/wptest/wordpress-develop/tests/phpunit/tests/formatting/EscUrl.php" tests="19" assertions="122" errors="0" failures="0" skipped="0" time="0.625605">
        <testcase name="test_spaces" class="Tests_Formatting_EscUrl" classname="Tests_Formatting_EscUrl" file="/home/meng/Desktop/wptest/wordpress-develop/tests/phpunit/tests/formatting/EscUrl.php" line="11" assertions="7" time="0.032896"/>
        <testcase name="test_bad_characters" class="Tests_Formatting_EscUrl" classname="Tests_Formatting_EscUrl" file="/home/meng/Desktop/wptest/wordpress-develop/tests/phpunit/tests/formatting/EscUrl.php" line="22" assertions="10" time="0.031920"/>
        <testcase name="test_relative" class="Tests_Formatting_EscUrl" classname="Tests_Formatting_EscUrl" file="/home/meng/Desktop/wptest/wordpress-develop/tests/phpunit/tests/formatting/EscUrl.php" line="36" assertions="4" time="0.030516"/>
        <testcase name="test_all_url_parts" class="Tests_Formatting_EscUrl" classname="Tests_Formatting_EscUrl" file="/home/meng/Desktop/wptest/wordpress-develop/tests/phpunit/tests/formatting/EscUrl.php" line="43" assertions="3" time="0.031976"/>
        <testcase name="test_bare" class="Tests_Formatting_EscUrl" classname="Tests_Formatting_EscUrl" file="/home/meng/Desktop/wptest/wordpress-develop/tests/phpunit/tests/formatting/EscUrl.php" line="63" assertions="5" time="0.030960"/>
        <testcase name="test_encoding" class="Tests_Formatting_EscUrl" classname="Tests_Formatting_EscUrl" file="/home/meng/Desktop/wptest/wordpress-develop/tests/phpunit/tests/formatting/EscUrl.php" line="71" assertions="7" time="0.032447"/>
        <testcase name="test_protocol" class="Tests_Formatting_EscUrl" classname="Tests_Formatting_EscUrl" file="/home/meng/Desktop/wptest/wordpress-develop/tests/phpunit/tests/formatting/EscUrl.php" line="84" assertions="53" time="0.043591"/>
        <testcase name="test_protocol_case" class="Tests_Formatting_EscUrl" classname="Tests_Formatting_EscUrl" file="/home/meng/Desktop/wptest/wordpress-develop/tests/phpunit/tests/formatting/EscUrl.php" line="149" assertions="2" time="0.032395"/>
        <testcase name="test_display_extras" class="Tests_Formatting_EscUrl" classname="Tests_Formatting_EscUrl" file="/home/meng/Desktop/wptest/wordpress-develop/tests/phpunit/tests/formatting/EscUrl.php" line="154" assertions="2" time="0.032561"/>
        <testcase name="test_non_ascii" class="Tests_Formatting_EscUrl" classname="Tests_Formatting_EscUrl" file="/home/meng/Desktop/wptest/wordpress-develop/tests/phpunit/tests/formatting/EscUrl.php" line="159" assertions="3" time="0.031415"/>
        <testcase name="test_feed" class="Tests_Formatting_EscUrl" classname="Tests_Formatting_EscUrl" file="/home/meng/Desktop/wptest/wordpress-develop/tests/phpunit/tests/formatting/EscUrl.php" line="165" assertions="5" time="0.032521"/>
        <testcase name="test_square_brackets" class="Tests_Formatting_EscUrl" classname="Tests_Formatting_EscUrl" file="/home/meng/Desktop/wptest/wordpress-develop/tests/phpunit/tests/formatting/EscUrl.php" line="176" assertions="9" time="0.032552"/>
        <testcase name="test_reserved_characters" class="Tests_Formatting_EscUrl" classname="Tests_Formatting_EscUrl" file="/home/meng/Desktop/wptest/wordpress-develop/tests/phpunit/tests/formatting/EscUrl.php" line="191" assertions="1" time="0.031400"/>
        <testcase name="test_protocol_relative_with_colon" class="Tests_Formatting_EscUrl" classname="Tests_Formatting_EscUrl" file="/home/meng/Desktop/wptest/wordpress-develop/tests/phpunit/tests/formatting/EscUrl.php" line="199" assertions="1" time="0.034107"/>
        <testcase name="test_mailto_with_newline" class="Tests_Formatting_EscUrl" classname="Tests_Formatting_EscUrl" file="/home/meng/Desktop/wptest/wordpress-develop/tests/phpunit/tests/formatting/EscUrl.php" line="206" assertions="1" time="0.031587"/>
        <testcase name="test_mailto_in_http_url_with_newline" class="Tests_Formatting_EscUrl" classname="Tests_Formatting_EscUrl" file="/home/meng/Desktop/wptest/wordpress-develop/tests/phpunit/tests/formatting/EscUrl.php" line="221" assertions="1" time="0.031899"/>
        <testcase name="test_mailto_with_spaces" class="Tests_Formatting_EscUrl" classname="Tests_Formatting_EscUrl" file="/home/meng/Desktop/wptest/wordpress-develop/tests/phpunit/tests/formatting/EscUrl.php" line="236" assertions="1" time="0.031302"/>
        <testcase name="test_invalid_charaters" class="Tests_Formatting_EscUrl" classname="Tests_Formatting_EscUrl" file="/home/meng/Desktop/wptest/wordpress-develop/tests/phpunit/tests/formatting/EscUrl.php" line="247" assertions="1" time="0.031626"/>
        <testcase name="test_ipv6_hosts" class="Tests_Formatting_EscUrl" classname="Tests_Formatting_EscUrl" file="/home/meng/Desktop/wptest/wordpress-develop/tests/phpunit/tests/formatting/EscUrl.php" line="254" assertions="6" time="0.037934"/>
      </testsuite>
      <testsuite name="Tests_Formatting_EscXml" file="/home/meng/Desktop/wptest/wordpress-develop/tests/phpunit/tests/formatting/EscXml.php" tests="13" assertions="13" errors="0" failures="0" skipped="0" time="0.443467">
        <testsuite name="Tests_Formatting_EscXml::test_esc_xml_basics" tests="3" assertions="3" errors="0" failures="0" skipped="0" time="0.112232">
          <testcase name="test_esc_xml_basics with data set #0" class="Tests_Formatting_EscXml" classname="Tests_Formatting_EscXml" file="/home/meng/Desktop/wptest/wordpress-develop/tests/phpunit/tests/formatting/EscXml.php" line="15" assertions="1" time="0.035068"/>
          <testcase name="test_esc_xml_basics with data set #1" class="Tests_Formatting_EscXml" classname="Tests_Formatting_EscXml" file="/home/meng/Desktop/wptest/wordpress-develop/tests/phpunit/tests/formatting/EscXml.php" line="15" assertions="1" time="0.032236"/>
          <testcase name="test_esc_xml_basics with data set #2" class="Tests_Formatting_EscXml" classname="Tests_Formatting_EscXml" file="/home/meng/Desktop/wptest/wordpress-develop/tests/phpunit/tests/formatting/EscXml.php" line="15" assertions="1" time="0.044928"/>
        </testsuite>
        <testcase name="test_escapes_ampersands" class="Tests_Formatting_EscXml" classname="Tests_Formatting_EscXml" file="/home/meng/Desktop/wptest/wordpress-develop/tests/phpunit/tests/formatting/EscXml.php" line="48" assertions="1" time="0.035731"/>
        <testcase name="test_escapes_greater_and_less_than" class="Tests_Formatting_EscXml" classname="Tests_Formatting_EscXml" file="/home/meng/Desktop/wptest/wordpress-develop/tests/phpunit/tests/formatting/EscXml.php" line="55" assertions="1" time="0.036276"/>
        <testcase name="test_escapes_html_named_entities" class="Tests_Formatting_EscXml" classname="Tests_Formatting_EscXml" file="/home/meng/Desktop/wptest/wordpress-develop/tests/phpunit/tests/formatting/EscXml.php" line="62" assertions="1" time="0.032699"/>
        <testcase name="test_ignores_existing_entities" class="Tests_Formatting_EscXml" classname="Tests_Formatting_EscXml" file="/home/meng/Desktop/wptest/wordpress-develop/tests/phpunit/tests/formatting/EscXml.php" line="69" assertions="1" time="0.033678"/>
        <testsuite name="Tests_Formatting_EscXml::test_ignores_cdata_sections" tests="6" assertions="6" errors="0" failures="0" skipped="0" time="0.192851">
          <testcase name="test_ignores_cdata_sections with data set #0" class="Tests_Formatting_EscXml" classname="Tests_Formatting_EscXml" file="/home/meng/Desktop/wptest/wordpress-develop/tests/phpunit/tests/formatting/EscXml.php" line="85" assertions="1" time="0.032248"/>
          <testcase name="test_ignores_cdata_sections with data set #1" class="Tests_Formatting_EscXml" classname="Tests_Formatting_EscXml" file="/home/meng/Desktop/wptest/wordpress-develop/tests/phpunit/tests/formatting/EscXml.php" line="85" assertions="1" time="0.032728"/>
          <testcase name="test_ignores_cdata_sections with data set #2" class="Tests_Formatting_EscXml" classname="Tests_Formatting_EscXml" file="/home/meng/Desktop/wptest/wordpress-develop/tests/phpunit/tests/formatting/EscXml.php" line="85" assertions="1" time="0.032550"/>
          <testcase name="test_ignores_cdata_sections with data set #3" class="Tests_Formatting_EscXml" classname="Tests_Formatting_EscXml" file="/home/meng/Desktop/wptest/wordpress-develop/tests/phpunit/tests/formatting/EscXml.php" line="85" assertions="1" time="0.031409"/>
          <testcase name="test_ignores_cdata_sections with data set #4" class="Tests_Formatting_EscXml" classname="Tests_Formatting_EscXml" file="/home/meng/Desktop/wptest/wordpress-develop/tests/phpunit/tests/formatting/EscXml.php" line="85" assertions="1" time="0.031104"/>
          <testcase name="test_ignores_cdata_sections with data set #5" class="Tests_Formatting_EscXml" classname="Tests_Formatting_EscXml" file="/home/meng/Desktop/wptest/wordpress-develop/tests/phpunit/tests/formatting/EscXml.php" line="85" assertions="1" time="0.032812"/>
        </testsuite>
      </testsuite>
      <testsuite name="Tests_Formatting_ExcerptRemoveBlocks" file="/home/meng/Desktop/wptest/wordpress-develop/tests/phpunit/tests/formatting/ExcerptRemoveBlocks.php" tests="2" assertions="3" errors="0" failures="0" skipped="0" time="0.136900">
        <testcase name="test_excerpt_remove_blocks" class="Tests_Formatting_ExcerptRemoveBlocks" classname="Tests_Formatting_ExcerptRemoveBlocks" file="/home/meng/Desktop/wptest/wordpress-develop/tests/phpunit/tests/formatting/ExcerptRemoveBlocks.php" line="95" assertions="2" time="0.064296"/>
        <testcase name="test_excerpt_infinite_loop" class="Tests_Formatting_ExcerptRemoveBlocks" classname="Tests_Formatting_ExcerptRemoveBlocks" file="/home/meng/Desktop/wptest/wordpress-develop/tests/phpunit/tests/formatting/ExcerptRemoveBlocks.php" line="120" assertions="1" time="0.072604"/>
      </testsuite>
      <testsuite name="Tests_Formatting_GetUrlInContent" file="/home/meng/Desktop/wptest/wordpress-develop/tests/phpunit/tests/formatting/GetUrlInContent.php" tests="6" assertions="6" errors="0" failures="0" skipped="0" time="0.194675">
        <testsuite name="Tests_Formatting_GetUrlInContent::test_get_url_in_content" tests="6" assertions="6" errors="0" failures="0" skipped="0" time="0.194675">
          <testcase name="test_get_url_in_content with data set #0" class="Tests_Formatting_GetUrlInContent" classname="Tests_Formatting_GetUrlInContent" file="/home/meng/Desktop/wptest/wordpress-develop/tests/phpunit/tests/formatting/GetUrlInContent.php" line="47" assertions="1" time="0.031887"/>
          <testcase name="test_get_url_in_content with data set #1" class="Tests_Formatting_GetUrlInContent" classname="Tests_Formatting_GetUrlInContent" file="/home/meng/Desktop/wptest/wordpress-develop/tests/phpunit/tests/formatting/GetUrlInContent.php" line="47" assertions="1" time="0.031094"/>
          <testcase name="test_get_url_in_content with data set #2" class="Tests_Formatting_GetUrlInContent" classname="Tests_Formatting_GetUrlInContent" file="/home/meng/Desktop/wptest/wordpress-develop/tests/phpunit/tests/formatting/GetUrlInContent.php" line="47" assertions="1" time="0.032848"/>
          <testcase name="test_get_url_in_content with data set #3" class="Tests_Formatting_GetUrlInContent" classname="Tests_Formatting_GetUrlInContent" file="/home/meng/Desktop/wptest/wordpress-develop/tests/phpunit/tests/formatting/GetUrlInContent.php" line="47" assertions="1" time="0.032717"/>
          <testcase name="test_get_url_in_content with data set #4" class="Tests_Formatting_GetUrlInContent" classname="Tests_Formatting_GetUrlInContent" file="/home/meng/Desktop/wptest/wordpress-develop/tests/phpunit/tests/formatting/GetUrlInContent.php" line="47" assertions="1" time="0.032367"/>
          <testcase name="test_get_url_in_content with data set #5" class="Tests_Formatting_GetUrlInContent" classname="Tests_Formatting_GetUrlInContent" file="/home/meng/Desktop/wptest/wordpress-develop/tests/phpunit/tests/formatting/GetUrlInContent.php" line="47" assertions="1" time="0.033762"/>
        </testsuite>
      </testsuite>
      <testsuite name="Tests_Formatting_HtmlExcerpt" file="/home/meng/Desktop/wptest/wordpress-develop/tests/phpunit/tests/formatting/HtmlExcerpt.php" tests="3" assertions="6" errors="0" failures="0" skipped="0" time="0.094768">
        <testcase name="test_simple" class="Tests_Formatting_HtmlExcerpt" classname="Tests_Formatting_HtmlExcerpt" file="/home/meng/Desktop/wptest/wordpress-develop/tests/phpunit/tests/formatting/HtmlExcerpt.php" line="7" assertions="1" time="0.032144"/>
        <testcase name="test_html" class="Tests_Formatting_HtmlExcerpt" classname="Tests_Formatting_HtmlExcerpt" file="/home/meng/Desktop/wptest/wordpress-develop/tests/phpunit/tests/formatting/HtmlExcerpt.php" line="10" assertions="1" time="0.030601"/>
        <testcase name="test_entities" class="Tests_Formatting_HtmlExcerpt" classname="Tests_Formatting_HtmlExcerpt" file="/home/meng/Desktop/wptest/wordpress-develop/tests/phpunit/tests/formatting/HtmlExcerpt.php" line="13" assertions="4" time="0.032023"/>
      </testsuite>
      <testsuite name="Tests_Formatting_HumanTimeDiff" file="/home/meng/Desktop/wptest/wordpress-develop/tests/phpunit/tests/formatting/HumanTimeDiff.php" tests="10" assertions="10" errors="0" failures="0" skipped="0" time="0.317561">
        <testsuite name="Tests_Formatting_HumanTimeDiff::test_human_time_diff" tests="10" assertions="10" errors="0" failures="0" skipped="0" time="0.317561">
          <testcase name="test_human_time_diff with data set #0" class="Tests_Formatting_HumanTimeDiff" classname="Tests_Formatting_HumanTimeDiff" file="/home/meng/Desktop/wptest/wordpress-develop/tests/phpunit/tests/formatting/HumanTimeDiff.php" line="14" assertions="1" time="0.031111"/>
          <testcase name="test_human_time_diff with data set #1" class="Tests_Formatting_HumanTimeDiff" classname="Tests_Formatting_HumanTimeDiff" file="/home/meng/Desktop/wptest/wordpress-develop/tests/phpunit/tests/formatting/HumanTimeDiff.php" line="14" assertions="1" time="0.030261"/>
          <testcase name="test_human_time_diff with data set #2" class="Tests_Formatting_HumanTimeDiff" classname="Tests_Formatting_HumanTimeDiff" file="/home/meng/Desktop/wptest/wordpress-develop/tests/phpunit/tests/formatting/HumanTimeDiff.php" line="14" assertions="1" time="0.033376"/>
          <testcase name="test_human_time_diff with data set #3" class="Tests_Formatting_HumanTimeDiff" classname="Tests_Formatting_HumanTimeDiff" file="/home/meng/Desktop/wptest/wordpress-develop/tests/phpunit/tests/formatting/HumanTimeDiff.php" line="14" assertions="1" time="0.032345"/>
          <testcase name="test_human_time_diff with data set #4" class="Tests_Formatting_HumanTimeDiff" classname="Tests_Formatting_HumanTimeDiff" file="/home/meng/Desktop/wptest/wordpress-develop/tests/phpunit/tests/formatting/HumanTimeDiff.php" line="14" assertions="1" time="0.031730"/>
          <testcase name="test_human_time_diff with data set #5" class="Tests_Formatting_HumanTimeDiff" classname="Tests_Formatting_HumanTimeDiff" file="/home/meng/Desktop/wptest/wordpress-develop/tests/phpunit/tests/formatting/HumanTimeDiff.php" line="14" assertions="1" time="0.032273"/>
          <testcase name="test_human_time_diff with data set #6" class="Tests_Formatting_HumanTimeDiff" classname="Tests_Formatting_HumanTimeDiff" file="/home/meng/Desktop/wptest/wordpress-develop/tests/phpunit/tests/formatting/HumanTimeDiff.php" line="14" assertions="1" time="0.032113"/>
          <testcase name="test_human_time_diff with data set #7" class="Tests_Formatting_HumanTimeDiff" classname="Tests_Formatting_HumanTimeDiff" file="/home/meng/Desktop/wptest/wordpress-develop/tests/phpunit/tests/formatting/HumanTimeDiff.php" line="14" assertions="1" time="0.031464"/>
          <testcase name="test_human_time_diff with data set #8" class="Tests_Formatting_HumanTimeDiff" classname="Tests_Formatting_HumanTimeDiff" file="/home/meng/Desktop/wptest/wordpress-develop/tests/phpunit/tests/formatting/HumanTimeDiff.php" line="14" assertions="1" time="0.031047"/>
          <testcase name="test_human_time_diff with data set #9" class="Tests_Formatting_HumanTimeDiff" classname="Tests_Formatting_HumanTimeDiff" file="/home/meng/Desktop/wptest/wordpress-develop/tests/phpunit/tests/formatting/HumanTimeDiff.php" line="14" assertions="1" time="0.031842"/>
        </testsuite>
      </testsuite>
      <testsuite name="Tests_Formatting_IsEmail" file="/home/meng/Desktop/wptest/wordpress-develop/tests/phpunit/tests/formatting/IsEmail.php" tests="2" assertions="11" errors="0" failures="0" skipped="0" time="0.062545">
        <testcase name="test_returns_the_email_address_if_it_is_valid" class="Tests_Formatting_IsEmail" classname="Tests_Formatting_IsEmail" file="/home/meng/Desktop/wptest/wordpress-develop/tests/phpunit/tests/formatting/IsEmail.php" line="7" assertions="5" time="0.031367"/>
        <testcase name="test_returns_false_if_given_an_invalid_email_address" class="Tests_Formatting_IsEmail" classname="Tests_Formatting_IsEmail" file="/home/meng/Desktop/wptest/wordpress-develop/tests/phpunit/tests/formatting/IsEmail.php" line="20" assertions="6" time="0.031178"/>
      </testsuite>
      <testsuite name="Tests_Formatting_JSEscape" file="/home/meng/Desktop/wptest/wordpress-develop/tests/phpunit/tests/formatting/JSEscape.php" tests="7" assertions="7" errors="0" failures="0" skipped="0" time="0.235248">
        <testcase name="test_js_escape_simple" class="Tests_Formatting_JSEscape" classname="Tests_Formatting_JSEscape" file="/home/meng/Desktop/wptest/wordpress-develop/tests/phpunit/tests/formatting/JSEscape.php" line="7" assertions="1" time="0.031299"/>
        <testcase name="test_js_escape_quotes" class="Tests_Formatting_JSEscape" classname="Tests_Formatting_JSEscape" file="/home/meng/Desktop/wptest/wordpress-develop/tests/phpunit/tests/formatting/JSEscape.php" line="12" assertions="1" time="0.030826"/>
        <testcase name="test_js_escape_backslash" class="Tests_Formatting_JSEscape" classname="Tests_Formatting_JSEscape" file="/home/meng/Desktop/wptest/wordpress-develop/tests/phpunit/tests/formatting/JSEscape.php" line="18" assertions="1" time="0.033777"/>
        <testcase name="test_js_escape_amp" class="Tests_Formatting_JSEscape" classname="Tests_Formatting_JSEscape" file="/home/meng/Desktop/wptest/wordpress-develop/tests/phpunit/tests/formatting/JSEscape.php" line="25" assertions="1" time="0.030171"/>
        <testcase name="test_js_escape_quote_entity" class="Tests_Formatting_JSEscape" classname="Tests_Formatting_JSEscape" file="/home/meng/Desktop/wptest/wordpress-develop/tests/phpunit/tests/formatting/JSEscape.php" line="30" assertions="1" time="0.033473"/>
        <testcase name="test_js_no_carriage_return" class="Tests_Formatting_JSEscape" classname="Tests_Formatting_JSEscape" file="/home/meng/Desktop/wptest/wordpress-develop/tests/phpunit/tests/formatting/JSEscape.php" line="35" assertions="1" time="0.044932"/>
        <testcase name="test_js_escape_rn" class="Tests_Formatting_JSEscape" classname="Tests_Formatting_JSEscape" file="/home/meng/Desktop/wptest/wordpress-develop/tests/phpunit/tests/formatting/JSEscape.php" line="41" assertions="1" time="0.030770"/>
      </testsuite>
      <testsuite name="Tests_Formatting_LikeEscape" file="/home/meng/Desktop/wptest/wordpress-develop/tests/phpunit/tests/formatting/LikeEscape.php" tests="1" assertions="5" errors="0" failures="0" skipped="0" time="0.030720">
        <testcase name="test_like_escape" class="Tests_Formatting_LikeEscape" classname="Tests_Formatting_LikeEscape" file="/home/meng/Desktop/wptest/wordpress-develop/tests/phpunit/tests/formatting/LikeEscape.php" line="11" assertions="5" time="0.030720"/>
      </testsuite>
      <testsuite name="Tests_Formatting_LinksAddTarget" file="/home/meng/Desktop/wptest/wordpress-develop/tests/phpunit/tests/formatting/LinksAddTarget.php" tests="13" assertions="13" errors="0" failures="0" skipped="0" time="0.410204">
        <testsuite name="Tests_Formatting_LinksAddTarget::test_normalize_whitespace" tests="13" assertions="13" errors="0" failures="0" skipped="0" time="0.410204">
          <testcase name="test_normalize_whitespace with data set #0" class="Tests_Formatting_LinksAddTarget" classname="Tests_Formatting_LinksAddTarget" file="/home/meng/Desktop/wptest/wordpress-develop/tests/phpunit/tests/formatting/LinksAddTarget.php" line="99" assertions="1" time="0.036009"/>
          <testcase name="test_normalize_whitespace with data set #1" class="Tests_Formatting_LinksAddTarget" classname="Tests_Formatting_LinksAddTarget" file="/home/meng/Desktop/wptest/wordpress-develop/tests/phpunit/tests/formatting/LinksAddTarget.php" line="99" assertions="1" time="0.031067"/>
          <testcase name="test_normalize_whitespace with data set #2" class="Tests_Formatting_LinksAddTarget" classname="Tests_Formatting_LinksAddTarget" file="/home/meng/Desktop/wptest/wordpress-develop/tests/phpunit/tests/formatting/LinksAddTarget.php" line="99" assertions="1" time="0.032569"/>
          <testcase name="test_normalize_whitespace with data set #3" class="Tests_Formatting_LinksAddTarget" classname="Tests_Formatting_LinksAddTarget" file="/home/meng/Desktop/wptest/wordpress-develop/tests/phpunit/tests/formatting/LinksAddTarget.php" line="99" assertions="1" time="0.032087"/>
          <testcase name="test_normalize_whitespace with data set #4" class="Tests_Formatting_LinksAddTarget" classname="Tests_Formatting_LinksAddTarget" file="/home/meng/Desktop/wptest/wordpress-develop/tests/phpunit/tests/formatting/LinksAddTarget.php" line="99" assertions="1" time="0.030919"/>
          <testcase name="test_normalize_whitespace with data set #5" class="Tests_Formatting_LinksAddTarget" classname="Tests_Formatting_LinksAddTarget" file="/home/meng/Desktop/wptest/wordpress-develop/tests/phpunit/tests/formatting/LinksAddTarget.php" line="99" assertions="1" time="0.029748"/>
          <testcase name="test_normalize_whitespace with data set #6" class="Tests_Formatting_LinksAddTarget" classname="Tests_Formatting_LinksAddTarget" file="/home/meng/Desktop/wptest/wordpress-develop/tests/phpunit/tests/formatting/LinksAddTarget.php" line="99" assertions="1" time="0.031162"/>
          <testcase name="test_normalize_whitespace with data set #7" class="Tests_Formatting_LinksAddTarget" classname="Tests_Formatting_LinksAddTarget" file="/home/meng/Desktop/wptest/wordpress-develop/tests/phpunit/tests/formatting/LinksAddTarget.php" line="99" assertions="1" time="0.029966"/>
          <testcase name="test_normalize_whitespace with data set #8" class="Tests_Formatting_LinksAddTarget" classname="Tests_Formatting_LinksAddTarget" file="/home/meng/Desktop/wptest/wordpress-develop/tests/phpunit/tests/formatting/LinksAddTarget.php" line="99" assertions="1" time="0.030918"/>
          <testcase name="test_normalize_whitespace with data set #9" class="Tests_Formatting_LinksAddTarget" classname="Tests_Formatting_LinksAddTarget" file="/home/meng/Desktop/wptest/wordpress-develop/tests/phpunit/tests/formatting/LinksAddTarget.php" line="99" assertions="1" time="0.030393"/>
          <testcase name="test_normalize_whitespace with data set #10" class="Tests_Formatting_LinksAddTarget" classname="Tests_Formatting_LinksAddTarget" file="/home/meng/Desktop/wptest/wordpress-develop/tests/phpunit/tests/formatting/LinksAddTarget.php" line="99" assertions="1" time="0.033205"/>
          <testcase name="test_normalize_whitespace with data set #11" class="Tests_Formatting_LinksAddTarget" classname="Tests_Formatting_LinksAddTarget" file="/home/meng/Desktop/wptest/wordpress-develop/tests/phpunit/tests/formatting/LinksAddTarget.php" line="99" assertions="1" time="0.031244"/>
          <testcase name="test_normalize_whitespace with data set #12" class="Tests_Formatting_LinksAddTarget" classname="Tests_Formatting_LinksAddTarget" file="/home/meng/Desktop/wptest/wordpress-develop/tests/phpunit/tests/formatting/LinksAddTarget.php" line="99" assertions="1" time="0.030917"/>
        </testsuite>
      </testsuite>
      <testsuite name="Tests_Formatting_MakeClickable" file="/home/meng/Desktop/wptest/wordpress-develop/tests/phpunit/tests/formatting/MakeClickable.php" tests="25" assertions="96" errors="0" failures="0" skipped="0" time="0.814910">
        <testcase name="test_mailto_xss" class="Tests_Formatting_MakeClickable" classname="Tests_Formatting_MakeClickable" file="/home/meng/Desktop/wptest/wordpress-develop/tests/phpunit/tests/formatting/MakeClickable.php" line="7" assertions="1" time="0.030602"/>
        <testcase name="test_valid_mailto" class="Tests_Formatting_MakeClickable" classname="Tests_Formatting_MakeClickable" file="/home/meng/Desktop/wptest/wordpress-develop/tests/phpunit/tests/formatting/MakeClickable.php" line="12" assertions="5" time="0.030684"/>
        <testcase name="test_invalid_mailto" class="Tests_Formatting_MakeClickable" classname="Tests_Formatting_MakeClickable" file="/home/meng/Desktop/wptest/wordpress-develop/tests/phpunit/tests/formatting/MakeClickable.php" line="25" assertions="6" time="0.031778"/>
        <testcase name="test_strip_trailing_with_protocol" class="Tests_Formatting_MakeClickable" classname="Tests_Formatting_MakeClickable" file="/home/meng/Desktop/wptest/wordpress-develop/tests/phpunit/tests/formatting/MakeClickable.php" line="43" assertions="6" time="0.033686"/>
        <testcase name="test_strip_trailing_with_protocol_nothing_afterwards" class="Tests_Formatting_MakeClickable" classname="Tests_Formatting_MakeClickable" file="/home/meng/Desktop/wptest/wordpress-develop/tests/phpunit/tests/formatting/MakeClickable.php" line="70" assertions="7" time="0.031378"/>
        <testcase name="test_strip_trailing_without_protocol" class="Tests_Formatting_MakeClickable" classname="Tests_Formatting_MakeClickable" file="/home/meng/Desktop/wptest/wordpress-develop/tests/phpunit/tests/formatting/MakeClickable.php" line="99" assertions="6" time="0.031600"/>
        <testcase name="test_strip_trailing_without_protocol_nothing_afterwards" class="Tests_Formatting_MakeClickable" classname="Tests_Formatting_MakeClickable" file="/home/meng/Desktop/wptest/wordpress-develop/tests/phpunit/tests/formatting/MakeClickable.php" line="126" assertions="6" time="0.032517"/>
        <testcase name="test_iri" class="Tests_Formatting_MakeClickable" classname="Tests_Formatting_MakeClickable" file="/home/meng/Desktop/wptest/wordpress-develop/tests/phpunit/tests/formatting/MakeClickable.php" line="152" assertions="3" time="0.033043"/>
        <testcase name="test_brackets_in_urls" class="Tests_Formatting_MakeClickable" classname="Tests_Formatting_MakeClickable" file="/home/meng/Desktop/wptest/wordpress-develop/tests/phpunit/tests/formatting/MakeClickable.php" line="171" assertions="10" time="0.033609"/>
        <testcase name="test_real_world_examples" class="Tests_Formatting_MakeClickable" classname="Tests_Formatting_MakeClickable" file="/home/meng/Desktop/wptest/wordpress-develop/tests/phpunit/tests/formatting/MakeClickable.php" line="210" assertions="4" time="0.031726"/>
        <testcase name="test_twitter_hash_bang" class="Tests_Formatting_MakeClickable" classname="Tests_Formatting_MakeClickable" file="/home/meng/Desktop/wptest/wordpress-develop/tests/phpunit/tests/formatting/MakeClickable.php" line="231" assertions="3" time="0.035275"/>
        <testcase name="test_wrapped_in_angles" class="Tests_Formatting_MakeClickable" classname="Tests_Formatting_MakeClickable" file="/home/meng/Desktop/wptest/wordpress-develop/tests/phpunit/tests/formatting/MakeClickable.php" line="247" assertions="3" time="0.034731"/>
        <testcase name="test_preceded_by_punctuation" class="Tests_Formatting_MakeClickable" classname="Tests_Formatting_MakeClickable" file="/home/meng/Desktop/wptest/wordpress-develop/tests/phpunit/tests/formatting/MakeClickable.php" line="263" assertions="6" time="0.030922"/>
        <testcase name="test_dont_break_attributes" class="Tests_Formatting_MakeClickable" classname="Tests_Formatting_MakeClickable" file="/home/meng/Desktop/wptest/wordpress-develop/tests/phpunit/tests/formatting/MakeClickable.php" line="285" assertions="6" time="0.031150"/>
        <testcase name="test_no_links_inside_pre_or_code" class="Tests_Formatting_MakeClickable" classname="Tests_Formatting_MakeClickable" file="/home/meng/Desktop/wptest/wordpress-develop/tests/phpunit/tests/formatting/MakeClickable.php" line="312" assertions="13" time="0.032566"/>
        <testcase name="test_click_inside_html" class="Tests_Formatting_MakeClickable" classname="Tests_Formatting_MakeClickable" file="/home/meng/Desktop/wptest/wordpress-develop/tests/phpunit/tests/formatting/MakeClickable.php" line="353" assertions="2" time="0.031713"/>
        <testcase name="test_no_links_within_links" class="Tests_Formatting_MakeClickable" classname="Tests_Formatting_MakeClickable" file="/home/meng/Desktop/wptest/wordpress-develop/tests/phpunit/tests/formatting/MakeClickable.php" line="367" assertions="1" time="0.029908"/>
        <testcase name="test_no_segfault" class="Tests_Formatting_MakeClickable" classname="Tests_Formatting_MakeClickable" file="/home/meng/Desktop/wptest/wordpress-develop/tests/phpunit/tests/formatting/MakeClickable.php" line="380" assertions="1" time="0.031820"/>
        <testcase name="test_line_break_in_existing_clickable_link" class="Tests_Formatting_MakeClickable" classname="Tests_Formatting_MakeClickable" file="/home/meng/Desktop/wptest/wordpress-develop/tests/phpunit/tests/formatting/MakeClickable.php" line="389" assertions="1" time="0.033099"/>
        <testsuite name="Tests_Formatting_MakeClickable::test_dont_link_script_and_style_tags" tests="4" assertions="4" errors="0" failures="0" skipped="0" time="0.129715">
          <testcase name="test_dont_link_script_and_style_tags with data set #0" class="Tests_Formatting_MakeClickable" classname="Tests_Formatting_MakeClickable" file="/home/meng/Desktop/wptest/wordpress-develop/tests/phpunit/tests/formatting/MakeClickable.php" line="399" assertions="1" time="0.034047"/>
          <testcase name="test_dont_link_script_and_style_tags with data set #1" class="Tests_Formatting_MakeClickable" classname="Tests_Formatting_MakeClickable" file="/home/meng/Desktop/wptest/wordpress-develop/tests/phpunit/tests/formatting/MakeClickable.php" line="399" assertions="1" time="0.030704"/>
          <testcase name="test_dont_link_script_and_style_tags with data set #2" class="Tests_Formatting_MakeClickable" classname="Tests_Formatting_MakeClickable" file="/home/meng/Desktop/wptest/wordpress-develop/tests/phpunit/tests/formatting/MakeClickable.php" line="399" assertions="1" time="0.030404"/>
          <testcase name="test_dont_link_script_and_style_tags with data set #3" class="Tests_Formatting_MakeClickable" classname="Tests_Formatting_MakeClickable" file="/home/meng/Desktop/wptest/wordpress-develop/tests/phpunit/tests/formatting/MakeClickable.php" line="399" assertions="1" time="0.034560"/>
        </testsuite>
        <testsuite name="Tests_Formatting_MakeClickable::test_add_rel_ugc_in_comments" tests="2" assertions="2" errors="0" failures="0" skipped="0" time="0.073388">
          <testcase name="test_add_rel_ugc_in_comments with data set #0" class="Tests_Formatting_MakeClickable" classname="Tests_Formatting_MakeClickable" file="/home/meng/Desktop/wptest/wordpress-develop/tests/phpunit/tests/formatting/MakeClickable.php" line="424" assertions="1" time="0.036621"/>
          <testcase name="test_add_rel_ugc_in_comments with data set #1" class="Tests_Formatting_MakeClickable" classname="Tests_Formatting_MakeClickable" file="/home/meng/Desktop/wptest/wordpress-develop/tests/phpunit/tests/formatting/MakeClickable.php" line="424" assertions="1" time="0.036767"/>
        </testsuite>
      </testsuite>
      <testsuite name="Tests_Formatting_MapDeep" file="/home/meng/Desktop/wptest/wordpress-develop/tests/phpunit/tests/formatting/MapDeep.php" tests="11" assertions="11" errors="0" failures="0" skipped="0" time="0.357722">
        <testcase name="test_map_deep_with_any_function_over_empty_array_should_return_empty_array" class="Tests_Formatting_MapDeep" classname="Tests_Formatting_MapDeep" file="/home/meng/Desktop/wptest/wordpress-develop/tests/phpunit/tests/formatting/MapDeep.php" line="9" assertions="1" time="0.043750"/>
        <testcase name="test_map_deep_should_map_each_element_of_array_one_level_deep" class="Tests_Formatting_MapDeep" classname="Tests_Formatting_MapDeep" file="/home/meng/Desktop/wptest/wordpress-develop/tests/phpunit/tests/formatting/MapDeep.php" line="13" assertions="1" time="0.031317"/>
        <testcase name="test_map_deep_should_map_each_element_of_array_two_levels_deep" class="Tests_Formatting_MapDeep" classname="Tests_Formatting_MapDeep" file="/home/meng/Desktop/wptest/wordpress-develop/tests/phpunit/tests/formatting/MapDeep.php" line="29" assertions="1" time="0.030374"/>
        <testcase name="test_map_deep_should_map_each_object_element_of_an_array" class="Tests_Formatting_MapDeep" classname="Tests_Formatting_MapDeep" file="/home/meng/Desktop/wptest/wordpress-develop/tests/phpunit/tests/formatting/MapDeep.php" line="49" assertions="1" time="0.031806"/>
        <testcase name="test_map_deep_should_apply_the_function_to_a_string" class="Tests_Formatting_MapDeep" classname="Tests_Formatting_MapDeep" file="/home/meng/Desktop/wptest/wordpress-develop/tests/phpunit/tests/formatting/MapDeep.php" line="69" assertions="1" time="0.031320"/>
        <testcase name="test_map_deep_should_apply_the_function_to_an_integer" class="Tests_Formatting_MapDeep" classname="Tests_Formatting_MapDeep" file="/home/meng/Desktop/wptest/wordpress-develop/tests/phpunit/tests/formatting/MapDeep.php" line="73" assertions="1" time="0.030718"/>
        <testcase name="test_map_deep_should_map_each_property_of_an_object" class="Tests_Formatting_MapDeep" classname="Tests_Formatting_MapDeep" file="/home/meng/Desktop/wptest/wordpress-develop/tests/phpunit/tests/formatting/MapDeep.php" line="77" assertions="1" time="0.031708"/>
        <testcase name="test_map_deep_should_map_each_array_property_of_an_object" class="Tests_Formatting_MapDeep" classname="Tests_Formatting_MapDeep" file="/home/meng/Desktop/wptest/wordpress-develop/tests/phpunit/tests/formatting/MapDeep.php" line="93" assertions="1" time="0.033569"/>
        <testcase name="test_map_deep_should_map_each_object_property_of_an_object" class="Tests_Formatting_MapDeep" classname="Tests_Formatting_MapDeep" file="/home/meng/Desktop/wptest/wordpress-develop/tests/phpunit/tests/formatting/MapDeep.php" line="113" assertions="1" time="0.031902"/>
        <testcase name="test_map_deep_should_map_object_properties_passed_by_reference" class="Tests_Formatting_MapDeep" classname="Tests_Formatting_MapDeep" file="/home/meng/Desktop/wptest/wordpress-develop/tests/phpunit/tests/formatting/MapDeep.php" line="136" assertions="1" time="0.030595"/>
        <testcase name="test_map_deep_should_map_array_elements_passed_by_reference" class="Tests_Formatting_MapDeep" classname="Tests_Formatting_MapDeep" file="/home/meng/Desktop/wptest/wordpress-develop/tests/phpunit/tests/formatting/MapDeep.php" line="154" assertions="1" time="0.030663"/>
      </testsuite>
      <testsuite name="Tests_Formatting_NormalizeWhitespace" file="/home/meng/Desktop/wptest/wordpress-develop/tests/phpunit/tests/formatting/NormalizeWhitespace.php" tests="7" assertions="7" errors="0" failures="0" skipped="0" time="0.217409">
        <testsuite name="Tests_Formatting_NormalizeWhitespace::test_normalize_whitespace" tests="7" assertions="7" errors="0" failures="0" skipped="0" time="0.217409">
          <testcase name="test_normalize_whitespace with data set #0" class="Tests_Formatting_NormalizeWhitespace" classname="Tests_Formatting_NormalizeWhitespace" file="/home/meng/Desktop/wptest/wordpress-develop/tests/phpunit/tests/formatting/NormalizeWhitespace.php" line="49" assertions="1" time="0.031153"/>
          <testcase name="test_normalize_whitespace with data set #1" class="Tests_Formatting_NormalizeWhitespace" classname="Tests_Formatting_NormalizeWhitespace" file="/home/meng/Desktop/wptest/wordpress-develop/tests/phpunit/tests/formatting/NormalizeWhitespace.php" line="49" assertions="1" time="0.030276"/>
          <testcase name="test_normalize_whitespace with data set #2" class="Tests_Formatting_NormalizeWhitespace" classname="Tests_Formatting_NormalizeWhitespace" file="/home/meng/Desktop/wptest/wordpress-develop/tests/phpunit/tests/formatting/NormalizeWhitespace.php" line="49" assertions="1" time="0.034129"/>
          <testcase name="test_normalize_whitespace with data set #3" class="Tests_Formatting_NormalizeWhitespace" classname="Tests_Formatting_NormalizeWhitespace" file="/home/meng/Desktop/wptest/wordpress-develop/tests/phpunit/tests/formatting/NormalizeWhitespace.php" line="49" assertions="1" time="0.030313"/>
          <testcase name="test_normalize_whitespace with data set #4" class="Tests_Formatting_NormalizeWhitespace" classname="Tests_Formatting_NormalizeWhitespace" file="/home/meng/Desktop/wptest/wordpress-develop/tests/phpunit/tests/formatting/NormalizeWhitespace.php" line="49" assertions="1" time="0.030068"/>
          <testcase name="test_normalize_whitespace with data set #5" class="Tests_Formatting_NormalizeWhitespace" classname="Tests_Formatting_NormalizeWhitespace" file="/home/meng/Desktop/wptest/wordpress-develop/tests/phpunit/tests/formatting/NormalizeWhitespace.php" line="49" assertions="1" time="0.030317"/>
          <testcase name="test_normalize_whitespace with data set #6" class="Tests_Formatting_NormalizeWhitespace" classname="Tests_Formatting_NormalizeWhitespace" file="/home/meng/Desktop/wptest/wordpress-develop/tests/phpunit/tests/formatting/NormalizeWhitespace.php" line="49" assertions="1" time="0.031153"/>
        </testsuite>
      </testsuite>
      <testsuite name="Tests_Formatting_RemoveAccents" file="/home/meng/Desktop/wptest/wordpress-develop/tests/phpunit/tests/formatting/RemoveAccents.php" tests="12" assertions="24" errors="0" failures="0" skipped="0" time="0.382345">
        <testcase name="test_remove_accents_simple" class="Tests_Formatting_RemoveAccents" classname="Tests_Formatting_RemoveAccents" file="/home/meng/Desktop/wptest/wordpress-develop/tests/phpunit/tests/formatting/RemoveAccents.php" line="7" assertions="1" time="0.030126"/>
        <testcase name="test_remove_accents_latin1_supplement" class="Tests_Formatting_RemoveAccents" classname="Tests_Formatting_RemoveAccents" file="/home/meng/Desktop/wptest/wordpress-develop/tests/phpunit/tests/formatting/RemoveAccents.php" line="14" assertions="1" time="0.031619"/>
        <testcase name="test_remove_accents_latin_extended_a" class="Tests_Formatting_RemoveAccents" classname="Tests_Formatting_RemoveAccents" file="/home/meng/Desktop/wptest/wordpress-develop/tests/phpunit/tests/formatting/RemoveAccents.php" line="21" assertions="1" time="0.032715"/>
        <testcase name="test_remove_accents_latin_extended_b" class="Tests_Formatting_RemoveAccents" classname="Tests_Formatting_RemoveAccents" file="/home/meng/Desktop/wptest/wordpress-develop/tests/phpunit/tests/formatting/RemoveAccents.php" line="28" assertions="1" time="0.038042"/>
        <testcase name="test_remove_accents_euro_pound_signs" class="Tests_Formatting_RemoveAccents" classname="Tests_Formatting_RemoveAccents" file="/home/meng/Desktop/wptest/wordpress-develop/tests/phpunit/tests/formatting/RemoveAccents.php" line="32" assertions="2" time="0.032292"/>
        <testcase name="test_remove_accents_iso8859" class="Tests_Formatting_RemoveAccents" classname="Tests_Formatting_RemoveAccents" file="/home/meng/Desktop/wptest/wordpress-develop/tests/phpunit/tests/formatting/RemoveAccents.php" line="37" assertions="1" time="0.033256"/>
        <testcase name="test_remove_accents_vowels_diacritic" class="Tests_Formatting_RemoveAccents" classname="Tests_Formatting_RemoveAccents" file="/home/meng/Desktop/wptest/wordpress-develop/tests/phpunit/tests/formatting/RemoveAccents.php" line="50" assertions="6" time="0.033022"/>
        <testcase name="test_remove_accents_hanyu_pinyin" class="Tests_Formatting_RemoveAccents" classname="Tests_Formatting_RemoveAccents" file="/home/meng/Desktop/wptest/wordpress-develop/tests/phpunit/tests/formatting/RemoveAccents.php" line="69" assertions="5" time="0.030905"/>
        <testcase name="test_remove_accents_germanic_umlauts" class="Tests_Formatting_RemoveAccents" classname="Tests_Formatting_RemoveAccents" file="/home/meng/Desktop/wptest/wordpress-develop/tests/phpunit/tests/formatting/RemoveAccents.php" line="90" assertions="1" time="0.030316"/>
        <testcase name="test_remove_danish_accents" class="Tests_Formatting_RemoveAccents" classname="Tests_Formatting_RemoveAccents" file="/home/meng/Desktop/wptest/wordpress-develop/tests/phpunit/tests/formatting/RemoveAccents.php" line="105" assertions="1" time="0.030479"/>
        <testcase name="test_remove_catalan_middot" class="Tests_Formatting_RemoveAccents" classname="Tests_Formatting_RemoveAccents" file="/home/meng/Desktop/wptest/wordpress-develop/tests/phpunit/tests/formatting/RemoveAccents.php" line="120" assertions="2" time="0.030027"/>
        <testcase name="test_transcribe_serbian_crossed_d" class="Tests_Formatting_RemoveAccents" classname="Tests_Formatting_RemoveAccents" file="/home/meng/Desktop/wptest/wordpress-develop/tests/phpunit/tests/formatting/RemoveAccents.php" line="137" assertions="2" time="0.029546"/>
      </testsuite>
      <testsuite name="Tests_Formatting_SanitizeFileName" file="/home/meng/Desktop/wptest/wordpress-develop/tests/phpunit/tests/formatting/SanitizeFileName.php" tests="14" assertions="19" errors="0" failures="0" skipped="0" time="0.445813">
        <testcase name="test_munges_extensions" class="Tests_Formatting_SanitizeFileName" classname="Tests_Formatting_SanitizeFileName" file="/home/meng/Desktop/wptest/wordpress-develop/tests/phpunit/tests/formatting/SanitizeFileName.php" line="7" assertions="1" time="0.030750"/>
        <testcase name="test_removes_special_chars" class="Tests_Formatting_SanitizeFileName" classname="Tests_Formatting_SanitizeFileName" file="/home/meng/Desktop/wptest/wordpress-develop/tests/phpunit/tests/formatting/SanitizeFileName.php" line="13" assertions="1" time="0.030815"/>
        <testcase name="test_removes_accents" class="Tests_Formatting_SanitizeFileName" classname="Tests_Formatting_SanitizeFileName" file="/home/meng/Desktop/wptest/wordpress-develop/tests/phpunit/tests/formatting/SanitizeFileName.php" line="26" assertions="1" time="0.033363"/>
        <testcase name="test_replaces_spaces" class="Tests_Formatting_SanitizeFileName" classname="Tests_Formatting_SanitizeFileName" file="/home/meng/Desktop/wptest/wordpress-develop/tests/phpunit/tests/formatting/SanitizeFileName.php" line="37" assertions="4" time="0.030817"/>
        <testcase name="test_replaces_any_number_of_hyphens_with_one_hyphen" class="Tests_Formatting_SanitizeFileName" classname="Tests_Formatting_SanitizeFileName" file="/home/meng/Desktop/wptest/wordpress-develop/tests/phpunit/tests/formatting/SanitizeFileName.php" line="50" assertions="1" time="0.031102"/>
        <testcase name="test_trims_trailing_hyphens" class="Tests_Formatting_SanitizeFileName" classname="Tests_Formatting_SanitizeFileName" file="/home/meng/Desktop/wptest/wordpress-develop/tests/phpunit/tests/formatting/SanitizeFileName.php" line="54" assertions="1" time="0.030709"/>
        <testcase name="test_replaces_any_amount_of_whitespace_with_one_hyphen" class="Tests_Formatting_SanitizeFileName" classname="Tests_Formatting_SanitizeFileName" file="/home/meng/Desktop/wptest/wordpress-develop/tests/phpunit/tests/formatting/SanitizeFileName.php" line="58" assertions="2" time="0.031678"/>
        <testcase name="test_replaces_percent_sign" class="Tests_Formatting_SanitizeFileName" classname="Tests_Formatting_SanitizeFileName" file="/home/meng/Desktop/wptest/wordpress-develop/tests/phpunit/tests/formatting/SanitizeFileName.php" line="66" assertions="1" time="0.030551"/>
        <testcase name="test_replaces_unnamed_file_extensions" class="Tests_Formatting_SanitizeFileName" classname="Tests_Formatting_SanitizeFileName" file="/home/meng/Desktop/wptest/wordpress-develop/tests/phpunit/tests/formatting/SanitizeFileName.php" line="70" assertions="2" time="0.030155"/>
        <testcase name="test_replaces_unnamed_file_extensionless" class="Tests_Formatting_SanitizeFileName" classname="Tests_Formatting_SanitizeFileName" file="/home/meng/Desktop/wptest/wordpress-develop/tests/phpunit/tests/formatting/SanitizeFileName.php" line="76" assertions="1" time="0.031446"/>
        <testsuite name="Tests_Formatting_SanitizeFileName::test_replaces_invalid_utf8_characters" tests="4" assertions="4" errors="0" failures="0" skipped="0" time="0.134428">
          <testcase name="test_replaces_invalid_utf8_characters with data set #0" class="Tests_Formatting_SanitizeFileName" classname="Tests_Formatting_SanitizeFileName" file="/home/meng/Desktop/wptest/wordpress-develop/tests/phpunit/tests/formatting/SanitizeFileName.php" line="84" assertions="1" time="0.030285"/>
          <testcase name="test_replaces_invalid_utf8_characters with data set #1" class="Tests_Formatting_SanitizeFileName" classname="Tests_Formatting_SanitizeFileName" file="/home/meng/Desktop/wptest/wordpress-develop/tests/phpunit/tests/formatting/SanitizeFileName.php" line="84" assertions="1" time="0.030247"/>
          <testcase name="test_replaces_invalid_utf8_characters with data set #2" class="Tests_Formatting_SanitizeFileName" classname="Tests_Formatting_SanitizeFileName" file="/home/meng/Desktop/wptest/wordpress-develop/tests/phpunit/tests/formatting/SanitizeFileName.php" line="84" assertions="1" time="0.043788"/>
          <testcase name="test_replaces_invalid_utf8_characters with data set #3" class="Tests_Formatting_SanitizeFileName" classname="Tests_Formatting_SanitizeFileName" file="/home/meng/Desktop/wptest/wordpress-develop/tests/phpunit/tests/formatting/SanitizeFileName.php" line="84" assertions="1" time="0.030108"/>
        </testsuite>
      </testsuite>
      <testsuite name="Tests_Formatting_SanitizeMimeType" file="/home/meng/Desktop/wptest/wordpress-develop/tests/phpunit/tests/formatting/SanitizeMimeType.php" tests="1" assertions="22" errors="0" failures="0" skipped="0" time="0.031018">
        <testcase name="test_sanitize_valid_mime_type" class="Tests_Formatting_SanitizeMimeType" classname="Tests_Formatting_SanitizeMimeType" file="/home/meng/Desktop/wptest/wordpress-develop/tests/phpunit/tests/formatting/SanitizeMimeType.php" line="11" assertions="22" time="0.031018"/>
      </testsuite>
      <testsuite name="Tests_Formatting_SanitizeOrderby" file="/home/meng/Desktop/wptest/wordpress-develop/tests/phpunit/tests/formatting/SanitizeOrderby.php" tests="26" assertions="26" errors="0" failures="0" skipped="0" time="0.796108">
        <testsuite name="Tests_Formatting_SanitizeOrderby::test_valid" tests="15" assertions="15" errors="0" failures="0" skipped="0" time="0.463037">
          <testcase name="test_valid with data set #0" class="Tests_Formatting_SanitizeOrderby" classname="Tests_Formatting_SanitizeOrderby" file="/home/meng/Desktop/wptest/wordpress-develop/tests/phpunit/tests/formatting/SanitizeOrderby.php" line="12" assertions="1" time="0.030688"/>
          <testcase name="test_valid with data set #1" class="Tests_Formatting_SanitizeOrderby" classname="Tests_Formatting_SanitizeOrderby" file="/home/meng/Desktop/wptest/wordpress-develop/tests/phpunit/tests/formatting/SanitizeOrderby.php" line="12" assertions="1" time="0.029724"/>
          <testcase name="test_valid with data set #2" class="Tests_Formatting_SanitizeOrderby" classname="Tests_Formatting_SanitizeOrderby" file="/home/meng/Desktop/wptest/wordpress-develop/tests/phpunit/tests/formatting/SanitizeOrderby.php" line="12" assertions="1" time="0.031200"/>
          <testcase name="test_valid with data set #3" class="Tests_Formatting_SanitizeOrderby" classname="Tests_Formatting_SanitizeOrderby" file="/home/meng/Desktop/wptest/wordpress-develop/tests/phpunit/tests/formatting/SanitizeOrderby.php" line="12" assertions="1" time="0.031403"/>
          <testcase name="test_valid with data set #4" class="Tests_Formatting_SanitizeOrderby" classname="Tests_Formatting_SanitizeOrderby" file="/home/meng/Desktop/wptest/wordpress-develop/tests/phpunit/tests/formatting/SanitizeOrderby.php" line="12" assertions="1" time="0.030215"/>
          <testcase name="test_valid with data set #5" class="Tests_Formatting_SanitizeOrderby" classname="Tests_Formatting_SanitizeOrderby" file="/home/meng/Desktop/wptest/wordpress-develop/tests/phpunit/tests/formatting/SanitizeOrderby.php" line="12" assertions="1" time="0.030172"/>
          <testcase name="test_valid with data set #6" class="Tests_Formatting_SanitizeOrderby" classname="Tests_Formatting_SanitizeOrderby" file="/home/meng/Desktop/wptest/wordpress-develop/tests/phpunit/tests/formatting/SanitizeOrderby.php" line="12" assertions="1" time="0.030314"/>
          <testcase name="test_valid with data set #7" class="Tests_Formatting_SanitizeOrderby" classname="Tests_Formatting_SanitizeOrderby" file="/home/meng/Desktop/wptest/wordpress-develop/tests/phpunit/tests/formatting/SanitizeOrderby.php" line="12" assertions="1" time="0.029688"/>
          <testcase name="test_valid with data set #8" class="Tests_Formatting_SanitizeOrderby" classname="Tests_Formatting_SanitizeOrderby" file="/home/meng/Desktop/wptest/wordpress-develop/tests/phpunit/tests/formatting/SanitizeOrderby.php" line="12" assertions="1" time="0.029926"/>
          <testcase name="test_valid with data set #9" class="Tests_Formatting_SanitizeOrderby" classname="Tests_Formatting_SanitizeOrderby" file="/home/meng/Desktop/wptest/wordpress-develop/tests/phpunit/tests/formatting/SanitizeOrderby.php" line="12" assertions="1" time="0.033631"/>
          <testcase name="test_valid with data set #10" class="Tests_Formatting_SanitizeOrderby" classname="Tests_Formatting_SanitizeOrderby" file="/home/meng/Desktop/wptest/wordpress-develop/tests/phpunit/tests/formatting/SanitizeOrderby.php" line="12" assertions="1" time="0.031802"/>
          <testcase name="test_valid with data set #11" class="Tests_Formatting_SanitizeOrderby" classname="Tests_Formatting_SanitizeOrderby" file="/home/meng/Desktop/wptest/wordpress-develop/tests/phpunit/tests/formatting/SanitizeOrderby.php" line="12" assertions="1" time="0.030500"/>
          <testcase name="test_valid with data set #12" class="Tests_Formatting_SanitizeOrderby" classname="Tests_Formatting_SanitizeOrderby" file="/home/meng/Desktop/wptest/wordpress-develop/tests/phpunit/tests/formatting/SanitizeOrderby.php" line="12" assertions="1" time="0.032773"/>
          <testcase name="test_valid with data set #13" class="Tests_Formatting_SanitizeOrderby" classname="Tests_Formatting_SanitizeOrderby" file="/home/meng/Desktop/wptest/wordpress-develop/tests/phpunit/tests/formatting/SanitizeOrderby.php" line="12" assertions="1" time="0.030867"/>
          <testcase name="test_valid with data set #14" class="Tests_Formatting_SanitizeOrderby" classname="Tests_Formatting_SanitizeOrderby" file="/home/meng/Desktop/wptest/wordpress-develop/tests/phpunit/tests/formatting/SanitizeOrderby.php" line="12" assertions="1" time="0.030134"/>
        </testsuite>
        <testsuite name="Tests_Formatting_SanitizeOrderby::test_invalid" tests="11" assertions="11" errors="0" failures="0" skipped="0" time="0.333071">
          <testcase name="test_invalid with data set #0" class="Tests_Formatting_SanitizeOrderby" classname="Tests_Formatting_SanitizeOrderby" file="/home/meng/Desktop/wptest/wordpress-develop/tests/phpunit/tests/formatting/SanitizeOrderby.php" line="39" assertions="1" time="0.029561"/>
          <testcase name="test_invalid with data set #1" class="Tests_Formatting_SanitizeOrderby" classname="Tests_Formatting_SanitizeOrderby" file="/home/meng/Desktop/wptest/wordpress-develop/tests/phpunit/tests/formatting/SanitizeOrderby.php" line="39" assertions="1" time="0.030658"/>
          <testcase name="test_invalid with data set #2" class="Tests_Formatting_SanitizeOrderby" classname="Tests_Formatting_SanitizeOrderby" file="/home/meng/Desktop/wptest/wordpress-develop/tests/phpunit/tests/formatting/SanitizeOrderby.php" line="39" assertions="1" time="0.029817"/>
          <testcase name="test_invalid with data set #3" class="Tests_Formatting_SanitizeOrderby" classname="Tests_Formatting_SanitizeOrderby" file="/home/meng/Desktop/wptest/wordpress-develop/tests/phpunit/tests/formatting/SanitizeOrderby.php" line="39" assertions="1" time="0.030000"/>
          <testcase name="test_invalid with data set #4" class="Tests_Formatting_SanitizeOrderby" classname="Tests_Formatting_SanitizeOrderby" file="/home/meng/Desktop/wptest/wordpress-develop/tests/phpunit/tests/formatting/SanitizeOrderby.php" line="39" assertions="1" time="0.030350"/>
          <testcase name="test_invalid with data set #5" class="Tests_Formatting_SanitizeOrderby" classname="Tests_Formatting_SanitizeOrderby" file="/home/meng/Desktop/wptest/wordpress-develop/tests/phpunit/tests/formatting/SanitizeOrderby.php" line="39" assertions="1" time="0.031129"/>
          <testcase name="test_invalid with data set #6" class="Tests_Formatting_SanitizeOrderby" classname="Tests_Formatting_SanitizeOrderby" file="/home/meng/Desktop/wptest/wordpress-develop/tests/phpunit/tests/formatting/SanitizeOrderby.php" line="39" assertions="1" time="0.030001"/>
          <testcase name="test_invalid with data set #7" class="Tests_Formatting_SanitizeOrderby" classname="Tests_Formatting_SanitizeOrderby" file="/home/meng/Desktop/wptest/wordpress-develop/tests/phpunit/tests/formatting/SanitizeOrderby.php" line="39" assertions="1" time="0.029965"/>
          <testcase name="test_invalid with data set #8" class="Tests_Formatting_SanitizeOrderby" classname="Tests_Formatting_SanitizeOrderby" file="/home/meng/Desktop/wptest/wordpress-develop/tests/phpunit/tests/formatting/SanitizeOrderby.php" line="39" assertions="1" time="0.029968"/>
          <testcase name="test_invalid with data set #9" class="Tests_Formatting_SanitizeOrderby" classname="Tests_Formatting_SanitizeOrderby" file="/home/meng/Desktop/wptest/wordpress-develop/tests/phpunit/tests/formatting/SanitizeOrderby.php" line="39" assertions="1" time="0.031096"/>
          <testcase name="test_invalid with data set #10" class="Tests_Formatting_SanitizeOrderby" classname="Tests_Formatting_SanitizeOrderby" file="/home/meng/Desktop/wptest/wordpress-develop/tests/phpunit/tests/formatting/SanitizeOrderby.php" line="39" assertions="1" time="0.030526"/>
        </testsuite>
      </testsuite>
      <testsuite name="Tests_Formatting_SanitizePost" file="/home/meng/Desktop/wptest/wordpress-develop/tests/phpunit/tests/formatting/SanitizePost.php" tests="1" assertions="5" errors="0" failures="0" skipped="0" time="0.059089">
        <testcase name="test_int_fields" class="Tests_Formatting_SanitizePost" classname="Tests_Formatting_SanitizePost" file="/home/meng/Desktop/wptest/wordpress-develop/tests/phpunit/tests/formatting/SanitizePost.php" line="11" assertions="5" time="0.059089"/>
      </testsuite>
      <testsuite name="Tests_Formatting_SanitizeTextField" file="/home/meng/Desktop/wptest/wordpress-develop/tests/phpunit/tests/formatting/SanitizeTextField.php" tests="23" assertions="46" errors="0" failures="0" skipped="0" time="0.714173">
        <testsuite name="Tests_Formatting_SanitizeTextField::test_sanitize_text_field" tests="23" assertions="46" errors="0" failures="0" skipped="0" time="0.714173">
          <testcase name="test_sanitize_text_field with data set #0" class="Tests_Formatting_SanitizeTextField" classname="Tests_Formatting_SanitizeTextField" file="/home/meng/Desktop/wptest/wordpress-develop/tests/phpunit/tests/formatting/SanitizeTextField.php" line="131" assertions="2" time="0.029939"/>
          <testcase name="test_sanitize_text_field with data set #1" class="Tests_Formatting_SanitizeTextField" classname="Tests_Formatting_SanitizeTextField" file="/home/meng/Desktop/wptest/wordpress-develop/tests/phpunit/tests/formatting/SanitizeTextField.php" line="131" assertions="2" time="0.030903"/>
          <testcase name="test_sanitize_text_field with data set #2" class="Tests_Formatting_SanitizeTextField" classname="Tests_Formatting_SanitizeTextField" file="/home/meng/Desktop/wptest/wordpress-develop/tests/phpunit/tests/formatting/SanitizeTextField.php" line="131" assertions="2" time="0.033332"/>
          <testcase name="test_sanitize_text_field with data set #3" class="Tests_Formatting_SanitizeTextField" classname="Tests_Formatting_SanitizeTextField" file="/home/meng/Desktop/wptest/wordpress-develop/tests/phpunit/tests/formatting/SanitizeTextField.php" line="131" assertions="2" time="0.030214"/>
          <testcase name="test_sanitize_text_field with data set #4" class="Tests_Formatting_SanitizeTextField" classname="Tests_Formatting_SanitizeTextField" file="/home/meng/Desktop/wptest/wordpress-develop/tests/phpunit/tests/formatting/SanitizeTextField.php" line="131" assertions="2" time="0.030737"/>
          <testcase name="test_sanitize_text_field with data set #5" class="Tests_Formatting_SanitizeTextField" classname="Tests_Formatting_SanitizeTextField" file="/home/meng/Desktop/wptest/wordpress-develop/tests/phpunit/tests/formatting/SanitizeTextField.php" line="131" assertions="2" time="0.030496"/>
          <testcase name="test_sanitize_text_field with data set #6" class="Tests_Formatting_SanitizeTextField" classname="Tests_Formatting_SanitizeTextField" file="/home/meng/Desktop/wptest/wordpress-develop/tests/phpunit/tests/formatting/SanitizeTextField.php" line="131" assertions="2" time="0.030445"/>
          <testcase name="test_sanitize_text_field with data set #7" class="Tests_Formatting_SanitizeTextField" classname="Tests_Formatting_SanitizeTextField" file="/home/meng/Desktop/wptest/wordpress-develop/tests/phpunit/tests/formatting/SanitizeTextField.php" line="131" assertions="2" time="0.031900"/>
          <testcase name="test_sanitize_text_field with data set #8" class="Tests_Formatting_SanitizeTextField" classname="Tests_Formatting_SanitizeTextField" file="/home/meng/Desktop/wptest/wordpress-develop/tests/phpunit/tests/formatting/SanitizeTextField.php" line="131" assertions="2" time="0.030223"/>
          <testcase name="test_sanitize_text_field with data set #9" class="Tests_Formatting_SanitizeTextField" classname="Tests_Formatting_SanitizeTextField" file="/home/meng/Desktop/wptest/wordpress-develop/tests/phpunit/tests/formatting/SanitizeTextField.php" line="131" assertions="2" time="0.029894"/>
          <testcase name="test_sanitize_text_field with data set #10" class="Tests_Formatting_SanitizeTextField" classname="Tests_Formatting_SanitizeTextField" file="/home/meng/Desktop/wptest/wordpress-develop/tests/phpunit/tests/formatting/SanitizeTextField.php" line="131" assertions="2" time="0.031924"/>
          <testcase name="test_sanitize_text_field with data set #11" class="Tests_Formatting_SanitizeTextField" classname="Tests_Formatting_SanitizeTextField" file="/home/meng/Desktop/wptest/wordpress-develop/tests/phpunit/tests/formatting/SanitizeTextField.php" line="131" assertions="2" time="0.032324"/>
          <testcase name="test_sanitize_text_field with data set #12" class="Tests_Formatting_SanitizeTextField" classname="Tests_Formatting_SanitizeTextField" file="/home/meng/Desktop/wptest/wordpress-develop/tests/phpunit/tests/formatting/SanitizeTextField.php" line="131" assertions="2" time="0.031152"/>
          <testcase name="test_sanitize_text_field with data set #13" class="Tests_Formatting_SanitizeTextField" classname="Tests_Formatting_SanitizeTextField" file="/home/meng/Desktop/wptest/wordpress-develop/tests/phpunit/tests/formatting/SanitizeTextField.php" line="131" assertions="2" time="0.030198"/>
          <testcase name="test_sanitize_text_field with data set #14" class="Tests_Formatting_SanitizeTextField" classname="Tests_Formatting_SanitizeTextField" file="/home/meng/Desktop/wptest/wordpress-develop/tests/phpunit/tests/formatting/SanitizeTextField.php" line="131" assertions="2" time="0.029966"/>
          <testcase name="test_sanitize_text_field with data set #15" class="Tests_Formatting_SanitizeTextField" classname="Tests_Formatting_SanitizeTextField" file="/home/meng/Desktop/wptest/wordpress-develop/tests/phpunit/tests/formatting/SanitizeTextField.php" line="131" assertions="2" time="0.029888"/>
          <testcase name="test_sanitize_text_field with data set #16" class="Tests_Formatting_SanitizeTextField" classname="Tests_Formatting_SanitizeTextField" file="/home/meng/Desktop/wptest/wordpress-develop/tests/phpunit/tests/formatting/SanitizeTextField.php" line="131" assertions="2" time="0.030007"/>
          <testcase name="test_sanitize_text_field with data set #17" class="Tests_Formatting_SanitizeTextField" classname="Tests_Formatting_SanitizeTextField" file="/home/meng/Desktop/wptest/wordpress-develop/tests/phpunit/tests/formatting/SanitizeTextField.php" line="131" assertions="2" time="0.029769"/>
          <testcase name="test_sanitize_text_field with data set #18" class="Tests_Formatting_SanitizeTextField" classname="Tests_Formatting_SanitizeTextField" file="/home/meng/Desktop/wptest/wordpress-develop/tests/phpunit/tests/formatting/SanitizeTextField.php" line="131" assertions="2" time="0.037359"/>
          <testcase name="test_sanitize_text_field with data set #19" class="Tests_Formatting_SanitizeTextField" classname="Tests_Formatting_SanitizeTextField" file="/home/meng/Desktop/wptest/wordpress-develop/tests/phpunit/tests/formatting/SanitizeTextField.php" line="131" assertions="2" time="0.030902"/>
          <testcase name="test_sanitize_text_field with data set #20" class="Tests_Formatting_SanitizeTextField" classname="Tests_Formatting_SanitizeTextField" file="/home/meng/Desktop/wptest/wordpress-develop/tests/phpunit/tests/formatting/SanitizeTextField.php" line="131" assertions="2" time="0.032096"/>
          <testcase name="test_sanitize_text_field with data set #21" class="Tests_Formatting_SanitizeTextField" classname="Tests_Formatting_SanitizeTextField" file="/home/meng/Desktop/wptest/wordpress-develop/tests/phpunit/tests/formatting/SanitizeTextField.php" line="131" assertions="2" time="0.030587"/>
          <testcase name="test_sanitize_text_field with data set #22" class="Tests_Formatting_SanitizeTextField" classname="Tests_Formatting_SanitizeTextField" file="/home/meng/Desktop/wptest/wordpress-develop/tests/phpunit/tests/formatting/SanitizeTextField.php" line="131" assertions="2" time="0.029918"/>
        </testsuite>
      </testsuite>
      <testsuite name="Tests_Formatting_SanitizeTitle" file="/home/meng/Desktop/wptest/wordpress-develop/tests/phpunit/tests/formatting/SanitizeTitle.php" tests="2" assertions="2" errors="0" failures="0" skipped="0" time="0.060114">
        <testcase name="test_strips_html" class="Tests_Formatting_SanitizeTitle" classname="Tests_Formatting_SanitizeTitle" file="/home/meng/Desktop/wptest/wordpress-develop/tests/phpunit/tests/formatting/SanitizeTitle.php" line="7" assertions="1" time="0.030137"/>
        <testcase name="test_titles_sanitized_to_nothing_are_replaced_with_optional_fallback" class="Tests_Formatting_SanitizeTitle" classname="Tests_Formatting_SanitizeTitle" file="/home/meng/Desktop/wptest/wordpress-develop/tests/phpunit/tests/formatting/SanitizeTitle.php" line="13" assertions="1" time="0.029977"/>
      </testsuite>
      <testsuite name="Tests_Formatting_SanitizeTitleWithDashes" file="/home/meng/Desktop/wptest/wordpress-develop/tests/phpunit/tests/formatting/SanitizeTitleWithDashes.php" tests="26" assertions="42" errors="0" failures="0" skipped="0" time="0.797977">
        <testcase name="test_strips_html" class="Tests_Formatting_SanitizeTitleWithDashes" classname="Tests_Formatting_SanitizeTitleWithDashes" file="/home/meng/Desktop/wptest/wordpress-develop/tests/phpunit/tests/formatting/SanitizeTitleWithDashes.php" line="7" assertions="1" time="0.030423"/>
        <testcase name="test_strips_unencoded_percent_signs" class="Tests_Formatting_SanitizeTitleWithDashes" classname="Tests_Formatting_SanitizeTitleWithDashes" file="/home/meng/Desktop/wptest/wordpress-develop/tests/phpunit/tests/formatting/SanitizeTitleWithDashes.php" line="13" assertions="1" time="0.030325"/>
        <testcase name="test_makes_title_lowercase" class="Tests_Formatting_SanitizeTitleWithDashes" classname="Tests_Formatting_SanitizeTitleWithDashes" file="/home/meng/Desktop/wptest/wordpress-develop/tests/phpunit/tests/formatting/SanitizeTitleWithDashes.php" line="17" assertions="1" time="0.030954"/>
        <testcase name="test_replaces_any_amount_of_whitespace_with_one_hyphen" class="Tests_Formatting_SanitizeTitleWithDashes" classname="Tests_Formatting_SanitizeTitleWithDashes" file="/home/meng/Desktop/wptest/wordpress-develop/tests/phpunit/tests/formatting/SanitizeTitleWithDashes.php" line="21" assertions="2" time="0.031477"/>
        <testcase name="test_replaces_any_number_of_hyphens_with_one_hyphen" class="Tests_Formatting_SanitizeTitleWithDashes" classname="Tests_Formatting_SanitizeTitleWithDashes" file="/home/meng/Desktop/wptest/wordpress-develop/tests/phpunit/tests/formatting/SanitizeTitleWithDashes.php" line="26" assertions="1" time="0.031648"/>
        <testcase name="test_trims_trailing_hyphens" class="Tests_Formatting_SanitizeTitleWithDashes" classname="Tests_Formatting_SanitizeTitleWithDashes" file="/home/meng/Desktop/wptest/wordpress-develop/tests/phpunit/tests/formatting/SanitizeTitleWithDashes.php" line="30" assertions="1" time="0.030810"/>
        <testcase name="test_handles_non_entity_ampersands" class="Tests_Formatting_SanitizeTitleWithDashes" classname="Tests_Formatting_SanitizeTitleWithDashes" file="/home/meng/Desktop/wptest/wordpress-develop/tests/phpunit/tests/formatting/SanitizeTitleWithDashes.php" line="34" assertions="1" time="0.032081"/>
        <testcase name="test_strips_nbsp_ndash_and_amp" class="Tests_Formatting_SanitizeTitleWithDashes" classname="Tests_Formatting_SanitizeTitleWithDashes" file="/home/meng/Desktop/wptest/wordpress-develop/tests/phpunit/tests/formatting/SanitizeTitleWithDashes.php" line="38" assertions="1" time="0.030879"/>
        <testcase name="test_strips_encoded_ampersand" class="Tests_Formatting_SanitizeTitleWithDashes" classname="Tests_Formatting_SanitizeTitleWithDashes" file="/home/meng/Desktop/wptest/wordpress-develop/tests/phpunit/tests/formatting/SanitizeTitleWithDashes.php" line="42" assertions="1" time="0.030681"/>
        <testcase name="test_strips_url_encoded_ampersand" class="Tests_Formatting_SanitizeTitleWithDashes" classname="Tests_Formatting_SanitizeTitleWithDashes" file="/home/meng/Desktop/wptest/wordpress-develop/tests/phpunit/tests/formatting/SanitizeTitleWithDashes.php" line="46" assertions="1" time="0.030237"/>
        <testcase name="test_strips_trademark_symbol" class="Tests_Formatting_SanitizeTitleWithDashes" classname="Tests_Formatting_SanitizeTitleWithDashes" file="/home/meng/Desktop/wptest/wordpress-develop/tests/phpunit/tests/formatting/SanitizeTitleWithDashes.php" line="50" assertions="1" time="0.030096"/>
        <testcase name="test_strips_unencoded_ampersand_followed_by_encoded_ampersand" class="Tests_Formatting_SanitizeTitleWithDashes" classname="Tests_Formatting_SanitizeTitleWithDashes" file="/home/meng/Desktop/wptest/wordpress-develop/tests/phpunit/tests/formatting/SanitizeTitleWithDashes.php" line="54" assertions="1" time="0.030462"/>
        <testcase name="test_strips_unencoded_ampersand_when_not_surrounded_by_spaces" class="Tests_Formatting_SanitizeTitleWithDashes" classname="Tests_Formatting_SanitizeTitleWithDashes" file="/home/meng/Desktop/wptest/wordpress-develop/tests/phpunit/tests/formatting/SanitizeTitleWithDashes.php" line="58" assertions="1" time="0.029550"/>
        <testcase name="test_replaces_nbsp" class="Tests_Formatting_SanitizeTitleWithDashes" classname="Tests_Formatting_SanitizeTitleWithDashes" file="/home/meng/Desktop/wptest/wordpress-develop/tests/phpunit/tests/formatting/SanitizeTitleWithDashes.php" line="62" assertions="1" time="0.030086"/>
        <testcase name="test_replaces_nbsp_entities" class="Tests_Formatting_SanitizeTitleWithDashes" classname="Tests_Formatting_SanitizeTitleWithDashes" file="/home/meng/Desktop/wptest/wordpress-develop/tests/phpunit/tests/formatting/SanitizeTitleWithDashes.php" line="69" assertions="1" time="0.030744"/>
        <testcase name="test_replaces_ndash_mdash" class="Tests_Formatting_SanitizeTitleWithDashes" classname="Tests_Formatting_SanitizeTitleWithDashes" file="/home/meng/Desktop/wptest/wordpress-develop/tests/phpunit/tests/formatting/SanitizeTitleWithDashes.php" line="73" assertions="2" time="0.030727"/>
        <testcase name="test_replaces_ndash_mdash_entities" class="Tests_Formatting_SanitizeTitleWithDashes" classname="Tests_Formatting_SanitizeTitleWithDashes" file="/home/meng/Desktop/wptest/wordpress-develop/tests/phpunit/tests/formatting/SanitizeTitleWithDashes.php" line="81" assertions="2" time="0.030297"/>
        <testcase name="test_replaces_iexcel_iquest" class="Tests_Formatting_SanitizeTitleWithDashes" classname="Tests_Formatting_SanitizeTitleWithDashes" file="/home/meng/Desktop/wptest/wordpress-develop/tests/phpunit/tests/formatting/SanitizeTitleWithDashes.php" line="86" assertions="2" time="0.030331"/>
        <testcase name="test_replaces_angle_quotes" class="Tests_Formatting_SanitizeTitleWithDashes" classname="Tests_Formatting_SanitizeTitleWithDashes" file="/home/meng/Desktop/wptest/wordpress-develop/tests/phpunit/tests/formatting/SanitizeTitleWithDashes.php" line="91" assertions="2" time="0.029872"/>
        <testcase name="test_replaces_curly_quotes" class="Tests_Formatting_SanitizeTitleWithDashes" classname="Tests_Formatting_SanitizeTitleWithDashes" file="/home/meng/Desktop/wptest/wordpress-develop/tests/phpunit/tests/formatting/SanitizeTitleWithDashes.php" line="96" assertions="5" time="0.031820"/>
        <testcase name="test_replaces_bullet" class="Tests_Formatting_SanitizeTitleWithDashes" classname="Tests_Formatting_SanitizeTitleWithDashes" file="/home/meng/Desktop/wptest/wordpress-develop/tests/phpunit/tests/formatting/SanitizeTitleWithDashes.php" line="107" assertions="1" time="0.030228"/>
        <testcase name="test_replaces_copy_reg_deg_trade" class="Tests_Formatting_SanitizeTitleWithDashes" classname="Tests_Formatting_SanitizeTitleWithDashes" file="/home/meng/Desktop/wptest/wordpress-develop/tests/phpunit/tests/formatting/SanitizeTitleWithDashes.php" line="111" assertions="4" time="0.031426"/>
        <testcase name="test_replaces_forward_slash" class="Tests_Formatting_SanitizeTitleWithDashes" classname="Tests_Formatting_SanitizeTitleWithDashes" file="/home/meng/Desktop/wptest/wordpress-develop/tests/phpunit/tests/formatting/SanitizeTitleWithDashes.php" line="121" assertions="5" time="0.031843"/>
        <testcase name="test_replaces_multiply_sign" class="Tests_Formatting_SanitizeTitleWithDashes" classname="Tests_Formatting_SanitizeTitleWithDashes" file="/home/meng/Desktop/wptest/wordpress-develop/tests/phpunit/tests/formatting/SanitizeTitleWithDashes.php" line="132" assertions="1" time="0.029827"/>
        <testcase name="test_replaces_standalone_diacritic" class="Tests_Formatting_SanitizeTitleWithDashes" classname="Tests_Formatting_SanitizeTitleWithDashes" file="/home/meng/Desktop/wptest/wordpress-develop/tests/phpunit/tests/formatting/SanitizeTitleWithDashes.php" line="139" assertions="1" time="0.030442"/>
        <testcase name="test_replaces_acute_accents" class="Tests_Formatting_SanitizeTitleWithDashes" classname="Tests_Formatting_SanitizeTitleWithDashes" file="/home/meng/Desktop/wptest/wordpress-develop/tests/phpunit/tests/formatting/SanitizeTitleWithDashes.php" line="146" assertions="1" time="0.030711"/>
      </testsuite>
      <testsuite name="Tests_Formatting_SanitizeTrackbackUrls" file="/home/meng/Desktop/wptest/wordpress-develop/tests/phpunit/tests/formatting/SanitizeTrackbackUrls.php" tests="8" assertions="8" errors="0" failures="0" skipped="0" time="0.245819">
        <testsuite name="Tests_Formatting_SanitizeTrackbackUrls::test_sanitize_trackback_urls_with_multiple_urls" tests="8" assertions="8" errors="0" failures="0" skipped="0" time="0.245819">
          <testcase name="test_sanitize_trackback_urls_with_multiple_urls with data set #0" class="Tests_Formatting_SanitizeTrackbackUrls" classname="Tests_Formatting_SanitizeTrackbackUrls" file="/home/meng/Desktop/wptest/wordpress-develop/tests/phpunit/tests/formatting/SanitizeTrackbackUrls.php" line="11" assertions="1" time="0.030087"/>
          <testcase name="test_sanitize_trackback_urls_with_multiple_urls with data set #1" class="Tests_Formatting_SanitizeTrackbackUrls" classname="Tests_Formatting_SanitizeTrackbackUrls" file="/home/meng/Desktop/wptest/wordpress-develop/tests/phpunit/tests/formatting/SanitizeTrackbackUrls.php" line="11" assertions="1" time="0.031186"/>
          <testcase name="test_sanitize_trackback_urls_with_multiple_urls with data set #2" class="Tests_Formatting_SanitizeTrackbackUrls" classname="Tests_Formatting_SanitizeTrackbackUrls" file="/home/meng/Desktop/wptest/wordpress-develop/tests/phpunit/tests/formatting/SanitizeTrackbackUrls.php" line="11" assertions="1" time="0.030234"/>
          <testcase name="test_sanitize_trackback_urls_with_multiple_urls with data set #3" class="Tests_Formatting_SanitizeTrackbackUrls" classname="Tests_Formatting_SanitizeTrackbackUrls" file="/home/meng/Desktop/wptest/wordpress-develop/tests/phpunit/tests/formatting/SanitizeTrackbackUrls.php" line="11" assertions="1" time="0.031047"/>
          <testcase name="test_sanitize_trackback_urls_with_multiple_urls with data set #4" class="Tests_Formatting_SanitizeTrackbackUrls" classname="Tests_Formatting_SanitizeTrackbackUrls" file="/home/meng/Desktop/wptest/wordpress-develop/tests/phpunit/tests/formatting/SanitizeTrackbackUrls.php" line="11" assertions="1" time="0.031101"/>
          <testcase name="test_sanitize_trackback_urls_with_multiple_urls with data set #5" class="Tests_Formatting_SanitizeTrackbackUrls" classname="Tests_Formatting_SanitizeTrackbackUrls" file="/home/meng/Desktop/wptest/wordpress-develop/tests/phpunit/tests/formatting/SanitizeTrackbackUrls.php" line="11" assertions="1" time="0.030110"/>
          <testcase name="test_sanitize_trackback_urls_with_multiple_urls with data set #6" class="Tests_Formatting_SanitizeTrackbackUrls" classname="Tests_Formatting_SanitizeTrackbackUrls" file="/home/meng/Desktop/wptest/wordpress-develop/tests/phpunit/tests/formatting/SanitizeTrackbackUrls.php" line="11" assertions="1" time="0.031703"/>
          <testcase name="test_sanitize_trackback_urls_with_multiple_urls with data set #7" class="Tests_Formatting_SanitizeTrackbackUrls" classname="Tests_Formatting_SanitizeTrackbackUrls" file="/home/meng/Desktop/wptest/wordpress-develop/tests/phpunit/tests/formatting/SanitizeTrackbackUrls.php" line="11" assertions="1" time="0.030351"/>
        </testsuite>
      </testsuite>
      <testsuite name="Tests_Formatting_SanitizeUser" file="/home/meng/Desktop/wptest/wordpress-develop/tests/phpunit/tests/formatting/SanitizeUser.php" tests="5" assertions="5" errors="0" failures="0" skipped="0" time="0.167418">
        <testcase name="test_strips_html" class="Tests_Formatting_SanitizeUser" classname="Tests_Formatting_SanitizeUser" file="/home/meng/Desktop/wptest/wordpress-develop/tests/phpunit/tests/formatting/SanitizeUser.php" line="7" assertions="1" time="0.029880"/>
        <testcase name="test_strips_encoded_ampersand" class="Tests_Formatting_SanitizeUser" classname="Tests_Formatting_SanitizeUser" file="/home/meng/Desktop/wptest/wordpress-develop/tests/phpunit/tests/formatting/SanitizeUser.php" line="13" assertions="1" time="0.044414"/>
        <testcase name="test_strips_encoded_ampersand_when_followed_by_semicolon" class="Tests_Formatting_SanitizeUser" classname="Tests_Formatting_SanitizeUser" file="/home/meng/Desktop/wptest/wordpress-develop/tests/phpunit/tests/formatting/SanitizeUser.php" line="24" assertions="1" time="0.031515"/>
        <testcase name="test_strips_percent_encoded_octets" class="Tests_Formatting_SanitizeUser" classname="Tests_Formatting_SanitizeUser" file="/home/meng/Desktop/wptest/wordpress-develop/tests/phpunit/tests/formatting/SanitizeUser.php" line="35" assertions="1" time="0.029850"/>
        <testcase name="test_optional_strict_mode_reduces_to_safe_ascii_subset" class="Tests_Formatting_SanitizeUser" classname="Tests_Formatting_SanitizeUser" file="/home/meng/Desktop/wptest/wordpress-develop/tests/phpunit/tests/formatting/SanitizeUser.php" line="39" assertions="1" time="0.031759"/>
      </testsuite>
      <testsuite name="Tests_Formatting_SeemsUtf8" file="/home/meng/Desktop/wptest/wordpress-develop/tests/phpunit/tests/formatting/SeemsUtf8.php" tests="11" assertions="11" errors="0" failures="0" skipped="0" time="0.337357">
        <testsuite name="Tests_Formatting_SeemsUtf8::test_returns_true_for_utf8_strings" tests="6" assertions="6" errors="0" failures="0" skipped="0" time="0.182299">
          <testcase name="test_returns_true_for_utf8_strings with data set #0" class="Tests_Formatting_SeemsUtf8" classname="Tests_Formatting_SeemsUtf8" file="/home/meng/Desktop/wptest/wordpress-develop/tests/phpunit/tests/formatting/SeemsUtf8.php" line="13" assertions="1" time="0.031103"/>
          <testcase name="test_returns_true_for_utf8_strings with data set #1" class="Tests_Formatting_SeemsUtf8" classname="Tests_Formatting_SeemsUtf8" file="/home/meng/Desktop/wptest/wordpress-develop/tests/phpunit/tests/formatting/SeemsUtf8.php" line="13" assertions="1" time="0.030735"/>
          <testcase name="test_returns_true_for_utf8_strings with data set #2" class="Tests_Formatting_SeemsUtf8" classname="Tests_Formatting_SeemsUtf8" file="/home/meng/Desktop/wptest/wordpress-develop/tests/phpunit/tests/formatting/SeemsUtf8.php" line="13" assertions="1" time="0.029648"/>
          <testcase name="test_returns_true_for_utf8_strings with data set #3" class="Tests_Formatting_SeemsUtf8" classname="Tests_Formatting_SeemsUtf8" file="/home/meng/Desktop/wptest/wordpress-develop/tests/phpunit/tests/formatting/SeemsUtf8.php" line="13" assertions="1" time="0.030255"/>
          <testcase name="test_returns_true_for_utf8_strings with data set #4" class="Tests_Formatting_SeemsUtf8" classname="Tests_Formatting_SeemsUtf8" file="/home/meng/Desktop/wptest/wordpress-develop/tests/phpunit/tests/formatting/SeemsUtf8.php" line="13" assertions="1" time="0.030265"/>
          <testcase name="test_returns_true_for_utf8_strings with data set #5" class="Tests_Formatting_SeemsUtf8" classname="Tests_Formatting_SeemsUtf8" file="/home/meng/Desktop/wptest/wordpress-develop/tests/phpunit/tests/formatting/SeemsUtf8.php" line="13" assertions="1" time="0.030293"/>
        </testsuite>
        <testsuite name="Tests_Formatting_SeemsUtf8::test_returns_false_for_non_utf8_strings" tests="5" assertions="5" errors="0" failures="0" skipped="0" time="0.155058">
          <testcase name="test_returns_false_for_non_utf8_strings with data set #0" class="Tests_Formatting_SeemsUtf8" classname="Tests_Formatting_SeemsUtf8" file="/home/meng/Desktop/wptest/wordpress-develop/tests/phpunit/tests/formatting/SeemsUtf8.php" line="30" assertions="1" time="0.029966"/>
          <testcase name="test_returns_false_for_non_utf8_strings with data set #1" class="Tests_Formatting_SeemsUtf8" classname="Tests_Formatting_SeemsUtf8" file="/home/meng/Desktop/wptest/wordpress-develop/tests/phpunit/tests/formatting/SeemsUtf8.php" line="30" assertions="1" time="0.030049"/>
          <testcase name="test_returns_false_for_non_utf8_strings with data set #2" class="Tests_Formatting_SeemsUtf8" classname="Tests_Formatting_SeemsUtf8" file="/home/meng/Desktop/wptest/wordpress-develop/tests/phpunit/tests/formatting/SeemsUtf8.php" line="30" assertions="1" time="0.033312"/>
          <testcase name="test_returns_false_for_non_utf8_strings with data set #3" class="Tests_Formatting_SeemsUtf8" classname="Tests_Formatting_SeemsUtf8" file="/home/meng/Desktop/wptest/wordpress-develop/tests/phpunit/tests/formatting/SeemsUtf8.php" line="30" assertions="1" time="0.031259"/>
          <testcase name="test_returns_false_for_non_utf8_strings with data set #4" class="Tests_Formatting_SeemsUtf8" classname="Tests_Formatting_SeemsUtf8" file="/home/meng/Desktop/wptest/wordpress-develop/tests/phpunit/tests/formatting/SeemsUtf8.php" line="30" assertions="1" time="0.030472"/>
        </testsuite>
      </testsuite>
      <testsuite name="Tests_Formatting_Slashit" file="/home/meng/Desktop/wptest/wordpress-develop/tests/phpunit/tests/formatting/Slashit.php" tests="9" assertions="12" errors="0" failures="0" skipped="0" time="0.282094">
        <testcase name="test_backslashes_middle_numbers" class="Tests_Formatting_Slashit" classname="Tests_Formatting_Slashit" file="/home/meng/Desktop/wptest/wordpress-develop/tests/phpunit/tests/formatting/Slashit.php" line="7" assertions="1" time="0.030784"/>
        <testcase name="test_backslashes_alphas" class="Tests_Formatting_Slashit" classname="Tests_Formatting_Slashit" file="/home/meng/Desktop/wptest/wordpress-develop/tests/phpunit/tests/formatting/Slashit.php" line="11" assertions="1" time="0.029743"/>
        <testcase name="test_double_backslashes_leading_numbers" class="Tests_Formatting_Slashit" classname="Tests_Formatting_Slashit" file="/home/meng/Desktop/wptest/wordpress-develop/tests/phpunit/tests/formatting/Slashit.php" line="15" assertions="1" time="0.030322"/>
        <testcase name="test_removes_trailing_slashes" class="Tests_Formatting_Slashit" classname="Tests_Formatting_Slashit" file="/home/meng/Desktop/wptest/wordpress-develop/tests/phpunit/tests/formatting/Slashit.php" line="19" assertions="2" time="0.030425"/>
        <testcase name="test_removes_trailing_backslashes" class="Tests_Formatting_Slashit" classname="Tests_Formatting_Slashit" file="/home/meng/Desktop/wptest/wordpress-develop/tests/phpunit/tests/formatting/Slashit.php" line="27" assertions="2" time="0.033894"/>
        <testcase name="test_removes_trailing_mixed_slashes" class="Tests_Formatting_Slashit" classname="Tests_Formatting_Slashit" file="/home/meng/Desktop/wptest/wordpress-develop/tests/phpunit/tests/formatting/Slashit.php" line="35" assertions="2" time="0.030738"/>
        <testcase name="test_adds_trailing_slash" class="Tests_Formatting_Slashit" classname="Tests_Formatting_Slashit" file="/home/meng/Desktop/wptest/wordpress-develop/tests/phpunit/tests/formatting/Slashit.php" line="40" assertions="1" time="0.033969"/>
        <testcase name="test_does_not_add_trailing_slash_if_one_exists" class="Tests_Formatting_Slashit" classname="Tests_Formatting_Slashit" file="/home/meng/Desktop/wptest/wordpress-develop/tests/phpunit/tests/formatting/Slashit.php" line="44" assertions="1" time="0.031648"/>
        <testcase name="test_converts_trailing_backslash_to_slash_if_one_exists" class="Tests_Formatting_Slashit" classname="Tests_Formatting_Slashit" file="/home/meng/Desktop/wptest/wordpress-develop/tests/phpunit/tests/formatting/Slashit.php" line="51" assertions="1" time="0.030571"/>
      </testsuite>
      <testsuite name="Tests_Formatting_Smilies" file="/home/meng/Desktop/wptest/wordpress-develop/tests/phpunit/tests/formatting/Smilies.php" tests="28" assertions="46" errors="0" failures="0" skipped="0" time="0.962027">
        <testsuite name="Tests_Formatting_Smilies::test_convert_standard_smilies" tests="6" assertions="12" errors="0" failures="0" skipped="0" time="0.203866">
          <testcase name="test_convert_standard_smilies with data set #0" class="Tests_Formatting_Smilies" classname="Tests_Formatting_Smilies" file="/home/meng/Desktop/wptest/wordpress-develop/tests/phpunit/tests/formatting/Smilies.php" line="51" assertions="2" time="0.034613"/>
          <testcase name="test_convert_standard_smilies with data set #1" class="Tests_Formatting_Smilies" classname="Tests_Formatting_Smilies" file="/home/meng/Desktop/wptest/wordpress-develop/tests/phpunit/tests/formatting/Smilies.php" line="51" assertions="2" time="0.032534"/>
          <testcase name="test_convert_standard_smilies with data set #2" class="Tests_Formatting_Smilies" classname="Tests_Formatting_Smilies" file="/home/meng/Desktop/wptest/wordpress-develop/tests/phpunit/tests/formatting/Smilies.php" line="51" assertions="2" time="0.035616"/>
          <testcase name="test_convert_standard_smilies with data set #3" class="Tests_Formatting_Smilies" classname="Tests_Formatting_Smilies" file="/home/meng/Desktop/wptest/wordpress-develop/tests/phpunit/tests/formatting/Smilies.php" line="51" assertions="2" time="0.033537"/>
          <testcase name="test_convert_standard_smilies with data set #4" class="Tests_Formatting_Smilies" classname="Tests_Formatting_Smilies" file="/home/meng/Desktop/wptest/wordpress-develop/tests/phpunit/tests/formatting/Smilies.php" line="51" assertions="2" time="0.033324"/>
          <testcase name="test_convert_standard_smilies with data set #5" class="Tests_Formatting_Smilies" classname="Tests_Formatting_Smilies" file="/home/meng/Desktop/wptest/wordpress-develop/tests/phpunit/tests/formatting/Smilies.php" line="51" assertions="2" time="0.034242"/>
        </testsuite>
        <testsuite name="Tests_Formatting_Smilies::test_convert_custom_smilies" tests="3" assertions="6" errors="0" failures="0" skipped="0" time="0.103319">
          <testcase name="test_convert_custom_smilies with data set #0" class="Tests_Formatting_Smilies" classname="Tests_Formatting_Smilies" file="/home/meng/Desktop/wptest/wordpress-develop/tests/phpunit/tests/formatting/Smilies.php" line="94" assertions="2" time="0.033480"/>
          <testcase name="test_convert_custom_smilies with data set #1" class="Tests_Formatting_Smilies" classname="Tests_Formatting_Smilies" file="/home/meng/Desktop/wptest/wordpress-develop/tests/phpunit/tests/formatting/Smilies.php" line="94" assertions="2" time="0.034087"/>
          <testcase name="test_convert_custom_smilies with data set #2" class="Tests_Formatting_Smilies" classname="Tests_Formatting_Smilies" file="/home/meng/Desktop/wptest/wordpress-develop/tests/phpunit/tests/formatting/Smilies.php" line="94" assertions="2" time="0.035752"/>
        </testsuite>
        <testsuite name="Tests_Formatting_Smilies::test_ignore_smilies_in_tags" tests="5" assertions="5" errors="0" failures="0" skipped="0" time="0.168216">
          <testcase name="test_ignore_smilies_in_tags with data set #0" class="Tests_Formatting_Smilies" classname="Tests_Formatting_Smilies" file="/home/meng/Desktop/wptest/wordpress-develop/tests/phpunit/tests/formatting/Smilies.php" line="146" assertions="1" time="0.033870"/>
          <testcase name="test_ignore_smilies_in_tags with data set #1" class="Tests_Formatting_Smilies" classname="Tests_Formatting_Smilies" file="/home/meng/Desktop/wptest/wordpress-develop/tests/phpunit/tests/formatting/Smilies.php" line="146" assertions="1" time="0.034206"/>
          <testcase name="test_ignore_smilies_in_tags with data set #2" class="Tests_Formatting_Smilies" classname="Tests_Formatting_Smilies" file="/home/meng/Desktop/wptest/wordpress-develop/tests/phpunit/tests/formatting/Smilies.php" line="146" assertions="1" time="0.033838"/>
          <testcase name="test_ignore_smilies_in_tags with data set #3" class="Tests_Formatting_Smilies" classname="Tests_Formatting_Smilies" file="/home/meng/Desktop/wptest/wordpress-develop/tests/phpunit/tests/formatting/Smilies.php" line="146" assertions="1" time="0.033017"/>
          <testcase name="test_ignore_smilies_in_tags with data set #4" class="Tests_Formatting_Smilies" classname="Tests_Formatting_Smilies" file="/home/meng/Desktop/wptest/wordpress-develop/tests/phpunit/tests/formatting/Smilies.php" line="146" assertions="1" time="0.033285"/>
        </testsuite>
        <testsuite name="Tests_Formatting_Smilies::test_smilies_combinations" tests="6" assertions="12" errors="0" failures="0" skipped="0" time="0.217605">
          <testcase name="test_smilies_combinations with data set #0" class="Tests_Formatting_Smilies" classname="Tests_Formatting_Smilies" file="/home/meng/Desktop/wptest/wordpress-develop/tests/phpunit/tests/formatting/Smilies.php" line="203" assertions="2" time="0.037128"/>
          <testcase name="test_smilies_combinations with data set #1" class="Tests_Formatting_Smilies" classname="Tests_Formatting_Smilies" file="/home/meng/Desktop/wptest/wordpress-develop/tests/phpunit/tests/formatting/Smilies.php" line="203" assertions="2" time="0.035025"/>
          <testcase name="test_smilies_combinations with data set #2" class="Tests_Formatting_Smilies" classname="Tests_Formatting_Smilies" file="/home/meng/Desktop/wptest/wordpress-develop/tests/phpunit/tests/formatting/Smilies.php" line="203" assertions="2" time="0.044728"/>
          <testcase name="test_smilies_combinations with data set #3" class="Tests_Formatting_Smilies" classname="Tests_Formatting_Smilies" file="/home/meng/Desktop/wptest/wordpress-develop/tests/phpunit/tests/formatting/Smilies.php" line="203" assertions="2" time="0.032623"/>
          <testcase name="test_smilies_combinations with data set #4" class="Tests_Formatting_Smilies" classname="Tests_Formatting_Smilies" file="/home/meng/Desktop/wptest/wordpress-develop/tests/phpunit/tests/formatting/Smilies.php" line="203" assertions="2" time="0.033452"/>
          <testcase name="test_smilies_combinations with data set #5" class="Tests_Formatting_Smilies" classname="Tests_Formatting_Smilies" file="/home/meng/Desktop/wptest/wordpress-develop/tests/phpunit/tests/formatting/Smilies.php" line="203" assertions="2" time="0.034649"/>
        </testsuite>
        <testsuite name="Tests_Formatting_Smilies::test_single_smilies_in_wpsmiliestrans" tests="3" assertions="6" errors="0" failures="0" skipped="0" time="0.104845">
          <testcase name="test_single_smilies_in_wpsmiliestrans with data set #0" class="Tests_Formatting_Smilies" classname="Tests_Formatting_Smilies" file="/home/meng/Desktop/wptest/wordpress-develop/tests/phpunit/tests/formatting/Smilies.php" line="245" assertions="2" time="0.033924"/>
          <testcase name="test_single_smilies_in_wpsmiliestrans with data set #1" class="Tests_Formatting_Smilies" classname="Tests_Formatting_Smilies" file="/home/meng/Desktop/wptest/wordpress-develop/tests/phpunit/tests/formatting/Smilies.php" line="245" assertions="2" time="0.035476"/>
          <testcase name="test_single_smilies_in_wpsmiliestrans with data set #2" class="Tests_Formatting_Smilies" classname="Tests_Formatting_Smilies" file="/home/meng/Desktop/wptest/wordpress-develop/tests/phpunit/tests/formatting/Smilies.php" line="245" assertions="2" time="0.035445"/>
        </testsuite>
        <testsuite name="Tests_Formatting_Smilies::test_spaces_around_smilies" tests="3" assertions="3" errors="0" failures="0" skipped="0" time="0.100708">
          <testcase name="test_spaces_around_smilies with data set #0" class="Tests_Formatting_Smilies" classname="Tests_Formatting_Smilies" file="/home/meng/Desktop/wptest/wordpress-develop/tests/phpunit/tests/formatting/Smilies.php" line="302" assertions="1" time="0.033333"/>
          <testcase name="test_spaces_around_smilies with data set #1" class="Tests_Formatting_Smilies" classname="Tests_Formatting_Smilies" file="/home/meng/Desktop/wptest/wordpress-develop/tests/phpunit/tests/formatting/Smilies.php" line="302" assertions="1" time="0.033811"/>
          <testcase name="test_spaces_around_smilies with data set #2" class="Tests_Formatting_Smilies" classname="Tests_Formatting_Smilies" file="/home/meng/Desktop/wptest/wordpress-develop/tests/phpunit/tests/formatting/Smilies.php" line="302" assertions="1" time="0.033564"/>
        </testsuite>
        <testcase name="test_smilies_filter_removes_smilies" class="Tests_Formatting_Smilies" classname="Tests_Formatting_Smilies" file="/home/meng/Desktop/wptest/wordpress-develop/tests/phpunit/tests/formatting/Smilies.php" line="319" assertions="1" time="0.032063"/>
        <testcase name="test_smilies_filter_adds_smilies" class="Tests_Formatting_Smilies" classname="Tests_Formatting_Smilies" file="/home/meng/Desktop/wptest/wordpress-develop/tests/phpunit/tests/formatting/Smilies.php" line="334" assertions="1" time="0.031405"/>
      </testsuite>
      <testsuite name="Tests_Formatting_StripSlashesDeep" file="/home/meng/Desktop/wptest/wordpress-develop/tests/phpunit/tests/formatting/StripSlashesDeep.php" tests="3" assertions="14" errors="0" failures="0" skipped="0" time="0.093638">
        <testcase name="test_preserves_original_datatype" class="Tests_Formatting_StripSlashesDeep" classname="Tests_Formatting_StripSlashesDeep" file="/home/meng/Desktop/wptest/wordpress-develop/tests/phpunit/tests/formatting/StripSlashesDeep.php" line="11" assertions="7" time="0.033048"/>
        <testcase name="test_strips_slashes" class="Tests_Formatting_StripSlashesDeep" classname="Tests_Formatting_StripSlashesDeep" file="/home/meng/Desktop/wptest/wordpress-develop/tests/phpunit/tests/formatting/StripSlashesDeep.php" line="34" assertions="5" time="0.030464"/>
        <testcase name="test_permits_escaped_slash" class="Tests_Formatting_StripSlashesDeep" classname="Tests_Formatting_StripSlashesDeep" file="/home/meng/Desktop/wptest/wordpress-develop/tests/phpunit/tests/formatting/StripSlashesDeep.php" line="49" assertions="2" time="0.030126"/>
      </testsuite>
      <testsuite name="Tests_Formatting_URLShorten" file="/home/meng/Desktop/wptest/wordpress-develop/tests/phpunit/tests/formatting/URLShorten.php" tests="1" assertions="7" errors="0" failures="0" skipped="0" time="0.030179">
        <testcase name="test_shorten_url" class="Tests_Formatting_URLShorten" classname="Tests_Formatting_URLShorten" file="/home/meng/Desktop/wptest/wordpress-develop/tests/phpunit/tests/formatting/URLShorten.php" line="7" assertions="7" time="0.030179"/>
      </testsuite>
      <testsuite name="Tests_Formatting_UrlencodeDeep" file="/home/meng/Desktop/wptest/wordpress-develop/tests/phpunit/tests/formatting/UrlencodeDeep.php" tests="6" assertions="6" errors="0" failures="0" skipped="0" time="0.179628">
        <testsuite name="Tests_Formatting_UrlencodeDeep::test_urlencode_deep_should_encode_individual_value" tests="5" assertions="5" errors="0" failures="0" skipped="0" time="0.150001">
          <testcase name="test_urlencode_deep_should_encode_individual_value with data set #0" class="Tests_Formatting_UrlencodeDeep" classname="Tests_Formatting_UrlencodeDeep" file="/home/meng/Desktop/wptest/wordpress-develop/tests/phpunit/tests/formatting/UrlencodeDeep.php" line="30" assertions="1" time="0.030116"/>
          <testcase name="test_urlencode_deep_should_encode_individual_value with data set #1" class="Tests_Formatting_UrlencodeDeep" classname="Tests_Formatting_UrlencodeDeep" file="/home/meng/Desktop/wptest/wordpress-develop/tests/phpunit/tests/formatting/UrlencodeDeep.php" line="30" assertions="1" time="0.029553"/>
          <testcase name="test_urlencode_deep_should_encode_individual_value with data set #2" class="Tests_Formatting_UrlencodeDeep" classname="Tests_Formatting_UrlencodeDeep" file="/home/meng/Desktop/wptest/wordpress-develop/tests/phpunit/tests/formatting/UrlencodeDeep.php" line="30" assertions="1" time="0.030633"/>
          <testcase name="test_urlencode_deep_should_encode_individual_value with data set #3" class="Tests_Formatting_UrlencodeDeep" classname="Tests_Formatting_UrlencodeDeep" file="/home/meng/Desktop/wptest/wordpress-develop/tests/phpunit/tests/formatting/UrlencodeDeep.php" line="30" assertions="1" time="0.029942"/>
          <testcase name="test_urlencode_deep_should_encode_individual_value with data set #4" class="Tests_Formatting_UrlencodeDeep" classname="Tests_Formatting_UrlencodeDeep" file="/home/meng/Desktop/wptest/wordpress-develop/tests/phpunit/tests/formatting/UrlencodeDeep.php" line="30" assertions="1" time="0.029757"/>
        </testsuite>
        <testcase name="test_urlencode_deep_should_encode_all_values_in_array" class="Tests_Formatting_UrlencodeDeep" classname="Tests_Formatting_UrlencodeDeep" file="/home/meng/Desktop/wptest/wordpress-develop/tests/phpunit/tests/formatting/UrlencodeDeep.php" line="37" assertions="1" time="0.029627"/>
      </testsuite>
      <testsuite name="Tests_Formatting_Utf8UriEncode" file="/home/meng/Desktop/wptest/wordpress-develop/tests/phpunit/tests/formatting/Utf8UriEncode.php" tests="12" assertions="12" errors="0" failures="0" skipped="0" time="0.371297">
        <testsuite name="Tests_Formatting_Utf8UriEncode::test_percent_encodes_non_reserved_characters" tests="6" assertions="6" errors="0" failures="0" skipped="0" time="0.185825">
          <testcase name="test_percent_encodes_non_reserved_characters with data set #0" class="Tests_Formatting_Utf8UriEncode" classname="Tests_Formatting_Utf8UriEncode" file="/home/meng/Desktop/wptest/wordpress-develop/tests/phpunit/tests/formatting/Utf8UriEncode.php" line="14" assertions="1" time="0.030302"/>
          <testcase name="test_percent_encodes_non_reserved_characters with data set #1" class="Tests_Formatting_Utf8UriEncode" classname="Tests_Formatting_Utf8UriEncode" file="/home/meng/Desktop/wptest/wordpress-develop/tests/phpunit/tests/formatting/Utf8UriEncode.php" line="14" assertions="1" time="0.030141"/>
          <testcase name="test_percent_encodes_non_reserved_characters with data set #2" class="Tests_Formatting_Utf8UriEncode" classname="Tests_Formatting_Utf8UriEncode" file="/home/meng/Desktop/wptest/wordpress-develop/tests/phpunit/tests/formatting/Utf8UriEncode.php" line="14" assertions="1" time="0.030675"/>
          <testcase name="test_percent_encodes_non_reserved_characters with data set #3" class="Tests_Formatting_Utf8UriEncode" classname="Tests_Formatting_Utf8UriEncode" file="/home/meng/Desktop/wptest/wordpress-develop/tests/phpunit/tests/formatting/Utf8UriEncode.php" line="14" assertions="1" time="0.031553"/>
          <testcase name="test_percent_encodes_non_reserved_characters with data set #4" class="Tests_Formatting_Utf8UriEncode" classname="Tests_Formatting_Utf8UriEncode" file="/home/meng/Desktop/wptest/wordpress-develop/tests/phpunit/tests/formatting/Utf8UriEncode.php" line="14" assertions="1" time="0.032800"/>
          <testcase name="test_percent_encodes_non_reserved_characters with data set #5" class="Tests_Formatting_Utf8UriEncode" classname="Tests_Formatting_Utf8UriEncode" file="/home/meng/Desktop/wptest/wordpress-develop/tests/phpunit/tests/formatting/Utf8UriEncode.php" line="14" assertions="1" time="0.030354"/>
        </testsuite>
        <testsuite name="Tests_Formatting_Utf8UriEncode::test_output_is_not_longer_than_optional_length_argument" tests="6" assertions="6" errors="0" failures="0" skipped="0" time="0.185472">
          <testcase name="test_output_is_not_longer_than_optional_length_argument with data set #0" class="Tests_Formatting_Utf8UriEncode" classname="Tests_Formatting_Utf8UriEncode" file="/home/meng/Desktop/wptest/wordpress-develop/tests/phpunit/tests/formatting/Utf8UriEncode.php" line="21" assertions="1" time="0.030462"/>
          <testcase name="test_output_is_not_longer_than_optional_length_argument with data set #1" class="Tests_Formatting_Utf8UriEncode" classname="Tests_Formatting_Utf8UriEncode" file="/home/meng/Desktop/wptest/wordpress-develop/tests/phpunit/tests/formatting/Utf8UriEncode.php" line="21" assertions="1" time="0.033136"/>
          <testcase name="test_output_is_not_longer_than_optional_length_argument with data set #2" class="Tests_Formatting_Utf8UriEncode" classname="Tests_Formatting_Utf8UriEncode" file="/home/meng/Desktop/wptest/wordpress-develop/tests/phpunit/tests/formatting/Utf8UriEncode.php" line="21" assertions="1" time="0.030640"/>
          <testcase name="test_output_is_not_longer_than_optional_length_argument with data set #3" class="Tests_Formatting_Utf8UriEncode" classname="Tests_Formatting_Utf8UriEncode" file="/home/meng/Desktop/wptest/wordpress-develop/tests/phpunit/tests/formatting/Utf8UriEncode.php" line="21" assertions="1" time="0.030518"/>
          <testcase name="test_output_is_not_longer_than_optional_length_argument with data set #4" class="Tests_Formatting_Utf8UriEncode" classname="Tests_Formatting_Utf8UriEncode" file="/home/meng/Desktop/wptest/wordpress-develop/tests/phpunit/tests/formatting/Utf8UriEncode.php" line="21" assertions="1" time="0.030377"/>
          <testcase name="test_output_is_not_longer_than_optional_length_argument with data set #5" class="Tests_Formatting_Utf8UriEncode" classname="Tests_Formatting_Utf8UriEncode" file="/home/meng/Desktop/wptest/wordpress-develop/tests/phpunit/tests/formatting/Utf8UriEncode.php" line="21" assertions="1" time="0.030339"/>
        </testsuite>
      </testsuite>
      <testsuite name="Tests_Formatting_WP_Basename" file="/home/meng/Desktop/wptest/wordpress-develop/tests/phpunit/tests/formatting/WPBasename.php" tests="4" assertions="4" errors="0" failures="0" skipped="0" time="0.122504">
        <testcase name="test_wp_basename_unix" class="Tests_Formatting_WP_Basename" classname="Tests_Formatting_WP_Basename" file="/home/meng/Desktop/wptest/wordpress-develop/tests/phpunit/tests/formatting/WPBasename.php" line="8" assertions="1" time="0.030453"/>
        <testcase name="test_wp_basename_unix_utf8_support" class="Tests_Formatting_WP_Basename" classname="Tests_Formatting_WP_Basename" file="/home/meng/Desktop/wptest/wordpress-develop/tests/phpunit/tests/formatting/WPBasename.php" line="15" assertions="1" time="0.029824"/>
        <testcase name="test_wp_basename_windows" class="Tests_Formatting_WP_Basename" classname="Tests_Formatting_WP_Basename" file="/home/meng/Desktop/wptest/wordpress-develop/tests/phpunit/tests/formatting/WPBasename.php" line="25" assertions="1" time="0.031276"/>
        <testcase name="test_wp_basename_windows_utf8_support" class="Tests_Formatting_WP_Basename" classname="Tests_Formatting_WP_Basename" file="/home/meng/Desktop/wptest/wordpress-develop/tests/phpunit/tests/formatting/WPBasename.php" line="35" assertions="1" time="0.030951"/>
      </testsuite>
      <testsuite name="Tests_Formatting_WPMakeLinkRelative" file="/home/meng/Desktop/wptest/wordpress-develop/tests/phpunit/tests/formatting/WPMakeLinkRelative.php" tests="5" assertions="5" errors="0" failures="0" skipped="0" time="0.168552">
        <testcase name="test_wp_make_link_relative_with_http_scheme" class="Tests_Formatting_WPMakeLinkRelative" classname="Tests_Formatting_WPMakeLinkRelative" file="/home/meng/Desktop/wptest/wordpress-develop/tests/phpunit/tests/formatting/WPMakeLinkRelative.php" line="8" assertions="1" time="0.033751"/>
        <testcase name="test_wp_make_link_relative_with_https_scheme" class="Tests_Formatting_WPMakeLinkRelative" classname="Tests_Formatting_WPMakeLinkRelative" file="/home/meng/Desktop/wptest/wordpress-develop/tests/phpunit/tests/formatting/WPMakeLinkRelative.php" line="14" assertions="1" time="0.029963"/>
        <testcase name="test_wp_make_link_relative_with_no_scheme" class="Tests_Formatting_WPMakeLinkRelative" classname="Tests_Formatting_WPMakeLinkRelative" file="/home/meng/Desktop/wptest/wordpress-develop/tests/phpunit/tests/formatting/WPMakeLinkRelative.php" line="23" assertions="1" time="0.030682"/>
        <testcase name="test_wp_make_link_relative_should_retain_URL_param_that_is_also_a_URL" class="Tests_Formatting_WPMakeLinkRelative" classname="Tests_Formatting_WPMakeLinkRelative" file="/home/meng/Desktop/wptest/wordpress-develop/tests/phpunit/tests/formatting/WPMakeLinkRelative.php" line="32" assertions="1" time="0.043803"/>
        <testcase name="test_wp_make_link_relative_with_no_path" class="Tests_Formatting_WPMakeLinkRelative" classname="Tests_Formatting_WPMakeLinkRelative" file="/home/meng/Desktop/wptest/wordpress-develop/tests/phpunit/tests/formatting/WPMakeLinkRelative.php" line="41" assertions="1" time="0.030353"/>
      </testsuite>
      <testsuite name="Tests_Rel_No_Follow" file="/home/meng/Desktop/wptest/wordpress-develop/tests/phpunit/tests/formatting/WPRelNoFollow.php" tests="12" assertions="12" errors="0" failures="0" skipped="0" time="0.372459">
        <testcase name="test_add_no_follow" class="Tests_Rel_No_Follow" classname="Tests_Rel_No_Follow" file="/home/meng/Desktop/wptest/wordpress-develop/tests/phpunit/tests/formatting/WPRelNoFollow.php" line="11" assertions="1" time="0.030419"/>
        <testcase name="test_convert_no_follow" class="Tests_Rel_No_Follow" classname="Tests_Rel_No_Follow" file="/home/meng/Desktop/wptest/wordpress-develop/tests/phpunit/tests/formatting/WPRelNoFollow.php" line="20" assertions="1" time="0.030868"/>
        <testsuite name="Tests_Rel_No_Follow::test_wp_rel_nofollow" tests="9" assertions="9" errors="0" failures="0" skipped="0" time="0.279985">
          <testcase name="test_wp_rel_nofollow with data set #0" class="Tests_Rel_No_Follow" classname="Tests_Rel_No_Follow" file="/home/meng/Desktop/wptest/wordpress-develop/tests/phpunit/tests/formatting/WPRelNoFollow.php" line="30" assertions="1" time="0.030938"/>
          <testcase name="test_wp_rel_nofollow with data set #1" class="Tests_Rel_No_Follow" classname="Tests_Rel_No_Follow" file="/home/meng/Desktop/wptest/wordpress-develop/tests/phpunit/tests/formatting/WPRelNoFollow.php" line="30" assertions="1" time="0.030579"/>
          <testcase name="test_wp_rel_nofollow with data set #2" class="Tests_Rel_No_Follow" classname="Tests_Rel_No_Follow" file="/home/meng/Desktop/wptest/wordpress-develop/tests/phpunit/tests/formatting/WPRelNoFollow.php" line="30" assertions="1" time="0.033478"/>
          <testcase name="test_wp_rel_nofollow with data set #3" class="Tests_Rel_No_Follow" classname="Tests_Rel_No_Follow" file="/home/meng/Desktop/wptest/wordpress-develop/tests/phpunit/tests/formatting/WPRelNoFollow.php" line="30" assertions="1" time="0.030916"/>
          <testcase name="test_wp_rel_nofollow with data set #4" class="Tests_Rel_No_Follow" classname="Tests_Rel_No_Follow" file="/home/meng/Desktop/wptest/wordpress-develop/tests/phpunit/tests/formatting/WPRelNoFollow.php" line="30" assertions="1" time="0.030547"/>
          <testcase name="test_wp_rel_nofollow with data set #5" class="Tests_Rel_No_Follow" classname="Tests_Rel_No_Follow" file="/home/meng/Desktop/wptest/wordpress-develop/tests/phpunit/tests/formatting/WPRelNoFollow.php" line="30" assertions="1" time="0.030660"/>
          <testcase name="test_wp_rel_nofollow with data set #6" class="Tests_Rel_No_Follow" classname="Tests_Rel_No_Follow" file="/home/meng/Desktop/wptest/wordpress-develop/tests/phpunit/tests/formatting/WPRelNoFollow.php" line="30" assertions="1" time="0.030195"/>
          <testcase name="test_wp_rel_nofollow with data set #7" class="Tests_Rel_No_Follow" classname="Tests_Rel_No_Follow" file="/home/meng/Desktop/wptest/wordpress-develop/tests/phpunit/tests/formatting/WPRelNoFollow.php" line="30" assertions="1" time="0.031342"/>
          <testcase name="test_wp_rel_nofollow with data set #8" class="Tests_Rel_No_Follow" classname="Tests_Rel_No_Follow" file="/home/meng/Desktop/wptest/wordpress-develop/tests/phpunit/tests/formatting/WPRelNoFollow.php" line="30" assertions="1" time="0.031330"/>
        </testsuite>
        <testcase name="test_append_no_follow_with_valueless_attribute" class="Tests_Rel_No_Follow" classname="Tests_Rel_No_Follow" file="/home/meng/Desktop/wptest/wordpress-develop/tests/phpunit/tests/formatting/WPRelNoFollow.php" line="78" assertions="1" time="0.031187"/>
      </testsuite>
      <testsuite name="Tests_Rel_Ugc" file="/home/meng/Desktop/wptest/wordpress-develop/tests/phpunit/tests/formatting/WPRelUgc.php" tests="12" assertions="12" errors="0" failures="0" skipped="0" time="0.377295">
        <testcase name="test_add_ugc" class="Tests_Rel_Ugc" classname="Tests_Rel_Ugc" file="/home/meng/Desktop/wptest/wordpress-develop/tests/phpunit/tests/formatting/WPRelUgc.php" line="11" assertions="1" time="0.030824"/>
        <testcase name="test_convert_ugc" class="Tests_Rel_Ugc" classname="Tests_Rel_Ugc" file="/home/meng/Desktop/wptest/wordpress-develop/tests/phpunit/tests/formatting/WPRelUgc.php" line="20" assertions="1" time="0.033976"/>
        <testsuite name="Tests_Rel_Ugc::test_wp_rel_ugc" tests="9" assertions="9" errors="0" failures="0" skipped="0" time="0.280837">
          <testcase name="test_wp_rel_ugc with data set #0" class="Tests_Rel_Ugc" classname="Tests_Rel_Ugc" file="/home/meng/Desktop/wptest/wordpress-develop/tests/phpunit/tests/formatting/WPRelUgc.php" line="30" assertions="1" time="0.031226"/>
          <testcase name="test_wp_rel_ugc with data set #1" class="Tests_Rel_Ugc" classname="Tests_Rel_Ugc" file="/home/meng/Desktop/wptest/wordpress-develop/tests/phpunit/tests/formatting/WPRelUgc.php" line="30" assertions="1" time="0.031118"/>
          <testcase name="test_wp_rel_ugc with data set #2" class="Tests_Rel_Ugc" classname="Tests_Rel_Ugc" file="/home/meng/Desktop/wptest/wordpress-develop/tests/phpunit/tests/formatting/WPRelUgc.php" line="30" assertions="1" time="0.032115"/>
          <testcase name="test_wp_rel_ugc with data set #3" class="Tests_Rel_Ugc" classname="Tests_Rel_Ugc" file="/home/meng/Desktop/wptest/wordpress-develop/tests/phpunit/tests/formatting/WPRelUgc.php" line="30" assertions="1" time="0.030893"/>
          <testcase name="test_wp_rel_ugc with data set #4" class="Tests_Rel_Ugc" classname="Tests_Rel_Ugc" file="/home/meng/Desktop/wptest/wordpress-develop/tests/phpunit/tests/formatting/WPRelUgc.php" line="30" assertions="1" time="0.031561"/>
          <testcase name="test_wp_rel_ugc with data set #5" class="Tests_Rel_Ugc" classname="Tests_Rel_Ugc" file="/home/meng/Desktop/wptest/wordpress-develop/tests/phpunit/tests/formatting/WPRelUgc.php" line="30" assertions="1" time="0.030377"/>
          <testcase name="test_wp_rel_ugc with data set #6" class="Tests_Rel_Ugc" classname="Tests_Rel_Ugc" file="/home/meng/Desktop/wptest/wordpress-develop/tests/phpunit/tests/formatting/WPRelUgc.php" line="30" assertions="1" time="0.031376"/>
          <testcase name="test_wp_rel_ugc with data set #7" class="Tests_Rel_Ugc" classname="Tests_Rel_Ugc" file="/home/meng/Desktop/wptest/wordpress-develop/tests/phpunit/tests/formatting/WPRelUgc.php" line="30" assertions="1" time="0.030159"/>
          <testcase name="test_wp_rel_ugc with data set #8" class="Tests_Rel_Ugc" classname="Tests_Rel_Ugc" file="/home/meng/Desktop/wptest/wordpress-develop/tests/phpunit/tests/formatting/WPRelUgc.php" line="30" assertions="1" time="0.032012"/>
        </testsuite>
        <testcase name="test_append_ugc_with_valueless_attribute" class="Tests_Rel_Ugc" classname="Tests_Rel_Ugc" file="/home/meng/Desktop/wptest/wordpress-develop/tests/phpunit/tests/formatting/WPRelUgc.php" line="78" assertions="1" time="0.031658"/>
      </testsuite>
      <testsuite name="Tests_Formatting_WPSlash" file="/home/meng/Desktop/wptest/wordpress-develop/tests/phpunit/tests/formatting/WPSlash.php" tests="9" assertions="20" errors="0" failures="0" skipped="0" time="0.281823">
        <testsuite name="Tests_Formatting_WPSlash::test_wp_slash" tests="6" assertions="6" errors="0" failures="0" skipped="0" time="0.187880">
          <testcase name="test_wp_slash with data set #0" class="Tests_Formatting_WPSlash" classname="Tests_Formatting_WPSlash" file="/home/meng/Desktop/wptest/wordpress-develop/tests/phpunit/tests/formatting/WPSlash.php" line="16" assertions="1" time="0.034056"/>
          <testcase name="test_wp_slash with data set #1" class="Tests_Formatting_WPSlash" classname="Tests_Formatting_WPSlash" file="/home/meng/Desktop/wptest/wordpress-develop/tests/phpunit/tests/formatting/WPSlash.php" line="16" assertions="1" time="0.030173"/>
          <testcase name="test_wp_slash with data set #2" class="Tests_Formatting_WPSlash" classname="Tests_Formatting_WPSlash" file="/home/meng/Desktop/wptest/wordpress-develop/tests/phpunit/tests/formatting/WPSlash.php" line="16" assertions="1" time="0.030761"/>
          <testcase name="test_wp_slash with data set #3" class="Tests_Formatting_WPSlash" classname="Tests_Formatting_WPSlash" file="/home/meng/Desktop/wptest/wordpress-develop/tests/phpunit/tests/formatting/WPSlash.php" line="16" assertions="1" time="0.029834"/>
          <testcase name="test_wp_slash with data set #4" class="Tests_Formatting_WPSlash" classname="Tests_Formatting_WPSlash" file="/home/meng/Desktop/wptest/wordpress-develop/tests/phpunit/tests/formatting/WPSlash.php" line="16" assertions="1" time="0.031503"/>
          <testcase name="test_wp_slash with data set #5" class="Tests_Formatting_WPSlash" classname="Tests_Formatting_WPSlash" file="/home/meng/Desktop/wptest/wordpress-develop/tests/phpunit/tests/formatting/WPSlash.php" line="16" assertions="1" time="0.031553"/>
        </testsuite>
        <testcase name="test_adds_slashes" class="Tests_Formatting_WPSlash" classname="Tests_Formatting_WPSlash" file="/home/meng/Desktop/wptest/wordpress-develop/tests/phpunit/tests/formatting/WPSlash.php" line="57" assertions="4" time="0.030520"/>
        <testcase name="test_preserves_original_datatype" class="Tests_Formatting_WPSlash" classname="Tests_Formatting_WPSlash" file="/home/meng/Desktop/wptest/wordpress-develop/tests/phpunit/tests/formatting/WPSlash.php" line="69" assertions="7" time="0.031603"/>
        <testcase name="test_add_even_more_slashes" class="Tests_Formatting_WPSlash" classname="Tests_Formatting_WPSlash" file="/home/meng/Desktop/wptest/wordpress-develop/tests/phpunit/tests/formatting/WPSlash.php" line="95" assertions="3" time="0.031820"/>
      </testsuite>
      <testsuite name="Tests_Formatting_WPSpecialchars" file="/home/meng/Desktop/wptest/wordpress-develop/tests/phpunit/tests/formatting/WPSpecialchars.php" tests="10" assertions="274" errors="0" failures="0" skipped="0" time="0.334753">
        <testcase name="test_wp_specialchars_basics" class="Tests_Formatting_WPSpecialchars" classname="Tests_Formatting_WPSpecialchars" file="/home/meng/Desktop/wptest/wordpress-develop/tests/phpunit/tests/formatting/WPSpecialchars.php" line="7" assertions="2" time="0.031488"/>
        <testcase name="test_allowed_entity_names" class="Tests_Formatting_WPSpecialchars" classname="Tests_Formatting_WPSpecialchars" file="/home/meng/Desktop/wptest/wordpress-develop/tests/phpunit/tests/formatting/WPSpecialchars.php" line="15" assertions="252" time="0.044964"/>
        <testcase name="test_not_allowed_entity_names" class="Tests_Formatting_WPSpecialchars" classname="Tests_Formatting_WPSpecialchars" file="/home/meng/Desktop/wptest/wordpress-develop/tests/phpunit/tests/formatting/WPSpecialchars.php" line="29" assertions="10" time="0.030560"/>
        <testcase name="test_optionally_escapes_quotes" class="Tests_Formatting_WPSpecialchars" classname="Tests_Formatting_WPSpecialchars" file="/home/meng/Desktop/wptest/wordpress-develop/tests/phpunit/tests/formatting/WPSpecialchars.php" line="39" assertions="4" time="0.030465"/>
        <testsuite name="Tests_Formatting_WPSpecialchars::test_double_encoding" tests="3" assertions="3" errors="0" failures="0" skipped="0" time="0.104951">
          <testcase name="test_double_encoding with data set #0" class="Tests_Formatting_WPSpecialchars" classname="Tests_Formatting_WPSpecialchars" file="/home/meng/Desktop/wptest/wordpress-develop/tests/phpunit/tests/formatting/WPSpecialchars.php" line="53" assertions="1" time="0.030132"/>
          <testcase name="test_double_encoding with data set #1" class="Tests_Formatting_WPSpecialchars" classname="Tests_Formatting_WPSpecialchars" file="/home/meng/Desktop/wptest/wordpress-develop/tests/phpunit/tests/formatting/WPSpecialchars.php" line="53" assertions="1" time="0.030996"/>
          <testcase name="test_double_encoding with data set #2" class="Tests_Formatting_WPSpecialchars" classname="Tests_Formatting_WPSpecialchars" file="/home/meng/Desktop/wptest/wordpress-develop/tests/phpunit/tests/formatting/WPSpecialchars.php" line="53" assertions="1" time="0.043823"/>
        </testsuite>
        <testsuite name="Tests_Formatting_WPSpecialchars::test_no_double_encoding" tests="3" assertions="3" errors="0" failures="0" skipped="0" time="0.092325">
          <testcase name="test_no_double_encoding with data set #0" class="Tests_Formatting_WPSpecialchars" classname="Tests_Formatting_WPSpecialchars" file="/home/meng/Desktop/wptest/wordpress-develop/tests/phpunit/tests/formatting/WPSpecialchars.php" line="80" assertions="1" time="0.031442"/>
          <testcase name="test_no_double_encoding with data set #1" class="Tests_Formatting_WPSpecialchars" classname="Tests_Formatting_WPSpecialchars" file="/home/meng/Desktop/wptest/wordpress-develop/tests/phpunit/tests/formatting/WPSpecialchars.php" line="80" assertions="1" time="0.030436"/>
          <testcase name="test_no_double_encoding with data set #2" class="Tests_Formatting_WPSpecialchars" classname="Tests_Formatting_WPSpecialchars" file="/home/meng/Desktop/wptest/wordpress-develop/tests/phpunit/tests/formatting/WPSpecialchars.php" line="80" assertions="1" time="0.030447"/>
        </testsuite>
      </testsuite>
      <testsuite name="Tests_Formatting_WPStripAllTags" file="/home/meng/Desktop/wptest/wordpress-develop/tests/phpunit/tests/formatting/WPStripAllTags.php" tests="1" assertions="6" errors="0" failures="0" skipped="0" time="0.032096">
        <testcase name="test_wp_strip_all_tags" class="Tests_Formatting_WPStripAllTags" classname="Tests_Formatting_WPStripAllTags" file="/home/meng/Desktop/wptest/wordpress-develop/tests/phpunit/tests/formatting/WPStripAllTags.php" line="9" assertions="6" time="0.032096"/>
      </testsuite>
      <testsuite name="Tests_Targeted_Link_Rel" file="/home/meng/Desktop/wptest/wordpress-develop/tests/phpunit/tests/formatting/WPTargetedLinkRel.php" tests="16" assertions="16" errors="0" failures="0" skipped="0" time="0.528834">
        <testcase name="test_add_to_links_with_target_blank" class="Tests_Targeted_Link_Rel" classname="Tests_Targeted_Link_Rel" file="/home/meng/Desktop/wptest/wordpress-develop/tests/phpunit/tests/formatting/WPTargetedLinkRel.php" line="9" assertions="1" time="0.035513"/>
        <testcase name="test_add_to_links_with_target_foo" class="Tests_Targeted_Link_Rel" classname="Tests_Targeted_Link_Rel" file="/home/meng/Desktop/wptest/wordpress-develop/tests/phpunit/tests/formatting/WPTargetedLinkRel.php" line="15" assertions="1" time="0.030987"/>
        <testcase name="test_target_as_first_attribute" class="Tests_Targeted_Link_Rel" classname="Tests_Targeted_Link_Rel" file="/home/meng/Desktop/wptest/wordpress-develop/tests/phpunit/tests/formatting/WPTargetedLinkRel.php" line="21" assertions="1" time="0.030080"/>
        <testcase name="test_add_to_existing_rel" class="Tests_Targeted_Link_Rel" classname="Tests_Targeted_Link_Rel" file="/home/meng/Desktop/wptest/wordpress-develop/tests/phpunit/tests/formatting/WPTargetedLinkRel.php" line="27" assertions="1" time="0.031242"/>
        <testcase name="test_no_duplicate_values_added" class="Tests_Targeted_Link_Rel" classname="Tests_Targeted_Link_Rel" file="/home/meng/Desktop/wptest/wordpress-develop/tests/phpunit/tests/formatting/WPTargetedLinkRel.php" line="33" assertions="1" time="0.030479"/>
        <testcase name="test_rel_with_single_quote_delimiter" class="Tests_Targeted_Link_Rel" classname="Tests_Targeted_Link_Rel" file="/home/meng/Desktop/wptest/wordpress-develop/tests/phpunit/tests/formatting/WPTargetedLinkRel.php" line="39" assertions="1" time="0.031144"/>
        <testcase name="test_rel_with_no_delimiter" class="Tests_Targeted_Link_Rel" classname="Tests_Targeted_Link_Rel" file="/home/meng/Desktop/wptest/wordpress-develop/tests/phpunit/tests/formatting/WPTargetedLinkRel.php" line="45" assertions="1" time="0.031083"/>
        <testcase name="test_rel_value_spaced_and_no_delimiter" class="Tests_Targeted_Link_Rel" classname="Tests_Targeted_Link_Rel" file="/home/meng/Desktop/wptest/wordpress-develop/tests/phpunit/tests/formatting/WPTargetedLinkRel.php" line="51" assertions="1" time="0.030633"/>
        <testcase name="test_escaped_quotes" class="Tests_Targeted_Link_Rel" classname="Tests_Targeted_Link_Rel" file="/home/meng/Desktop/wptest/wordpress-develop/tests/phpunit/tests/formatting/WPTargetedLinkRel.php" line="57" assertions="1" time="0.031740"/>
        <testcase name="test_ignore_links_with_no_target" class="Tests_Targeted_Link_Rel" classname="Tests_Targeted_Link_Rel" file="/home/meng/Desktop/wptest/wordpress-develop/tests/phpunit/tests/formatting/WPTargetedLinkRel.php" line="63" assertions="1" time="0.031306"/>
        <testcase name="test_ignore_if_wp_targeted_link_rel_nulled" class="Tests_Targeted_Link_Rel" classname="Tests_Targeted_Link_Rel" file="/home/meng/Desktop/wptest/wordpress-develop/tests/phpunit/tests/formatting/WPTargetedLinkRel.php" line="74" assertions="1" time="0.030100"/>
        <testcase name="test_wp_targeted_link_rel_filters_run" class="Tests_Targeted_Link_Rel" classname="Tests_Targeted_Link_Rel" file="/home/meng/Desktop/wptest/wordpress-develop/tests/phpunit/tests/formatting/WPTargetedLinkRel.php" line="86" assertions="1" time="0.059712"/>
        <testcase name="test_wp_targeted_link_rel_should_preserve_json" class="Tests_Targeted_Link_Rel" classname="Tests_Targeted_Link_Rel" file="/home/meng/Desktop/wptest/wordpress-develop/tests/phpunit/tests/formatting/WPTargetedLinkRel.php" line="104" assertions="1" time="0.031208"/>
        <testcase name="test_wp_targeted_link_rel_skips_style_and_scripts" class="Tests_Targeted_Link_Rel" classname="Tests_Targeted_Link_Rel" file="/home/meng/Desktop/wptest/wordpress-develop/tests/phpunit/tests/formatting/WPTargetedLinkRel.php" line="115" assertions="1" time="0.031400"/>
        <testcase name="test_ignore_entirely_serialized_content" class="Tests_Targeted_Link_Rel" classname="Tests_Targeted_Link_Rel" file="/home/meng/Desktop/wptest/wordpress-develop/tests/phpunit/tests/formatting/WPTargetedLinkRel.php" line="126" assertions="1" time="0.030645"/>
        <testcase name="test_wp_targeted_link_rel_tab_separated_values_are_split" class="Tests_Targeted_Link_Rel" classname="Tests_Targeted_Link_Rel" file="/home/meng/Desktop/wptest/wordpress-develop/tests/phpunit/tests/formatting/WPTargetedLinkRel.php" line="132" assertions="1" time="0.031562"/>
      </testsuite>
      <testsuite name="Tests_Formatting_WPTexturize" file="/home/meng/Desktop/wptest/wordpress-develop/tests/phpunit/tests/formatting/WPTexturize.php" tests="357" assertions="441" errors="0" failures="0" skipped="0" time="11.337563">
        <testcase name="test_dashes" class="Tests_Formatting_WPTexturize" classname="Tests_Formatting_WPTexturize" file="/home/meng/Desktop/wptest/wordpress-develop/tests/phpunit/tests/formatting/WPTexturize.php" line="7" assertions="2" time="0.035268"/>
        <testcase name="test_disable" class="Tests_Formatting_WPTexturize" classname="Tests_Formatting_WPTexturize" file="/home/meng/Desktop/wptest/wordpress-develop/tests/phpunit/tests/formatting/WPTexturize.php" line="12" assertions="11" time="0.031571"/>
        <testcase name="test_bracketed_quotes_1418" class="Tests_Formatting_WPTexturize" classname="Tests_Formatting_WPTexturize" file="/home/meng/Desktop/wptest/wordpress-develop/tests/phpunit/tests/formatting/WPTexturize.php" line="38" assertions="3" time="0.030700"/>
        <testcase name="test_bracketed_quotes_3810" class="Tests_Formatting_WPTexturize" classname="Tests_Formatting_WPTexturize" file="/home/meng/Desktop/wptest/wordpress-develop/tests/phpunit/tests/formatting/WPTexturize.php" line="47" assertions="1" time="0.034532"/>
        <testcase name="test_basic_quotes" class="Tests_Formatting_WPTexturize" classname="Tests_Formatting_WPTexturize" file="/home/meng/Desktop/wptest/wordpress-develop/tests/phpunit/tests/formatting/WPTexturize.php" line="54" assertions="11" time="0.038999"/>
        <testcase name="test_full_sentences_with_unmatched_single_quotes" class="Tests_Formatting_WPTexturize" classname="Tests_Formatting_WPTexturize" file="/home/meng/Desktop/wptest/wordpress-develop/tests/phpunit/tests/formatting/WPTexturize.php" line="77" assertions="1" time="0.031623"/>
        <testcase name="test_quotes" class="Tests_Formatting_WPTexturize" classname="Tests_Formatting_WPTexturize" file="/home/meng/Desktop/wptest/wordpress-develop/tests/phpunit/tests/formatting/WPTexturize.php" line="87" assertions="5" time="0.035722"/>
        <testcase name="test_quotes_before_s" class="Tests_Formatting_WPTexturize" classname="Tests_Formatting_WPTexturize" file="/home/meng/Desktop/wptest/wordpress-develop/tests/phpunit/tests/formatting/WPTexturize.php" line="106" assertions="5" time="0.030209"/>
        <testcase name="test_quotes_before_numbers" class="Tests_Formatting_WPTexturize" classname="Tests_Formatting_WPTexturize" file="/home/meng/Desktop/wptest/wordpress-develop/tests/phpunit/tests/formatting/WPTexturize.php" line="117" assertions="23" time="0.033363"/>
        <testcase name="test_quotes_after_numbers" class="Tests_Formatting_WPTexturize" classname="Tests_Formatting_WPTexturize" file="/home/meng/Desktop/wptest/wordpress-develop/tests/phpunit/tests/formatting/WPTexturize.php" line="144" assertions="1" time="0.030054"/>
        <testcase name="test_other_html" class="Tests_Formatting_WPTexturize" classname="Tests_Formatting_WPTexturize" file="/home/meng/Desktop/wptest/wordpress-develop/tests/phpunit/tests/formatting/WPTexturize.php" line="152" assertions="1" time="0.031261"/>
        <testcase name="test_x" class="Tests_Formatting_WPTexturize" classname="Tests_Formatting_WPTexturize" file="/home/meng/Desktop/wptest/wordpress-develop/tests/phpunit/tests/formatting/WPTexturize.php" line="158" assertions="1" time="0.031269"/>
        <testcase name="test_minutes_seconds" class="Tests_Formatting_WPTexturize" classname="Tests_Formatting_WPTexturize" file="/home/meng/Desktop/wptest/wordpress-develop/tests/phpunit/tests/formatting/WPTexturize.php" line="162" assertions="6" time="0.034574"/>
        <testcase name="test_wptexturize_quotes_around_numbers" class="Tests_Formatting_WPTexturize" classname="Tests_Formatting_WPTexturize" file="/home/meng/Desktop/wptest/wordpress-develop/tests/phpunit/tests/formatting/WPTexturize.php" line="176" assertions="4" time="0.030790"/>
        <testcase name="test_wptexturize_html_comments" class="Tests_Formatting_WPTexturize" classname="Tests_Formatting_WPTexturize" file="/home/meng/Desktop/wptest/wordpress-develop/tests/phpunit/tests/formatting/WPTexturize.php" line="186" assertions="3" time="0.032243"/>
        <testcase name="test_entity_quote_cuddling" class="Tests_Formatting_WPTexturize" classname="Tests_Formatting_WPTexturize" file="/home/meng/Desktop/wptest/wordpress-develop/tests/phpunit/tests/formatting/WPTexturize.php" line="196" assertions="1" time="0.033335"/>
        <testcase name="test_apostrophes_before_primes" class="Tests_Formatting_WPTexturize" classname="Tests_Formatting_WPTexturize" file="/home/meng/Desktop/wptest/wordpress-develop/tests/phpunit/tests/formatting/WPTexturize.php" line="204" assertions="1" time="0.031705"/>
        <testcase name="test_spaces_around_hyphens" class="Tests_Formatting_WPTexturize" classname="Tests_Formatting_WPTexturize" file="/home/meng/Desktop/wptest/wordpress-develop/tests/phpunit/tests/formatting/WPTexturize.php" line="211" assertions="14" time="0.032134"/>
        <testcase name="test_hyphens_at_start_and_end" class="Tests_Formatting_WPTexturize" classname="Tests_Formatting_WPTexturize" file="/home/meng/Desktop/wptest/wordpress-develop/tests/phpunit/tests/formatting/WPTexturize.php" line="234" assertions="6" time="0.030622"/>
        <testcase name="test_spaces_around_quotes_never" class="Tests_Formatting_WPTexturize" classname="Tests_Formatting_WPTexturize" file="/home/meng/Desktop/wptest/wordpress-develop/tests/phpunit/tests/formatting/WPTexturize.php" line="251" assertions="1" time="0.045233"/>
        <testsuite name="Tests_Formatting_WPTexturize::test_spaces_around_quotes" tests="9" assertions="9" errors="0" failures="0" skipped="0" time="0.289373">
          <testcase name="test_spaces_around_quotes with data set #0" class="Tests_Formatting_WPTexturize" classname="Tests_Formatting_WPTexturize" file="/home/meng/Desktop/wptest/wordpress-develop/tests/phpunit/tests/formatting/WPTexturize.php" line="268" assertions="1" time="0.033958"/>
          <testcase name="test_spaces_around_quotes with data set #1" class="Tests_Formatting_WPTexturize" classname="Tests_Formatting_WPTexturize" file="/home/meng/Desktop/wptest/wordpress-develop/tests/phpunit/tests/formatting/WPTexturize.php" line="268" assertions="1" time="0.032693"/>
          <testcase name="test_spaces_around_quotes with data set #2" class="Tests_Formatting_WPTexturize" classname="Tests_Formatting_WPTexturize" file="/home/meng/Desktop/wptest/wordpress-develop/tests/phpunit/tests/formatting/WPTexturize.php" line="268" assertions="1" time="0.034227"/>
          <testcase name="test_spaces_around_quotes with data set #3" class="Tests_Formatting_WPTexturize" classname="Tests_Formatting_WPTexturize" file="/home/meng/Desktop/wptest/wordpress-develop/tests/phpunit/tests/formatting/WPTexturize.php" line="268" assertions="1" time="0.030385"/>
          <testcase name="test_spaces_around_quotes with data set #4" class="Tests_Formatting_WPTexturize" classname="Tests_Formatting_WPTexturize" file="/home/meng/Desktop/wptest/wordpress-develop/tests/phpunit/tests/formatting/WPTexturize.php" line="268" assertions="1" time="0.030594"/>
          <testcase name="test_spaces_around_quotes with data set #5" class="Tests_Formatting_WPTexturize" classname="Tests_Formatting_WPTexturize" file="/home/meng/Desktop/wptest/wordpress-develop/tests/phpunit/tests/formatting/WPTexturize.php" line="268" assertions="1" time="0.031111"/>
          <testcase name="test_spaces_around_quotes with data set #6" class="Tests_Formatting_WPTexturize" classname="Tests_Formatting_WPTexturize" file="/home/meng/Desktop/wptest/wordpress-develop/tests/phpunit/tests/formatting/WPTexturize.php" line="268" assertions="1" time="0.032361"/>
          <testcase name="test_spaces_around_quotes with data set #7" class="Tests_Formatting_WPTexturize" classname="Tests_Formatting_WPTexturize" file="/home/meng/Desktop/wptest/wordpress-develop/tests/phpunit/tests/formatting/WPTexturize.php" line="268" assertions="1" time="0.030291"/>
          <testcase name="test_spaces_around_quotes with data set #8" class="Tests_Formatting_WPTexturize" classname="Tests_Formatting_WPTexturize" file="/home/meng/Desktop/wptest/wordpress-develop/tests/phpunit/tests/formatting/WPTexturize.php" line="268" assertions="1" time="0.033753"/>
        </testsuite>
        <testsuite name="Tests_Formatting_WPTexturize::test_apos_before_digits" tests="6" assertions="6" errors="0" failures="0" skipped="0" time="0.194208">
          <testcase name="test_apos_before_digits with data set #0" class="Tests_Formatting_WPTexturize" classname="Tests_Formatting_WPTexturize" file="/home/meng/Desktop/wptest/wordpress-develop/tests/phpunit/tests/formatting/WPTexturize.php" line="324" assertions="1" time="0.034499"/>
          <testcase name="test_apos_before_digits with data set #1" class="Tests_Formatting_WPTexturize" classname="Tests_Formatting_WPTexturize" file="/home/meng/Desktop/wptest/wordpress-develop/tests/phpunit/tests/formatting/WPTexturize.php" line="324" assertions="1" time="0.034710"/>
          <testcase name="test_apos_before_digits with data set #2" class="Tests_Formatting_WPTexturize" classname="Tests_Formatting_WPTexturize" file="/home/meng/Desktop/wptest/wordpress-develop/tests/phpunit/tests/formatting/WPTexturize.php" line="324" assertions="1" time="0.031803"/>
          <testcase name="test_apos_before_digits with data set #3" class="Tests_Formatting_WPTexturize" classname="Tests_Formatting_WPTexturize" file="/home/meng/Desktop/wptest/wordpress-develop/tests/phpunit/tests/formatting/WPTexturize.php" line="324" assertions="1" time="0.030779"/>
          <testcase name="test_apos_before_digits with data set #4" class="Tests_Formatting_WPTexturize" classname="Tests_Formatting_WPTexturize" file="/home/meng/Desktop/wptest/wordpress-develop/tests/phpunit/tests/formatting/WPTexturize.php" line="324" assertions="1" time="0.030535"/>
          <testcase name="test_apos_before_digits with data set #5" class="Tests_Formatting_WPTexturize" classname="Tests_Formatting_WPTexturize" file="/home/meng/Desktop/wptest/wordpress-develop/tests/phpunit/tests/formatting/WPTexturize.php" line="324" assertions="1" time="0.031882"/>
        </testsuite>
        <testsuite name="Tests_Formatting_WPTexturize::test_opening_single_quote" tests="28" assertions="28" errors="0" failures="0" skipped="0" time="0.877658">
          <testcase name="test_opening_single_quote with data set #0" class="Tests_Formatting_WPTexturize" classname="Tests_Formatting_WPTexturize" file="/home/meng/Desktop/wptest/wordpress-develop/tests/phpunit/tests/formatting/WPTexturize.php" line="365" assertions="1" time="0.030096"/>
          <testcase name="test_opening_single_quote with data set #1" class="Tests_Formatting_WPTexturize" classname="Tests_Formatting_WPTexturize" file="/home/meng/Desktop/wptest/wordpress-develop/tests/phpunit/tests/formatting/WPTexturize.php" line="365" assertions="1" time="0.030423"/>
          <testcase name="test_opening_single_quote with data set #2" class="Tests_Formatting_WPTexturize" classname="Tests_Formatting_WPTexturize" file="/home/meng/Desktop/wptest/wordpress-develop/tests/phpunit/tests/formatting/WPTexturize.php" line="365" assertions="1" time="0.031509"/>
          <testcase name="test_opening_single_quote with data set #3" class="Tests_Formatting_WPTexturize" classname="Tests_Formatting_WPTexturize" file="/home/meng/Desktop/wptest/wordpress-develop/tests/phpunit/tests/formatting/WPTexturize.php" line="365" assertions="1" time="0.029892"/>
          <testcase name="test_opening_single_quote with data set #4" class="Tests_Formatting_WPTexturize" classname="Tests_Formatting_WPTexturize" file="/home/meng/Desktop/wptest/wordpress-develop/tests/phpunit/tests/formatting/WPTexturize.php" line="365" assertions="1" time="0.031595"/>
          <testcase name="test_opening_single_quote with data set #5" class="Tests_Formatting_WPTexturize" classname="Tests_Formatting_WPTexturize" file="/home/meng/Desktop/wptest/wordpress-develop/tests/phpunit/tests/formatting/WPTexturize.php" line="365" assertions="1" time="0.030028"/>
          <testcase name="test_opening_single_quote with data set #6" class="Tests_Formatting_WPTexturize" classname="Tests_Formatting_WPTexturize" file="/home/meng/Desktop/wptest/wordpress-develop/tests/phpunit/tests/formatting/WPTexturize.php" line="365" assertions="1" time="0.030926"/>
          <testcase name="test_opening_single_quote with data set #7" class="Tests_Formatting_WPTexturize" classname="Tests_Formatting_WPTexturize" file="/home/meng/Desktop/wptest/wordpress-develop/tests/phpunit/tests/formatting/WPTexturize.php" line="365" assertions="1" time="0.030690"/>
          <testcase name="test_opening_single_quote with data set #8" class="Tests_Formatting_WPTexturize" classname="Tests_Formatting_WPTexturize" file="/home/meng/Desktop/wptest/wordpress-develop/tests/phpunit/tests/formatting/WPTexturize.php" line="365" assertions="1" time="0.030905"/>
          <testcase name="test_opening_single_quote with data set #9" class="Tests_Formatting_WPTexturize" classname="Tests_Formatting_WPTexturize" file="/home/meng/Desktop/wptest/wordpress-develop/tests/phpunit/tests/formatting/WPTexturize.php" line="365" assertions="1" time="0.030869"/>
          <testcase name="test_opening_single_quote with data set #10" class="Tests_Formatting_WPTexturize" classname="Tests_Formatting_WPTexturize" file="/home/meng/Desktop/wptest/wordpress-develop/tests/phpunit/tests/formatting/WPTexturize.php" line="365" assertions="1" time="0.035105"/>
          <testcase name="test_opening_single_quote with data set #11" class="Tests_Formatting_WPTexturize" classname="Tests_Formatting_WPTexturize" file="/home/meng/Desktop/wptest/wordpress-develop/tests/phpunit/tests/formatting/WPTexturize.php" line="365" assertions="1" time="0.030781"/>
          <testcase name="test_opening_single_quote with data set #12" class="Tests_Formatting_WPTexturize" classname="Tests_Formatting_WPTexturize" file="/home/meng/Desktop/wptest/wordpress-develop/tests/phpunit/tests/formatting/WPTexturize.php" line="365" assertions="1" time="0.029985"/>
          <testcase name="test_opening_single_quote with data set #13" class="Tests_Formatting_WPTexturize" classname="Tests_Formatting_WPTexturize" file="/home/meng/Desktop/wptest/wordpress-develop/tests/phpunit/tests/formatting/WPTexturize.php" line="365" assertions="1" time="0.033446"/>
          <testcase name="test_opening_single_quote with data set #14" class="Tests_Formatting_WPTexturize" classname="Tests_Formatting_WPTexturize" file="/home/meng/Desktop/wptest/wordpress-develop/tests/phpunit/tests/formatting/WPTexturize.php" line="365" assertions="1" time="0.031938"/>
          <testcase name="test_opening_single_quote with data set #15" class="Tests_Formatting_WPTexturize" classname="Tests_Formatting_WPTexturize" file="/home/meng/Desktop/wptest/wordpress-develop/tests/phpunit/tests/formatting/WPTexturize.php" line="365" assertions="1" time="0.031154"/>
          <testcase name="test_opening_single_quote with data set #16" class="Tests_Formatting_WPTexturize" classname="Tests_Formatting_WPTexturize" file="/home/meng/Desktop/wptest/wordpress-develop/tests/phpunit/tests/formatting/WPTexturize.php" line="365" assertions="1" time="0.030432"/>
          <testcase name="test_opening_single_quote with data set #17" class="Tests_Formatting_WPTexturize" classname="Tests_Formatting_WPTexturize" file="/home/meng/Desktop/wptest/wordpress-develop/tests/phpunit/tests/formatting/WPTexturize.php" line="365" assertions="1" time="0.030547"/>
          <testcase name="test_opening_single_quote with data set #18" class="Tests_Formatting_WPTexturize" classname="Tests_Formatting_WPTexturize" file="/home/meng/Desktop/wptest/wordpress-develop/tests/phpunit/tests/formatting/WPTexturize.php" line="365" assertions="1" time="0.030006"/>
          <testcase name="test_opening_single_quote with data set #19" class="Tests_Formatting_WPTexturize" classname="Tests_Formatting_WPTexturize" file="/home/meng/Desktop/wptest/wordpress-develop/tests/phpunit/tests/formatting/WPTexturize.php" line="365" assertions="1" time="0.030072"/>
          <testcase name="test_opening_single_quote with data set #20" class="Tests_Formatting_WPTexturize" classname="Tests_Formatting_WPTexturize" file="/home/meng/Desktop/wptest/wordpress-develop/tests/phpunit/tests/formatting/WPTexturize.php" line="365" assertions="1" time="0.030284"/>
          <testcase name="test_opening_single_quote with data set #21" class="Tests_Formatting_WPTexturize" classname="Tests_Formatting_WPTexturize" file="/home/meng/Desktop/wptest/wordpress-develop/tests/phpunit/tests/formatting/WPTexturize.php" line="365" assertions="1" time="0.030268"/>
          <testcase name="test_opening_single_quote with data set #22" class="Tests_Formatting_WPTexturize" classname="Tests_Formatting_WPTexturize" file="/home/meng/Desktop/wptest/wordpress-develop/tests/phpunit/tests/formatting/WPTexturize.php" line="365" assertions="1" time="0.030442"/>
          <testcase name="test_opening_single_quote with data set #23" class="Tests_Formatting_WPTexturize" classname="Tests_Formatting_WPTexturize" file="/home/meng/Desktop/wptest/wordpress-develop/tests/phpunit/tests/formatting/WPTexturize.php" line="365" assertions="1" time="0.031466"/>
          <testcase name="test_opening_single_quote with data set #24" class="Tests_Formatting_WPTexturize" classname="Tests_Formatting_WPTexturize" file="/home/meng/Desktop/wptest/wordpress-develop/tests/phpunit/tests/formatting/WPTexturize.php" line="365" assertions="1" time="0.029922"/>
          <testcase name="test_opening_single_quote with data set #25" class="Tests_Formatting_WPTexturize" classname="Tests_Formatting_WPTexturize" file="/home/meng/Desktop/wptest/wordpress-develop/tests/phpunit/tests/formatting/WPTexturize.php" line="365" assertions="1" time="0.043777"/>
          <testcase name="test_opening_single_quote with data set #26" class="Tests_Formatting_WPTexturize" classname="Tests_Formatting_WPTexturize" file="/home/meng/Desktop/wptest/wordpress-develop/tests/phpunit/tests/formatting/WPTexturize.php" line="365" assertions="1" time="0.030057"/>
          <testcase name="test_opening_single_quote with data set #27" class="Tests_Formatting_WPTexturize" classname="Tests_Formatting_WPTexturize" file="/home/meng/Desktop/wptest/wordpress-develop/tests/phpunit/tests/formatting/WPTexturize.php" line="365" assertions="1" time="0.031043"/>
        </testsuite>
        <testsuite name="Tests_Formatting_WPTexturize::test_double_prime" tests="4" assertions="4" errors="0" failures="0" skipped="0" time="0.132301">
          <testcase name="test_double_prime with data set #0" class="Tests_Formatting_WPTexturize" classname="Tests_Formatting_WPTexturize" file="/home/meng/Desktop/wptest/wordpress-develop/tests/phpunit/tests/formatting/WPTexturize.php" line="494" assertions="1" time="0.033811"/>
          <testcase name="test_double_prime with data set #1" class="Tests_Formatting_WPTexturize" classname="Tests_Formatting_WPTexturize" file="/home/meng/Desktop/wptest/wordpress-develop/tests/phpunit/tests/formatting/WPTexturize.php" line="494" assertions="1" time="0.032888"/>
          <testcase name="test_double_prime with data set #2" class="Tests_Formatting_WPTexturize" classname="Tests_Formatting_WPTexturize" file="/home/meng/Desktop/wptest/wordpress-develop/tests/phpunit/tests/formatting/WPTexturize.php" line="494" assertions="1" time="0.035497"/>
          <testcase name="test_double_prime with data set #3" class="Tests_Formatting_WPTexturize" classname="Tests_Formatting_WPTexturize" file="/home/meng/Desktop/wptest/wordpress-develop/tests/phpunit/tests/formatting/WPTexturize.php" line="494" assertions="1" time="0.030105"/>
        </testsuite>
        <testsuite name="Tests_Formatting_WPTexturize::test_single_prime" tests="4" assertions="4" errors="0" failures="0" skipped="0" time="0.136090">
          <testcase name="test_single_prime with data set #0" class="Tests_Formatting_WPTexturize" classname="Tests_Formatting_WPTexturize" file="/home/meng/Desktop/wptest/wordpress-develop/tests/phpunit/tests/formatting/WPTexturize.php" line="527" assertions="1" time="0.031664"/>
          <testcase name="test_single_prime with data set #1" class="Tests_Formatting_WPTexturize" classname="Tests_Formatting_WPTexturize" file="/home/meng/Desktop/wptest/wordpress-develop/tests/phpunit/tests/formatting/WPTexturize.php" line="527" assertions="1" time="0.035185"/>
          <testcase name="test_single_prime with data set #2" class="Tests_Formatting_WPTexturize" classname="Tests_Formatting_WPTexturize" file="/home/meng/Desktop/wptest/wordpress-develop/tests/phpunit/tests/formatting/WPTexturize.php" line="527" assertions="1" time="0.034175"/>
          <testcase name="test_single_prime with data set #3" class="Tests_Formatting_WPTexturize" classname="Tests_Formatting_WPTexturize" file="/home/meng/Desktop/wptest/wordpress-develop/tests/phpunit/tests/formatting/WPTexturize.php" line="527" assertions="1" time="0.035066"/>
        </testsuite>
        <testsuite name="Tests_Formatting_WPTexturize::test_contractions" tests="6" assertions="6" errors="0" failures="0" skipped="0" time="0.190286">
          <testcase name="test_contractions with data set #0" class="Tests_Formatting_WPTexturize" classname="Tests_Formatting_WPTexturize" file="/home/meng/Desktop/wptest/wordpress-develop/tests/phpunit/tests/formatting/WPTexturize.php" line="560" assertions="1" time="0.030864"/>
          <testcase name="test_contractions with data set #1" class="Tests_Formatting_WPTexturize" classname="Tests_Formatting_WPTexturize" file="/home/meng/Desktop/wptest/wordpress-develop/tests/phpunit/tests/formatting/WPTexturize.php" line="560" assertions="1" time="0.030616"/>
          <testcase name="test_contractions with data set #2" class="Tests_Formatting_WPTexturize" classname="Tests_Formatting_WPTexturize" file="/home/meng/Desktop/wptest/wordpress-develop/tests/phpunit/tests/formatting/WPTexturize.php" line="560" assertions="1" time="0.032607"/>
          <testcase name="test_contractions with data set #3" class="Tests_Formatting_WPTexturize" classname="Tests_Formatting_WPTexturize" file="/home/meng/Desktop/wptest/wordpress-develop/tests/phpunit/tests/formatting/WPTexturize.php" line="560" assertions="1" time="0.031031"/>
          <testcase name="test_contractions with data set #4" class="Tests_Formatting_WPTexturize" classname="Tests_Formatting_WPTexturize" file="/home/meng/Desktop/wptest/wordpress-develop/tests/phpunit/tests/formatting/WPTexturize.php" line="560" assertions="1" time="0.030443"/>
          <testcase name="test_contractions with data set #5" class="Tests_Formatting_WPTexturize" classname="Tests_Formatting_WPTexturize" file="/home/meng/Desktop/wptest/wordpress-develop/tests/phpunit/tests/formatting/WPTexturize.php" line="560" assertions="1" time="0.034725"/>
        </testsuite>
        <testsuite name="Tests_Formatting_WPTexturize::test_opening_quote" tests="15" assertions="15" errors="0" failures="0" skipped="0" time="0.466144">
          <testcase name="test_opening_quote with data set #0" class="Tests_Formatting_WPTexturize" classname="Tests_Formatting_WPTexturize" file="/home/meng/Desktop/wptest/wordpress-develop/tests/phpunit/tests/formatting/WPTexturize.php" line="601" assertions="1" time="0.031533"/>
          <testcase name="test_opening_quote with data set #1" class="Tests_Formatting_WPTexturize" classname="Tests_Formatting_WPTexturize" file="/home/meng/Desktop/wptest/wordpress-develop/tests/phpunit/tests/formatting/WPTexturize.php" line="601" assertions="1" time="0.030139"/>
          <testcase name="test_opening_quote with data set #2" class="Tests_Formatting_WPTexturize" classname="Tests_Formatting_WPTexturize" file="/home/meng/Desktop/wptest/wordpress-develop/tests/phpunit/tests/formatting/WPTexturize.php" line="601" assertions="1" time="0.030233"/>
          <testcase name="test_opening_quote with data set #3" class="Tests_Formatting_WPTexturize" classname="Tests_Formatting_WPTexturize" file="/home/meng/Desktop/wptest/wordpress-develop/tests/phpunit/tests/formatting/WPTexturize.php" line="601" assertions="1" time="0.031719"/>
          <testcase name="test_opening_quote with data set #4" class="Tests_Formatting_WPTexturize" classname="Tests_Formatting_WPTexturize" file="/home/meng/Desktop/wptest/wordpress-develop/tests/phpunit/tests/formatting/WPTexturize.php" line="601" assertions="1" time="0.030935"/>
          <testcase name="test_opening_quote with data set #5" class="Tests_Formatting_WPTexturize" classname="Tests_Formatting_WPTexturize" file="/home/meng/Desktop/wptest/wordpress-develop/tests/phpunit/tests/formatting/WPTexturize.php" line="601" assertions="1" time="0.031207"/>
          <testcase name="test_opening_quote with data set #6" class="Tests_Formatting_WPTexturize" classname="Tests_Formatting_WPTexturize" file="/home/meng/Desktop/wptest/wordpress-develop/tests/phpunit/tests/formatting/WPTexturize.php" line="601" assertions="1" time="0.029760"/>
          <testcase name="test_opening_quote with data set #7" class="Tests_Formatting_WPTexturize" classname="Tests_Formatting_WPTexturize" file="/home/meng/Desktop/wptest/wordpress-develop/tests/phpunit/tests/formatting/WPTexturize.php" line="601" assertions="1" time="0.030140"/>
          <testcase name="test_opening_quote with data set #8" class="Tests_Formatting_WPTexturize" classname="Tests_Formatting_WPTexturize" file="/home/meng/Desktop/wptest/wordpress-develop/tests/phpunit/tests/formatting/WPTexturize.php" line="601" assertions="1" time="0.030241"/>
          <testcase name="test_opening_quote with data set #9" class="Tests_Formatting_WPTexturize" classname="Tests_Formatting_WPTexturize" file="/home/meng/Desktop/wptest/wordpress-develop/tests/phpunit/tests/formatting/WPTexturize.php" line="601" assertions="1" time="0.034070"/>
          <testcase name="test_opening_quote with data set #10" class="Tests_Formatting_WPTexturize" classname="Tests_Formatting_WPTexturize" file="/home/meng/Desktop/wptest/wordpress-develop/tests/phpunit/tests/formatting/WPTexturize.php" line="601" assertions="1" time="0.030292"/>
          <testcase name="test_opening_quote with data set #11" class="Tests_Formatting_WPTexturize" classname="Tests_Formatting_WPTexturize" file="/home/meng/Desktop/wptest/wordpress-develop/tests/phpunit/tests/formatting/WPTexturize.php" line="601" assertions="1" time="0.031569"/>
          <testcase name="test_opening_quote with data set #12" class="Tests_Formatting_WPTexturize" classname="Tests_Formatting_WPTexturize" file="/home/meng/Desktop/wptest/wordpress-develop/tests/phpunit/tests/formatting/WPTexturize.php" line="601" assertions="1" time="0.032809"/>
          <testcase name="test_opening_quote with data set #13" class="Tests_Formatting_WPTexturize" classname="Tests_Formatting_WPTexturize" file="/home/meng/Desktop/wptest/wordpress-develop/tests/phpunit/tests/formatting/WPTexturize.php" line="601" assertions="1" time="0.030266"/>
          <testcase name="test_opening_quote with data set #14" class="Tests_Formatting_WPTexturize" classname="Tests_Formatting_WPTexturize" file="/home/meng/Desktop/wptest/wordpress-develop/tests/phpunit/tests/formatting/WPTexturize.php" line="601" assertions="1" time="0.031231"/>
        </testsuite>
        <testsuite name="Tests_Formatting_WPTexturize::test_closing_quote" tests="18" assertions="18" errors="0" failures="0" skipped="0" time="0.579052">
          <testcase name="test_closing_quote with data set #0" class="Tests_Formatting_WPTexturize" classname="Tests_Formatting_WPTexturize" file="/home/meng/Desktop/wptest/wordpress-develop/tests/phpunit/tests/formatting/WPTexturize.php" line="678" assertions="1" time="0.030424"/>
          <testcase name="test_closing_quote with data set #1" class="Tests_Formatting_WPTexturize" classname="Tests_Formatting_WPTexturize" file="/home/meng/Desktop/wptest/wordpress-develop/tests/phpunit/tests/formatting/WPTexturize.php" line="678" assertions="1" time="0.031006"/>
          <testcase name="test_closing_quote with data set #2" class="Tests_Formatting_WPTexturize" classname="Tests_Formatting_WPTexturize" file="/home/meng/Desktop/wptest/wordpress-develop/tests/phpunit/tests/formatting/WPTexturize.php" line="678" assertions="1" time="0.030719"/>
          <testcase name="test_closing_quote with data set #3" class="Tests_Formatting_WPTexturize" classname="Tests_Formatting_WPTexturize" file="/home/meng/Desktop/wptest/wordpress-develop/tests/phpunit/tests/formatting/WPTexturize.php" line="678" assertions="1" time="0.030535"/>
          <testcase name="test_closing_quote with data set #4" class="Tests_Formatting_WPTexturize" classname="Tests_Formatting_WPTexturize" file="/home/meng/Desktop/wptest/wordpress-develop/tests/phpunit/tests/formatting/WPTexturize.php" line="678" assertions="1" time="0.031285"/>
          <testcase name="test_closing_quote with data set #5" class="Tests_Formatting_WPTexturize" classname="Tests_Formatting_WPTexturize" file="/home/meng/Desktop/wptest/wordpress-develop/tests/phpunit/tests/formatting/WPTexturize.php" line="678" assertions="1" time="0.030154"/>
          <testcase name="test_closing_quote with data set #6" class="Tests_Formatting_WPTexturize" classname="Tests_Formatting_WPTexturize" file="/home/meng/Desktop/wptest/wordpress-develop/tests/phpunit/tests/formatting/WPTexturize.php" line="678" assertions="1" time="0.031575"/>
          <testcase name="test_closing_quote with data set #7" class="Tests_Formatting_WPTexturize" classname="Tests_Formatting_WPTexturize" file="/home/meng/Desktop/wptest/wordpress-develop/tests/phpunit/tests/formatting/WPTexturize.php" line="678" assertions="1" time="0.031716"/>
          <testcase name="test_closing_quote with data set #8" class="Tests_Formatting_WPTexturize" classname="Tests_Formatting_WPTexturize" file="/home/meng/Desktop/wptest/wordpress-develop/tests/phpunit/tests/formatting/WPTexturize.php" line="678" assertions="1" time="0.030327"/>
          <testcase name="test_closing_quote with data set #9" class="Tests_Formatting_WPTexturize" classname="Tests_Formatting_WPTexturize" file="/home/meng/Desktop/wptest/wordpress-develop/tests/phpunit/tests/formatting/WPTexturize.php" line="678" assertions="1" time="0.050177"/>
          <testcase name="test_closing_quote with data set #10" class="Tests_Formatting_WPTexturize" classname="Tests_Formatting_WPTexturize" file="/home/meng/Desktop/wptest/wordpress-develop/tests/phpunit/tests/formatting/WPTexturize.php" line="678" assertions="1" time="0.030837"/>
          <testcase name="test_closing_quote with data set #11" class="Tests_Formatting_WPTexturize" classname="Tests_Formatting_WPTexturize" file="/home/meng/Desktop/wptest/wordpress-develop/tests/phpunit/tests/formatting/WPTexturize.php" line="678" assertions="1" time="0.030392"/>
          <testcase name="test_closing_quote with data set #12" class="Tests_Formatting_WPTexturize" classname="Tests_Formatting_WPTexturize" file="/home/meng/Desktop/wptest/wordpress-develop/tests/phpunit/tests/formatting/WPTexturize.php" line="678" assertions="1" time="0.032432"/>
          <testcase name="test_closing_quote with data set #13" class="Tests_Formatting_WPTexturize" classname="Tests_Formatting_WPTexturize" file="/home/meng/Desktop/wptest/wordpress-develop/tests/phpunit/tests/formatting/WPTexturize.php" line="678" assertions="1" time="0.030794"/>
          <testcase name="test_closing_quote with data set #14" class="Tests_Formatting_WPTexturize" classname="Tests_Formatting_WPTexturize" file="/home/meng/Desktop/wptest/wordpress-develop/tests/phpunit/tests/formatting/WPTexturize.php" line="678" assertions="1" time="0.033189"/>
          <testcase name="test_closing_quote with data set #15" class="Tests_Formatting_WPTexturize" classname="Tests_Formatting_WPTexturize" file="/home/meng/Desktop/wptest/wordpress-develop/tests/phpunit/tests/formatting/WPTexturize.php" line="678" assertions="1" time="0.031220"/>
          <testcase name="test_closing_quote with data set #16" class="Tests_Formatting_WPTexturize" classname="Tests_Formatting_WPTexturize" file="/home/meng/Desktop/wptest/wordpress-develop/tests/phpunit/tests/formatting/WPTexturize.php" line="678" assertions="1" time="0.030587"/>
          <testcase name="test_closing_quote with data set #17" class="Tests_Formatting_WPTexturize" classname="Tests_Formatting_WPTexturize" file="/home/meng/Desktop/wptest/wordpress-develop/tests/phpunit/tests/formatting/WPTexturize.php" line="678" assertions="1" time="0.031683"/>
        </testsuite>
        <testsuite name="Tests_Formatting_WPTexturize::test_closing_single_quote" tests="18" assertions="18" errors="0" failures="0" skipped="0" time="0.561290">
          <testcase name="test_closing_single_quote with data set #0" class="Tests_Formatting_WPTexturize" classname="Tests_Formatting_WPTexturize" file="/home/meng/Desktop/wptest/wordpress-develop/tests/phpunit/tests/formatting/WPTexturize.php" line="767" assertions="1" time="0.030236"/>
          <testcase name="test_closing_single_quote with data set #1" class="Tests_Formatting_WPTexturize" classname="Tests_Formatting_WPTexturize" file="/home/meng/Desktop/wptest/wordpress-develop/tests/phpunit/tests/formatting/WPTexturize.php" line="767" assertions="1" time="0.030429"/>
          <testcase name="test_closing_single_quote with data set #2" class="Tests_Formatting_WPTexturize" classname="Tests_Formatting_WPTexturize" file="/home/meng/Desktop/wptest/wordpress-develop/tests/phpunit/tests/formatting/WPTexturize.php" line="767" assertions="1" time="0.030972"/>
          <testcase name="test_closing_single_quote with data set #3" class="Tests_Formatting_WPTexturize" classname="Tests_Formatting_WPTexturize" file="/home/meng/Desktop/wptest/wordpress-develop/tests/phpunit/tests/formatting/WPTexturize.php" line="767" assertions="1" time="0.030957"/>
          <testcase name="test_closing_single_quote with data set #4" class="Tests_Formatting_WPTexturize" classname="Tests_Formatting_WPTexturize" file="/home/meng/Desktop/wptest/wordpress-develop/tests/phpunit/tests/formatting/WPTexturize.php" line="767" assertions="1" time="0.031112"/>
          <testcase name="test_closing_single_quote with data set #5" class="Tests_Formatting_WPTexturize" classname="Tests_Formatting_WPTexturize" file="/home/meng/Desktop/wptest/wordpress-develop/tests/phpunit/tests/formatting/WPTexturize.php" line="767" assertions="1" time="0.031246"/>
          <testcase name="test_closing_single_quote with data set #6" class="Tests_Formatting_WPTexturize" classname="Tests_Formatting_WPTexturize" file="/home/meng/Desktop/wptest/wordpress-develop/tests/phpunit/tests/formatting/WPTexturize.php" line="767" assertions="1" time="0.029783"/>
          <testcase name="test_closing_single_quote with data set #7" class="Tests_Formatting_WPTexturize" classname="Tests_Formatting_WPTexturize" file="/home/meng/Desktop/wptest/wordpress-develop/tests/phpunit/tests/formatting/WPTexturize.php" line="767" assertions="1" time="0.031482"/>
          <testcase name="test_closing_single_quote with data set #8" class="Tests_Formatting_WPTexturize" classname="Tests_Formatting_WPTexturize" file="/home/meng/Desktop/wptest/wordpress-develop/tests/phpunit/tests/formatting/WPTexturize.php" line="767" assertions="1" time="0.030314"/>
          <testcase name="test_closing_single_quote with data set #9" class="Tests_Formatting_WPTexturize" classname="Tests_Formatting_WPTexturize" file="/home/meng/Desktop/wptest/wordpress-develop/tests/phpunit/tests/formatting/WPTexturize.php" line="767" assertions="1" time="0.031206"/>
          <testcase name="test_closing_single_quote with data set #10" class="Tests_Formatting_WPTexturize" classname="Tests_Formatting_WPTexturize" file="/home/meng/Desktop/wptest/wordpress-develop/tests/phpunit/tests/formatting/WPTexturize.php" line="767" assertions="1" time="0.031144"/>
          <testcase name="test_closing_single_quote with data set #11" class="Tests_Formatting_WPTexturize" classname="Tests_Formatting_WPTexturize" file="/home/meng/Desktop/wptest/wordpress-develop/tests/phpunit/tests/formatting/WPTexturize.php" line="767" assertions="1" time="0.033474"/>
          <testcase name="test_closing_single_quote with data set #12" class="Tests_Formatting_WPTexturize" classname="Tests_Formatting_WPTexturize" file="/home/meng/Desktop/wptest/wordpress-develop/tests/phpunit/tests/formatting/WPTexturize.php" line="767" assertions="1" time="0.031434"/>
          <testcase name="test_closing_single_quote with data set #13" class="Tests_Formatting_WPTexturize" classname="Tests_Formatting_WPTexturize" file="/home/meng/Desktop/wptest/wordpress-develop/tests/phpunit/tests/formatting/WPTexturize.php" line="767" assertions="1" time="0.031385"/>
          <testcase name="test_closing_single_quote with data set #14" class="Tests_Formatting_WPTexturize" classname="Tests_Formatting_WPTexturize" file="/home/meng/Desktop/wptest/wordpress-develop/tests/phpunit/tests/formatting/WPTexturize.php" line="767" assertions="1" time="0.030171"/>
          <testcase name="test_closing_single_quote with data set #15" class="Tests_Formatting_WPTexturize" classname="Tests_Formatting_WPTexturize" file="/home/meng/Desktop/wptest/wordpress-develop/tests/phpunit/tests/formatting/WPTexturize.php" line="767" assertions="1" time="0.032229"/>
          <testcase name="test_closing_single_quote with data set #16" class="Tests_Formatting_WPTexturize" classname="Tests_Formatting_WPTexturize" file="/home/meng/Desktop/wptest/wordpress-develop/tests/phpunit/tests/formatting/WPTexturize.php" line="767" assertions="1" time="0.030576"/>
          <testcase name="test_closing_single_quote with data set #17" class="Tests_Formatting_WPTexturize" classname="Tests_Formatting_WPTexturize" file="/home/meng/Desktop/wptest/wordpress-develop/tests/phpunit/tests/formatting/WPTexturize.php" line="767" assertions="1" time="0.033139"/>
        </testsuite>
        <testsuite name="Tests_Formatting_WPTexturize::test_multiplication" tests="8" assertions="8" errors="0" failures="0" skipped="0" time="0.244498">
          <testcase name="test_multiplication with data set #0" class="Tests_Formatting_WPTexturize" classname="Tests_Formatting_WPTexturize" file="/home/meng/Desktop/wptest/wordpress-develop/tests/phpunit/tests/formatting/WPTexturize.php" line="857" assertions="1" time="0.029828"/>
          <testcase name="test_multiplication with data set #1" class="Tests_Formatting_WPTexturize" classname="Tests_Formatting_WPTexturize" file="/home/meng/Desktop/wptest/wordpress-develop/tests/phpunit/tests/formatting/WPTexturize.php" line="857" assertions="1" time="0.030307"/>
          <testcase name="test_multiplication with data set #2" class="Tests_Formatting_WPTexturize" classname="Tests_Formatting_WPTexturize" file="/home/meng/Desktop/wptest/wordpress-develop/tests/phpunit/tests/formatting/WPTexturize.php" line="857" assertions="1" time="0.032289"/>
          <testcase name="test_multiplication with data set #3" class="Tests_Formatting_WPTexturize" classname="Tests_Formatting_WPTexturize" file="/home/meng/Desktop/wptest/wordpress-develop/tests/phpunit/tests/formatting/WPTexturize.php" line="857" assertions="1" time="0.030637"/>
          <testcase name="test_multiplication with data set #4" class="Tests_Formatting_WPTexturize" classname="Tests_Formatting_WPTexturize" file="/home/meng/Desktop/wptest/wordpress-develop/tests/phpunit/tests/formatting/WPTexturize.php" line="857" assertions="1" time="0.030680"/>
          <testcase name="test_multiplication with data set #5" class="Tests_Formatting_WPTexturize" classname="Tests_Formatting_WPTexturize" file="/home/meng/Desktop/wptest/wordpress-develop/tests/phpunit/tests/formatting/WPTexturize.php" line="857" assertions="1" time="0.030334"/>
          <testcase name="test_multiplication with data set #6" class="Tests_Formatting_WPTexturize" classname="Tests_Formatting_WPTexturize" file="/home/meng/Desktop/wptest/wordpress-develop/tests/phpunit/tests/formatting/WPTexturize.php" line="857" assertions="1" time="0.030131"/>
          <testcase name="test_multiplication with data set #7" class="Tests_Formatting_WPTexturize" classname="Tests_Formatting_WPTexturize" file="/home/meng/Desktop/wptest/wordpress-develop/tests/phpunit/tests/formatting/WPTexturize.php" line="857" assertions="1" time="0.030292"/>
        </testsuite>
        <testsuite name="Tests_Formatting_WPTexturize::test_ampersand" tests="12" assertions="12" errors="0" failures="0" skipped="0" time="0.383610">
          <testcase name="test_ampersand with data set #0" class="Tests_Formatting_WPTexturize" classname="Tests_Formatting_WPTexturize" file="/home/meng/Desktop/wptest/wordpress-develop/tests/phpunit/tests/formatting/WPTexturize.php" line="907" assertions="1" time="0.030919"/>
          <testcase name="test_ampersand with data set #1" class="Tests_Formatting_WPTexturize" classname="Tests_Formatting_WPTexturize" file="/home/meng/Desktop/wptest/wordpress-develop/tests/phpunit/tests/formatting/WPTexturize.php" line="907" assertions="1" time="0.032098"/>
          <testcase name="test_ampersand with data set #2" class="Tests_Formatting_WPTexturize" classname="Tests_Formatting_WPTexturize" file="/home/meng/Desktop/wptest/wordpress-develop/tests/phpunit/tests/formatting/WPTexturize.php" line="907" assertions="1" time="0.030435"/>
          <testcase name="test_ampersand with data set #3" class="Tests_Formatting_WPTexturize" classname="Tests_Formatting_WPTexturize" file="/home/meng/Desktop/wptest/wordpress-develop/tests/phpunit/tests/formatting/WPTexturize.php" line="907" assertions="1" time="0.030372"/>
          <testcase name="test_ampersand with data set #4" class="Tests_Formatting_WPTexturize" classname="Tests_Formatting_WPTexturize" file="/home/meng/Desktop/wptest/wordpress-develop/tests/phpunit/tests/formatting/WPTexturize.php" line="907" assertions="1" time="0.030334"/>
          <testcase name="test_ampersand with data set #5" class="Tests_Formatting_WPTexturize" classname="Tests_Formatting_WPTexturize" file="/home/meng/Desktop/wptest/wordpress-develop/tests/phpunit/tests/formatting/WPTexturize.php" line="907" assertions="1" time="0.030295"/>
          <testcase name="test_ampersand with data set #6" class="Tests_Formatting_WPTexturize" classname="Tests_Formatting_WPTexturize" file="/home/meng/Desktop/wptest/wordpress-develop/tests/phpunit/tests/formatting/WPTexturize.php" line="907" assertions="1" time="0.045859"/>
          <testcase name="test_ampersand with data set #7" class="Tests_Formatting_WPTexturize" classname="Tests_Formatting_WPTexturize" file="/home/meng/Desktop/wptest/wordpress-develop/tests/phpunit/tests/formatting/WPTexturize.php" line="907" assertions="1" time="0.030592"/>
          <testcase name="test_ampersand with data set #8" class="Tests_Formatting_WPTexturize" classname="Tests_Formatting_WPTexturize" file="/home/meng/Desktop/wptest/wordpress-develop/tests/phpunit/tests/formatting/WPTexturize.php" line="907" assertions="1" time="0.030102"/>
          <testcase name="test_ampersand with data set #9" class="Tests_Formatting_WPTexturize" classname="Tests_Formatting_WPTexturize" file="/home/meng/Desktop/wptest/wordpress-develop/tests/phpunit/tests/formatting/WPTexturize.php" line="907" assertions="1" time="0.030871"/>
          <testcase name="test_ampersand with data set #10" class="Tests_Formatting_WPTexturize" classname="Tests_Formatting_WPTexturize" file="/home/meng/Desktop/wptest/wordpress-develop/tests/phpunit/tests/formatting/WPTexturize.php" line="907" assertions="1" time="0.030313"/>
          <testcase name="test_ampersand with data set #11" class="Tests_Formatting_WPTexturize" classname="Tests_Formatting_WPTexturize" file="/home/meng/Desktop/wptest/wordpress-develop/tests/phpunit/tests/formatting/WPTexturize.php" line="907" assertions="1" time="0.031420"/>
        </testsuite>
        <testsuite name="Tests_Formatting_WPTexturize::test_cockney" tests="11" assertions="11" errors="0" failures="0" skipped="0" time="0.343996">
          <testcase name="test_cockney with data set #0" class="Tests_Formatting_WPTexturize" classname="Tests_Formatting_WPTexturize" file="/home/meng/Desktop/wptest/wordpress-develop/tests/phpunit/tests/formatting/WPTexturize.php" line="972" assertions="1" time="0.030350"/>
          <testcase name="test_cockney with data set #1" class="Tests_Formatting_WPTexturize" classname="Tests_Formatting_WPTexturize" file="/home/meng/Desktop/wptest/wordpress-develop/tests/phpunit/tests/formatting/WPTexturize.php" line="972" assertions="1" time="0.033968"/>
          <testcase name="test_cockney with data set #2" class="Tests_Formatting_WPTexturize" classname="Tests_Formatting_WPTexturize" file="/home/meng/Desktop/wptest/wordpress-develop/tests/phpunit/tests/formatting/WPTexturize.php" line="972" assertions="1" time="0.031069"/>
          <testcase name="test_cockney with data set #3" class="Tests_Formatting_WPTexturize" classname="Tests_Formatting_WPTexturize" file="/home/meng/Desktop/wptest/wordpress-develop/tests/phpunit/tests/formatting/WPTexturize.php" line="972" assertions="1" time="0.030648"/>
          <testcase name="test_cockney with data set #4" class="Tests_Formatting_WPTexturize" classname="Tests_Formatting_WPTexturize" file="/home/meng/Desktop/wptest/wordpress-develop/tests/phpunit/tests/formatting/WPTexturize.php" line="972" assertions="1" time="0.032708"/>
          <testcase name="test_cockney with data set #5" class="Tests_Formatting_WPTexturize" classname="Tests_Formatting_WPTexturize" file="/home/meng/Desktop/wptest/wordpress-develop/tests/phpunit/tests/formatting/WPTexturize.php" line="972" assertions="1" time="0.032214"/>
          <testcase name="test_cockney with data set #6" class="Tests_Formatting_WPTexturize" classname="Tests_Formatting_WPTexturize" file="/home/meng/Desktop/wptest/wordpress-develop/tests/phpunit/tests/formatting/WPTexturize.php" line="972" assertions="1" time="0.030235"/>
          <testcase name="test_cockney with data set #7" class="Tests_Formatting_WPTexturize" classname="Tests_Formatting_WPTexturize" file="/home/meng/Desktop/wptest/wordpress-develop/tests/phpunit/tests/formatting/WPTexturize.php" line="972" assertions="1" time="0.030616"/>
          <testcase name="test_cockney with data set #8" class="Tests_Formatting_WPTexturize" classname="Tests_Formatting_WPTexturize" file="/home/meng/Desktop/wptest/wordpress-develop/tests/phpunit/tests/formatting/WPTexturize.php" line="972" assertions="1" time="0.031068"/>
          <testcase name="test_cockney with data set #9" class="Tests_Formatting_WPTexturize" classname="Tests_Formatting_WPTexturize" file="/home/meng/Desktop/wptest/wordpress-develop/tests/phpunit/tests/formatting/WPTexturize.php" line="972" assertions="1" time="0.030157"/>
          <testcase name="test_cockney with data set #10" class="Tests_Formatting_WPTexturize" classname="Tests_Formatting_WPTexturize" file="/home/meng/Desktop/wptest/wordpress-develop/tests/phpunit/tests/formatting/WPTexturize.php" line="972" assertions="1" time="0.030963"/>
        </testsuite>
        <testsuite name="Tests_Formatting_WPTexturize::test_smart_dashes" tests="9" assertions="9" errors="0" failures="0" skipped="0" time="0.278416">
          <testcase name="test_smart_dashes with data set #0" class="Tests_Formatting_WPTexturize" classname="Tests_Formatting_WPTexturize" file="/home/meng/Desktop/wptest/wordpress-develop/tests/phpunit/tests/formatting/WPTexturize.php" line="1033" assertions="1" time="0.029678"/>
          <testcase name="test_smart_dashes with data set #1" class="Tests_Formatting_WPTexturize" classname="Tests_Formatting_WPTexturize" file="/home/meng/Desktop/wptest/wordpress-develop/tests/phpunit/tests/formatting/WPTexturize.php" line="1033" assertions="1" time="0.030151"/>
          <testcase name="test_smart_dashes with data set #2" class="Tests_Formatting_WPTexturize" classname="Tests_Formatting_WPTexturize" file="/home/meng/Desktop/wptest/wordpress-develop/tests/phpunit/tests/formatting/WPTexturize.php" line="1033" assertions="1" time="0.030721"/>
          <testcase name="test_smart_dashes with data set #3" class="Tests_Formatting_WPTexturize" classname="Tests_Formatting_WPTexturize" file="/home/meng/Desktop/wptest/wordpress-develop/tests/phpunit/tests/formatting/WPTexturize.php" line="1033" assertions="1" time="0.029716"/>
          <testcase name="test_smart_dashes with data set #4" class="Tests_Formatting_WPTexturize" classname="Tests_Formatting_WPTexturize" file="/home/meng/Desktop/wptest/wordpress-develop/tests/phpunit/tests/formatting/WPTexturize.php" line="1033" assertions="1" time="0.031686"/>
          <testcase name="test_smart_dashes with data set #5" class="Tests_Formatting_WPTexturize" classname="Tests_Formatting_WPTexturize" file="/home/meng/Desktop/wptest/wordpress-develop/tests/phpunit/tests/formatting/WPTexturize.php" line="1033" assertions="1" time="0.033897"/>
          <testcase name="test_smart_dashes with data set #6" class="Tests_Formatting_WPTexturize" classname="Tests_Formatting_WPTexturize" file="/home/meng/Desktop/wptest/wordpress-develop/tests/phpunit/tests/formatting/WPTexturize.php" line="1033" assertions="1" time="0.030777"/>
          <testcase name="test_smart_dashes with data set #7" class="Tests_Formatting_WPTexturize" classname="Tests_Formatting_WPTexturize" file="/home/meng/Desktop/wptest/wordpress-develop/tests/phpunit/tests/formatting/WPTexturize.php" line="1033" assertions="1" time="0.031568"/>
          <testcase name="test_smart_dashes with data set #8" class="Tests_Formatting_WPTexturize" classname="Tests_Formatting_WPTexturize" file="/home/meng/Desktop/wptest/wordpress-develop/tests/phpunit/tests/formatting/WPTexturize.php" line="1033" assertions="1" time="0.030222"/>
        </testsuite>
        <testsuite name="Tests_Formatting_WPTexturize::test_misc_static_replacements" tests="10" assertions="10" errors="0" failures="0" skipped="0" time="0.307168">
          <testcase name="test_misc_static_replacements with data set #0" class="Tests_Formatting_WPTexturize" classname="Tests_Formatting_WPTexturize" file="/home/meng/Desktop/wptest/wordpress-develop/tests/phpunit/tests/formatting/WPTexturize.php" line="1086" assertions="1" time="0.030776"/>
          <testcase name="test_misc_static_replacements with data set #1" class="Tests_Formatting_WPTexturize" classname="Tests_Formatting_WPTexturize" file="/home/meng/Desktop/wptest/wordpress-develop/tests/phpunit/tests/formatting/WPTexturize.php" line="1086" assertions="1" time="0.029936"/>
          <testcase name="test_misc_static_replacements with data set #2" class="Tests_Formatting_WPTexturize" classname="Tests_Formatting_WPTexturize" file="/home/meng/Desktop/wptest/wordpress-develop/tests/phpunit/tests/formatting/WPTexturize.php" line="1086" assertions="1" time="0.030617"/>
          <testcase name="test_misc_static_replacements with data set #3" class="Tests_Formatting_WPTexturize" classname="Tests_Formatting_WPTexturize" file="/home/meng/Desktop/wptest/wordpress-develop/tests/phpunit/tests/formatting/WPTexturize.php" line="1086" assertions="1" time="0.030319"/>
          <testcase name="test_misc_static_replacements with data set #4" class="Tests_Formatting_WPTexturize" classname="Tests_Formatting_WPTexturize" file="/home/meng/Desktop/wptest/wordpress-develop/tests/phpunit/tests/formatting/WPTexturize.php" line="1086" assertions="1" time="0.030071"/>
          <testcase name="test_misc_static_replacements with data set #5" class="Tests_Formatting_WPTexturize" classname="Tests_Formatting_WPTexturize" file="/home/meng/Desktop/wptest/wordpress-develop/tests/phpunit/tests/formatting/WPTexturize.php" line="1086" assertions="1" time="0.029840"/>
          <testcase name="test_misc_static_replacements with data set #6" class="Tests_Formatting_WPTexturize" classname="Tests_Formatting_WPTexturize" file="/home/meng/Desktop/wptest/wordpress-develop/tests/phpunit/tests/formatting/WPTexturize.php" line="1086" assertions="1" time="0.030618"/>
          <testcase name="test_misc_static_replacements with data set #7" class="Tests_Formatting_WPTexturize" classname="Tests_Formatting_WPTexturize" file="/home/meng/Desktop/wptest/wordpress-develop/tests/phpunit/tests/formatting/WPTexturize.php" line="1086" assertions="1" time="0.031100"/>
          <testcase name="test_misc_static_replacements with data set #8" class="Tests_Formatting_WPTexturize" classname="Tests_Formatting_WPTexturize" file="/home/meng/Desktop/wptest/wordpress-develop/tests/phpunit/tests/formatting/WPTexturize.php" line="1086" assertions="1" time="0.032026"/>
          <testcase name="test_misc_static_replacements with data set #9" class="Tests_Formatting_WPTexturize" classname="Tests_Formatting_WPTexturize" file="/home/meng/Desktop/wptest/wordpress-develop/tests/phpunit/tests/formatting/WPTexturize.php" line="1086" assertions="1" time="0.031865"/>
        </testsuite>
        <testsuite name="Tests_Formatting_WPTexturize::test_quoted_numbers" tests="9" assertions="9" errors="0" failures="0" skipped="0" time="0.280026">
          <testcase name="test_quoted_numbers with data set #0" class="Tests_Formatting_WPTexturize" classname="Tests_Formatting_WPTexturize" file="/home/meng/Desktop/wptest/wordpress-develop/tests/phpunit/tests/formatting/WPTexturize.php" line="1141" assertions="1" time="0.031085"/>
          <testcase name="test_quoted_numbers with data set #1" class="Tests_Formatting_WPTexturize" classname="Tests_Formatting_WPTexturize" file="/home/meng/Desktop/wptest/wordpress-develop/tests/phpunit/tests/formatting/WPTexturize.php" line="1141" assertions="1" time="0.030392"/>
          <testcase name="test_quoted_numbers with data set #2" class="Tests_Formatting_WPTexturize" classname="Tests_Formatting_WPTexturize" file="/home/meng/Desktop/wptest/wordpress-develop/tests/phpunit/tests/formatting/WPTexturize.php" line="1141" assertions="1" time="0.031652"/>
          <testcase name="test_quoted_numbers with data set #3" class="Tests_Formatting_WPTexturize" classname="Tests_Formatting_WPTexturize" file="/home/meng/Desktop/wptest/wordpress-develop/tests/phpunit/tests/formatting/WPTexturize.php" line="1141" assertions="1" time="0.030211"/>
          <testcase name="test_quoted_numbers with data set #4" class="Tests_Formatting_WPTexturize" classname="Tests_Formatting_WPTexturize" file="/home/meng/Desktop/wptest/wordpress-develop/tests/phpunit/tests/formatting/WPTexturize.php" line="1141" assertions="1" time="0.031758"/>
          <testcase name="test_quoted_numbers with data set #5" class="Tests_Formatting_WPTexturize" classname="Tests_Formatting_WPTexturize" file="/home/meng/Desktop/wptest/wordpress-develop/tests/phpunit/tests/formatting/WPTexturize.php" line="1141" assertions="1" time="0.031136"/>
          <testcase name="test_quoted_numbers with data set #6" class="Tests_Formatting_WPTexturize" classname="Tests_Formatting_WPTexturize" file="/home/meng/Desktop/wptest/wordpress-develop/tests/phpunit/tests/formatting/WPTexturize.php" line="1141" assertions="1" time="0.031537"/>
          <testcase name="test_quoted_numbers with data set #7" class="Tests_Formatting_WPTexturize" classname="Tests_Formatting_WPTexturize" file="/home/meng/Desktop/wptest/wordpress-develop/tests/phpunit/tests/formatting/WPTexturize.php" line="1141" assertions="1" time="0.031067"/>
          <testcase name="test_quoted_numbers with data set #8" class="Tests_Formatting_WPTexturize" classname="Tests_Formatting_WPTexturize" file="/home/meng/Desktop/wptest/wordpress-develop/tests/phpunit/tests/formatting/WPTexturize.php" line="1141" assertions="1" time="0.031188"/>
        </testsuite>
        <testsuite name="Tests_Formatting_WPTexturize::test_quotes_and_dashes" tests="12" assertions="12" errors="0" failures="0" skipped="0" time="0.378418">
          <testcase name="test_quotes_and_dashes with data set #0" class="Tests_Formatting_WPTexturize" classname="Tests_Formatting_WPTexturize" file="/home/meng/Desktop/wptest/wordpress-develop/tests/phpunit/tests/formatting/WPTexturize.php" line="1192" assertions="1" time="0.033546"/>
          <testcase name="test_quotes_and_dashes with data set #1" class="Tests_Formatting_WPTexturize" classname="Tests_Formatting_WPTexturize" file="/home/meng/Desktop/wptest/wordpress-develop/tests/phpunit/tests/formatting/WPTexturize.php" line="1192" assertions="1" time="0.031467"/>
          <testcase name="test_quotes_and_dashes with data set #2" class="Tests_Formatting_WPTexturize" classname="Tests_Formatting_WPTexturize" file="/home/meng/Desktop/wptest/wordpress-develop/tests/phpunit/tests/formatting/WPTexturize.php" line="1192" assertions="1" time="0.030408"/>
          <testcase name="test_quotes_and_dashes with data set #3" class="Tests_Formatting_WPTexturize" classname="Tests_Formatting_WPTexturize" file="/home/meng/Desktop/wptest/wordpress-develop/tests/phpunit/tests/formatting/WPTexturize.php" line="1192" assertions="1" time="0.031024"/>
          <testcase name="test_quotes_and_dashes with data set #4" class="Tests_Formatting_WPTexturize" classname="Tests_Formatting_WPTexturize" file="/home/meng/Desktop/wptest/wordpress-develop/tests/phpunit/tests/formatting/WPTexturize.php" line="1192" assertions="1" time="0.030830"/>
          <testcase name="test_quotes_and_dashes with data set #5" class="Tests_Formatting_WPTexturize" classname="Tests_Formatting_WPTexturize" file="/home/meng/Desktop/wptest/wordpress-develop/tests/phpunit/tests/formatting/WPTexturize.php" line="1192" assertions="1" time="0.031416"/>
          <testcase name="test_quotes_and_dashes with data set #6" class="Tests_Formatting_WPTexturize" classname="Tests_Formatting_WPTexturize" file="/home/meng/Desktop/wptest/wordpress-develop/tests/phpunit/tests/formatting/WPTexturize.php" line="1192" assertions="1" time="0.030474"/>
          <testcase name="test_quotes_and_dashes with data set #7" class="Tests_Formatting_WPTexturize" classname="Tests_Formatting_WPTexturize" file="/home/meng/Desktop/wptest/wordpress-develop/tests/phpunit/tests/formatting/WPTexturize.php" line="1192" assertions="1" time="0.030447"/>
          <testcase name="test_quotes_and_dashes with data set #8" class="Tests_Formatting_WPTexturize" classname="Tests_Formatting_WPTexturize" file="/home/meng/Desktop/wptest/wordpress-develop/tests/phpunit/tests/formatting/WPTexturize.php" line="1192" assertions="1" time="0.030845"/>
          <testcase name="test_quotes_and_dashes with data set #9" class="Tests_Formatting_WPTexturize" classname="Tests_Formatting_WPTexturize" file="/home/meng/Desktop/wptest/wordpress-develop/tests/phpunit/tests/formatting/WPTexturize.php" line="1192" assertions="1" time="0.035859"/>
          <testcase name="test_quotes_and_dashes with data set #10" class="Tests_Formatting_WPTexturize" classname="Tests_Formatting_WPTexturize" file="/home/meng/Desktop/wptest/wordpress-develop/tests/phpunit/tests/formatting/WPTexturize.php" line="1192" assertions="1" time="0.031041"/>
          <testcase name="test_quotes_and_dashes with data set #11" class="Tests_Formatting_WPTexturize" classname="Tests_Formatting_WPTexturize" file="/home/meng/Desktop/wptest/wordpress-develop/tests/phpunit/tests/formatting/WPTexturize.php" line="1192" assertions="1" time="0.031061"/>
        </testsuite>
        <testsuite name="Tests_Formatting_WPTexturize::test_tag_avoidance" tests="52" assertions="52" errors="0" failures="0" skipped="0" time="1.654845">
          <testcase name="test_tag_avoidance with data set #0" class="Tests_Formatting_WPTexturize" classname="Tests_Formatting_WPTexturize" file="/home/meng/Desktop/wptest/wordpress-develop/tests/phpunit/tests/formatting/WPTexturize.php" line="1255" assertions="1" time="0.030655"/>
          <testcase name="test_tag_avoidance with data set #1" class="Tests_Formatting_WPTexturize" classname="Tests_Formatting_WPTexturize" file="/home/meng/Desktop/wptest/wordpress-develop/tests/phpunit/tests/formatting/WPTexturize.php" line="1255" assertions="1" time="0.032317"/>
          <testcase name="test_tag_avoidance with data set #2" class="Tests_Formatting_WPTexturize" classname="Tests_Formatting_WPTexturize" file="/home/meng/Desktop/wptest/wordpress-develop/tests/phpunit/tests/formatting/WPTexturize.php" line="1255" assertions="1" time="0.030555"/>
          <testcase name="test_tag_avoidance with data set #3" class="Tests_Formatting_WPTexturize" classname="Tests_Formatting_WPTexturize" file="/home/meng/Desktop/wptest/wordpress-develop/tests/phpunit/tests/formatting/WPTexturize.php" line="1255" assertions="1" time="0.031540"/>
          <testcase name="test_tag_avoidance with data set #4" class="Tests_Formatting_WPTexturize" classname="Tests_Formatting_WPTexturize" file="/home/meng/Desktop/wptest/wordpress-develop/tests/phpunit/tests/formatting/WPTexturize.php" line="1255" assertions="1" time="0.031644"/>
          <testcase name="test_tag_avoidance with data set #5" class="Tests_Formatting_WPTexturize" classname="Tests_Formatting_WPTexturize" file="/home/meng/Desktop/wptest/wordpress-develop/tests/phpunit/tests/formatting/WPTexturize.php" line="1255" assertions="1" time="0.030600"/>
          <testcase name="test_tag_avoidance with data set #6" class="Tests_Formatting_WPTexturize" classname="Tests_Formatting_WPTexturize" file="/home/meng/Desktop/wptest/wordpress-develop/tests/phpunit/tests/formatting/WPTexturize.php" line="1255" assertions="1" time="0.030764"/>
          <testcase name="test_tag_avoidance with data set #7" class="Tests_Formatting_WPTexturize" classname="Tests_Formatting_WPTexturize" file="/home/meng/Desktop/wptest/wordpress-develop/tests/phpunit/tests/formatting/WPTexturize.php" line="1255" assertions="1" time="0.033525"/>
          <testcase name="test_tag_avoidance with data set #8" class="Tests_Formatting_WPTexturize" classname="Tests_Formatting_WPTexturize" file="/home/meng/Desktop/wptest/wordpress-develop/tests/phpunit/tests/formatting/WPTexturize.php" line="1255" assertions="1" time="0.032690"/>
          <testcase name="test_tag_avoidance with data set #9" class="Tests_Formatting_WPTexturize" classname="Tests_Formatting_WPTexturize" file="/home/meng/Desktop/wptest/wordpress-develop/tests/phpunit/tests/formatting/WPTexturize.php" line="1255" assertions="1" time="0.031319"/>
          <testcase name="test_tag_avoidance with data set #10" class="Tests_Formatting_WPTexturize" classname="Tests_Formatting_WPTexturize" file="/home/meng/Desktop/wptest/wordpress-develop/tests/phpunit/tests/formatting/WPTexturize.php" line="1255" assertions="1" time="0.033923"/>
          <testcase name="test_tag_avoidance with data set #11" class="Tests_Formatting_WPTexturize" classname="Tests_Formatting_WPTexturize" file="/home/meng/Desktop/wptest/wordpress-develop/tests/phpunit/tests/formatting/WPTexturize.php" line="1255" assertions="1" time="0.030196"/>
          <testcase name="test_tag_avoidance with data set #12" class="Tests_Formatting_WPTexturize" classname="Tests_Formatting_WPTexturize" file="/home/meng/Desktop/wptest/wordpress-develop/tests/phpunit/tests/formatting/WPTexturize.php" line="1255" assertions="1" time="0.030824"/>
          <testcase name="test_tag_avoidance with data set #13" class="Tests_Formatting_WPTexturize" classname="Tests_Formatting_WPTexturize" file="/home/meng/Desktop/wptest/wordpress-develop/tests/phpunit/tests/formatting/WPTexturize.php" line="1255" assertions="1" time="0.030783"/>
          <testcase name="test_tag_avoidance with data set #14" class="Tests_Formatting_WPTexturize" classname="Tests_Formatting_WPTexturize" file="/home/meng/Desktop/wptest/wordpress-develop/tests/phpunit/tests/formatting/WPTexturize.php" line="1255" assertions="1" time="0.030602"/>
          <testcase name="test_tag_avoidance with data set #15" class="Tests_Formatting_WPTexturize" classname="Tests_Formatting_WPTexturize" file="/home/meng/Desktop/wptest/wordpress-develop/tests/phpunit/tests/formatting/WPTexturize.php" line="1255" assertions="1" time="0.034255"/>
          <testcase name="test_tag_avoidance with data set #16" class="Tests_Formatting_WPTexturize" classname="Tests_Formatting_WPTexturize" file="/home/meng/Desktop/wptest/wordpress-develop/tests/phpunit/tests/formatting/WPTexturize.php" line="1255" assertions="1" time="0.030381"/>
          <testcase name="test_tag_avoidance with data set #17" class="Tests_Formatting_WPTexturize" classname="Tests_Formatting_WPTexturize" file="/home/meng/Desktop/wptest/wordpress-develop/tests/phpunit/tests/formatting/WPTexturize.php" line="1255" assertions="1" time="0.030305"/>
          <testcase name="test_tag_avoidance with data set #18" class="Tests_Formatting_WPTexturize" classname="Tests_Formatting_WPTexturize" file="/home/meng/Desktop/wptest/wordpress-develop/tests/phpunit/tests/formatting/WPTexturize.php" line="1255" assertions="1" time="0.030071"/>
          <testcase name="test_tag_avoidance with data set #19" class="Tests_Formatting_WPTexturize" classname="Tests_Formatting_WPTexturize" file="/home/meng/Desktop/wptest/wordpress-develop/tests/phpunit/tests/formatting/WPTexturize.php" line="1255" assertions="1" time="0.030751"/>
          <testcase name="test_tag_avoidance with data set #20" class="Tests_Formatting_WPTexturize" classname="Tests_Formatting_WPTexturize" file="/home/meng/Desktop/wptest/wordpress-develop/tests/phpunit/tests/formatting/WPTexturize.php" line="1255" assertions="1" time="0.030419"/>
          <testcase name="test_tag_avoidance with data set #21" class="Tests_Formatting_WPTexturize" classname="Tests_Formatting_WPTexturize" file="/home/meng/Desktop/wptest/wordpress-develop/tests/phpunit/tests/formatting/WPTexturize.php" line="1255" assertions="1" time="0.034417"/>
          <testcase name="test_tag_avoidance with data set #22" class="Tests_Formatting_WPTexturize" classname="Tests_Formatting_WPTexturize" file="/home/meng/Desktop/wptest/wordpress-develop/tests/phpunit/tests/formatting/WPTexturize.php" line="1255" assertions="1" time="0.030895"/>
          <testcase name="test_tag_avoidance with data set #23" class="Tests_Formatting_WPTexturize" classname="Tests_Formatting_WPTexturize" file="/home/meng/Desktop/wptest/wordpress-develop/tests/phpunit/tests/formatting/WPTexturize.php" line="1255" assertions="1" time="0.030157"/>
          <testcase name="test_tag_avoidance with data set #24" class="Tests_Formatting_WPTexturize" classname="Tests_Formatting_WPTexturize" file="/home/meng/Desktop/wptest/wordpress-develop/tests/phpunit/tests/formatting/WPTexturize.php" line="1255" assertions="1" time="0.030953"/>
          <testcase name="test_tag_avoidance with data set #25" class="Tests_Formatting_WPTexturize" classname="Tests_Formatting_WPTexturize" file="/home/meng/Desktop/wptest/wordpress-develop/tests/phpunit/tests/formatting/WPTexturize.php" line="1255" assertions="1" time="0.045160"/>
          <testcase name="test_tag_avoidance with data set #26" class="Tests_Formatting_WPTexturize" classname="Tests_Formatting_WPTexturize" file="/home/meng/Desktop/wptest/wordpress-develop/tests/phpunit/tests/formatting/WPTexturize.php" line="1255" assertions="1" time="0.030957"/>
          <testcase name="test_tag_avoidance with data set #27" class="Tests_Formatting_WPTexturize" classname="Tests_Formatting_WPTexturize" file="/home/meng/Desktop/wptest/wordpress-develop/tests/phpunit/tests/formatting/WPTexturize.php" line="1255" assertions="1" time="0.031960"/>
          <testcase name="test_tag_avoidance with data set #28" class="Tests_Formatting_WPTexturize" classname="Tests_Formatting_WPTexturize" file="/home/meng/Desktop/wptest/wordpress-develop/tests/phpunit/tests/formatting/WPTexturize.php" line="1255" assertions="1" time="0.032980"/>
          <testcase name="test_tag_avoidance with data set #29" class="Tests_Formatting_WPTexturize" classname="Tests_Formatting_WPTexturize" file="/home/meng/Desktop/wptest/wordpress-develop/tests/phpunit/tests/formatting/WPTexturize.php" line="1255" assertions="1" time="0.029971"/>
          <testcase name="test_tag_avoidance with data set #30" class="Tests_Formatting_WPTexturize" classname="Tests_Formatting_WPTexturize" file="/home/meng/Desktop/wptest/wordpress-develop/tests/phpunit/tests/formatting/WPTexturize.php" line="1255" assertions="1" time="0.030436"/>
          <testcase name="test_tag_avoidance with data set #31" class="Tests_Formatting_WPTexturize" classname="Tests_Formatting_WPTexturize" file="/home/meng/Desktop/wptest/wordpress-develop/tests/phpunit/tests/formatting/WPTexturize.php" line="1255" assertions="1" time="0.031311"/>
          <testcase name="test_tag_avoidance with data set #32" class="Tests_Formatting_WPTexturize" classname="Tests_Formatting_WPTexturize" file="/home/meng/Desktop/wptest/wordpress-develop/tests/phpunit/tests/formatting/WPTexturize.php" line="1255" assertions="1" time="0.031095"/>
          <testcase name="test_tag_avoidance with data set #33" class="Tests_Formatting_WPTexturize" classname="Tests_Formatting_WPTexturize" file="/home/meng/Desktop/wptest/wordpress-develop/tests/phpunit/tests/formatting/WPTexturize.php" line="1255" assertions="1" time="0.030692"/>
          <testcase name="test_tag_avoidance with data set #34" class="Tests_Formatting_WPTexturize" classname="Tests_Formatting_WPTexturize" file="/home/meng/Desktop/wptest/wordpress-develop/tests/phpunit/tests/formatting/WPTexturize.php" line="1255" assertions="1" time="0.030542"/>
          <testcase name="test_tag_avoidance with data set #35" class="Tests_Formatting_WPTexturize" classname="Tests_Formatting_WPTexturize" file="/home/meng/Desktop/wptest/wordpress-develop/tests/phpunit/tests/formatting/WPTexturize.php" line="1255" assertions="1" time="0.030976"/>
          <testcase name="test_tag_avoidance with data set #36" class="Tests_Formatting_WPTexturize" classname="Tests_Formatting_WPTexturize" file="/home/meng/Desktop/wptest/wordpress-develop/tests/phpunit/tests/formatting/WPTexturize.php" line="1255" assertions="1" time="0.031665"/>
          <testcase name="test_tag_avoidance with data set #37" class="Tests_Formatting_WPTexturize" classname="Tests_Formatting_WPTexturize" file="/home/meng/Desktop/wptest/wordpress-develop/tests/phpunit/tests/formatting/WPTexturize.php" line="1255" assertions="1" time="0.034006"/>
          <testcase name="test_tag_avoidance with data set #38" class="Tests_Formatting_WPTexturize" classname="Tests_Formatting_WPTexturize" file="/home/meng/Desktop/wptest/wordpress-develop/tests/phpunit/tests/formatting/WPTexturize.php" line="1255" assertions="1" time="0.032295"/>
          <testcase name="test_tag_avoidance with data set #39" class="Tests_Formatting_WPTexturize" classname="Tests_Formatting_WPTexturize" file="/home/meng/Desktop/wptest/wordpress-develop/tests/phpunit/tests/formatting/WPTexturize.php" line="1255" assertions="1" time="0.030979"/>
          <testcase name="test_tag_avoidance with data set #40" class="Tests_Formatting_WPTexturize" classname="Tests_Formatting_WPTexturize" file="/home/meng/Desktop/wptest/wordpress-develop/tests/phpunit/tests/formatting/WPTexturize.php" line="1255" assertions="1" time="0.030979"/>
          <testcase name="test_tag_avoidance with data set #41" class="Tests_Formatting_WPTexturize" classname="Tests_Formatting_WPTexturize" file="/home/meng/Desktop/wptest/wordpress-develop/tests/phpunit/tests/formatting/WPTexturize.php" line="1255" assertions="1" time="0.032225"/>
          <testcase name="test_tag_avoidance with data set #42" class="Tests_Formatting_WPTexturize" classname="Tests_Formatting_WPTexturize" file="/home/meng/Desktop/wptest/wordpress-develop/tests/phpunit/tests/formatting/WPTexturize.php" line="1255" assertions="1" time="0.031292"/>
          <testcase name="test_tag_avoidance with data set #43" class="Tests_Formatting_WPTexturize" classname="Tests_Formatting_WPTexturize" file="/home/meng/Desktop/wptest/wordpress-develop/tests/phpunit/tests/formatting/WPTexturize.php" line="1255" assertions="1" time="0.032063"/>
          <testcase name="test_tag_avoidance with data set #44" class="Tests_Formatting_WPTexturize" classname="Tests_Formatting_WPTexturize" file="/home/meng/Desktop/wptest/wordpress-develop/tests/phpunit/tests/formatting/WPTexturize.php" line="1255" assertions="1" time="0.033872"/>
          <testcase name="test_tag_avoidance with data set #45" class="Tests_Formatting_WPTexturize" classname="Tests_Formatting_WPTexturize" file="/home/meng/Desktop/wptest/wordpress-develop/tests/phpunit/tests/formatting/WPTexturize.php" line="1255" assertions="1" time="0.033815"/>
          <testcase name="test_tag_avoidance with data set #46" class="Tests_Formatting_WPTexturize" classname="Tests_Formatting_WPTexturize" file="/home/meng/Desktop/wptest/wordpress-develop/tests/phpunit/tests/formatting/WPTexturize.php" line="1255" assertions="1" time="0.031613"/>
          <testcase name="test_tag_avoidance with data set #47" class="Tests_Formatting_WPTexturize" classname="Tests_Formatting_WPTexturize" file="/home/meng/Desktop/wptest/wordpress-develop/tests/phpunit/tests/formatting/WPTexturize.php" line="1255" assertions="1" time="0.031654"/>
          <testcase name="test_tag_avoidance with data set #48" class="Tests_Formatting_WPTexturize" classname="Tests_Formatting_WPTexturize" file="/home/meng/Desktop/wptest/wordpress-develop/tests/phpunit/tests/formatting/WPTexturize.php" line="1255" assertions="1" time="0.030632"/>
          <testcase name="test_tag_avoidance with data set #49" class="Tests_Formatting_WPTexturize" classname="Tests_Formatting_WPTexturize" file="/home/meng/Desktop/wptest/wordpress-develop/tests/phpunit/tests/formatting/WPTexturize.php" line="1255" assertions="1" time="0.031827"/>
          <testcase name="test_tag_avoidance with data set #50" class="Tests_Formatting_WPTexturize" classname="Tests_Formatting_WPTexturize" file="/home/meng/Desktop/wptest/wordpress-develop/tests/phpunit/tests/formatting/WPTexturize.php" line="1255" assertions="1" time="0.032502"/>
          <testcase name="test_tag_avoidance with data set #51" class="Tests_Formatting_WPTexturize" classname="Tests_Formatting_WPTexturize" file="/home/meng/Desktop/wptest/wordpress-develop/tests/phpunit/tests/formatting/WPTexturize.php" line="1255" assertions="1" time="0.032806"/>
        </testsuite>
        <testsuite name="Tests_Formatting_WPTexturize::test_year_abbr" tests="18" assertions="18" errors="0" failures="0" skipped="0" time="0.565933">
          <testcase name="test_year_abbr with data set #0" class="Tests_Formatting_WPTexturize" classname="Tests_Formatting_WPTexturize" file="/home/meng/Desktop/wptest/wordpress-develop/tests/phpunit/tests/formatting/WPTexturize.php" line="1478" assertions="1" time="0.030815"/>
          <testcase name="test_year_abbr with data set #1" class="Tests_Formatting_WPTexturize" classname="Tests_Formatting_WPTexturize" file="/home/meng/Desktop/wptest/wordpress-develop/tests/phpunit/tests/formatting/WPTexturize.php" line="1478" assertions="1" time="0.030792"/>
          <testcase name="test_year_abbr with data set #2" class="Tests_Formatting_WPTexturize" classname="Tests_Formatting_WPTexturize" file="/home/meng/Desktop/wptest/wordpress-develop/tests/phpunit/tests/formatting/WPTexturize.php" line="1478" assertions="1" time="0.030451"/>
          <testcase name="test_year_abbr with data set #3" class="Tests_Formatting_WPTexturize" classname="Tests_Formatting_WPTexturize" file="/home/meng/Desktop/wptest/wordpress-develop/tests/phpunit/tests/formatting/WPTexturize.php" line="1478" assertions="1" time="0.030467"/>
          <testcase name="test_year_abbr with data set #4" class="Tests_Formatting_WPTexturize" classname="Tests_Formatting_WPTexturize" file="/home/meng/Desktop/wptest/wordpress-develop/tests/phpunit/tests/formatting/WPTexturize.php" line="1478" assertions="1" time="0.032812"/>
          <testcase name="test_year_abbr with data set #5" class="Tests_Formatting_WPTexturize" classname="Tests_Formatting_WPTexturize" file="/home/meng/Desktop/wptest/wordpress-develop/tests/phpunit/tests/formatting/WPTexturize.php" line="1478" assertions="1" time="0.030891"/>
          <testcase name="test_year_abbr with data set #6" class="Tests_Formatting_WPTexturize" classname="Tests_Formatting_WPTexturize" file="/home/meng/Desktop/wptest/wordpress-develop/tests/phpunit/tests/formatting/WPTexturize.php" line="1478" assertions="1" time="0.030621"/>
          <testcase name="test_year_abbr with data set #7" class="Tests_Formatting_WPTexturize" classname="Tests_Formatting_WPTexturize" file="/home/meng/Desktop/wptest/wordpress-develop/tests/phpunit/tests/formatting/WPTexturize.php" line="1478" assertions="1" time="0.031328"/>
          <testcase name="test_year_abbr with data set #8" class="Tests_Formatting_WPTexturize" classname="Tests_Formatting_WPTexturize" file="/home/meng/Desktop/wptest/wordpress-develop/tests/phpunit/tests/formatting/WPTexturize.php" line="1478" assertions="1" time="0.030844"/>
          <testcase name="test_year_abbr with data set #9" class="Tests_Formatting_WPTexturize" classname="Tests_Formatting_WPTexturize" file="/home/meng/Desktop/wptest/wordpress-develop/tests/phpunit/tests/formatting/WPTexturize.php" line="1478" assertions="1" time="0.030993"/>
          <testcase name="test_year_abbr with data set #10" class="Tests_Formatting_WPTexturize" classname="Tests_Formatting_WPTexturize" file="/home/meng/Desktop/wptest/wordpress-develop/tests/phpunit/tests/formatting/WPTexturize.php" line="1478" assertions="1" time="0.030658"/>
          <testcase name="test_year_abbr with data set #11" class="Tests_Formatting_WPTexturize" classname="Tests_Formatting_WPTexturize" file="/home/meng/Desktop/wptest/wordpress-develop/tests/phpunit/tests/formatting/WPTexturize.php" line="1478" assertions="1" time="0.030671"/>
          <testcase name="test_year_abbr with data set #12" class="Tests_Formatting_WPTexturize" classname="Tests_Formatting_WPTexturize" file="/home/meng/Desktop/wptest/wordpress-develop/tests/phpunit/tests/formatting/WPTexturize.php" line="1478" assertions="1" time="0.030516"/>
          <testcase name="test_year_abbr with data set #13" class="Tests_Formatting_WPTexturize" classname="Tests_Formatting_WPTexturize" file="/home/meng/Desktop/wptest/wordpress-develop/tests/phpunit/tests/formatting/WPTexturize.php" line="1478" assertions="1" time="0.035794"/>
          <testcase name="test_year_abbr with data set #14" class="Tests_Formatting_WPTexturize" classname="Tests_Formatting_WPTexturize" file="/home/meng/Desktop/wptest/wordpress-develop/tests/phpunit/tests/formatting/WPTexturize.php" line="1478" assertions="1" time="0.030366"/>
          <testcase name="test_year_abbr with data set #15" class="Tests_Formatting_WPTexturize" classname="Tests_Formatting_WPTexturize" file="/home/meng/Desktop/wptest/wordpress-develop/tests/phpunit/tests/formatting/WPTexturize.php" line="1478" assertions="1" time="0.030524"/>
          <testcase name="test_year_abbr with data set #16" class="Tests_Formatting_WPTexturize" classname="Tests_Formatting_WPTexturize" file="/home/meng/Desktop/wptest/wordpress-develop/tests/phpunit/tests/formatting/WPTexturize.php" line="1478" assertions="1" time="0.034363"/>
          <testcase name="test_year_abbr with data set #17" class="Tests_Formatting_WPTexturize" classname="Tests_Formatting_WPTexturize" file="/home/meng/Desktop/wptest/wordpress-develop/tests/phpunit/tests/formatting/WPTexturize.php" line="1478" assertions="1" time="0.033027"/>
        </testsuite>
        <testsuite name="Tests_Formatting_WPTexturize::test_translate" tests="44" assertions="44" errors="0" failures="0" skipped="0" time="1.423261">
          <testcase name="test_translate with data set #0" class="Tests_Formatting_WPTexturize" classname="Tests_Formatting_WPTexturize" file="/home/meng/Desktop/wptest/wordpress-develop/tests/phpunit/tests/formatting/WPTexturize.php" line="1567" assertions="1" time="0.032718"/>
          <testcase name="test_translate with data set #1" class="Tests_Formatting_WPTexturize" classname="Tests_Formatting_WPTexturize" file="/home/meng/Desktop/wptest/wordpress-develop/tests/phpunit/tests/formatting/WPTexturize.php" line="1567" assertions="1" time="0.031755"/>
          <testcase name="test_translate with data set #2" class="Tests_Formatting_WPTexturize" classname="Tests_Formatting_WPTexturize" file="/home/meng/Desktop/wptest/wordpress-develop/tests/phpunit/tests/formatting/WPTexturize.php" line="1567" assertions="1" time="0.031591"/>
          <testcase name="test_translate with data set #3" class="Tests_Formatting_WPTexturize" classname="Tests_Formatting_WPTexturize" file="/home/meng/Desktop/wptest/wordpress-develop/tests/phpunit/tests/formatting/WPTexturize.php" line="1567" assertions="1" time="0.032000"/>
          <testcase name="test_translate with data set #4" class="Tests_Formatting_WPTexturize" classname="Tests_Formatting_WPTexturize" file="/home/meng/Desktop/wptest/wordpress-develop/tests/phpunit/tests/formatting/WPTexturize.php" line="1567" assertions="1" time="0.031372"/>
          <testcase name="test_translate with data set #5" class="Tests_Formatting_WPTexturize" classname="Tests_Formatting_WPTexturize" file="/home/meng/Desktop/wptest/wordpress-develop/tests/phpunit/tests/formatting/WPTexturize.php" line="1567" assertions="1" time="0.032158"/>
          <testcase name="test_translate with data set #6" class="Tests_Formatting_WPTexturize" classname="Tests_Formatting_WPTexturize" file="/home/meng/Desktop/wptest/wordpress-develop/tests/phpunit/tests/formatting/WPTexturize.php" line="1567" assertions="1" time="0.035861"/>
          <testcase name="test_translate with data set #7" class="Tests_Formatting_WPTexturize" classname="Tests_Formatting_WPTexturize" file="/home/meng/Desktop/wptest/wordpress-develop/tests/phpunit/tests/formatting/WPTexturize.php" line="1567" assertions="1" time="0.032270"/>
          <testcase name="test_translate with data set #8" class="Tests_Formatting_WPTexturize" classname="Tests_Formatting_WPTexturize" file="/home/meng/Desktop/wptest/wordpress-develop/tests/phpunit/tests/formatting/WPTexturize.php" line="1567" assertions="1" time="0.033621"/>
          <testcase name="test_translate with data set #9" class="Tests_Formatting_WPTexturize" classname="Tests_Formatting_WPTexturize" file="/home/meng/Desktop/wptest/wordpress-develop/tests/phpunit/tests/formatting/WPTexturize.php" line="1567" assertions="1" time="0.033272"/>
          <testcase name="test_translate with data set #10" class="Tests_Formatting_WPTexturize" classname="Tests_Formatting_WPTexturize" file="/home/meng/Desktop/wptest/wordpress-develop/tests/phpunit/tests/formatting/WPTexturize.php" line="1567" assertions="1" time="0.032079"/>
          <testcase name="test_translate with data set #11" class="Tests_Formatting_WPTexturize" classname="Tests_Formatting_WPTexturize" file="/home/meng/Desktop/wptest/wordpress-develop/tests/phpunit/tests/formatting/WPTexturize.php" line="1567" assertions="1" time="0.032908"/>
          <testcase name="test_translate with data set #12" class="Tests_Formatting_WPTexturize" classname="Tests_Formatting_WPTexturize" file="/home/meng/Desktop/wptest/wordpress-develop/tests/phpunit/tests/formatting/WPTexturize.php" line="1567" assertions="1" time="0.031674"/>
          <testcase name="test_translate with data set #13" class="Tests_Formatting_WPTexturize" classname="Tests_Formatting_WPTexturize" file="/home/meng/Desktop/wptest/wordpress-develop/tests/phpunit/tests/formatting/WPTexturize.php" line="1567" assertions="1" time="0.031460"/>
          <testcase name="test_translate with data set #14" class="Tests_Formatting_WPTexturize" classname="Tests_Formatting_WPTexturize" file="/home/meng/Desktop/wptest/wordpress-develop/tests/phpunit/tests/formatting/WPTexturize.php" line="1567" assertions="1" time="0.031119"/>
          <testcase name="test_translate with data set #15" class="Tests_Formatting_WPTexturize" classname="Tests_Formatting_WPTexturize" file="/home/meng/Desktop/wptest/wordpress-develop/tests/phpunit/tests/formatting/WPTexturize.php" line="1567" assertions="1" time="0.031673"/>
          <testcase name="test_translate with data set #16" class="Tests_Formatting_WPTexturize" classname="Tests_Formatting_WPTexturize" file="/home/meng/Desktop/wptest/wordpress-develop/tests/phpunit/tests/formatting/WPTexturize.php" line="1567" assertions="1" time="0.031588"/>
          <testcase name="test_translate with data set #17" class="Tests_Formatting_WPTexturize" classname="Tests_Formatting_WPTexturize" file="/home/meng/Desktop/wptest/wordpress-develop/tests/phpunit/tests/formatting/WPTexturize.php" line="1567" assertions="1" time="0.031983"/>
          <testcase name="test_translate with data set #18" class="Tests_Formatting_WPTexturize" classname="Tests_Formatting_WPTexturize" file="/home/meng/Desktop/wptest/wordpress-develop/tests/phpunit/tests/formatting/WPTexturize.php" line="1567" assertions="1" time="0.031411"/>
          <testcase name="test_translate with data set #19" class="Tests_Formatting_WPTexturize" classname="Tests_Formatting_WPTexturize" file="/home/meng/Desktop/wptest/wordpress-develop/tests/phpunit/tests/formatting/WPTexturize.php" line="1567" assertions="1" time="0.032700"/>
          <testcase name="test_translate with data set #20" class="Tests_Formatting_WPTexturize" classname="Tests_Formatting_WPTexturize" file="/home/meng/Desktop/wptest/wordpress-develop/tests/phpunit/tests/formatting/WPTexturize.php" line="1567" assertions="1" time="0.033183"/>
          <testcase name="test_translate with data set #21" class="Tests_Formatting_WPTexturize" classname="Tests_Formatting_WPTexturize" file="/home/meng/Desktop/wptest/wordpress-develop/tests/phpunit/tests/formatting/WPTexturize.php" line="1567" assertions="1" time="0.031511"/>
          <testcase name="test_translate with data set #22" class="Tests_Formatting_WPTexturize" classname="Tests_Formatting_WPTexturize" file="/home/meng/Desktop/wptest/wordpress-develop/tests/phpunit/tests/formatting/WPTexturize.php" line="1567" assertions="1" time="0.032427"/>
          <testcase name="test_translate with data set #23" class="Tests_Formatting_WPTexturize" classname="Tests_Formatting_WPTexturize" file="/home/meng/Desktop/wptest/wordpress-develop/tests/phpunit/tests/formatting/WPTexturize.php" line="1567" assertions="1" time="0.031234"/>
          <testcase name="test_translate with data set #24" class="Tests_Formatting_WPTexturize" classname="Tests_Formatting_WPTexturize" file="/home/meng/Desktop/wptest/wordpress-develop/tests/phpunit/tests/formatting/WPTexturize.php" line="1567" assertions="1" time="0.031910"/>
          <testcase name="test_translate with data set #25" class="Tests_Formatting_WPTexturize" classname="Tests_Formatting_WPTexturize" file="/home/meng/Desktop/wptest/wordpress-develop/tests/phpunit/tests/formatting/WPTexturize.php" line="1567" assertions="1" time="0.030830"/>
          <testcase name="test_translate with data set #26" class="Tests_Formatting_WPTexturize" classname="Tests_Formatting_WPTexturize" file="/home/meng/Desktop/wptest/wordpress-develop/tests/phpunit/tests/formatting/WPTexturize.php" line="1567" assertions="1" time="0.031074"/>
          <testcase name="test_translate with data set #27" class="Tests_Formatting_WPTexturize" classname="Tests_Formatting_WPTexturize" file="/home/meng/Desktop/wptest/wordpress-develop/tests/phpunit/tests/formatting/WPTexturize.php" line="1567" assertions="1" time="0.033635"/>
          <testcase name="test_translate with data set #28" class="Tests_Formatting_WPTexturize" classname="Tests_Formatting_WPTexturize" file="/home/meng/Desktop/wptest/wordpress-develop/tests/phpunit/tests/formatting/WPTexturize.php" line="1567" assertions="1" time="0.033219"/>
          <testcase name="test_translate with data set #29" class="Tests_Formatting_WPTexturize" classname="Tests_Formatting_WPTexturize" file="/home/meng/Desktop/wptest/wordpress-develop/tests/phpunit/tests/formatting/WPTexturize.php" line="1567" assertions="1" time="0.032575"/>
          <testcase name="test_translate with data set #30" class="Tests_Formatting_WPTexturize" classname="Tests_Formatting_WPTexturize" file="/home/meng/Desktop/wptest/wordpress-develop/tests/phpunit/tests/formatting/WPTexturize.php" line="1567" assertions="1" time="0.031168"/>
          <testcase name="test_translate with data set #31" class="Tests_Formatting_WPTexturize" classname="Tests_Formatting_WPTexturize" file="/home/meng/Desktop/wptest/wordpress-develop/tests/phpunit/tests/formatting/WPTexturize.php" line="1567" assertions="1" time="0.032208"/>
          <testcase name="test_translate with data set #32" class="Tests_Formatting_WPTexturize" classname="Tests_Formatting_WPTexturize" file="/home/meng/Desktop/wptest/wordpress-develop/tests/phpunit/tests/formatting/WPTexturize.php" line="1567" assertions="1" time="0.031764"/>
          <testcase name="test_translate with data set #33" class="Tests_Formatting_WPTexturize" classname="Tests_Formatting_WPTexturize" file="/home/meng/Desktop/wptest/wordpress-develop/tests/phpunit/tests/formatting/WPTexturize.php" line="1567" assertions="1" time="0.031467"/>
          <testcase name="test_translate with data set #34" class="Tests_Formatting_WPTexturize" classname="Tests_Formatting_WPTexturize" file="/home/meng/Desktop/wptest/wordpress-develop/tests/phpunit/tests/formatting/WPTexturize.php" line="1567" assertions="1" time="0.031203"/>
          <testcase name="test_translate with data set #35" class="Tests_Formatting_WPTexturize" classname="Tests_Formatting_WPTexturize" file="/home/meng/Desktop/wptest/wordpress-develop/tests/phpunit/tests/formatting/WPTexturize.php" line="1567" assertions="1" time="0.044947"/>
          <testcase name="test_translate with data set #36" class="Tests_Formatting_WPTexturize" classname="Tests_Formatting_WPTexturize" file="/home/meng/Desktop/wptest/wordpress-develop/tests/phpunit/tests/formatting/WPTexturize.php" line="1567" assertions="1" time="0.032457"/>
          <testcase name="test_translate with data set #37" class="Tests_Formatting_WPTexturize" classname="Tests_Formatting_WPTexturize" file="/home/meng/Desktop/wptest/wordpress-develop/tests/phpunit/tests/formatting/WPTexturize.php" line="1567" assertions="1" time="0.031024"/>
          <testcase name="test_translate with data set #38" class="Tests_Formatting_WPTexturize" classname="Tests_Formatting_WPTexturize" file="/home/meng/Desktop/wptest/wordpress-develop/tests/phpunit/tests/formatting/WPTexturize.php" line="1567" assertions="1" time="0.030718"/>
          <testcase name="test_translate with data set #39" class="Tests_Formatting_WPTexturize" classname="Tests_Formatting_WPTexturize" file="/home/meng/Desktop/wptest/wordpress-develop/tests/phpunit/tests/formatting/WPTexturize.php" line="1567" assertions="1" time="0.031141"/>
          <testcase name="test_translate with data set #40" class="Tests_Formatting_WPTexturize" classname="Tests_Formatting_WPTexturize" file="/home/meng/Desktop/wptest/wordpress-develop/tests/phpunit/tests/formatting/WPTexturize.php" line="1567" assertions="1" time="0.033125"/>
          <testcase name="test_translate with data set #41" class="Tests_Formatting_WPTexturize" classname="Tests_Formatting_WPTexturize" file="/home/meng/Desktop/wptest/wordpress-develop/tests/phpunit/tests/formatting/WPTexturize.php" line="1567" assertions="1" time="0.031623"/>
          <testcase name="test_translate with data set #42" class="Tests_Formatting_WPTexturize" classname="Tests_Formatting_WPTexturize" file="/home/meng/Desktop/wptest/wordpress-develop/tests/phpunit/tests/formatting/WPTexturize.php" line="1567" assertions="1" time="0.031854"/>
          <testcase name="test_translate with data set #43" class="Tests_Formatting_WPTexturize" classname="Tests_Formatting_WPTexturize" file="/home/meng/Desktop/wptest/wordpress-develop/tests/phpunit/tests/formatting/WPTexturize.php" line="1567" assertions="1" time="0.031751"/>
        </testsuite>
        <testsuite name="Tests_Formatting_WPTexturize::test_element_stack" tests="9" assertions="9" errors="0" failures="0" skipped="0" time="0.278415">
          <testcase name="test_element_stack with data set #0" class="Tests_Formatting_WPTexturize" classname="Tests_Formatting_WPTexturize" file="/home/meng/Desktop/wptest/wordpress-develop/tests/phpunit/tests/formatting/WPTexturize.php" line="1794" assertions="1" time="0.030526"/>
          <testcase name="test_element_stack with data set #1" class="Tests_Formatting_WPTexturize" classname="Tests_Formatting_WPTexturize" file="/home/meng/Desktop/wptest/wordpress-develop/tests/phpunit/tests/formatting/WPTexturize.php" line="1794" assertions="1" time="0.031703"/>
          <testcase name="test_element_stack with data set #2" class="Tests_Formatting_WPTexturize" classname="Tests_Formatting_WPTexturize" file="/home/meng/Desktop/wptest/wordpress-develop/tests/phpunit/tests/formatting/WPTexturize.php" line="1794" assertions="1" time="0.030850"/>
          <testcase name="test_element_stack with data set #3" class="Tests_Formatting_WPTexturize" classname="Tests_Formatting_WPTexturize" file="/home/meng/Desktop/wptest/wordpress-develop/tests/phpunit/tests/formatting/WPTexturize.php" line="1794" assertions="1" time="0.030648"/>
          <testcase name="test_element_stack with data set #4" class="Tests_Formatting_WPTexturize" classname="Tests_Formatting_WPTexturize" file="/home/meng/Desktop/wptest/wordpress-develop/tests/phpunit/tests/formatting/WPTexturize.php" line="1794" assertions="1" time="0.032484"/>
          <testcase name="test_element_stack with data set #5" class="Tests_Formatting_WPTexturize" classname="Tests_Formatting_WPTexturize" file="/home/meng/Desktop/wptest/wordpress-develop/tests/phpunit/tests/formatting/WPTexturize.php" line="1794" assertions="1" time="0.031172"/>
          <testcase name="test_element_stack with data set #6" class="Tests_Formatting_WPTexturize" classname="Tests_Formatting_WPTexturize" file="/home/meng/Desktop/wptest/wordpress-develop/tests/phpunit/tests/formatting/WPTexturize.php" line="1794" assertions="1" time="0.029868"/>
          <testcase name="test_element_stack with data set #7" class="Tests_Formatting_WPTexturize" classname="Tests_Formatting_WPTexturize" file="/home/meng/Desktop/wptest/wordpress-develop/tests/phpunit/tests/formatting/WPTexturize.php" line="1794" assertions="1" time="0.030050"/>
          <testcase name="test_element_stack with data set #8" class="Tests_Formatting_WPTexturize" classname="Tests_Formatting_WPTexturize" file="/home/meng/Desktop/wptest/wordpress-develop/tests/phpunit/tests/formatting/WPTexturize.php" line="1794" assertions="1" time="0.031114"/>
        </testsuite>
        <testsuite name="Tests_Formatting_WPTexturize::test_unregistered_shortcodes" tests="15" assertions="15" errors="0" failures="0" skipped="0" time="0.469942">
          <testcase name="test_unregistered_shortcodes with data set #0" class="Tests_Formatting_WPTexturize" classname="Tests_Formatting_WPTexturize" file="/home/meng/Desktop/wptest/wordpress-develop/tests/phpunit/tests/formatting/WPTexturize.php" line="1845" assertions="1" time="0.031930"/>
          <testcase name="test_unregistered_shortcodes with data set #1" class="Tests_Formatting_WPTexturize" classname="Tests_Formatting_WPTexturize" file="/home/meng/Desktop/wptest/wordpress-develop/tests/phpunit/tests/formatting/WPTexturize.php" line="1845" assertions="1" time="0.030200"/>
          <testcase name="test_unregistered_shortcodes with data set #2" class="Tests_Formatting_WPTexturize" classname="Tests_Formatting_WPTexturize" file="/home/meng/Desktop/wptest/wordpress-develop/tests/phpunit/tests/formatting/WPTexturize.php" line="1845" assertions="1" time="0.030935"/>
          <testcase name="test_unregistered_shortcodes with data set #3" class="Tests_Formatting_WPTexturize" classname="Tests_Formatting_WPTexturize" file="/home/meng/Desktop/wptest/wordpress-develop/tests/phpunit/tests/formatting/WPTexturize.php" line="1845" assertions="1" time="0.031399"/>
          <testcase name="test_unregistered_shortcodes with data set #4" class="Tests_Formatting_WPTexturize" classname="Tests_Formatting_WPTexturize" file="/home/meng/Desktop/wptest/wordpress-develop/tests/phpunit/tests/formatting/WPTexturize.php" line="1845" assertions="1" time="0.031101"/>
          <testcase name="test_unregistered_shortcodes with data set #5" class="Tests_Formatting_WPTexturize" classname="Tests_Formatting_WPTexturize" file="/home/meng/Desktop/wptest/wordpress-develop/tests/phpunit/tests/formatting/WPTexturize.php" line="1845" assertions="1" time="0.030211"/>
          <testcase name="test_unregistered_shortcodes with data set #6" class="Tests_Formatting_WPTexturize" classname="Tests_Formatting_WPTexturize" file="/home/meng/Desktop/wptest/wordpress-develop/tests/phpunit/tests/formatting/WPTexturize.php" line="1845" assertions="1" time="0.030082"/>
          <testcase name="test_unregistered_shortcodes with data set #7" class="Tests_Formatting_WPTexturize" classname="Tests_Formatting_WPTexturize" file="/home/meng/Desktop/wptest/wordpress-develop/tests/phpunit/tests/formatting/WPTexturize.php" line="1845" assertions="1" time="0.030308"/>
          <testcase name="test_unregistered_shortcodes with data set #8" class="Tests_Formatting_WPTexturize" classname="Tests_Formatting_WPTexturize" file="/home/meng/Desktop/wptest/wordpress-develop/tests/phpunit/tests/formatting/WPTexturize.php" line="1845" assertions="1" time="0.034401"/>
          <testcase name="test_unregistered_shortcodes with data set #9" class="Tests_Formatting_WPTexturize" classname="Tests_Formatting_WPTexturize" file="/home/meng/Desktop/wptest/wordpress-develop/tests/phpunit/tests/formatting/WPTexturize.php" line="1845" assertions="1" time="0.034510"/>
          <testcase name="test_unregistered_shortcodes with data set #10" class="Tests_Formatting_WPTexturize" classname="Tests_Formatting_WPTexturize" file="/home/meng/Desktop/wptest/wordpress-develop/tests/phpunit/tests/formatting/WPTexturize.php" line="1845" assertions="1" time="0.031488"/>
          <testcase name="test_unregistered_shortcodes with data set #11" class="Tests_Formatting_WPTexturize" classname="Tests_Formatting_WPTexturize" file="/home/meng/Desktop/wptest/wordpress-develop/tests/phpunit/tests/formatting/WPTexturize.php" line="1845" assertions="1" time="0.030275"/>
          <testcase name="test_unregistered_shortcodes with data set #12" class="Tests_Formatting_WPTexturize" classname="Tests_Formatting_WPTexturize" file="/home/meng/Desktop/wptest/wordpress-develop/tests/phpunit/tests/formatting/WPTexturize.php" line="1845" assertions="1" time="0.031664"/>
          <testcase name="test_unregistered_shortcodes with data set #13" class="Tests_Formatting_WPTexturize" classname="Tests_Formatting_WPTexturize" file="/home/meng/Desktop/wptest/wordpress-develop/tests/phpunit/tests/formatting/WPTexturize.php" line="1845" assertions="1" time="0.030692"/>
          <testcase name="test_unregistered_shortcodes with data set #14" class="Tests_Formatting_WPTexturize" classname="Tests_Formatting_WPTexturize" file="/home/meng/Desktop/wptest/wordpress-develop/tests/phpunit/tests/formatting/WPTexturize.php" line="1845" assertions="1" time="0.030746"/>
        </testsuite>
        <testsuite name="Tests_Formatting_WPTexturize::test_primes_vs_quotes" tests="8" assertions="8" errors="0" failures="0" skipped="0" time="0.244575">
          <testcase name="test_primes_vs_quotes with data set #0" class="Tests_Formatting_WPTexturize" classname="Tests_Formatting_WPTexturize" file="/home/meng/Desktop/wptest/wordpress-develop/tests/phpunit/tests/formatting/WPTexturize.php" line="1930" assertions="1" time="0.030686"/>
          <testcase name="test_primes_vs_quotes with data set #1" class="Tests_Formatting_WPTexturize" classname="Tests_Formatting_WPTexturize" file="/home/meng/Desktop/wptest/wordpress-develop/tests/phpunit/tests/formatting/WPTexturize.php" line="1930" assertions="1" time="0.029990"/>
          <testcase name="test_primes_vs_quotes with data set #2" class="Tests_Formatting_WPTexturize" classname="Tests_Formatting_WPTexturize" file="/home/meng/Desktop/wptest/wordpress-develop/tests/phpunit/tests/formatting/WPTexturize.php" line="1930" assertions="1" time="0.030606"/>
          <testcase name="test_primes_vs_quotes with data set #3" class="Tests_Formatting_WPTexturize" classname="Tests_Formatting_WPTexturize" file="/home/meng/Desktop/wptest/wordpress-develop/tests/phpunit/tests/formatting/WPTexturize.php" line="1930" assertions="1" time="0.030455"/>
          <testcase name="test_primes_vs_quotes with data set #4" class="Tests_Formatting_WPTexturize" classname="Tests_Formatting_WPTexturize" file="/home/meng/Desktop/wptest/wordpress-develop/tests/phpunit/tests/formatting/WPTexturize.php" line="1930" assertions="1" time="0.030860"/>
          <testcase name="test_primes_vs_quotes with data set #5" class="Tests_Formatting_WPTexturize" classname="Tests_Formatting_WPTexturize" file="/home/meng/Desktop/wptest/wordpress-develop/tests/phpunit/tests/formatting/WPTexturize.php" line="1930" assertions="1" time="0.031492"/>
          <testcase name="test_primes_vs_quotes with data set #6" class="Tests_Formatting_WPTexturize" classname="Tests_Formatting_WPTexturize" file="/home/meng/Desktop/wptest/wordpress-develop/tests/phpunit/tests/formatting/WPTexturize.php" line="1930" assertions="1" time="0.030713"/>
          <testcase name="test_primes_vs_quotes with data set #7" class="Tests_Formatting_WPTexturize" classname="Tests_Formatting_WPTexturize" file="/home/meng/Desktop/wptest/wordpress-develop/tests/phpunit/tests/formatting/WPTexturize.php" line="1930" assertions="1" time="0.029773"/>
        </testsuite>
        <testsuite name="Tests_Formatting_WPTexturize::test_primes_quotes_translation" tests="8" assertions="8" errors="0" failures="0" skipped="0" time="0.268921">
          <testcase name="test_primes_quotes_translation with data set #0" class="Tests_Formatting_WPTexturize" classname="Tests_Formatting_WPTexturize" file="/home/meng/Desktop/wptest/wordpress-develop/tests/phpunit/tests/formatting/WPTexturize.php" line="1992" assertions="1" time="0.045859"/>
          <testcase name="test_primes_quotes_translation with data set #1" class="Tests_Formatting_WPTexturize" classname="Tests_Formatting_WPTexturize" file="/home/meng/Desktop/wptest/wordpress-develop/tests/phpunit/tests/formatting/WPTexturize.php" line="1992" assertions="1" time="0.031350"/>
          <testcase name="test_primes_quotes_translation with data set #2" class="Tests_Formatting_WPTexturize" classname="Tests_Formatting_WPTexturize" file="/home/meng/Desktop/wptest/wordpress-develop/tests/phpunit/tests/formatting/WPTexturize.php" line="1992" assertions="1" time="0.031451"/>
          <testcase name="test_primes_quotes_translation with data set #3" class="Tests_Formatting_WPTexturize" classname="Tests_Formatting_WPTexturize" file="/home/meng/Desktop/wptest/wordpress-develop/tests/phpunit/tests/formatting/WPTexturize.php" line="1992" assertions="1" time="0.031312"/>
          <testcase name="test_primes_quotes_translation with data set #4" class="Tests_Formatting_WPTexturize" classname="Tests_Formatting_WPTexturize" file="/home/meng/Desktop/wptest/wordpress-develop/tests/phpunit/tests/formatting/WPTexturize.php" line="1992" assertions="1" time="0.031582"/>
          <testcase name="test_primes_quotes_translation with data set #5" class="Tests_Formatting_WPTexturize" classname="Tests_Formatting_WPTexturize" file="/home/meng/Desktop/wptest/wordpress-develop/tests/phpunit/tests/formatting/WPTexturize.php" line="1992" assertions="1" time="0.032923"/>
          <testcase name="test_primes_quotes_translation with data set #6" class="Tests_Formatting_WPTexturize" classname="Tests_Formatting_WPTexturize" file="/home/meng/Desktop/wptest/wordpress-develop/tests/phpunit/tests/formatting/WPTexturize.php" line="1992" assertions="1" time="0.031598"/>
          <testcase name="test_primes_quotes_translation with data set #7" class="Tests_Formatting_WPTexturize" classname="Tests_Formatting_WPTexturize" file="/home/meng/Desktop/wptest/wordpress-develop/tests/phpunit/tests/formatting/WPTexturize.php" line="1992" assertions="1" time="0.032846"/>
        </testsuite>
        <testsuite name="Tests_Formatting_WPTexturize::test_pcre_performance" tests="3" assertions="6" errors="0" failures="0" skipped="0" time="0.092297">
          <testcase name="test_pcre_performance with data set #0" class="Tests_Formatting_WPTexturize" classname="Tests_Formatting_WPTexturize" file="/home/meng/Desktop/wptest/wordpress-develop/tests/phpunit/tests/formatting/WPTexturize.php" line="2085" assertions="2" time="0.030152"/>
          <testcase name="test_pcre_performance with data set #1" class="Tests_Formatting_WPTexturize" classname="Tests_Formatting_WPTexturize" file="/home/meng/Desktop/wptest/wordpress-develop/tests/phpunit/tests/formatting/WPTexturize.php" line="2085" assertions="2" time="0.031044"/>
          <testcase name="test_pcre_performance with data set #2" class="Tests_Formatting_WPTexturize" classname="Tests_Formatting_WPTexturize" file="/home/meng/Desktop/wptest/wordpress-develop/tests/phpunit/tests/formatting/WPTexturize.php" line="2085" assertions="2" time="0.031101"/>
        </testsuite>
        <testcase name="test_trailing_less_than" class="Tests_Formatting_WPTexturize" classname="Tests_Formatting_WPTexturize" file="/home/meng/Desktop/wptest/wordpress-develop/tests/phpunit/tests/formatting/WPTexturize.php" line="2105" assertions="1" time="0.031634"/>
      </testsuite>
      <testsuite name="Tests_Formatting_WPTrimWords" file="/home/meng/Desktop/wptest/wordpress-develop/tests/phpunit/tests/formatting/WPTrimWords.php" tests="9" assertions="13" errors="0" failures="0" skipped="0" time="0.427379">
        <testcase name="test_trims_to_55_by_default" class="Tests_Formatting_WPTrimWords" classname="Tests_Formatting_WPTrimWords" file="/home/meng/Desktop/wptest/wordpress-develop/tests/phpunit/tests/formatting/WPTrimWords.php" line="17" assertions="1" time="0.030854"/>
        <testcase name="test_trims_to_10" class="Tests_Formatting_WPTrimWords" classname="Tests_Formatting_WPTrimWords" file="/home/meng/Desktop/wptest/wordpress-develop/tests/phpunit/tests/formatting/WPTrimWords.php" line="22" assertions="1" time="0.030659"/>
        <testcase name="test_trims_to_5_and_uses_custom_more" class="Tests_Formatting_WPTrimWords" classname="Tests_Formatting_WPTrimWords" file="/home/meng/Desktop/wptest/wordpress-develop/tests/phpunit/tests/formatting/WPTrimWords.php" line="27" assertions="1" time="0.032507"/>
        <testcase name="test_strips_tags_before_trimming" class="Tests_Formatting_WPTrimWords" classname="Tests_Formatting_WPTrimWords" file="/home/meng/Desktop/wptest/wordpress-develop/tests/phpunit/tests/formatting/WPTrimWords.php" line="32" assertions="1" time="0.030172"/>
        <testcase name="test_strips_script_and_style_content" class="Tests_Formatting_WPTrimWords" classname="Tests_Formatting_WPTrimWords" file="/home/meng/Desktop/wptest/wordpress-develop/tests/phpunit/tests/formatting/WPTrimWords.php" line="41" assertions="2" time="0.030190"/>
        <testcase name="test_doesnt_trim_short_text" class="Tests_Formatting_WPTrimWords" classname="Tests_Formatting_WPTrimWords" file="/home/meng/Desktop/wptest/wordpress-develop/tests/phpunit/tests/formatting/WPTrimWords.php" line="51" assertions="1" time="0.030510"/>
        <testcase name="test_trims_to_20_counted_by_chars" class="Tests_Formatting_WPTrimWords" classname="Tests_Formatting_WPTrimWords" file="/home/meng/Desktop/wptest/wordpress-develop/tests/phpunit/tests/formatting/WPTrimWords.php" line="59" assertions="1" time="0.103804"/>
        <testcase name="test_trims_to_20_counted_by_chars_with_double_width_chars" class="Tests_Formatting_WPTrimWords" classname="Tests_Formatting_WPTrimWords" file="/home/meng/Desktop/wptest/wordpress-develop/tests/phpunit/tests/formatting/WPTrimWords.php" line="70" assertions="1" time="0.108037"/>
        <testcase name="test_works_with_non_numeric_num_words" class="Tests_Formatting_WPTrimWords" classname="Tests_Formatting_WPTrimWords" file="/home/meng/Desktop/wptest/wordpress-develop/tests/phpunit/tests/formatting/WPTrimWords.php" line="82" assertions="4" time="0.030646"/>
      </testsuite>
      <testsuite name="Tests_Formatting_WpHtmlEditPre" file="/home/meng/Desktop/wptest/wordpress-develop/tests/phpunit/tests/formatting/WpHtmlEditPre.php" tests="2" assertions="4" errors="0" failures="0" skipped="0" time="0.065085">
        <testcase name="test_wp_htmledit_pre_charset_iso_8859_1" class="Tests_Formatting_WpHtmlEditPre" classname="Tests_Formatting_WpHtmlEditPre" file="/home/meng/Desktop/wptest/wordpress-develop/tests/phpunit/tests/formatting/WpHtmlEditPre.php" line="17" assertions="2" time="0.031314"/>
        <testcase name="test_wp_htmledit_pre_charset_utf_8" class="Tests_Formatting_WpHtmlEditPre" classname="Tests_Formatting_WpHtmlEditPre" file="/home/meng/Desktop/wptest/wordpress-develop/tests/phpunit/tests/formatting/WpHtmlEditPre.php" line="31" assertions="2" time="0.033771"/>
      </testsuite>
      <testsuite name="Tests_Formatting_WpHtmlSplit" file="/home/meng/Desktop/wptest/wordpress-develop/tests/phpunit/tests/formatting/WpHtmlSplit.php" tests="7" assertions="7" errors="0" failures="0" skipped="0" time="0.217606">
        <testsuite name="Tests_Formatting_WpHtmlSplit::test_basic_features" tests="4" assertions="4" errors="0" failures="0" skipped="0" time="0.123872">
          <testcase name="test_basic_features with data set #0" class="Tests_Formatting_WpHtmlSplit" classname="Tests_Formatting_WpHtmlSplit" file="/home/meng/Desktop/wptest/wordpress-develop/tests/phpunit/tests/formatting/WpHtmlSplit.php" line="13" assertions="1" time="0.030605"/>
          <testcase name="test_basic_features with data set #1" class="Tests_Formatting_WpHtmlSplit" classname="Tests_Formatting_WpHtmlSplit" file="/home/meng/Desktop/wptest/wordpress-develop/tests/phpunit/tests/formatting/WpHtmlSplit.php" line="13" assertions="1" time="0.030765"/>
          <testcase name="test_basic_features with data set #2" class="Tests_Formatting_WpHtmlSplit" classname="Tests_Formatting_WpHtmlSplit" file="/home/meng/Desktop/wptest/wordpress-develop/tests/phpunit/tests/formatting/WpHtmlSplit.php" line="13" assertions="1" time="0.030703"/>
          <testcase name="test_basic_features with data set #3" class="Tests_Formatting_WpHtmlSplit" classname="Tests_Formatting_WpHtmlSplit" file="/home/meng/Desktop/wptest/wordpress-develop/tests/phpunit/tests/formatting/WpHtmlSplit.php" line="13" assertions="1" time="0.031799"/>
        </testsuite>
        <testsuite name="Tests_Formatting_WpHtmlSplit::test_pcre_performance" tests="3" assertions="3" errors="0" failures="0" skipped="0" time="0.093734">
          <testcase name="test_pcre_performance with data set #0" class="Tests_Formatting_WpHtmlSplit" classname="Tests_Formatting_WpHtmlSplit" file="/home/meng/Desktop/wptest/wordpress-develop/tests/phpunit/tests/formatting/WpHtmlSplit.php" line="43" assertions="1" time="0.030653"/>
          <testcase name="test_pcre_performance with data set #1" class="Tests_Formatting_WpHtmlSplit" classname="Tests_Formatting_WpHtmlSplit" file="/home/meng/Desktop/wptest/wordpress-develop/tests/phpunit/tests/formatting/WpHtmlSplit.php" line="43" assertions="1" time="0.030246"/>
          <testcase name="test_pcre_performance with data set #2" class="Tests_Formatting_WpHtmlSplit" classname="Tests_Formatting_WpHtmlSplit" file="/home/meng/Desktop/wptest/wordpress-develop/tests/phpunit/tests/formatting/WpHtmlSplit.php" line="43" assertions="1" time="0.032835"/>
        </testsuite>
      </testsuite>
      <testsuite name="Tests_Formatting_WpReplaceInTags" file="/home/meng/Desktop/wptest/wordpress-develop/tests/phpunit/tests/formatting/WpReplaceInHtmlTags.php" tests="4" assertions="4" errors="0" failures="0" skipped="0" time="0.124135">
        <testsuite name="Tests_Formatting_WpReplaceInTags::test_wp_replace_in_html_tags" tests="4" assertions="4" errors="0" failures="0" skipped="0" time="0.124135">
          <testcase name="test_wp_replace_in_html_tags with data set #0" class="Tests_Formatting_WpReplaceInTags" classname="Tests_Formatting_WpReplaceInTags" file="/home/meng/Desktop/wptest/wordpress-develop/tests/phpunit/tests/formatting/WpReplaceInHtmlTags.php" line="12" assertions="1" time="0.033589"/>
          <testcase name="test_wp_replace_in_html_tags with data set #1" class="Tests_Formatting_WpReplaceInTags" classname="Tests_Formatting_WpReplaceInTags" file="/home/meng/Desktop/wptest/wordpress-develop/tests/phpunit/tests/formatting/WpReplaceInHtmlTags.php" line="12" assertions="1" time="0.030717"/>
          <testcase name="test_wp_replace_in_html_tags with data set #2" class="Tests_Formatting_WpReplaceInTags" classname="Tests_Formatting_WpReplaceInTags" file="/home/meng/Desktop/wptest/wordpress-develop/tests/phpunit/tests/formatting/WpReplaceInHtmlTags.php" line="12" assertions="1" time="0.030280"/>
          <testcase name="test_wp_replace_in_html_tags with data set #3" class="Tests_Formatting_WpReplaceInTags" classname="Tests_Formatting_WpReplaceInTags" file="/home/meng/Desktop/wptest/wordpress-develop/tests/phpunit/tests/formatting/WpReplaceInHtmlTags.php" line="12" assertions="1" time="0.029549"/>
        </testsuite>
      </testsuite>
      <testsuite name="Tests_Formatting_WpRichEditPre" file="/home/meng/Desktop/wptest/wordpress-develop/tests/phpunit/tests/formatting/WpRichEditPre.php" tests="2" assertions="4" errors="0" failures="0" skipped="0" time="0.061719">
        <testcase name="test_wp_richedit_pre_charset_iso_8859_1" class="Tests_Formatting_WpRichEditPre" classname="Tests_Formatting_WpRichEditPre" file="/home/meng/Desktop/wptest/wordpress-develop/tests/phpunit/tests/formatting/WpRichEditPre.php" line="17" assertions="2" time="0.031594"/>
        <testcase name="test_wp_richedit_pre_charset_utf_8" class="Tests_Formatting_WpRichEditPre" classname="Tests_Formatting_WpRichEditPre" file="/home/meng/Desktop/wptest/wordpress-develop/tests/phpunit/tests/formatting/WpRichEditPre.php" line="31" assertions="2" time="0.030125"/>
      </testsuite>
      <testsuite name="Tests_Formatting_WpTrimExcerpt" file="/home/meng/Desktop/wptest/wordpress-develop/tests/phpunit/tests/formatting/WpTrimExcerpt.php" tests="3" assertions="5" errors="0" failures="0" skipped="0" time="0.285975">
        <testcase name="test_secondary_loop_respect_more" class="Tests_Formatting_WpTrimExcerpt" classname="Tests_Formatting_WpTrimExcerpt" file="/home/meng/Desktop/wptest/wordpress-develop/tests/phpunit/tests/formatting/WpTrimExcerpt.php" line="11" assertions="1" time="0.119683"/>
        <testcase name="test_secondary_loop_respect_nextpage" class="Tests_Formatting_WpTrimExcerpt" classname="Tests_Formatting_WpTrimExcerpt" file="/home/meng/Desktop/wptest/wordpress-develop/tests/phpunit/tests/formatting/WpTrimExcerpt.php" line="42" assertions="1" time="0.100392"/>
        <testcase name="test_should_generate_excerpt_for_empty_values" class="Tests_Formatting_WpTrimExcerpt" classname="Tests_Formatting_WpTrimExcerpt" file="/home/meng/Desktop/wptest/wordpress-develop/tests/phpunit/tests/formatting/WpTrimExcerpt.php" line="73" assertions="3" time="0.065900"/>
      </testsuite>
      <testsuite name="Tests_Formatting_Zeroise" file="/home/meng/Desktop/wptest/wordpress-develop/tests/phpunit/tests/formatting/Zeroise.php" tests="2" assertions="2" errors="0" failures="0" skipped="0" time="0.067535">
        <testcase name="test_pads_with_leading_zeroes" class="Tests_Formatting_Zeroise" classname="Tests_Formatting_Zeroise" file="/home/meng/Desktop/wptest/wordpress-develop/tests/phpunit/tests/formatting/Zeroise.php" line="7" assertions="1" time="0.036371"/>
        <testcase name="test_does_nothing_if_input_is_already_longer" class="Tests_Formatting_Zeroise" classname="Tests_Formatting_Zeroise" file="/home/meng/Desktop/wptest/wordpress-develop/tests/phpunit/tests/formatting/Zeroise.php" line="11" assertions="1" time="0.031164"/>
      </testsuite>
      <testsuite name="Tests_Formatting_BalanceTags" file="/home/meng/Desktop/wptest/wordpress-develop/tests/phpunit/tests/formatting/balanceTags.php" tests="108" assertions="139" errors="0" failures="0" skipped="0" time="3.399021">
        <testsuite name="Tests_Formatting_BalanceTags::test_detects_traditional_tag_names" tests="6" assertions="6" errors="0" failures="0" skipped="0" time="0.187551">
          <testcase name="test_detects_traditional_tag_names with data set #0" class="Tests_Formatting_BalanceTags" classname="Tests_Formatting_BalanceTags" file="/home/meng/Desktop/wptest/wordpress-develop/tests/phpunit/tests/formatting/balanceTags.php" line="154" assertions="1" time="0.031644"/>
          <testcase name="test_detects_traditional_tag_names with data set #1" class="Tests_Formatting_BalanceTags" classname="Tests_Formatting_BalanceTags" file="/home/meng/Desktop/wptest/wordpress-develop/tests/phpunit/tests/formatting/balanceTags.php" line="154" assertions="1" time="0.030787"/>
          <testcase name="test_detects_traditional_tag_names with data set #2" class="Tests_Formatting_BalanceTags" classname="Tests_Formatting_BalanceTags" file="/home/meng/Desktop/wptest/wordpress-develop/tests/phpunit/tests/formatting/balanceTags.php" line="154" assertions="1" time="0.031531"/>
          <testcase name="test_detects_traditional_tag_names with data set #3" class="Tests_Formatting_BalanceTags" classname="Tests_Formatting_BalanceTags" file="/home/meng/Desktop/wptest/wordpress-develop/tests/phpunit/tests/formatting/balanceTags.php" line="154" assertions="1" time="0.030261"/>
          <testcase name="test_detects_traditional_tag_names with data set #4" class="Tests_Formatting_BalanceTags" classname="Tests_Formatting_BalanceTags" file="/home/meng/Desktop/wptest/wordpress-develop/tests/phpunit/tests/formatting/balanceTags.php" line="154" assertions="1" time="0.031360"/>
          <testcase name="test_detects_traditional_tag_names with data set #5" class="Tests_Formatting_BalanceTags" classname="Tests_Formatting_BalanceTags" file="/home/meng/Desktop/wptest/wordpress-develop/tests/phpunit/tests/formatting/balanceTags.php" line="154" assertions="1" time="0.031968"/>
        </testsuite>
        <testsuite name="Tests_Formatting_BalanceTags::test_detects_supported_custom_element_tag_names" tests="7" assertions="7" errors="0" failures="0" skipped="0" time="0.219975">
          <testcase name="test_detects_supported_custom_element_tag_names with data set #0" class="Tests_Formatting_BalanceTags" classname="Tests_Formatting_BalanceTags" file="/home/meng/Desktop/wptest/wordpress-develop/tests/phpunit/tests/formatting/balanceTags.php" line="164" assertions="1" time="0.030358"/>
          <testcase name="test_detects_supported_custom_element_tag_names with data set #1" class="Tests_Formatting_BalanceTags" classname="Tests_Formatting_BalanceTags" file="/home/meng/Desktop/wptest/wordpress-develop/tests/phpunit/tests/formatting/balanceTags.php" line="164" assertions="1" time="0.032048"/>
          <testcase name="test_detects_supported_custom_element_tag_names with data set #2" class="Tests_Formatting_BalanceTags" classname="Tests_Formatting_BalanceTags" file="/home/meng/Desktop/wptest/wordpress-develop/tests/phpunit/tests/formatting/balanceTags.php" line="164" assertions="1" time="0.031139"/>
          <testcase name="test_detects_supported_custom_element_tag_names with data set #3" class="Tests_Formatting_BalanceTags" classname="Tests_Formatting_BalanceTags" file="/home/meng/Desktop/wptest/wordpress-develop/tests/phpunit/tests/formatting/balanceTags.php" line="164" assertions="1" time="0.034101"/>
          <testcase name="test_detects_supported_custom_element_tag_names with data set #4" class="Tests_Formatting_BalanceTags" classname="Tests_Formatting_BalanceTags" file="/home/meng/Desktop/wptest/wordpress-develop/tests/phpunit/tests/formatting/balanceTags.php" line="164" assertions="1" time="0.030958"/>
          <testcase name="test_detects_supported_custom_element_tag_names with data set #5" class="Tests_Formatting_BalanceTags" classname="Tests_Formatting_BalanceTags" file="/home/meng/Desktop/wptest/wordpress-develop/tests/phpunit/tests/formatting/balanceTags.php" line="164" assertions="1" time="0.030109"/>
          <testcase name="test_detects_supported_custom_element_tag_names with data set #6" class="Tests_Formatting_BalanceTags" classname="Tests_Formatting_BalanceTags" file="/home/meng/Desktop/wptest/wordpress-develop/tests/phpunit/tests/formatting/balanceTags.php" line="164" assertions="1" time="0.031262"/>
        </testsuite>
        <testsuite name="Tests_Formatting_BalanceTags::test_ignores_invalid_tag_names" tests="2" assertions="2" errors="0" failures="0" skipped="0" time="0.061956">
          <testcase name="test_ignores_invalid_tag_names with data set #0" class="Tests_Formatting_BalanceTags" classname="Tests_Formatting_BalanceTags" file="/home/meng/Desktop/wptest/wordpress-develop/tests/phpunit/tests/formatting/balanceTags.php" line="172" assertions="1" time="0.030673"/>
          <testcase name="test_ignores_invalid_tag_names with data set #1" class="Tests_Formatting_BalanceTags" classname="Tests_Formatting_BalanceTags" file="/home/meng/Desktop/wptest/wordpress-develop/tests/phpunit/tests/formatting/balanceTags.php" line="172" assertions="1" time="0.031283"/>
        </testsuite>
        <testsuite name="Tests_Formatting_BalanceTags::test_ignores_unsupported_custom_tag_names" tests="29" assertions="29" errors="0" failures="0" skipped="0" time="0.913445">
          <testcase name="test_ignores_unsupported_custom_tag_names with data set #0" class="Tests_Formatting_BalanceTags" classname="Tests_Formatting_BalanceTags" file="/home/meng/Desktop/wptest/wordpress-develop/tests/phpunit/tests/formatting/balanceTags.php" line="180" assertions="1" time="0.030669"/>
          <testcase name="test_ignores_unsupported_custom_tag_names with data set #1" class="Tests_Formatting_BalanceTags" classname="Tests_Formatting_BalanceTags" file="/home/meng/Desktop/wptest/wordpress-develop/tests/phpunit/tests/formatting/balanceTags.php" line="180" assertions="1" time="0.030585"/>
          <testcase name="test_ignores_unsupported_custom_tag_names with data set #2" class="Tests_Formatting_BalanceTags" classname="Tests_Formatting_BalanceTags" file="/home/meng/Desktop/wptest/wordpress-develop/tests/phpunit/tests/formatting/balanceTags.php" line="180" assertions="1" time="0.032508"/>
          <testcase name="test_ignores_unsupported_custom_tag_names with data set #3" class="Tests_Formatting_BalanceTags" classname="Tests_Formatting_BalanceTags" file="/home/meng/Desktop/wptest/wordpress-develop/tests/phpunit/tests/formatting/balanceTags.php" line="180" assertions="1" time="0.033508"/>
          <testcase name="test_ignores_unsupported_custom_tag_names with data set #4" class="Tests_Formatting_BalanceTags" classname="Tests_Formatting_BalanceTags" file="/home/meng/Desktop/wptest/wordpress-develop/tests/phpunit/tests/formatting/balanceTags.php" line="180" assertions="1" time="0.030649"/>
          <testcase name="test_ignores_unsupported_custom_tag_names with data set #5" class="Tests_Formatting_BalanceTags" classname="Tests_Formatting_BalanceTags" file="/home/meng/Desktop/wptest/wordpress-develop/tests/phpunit/tests/formatting/balanceTags.php" line="180" assertions="1" time="0.032346"/>
          <testcase name="test_ignores_unsupported_custom_tag_names with data set #6" class="Tests_Formatting_BalanceTags" classname="Tests_Formatting_BalanceTags" file="/home/meng/Desktop/wptest/wordpress-develop/tests/phpunit/tests/formatting/balanceTags.php" line="180" assertions="1" time="0.035385"/>
          <testcase name="test_ignores_unsupported_custom_tag_names with data set #7" class="Tests_Formatting_BalanceTags" classname="Tests_Formatting_BalanceTags" file="/home/meng/Desktop/wptest/wordpress-develop/tests/phpunit/tests/formatting/balanceTags.php" line="180" assertions="1" time="0.030987"/>
          <testcase name="test_ignores_unsupported_custom_tag_names with data set #8" class="Tests_Formatting_BalanceTags" classname="Tests_Formatting_BalanceTags" file="/home/meng/Desktop/wptest/wordpress-develop/tests/phpunit/tests/formatting/balanceTags.php" line="180" assertions="1" time="0.031110"/>
          <testcase name="test_ignores_unsupported_custom_tag_names with data set #9" class="Tests_Formatting_BalanceTags" classname="Tests_Formatting_BalanceTags" file="/home/meng/Desktop/wptest/wordpress-develop/tests/phpunit/tests/formatting/balanceTags.php" line="180" assertions="1" time="0.030307"/>
          <testcase name="test_ignores_unsupported_custom_tag_names with data set #10" class="Tests_Formatting_BalanceTags" classname="Tests_Formatting_BalanceTags" file="/home/meng/Desktop/wptest/wordpress-develop/tests/phpunit/tests/formatting/balanceTags.php" line="180" assertions="1" time="0.032738"/>
          <testcase name="test_ignores_unsupported_custom_tag_names with data set #11" class="Tests_Formatting_BalanceTags" classname="Tests_Formatting_BalanceTags" file="/home/meng/Desktop/wptest/wordpress-develop/tests/phpunit/tests/formatting/balanceTags.php" line="180" assertions="1" time="0.030378"/>
          <testcase name="test_ignores_unsupported_custom_tag_names with data set #12" class="Tests_Formatting_BalanceTags" classname="Tests_Formatting_BalanceTags" file="/home/meng/Desktop/wptest/wordpress-develop/tests/phpunit/tests/formatting/balanceTags.php" line="180" assertions="1" time="0.030720"/>
          <testcase name="test_ignores_unsupported_custom_tag_names with data set #13" class="Tests_Formatting_BalanceTags" classname="Tests_Formatting_BalanceTags" file="/home/meng/Desktop/wptest/wordpress-develop/tests/phpunit/tests/formatting/balanceTags.php" line="180" assertions="1" time="0.029962"/>
          <testcase name="test_ignores_unsupported_custom_tag_names with data set #14" class="Tests_Formatting_BalanceTags" classname="Tests_Formatting_BalanceTags" file="/home/meng/Desktop/wptest/wordpress-develop/tests/phpunit/tests/formatting/balanceTags.php" line="180" assertions="1" time="0.030638"/>
          <testcase name="test_ignores_unsupported_custom_tag_names with data set #15" class="Tests_Formatting_BalanceTags" classname="Tests_Formatting_BalanceTags" file="/home/meng/Desktop/wptest/wordpress-develop/tests/phpunit/tests/formatting/balanceTags.php" line="180" assertions="1" time="0.030608"/>
          <testcase name="test_ignores_unsupported_custom_tag_names with data set #16" class="Tests_Formatting_BalanceTags" classname="Tests_Formatting_BalanceTags" file="/home/meng/Desktop/wptest/wordpress-develop/tests/phpunit/tests/formatting/balanceTags.php" line="180" assertions="1" time="0.031082"/>
          <testcase name="test_ignores_unsupported_custom_tag_names with data set #17" class="Tests_Formatting_BalanceTags" classname="Tests_Formatting_BalanceTags" file="/home/meng/Desktop/wptest/wordpress-develop/tests/phpunit/tests/formatting/balanceTags.php" line="180" assertions="1" time="0.029977"/>
          <testcase name="test_ignores_unsupported_custom_tag_names with data set #18" class="Tests_Formatting_BalanceTags" classname="Tests_Formatting_BalanceTags" file="/home/meng/Desktop/wptest/wordpress-develop/tests/phpunit/tests/formatting/balanceTags.php" line="180" assertions="1" time="0.038027"/>
          <testcase name="test_ignores_unsupported_custom_tag_names with data set #19" class="Tests_Formatting_BalanceTags" classname="Tests_Formatting_BalanceTags" file="/home/meng/Desktop/wptest/wordpress-develop/tests/phpunit/tests/formatting/balanceTags.php" line="180" assertions="1" time="0.030530"/>
          <testcase name="test_ignores_unsupported_custom_tag_names with data set #20" class="Tests_Formatting_BalanceTags" classname="Tests_Formatting_BalanceTags" file="/home/meng/Desktop/wptest/wordpress-develop/tests/phpunit/tests/formatting/balanceTags.php" line="180" assertions="1" time="0.031180"/>
          <testcase name="test_ignores_unsupported_custom_tag_names with data set #21" class="Tests_Formatting_BalanceTags" classname="Tests_Formatting_BalanceTags" file="/home/meng/Desktop/wptest/wordpress-develop/tests/phpunit/tests/formatting/balanceTags.php" line="180" assertions="1" time="0.031096"/>
          <testcase name="test_ignores_unsupported_custom_tag_names with data set #22" class="Tests_Formatting_BalanceTags" classname="Tests_Formatting_BalanceTags" file="/home/meng/Desktop/wptest/wordpress-develop/tests/phpunit/tests/formatting/balanceTags.php" line="180" assertions="1" time="0.030254"/>
          <testcase name="test_ignores_unsupported_custom_tag_names with data set #23" class="Tests_Formatting_BalanceTags" classname="Tests_Formatting_BalanceTags" file="/home/meng/Desktop/wptest/wordpress-develop/tests/phpunit/tests/formatting/balanceTags.php" line="180" assertions="1" time="0.031060"/>
          <testcase name="test_ignores_unsupported_custom_tag_names with data set #24" class="Tests_Formatting_BalanceTags" classname="Tests_Formatting_BalanceTags" file="/home/meng/Desktop/wptest/wordpress-develop/tests/phpunit/tests/formatting/balanceTags.php" line="180" assertions="1" time="0.030706"/>
          <testcase name="test_ignores_unsupported_custom_tag_names with data set #25" class="Tests_Formatting_BalanceTags" classname="Tests_Formatting_BalanceTags" file="/home/meng/Desktop/wptest/wordpress-develop/tests/phpunit/tests/formatting/balanceTags.php" line="180" assertions="1" time="0.033370"/>
          <testcase name="test_ignores_unsupported_custom_tag_names with data set #26" class="Tests_Formatting_BalanceTags" classname="Tests_Formatting_BalanceTags" file="/home/meng/Desktop/wptest/wordpress-develop/tests/phpunit/tests/formatting/balanceTags.php" line="180" assertions="1" time="0.031402"/>
          <testcase name="test_ignores_unsupported_custom_tag_names with data set #27" class="Tests_Formatting_BalanceTags" classname="Tests_Formatting_BalanceTags" file="/home/meng/Desktop/wptest/wordpress-develop/tests/phpunit/tests/formatting/balanceTags.php" line="180" assertions="1" time="0.031039"/>
          <testcase name="test_ignores_unsupported_custom_tag_names with data set #28" class="Tests_Formatting_BalanceTags" classname="Tests_Formatting_BalanceTags" file="/home/meng/Desktop/wptest/wordpress-develop/tests/phpunit/tests/formatting/balanceTags.php" line="180" assertions="1" time="0.030624"/>
        </testsuite>
        <testsuite name="Tests_Formatting_BalanceTags::test_detects_supported_invalid_tag_names" tests="8" assertions="8" errors="0" failures="0" skipped="0" time="0.247031">
          <testcase name="test_detects_supported_invalid_tag_names with data set #0" class="Tests_Formatting_BalanceTags" classname="Tests_Formatting_BalanceTags" file="/home/meng/Desktop/wptest/wordpress-develop/tests/phpunit/tests/formatting/balanceTags.php" line="188" assertions="1" time="0.030385"/>
          <testcase name="test_detects_supported_invalid_tag_names with data set #1" class="Tests_Formatting_BalanceTags" classname="Tests_Formatting_BalanceTags" file="/home/meng/Desktop/wptest/wordpress-develop/tests/phpunit/tests/formatting/balanceTags.php" line="188" assertions="1" time="0.030061"/>
          <testcase name="test_detects_supported_invalid_tag_names with data set #2" class="Tests_Formatting_BalanceTags" classname="Tests_Formatting_BalanceTags" file="/home/meng/Desktop/wptest/wordpress-develop/tests/phpunit/tests/formatting/balanceTags.php" line="188" assertions="1" time="0.030044"/>
          <testcase name="test_detects_supported_invalid_tag_names with data set #3" class="Tests_Formatting_BalanceTags" classname="Tests_Formatting_BalanceTags" file="/home/meng/Desktop/wptest/wordpress-develop/tests/phpunit/tests/formatting/balanceTags.php" line="188" assertions="1" time="0.030118"/>
          <testcase name="test_detects_supported_invalid_tag_names with data set #4" class="Tests_Formatting_BalanceTags" classname="Tests_Formatting_BalanceTags" file="/home/meng/Desktop/wptest/wordpress-develop/tests/phpunit/tests/formatting/balanceTags.php" line="188" assertions="1" time="0.033422"/>
          <testcase name="test_detects_supported_invalid_tag_names with data set #5" class="Tests_Formatting_BalanceTags" classname="Tests_Formatting_BalanceTags" file="/home/meng/Desktop/wptest/wordpress-develop/tests/phpunit/tests/formatting/balanceTags.php" line="188" assertions="1" time="0.029965"/>
          <testcase name="test_detects_supported_invalid_tag_names with data set #6" class="Tests_Formatting_BalanceTags" classname="Tests_Formatting_BalanceTags" file="/home/meng/Desktop/wptest/wordpress-develop/tests/phpunit/tests/formatting/balanceTags.php" line="188" assertions="1" time="0.031482"/>
          <testcase name="test_detects_supported_invalid_tag_names with data set #7" class="Tests_Formatting_BalanceTags" classname="Tests_Formatting_BalanceTags" file="/home/meng/Desktop/wptest/wordpress-develop/tests/phpunit/tests/formatting/balanceTags.php" line="188" assertions="1" time="0.031554"/>
        </testsuite>
        <testsuite name="Tests_Formatting_BalanceTags::test_selfcloses_unclosed_known_single_tags" tests="16" assertions="16" errors="0" failures="0" skipped="0" time="0.495286">
          <testcase name="test_selfcloses_unclosed_known_single_tags with data set #0" class="Tests_Formatting_BalanceTags" classname="Tests_Formatting_BalanceTags" file="/home/meng/Desktop/wptest/wordpress-develop/tests/phpunit/tests/formatting/balanceTags.php" line="198" assertions="1" time="0.029939"/>
          <testcase name="test_selfcloses_unclosed_known_single_tags with data set #1" class="Tests_Formatting_BalanceTags" classname="Tests_Formatting_BalanceTags" file="/home/meng/Desktop/wptest/wordpress-develop/tests/phpunit/tests/formatting/balanceTags.php" line="198" assertions="1" time="0.030401"/>
          <testcase name="test_selfcloses_unclosed_known_single_tags with data set #2" class="Tests_Formatting_BalanceTags" classname="Tests_Formatting_BalanceTags" file="/home/meng/Desktop/wptest/wordpress-develop/tests/phpunit/tests/formatting/balanceTags.php" line="198" assertions="1" time="0.030183"/>
          <testcase name="test_selfcloses_unclosed_known_single_tags with data set #3" class="Tests_Formatting_BalanceTags" classname="Tests_Formatting_BalanceTags" file="/home/meng/Desktop/wptest/wordpress-develop/tests/phpunit/tests/formatting/balanceTags.php" line="198" assertions="1" time="0.032842"/>
          <testcase name="test_selfcloses_unclosed_known_single_tags with data set #4" class="Tests_Formatting_BalanceTags" classname="Tests_Formatting_BalanceTags" file="/home/meng/Desktop/wptest/wordpress-develop/tests/phpunit/tests/formatting/balanceTags.php" line="198" assertions="1" time="0.031824"/>
          <testcase name="test_selfcloses_unclosed_known_single_tags with data set #5" class="Tests_Formatting_BalanceTags" classname="Tests_Formatting_BalanceTags" file="/home/meng/Desktop/wptest/wordpress-develop/tests/phpunit/tests/formatting/balanceTags.php" line="198" assertions="1" time="0.029818"/>
          <testcase name="test_selfcloses_unclosed_known_single_tags with data set #6" class="Tests_Formatting_BalanceTags" classname="Tests_Formatting_BalanceTags" file="/home/meng/Desktop/wptest/wordpress-develop/tests/phpunit/tests/formatting/balanceTags.php" line="198" assertions="1" time="0.030613"/>
          <testcase name="test_selfcloses_unclosed_known_single_tags with data set #7" class="Tests_Formatting_BalanceTags" classname="Tests_Formatting_BalanceTags" file="/home/meng/Desktop/wptest/wordpress-develop/tests/phpunit/tests/formatting/balanceTags.php" line="198" assertions="1" time="0.030463"/>
          <testcase name="test_selfcloses_unclosed_known_single_tags with data set #8" class="Tests_Formatting_BalanceTags" classname="Tests_Formatting_BalanceTags" file="/home/meng/Desktop/wptest/wordpress-develop/tests/phpunit/tests/formatting/balanceTags.php" line="198" assertions="1" time="0.031372"/>
          <testcase name="test_selfcloses_unclosed_known_single_tags with data set #9" class="Tests_Formatting_BalanceTags" classname="Tests_Formatting_BalanceTags" file="/home/meng/Desktop/wptest/wordpress-develop/tests/phpunit/tests/formatting/balanceTags.php" line="198" assertions="1" time="0.032864"/>
          <testcase name="test_selfcloses_unclosed_known_single_tags with data set #10" class="Tests_Formatting_BalanceTags" classname="Tests_Formatting_BalanceTags" file="/home/meng/Desktop/wptest/wordpress-develop/tests/phpunit/tests/formatting/balanceTags.php" line="198" assertions="1" time="0.031729"/>
          <testcase name="test_selfcloses_unclosed_known_single_tags with data set #11" class="Tests_Formatting_BalanceTags" classname="Tests_Formatting_BalanceTags" file="/home/meng/Desktop/wptest/wordpress-develop/tests/phpunit/tests/formatting/balanceTags.php" line="198" assertions="1" time="0.030164"/>
          <testcase name="test_selfcloses_unclosed_known_single_tags with data set #12" class="Tests_Formatting_BalanceTags" classname="Tests_Formatting_BalanceTags" file="/home/meng/Desktop/wptest/wordpress-develop/tests/phpunit/tests/formatting/balanceTags.php" line="198" assertions="1" time="0.031237"/>
          <testcase name="test_selfcloses_unclosed_known_single_tags with data set #13" class="Tests_Formatting_BalanceTags" classname="Tests_Formatting_BalanceTags" file="/home/meng/Desktop/wptest/wordpress-develop/tests/phpunit/tests/formatting/balanceTags.php" line="198" assertions="1" time="0.031558"/>
          <testcase name="test_selfcloses_unclosed_known_single_tags with data set #14" class="Tests_Formatting_BalanceTags" classname="Tests_Formatting_BalanceTags" file="/home/meng/Desktop/wptest/wordpress-develop/tests/phpunit/tests/formatting/balanceTags.php" line="198" assertions="1" time="0.030148"/>
          <testcase name="test_selfcloses_unclosed_known_single_tags with data set #15" class="Tests_Formatting_BalanceTags" classname="Tests_Formatting_BalanceTags" file="/home/meng/Desktop/wptest/wordpress-develop/tests/phpunit/tests/formatting/balanceTags.php" line="198" assertions="1" time="0.030130"/>
        </testsuite>
        <testsuite name="Tests_Formatting_BalanceTags::test_selfcloses_known_single_tags_having_closing_tag" tests="16" assertions="16" errors="0" failures="0" skipped="0" time="0.512909">
          <testcase name="test_selfcloses_known_single_tags_having_closing_tag with data set #0" class="Tests_Formatting_BalanceTags" classname="Tests_Formatting_BalanceTags" file="/home/meng/Desktop/wptest/wordpress-develop/tests/phpunit/tests/formatting/balanceTags.php" line="209" assertions="1" time="0.030224"/>
          <testcase name="test_selfcloses_known_single_tags_having_closing_tag with data set #1" class="Tests_Formatting_BalanceTags" classname="Tests_Formatting_BalanceTags" file="/home/meng/Desktop/wptest/wordpress-develop/tests/phpunit/tests/formatting/balanceTags.php" line="209" assertions="1" time="0.030541"/>
          <testcase name="test_selfcloses_known_single_tags_having_closing_tag with data set #2" class="Tests_Formatting_BalanceTags" classname="Tests_Formatting_BalanceTags" file="/home/meng/Desktop/wptest/wordpress-develop/tests/phpunit/tests/formatting/balanceTags.php" line="209" assertions="1" time="0.031613"/>
          <testcase name="test_selfcloses_known_single_tags_having_closing_tag with data set #3" class="Tests_Formatting_BalanceTags" classname="Tests_Formatting_BalanceTags" file="/home/meng/Desktop/wptest/wordpress-develop/tests/phpunit/tests/formatting/balanceTags.php" line="209" assertions="1" time="0.030926"/>
          <testcase name="test_selfcloses_known_single_tags_having_closing_tag with data set #4" class="Tests_Formatting_BalanceTags" classname="Tests_Formatting_BalanceTags" file="/home/meng/Desktop/wptest/wordpress-develop/tests/phpunit/tests/formatting/balanceTags.php" line="209" assertions="1" time="0.030928"/>
          <testcase name="test_selfcloses_known_single_tags_having_closing_tag with data set #5" class="Tests_Formatting_BalanceTags" classname="Tests_Formatting_BalanceTags" file="/home/meng/Desktop/wptest/wordpress-develop/tests/phpunit/tests/formatting/balanceTags.php" line="209" assertions="1" time="0.043951"/>
          <testcase name="test_selfcloses_known_single_tags_having_closing_tag with data set #6" class="Tests_Formatting_BalanceTags" classname="Tests_Formatting_BalanceTags" file="/home/meng/Desktop/wptest/wordpress-develop/tests/phpunit/tests/formatting/balanceTags.php" line="209" assertions="1" time="0.030993"/>
          <testcase name="test_selfcloses_known_single_tags_having_closing_tag with data set #7" class="Tests_Formatting_BalanceTags" classname="Tests_Formatting_BalanceTags" file="/home/meng/Desktop/wptest/wordpress-develop/tests/phpunit/tests/formatting/balanceTags.php" line="209" assertions="1" time="0.030862"/>
          <testcase name="test_selfcloses_known_single_tags_having_closing_tag with data set #8" class="Tests_Formatting_BalanceTags" classname="Tests_Formatting_BalanceTags" file="/home/meng/Desktop/wptest/wordpress-develop/tests/phpunit/tests/formatting/balanceTags.php" line="209" assertions="1" time="0.031582"/>
          <testcase name="test_selfcloses_known_single_tags_having_closing_tag with data set #9" class="Tests_Formatting_BalanceTags" classname="Tests_Formatting_BalanceTags" file="/home/meng/Desktop/wptest/wordpress-develop/tests/phpunit/tests/formatting/balanceTags.php" line="209" assertions="1" time="0.030257"/>
          <testcase name="test_selfcloses_known_single_tags_having_closing_tag with data set #10" class="Tests_Formatting_BalanceTags" classname="Tests_Formatting_BalanceTags" file="/home/meng/Desktop/wptest/wordpress-develop/tests/phpunit/tests/formatting/balanceTags.php" line="209" assertions="1" time="0.033009"/>
          <testcase name="test_selfcloses_known_single_tags_having_closing_tag with data set #11" class="Tests_Formatting_BalanceTags" classname="Tests_Formatting_BalanceTags" file="/home/meng/Desktop/wptest/wordpress-develop/tests/phpunit/tests/formatting/balanceTags.php" line="209" assertions="1" time="0.033444"/>
          <testcase name="test_selfcloses_known_single_tags_having_closing_tag with data set #12" class="Tests_Formatting_BalanceTags" classname="Tests_Formatting_BalanceTags" file="/home/meng/Desktop/wptest/wordpress-develop/tests/phpunit/tests/formatting/balanceTags.php" line="209" assertions="1" time="0.030868"/>
          <testcase name="test_selfcloses_known_single_tags_having_closing_tag with data set #13" class="Tests_Formatting_BalanceTags" classname="Tests_Formatting_BalanceTags" file="/home/meng/Desktop/wptest/wordpress-develop/tests/phpunit/tests/formatting/balanceTags.php" line="209" assertions="1" time="0.030306"/>
          <testcase name="test_selfcloses_known_single_tags_having_closing_tag with data set #14" class="Tests_Formatting_BalanceTags" classname="Tests_Formatting_BalanceTags" file="/home/meng/Desktop/wptest/wordpress-develop/tests/phpunit/tests/formatting/balanceTags.php" line="209" assertions="1" time="0.030879"/>
          <testcase name="test_selfcloses_known_single_tags_having_closing_tag with data set #15" class="Tests_Formatting_BalanceTags" classname="Tests_Formatting_BalanceTags" file="/home/meng/Desktop/wptest/wordpress-develop/tests/phpunit/tests/formatting/balanceTags.php" line="209" assertions="1" time="0.032526"/>
        </testsuite>
        <testcase name="test_closes_unknown_single_tags_with_closing_tag" class="Tests_Formatting_BalanceTags" classname="Tests_Formatting_BalanceTags" file="/home/meng/Desktop/wptest/wordpress-develop/tests/phpunit/tests/formatting/balanceTags.php" line="216" assertions="5" time="0.031812"/>
        <testcase name="test_closes_unclosed_single_tags_having_attributes" class="Tests_Formatting_BalanceTags" classname="Tests_Formatting_BalanceTags" file="/home/meng/Desktop/wptest/wordpress-develop/tests/phpunit/tests/formatting/balanceTags.php" line="239" assertions="2" time="0.030941"/>
        <testcase name="test_allows_validly_closed_single_tags" class="Tests_Formatting_BalanceTags" classname="Tests_Formatting_BalanceTags" file="/home/meng/Desktop/wptest/wordpress-develop/tests/phpunit/tests/formatting/balanceTags.php" line="254" assertions="4" time="0.031751"/>
        <testsuite name="Tests_Formatting_BalanceTags::test_balances_nestable_tags" tests="5" assertions="15" errors="0" failures="0" skipped="0" time="0.156994">
          <testcase name="test_balances_nestable_tags with data set #0" class="Tests_Formatting_BalanceTags" classname="Tests_Formatting_BalanceTags" file="/home/meng/Desktop/wptest/wordpress-develop/tests/phpunit/tests/formatting/balanceTags.php" line="270" assertions="3" time="0.031392"/>
          <testcase name="test_balances_nestable_tags with data set #1" class="Tests_Formatting_BalanceTags" classname="Tests_Formatting_BalanceTags" file="/home/meng/Desktop/wptest/wordpress-develop/tests/phpunit/tests/formatting/balanceTags.php" line="270" assertions="3" time="0.030405"/>
          <testcase name="test_balances_nestable_tags with data set #2" class="Tests_Formatting_BalanceTags" classname="Tests_Formatting_BalanceTags" file="/home/meng/Desktop/wptest/wordpress-develop/tests/phpunit/tests/formatting/balanceTags.php" line="270" assertions="3" time="0.031414"/>
          <testcase name="test_balances_nestable_tags with data set #3" class="Tests_Formatting_BalanceTags" classname="Tests_Formatting_BalanceTags" file="/home/meng/Desktop/wptest/wordpress-develop/tests/phpunit/tests/formatting/balanceTags.php" line="270" assertions="3" time="0.031001"/>
          <testcase name="test_balances_nestable_tags with data set #4" class="Tests_Formatting_BalanceTags" classname="Tests_Formatting_BalanceTags" file="/home/meng/Desktop/wptest/wordpress-develop/tests/phpunit/tests/formatting/balanceTags.php" line="270" assertions="3" time="0.032782"/>
        </testsuite>
        <testcase name="test_allows_adjacent_nestable_tags" class="Tests_Formatting_BalanceTags" classname="Tests_Formatting_BalanceTags" file="/home/meng/Desktop/wptest/wordpress-develop/tests/phpunit/tests/formatting/balanceTags.php" line="287" assertions="5" time="0.031243"/>
        <testcase name="test_allows_immediately_nested_object_tags" class="Tests_Formatting_BalanceTags" classname="Tests_Formatting_BalanceTags" file="/home/meng/Desktop/wptest/wordpress-develop/tests/phpunit/tests/formatting/balanceTags.php" line="304" assertions="1" time="0.032903"/>
        <testcase name="test_balances_nested_non_nestable_tags" class="Tests_Formatting_BalanceTags" classname="Tests_Formatting_BalanceTags" file="/home/meng/Desktop/wptest/wordpress-develop/tests/phpunit/tests/formatting/balanceTags.php" line="309" assertions="2" time="0.030938"/>
        <testcase name="test_fixes_improper_closing_tag_sequence" class="Tests_Formatting_BalanceTags" classname="Tests_Formatting_BalanceTags" file="/home/meng/Desktop/wptest/wordpress-develop/tests/phpunit/tests/formatting/balanceTags.php" line="324" assertions="2" time="0.031407"/>
        <testcase name="test_adds_missing_closing_tags" class="Tests_Formatting_BalanceTags" classname="Tests_Formatting_BalanceTags" file="/home/meng/Desktop/wptest/wordpress-develop/tests/phpunit/tests/formatting/balanceTags.php" line="339" assertions="5" time="0.031850"/>
        <testcase name="test_removes_extraneous_closing_tags" class="Tests_Formatting_BalanceTags" classname="Tests_Formatting_BalanceTags" file="/home/meng/Desktop/wptest/wordpress-develop/tests/phpunit/tests/formatting/balanceTags.php" line="360" assertions="4" time="0.031368"/>
        <testsuite name="Tests_Formatting_BalanceTags::test_custom_elements" tests="10" assertions="10" errors="0" failures="0" skipped="0" time="0.319663">
          <testcase name="test_custom_elements with data set #0" class="Tests_Formatting_BalanceTags" classname="Tests_Formatting_BalanceTags" file="/home/meng/Desktop/wptest/wordpress-develop/tests/phpunit/tests/formatting/balanceTags.php" line="440" assertions="1" time="0.031058"/>
          <testcase name="test_custom_elements with data set #1" class="Tests_Formatting_BalanceTags" classname="Tests_Formatting_BalanceTags" file="/home/meng/Desktop/wptest/wordpress-develop/tests/phpunit/tests/formatting/balanceTags.php" line="440" assertions="1" time="0.034511"/>
          <testcase name="test_custom_elements with data set #2" class="Tests_Formatting_BalanceTags" classname="Tests_Formatting_BalanceTags" file="/home/meng/Desktop/wptest/wordpress-develop/tests/phpunit/tests/formatting/balanceTags.php" line="440" assertions="1" time="0.031838"/>
          <testcase name="test_custom_elements with data set #3" class="Tests_Formatting_BalanceTags" classname="Tests_Formatting_BalanceTags" file="/home/meng/Desktop/wptest/wordpress-develop/tests/phpunit/tests/formatting/balanceTags.php" line="440" assertions="1" time="0.033580"/>
          <testcase name="test_custom_elements with data set #4" class="Tests_Formatting_BalanceTags" classname="Tests_Formatting_BalanceTags" file="/home/meng/Desktop/wptest/wordpress-develop/tests/phpunit/tests/formatting/balanceTags.php" line="440" assertions="1" time="0.031045"/>
          <testcase name="test_custom_elements with data set #5" class="Tests_Formatting_BalanceTags" classname="Tests_Formatting_BalanceTags" file="/home/meng/Desktop/wptest/wordpress-develop/tests/phpunit/tests/formatting/balanceTags.php" line="440" assertions="1" time="0.032936"/>
          <testcase name="test_custom_elements with data set #6" class="Tests_Formatting_BalanceTags" classname="Tests_Formatting_BalanceTags" file="/home/meng/Desktop/wptest/wordpress-develop/tests/phpunit/tests/formatting/balanceTags.php" line="440" assertions="1" time="0.031573"/>
          <testcase name="test_custom_elements with data set #7" class="Tests_Formatting_BalanceTags" classname="Tests_Formatting_BalanceTags" file="/home/meng/Desktop/wptest/wordpress-develop/tests/phpunit/tests/formatting/balanceTags.php" line="440" assertions="1" time="0.030778"/>
          <testcase name="test_custom_elements with data set #8" class="Tests_Formatting_BalanceTags" classname="Tests_Formatting_BalanceTags" file="/home/meng/Desktop/wptest/wordpress-develop/tests/phpunit/tests/formatting/balanceTags.php" line="440" assertions="1" time="0.030986"/>
          <testcase name="test_custom_elements with data set #9" class="Tests_Formatting_BalanceTags" classname="Tests_Formatting_BalanceTags" file="/home/meng/Desktop/wptest/wordpress-develop/tests/phpunit/tests/formatting/balanceTags.php" line="440" assertions="1" time="0.031357"/>
        </testsuite>
      </testsuite>
      <testsuite name="Tests_Formatting_Date" file="/home/meng/Desktop/wptest/wordpress-develop/tests/phpunit/tests/formatting/date.php" tests="15" assertions="29" errors="0" failures="0" skipped="0" time="0.511231">
        <testcase name="test_get_date_from_gmt_outside_of_dst" class="Tests_Formatting_Date" classname="Tests_Formatting_Date" file="/home/meng/Desktop/wptest/wordpress-develop/tests/phpunit/tests/formatting/date.php" line="14" assertions="1" time="0.033079"/>
        <testcase name="test_get_date_from_gmt_during_dst" class="Tests_Formatting_Date" classname="Tests_Formatting_Date" file="/home/meng/Desktop/wptest/wordpress-develop/tests/phpunit/tests/formatting/date.php" line="26" assertions="1" time="0.031907"/>
        <testcase name="test_get_gmt_from_date_outside_of_dst" class="Tests_Formatting_Date" classname="Tests_Formatting_Date" file="/home/meng/Desktop/wptest/wordpress-develop/tests/phpunit/tests/formatting/date.php" line="36" assertions="1" time="0.032284"/>
        <testcase name="test_get_gmt_from_date_during_dst" class="Tests_Formatting_Date" classname="Tests_Formatting_Date" file="/home/meng/Desktop/wptest/wordpress-develop/tests/phpunit/tests/formatting/date.php" line="46" assertions="1" time="0.033020"/>
        <testcase name="test_get_date_and_time_from_gmt_no_timezone" class="Tests_Formatting_Date" classname="Tests_Formatting_Date" file="/home/meng/Desktop/wptest/wordpress-develop/tests/phpunit/tests/formatting/date.php" line="56" assertions="1" time="0.031093"/>
        <testcase name="test_get_gmt_from_date_no_timezone" class="Tests_Formatting_Date" classname="Tests_Formatting_Date" file="/home/meng/Desktop/wptest/wordpress-develop/tests/phpunit/tests/formatting/date.php" line="65" assertions="1" time="0.046098"/>
        <testcase name="test_get_gmt_from_date_short_date" class="Tests_Formatting_Date" classname="Tests_Formatting_Date" file="/home/meng/Desktop/wptest/wordpress-develop/tests/phpunit/tests/formatting/date.php" line="74" assertions="1" time="0.032778"/>
        <testcase name="test_get_gmt_from_date_string_date" class="Tests_Formatting_Date" classname="Tests_Formatting_Date" file="/home/meng/Desktop/wptest/wordpress-develop/tests/phpunit/tests/formatting/date.php" line="84" assertions="1" time="0.035337"/>
        <testcase name="test_get_gmt_from_date_string_date_no_timezone" class="Tests_Formatting_Date" classname="Tests_Formatting_Date" file="/home/meng/Desktop/wptest/wordpress-develop/tests/phpunit/tests/formatting/date.php" line="94" assertions="1" time="0.030773"/>
        <testsuite name="Tests_Formatting_Date::test_gmt_from_date_correct_time" tests="2" assertions="2" errors="0" failures="0" skipped="0" time="0.066960">
          <testcase name="test_gmt_from_date_correct_time with data set #0" class="Tests_Formatting_Date" classname="Tests_Formatting_Date" file="/home/meng/Desktop/wptest/wordpress-develop/tests/phpunit/tests/formatting/date.php" line="105" assertions="1" time="0.033360"/>
          <testcase name="test_gmt_from_date_correct_time with data set #1" class="Tests_Formatting_Date" classname="Tests_Formatting_Date" file="/home/meng/Desktop/wptest/wordpress-develop/tests/phpunit/tests/formatting/date.php" line="105" assertions="1" time="0.033600"/>
        </testsuite>
        <testsuite name="Tests_Formatting_Date::test_date_from_gmt_correct_time" tests="2" assertions="2" errors="0" failures="0" skipped="0" time="0.067139">
          <testcase name="test_date_from_gmt_correct_time with data set #0" class="Tests_Formatting_Date" classname="Tests_Formatting_Date" file="/home/meng/Desktop/wptest/wordpress-develop/tests/phpunit/tests/formatting/date.php" line="121" assertions="1" time="0.033984"/>
          <testcase name="test_date_from_gmt_correct_time with data set #1" class="Tests_Formatting_Date" classname="Tests_Formatting_Date" file="/home/meng/Desktop/wptest/wordpress-develop/tests/phpunit/tests/formatting/date.php" line="121" assertions="1" time="0.033155"/>
        </testsuite>
        <testsuite name="Tests_Formatting_Date::test_is8601_to_datetime_correct_time" tests="2" assertions="16" errors="0" failures="0" skipped="0" time="0.070763">
          <testcase name="test_is8601_to_datetime_correct_time with data set #0" class="Tests_Formatting_Date" classname="Tests_Formatting_Date" file="/home/meng/Desktop/wptest/wordpress-develop/tests/phpunit/tests/formatting/date.php" line="137" assertions="8" time="0.035265"/>
          <testcase name="test_is8601_to_datetime_correct_time with data set #1" class="Tests_Formatting_Date" classname="Tests_Formatting_Date" file="/home/meng/Desktop/wptest/wordpress-develop/tests/phpunit/tests/formatting/date.php" line="137" assertions="8" time="0.035498"/>
        </testsuite>
      </testsuite>
      <testsuite name="Tests_Formatting_Ent2NCR" file="/home/meng/Desktop/wptest/wordpress-develop/tests/phpunit/tests/formatting/ent2ncr.php" tests="251" assertions="251" errors="0" failures="0" skipped="0" time="8.029285">
        <testsuite name="Tests_Formatting_Ent2NCR::test_converts_named_entities_to_numeric_character_references" tests="251" assertions="251" errors="0" failures="0" skipped="0" time="8.029285">
          <testcase name="test_converts_named_entities_to_numeric_character_references with data set #0" class="Tests_Formatting_Ent2NCR" classname="Tests_Formatting_Ent2NCR" file="/home/meng/Desktop/wptest/wordpress-develop/tests/phpunit/tests/formatting/ent2ncr.php" line="10" assertions="1" time="0.030363"/>
          <testcase name="test_converts_named_entities_to_numeric_character_references with data set #1" class="Tests_Formatting_Ent2NCR" classname="Tests_Formatting_Ent2NCR" file="/home/meng/Desktop/wptest/wordpress-develop/tests/phpunit/tests/formatting/ent2ncr.php" line="10" assertions="1" time="0.030467"/>
          <testcase name="test_converts_named_entities_to_numeric_character_references with data set #2" class="Tests_Formatting_Ent2NCR" classname="Tests_Formatting_Ent2NCR" file="/home/meng/Desktop/wptest/wordpress-develop/tests/phpunit/tests/formatting/ent2ncr.php" line="10" assertions="1" time="0.030259"/>
          <testcase name="test_converts_named_entities_to_numeric_character_references with data set #3" class="Tests_Formatting_Ent2NCR" classname="Tests_Formatting_Ent2NCR" file="/home/meng/Desktop/wptest/wordpress-develop/tests/phpunit/tests/formatting/ent2ncr.php" line="10" assertions="1" time="0.029995"/>
          <testcase name="test_converts_named_entities_to_numeric_character_references with data set #4" class="Tests_Formatting_Ent2NCR" classname="Tests_Formatting_Ent2NCR" file="/home/meng/Desktop/wptest/wordpress-develop/tests/phpunit/tests/formatting/ent2ncr.php" line="10" assertions="1" time="0.030663"/>
          <testcase name="test_converts_named_entities_to_numeric_character_references with data set #5" class="Tests_Formatting_Ent2NCR" classname="Tests_Formatting_Ent2NCR" file="/home/meng/Desktop/wptest/wordpress-develop/tests/phpunit/tests/formatting/ent2ncr.php" line="10" assertions="1" time="0.030642"/>
          <testcase name="test_converts_named_entities_to_numeric_character_references with data set #6" class="Tests_Formatting_Ent2NCR" classname="Tests_Formatting_Ent2NCR" file="/home/meng/Desktop/wptest/wordpress-develop/tests/phpunit/tests/formatting/ent2ncr.php" line="10" assertions="1" time="0.029938"/>
          <testcase name="test_converts_named_entities_to_numeric_character_references with data set #7" class="Tests_Formatting_Ent2NCR" classname="Tests_Formatting_Ent2NCR" file="/home/meng/Desktop/wptest/wordpress-develop/tests/phpunit/tests/formatting/ent2ncr.php" line="10" assertions="1" time="0.031176"/>
          <testcase name="test_converts_named_entities_to_numeric_character_references with data set #8" class="Tests_Formatting_Ent2NCR" classname="Tests_Formatting_Ent2NCR" file="/home/meng/Desktop/wptest/wordpress-develop/tests/phpunit/tests/formatting/ent2ncr.php" line="10" assertions="1" time="0.030830"/>
          <testcase name="test_converts_named_entities_to_numeric_character_references with data set #9" class="Tests_Formatting_Ent2NCR" classname="Tests_Formatting_Ent2NCR" file="/home/meng/Desktop/wptest/wordpress-develop/tests/phpunit/tests/formatting/ent2ncr.php" line="10" assertions="1" time="0.032474"/>
          <testcase name="test_converts_named_entities_to_numeric_character_references with data set #10" class="Tests_Formatting_Ent2NCR" classname="Tests_Formatting_Ent2NCR" file="/home/meng/Desktop/wptest/wordpress-develop/tests/phpunit/tests/formatting/ent2ncr.php" line="10" assertions="1" time="0.032706"/>
          <testcase name="test_converts_named_entities_to_numeric_character_references with data set #11" class="Tests_Formatting_Ent2NCR" classname="Tests_Formatting_Ent2NCR" file="/home/meng/Desktop/wptest/wordpress-develop/tests/phpunit/tests/formatting/ent2ncr.php" line="10" assertions="1" time="0.030675"/>
          <testcase name="test_converts_named_entities_to_numeric_character_references with data set #12" class="Tests_Formatting_Ent2NCR" classname="Tests_Formatting_Ent2NCR" file="/home/meng/Desktop/wptest/wordpress-develop/tests/phpunit/tests/formatting/ent2ncr.php" line="10" assertions="1" time="0.030865"/>
          <testcase name="test_converts_named_entities_to_numeric_character_references with data set #13" class="Tests_Formatting_Ent2NCR" classname="Tests_Formatting_Ent2NCR" file="/home/meng/Desktop/wptest/wordpress-develop/tests/phpunit/tests/formatting/ent2ncr.php" line="10" assertions="1" time="0.030541"/>
          <testcase name="test_converts_named_entities_to_numeric_character_references with data set #14" class="Tests_Formatting_Ent2NCR" classname="Tests_Formatting_Ent2NCR" file="/home/meng/Desktop/wptest/wordpress-develop/tests/phpunit/tests/formatting/ent2ncr.php" line="10" assertions="1" time="0.033421"/>
          <testcase name="test_converts_named_entities_to_numeric_character_references with data set #15" class="Tests_Formatting_Ent2NCR" classname="Tests_Formatting_Ent2NCR" file="/home/meng/Desktop/wptest/wordpress-develop/tests/phpunit/tests/formatting/ent2ncr.php" line="10" assertions="1" time="0.035059"/>
          <testcase name="test_converts_named_entities_to_numeric_character_references with data set #16" class="Tests_Formatting_Ent2NCR" classname="Tests_Formatting_Ent2NCR" file="/home/meng/Desktop/wptest/wordpress-develop/tests/phpunit/tests/formatting/ent2ncr.php" line="10" assertions="1" time="0.031640"/>
          <testcase name="test_converts_named_entities_to_numeric_character_references with data set #17" class="Tests_Formatting_Ent2NCR" classname="Tests_Formatting_Ent2NCR" file="/home/meng/Desktop/wptest/wordpress-develop/tests/phpunit/tests/formatting/ent2ncr.php" line="10" assertions="1" time="0.034676"/>
          <testcase name="test_converts_named_entities_to_numeric_character_references with data set #18" class="Tests_Formatting_Ent2NCR" classname="Tests_Formatting_Ent2NCR" file="/home/meng/Desktop/wptest/wordpress-develop/tests/phpunit/tests/formatting/ent2ncr.php" line="10" assertions="1" time="0.030674"/>
          <testcase name="test_converts_named_entities_to_numeric_character_references with data set #19" class="Tests_Formatting_Ent2NCR" classname="Tests_Formatting_Ent2NCR" file="/home/meng/Desktop/wptest/wordpress-develop/tests/phpunit/tests/formatting/ent2ncr.php" line="10" assertions="1" time="0.033106"/>
          <testcase name="test_converts_named_entities_to_numeric_character_references with data set #20" class="Tests_Formatting_Ent2NCR" classname="Tests_Formatting_Ent2NCR" file="/home/meng/Desktop/wptest/wordpress-develop/tests/phpunit/tests/formatting/ent2ncr.php" line="10" assertions="1" time="0.033360"/>
          <testcase name="test_converts_named_entities_to_numeric_character_references with data set #21" class="Tests_Formatting_Ent2NCR" classname="Tests_Formatting_Ent2NCR" file="/home/meng/Desktop/wptest/wordpress-develop/tests/phpunit/tests/formatting/ent2ncr.php" line="10" assertions="1" time="0.030643"/>
          <testcase name="test_converts_named_entities_to_numeric_character_references with data set #22" class="Tests_Formatting_Ent2NCR" classname="Tests_Formatting_Ent2NCR" file="/home/meng/Desktop/wptest/wordpress-develop/tests/phpunit/tests/formatting/ent2ncr.php" line="10" assertions="1" time="0.033310"/>
          <testcase name="test_converts_named_entities_to_numeric_character_references with data set #23" class="Tests_Formatting_Ent2NCR" classname="Tests_Formatting_Ent2NCR" file="/home/meng/Desktop/wptest/wordpress-develop/tests/phpunit/tests/formatting/ent2ncr.php" line="10" assertions="1" time="0.030671"/>
          <testcase name="test_converts_named_entities_to_numeric_character_references with data set #24" class="Tests_Formatting_Ent2NCR" classname="Tests_Formatting_Ent2NCR" file="/home/meng/Desktop/wptest/wordpress-develop/tests/phpunit/tests/formatting/ent2ncr.php" line="10" assertions="1" time="0.030373"/>
          <testcase name="test_converts_named_entities_to_numeric_character_references with data set #25" class="Tests_Formatting_Ent2NCR" classname="Tests_Formatting_Ent2NCR" file="/home/meng/Desktop/wptest/wordpress-develop/tests/phpunit/tests/formatting/ent2ncr.php" line="10" assertions="1" time="0.030956"/>
          <testcase name="test_converts_named_entities_to_numeric_character_references with data set #26" class="Tests_Formatting_Ent2NCR" classname="Tests_Formatting_Ent2NCR" file="/home/meng/Desktop/wptest/wordpress-develop/tests/phpunit/tests/formatting/ent2ncr.php" line="10" assertions="1" time="0.030147"/>
          <testcase name="test_converts_named_entities_to_numeric_character_references with data set #27" class="Tests_Formatting_Ent2NCR" classname="Tests_Formatting_Ent2NCR" file="/home/meng/Desktop/wptest/wordpress-develop/tests/phpunit/tests/formatting/ent2ncr.php" line="10" assertions="1" time="0.031612"/>
          <testcase name="test_converts_named_entities_to_numeric_character_references with data set #28" class="Tests_Formatting_Ent2NCR" classname="Tests_Formatting_Ent2NCR" file="/home/meng/Desktop/wptest/wordpress-develop/tests/phpunit/tests/formatting/ent2ncr.php" line="10" assertions="1" time="0.032815"/>
          <testcase name="test_converts_named_entities_to_numeric_character_references with data set #29" class="Tests_Formatting_Ent2NCR" classname="Tests_Formatting_Ent2NCR" file="/home/meng/Desktop/wptest/wordpress-develop/tests/phpunit/tests/formatting/ent2ncr.php" line="10" assertions="1" time="0.045136"/>
          <testcase name="test_converts_named_entities_to_numeric_character_references with data set #30" class="Tests_Formatting_Ent2NCR" classname="Tests_Formatting_Ent2NCR" file="/home/meng/Desktop/wptest/wordpress-develop/tests/phpunit/tests/formatting/ent2ncr.php" line="10" assertions="1" time="0.032206"/>
          <testcase name="test_converts_named_entities_to_numeric_character_references with data set #31" class="Tests_Formatting_Ent2NCR" classname="Tests_Formatting_Ent2NCR" file="/home/meng/Desktop/wptest/wordpress-develop/tests/phpunit/tests/formatting/ent2ncr.php" line="10" assertions="1" time="0.030053"/>
          <testcase name="test_converts_named_entities_to_numeric_character_references with data set #32" class="Tests_Formatting_Ent2NCR" classname="Tests_Formatting_Ent2NCR" file="/home/meng/Desktop/wptest/wordpress-develop/tests/phpunit/tests/formatting/ent2ncr.php" line="10" assertions="1" time="0.029955"/>
          <testcase name="test_converts_named_entities_to_numeric_character_references with data set #33" class="Tests_Formatting_Ent2NCR" classname="Tests_Formatting_Ent2NCR" file="/home/meng/Desktop/wptest/wordpress-develop/tests/phpunit/tests/formatting/ent2ncr.php" line="10" assertions="1" time="0.030105"/>
          <testcase name="test_converts_named_entities_to_numeric_character_references with data set #34" class="Tests_Formatting_Ent2NCR" classname="Tests_Formatting_Ent2NCR" file="/home/meng/Desktop/wptest/wordpress-develop/tests/phpunit/tests/formatting/ent2ncr.php" line="10" assertions="1" time="0.030062"/>
          <testcase name="test_converts_named_entities_to_numeric_character_references with data set #35" class="Tests_Formatting_Ent2NCR" classname="Tests_Formatting_Ent2NCR" file="/home/meng/Desktop/wptest/wordpress-develop/tests/phpunit/tests/formatting/ent2ncr.php" line="10" assertions="1" time="0.031885"/>
          <testcase name="test_converts_named_entities_to_numeric_character_references with data set #36" class="Tests_Formatting_Ent2NCR" classname="Tests_Formatting_Ent2NCR" file="/home/meng/Desktop/wptest/wordpress-develop/tests/phpunit/tests/formatting/ent2ncr.php" line="10" assertions="1" time="0.030276"/>
          <testcase name="test_converts_named_entities_to_numeric_character_references with data set #37" class="Tests_Formatting_Ent2NCR" classname="Tests_Formatting_Ent2NCR" file="/home/meng/Desktop/wptest/wordpress-develop/tests/phpunit/tests/formatting/ent2ncr.php" line="10" assertions="1" time="0.030014"/>
          <testcase name="test_converts_named_entities_to_numeric_character_references with data set #38" class="Tests_Formatting_Ent2NCR" classname="Tests_Formatting_Ent2NCR" file="/home/meng/Desktop/wptest/wordpress-develop/tests/phpunit/tests/formatting/ent2ncr.php" line="10" assertions="1" time="0.030335"/>
          <testcase name="test_converts_named_entities_to_numeric_character_references with data set #39" class="Tests_Formatting_Ent2NCR" classname="Tests_Formatting_Ent2NCR" file="/home/meng/Desktop/wptest/wordpress-develop/tests/phpunit/tests/formatting/ent2ncr.php" line="10" assertions="1" time="0.030106"/>
          <testcase name="test_converts_named_entities_to_numeric_character_references with data set #40" class="Tests_Formatting_Ent2NCR" classname="Tests_Formatting_Ent2NCR" file="/home/meng/Desktop/wptest/wordpress-develop/tests/phpunit/tests/formatting/ent2ncr.php" line="10" assertions="1" time="0.031225"/>
          <testcase name="test_converts_named_entities_to_numeric_character_references with data set #41" class="Tests_Formatting_Ent2NCR" classname="Tests_Formatting_Ent2NCR" file="/home/meng/Desktop/wptest/wordpress-develop/tests/phpunit/tests/formatting/ent2ncr.php" line="10" assertions="1" time="0.035090"/>
          <testcase name="test_converts_named_entities_to_numeric_character_references with data set #42" class="Tests_Formatting_Ent2NCR" classname="Tests_Formatting_Ent2NCR" file="/home/meng/Desktop/wptest/wordpress-develop/tests/phpunit/tests/formatting/ent2ncr.php" line="10" assertions="1" time="0.030840"/>
          <testcase name="test_converts_named_entities_to_numeric_character_references with data set #43" class="Tests_Formatting_Ent2NCR" classname="Tests_Formatting_Ent2NCR" file="/home/meng/Desktop/wptest/wordpress-develop/tests/phpunit/tests/formatting/ent2ncr.php" line="10" assertions="1" time="0.030449"/>
          <testcase name="test_converts_named_entities_to_numeric_character_references with data set #44" class="Tests_Formatting_Ent2NCR" classname="Tests_Formatting_Ent2NCR" file="/home/meng/Desktop/wptest/wordpress-develop/tests/phpunit/tests/formatting/ent2ncr.php" line="10" assertions="1" time="0.034812"/>
          <testcase name="test_converts_named_entities_to_numeric_character_references with data set #45" class="Tests_Formatting_Ent2NCR" classname="Tests_Formatting_Ent2NCR" file="/home/meng/Desktop/wptest/wordpress-develop/tests/phpunit/tests/formatting/ent2ncr.php" line="10" assertions="1" time="0.031175"/>
          <testcase name="test_converts_named_entities_to_numeric_character_references with data set #46" class="Tests_Formatting_Ent2NCR" classname="Tests_Formatting_Ent2NCR" file="/home/meng/Desktop/wptest/wordpress-develop/tests/phpunit/tests/formatting/ent2ncr.php" line="10" assertions="1" time="0.030750"/>
          <testcase name="test_converts_named_entities_to_numeric_character_references with data set #47" class="Tests_Formatting_Ent2NCR" classname="Tests_Formatting_Ent2NCR" file="/home/meng/Desktop/wptest/wordpress-develop/tests/phpunit/tests/formatting/ent2ncr.php" line="10" assertions="1" time="0.030356"/>
          <testcase name="test_converts_named_entities_to_numeric_character_references with data set #48" class="Tests_Formatting_Ent2NCR" classname="Tests_Formatting_Ent2NCR" file="/home/meng/Desktop/wptest/wordpress-develop/tests/phpunit/tests/formatting/ent2ncr.php" line="10" assertions="1" time="0.030788"/>
          <testcase name="test_converts_named_entities_to_numeric_character_references with data set #49" class="Tests_Formatting_Ent2NCR" classname="Tests_Formatting_Ent2NCR" file="/home/meng/Desktop/wptest/wordpress-develop/tests/phpunit/tests/formatting/ent2ncr.php" line="10" assertions="1" time="0.030214"/>
          <testcase name="test_converts_named_entities_to_numeric_character_references with data set #50" class="Tests_Formatting_Ent2NCR" classname="Tests_Formatting_Ent2NCR" file="/home/meng/Desktop/wptest/wordpress-develop/tests/phpunit/tests/formatting/ent2ncr.php" line="10" assertions="1" time="0.029759"/>
          <testcase name="test_converts_named_entities_to_numeric_character_references with data set #51" class="Tests_Formatting_Ent2NCR" classname="Tests_Formatting_Ent2NCR" file="/home/meng/Desktop/wptest/wordpress-develop/tests/phpunit/tests/formatting/ent2ncr.php" line="10" assertions="1" time="0.031059"/>
          <testcase name="test_converts_named_entities_to_numeric_character_references with data set #52" class="Tests_Formatting_Ent2NCR" classname="Tests_Formatting_Ent2NCR" file="/home/meng/Desktop/wptest/wordpress-develop/tests/phpunit/tests/formatting/ent2ncr.php" line="10" assertions="1" time="0.029874"/>
          <testcase name="test_converts_named_entities_to_numeric_character_references with data set #53" class="Tests_Formatting_Ent2NCR" classname="Tests_Formatting_Ent2NCR" file="/home/meng/Desktop/wptest/wordpress-develop/tests/phpunit/tests/formatting/ent2ncr.php" line="10" assertions="1" time="0.033862"/>
          <testcase name="test_converts_named_entities_to_numeric_character_references with data set #54" class="Tests_Formatting_Ent2NCR" classname="Tests_Formatting_Ent2NCR" file="/home/meng/Desktop/wptest/wordpress-develop/tests/phpunit/tests/formatting/ent2ncr.php" line="10" assertions="1" time="0.032787"/>
          <testcase name="test_converts_named_entities_to_numeric_character_references with data set #55" class="Tests_Formatting_Ent2NCR" classname="Tests_Formatting_Ent2NCR" file="/home/meng/Desktop/wptest/wordpress-develop/tests/phpunit/tests/formatting/ent2ncr.php" line="10" assertions="1" time="0.032473"/>
          <testcase name="test_converts_named_entities_to_numeric_character_references with data set #56" class="Tests_Formatting_Ent2NCR" classname="Tests_Formatting_Ent2NCR" file="/home/meng/Desktop/wptest/wordpress-develop/tests/phpunit/tests/formatting/ent2ncr.php" line="10" assertions="1" time="0.031901"/>
          <testcase name="test_converts_named_entities_to_numeric_character_references with data set #57" class="Tests_Formatting_Ent2NCR" classname="Tests_Formatting_Ent2NCR" file="/home/meng/Desktop/wptest/wordpress-develop/tests/phpunit/tests/formatting/ent2ncr.php" line="10" assertions="1" time="0.031345"/>
          <testcase name="test_converts_named_entities_to_numeric_character_references with data set #58" class="Tests_Formatting_Ent2NCR" classname="Tests_Formatting_Ent2NCR" file="/home/meng/Desktop/wptest/wordpress-develop/tests/phpunit/tests/formatting/ent2ncr.php" line="10" assertions="1" time="0.029608"/>
          <testcase name="test_converts_named_entities_to_numeric_character_references with data set #59" class="Tests_Formatting_Ent2NCR" classname="Tests_Formatting_Ent2NCR" file="/home/meng/Desktop/wptest/wordpress-develop/tests/phpunit/tests/formatting/ent2ncr.php" line="10" assertions="1" time="0.029896"/>
          <testcase name="test_converts_named_entities_to_numeric_character_references with data set #60" class="Tests_Formatting_Ent2NCR" classname="Tests_Formatting_Ent2NCR" file="/home/meng/Desktop/wptest/wordpress-develop/tests/phpunit/tests/formatting/ent2ncr.php" line="10" assertions="1" time="0.029636"/>
          <testcase name="test_converts_named_entities_to_numeric_character_references with data set #61" class="Tests_Formatting_Ent2NCR" classname="Tests_Formatting_Ent2NCR" file="/home/meng/Desktop/wptest/wordpress-develop/tests/phpunit/tests/formatting/ent2ncr.php" line="10" assertions="1" time="0.029923"/>
          <testcase name="test_converts_named_entities_to_numeric_character_references with data set #62" class="Tests_Formatting_Ent2NCR" classname="Tests_Formatting_Ent2NCR" file="/home/meng/Desktop/wptest/wordpress-develop/tests/phpunit/tests/formatting/ent2ncr.php" line="10" assertions="1" time="0.029293"/>
          <testcase name="test_converts_named_entities_to_numeric_character_references with data set #63" class="Tests_Formatting_Ent2NCR" classname="Tests_Formatting_Ent2NCR" file="/home/meng/Desktop/wptest/wordpress-develop/tests/phpunit/tests/formatting/ent2ncr.php" line="10" assertions="1" time="0.029995"/>
          <testcase name="test_converts_named_entities_to_numeric_character_references with data set #64" class="Tests_Formatting_Ent2NCR" classname="Tests_Formatting_Ent2NCR" file="/home/meng/Desktop/wptest/wordpress-develop/tests/phpunit/tests/formatting/ent2ncr.php" line="10" assertions="1" time="0.035468"/>
          <testcase name="test_converts_named_entities_to_numeric_character_references with data set #65" class="Tests_Formatting_Ent2NCR" classname="Tests_Formatting_Ent2NCR" file="/home/meng/Desktop/wptest/wordpress-develop/tests/phpunit/tests/formatting/ent2ncr.php" line="10" assertions="1" time="0.042417"/>
          <testcase name="test_converts_named_entities_to_numeric_character_references with data set #66" class="Tests_Formatting_Ent2NCR" classname="Tests_Formatting_Ent2NCR" file="/home/meng/Desktop/wptest/wordpress-develop/tests/phpunit/tests/formatting/ent2ncr.php" line="10" assertions="1" time="0.034687"/>
          <testcase name="test_converts_named_entities_to_numeric_character_references with data set #67" class="Tests_Formatting_Ent2NCR" classname="Tests_Formatting_Ent2NCR" file="/home/meng/Desktop/wptest/wordpress-develop/tests/phpunit/tests/formatting/ent2ncr.php" line="10" assertions="1" time="0.032613"/>
          <testcase name="test_converts_named_entities_to_numeric_character_references with data set #68" class="Tests_Formatting_Ent2NCR" classname="Tests_Formatting_Ent2NCR" file="/home/meng/Desktop/wptest/wordpress-develop/tests/phpunit/tests/formatting/ent2ncr.php" line="10" assertions="1" time="0.050154"/>
          <testcase name="test_converts_named_entities_to_numeric_character_references with data set #69" class="Tests_Formatting_Ent2NCR" classname="Tests_Formatting_Ent2NCR" file="/home/meng/Desktop/wptest/wordpress-develop/tests/phpunit/tests/formatting/ent2ncr.php" line="10" assertions="1" time="0.031833"/>
          <testcase name="test_converts_named_entities_to_numeric_character_references with data set #70" class="Tests_Formatting_Ent2NCR" classname="Tests_Formatting_Ent2NCR" file="/home/meng/Desktop/wptest/wordpress-develop/tests/phpunit/tests/formatting/ent2ncr.php" line="10" assertions="1" time="0.031312"/>
          <testcase name="test_converts_named_entities_to_numeric_character_references with data set #71" class="Tests_Formatting_Ent2NCR" classname="Tests_Formatting_Ent2NCR" file="/home/meng/Desktop/wptest/wordpress-develop/tests/phpunit/tests/formatting/ent2ncr.php" line="10" assertions="1" time="0.031651"/>
          <testcase name="test_converts_named_entities_to_numeric_character_references with data set #72" class="Tests_Formatting_Ent2NCR" classname="Tests_Formatting_Ent2NCR" file="/home/meng/Desktop/wptest/wordpress-develop/tests/phpunit/tests/formatting/ent2ncr.php" line="10" assertions="1" time="0.032997"/>
          <testcase name="test_converts_named_entities_to_numeric_character_references with data set #73" class="Tests_Formatting_Ent2NCR" classname="Tests_Formatting_Ent2NCR" file="/home/meng/Desktop/wptest/wordpress-develop/tests/phpunit/tests/formatting/ent2ncr.php" line="10" assertions="1" time="0.031939"/>
          <testcase name="test_converts_named_entities_to_numeric_character_references with data set #74" class="Tests_Formatting_Ent2NCR" classname="Tests_Formatting_Ent2NCR" file="/home/meng/Desktop/wptest/wordpress-develop/tests/phpunit/tests/formatting/ent2ncr.php" line="10" assertions="1" time="0.031895"/>
          <testcase name="test_converts_named_entities_to_numeric_character_references with data set #75" class="Tests_Formatting_Ent2NCR" classname="Tests_Formatting_Ent2NCR" file="/home/meng/Desktop/wptest/wordpress-develop/tests/phpunit/tests/formatting/ent2ncr.php" line="10" assertions="1" time="0.032578"/>
          <testcase name="test_converts_named_entities_to_numeric_character_references with data set #76" class="Tests_Formatting_Ent2NCR" classname="Tests_Formatting_Ent2NCR" file="/home/meng/Desktop/wptest/wordpress-develop/tests/phpunit/tests/formatting/ent2ncr.php" line="10" assertions="1" time="0.032521"/>
          <testcase name="test_converts_named_entities_to_numeric_character_references with data set #77" class="Tests_Formatting_Ent2NCR" classname="Tests_Formatting_Ent2NCR" file="/home/meng/Desktop/wptest/wordpress-develop/tests/phpunit/tests/formatting/ent2ncr.php" line="10" assertions="1" time="0.031984"/>
          <testcase name="test_converts_named_entities_to_numeric_character_references with data set #78" class="Tests_Formatting_Ent2NCR" classname="Tests_Formatting_Ent2NCR" file="/home/meng/Desktop/wptest/wordpress-develop/tests/phpunit/tests/formatting/ent2ncr.php" line="10" assertions="1" time="0.030868"/>
          <testcase name="test_converts_named_entities_to_numeric_character_references with data set #79" class="Tests_Formatting_Ent2NCR" classname="Tests_Formatting_Ent2NCR" file="/home/meng/Desktop/wptest/wordpress-develop/tests/phpunit/tests/formatting/ent2ncr.php" line="10" assertions="1" time="0.030736"/>
          <testcase name="test_converts_named_entities_to_numeric_character_references with data set #80" class="Tests_Formatting_Ent2NCR" classname="Tests_Formatting_Ent2NCR" file="/home/meng/Desktop/wptest/wordpress-develop/tests/phpunit/tests/formatting/ent2ncr.php" line="10" assertions="1" time="0.030091"/>
          <testcase name="test_converts_named_entities_to_numeric_character_references with data set #81" class="Tests_Formatting_Ent2NCR" classname="Tests_Formatting_Ent2NCR" file="/home/meng/Desktop/wptest/wordpress-develop/tests/phpunit/tests/formatting/ent2ncr.php" line="10" assertions="1" time="0.029952"/>
          <testcase name="test_converts_named_entities_to_numeric_character_references with data set #82" class="Tests_Formatting_Ent2NCR" classname="Tests_Formatting_Ent2NCR" file="/home/meng/Desktop/wptest/wordpress-develop/tests/phpunit/tests/formatting/ent2ncr.php" line="10" assertions="1" time="0.030662"/>
          <testcase name="test_converts_named_entities_to_numeric_character_references with data set #83" class="Tests_Formatting_Ent2NCR" classname="Tests_Formatting_Ent2NCR" file="/home/meng/Desktop/wptest/wordpress-develop/tests/phpunit/tests/formatting/ent2ncr.php" line="10" assertions="1" time="0.032777"/>
          <testcase name="test_converts_named_entities_to_numeric_character_references with data set #84" class="Tests_Formatting_Ent2NCR" classname="Tests_Formatting_Ent2NCR" file="/home/meng/Desktop/wptest/wordpress-develop/tests/phpunit/tests/formatting/ent2ncr.php" line="10" assertions="1" time="0.034258"/>
          <testcase name="test_converts_named_entities_to_numeric_character_references with data set #85" class="Tests_Formatting_Ent2NCR" classname="Tests_Formatting_Ent2NCR" file="/home/meng/Desktop/wptest/wordpress-develop/tests/phpunit/tests/formatting/ent2ncr.php" line="10" assertions="1" time="0.037749"/>
          <testcase name="test_converts_named_entities_to_numeric_character_references with data set #86" class="Tests_Formatting_Ent2NCR" classname="Tests_Formatting_Ent2NCR" file="/home/meng/Desktop/wptest/wordpress-develop/tests/phpunit/tests/formatting/ent2ncr.php" line="10" assertions="1" time="0.044599"/>
          <testcase name="test_converts_named_entities_to_numeric_character_references with data set #87" class="Tests_Formatting_Ent2NCR" classname="Tests_Formatting_Ent2NCR" file="/home/meng/Desktop/wptest/wordpress-develop/tests/phpunit/tests/formatting/ent2ncr.php" line="10" assertions="1" time="0.031519"/>
          <testcase name="test_converts_named_entities_to_numeric_character_references with data set #88" class="Tests_Formatting_Ent2NCR" classname="Tests_Formatting_Ent2NCR" file="/home/meng/Desktop/wptest/wordpress-develop/tests/phpunit/tests/formatting/ent2ncr.php" line="10" assertions="1" time="0.031670"/>
          <testcase name="test_converts_named_entities_to_numeric_character_references with data set #89" class="Tests_Formatting_Ent2NCR" classname="Tests_Formatting_Ent2NCR" file="/home/meng/Desktop/wptest/wordpress-develop/tests/phpunit/tests/formatting/ent2ncr.php" line="10" assertions="1" time="0.031363"/>
          <testcase name="test_converts_named_entities_to_numeric_character_references with data set #90" class="Tests_Formatting_Ent2NCR" classname="Tests_Formatting_Ent2NCR" file="/home/meng/Desktop/wptest/wordpress-develop/tests/phpunit/tests/formatting/ent2ncr.php" line="10" assertions="1" time="0.030715"/>
          <testcase name="test_converts_named_entities_to_numeric_character_references with data set #91" class="Tests_Formatting_Ent2NCR" classname="Tests_Formatting_Ent2NCR" file="/home/meng/Desktop/wptest/wordpress-develop/tests/phpunit/tests/formatting/ent2ncr.php" line="10" assertions="1" time="0.033443"/>
          <testcase name="test_converts_named_entities_to_numeric_character_references with data set #92" class="Tests_Formatting_Ent2NCR" classname="Tests_Formatting_Ent2NCR" file="/home/meng/Desktop/wptest/wordpress-develop/tests/phpunit/tests/formatting/ent2ncr.php" line="10" assertions="1" time="0.030379"/>
          <testcase name="test_converts_named_entities_to_numeric_character_references with data set #93" class="Tests_Formatting_Ent2NCR" classname="Tests_Formatting_Ent2NCR" file="/home/meng/Desktop/wptest/wordpress-develop/tests/phpunit/tests/formatting/ent2ncr.php" line="10" assertions="1" time="0.030491"/>
          <testcase name="test_converts_named_entities_to_numeric_character_references with data set #94" class="Tests_Formatting_Ent2NCR" classname="Tests_Formatting_Ent2NCR" file="/home/meng/Desktop/wptest/wordpress-develop/tests/phpunit/tests/formatting/ent2ncr.php" line="10" assertions="1" time="0.034559"/>
          <testcase name="test_converts_named_entities_to_numeric_character_references with data set #95" class="Tests_Formatting_Ent2NCR" classname="Tests_Formatting_Ent2NCR" file="/home/meng/Desktop/wptest/wordpress-develop/tests/phpunit/tests/formatting/ent2ncr.php" line="10" assertions="1" time="0.032056"/>
          <testcase name="test_converts_named_entities_to_numeric_character_references with data set #96" class="Tests_Formatting_Ent2NCR" classname="Tests_Formatting_Ent2NCR" file="/home/meng/Desktop/wptest/wordpress-develop/tests/phpunit/tests/formatting/ent2ncr.php" line="10" assertions="1" time="0.030811"/>
          <testcase name="test_converts_named_entities_to_numeric_character_references with data set #97" class="Tests_Formatting_Ent2NCR" classname="Tests_Formatting_Ent2NCR" file="/home/meng/Desktop/wptest/wordpress-develop/tests/phpunit/tests/formatting/ent2ncr.php" line="10" assertions="1" time="0.032259"/>
          <testcase name="test_converts_named_entities_to_numeric_character_references with data set #98" class="Tests_Formatting_Ent2NCR" classname="Tests_Formatting_Ent2NCR" file="/home/meng/Desktop/wptest/wordpress-develop/tests/phpunit/tests/formatting/ent2ncr.php" line="10" assertions="1" time="0.031547"/>
          <testcase name="test_converts_named_entities_to_numeric_character_references with data set #99" class="Tests_Formatting_Ent2NCR" classname="Tests_Formatting_Ent2NCR" file="/home/meng/Desktop/wptest/wordpress-develop/tests/phpunit/tests/formatting/ent2ncr.php" line="10" assertions="1" time="0.033628"/>
          <testcase name="test_converts_named_entities_to_numeric_character_references with data set #100" class="Tests_Formatting_Ent2NCR" classname="Tests_Formatting_Ent2NCR" file="/home/meng/Desktop/wptest/wordpress-develop/tests/phpunit/tests/formatting/ent2ncr.php" line="10" assertions="1" time="0.031364"/>
          <testcase name="test_converts_named_entities_to_numeric_character_references with data set #101" class="Tests_Formatting_Ent2NCR" classname="Tests_Formatting_Ent2NCR" file="/home/meng/Desktop/wptest/wordpress-develop/tests/phpunit/tests/formatting/ent2ncr.php" line="10" assertions="1" time="0.031660"/>
          <testcase name="test_converts_named_entities_to_numeric_character_references with data set #102" class="Tests_Formatting_Ent2NCR" classname="Tests_Formatting_Ent2NCR" file="/home/meng/Desktop/wptest/wordpress-develop/tests/phpunit/tests/formatting/ent2ncr.php" line="10" assertions="1" time="0.031416"/>
          <testcase name="test_converts_named_entities_to_numeric_character_references with data set #103" class="Tests_Formatting_Ent2NCR" classname="Tests_Formatting_Ent2NCR" file="/home/meng/Desktop/wptest/wordpress-develop/tests/phpunit/tests/formatting/ent2ncr.php" line="10" assertions="1" time="0.033028"/>
          <testcase name="test_converts_named_entities_to_numeric_character_references with data set #104" class="Tests_Formatting_Ent2NCR" classname="Tests_Formatting_Ent2NCR" file="/home/meng/Desktop/wptest/wordpress-develop/tests/phpunit/tests/formatting/ent2ncr.php" line="10" assertions="1" time="0.030964"/>
          <testcase name="test_converts_named_entities_to_numeric_character_references with data set #105" class="Tests_Formatting_Ent2NCR" classname="Tests_Formatting_Ent2NCR" file="/home/meng/Desktop/wptest/wordpress-develop/tests/phpunit/tests/formatting/ent2ncr.php" line="10" assertions="1" time="0.030858"/>
          <testcase name="test_converts_named_entities_to_numeric_character_references with data set #106" class="Tests_Formatting_Ent2NCR" classname="Tests_Formatting_Ent2NCR" file="/home/meng/Desktop/wptest/wordpress-develop/tests/phpunit/tests/formatting/ent2ncr.php" line="10" assertions="1" time="0.031189"/>
          <testcase name="test_converts_named_entities_to_numeric_character_references with data set #107" class="Tests_Formatting_Ent2NCR" classname="Tests_Formatting_Ent2NCR" file="/home/meng/Desktop/wptest/wordpress-develop/tests/phpunit/tests/formatting/ent2ncr.php" line="10" assertions="1" time="0.031996"/>
          <testcase name="test_converts_named_entities_to_numeric_character_references with data set #108" class="Tests_Formatting_Ent2NCR" classname="Tests_Formatting_Ent2NCR" file="/home/meng/Desktop/wptest/wordpress-develop/tests/phpunit/tests/formatting/ent2ncr.php" line="10" assertions="1" time="0.031254"/>
          <testcase name="test_converts_named_entities_to_numeric_character_references with data set #109" class="Tests_Formatting_Ent2NCR" classname="Tests_Formatting_Ent2NCR" file="/home/meng/Desktop/wptest/wordpress-develop/tests/phpunit/tests/formatting/ent2ncr.php" line="10" assertions="1" time="0.031316"/>
          <testcase name="test_converts_named_entities_to_numeric_character_references with data set #110" class="Tests_Formatting_Ent2NCR" classname="Tests_Formatting_Ent2NCR" file="/home/meng/Desktop/wptest/wordpress-develop/tests/phpunit/tests/formatting/ent2ncr.php" line="10" assertions="1" time="0.033926"/>
          <testcase name="test_converts_named_entities_to_numeric_character_references with data set #111" class="Tests_Formatting_Ent2NCR" classname="Tests_Formatting_Ent2NCR" file="/home/meng/Desktop/wptest/wordpress-develop/tests/phpunit/tests/formatting/ent2ncr.php" line="10" assertions="1" time="0.033169"/>
          <testcase name="test_converts_named_entities_to_numeric_character_references with data set #112" class="Tests_Formatting_Ent2NCR" classname="Tests_Formatting_Ent2NCR" file="/home/meng/Desktop/wptest/wordpress-develop/tests/phpunit/tests/formatting/ent2ncr.php" line="10" assertions="1" time="0.032281"/>
          <testcase name="test_converts_named_entities_to_numeric_character_references with data set #113" class="Tests_Formatting_Ent2NCR" classname="Tests_Formatting_Ent2NCR" file="/home/meng/Desktop/wptest/wordpress-develop/tests/phpunit/tests/formatting/ent2ncr.php" line="10" assertions="1" time="0.031389"/>
          <testcase name="test_converts_named_entities_to_numeric_character_references with data set #114" class="Tests_Formatting_Ent2NCR" classname="Tests_Formatting_Ent2NCR" file="/home/meng/Desktop/wptest/wordpress-develop/tests/phpunit/tests/formatting/ent2ncr.php" line="10" assertions="1" time="0.031223"/>
          <testcase name="test_converts_named_entities_to_numeric_character_references with data set #115" class="Tests_Formatting_Ent2NCR" classname="Tests_Formatting_Ent2NCR" file="/home/meng/Desktop/wptest/wordpress-develop/tests/phpunit/tests/formatting/ent2ncr.php" line="10" assertions="1" time="0.035569"/>
          <testcase name="test_converts_named_entities_to_numeric_character_references with data set #116" class="Tests_Formatting_Ent2NCR" classname="Tests_Formatting_Ent2NCR" file="/home/meng/Desktop/wptest/wordpress-develop/tests/phpunit/tests/formatting/ent2ncr.php" line="10" assertions="1" time="0.031104"/>
          <testcase name="test_converts_named_entities_to_numeric_character_references with data set #117" class="Tests_Formatting_Ent2NCR" classname="Tests_Formatting_Ent2NCR" file="/home/meng/Desktop/wptest/wordpress-develop/tests/phpunit/tests/formatting/ent2ncr.php" line="10" assertions="1" time="0.032816"/>
          <testcase name="test_converts_named_entities_to_numeric_character_references with data set #118" class="Tests_Formatting_Ent2NCR" classname="Tests_Formatting_Ent2NCR" file="/home/meng/Desktop/wptest/wordpress-develop/tests/phpunit/tests/formatting/ent2ncr.php" line="10" assertions="1" time="0.031003"/>
          <testcase name="test_converts_named_entities_to_numeric_character_references with data set #119" class="Tests_Formatting_Ent2NCR" classname="Tests_Formatting_Ent2NCR" file="/home/meng/Desktop/wptest/wordpress-develop/tests/phpunit/tests/formatting/ent2ncr.php" line="10" assertions="1" time="0.031063"/>
          <testcase name="test_converts_named_entities_to_numeric_character_references with data set #120" class="Tests_Formatting_Ent2NCR" classname="Tests_Formatting_Ent2NCR" file="/home/meng/Desktop/wptest/wordpress-develop/tests/phpunit/tests/formatting/ent2ncr.php" line="10" assertions="1" time="0.031258"/>
          <testcase name="test_converts_named_entities_to_numeric_character_references with data set #121" class="Tests_Formatting_Ent2NCR" classname="Tests_Formatting_Ent2NCR" file="/home/meng/Desktop/wptest/wordpress-develop/tests/phpunit/tests/formatting/ent2ncr.php" line="10" assertions="1" time="0.030283"/>
          <testcase name="test_converts_named_entities_to_numeric_character_references with data set #122" class="Tests_Formatting_Ent2NCR" classname="Tests_Formatting_Ent2NCR" file="/home/meng/Desktop/wptest/wordpress-develop/tests/phpunit/tests/formatting/ent2ncr.php" line="10" assertions="1" time="0.031690"/>
          <testcase name="test_converts_named_entities_to_numeric_character_references with data set #123" class="Tests_Formatting_Ent2NCR" classname="Tests_Formatting_Ent2NCR" file="/home/meng/Desktop/wptest/wordpress-develop/tests/phpunit/tests/formatting/ent2ncr.php" line="10" assertions="1" time="0.030092"/>
          <testcase name="test_converts_named_entities_to_numeric_character_references with data set #124" class="Tests_Formatting_Ent2NCR" classname="Tests_Formatting_Ent2NCR" file="/home/meng/Desktop/wptest/wordpress-develop/tests/phpunit/tests/formatting/ent2ncr.php" line="10" assertions="1" time="0.034615"/>
          <testcase name="test_converts_named_entities_to_numeric_character_references with data set #125" class="Tests_Formatting_Ent2NCR" classname="Tests_Formatting_Ent2NCR" file="/home/meng/Desktop/wptest/wordpress-develop/tests/phpunit/tests/formatting/ent2ncr.php" line="10" assertions="1" time="0.031339"/>
          <testcase name="test_converts_named_entities_to_numeric_character_references with data set #126" class="Tests_Formatting_Ent2NCR" classname="Tests_Formatting_Ent2NCR" file="/home/meng/Desktop/wptest/wordpress-develop/tests/phpunit/tests/formatting/ent2ncr.php" line="10" assertions="1" time="0.032370"/>
          <testcase name="test_converts_named_entities_to_numeric_character_references with data set #127" class="Tests_Formatting_Ent2NCR" classname="Tests_Formatting_Ent2NCR" file="/home/meng/Desktop/wptest/wordpress-develop/tests/phpunit/tests/formatting/ent2ncr.php" line="10" assertions="1" time="0.035216"/>
          <testcase name="test_converts_named_entities_to_numeric_character_references with data set #128" class="Tests_Formatting_Ent2NCR" classname="Tests_Formatting_Ent2NCR" file="/home/meng/Desktop/wptest/wordpress-develop/tests/phpunit/tests/formatting/ent2ncr.php" line="10" assertions="1" time="0.033882"/>
          <testcase name="test_converts_named_entities_to_numeric_character_references with data set #129" class="Tests_Formatting_Ent2NCR" classname="Tests_Formatting_Ent2NCR" file="/home/meng/Desktop/wptest/wordpress-develop/tests/phpunit/tests/formatting/ent2ncr.php" line="10" assertions="1" time="0.031828"/>
          <testcase name="test_converts_named_entities_to_numeric_character_references with data set #130" class="Tests_Formatting_Ent2NCR" classname="Tests_Formatting_Ent2NCR" file="/home/meng/Desktop/wptest/wordpress-develop/tests/phpunit/tests/formatting/ent2ncr.php" line="10" assertions="1" time="0.033541"/>
          <testcase name="test_converts_named_entities_to_numeric_character_references with data set #131" class="Tests_Formatting_Ent2NCR" classname="Tests_Formatting_Ent2NCR" file="/home/meng/Desktop/wptest/wordpress-develop/tests/phpunit/tests/formatting/ent2ncr.php" line="10" assertions="1" time="0.029844"/>
          <testcase name="test_converts_named_entities_to_numeric_character_references with data set #132" class="Tests_Formatting_Ent2NCR" classname="Tests_Formatting_Ent2NCR" file="/home/meng/Desktop/wptest/wordpress-develop/tests/phpunit/tests/formatting/ent2ncr.php" line="10" assertions="1" time="0.031942"/>
          <testcase name="test_converts_named_entities_to_numeric_character_references with data set #133" class="Tests_Formatting_Ent2NCR" classname="Tests_Formatting_Ent2NCR" file="/home/meng/Desktop/wptest/wordpress-develop/tests/phpunit/tests/formatting/ent2ncr.php" line="10" assertions="1" time="0.030535"/>
          <testcase name="test_converts_named_entities_to_numeric_character_references with data set #134" class="Tests_Formatting_Ent2NCR" classname="Tests_Formatting_Ent2NCR" file="/home/meng/Desktop/wptest/wordpress-develop/tests/phpunit/tests/formatting/ent2ncr.php" line="10" assertions="1" time="0.037689"/>
          <testcase name="test_converts_named_entities_to_numeric_character_references with data set #135" class="Tests_Formatting_Ent2NCR" classname="Tests_Formatting_Ent2NCR" file="/home/meng/Desktop/wptest/wordpress-develop/tests/phpunit/tests/formatting/ent2ncr.php" line="10" assertions="1" time="0.030880"/>
          <testcase name="test_converts_named_entities_to_numeric_character_references with data set #136" class="Tests_Formatting_Ent2NCR" classname="Tests_Formatting_Ent2NCR" file="/home/meng/Desktop/wptest/wordpress-develop/tests/phpunit/tests/formatting/ent2ncr.php" line="10" assertions="1" time="0.030894"/>
          <testcase name="test_converts_named_entities_to_numeric_character_references with data set #137" class="Tests_Formatting_Ent2NCR" classname="Tests_Formatting_Ent2NCR" file="/home/meng/Desktop/wptest/wordpress-develop/tests/phpunit/tests/formatting/ent2ncr.php" line="10" assertions="1" time="0.036937"/>
          <testcase name="test_converts_named_entities_to_numeric_character_references with data set #138" class="Tests_Formatting_Ent2NCR" classname="Tests_Formatting_Ent2NCR" file="/home/meng/Desktop/wptest/wordpress-develop/tests/phpunit/tests/formatting/ent2ncr.php" line="10" assertions="1" time="0.030661"/>
          <testcase name="test_converts_named_entities_to_numeric_character_references with data set #139" class="Tests_Formatting_Ent2NCR" classname="Tests_Formatting_Ent2NCR" file="/home/meng/Desktop/wptest/wordpress-develop/tests/phpunit/tests/formatting/ent2ncr.php" line="10" assertions="1" time="0.039194"/>
          <testcase name="test_converts_named_entities_to_numeric_character_references with data set #140" class="Tests_Formatting_Ent2NCR" classname="Tests_Formatting_Ent2NCR" file="/home/meng/Desktop/wptest/wordpress-develop/tests/phpunit/tests/formatting/ent2ncr.php" line="10" assertions="1" time="0.032097"/>
          <testcase name="test_converts_named_entities_to_numeric_character_references with data set #141" class="Tests_Formatting_Ent2NCR" classname="Tests_Formatting_Ent2NCR" file="/home/meng/Desktop/wptest/wordpress-develop/tests/phpunit/tests/formatting/ent2ncr.php" line="10" assertions="1" time="0.031530"/>
          <testcase name="test_converts_named_entities_to_numeric_character_references with data set #142" class="Tests_Formatting_Ent2NCR" classname="Tests_Formatting_Ent2NCR" file="/home/meng/Desktop/wptest/wordpress-develop/tests/phpunit/tests/formatting/ent2ncr.php" line="10" assertions="1" time="0.050383"/>
          <testcase name="test_converts_named_entities_to_numeric_character_references with data set #143" class="Tests_Formatting_Ent2NCR" classname="Tests_Formatting_Ent2NCR" file="/home/meng/Desktop/wptest/wordpress-develop/tests/phpunit/tests/formatting/ent2ncr.php" line="10" assertions="1" time="0.049041"/>
          <testcase name="test_converts_named_entities_to_numeric_character_references with data set #144" class="Tests_Formatting_Ent2NCR" classname="Tests_Formatting_Ent2NCR" file="/home/meng/Desktop/wptest/wordpress-develop/tests/phpunit/tests/formatting/ent2ncr.php" line="10" assertions="1" time="0.032807"/>
          <testcase name="test_converts_named_entities_to_numeric_character_references with data set #145" class="Tests_Formatting_Ent2NCR" classname="Tests_Formatting_Ent2NCR" file="/home/meng/Desktop/wptest/wordpress-develop/tests/phpunit/tests/formatting/ent2ncr.php" line="10" assertions="1" time="0.035022"/>
          <testcase name="test_converts_named_entities_to_numeric_character_references with data set #146" class="Tests_Formatting_Ent2NCR" classname="Tests_Formatting_Ent2NCR" file="/home/meng/Desktop/wptest/wordpress-develop/tests/phpunit/tests/formatting/ent2ncr.php" line="10" assertions="1" time="0.033181"/>
          <testcase name="test_converts_named_entities_to_numeric_character_references with data set #147" class="Tests_Formatting_Ent2NCR" classname="Tests_Formatting_Ent2NCR" file="/home/meng/Desktop/wptest/wordpress-develop/tests/phpunit/tests/formatting/ent2ncr.php" line="10" assertions="1" time="0.032652"/>
          <testcase name="test_converts_named_entities_to_numeric_character_references with data set #148" class="Tests_Formatting_Ent2NCR" classname="Tests_Formatting_Ent2NCR" file="/home/meng/Desktop/wptest/wordpress-develop/tests/phpunit/tests/formatting/ent2ncr.php" line="10" assertions="1" time="0.030620"/>
          <testcase name="test_converts_named_entities_to_numeric_character_references with data set #149" class="Tests_Formatting_Ent2NCR" classname="Tests_Formatting_Ent2NCR" file="/home/meng/Desktop/wptest/wordpress-develop/tests/phpunit/tests/formatting/ent2ncr.php" line="10" assertions="1" time="0.033512"/>
          <testcase name="test_converts_named_entities_to_numeric_character_references with data set #150" class="Tests_Formatting_Ent2NCR" classname="Tests_Formatting_Ent2NCR" file="/home/meng/Desktop/wptest/wordpress-develop/tests/phpunit/tests/formatting/ent2ncr.php" line="10" assertions="1" time="0.032473"/>
          <testcase name="test_converts_named_entities_to_numeric_character_references with data set #151" class="Tests_Formatting_Ent2NCR" classname="Tests_Formatting_Ent2NCR" file="/home/meng/Desktop/wptest/wordpress-develop/tests/phpunit/tests/formatting/ent2ncr.php" line="10" assertions="1" time="0.031085"/>
          <testcase name="test_converts_named_entities_to_numeric_character_references with data set #152" class="Tests_Formatting_Ent2NCR" classname="Tests_Formatting_Ent2NCR" file="/home/meng/Desktop/wptest/wordpress-develop/tests/phpunit/tests/formatting/ent2ncr.php" line="10" assertions="1" time="0.032122"/>
          <testcase name="test_converts_named_entities_to_numeric_character_references with data set #153" class="Tests_Formatting_Ent2NCR" classname="Tests_Formatting_Ent2NCR" file="/home/meng/Desktop/wptest/wordpress-develop/tests/phpunit/tests/formatting/ent2ncr.php" line="10" assertions="1" time="0.032259"/>
          <testcase name="test_converts_named_entities_to_numeric_character_references with data set #154" class="Tests_Formatting_Ent2NCR" classname="Tests_Formatting_Ent2NCR" file="/home/meng/Desktop/wptest/wordpress-develop/tests/phpunit/tests/formatting/ent2ncr.php" line="10" assertions="1" time="0.031298"/>
          <testcase name="test_converts_named_entities_to_numeric_character_references with data set #155" class="Tests_Formatting_Ent2NCR" classname="Tests_Formatting_Ent2NCR" file="/home/meng/Desktop/wptest/wordpress-develop/tests/phpunit/tests/formatting/ent2ncr.php" line="10" assertions="1" time="0.030804"/>
          <testcase name="test_converts_named_entities_to_numeric_character_references with data set #156" class="Tests_Formatting_Ent2NCR" classname="Tests_Formatting_Ent2NCR" file="/home/meng/Desktop/wptest/wordpress-develop/tests/phpunit/tests/formatting/ent2ncr.php" line="10" assertions="1" time="0.030806"/>
          <testcase name="test_converts_named_entities_to_numeric_character_references with data set #157" class="Tests_Formatting_Ent2NCR" classname="Tests_Formatting_Ent2NCR" file="/home/meng/Desktop/wptest/wordpress-develop/tests/phpunit/tests/formatting/ent2ncr.php" line="10" assertions="1" time="0.030371"/>
          <testcase name="test_converts_named_entities_to_numeric_character_references with data set #158" class="Tests_Formatting_Ent2NCR" classname="Tests_Formatting_Ent2NCR" file="/home/meng/Desktop/wptest/wordpress-develop/tests/phpunit/tests/formatting/ent2ncr.php" line="10" assertions="1" time="0.030524"/>
          <testcase name="test_converts_named_entities_to_numeric_character_references with data set #159" class="Tests_Formatting_Ent2NCR" classname="Tests_Formatting_Ent2NCR" file="/home/meng/Desktop/wptest/wordpress-develop/tests/phpunit/tests/formatting/ent2ncr.php" line="10" assertions="1" time="0.031507"/>
          <testcase name="test_converts_named_entities_to_numeric_character_references with data set #160" class="Tests_Formatting_Ent2NCR" classname="Tests_Formatting_Ent2NCR" file="/home/meng/Desktop/wptest/wordpress-develop/tests/phpunit/tests/formatting/ent2ncr.php" line="10" assertions="1" time="0.030861"/>
          <testcase name="test_converts_named_entities_to_numeric_character_references with data set #161" class="Tests_Formatting_Ent2NCR" classname="Tests_Formatting_Ent2NCR" file="/home/meng/Desktop/wptest/wordpress-develop/tests/phpunit/tests/formatting/ent2ncr.php" line="10" assertions="1" time="0.031503"/>
          <testcase name="test_converts_named_entities_to_numeric_character_references with data set #162" class="Tests_Formatting_Ent2NCR" classname="Tests_Formatting_Ent2NCR" file="/home/meng/Desktop/wptest/wordpress-develop/tests/phpunit/tests/formatting/ent2ncr.php" line="10" assertions="1" time="0.031855"/>
          <testcase name="test_converts_named_entities_to_numeric_character_references with data set #163" class="Tests_Formatting_Ent2NCR" classname="Tests_Formatting_Ent2NCR" file="/home/meng/Desktop/wptest/wordpress-develop/tests/phpunit/tests/formatting/ent2ncr.php" line="10" assertions="1" time="0.032113"/>
          <testcase name="test_converts_named_entities_to_numeric_character_references with data set #164" class="Tests_Formatting_Ent2NCR" classname="Tests_Formatting_Ent2NCR" file="/home/meng/Desktop/wptest/wordpress-develop/tests/phpunit/tests/formatting/ent2ncr.php" line="10" assertions="1" time="0.030655"/>
          <testcase name="test_converts_named_entities_to_numeric_character_references with data set #165" class="Tests_Formatting_Ent2NCR" classname="Tests_Formatting_Ent2NCR" file="/home/meng/Desktop/wptest/wordpress-develop/tests/phpunit/tests/formatting/ent2ncr.php" line="10" assertions="1" time="0.030933"/>
          <testcase name="test_converts_named_entities_to_numeric_character_references with data set #166" class="Tests_Formatting_Ent2NCR" classname="Tests_Formatting_Ent2NCR" file="/home/meng/Desktop/wptest/wordpress-develop/tests/phpunit/tests/formatting/ent2ncr.php" line="10" assertions="1" time="0.029736"/>
          <testcase name="test_converts_named_entities_to_numeric_character_references with data set #167" class="Tests_Formatting_Ent2NCR" classname="Tests_Formatting_Ent2NCR" file="/home/meng/Desktop/wptest/wordpress-develop/tests/phpunit/tests/formatting/ent2ncr.php" line="10" assertions="1" time="0.034224"/>
          <testcase name="test_converts_named_entities_to_numeric_character_references with data set #168" class="Tests_Formatting_Ent2NCR" classname="Tests_Formatting_Ent2NCR" file="/home/meng/Desktop/wptest/wordpress-develop/tests/phpunit/tests/formatting/ent2ncr.php" line="10" assertions="1" time="0.030378"/>
          <testcase name="test_converts_named_entities_to_numeric_character_references with data set #169" class="Tests_Formatting_Ent2NCR" classname="Tests_Formatting_Ent2NCR" file="/home/meng/Desktop/wptest/wordpress-develop/tests/phpunit/tests/formatting/ent2ncr.php" line="10" assertions="1" time="0.031039"/>
          <testcase name="test_converts_named_entities_to_numeric_character_references with data set #170" class="Tests_Formatting_Ent2NCR" classname="Tests_Formatting_Ent2NCR" file="/home/meng/Desktop/wptest/wordpress-develop/tests/phpunit/tests/formatting/ent2ncr.php" line="10" assertions="1" time="0.031679"/>
          <testcase name="test_converts_named_entities_to_numeric_character_references with data set #171" class="Tests_Formatting_Ent2NCR" classname="Tests_Formatting_Ent2NCR" file="/home/meng/Desktop/wptest/wordpress-develop/tests/phpunit/tests/formatting/ent2ncr.php" line="10" assertions="1" time="0.030791"/>
          <testcase name="test_converts_named_entities_to_numeric_character_references with data set #172" class="Tests_Formatting_Ent2NCR" classname="Tests_Formatting_Ent2NCR" file="/home/meng/Desktop/wptest/wordpress-develop/tests/phpunit/tests/formatting/ent2ncr.php" line="10" assertions="1" time="0.030726"/>
          <testcase name="test_converts_named_entities_to_numeric_character_references with data set #173" class="Tests_Formatting_Ent2NCR" classname="Tests_Formatting_Ent2NCR" file="/home/meng/Desktop/wptest/wordpress-develop/tests/phpunit/tests/formatting/ent2ncr.php" line="10" assertions="1" time="0.031346"/>
          <testcase name="test_converts_named_entities_to_numeric_character_references with data set #174" class="Tests_Formatting_Ent2NCR" classname="Tests_Formatting_Ent2NCR" file="/home/meng/Desktop/wptest/wordpress-develop/tests/phpunit/tests/formatting/ent2ncr.php" line="10" assertions="1" time="0.030353"/>
          <testcase name="test_converts_named_entities_to_numeric_character_references with data set #175" class="Tests_Formatting_Ent2NCR" classname="Tests_Formatting_Ent2NCR" file="/home/meng/Desktop/wptest/wordpress-develop/tests/phpunit/tests/formatting/ent2ncr.php" line="10" assertions="1" time="0.032642"/>
          <testcase name="test_converts_named_entities_to_numeric_character_references with data set #176" class="Tests_Formatting_Ent2NCR" classname="Tests_Formatting_Ent2NCR" file="/home/meng/Desktop/wptest/wordpress-develop/tests/phpunit/tests/formatting/ent2ncr.php" line="10" assertions="1" time="0.030006"/>
          <testcase name="test_converts_named_entities_to_numeric_character_references with data set #177" class="Tests_Formatting_Ent2NCR" classname="Tests_Formatting_Ent2NCR" file="/home/meng/Desktop/wptest/wordpress-develop/tests/phpunit/tests/formatting/ent2ncr.php" line="10" assertions="1" time="0.030633"/>
          <testcase name="test_converts_named_entities_to_numeric_character_references with data set #178" class="Tests_Formatting_Ent2NCR" classname="Tests_Formatting_Ent2NCR" file="/home/meng/Desktop/wptest/wordpress-develop/tests/phpunit/tests/formatting/ent2ncr.php" line="10" assertions="1" time="0.030786"/>
          <testcase name="test_converts_named_entities_to_numeric_character_references with data set #179" class="Tests_Formatting_Ent2NCR" classname="Tests_Formatting_Ent2NCR" file="/home/meng/Desktop/wptest/wordpress-develop/tests/phpunit/tests/formatting/ent2ncr.php" line="10" assertions="1" time="0.030777"/>
          <testcase name="test_converts_named_entities_to_numeric_character_references with data set #180" class="Tests_Formatting_Ent2NCR" classname="Tests_Formatting_Ent2NCR" file="/home/meng/Desktop/wptest/wordpress-develop/tests/phpunit/tests/formatting/ent2ncr.php" line="10" assertions="1" time="0.030860"/>
          <testcase name="test_converts_named_entities_to_numeric_character_references with data set #181" class="Tests_Formatting_Ent2NCR" classname="Tests_Formatting_Ent2NCR" file="/home/meng/Desktop/wptest/wordpress-develop/tests/phpunit/tests/formatting/ent2ncr.php" line="10" assertions="1" time="0.030975"/>
          <testcase name="test_converts_named_entities_to_numeric_character_references with data set #182" class="Tests_Formatting_Ent2NCR" classname="Tests_Formatting_Ent2NCR" file="/home/meng/Desktop/wptest/wordpress-develop/tests/phpunit/tests/formatting/ent2ncr.php" line="10" assertions="1" time="0.031240"/>
          <testcase name="test_converts_named_entities_to_numeric_character_references with data set #183" class="Tests_Formatting_Ent2NCR" classname="Tests_Formatting_Ent2NCR" file="/home/meng/Desktop/wptest/wordpress-develop/tests/phpunit/tests/formatting/ent2ncr.php" line="10" assertions="1" time="0.031185"/>
          <testcase name="test_converts_named_entities_to_numeric_character_references with data set #184" class="Tests_Formatting_Ent2NCR" classname="Tests_Formatting_Ent2NCR" file="/home/meng/Desktop/wptest/wordpress-develop/tests/phpunit/tests/formatting/ent2ncr.php" line="10" assertions="1" time="0.031367"/>
          <testcase name="test_converts_named_entities_to_numeric_character_references with data set #185" class="Tests_Formatting_Ent2NCR" classname="Tests_Formatting_Ent2NCR" file="/home/meng/Desktop/wptest/wordpress-develop/tests/phpunit/tests/formatting/ent2ncr.php" line="10" assertions="1" time="0.030410"/>
          <testcase name="test_converts_named_entities_to_numeric_character_references with data set #186" class="Tests_Formatting_Ent2NCR" classname="Tests_Formatting_Ent2NCR" file="/home/meng/Desktop/wptest/wordpress-develop/tests/phpunit/tests/formatting/ent2ncr.php" line="10" assertions="1" time="0.033633"/>
          <testcase name="test_converts_named_entities_to_numeric_character_references with data set #187" class="Tests_Formatting_Ent2NCR" classname="Tests_Formatting_Ent2NCR" file="/home/meng/Desktop/wptest/wordpress-develop/tests/phpunit/tests/formatting/ent2ncr.php" line="10" assertions="1" time="0.031129"/>
          <testcase name="test_converts_named_entities_to_numeric_character_references with data set #188" class="Tests_Formatting_Ent2NCR" classname="Tests_Formatting_Ent2NCR" file="/home/meng/Desktop/wptest/wordpress-develop/tests/phpunit/tests/formatting/ent2ncr.php" line="10" assertions="1" time="0.031350"/>
          <testcase name="test_converts_named_entities_to_numeric_character_references with data set #189" class="Tests_Formatting_Ent2NCR" classname="Tests_Formatting_Ent2NCR" file="/home/meng/Desktop/wptest/wordpress-develop/tests/phpunit/tests/formatting/ent2ncr.php" line="10" assertions="1" time="0.031922"/>
          <testcase name="test_converts_named_entities_to_numeric_character_references with data set #190" class="Tests_Formatting_Ent2NCR" classname="Tests_Formatting_Ent2NCR" file="/home/meng/Desktop/wptest/wordpress-develop/tests/phpunit/tests/formatting/ent2ncr.php" line="10" assertions="1" time="0.030753"/>
          <testcase name="test_converts_named_entities_to_numeric_character_references with data set #191" class="Tests_Formatting_Ent2NCR" classname="Tests_Formatting_Ent2NCR" file="/home/meng/Desktop/wptest/wordpress-develop/tests/phpunit/tests/formatting/ent2ncr.php" line="10" assertions="1" time="0.030666"/>
          <testcase name="test_converts_named_entities_to_numeric_character_references with data set #192" class="Tests_Formatting_Ent2NCR" classname="Tests_Formatting_Ent2NCR" file="/home/meng/Desktop/wptest/wordpress-develop/tests/phpunit/tests/formatting/ent2ncr.php" line="10" assertions="1" time="0.031783"/>
          <testcase name="test_converts_named_entities_to_numeric_character_references with data set #193" class="Tests_Formatting_Ent2NCR" classname="Tests_Formatting_Ent2NCR" file="/home/meng/Desktop/wptest/wordpress-develop/tests/phpunit/tests/formatting/ent2ncr.php" line="10" assertions="1" time="0.030819"/>
          <testcase name="test_converts_named_entities_to_numeric_character_references with data set #194" class="Tests_Formatting_Ent2NCR" classname="Tests_Formatting_Ent2NCR" file="/home/meng/Desktop/wptest/wordpress-develop/tests/phpunit/tests/formatting/ent2ncr.php" line="10" assertions="1" time="0.030608"/>
          <testcase name="test_converts_named_entities_to_numeric_character_references with data set #195" class="Tests_Formatting_Ent2NCR" classname="Tests_Formatting_Ent2NCR" file="/home/meng/Desktop/wptest/wordpress-develop/tests/phpunit/tests/formatting/ent2ncr.php" line="10" assertions="1" time="0.030077"/>
          <testcase name="test_converts_named_entities_to_numeric_character_references with data set #196" class="Tests_Formatting_Ent2NCR" classname="Tests_Formatting_Ent2NCR" file="/home/meng/Desktop/wptest/wordpress-develop/tests/phpunit/tests/formatting/ent2ncr.php" line="10" assertions="1" time="0.030357"/>
          <testcase name="test_converts_named_entities_to_numeric_character_references with data set #197" class="Tests_Formatting_Ent2NCR" classname="Tests_Formatting_Ent2NCR" file="/home/meng/Desktop/wptest/wordpress-develop/tests/phpunit/tests/formatting/ent2ncr.php" line="10" assertions="1" time="0.030691"/>
          <testcase name="test_converts_named_entities_to_numeric_character_references with data set #198" class="Tests_Formatting_Ent2NCR" classname="Tests_Formatting_Ent2NCR" file="/home/meng/Desktop/wptest/wordpress-develop/tests/phpunit/tests/formatting/ent2ncr.php" line="10" assertions="1" time="0.030617"/>
          <testcase name="test_converts_named_entities_to_numeric_character_references with data set #199" class="Tests_Formatting_Ent2NCR" classname="Tests_Formatting_Ent2NCR" file="/home/meng/Desktop/wptest/wordpress-develop/tests/phpunit/tests/formatting/ent2ncr.php" line="10" assertions="1" time="0.031127"/>
          <testcase name="test_converts_named_entities_to_numeric_character_references with data set #200" class="Tests_Formatting_Ent2NCR" classname="Tests_Formatting_Ent2NCR" file="/home/meng/Desktop/wptest/wordpress-develop/tests/phpunit/tests/formatting/ent2ncr.php" line="10" assertions="1" time="0.031109"/>
          <testcase name="test_converts_named_entities_to_numeric_character_references with data set #201" class="Tests_Formatting_Ent2NCR" classname="Tests_Formatting_Ent2NCR" file="/home/meng/Desktop/wptest/wordpress-develop/tests/phpunit/tests/formatting/ent2ncr.php" line="10" assertions="1" time="0.031568"/>
          <testcase name="test_converts_named_entities_to_numeric_character_references with data set #202" class="Tests_Formatting_Ent2NCR" classname="Tests_Formatting_Ent2NCR" file="/home/meng/Desktop/wptest/wordpress-develop/tests/phpunit/tests/formatting/ent2ncr.php" line="10" assertions="1" time="0.031400"/>
          <testcase name="test_converts_named_entities_to_numeric_character_references with data set #203" class="Tests_Formatting_Ent2NCR" classname="Tests_Formatting_Ent2NCR" file="/home/meng/Desktop/wptest/wordpress-develop/tests/phpunit/tests/formatting/ent2ncr.php" line="10" assertions="1" time="0.031317"/>
          <testcase name="test_converts_named_entities_to_numeric_character_references with data set #204" class="Tests_Formatting_Ent2NCR" classname="Tests_Formatting_Ent2NCR" file="/home/meng/Desktop/wptest/wordpress-develop/tests/phpunit/tests/formatting/ent2ncr.php" line="10" assertions="1" time="0.031263"/>
          <testcase name="test_converts_named_entities_to_numeric_character_references with data set #205" class="Tests_Formatting_Ent2NCR" classname="Tests_Formatting_Ent2NCR" file="/home/meng/Desktop/wptest/wordpress-develop/tests/phpunit/tests/formatting/ent2ncr.php" line="10" assertions="1" time="0.030671"/>
          <testcase name="test_converts_named_entities_to_numeric_character_references with data set #206" class="Tests_Formatting_Ent2NCR" classname="Tests_Formatting_Ent2NCR" file="/home/meng/Desktop/wptest/wordpress-develop/tests/phpunit/tests/formatting/ent2ncr.php" line="10" assertions="1" time="0.031333"/>
          <testcase name="test_converts_named_entities_to_numeric_character_references with data set #207" class="Tests_Formatting_Ent2NCR" classname="Tests_Formatting_Ent2NCR" file="/home/meng/Desktop/wptest/wordpress-develop/tests/phpunit/tests/formatting/ent2ncr.php" line="10" assertions="1" time="0.034192"/>
          <testcase name="test_converts_named_entities_to_numeric_character_references with data set #208" class="Tests_Formatting_Ent2NCR" classname="Tests_Formatting_Ent2NCR" file="/home/meng/Desktop/wptest/wordpress-develop/tests/phpunit/tests/formatting/ent2ncr.php" line="10" assertions="1" time="0.033300"/>
          <testcase name="test_converts_named_entities_to_numeric_character_references with data set #209" class="Tests_Formatting_Ent2NCR" classname="Tests_Formatting_Ent2NCR" file="/home/meng/Desktop/wptest/wordpress-develop/tests/phpunit/tests/formatting/ent2ncr.php" line="10" assertions="1" time="0.030502"/>
          <testcase name="test_converts_named_entities_to_numeric_character_references with data set #210" class="Tests_Formatting_Ent2NCR" classname="Tests_Formatting_Ent2NCR" file="/home/meng/Desktop/wptest/wordpress-develop/tests/phpunit/tests/formatting/ent2ncr.php" line="10" assertions="1" time="0.031745"/>
          <testcase name="test_converts_named_entities_to_numeric_character_references with data set #211" class="Tests_Formatting_Ent2NCR" classname="Tests_Formatting_Ent2NCR" file="/home/meng/Desktop/wptest/wordpress-develop/tests/phpunit/tests/formatting/ent2ncr.php" line="10" assertions="1" time="0.031124"/>
          <testcase name="test_converts_named_entities_to_numeric_character_references with data set #212" class="Tests_Formatting_Ent2NCR" classname="Tests_Formatting_Ent2NCR" file="/home/meng/Desktop/wptest/wordpress-develop/tests/phpunit/tests/formatting/ent2ncr.php" line="10" assertions="1" time="0.034768"/>
          <testcase name="test_converts_named_entities_to_numeric_character_references with data set #213" class="Tests_Formatting_Ent2NCR" classname="Tests_Formatting_Ent2NCR" file="/home/meng/Desktop/wptest/wordpress-develop/tests/phpunit/tests/formatting/ent2ncr.php" line="10" assertions="1" time="0.031218"/>
          <testcase name="test_converts_named_entities_to_numeric_character_references with data set #214" class="Tests_Formatting_Ent2NCR" classname="Tests_Formatting_Ent2NCR" file="/home/meng/Desktop/wptest/wordpress-develop/tests/phpunit/tests/formatting/ent2ncr.php" line="10" assertions="1" time="0.031031"/>
          <testcase name="test_converts_named_entities_to_numeric_character_references with data set #215" class="Tests_Formatting_Ent2NCR" classname="Tests_Formatting_Ent2NCR" file="/home/meng/Desktop/wptest/wordpress-develop/tests/phpunit/tests/formatting/ent2ncr.php" line="10" assertions="1" time="0.030602"/>
          <testcase name="test_converts_named_entities_to_numeric_character_references with data set #216" class="Tests_Formatting_Ent2NCR" classname="Tests_Formatting_Ent2NCR" file="/home/meng/Desktop/wptest/wordpress-develop/tests/phpunit/tests/formatting/ent2ncr.php" line="10" assertions="1" time="0.031209"/>
          <testcase name="test_converts_named_entities_to_numeric_character_references with data set #217" class="Tests_Formatting_Ent2NCR" classname="Tests_Formatting_Ent2NCR" file="/home/meng/Desktop/wptest/wordpress-develop/tests/phpunit/tests/formatting/ent2ncr.php" line="10" assertions="1" time="0.031383"/>
          <testcase name="test_converts_named_entities_to_numeric_character_references with data set #218" class="Tests_Formatting_Ent2NCR" classname="Tests_Formatting_Ent2NCR" file="/home/meng/Desktop/wptest/wordpress-develop/tests/phpunit/tests/formatting/ent2ncr.php" line="10" assertions="1" time="0.032907"/>
          <testcase name="test_converts_named_entities_to_numeric_character_references with data set #219" class="Tests_Formatting_Ent2NCR" classname="Tests_Formatting_Ent2NCR" file="/home/meng/Desktop/wptest/wordpress-develop/tests/phpunit/tests/formatting/ent2ncr.php" line="10" assertions="1" time="0.031708"/>
          <testcase name="test_converts_named_entities_to_numeric_character_references with data set #220" class="Tests_Formatting_Ent2NCR" classname="Tests_Formatting_Ent2NCR" file="/home/meng/Desktop/wptest/wordpress-develop/tests/phpunit/tests/formatting/ent2ncr.php" line="10" assertions="1" time="0.031330"/>
          <testcase name="test_converts_named_entities_to_numeric_character_references with data set #221" class="Tests_Formatting_Ent2NCR" classname="Tests_Formatting_Ent2NCR" file="/home/meng/Desktop/wptest/wordpress-develop/tests/phpunit/tests/formatting/ent2ncr.php" line="10" assertions="1" time="0.030739"/>
          <testcase name="test_converts_named_entities_to_numeric_character_references with data set #222" class="Tests_Formatting_Ent2NCR" classname="Tests_Formatting_Ent2NCR" file="/home/meng/Desktop/wptest/wordpress-develop/tests/phpunit/tests/formatting/ent2ncr.php" line="10" assertions="1" time="0.031185"/>
          <testcase name="test_converts_named_entities_to_numeric_character_references with data set #223" class="Tests_Formatting_Ent2NCR" classname="Tests_Formatting_Ent2NCR" file="/home/meng/Desktop/wptest/wordpress-develop/tests/phpunit/tests/formatting/ent2ncr.php" line="10" assertions="1" time="0.031287"/>
          <testcase name="test_converts_named_entities_to_numeric_character_references with data set #224" class="Tests_Formatting_Ent2NCR" classname="Tests_Formatting_Ent2NCR" file="/home/meng/Desktop/wptest/wordpress-develop/tests/phpunit/tests/formatting/ent2ncr.php" line="10" assertions="1" time="0.031144"/>
          <testcase name="test_converts_named_entities_to_numeric_character_references with data set #225" class="Tests_Formatting_Ent2NCR" classname="Tests_Formatting_Ent2NCR" file="/home/meng/Desktop/wptest/wordpress-develop/tests/phpunit/tests/formatting/ent2ncr.php" line="10" assertions="1" time="0.033009"/>
          <testcase name="test_converts_named_entities_to_numeric_character_references with data set #226" class="Tests_Formatting_Ent2NCR" classname="Tests_Formatting_Ent2NCR" file="/home/meng/Desktop/wptest/wordpress-develop/tests/phpunit/tests/formatting/ent2ncr.php" line="10" assertions="1" time="0.030825"/>
          <testcase name="test_converts_named_entities_to_numeric_character_references with data set #227" class="Tests_Formatting_Ent2NCR" classname="Tests_Formatting_Ent2NCR" file="/home/meng/Desktop/wptest/wordpress-develop/tests/phpunit/tests/formatting/ent2ncr.php" line="10" assertions="1" time="0.031568"/>
          <testcase name="test_converts_named_entities_to_numeric_character_references with data set #228" class="Tests_Formatting_Ent2NCR" classname="Tests_Formatting_Ent2NCR" file="/home/meng/Desktop/wptest/wordpress-develop/tests/phpunit/tests/formatting/ent2ncr.php" line="10" assertions="1" time="0.031307"/>
          <testcase name="test_converts_named_entities_to_numeric_character_references with data set #229" class="Tests_Formatting_Ent2NCR" classname="Tests_Formatting_Ent2NCR" file="/home/meng/Desktop/wptest/wordpress-develop/tests/phpunit/tests/formatting/ent2ncr.php" line="10" assertions="1" time="0.031807"/>
          <testcase name="test_converts_named_entities_to_numeric_character_references with data set #230" class="Tests_Formatting_Ent2NCR" classname="Tests_Formatting_Ent2NCR" file="/home/meng/Desktop/wptest/wordpress-develop/tests/phpunit/tests/formatting/ent2ncr.php" line="10" assertions="1" time="0.031077"/>
          <testcase name="test_converts_named_entities_to_numeric_character_references with data set #231" class="Tests_Formatting_Ent2NCR" classname="Tests_Formatting_Ent2NCR" file="/home/meng/Desktop/wptest/wordpress-develop/tests/phpunit/tests/formatting/ent2ncr.php" line="10" assertions="1" time="0.031178"/>
          <testcase name="test_converts_named_entities_to_numeric_character_references with data set #232" class="Tests_Formatting_Ent2NCR" classname="Tests_Formatting_Ent2NCR" file="/home/meng/Desktop/wptest/wordpress-develop/tests/phpunit/tests/formatting/ent2ncr.php" line="10" assertions="1" time="0.033314"/>
          <testcase name="test_converts_named_entities_to_numeric_character_references with data set #233" class="Tests_Formatting_Ent2NCR" classname="Tests_Formatting_Ent2NCR" file="/home/meng/Desktop/wptest/wordpress-develop/tests/phpunit/tests/formatting/ent2ncr.php" line="10" assertions="1" time="0.032768"/>
          <testcase name="test_converts_named_entities_to_numeric_character_references with data set #234" class="Tests_Formatting_Ent2NCR" classname="Tests_Formatting_Ent2NCR" file="/home/meng/Desktop/wptest/wordpress-develop/tests/phpunit/tests/formatting/ent2ncr.php" line="10" assertions="1" time="0.030552"/>
          <testcase name="test_converts_named_entities_to_numeric_character_references with data set #235" class="Tests_Formatting_Ent2NCR" classname="Tests_Formatting_Ent2NCR" file="/home/meng/Desktop/wptest/wordpress-develop/tests/phpunit/tests/formatting/ent2ncr.php" line="10" assertions="1" time="0.031512"/>
          <testcase name="test_converts_named_entities_to_numeric_character_references with data set #236" class="Tests_Formatting_Ent2NCR" classname="Tests_Formatting_Ent2NCR" file="/home/meng/Desktop/wptest/wordpress-develop/tests/phpunit/tests/formatting/ent2ncr.php" line="10" assertions="1" time="0.031021"/>
          <testcase name="test_converts_named_entities_to_numeric_character_references with data set #237" class="Tests_Formatting_Ent2NCR" classname="Tests_Formatting_Ent2NCR" file="/home/meng/Desktop/wptest/wordpress-develop/tests/phpunit/tests/formatting/ent2ncr.php" line="10" assertions="1" time="0.031143"/>
          <testcase name="test_converts_named_entities_to_numeric_character_references with data set #238" class="Tests_Formatting_Ent2NCR" classname="Tests_Formatting_Ent2NCR" file="/home/meng/Desktop/wptest/wordpress-develop/tests/phpunit/tests/formatting/ent2ncr.php" line="10" assertions="1" time="0.031286"/>
          <testcase name="test_converts_named_entities_to_numeric_character_references with data set #239" class="Tests_Formatting_Ent2NCR" classname="Tests_Formatting_Ent2NCR" file="/home/meng/Desktop/wptest/wordpress-develop/tests/phpunit/tests/formatting/ent2ncr.php" line="10" assertions="1" time="0.031386"/>
          <testcase name="test_converts_named_entities_to_numeric_character_references with data set #240" class="Tests_Formatting_Ent2NCR" classname="Tests_Formatting_Ent2NCR" file="/home/meng/Desktop/wptest/wordpress-develop/tests/phpunit/tests/formatting/ent2ncr.php" line="10" assertions="1" time="0.030977"/>
          <testcase name="test_converts_named_entities_to_numeric_character_references with data set #241" class="Tests_Formatting_Ent2NCR" classname="Tests_Formatting_Ent2NCR" file="/home/meng/Desktop/wptest/wordpress-develop/tests/phpunit/tests/formatting/ent2ncr.php" line="10" assertions="1" time="0.031016"/>
          <testcase name="test_converts_named_entities_to_numeric_character_references with data set #242" class="Tests_Formatting_Ent2NCR" classname="Tests_Formatting_Ent2NCR" file="/home/meng/Desktop/wptest/wordpress-develop/tests/phpunit/tests/formatting/ent2ncr.php" line="10" assertions="1" time="0.030804"/>
          <testcase name="test_converts_named_entities_to_numeric_character_references with data set #243" class="Tests_Formatting_Ent2NCR" classname="Tests_Formatting_Ent2NCR" file="/home/meng/Desktop/wptest/wordpress-develop/tests/phpunit/tests/formatting/ent2ncr.php" line="10" assertions="1" time="0.031480"/>
          <testcase name="test_converts_named_entities_to_numeric_character_references with data set #244" class="Tests_Formatting_Ent2NCR" classname="Tests_Formatting_Ent2NCR" file="/home/meng/Desktop/wptest/wordpress-develop/tests/phpunit/tests/formatting/ent2ncr.php" line="10" assertions="1" time="0.030990"/>
          <testcase name="test_converts_named_entities_to_numeric_character_references with data set #245" class="Tests_Formatting_Ent2NCR" classname="Tests_Formatting_Ent2NCR" file="/home/meng/Desktop/wptest/wordpress-develop/tests/phpunit/tests/formatting/ent2ncr.php" line="10" assertions="1" time="0.031275"/>
          <testcase name="test_converts_named_entities_to_numeric_character_references with data set #246" class="Tests_Formatting_Ent2NCR" classname="Tests_Formatting_Ent2NCR" file="/home/meng/Desktop/wptest/wordpress-develop/tests/phpunit/tests/formatting/ent2ncr.php" line="10" assertions="1" time="0.030679"/>
          <testcase name="test_converts_named_entities_to_numeric_character_references with data set #247" class="Tests_Formatting_Ent2NCR" classname="Tests_Formatting_Ent2NCR" file="/home/meng/Desktop/wptest/wordpress-develop/tests/phpunit/tests/formatting/ent2ncr.php" line="10" assertions="1" time="0.030651"/>
          <testcase name="test_converts_named_entities_to_numeric_character_references with data set #248" class="Tests_Formatting_Ent2NCR" classname="Tests_Formatting_Ent2NCR" file="/home/meng/Desktop/wptest/wordpress-develop/tests/phpunit/tests/formatting/ent2ncr.php" line="10" assertions="1" time="0.030493"/>
          <testcase name="test_converts_named_entities_to_numeric_character_references with data set #249" class="Tests_Formatting_Ent2NCR" classname="Tests_Formatting_Ent2NCR" file="/home/meng/Desktop/wptest/wordpress-develop/tests/phpunit/tests/formatting/ent2ncr.php" line="10" assertions="1" time="0.032551"/>
          <testcase name="test_converts_named_entities_to_numeric_character_references with data set #250" class="Tests_Formatting_Ent2NCR" classname="Tests_Formatting_Ent2NCR" file="/home/meng/Desktop/wptest/wordpress-develop/tests/phpunit/tests/formatting/ent2ncr.php" line="10" assertions="1" time="0.031122"/>
        </testsuite>
      </testsuite>
      <testsuite name="Test_WP_ISO_Descrambler" file="/home/meng/Desktop/wptest/wordpress-develop/tests/phpunit/tests/formatting/isoDescrambler.php" tests="1" assertions="1" errors="0" failures="0" skipped="0" time="0.031778">
        <testcase name="test_decodes_iso_8859_1_rfc2047_q_encoding" class="Test_WP_ISO_Descrambler" classname="Test_WP_ISO_Descrambler" file="/home/meng/Desktop/wptest/wordpress-develop/tests/phpunit/tests/formatting/isoDescrambler.php" line="11" assertions="1" time="0.031778"/>
      </testsuite>
      <testsuite name="Tests_Formatting_Redirect" file="/home/meng/Desktop/wptest/wordpress-develop/tests/phpunit/tests/formatting/redirect.php" tests="73" assertions="85" errors="0" failures="0" skipped="0" time="2.425863">
        <testsuite name="Tests_Formatting_Redirect::test_wp_redirect_bad_status_code" tests="5" assertions="5" errors="0" failures="0" skipped="0" time="0.155954">
          <testcase name="test_wp_redirect_bad_status_code with data set #0" class="Tests_Formatting_Redirect" classname="Tests_Formatting_Redirect" file="/home/meng/Desktop/wptest/wordpress-develop/tests/phpunit/tests/formatting/redirect.php" line="31" assertions="1" time="0.031092"/>
          <testcase name="test_wp_redirect_bad_status_code with data set #1" class="Tests_Formatting_Redirect" classname="Tests_Formatting_Redirect" file="/home/meng/Desktop/wptest/wordpress-develop/tests/phpunit/tests/formatting/redirect.php" line="31" assertions="1" time="0.031130"/>
          <testcase name="test_wp_redirect_bad_status_code with data set #2" class="Tests_Formatting_Redirect" classname="Tests_Formatting_Redirect" file="/home/meng/Desktop/wptest/wordpress-develop/tests/phpunit/tests/formatting/redirect.php" line="31" assertions="1" time="0.030534"/>
          <testcase name="test_wp_redirect_bad_status_code with data set #3" class="Tests_Formatting_Redirect" classname="Tests_Formatting_Redirect" file="/home/meng/Desktop/wptest/wordpress-develop/tests/phpunit/tests/formatting/redirect.php" line="31" assertions="1" time="0.030814"/>
          <testcase name="test_wp_redirect_bad_status_code with data set #4" class="Tests_Formatting_Redirect" classname="Tests_Formatting_Redirect" file="/home/meng/Desktop/wptest/wordpress-develop/tests/phpunit/tests/formatting/redirect.php" line="31" assertions="1" time="0.032384"/>
        </testsuite>
        <testcase name="test_wp_sanitize_redirect" class="Tests_Formatting_Redirect" classname="Tests_Formatting_Redirect" file="/home/meng/Desktop/wptest/wordpress-develop/tests/phpunit/tests/formatting/redirect.php" line="49" assertions="12" time="0.030903"/>
        <testcase name="test_wp_sanitize_redirect_should_encode_spaces" class="Tests_Formatting_Redirect" classname="Tests_Formatting_Redirect" file="/home/meng/Desktop/wptest/wordpress-develop/tests/phpunit/tests/formatting/redirect.php" line="68" assertions="2" time="0.046453"/>
        <testsuite name="Tests_Formatting_Redirect::test_wp_validate_redirect_valid_url" tests="11" assertions="11" errors="0" failures="0" skipped="0" time="0.349564">
          <testcase name="test_wp_validate_redirect_valid_url with data set #0" class="Tests_Formatting_Redirect" classname="Tests_Formatting_Redirect" file="/home/meng/Desktop/wptest/wordpress-develop/tests/phpunit/tests/formatting/redirect.php" line="76" assertions="1" time="0.031054"/>
          <testcase name="test_wp_validate_redirect_valid_url with data set #1" class="Tests_Formatting_Redirect" classname="Tests_Formatting_Redirect" file="/home/meng/Desktop/wptest/wordpress-develop/tests/phpunit/tests/formatting/redirect.php" line="76" assertions="1" time="0.031994"/>
          <testcase name="test_wp_validate_redirect_valid_url with data set #2" class="Tests_Formatting_Redirect" classname="Tests_Formatting_Redirect" file="/home/meng/Desktop/wptest/wordpress-develop/tests/phpunit/tests/formatting/redirect.php" line="76" assertions="1" time="0.032274"/>
          <testcase name="test_wp_validate_redirect_valid_url with data set #3" class="Tests_Formatting_Redirect" classname="Tests_Formatting_Redirect" file="/home/meng/Desktop/wptest/wordpress-develop/tests/phpunit/tests/formatting/redirect.php" line="76" assertions="1" time="0.032020"/>
          <testcase name="test_wp_validate_redirect_valid_url with data set #4" class="Tests_Formatting_Redirect" classname="Tests_Formatting_Redirect" file="/home/meng/Desktop/wptest/wordpress-develop/tests/phpunit/tests/formatting/redirect.php" line="76" assertions="1" time="0.031448"/>
          <testcase name="test_wp_validate_redirect_valid_url with data set #5" class="Tests_Formatting_Redirect" classname="Tests_Formatting_Redirect" file="/home/meng/Desktop/wptest/wordpress-develop/tests/phpunit/tests/formatting/redirect.php" line="76" assertions="1" time="0.032314"/>
          <testcase name="test_wp_validate_redirect_valid_url with data set #6" class="Tests_Formatting_Redirect" classname="Tests_Formatting_Redirect" file="/home/meng/Desktop/wptest/wordpress-develop/tests/phpunit/tests/formatting/redirect.php" line="76" assertions="1" time="0.032603"/>
          <testcase name="test_wp_validate_redirect_valid_url with data set #7" class="Tests_Formatting_Redirect" classname="Tests_Formatting_Redirect" file="/home/meng/Desktop/wptest/wordpress-develop/tests/phpunit/tests/formatting/redirect.php" line="76" assertions="1" time="0.031436"/>
          <testcase name="test_wp_validate_redirect_valid_url with data set #8" class="Tests_Formatting_Redirect" classname="Tests_Formatting_Redirect" file="/home/meng/Desktop/wptest/wordpress-develop/tests/phpunit/tests/formatting/redirect.php" line="76" assertions="1" time="0.031586"/>
          <testcase name="test_wp_validate_redirect_valid_url with data set #9" class="Tests_Formatting_Redirect" classname="Tests_Formatting_Redirect" file="/home/meng/Desktop/wptest/wordpress-develop/tests/phpunit/tests/formatting/redirect.php" line="76" assertions="1" time="0.031375"/>
          <testcase name="test_wp_validate_redirect_valid_url with data set #10" class="Tests_Formatting_Redirect" classname="Tests_Formatting_Redirect" file="/home/meng/Desktop/wptest/wordpress-develop/tests/phpunit/tests/formatting/redirect.php" line="76" assertions="1" time="0.031460"/>
        </testsuite>
        <testsuite name="Tests_Formatting_Redirect::test_wp_validate_redirect_invalid_url" tests="48" assertions="48" errors="0" failures="0" skipped="0" time="1.607160">
          <testcase name="test_wp_validate_redirect_invalid_url with data set #0" class="Tests_Formatting_Redirect" classname="Tests_Formatting_Redirect" file="/home/meng/Desktop/wptest/wordpress-develop/tests/phpunit/tests/formatting/redirect.php" line="83" assertions="1" time="0.032517"/>
          <testcase name="test_wp_validate_redirect_invalid_url with data set #1" class="Tests_Formatting_Redirect" classname="Tests_Formatting_Redirect" file="/home/meng/Desktop/wptest/wordpress-develop/tests/phpunit/tests/formatting/redirect.php" line="83" assertions="1" time="0.031966"/>
          <testcase name="test_wp_validate_redirect_invalid_url with data set #2" class="Tests_Formatting_Redirect" classname="Tests_Formatting_Redirect" file="/home/meng/Desktop/wptest/wordpress-develop/tests/phpunit/tests/formatting/redirect.php" line="83" assertions="1" time="0.032183"/>
          <testcase name="test_wp_validate_redirect_invalid_url with data set #3" class="Tests_Formatting_Redirect" classname="Tests_Formatting_Redirect" file="/home/meng/Desktop/wptest/wordpress-develop/tests/phpunit/tests/formatting/redirect.php" line="83" assertions="1" time="0.032599"/>
          <testcase name="test_wp_validate_redirect_invalid_url with data set #4" class="Tests_Formatting_Redirect" classname="Tests_Formatting_Redirect" file="/home/meng/Desktop/wptest/wordpress-develop/tests/phpunit/tests/formatting/redirect.php" line="83" assertions="1" time="0.032845"/>
          <testcase name="test_wp_validate_redirect_invalid_url with data set #5" class="Tests_Formatting_Redirect" classname="Tests_Formatting_Redirect" file="/home/meng/Desktop/wptest/wordpress-develop/tests/phpunit/tests/formatting/redirect.php" line="83" assertions="1" time="0.032210"/>
          <testcase name="test_wp_validate_redirect_invalid_url with data set #6" class="Tests_Formatting_Redirect" classname="Tests_Formatting_Redirect" file="/home/meng/Desktop/wptest/wordpress-develop/tests/phpunit/tests/formatting/redirect.php" line="83" assertions="1" time="0.031739"/>
          <testcase name="test_wp_validate_redirect_invalid_url with data set #7" class="Tests_Formatting_Redirect" classname="Tests_Formatting_Redirect" file="/home/meng/Desktop/wptest/wordpress-develop/tests/phpunit/tests/formatting/redirect.php" line="83" assertions="1" time="0.034767"/>
          <testcase name="test_wp_validate_redirect_invalid_url with data set #8" class="Tests_Formatting_Redirect" classname="Tests_Formatting_Redirect" file="/home/meng/Desktop/wptest/wordpress-develop/tests/phpunit/tests/formatting/redirect.php" line="83" assertions="1" time="0.034554"/>
          <testcase name="test_wp_validate_redirect_invalid_url with data set #9" class="Tests_Formatting_Redirect" classname="Tests_Formatting_Redirect" file="/home/meng/Desktop/wptest/wordpress-develop/tests/phpunit/tests/formatting/redirect.php" line="83" assertions="1" time="0.034983"/>
          <testcase name="test_wp_validate_redirect_invalid_url with data set #10" class="Tests_Formatting_Redirect" classname="Tests_Formatting_Redirect" file="/home/meng/Desktop/wptest/wordpress-develop/tests/phpunit/tests/formatting/redirect.php" line="83" assertions="1" time="0.035020"/>
          <testcase name="test_wp_validate_redirect_invalid_url with data set #11" class="Tests_Formatting_Redirect" classname="Tests_Formatting_Redirect" file="/home/meng/Desktop/wptest/wordpress-develop/tests/phpunit/tests/formatting/redirect.php" line="83" assertions="1" time="0.033936"/>
          <testcase name="test_wp_validate_redirect_invalid_url with data set #12" class="Tests_Formatting_Redirect" classname="Tests_Formatting_Redirect" file="/home/meng/Desktop/wptest/wordpress-develop/tests/phpunit/tests/formatting/redirect.php" line="83" assertions="1" time="0.032006"/>
          <testcase name="test_wp_validate_redirect_invalid_url with data set #13" class="Tests_Formatting_Redirect" classname="Tests_Formatting_Redirect" file="/home/meng/Desktop/wptest/wordpress-develop/tests/phpunit/tests/formatting/redirect.php" line="83" assertions="1" time="0.030790"/>
          <testcase name="test_wp_validate_redirect_invalid_url with data set #14" class="Tests_Formatting_Redirect" classname="Tests_Formatting_Redirect" file="/home/meng/Desktop/wptest/wordpress-develop/tests/phpunit/tests/formatting/redirect.php" line="83" assertions="1" time="0.032563"/>
          <testcase name="test_wp_validate_redirect_invalid_url with data set #15" class="Tests_Formatting_Redirect" classname="Tests_Formatting_Redirect" file="/home/meng/Desktop/wptest/wordpress-develop/tests/phpunit/tests/formatting/redirect.php" line="83" assertions="1" time="0.030859"/>
          <testcase name="test_wp_validate_redirect_invalid_url with data set #16" class="Tests_Formatting_Redirect" classname="Tests_Formatting_Redirect" file="/home/meng/Desktop/wptest/wordpress-develop/tests/phpunit/tests/formatting/redirect.php" line="83" assertions="1" time="0.031434"/>
          <testcase name="test_wp_validate_redirect_invalid_url with data set #17" class="Tests_Formatting_Redirect" classname="Tests_Formatting_Redirect" file="/home/meng/Desktop/wptest/wordpress-develop/tests/phpunit/tests/formatting/redirect.php" line="83" assertions="1" time="0.030894"/>
          <testcase name="test_wp_validate_redirect_invalid_url with data set #18" class="Tests_Formatting_Redirect" classname="Tests_Formatting_Redirect" file="/home/meng/Desktop/wptest/wordpress-develop/tests/phpunit/tests/formatting/redirect.php" line="83" assertions="1" time="0.033423"/>
          <testcase name="test_wp_validate_redirect_invalid_url with data set #19" class="Tests_Formatting_Redirect" classname="Tests_Formatting_Redirect" file="/home/meng/Desktop/wptest/wordpress-develop/tests/phpunit/tests/formatting/redirect.php" line="83" assertions="1" time="0.032016"/>
          <testcase name="test_wp_validate_redirect_invalid_url with data set #20" class="Tests_Formatting_Redirect" classname="Tests_Formatting_Redirect" file="/home/meng/Desktop/wptest/wordpress-develop/tests/phpunit/tests/formatting/redirect.php" line="83" assertions="1" time="0.035364"/>
          <testcase name="test_wp_validate_redirect_invalid_url with data set #21" class="Tests_Formatting_Redirect" classname="Tests_Formatting_Redirect" file="/home/meng/Desktop/wptest/wordpress-develop/tests/phpunit/tests/formatting/redirect.php" line="83" assertions="1" time="0.033681"/>
          <testcase name="test_wp_validate_redirect_invalid_url with data set #22" class="Tests_Formatting_Redirect" classname="Tests_Formatting_Redirect" file="/home/meng/Desktop/wptest/wordpress-develop/tests/phpunit/tests/formatting/redirect.php" line="83" assertions="1" time="0.032240"/>
          <testcase name="test_wp_validate_redirect_invalid_url with data set #23" class="Tests_Formatting_Redirect" classname="Tests_Formatting_Redirect" file="/home/meng/Desktop/wptest/wordpress-develop/tests/phpunit/tests/formatting/redirect.php" line="83" assertions="1" time="0.031544"/>
          <testcase name="test_wp_validate_redirect_invalid_url with data set #24" class="Tests_Formatting_Redirect" classname="Tests_Formatting_Redirect" file="/home/meng/Desktop/wptest/wordpress-develop/tests/phpunit/tests/formatting/redirect.php" line="83" assertions="1" time="0.031154"/>
          <testcase name="test_wp_validate_redirect_invalid_url with data set #25" class="Tests_Formatting_Redirect" classname="Tests_Formatting_Redirect" file="/home/meng/Desktop/wptest/wordpress-develop/tests/phpunit/tests/formatting/redirect.php" line="83" assertions="1" time="0.044974"/>
          <testcase name="test_wp_validate_redirect_invalid_url with data set #26" class="Tests_Formatting_Redirect" classname="Tests_Formatting_Redirect" file="/home/meng/Desktop/wptest/wordpress-develop/tests/phpunit/tests/formatting/redirect.php" line="83" assertions="1" time="0.032108"/>
          <testcase name="test_wp_validate_redirect_invalid_url with data set #27" class="Tests_Formatting_Redirect" classname="Tests_Formatting_Redirect" file="/home/meng/Desktop/wptest/wordpress-develop/tests/phpunit/tests/formatting/redirect.php" line="83" assertions="1" time="0.033645"/>
          <testcase name="test_wp_validate_redirect_invalid_url with data set #28" class="Tests_Formatting_Redirect" classname="Tests_Formatting_Redirect" file="/home/meng/Desktop/wptest/wordpress-develop/tests/phpunit/tests/formatting/redirect.php" line="83" assertions="1" time="0.032859"/>
          <testcase name="test_wp_validate_redirect_invalid_url with data set #29" class="Tests_Formatting_Redirect" classname="Tests_Formatting_Redirect" file="/home/meng/Desktop/wptest/wordpress-develop/tests/phpunit/tests/formatting/redirect.php" line="83" assertions="1" time="0.035069"/>
          <testcase name="test_wp_validate_redirect_invalid_url with data set #30" class="Tests_Formatting_Redirect" classname="Tests_Formatting_Redirect" file="/home/meng/Desktop/wptest/wordpress-develop/tests/phpunit/tests/formatting/redirect.php" line="83" assertions="1" time="0.033741"/>
          <testcase name="test_wp_validate_redirect_invalid_url with data set #31" class="Tests_Formatting_Redirect" classname="Tests_Formatting_Redirect" file="/home/meng/Desktop/wptest/wordpress-develop/tests/phpunit/tests/formatting/redirect.php" line="83" assertions="1" time="0.035377"/>
          <testcase name="test_wp_validate_redirect_invalid_url with data set #32" class="Tests_Formatting_Redirect" classname="Tests_Formatting_Redirect" file="/home/meng/Desktop/wptest/wordpress-develop/tests/phpunit/tests/formatting/redirect.php" line="83" assertions="1" time="0.032880"/>
          <testcase name="test_wp_validate_redirect_invalid_url with data set #33" class="Tests_Formatting_Redirect" classname="Tests_Formatting_Redirect" file="/home/meng/Desktop/wptest/wordpress-develop/tests/phpunit/tests/formatting/redirect.php" line="83" assertions="1" time="0.034025"/>
          <testcase name="test_wp_validate_redirect_invalid_url with data set #34" class="Tests_Formatting_Redirect" classname="Tests_Formatting_Redirect" file="/home/meng/Desktop/wptest/wordpress-develop/tests/phpunit/tests/formatting/redirect.php" line="83" assertions="1" time="0.033678"/>
          <testcase name="test_wp_validate_redirect_invalid_url with data set #35" class="Tests_Formatting_Redirect" classname="Tests_Formatting_Redirect" file="/home/meng/Desktop/wptest/wordpress-develop/tests/phpunit/tests/formatting/redirect.php" line="83" assertions="1" time="0.036484"/>
          <testcase name="test_wp_validate_redirect_invalid_url with data set #36" class="Tests_Formatting_Redirect" classname="Tests_Formatting_Redirect" file="/home/meng/Desktop/wptest/wordpress-develop/tests/phpunit/tests/formatting/redirect.php" line="83" assertions="1" time="0.035184"/>
          <testcase name="test_wp_validate_redirect_invalid_url with data set #37" class="Tests_Formatting_Redirect" classname="Tests_Formatting_Redirect" file="/home/meng/Desktop/wptest/wordpress-develop/tests/phpunit/tests/formatting/redirect.php" line="83" assertions="1" time="0.038362"/>
          <testcase name="test_wp_validate_redirect_invalid_url with data set #38" class="Tests_Formatting_Redirect" classname="Tests_Formatting_Redirect" file="/home/meng/Desktop/wptest/wordpress-develop/tests/phpunit/tests/formatting/redirect.php" line="83" assertions="1" time="0.033309"/>
          <testcase name="test_wp_validate_redirect_invalid_url with data set #39" class="Tests_Formatting_Redirect" classname="Tests_Formatting_Redirect" file="/home/meng/Desktop/wptest/wordpress-develop/tests/phpunit/tests/formatting/redirect.php" line="83" assertions="1" time="0.032552"/>
          <testcase name="test_wp_validate_redirect_invalid_url with data set #40" class="Tests_Formatting_Redirect" classname="Tests_Formatting_Redirect" file="/home/meng/Desktop/wptest/wordpress-develop/tests/phpunit/tests/formatting/redirect.php" line="83" assertions="1" time="0.033024"/>
          <testcase name="test_wp_validate_redirect_invalid_url with data set #41" class="Tests_Formatting_Redirect" classname="Tests_Formatting_Redirect" file="/home/meng/Desktop/wptest/wordpress-develop/tests/phpunit/tests/formatting/redirect.php" line="83" assertions="1" time="0.033918"/>
          <testcase name="test_wp_validate_redirect_invalid_url with data set #42" class="Tests_Formatting_Redirect" classname="Tests_Formatting_Redirect" file="/home/meng/Desktop/wptest/wordpress-develop/tests/phpunit/tests/formatting/redirect.php" line="83" assertions="1" time="0.034827"/>
          <testcase name="test_wp_validate_redirect_invalid_url with data set #43" class="Tests_Formatting_Redirect" classname="Tests_Formatting_Redirect" file="/home/meng/Desktop/wptest/wordpress-develop/tests/phpunit/tests/formatting/redirect.php" line="83" assertions="1" time="0.033135"/>
          <testcase name="test_wp_validate_redirect_invalid_url with data set #44" class="Tests_Formatting_Redirect" classname="Tests_Formatting_Redirect" file="/home/meng/Desktop/wptest/wordpress-develop/tests/phpunit/tests/formatting/redirect.php" line="83" assertions="1" time="0.033494"/>
          <testcase name="test_wp_validate_redirect_invalid_url with data set #45" class="Tests_Formatting_Redirect" classname="Tests_Formatting_Redirect" file="/home/meng/Desktop/wptest/wordpress-develop/tests/phpunit/tests/formatting/redirect.php" line="83" assertions="1" time="0.032360"/>
          <testcase name="test_wp_validate_redirect_invalid_url with data set #46" class="Tests_Formatting_Redirect" classname="Tests_Formatting_Redirect" file="/home/meng/Desktop/wptest/wordpress-develop/tests/phpunit/tests/formatting/redirect.php" line="83" assertions="1" time="0.033103"/>
          <testcase name="test_wp_validate_redirect_invalid_url with data set #47" class="Tests_Formatting_Redirect" classname="Tests_Formatting_Redirect" file="/home/meng/Desktop/wptest/wordpress-develop/tests/phpunit/tests/formatting/redirect.php" line="83" assertions="1" time="0.031766"/>
        </testsuite>
        <testsuite name="Tests_Formatting_Redirect::test_wp_validate_redirect_relative_url" tests="7" assertions="7" errors="0" failures="0" skipped="0" time="0.235830">
          <testcase name="test_wp_validate_redirect_relative_url with data set #0" class="Tests_Formatting_Redirect" classname="Tests_Formatting_Redirect" file="/home/meng/Desktop/wptest/wordpress-develop/tests/phpunit/tests/formatting/redirect.php" line="175" assertions="1" time="0.033041"/>
          <testcase name="test_wp_validate_redirect_relative_url with data set #1" class="Tests_Formatting_Redirect" classname="Tests_Formatting_Redirect" file="/home/meng/Desktop/wptest/wordpress-develop/tests/phpunit/tests/formatting/redirect.php" line="175" assertions="1" time="0.033398"/>
          <testcase name="test_wp_validate_redirect_relative_url with data set #2" class="Tests_Formatting_Redirect" classname="Tests_Formatting_Redirect" file="/home/meng/Desktop/wptest/wordpress-develop/tests/phpunit/tests/formatting/redirect.php" line="175" assertions="1" time="0.033795"/>
          <testcase name="test_wp_validate_redirect_relative_url with data set #3" class="Tests_Formatting_Redirect" classname="Tests_Formatting_Redirect" file="/home/meng/Desktop/wptest/wordpress-develop/tests/phpunit/tests/formatting/redirect.php" line="175" assertions="1" time="0.032846"/>
          <testcase name="test_wp_validate_redirect_relative_url with data set #4" class="Tests_Formatting_Redirect" classname="Tests_Formatting_Redirect" file="/home/meng/Desktop/wptest/wordpress-develop/tests/phpunit/tests/formatting/redirect.php" line="175" assertions="1" time="0.034370"/>
          <testcase name="test_wp_validate_redirect_relative_url with data set #5" class="Tests_Formatting_Redirect" classname="Tests_Formatting_Redirect" file="/home/meng/Desktop/wptest/wordpress-develop/tests/phpunit/tests/formatting/redirect.php" line="175" assertions="1" time="0.033022"/>
          <testcase name="test_wp_validate_redirect_relative_url with data set #6" class="Tests_Formatting_Redirect" classname="Tests_Formatting_Redirect" file="/home/meng/Desktop/wptest/wordpress-develop/tests/phpunit/tests/formatting/redirect.php" line="175" assertions="1" time="0.035358"/>
        </testsuite>
      </testsuite>
      <testsuite name="Tests_Functions" file="/home/meng/Desktop/wptest/wordpress-develop/tests/phpunit/tests/functions.php" tests="269" assertions="828" errors="0" failures="0" skipped="0" time="9.137593">
        <testcase name="test_wp_parse_args_object" class="Tests_Functions" classname="Tests_Functions" file="/home/meng/Desktop/wptest/wordpress-develop/tests/phpunit/tests/functions.php" line="7" assertions="2" time="0.033779"/>
        <testcase name="test_wp_parse_args_array" class="Tests_Functions" classname="Tests_Functions" file="/home/meng/Desktop/wptest/wordpress-develop/tests/phpunit/tests/functions.php" line="24" assertions="2" time="0.032754"/>
        <testcase name="test_wp_parse_args_defaults" class="Tests_Functions" classname="Tests_Functions" file="/home/meng/Desktop/wptest/wordpress-develop/tests/phpunit/tests/functions.php" line="43" assertions="2" time="0.032791"/>
        <testcase name="test_wp_parse_args_other" class="Tests_Functions" classname="Tests_Functions" file="/home/meng/Desktop/wptest/wordpress-develop/tests/phpunit/tests/functions.php" line="69" assertions="2" time="0.034403"/>
        <testcase name="test_wp_parse_args_boolean_strings" class="Tests_Functions" classname="Tests_Functions" file="/home/meng/Desktop/wptest/wordpress-develop/tests/phpunit/tests/functions.php" line="81" assertions="2" time="0.050545"/>
        <testcase name="test_bool_from_yn" class="Tests_Functions" classname="Tests_Functions" file="/home/meng/Desktop/wptest/wordpress-develop/tests/phpunit/tests/functions.php" line="90" assertions="3" time="0.036451"/>
        <testcase name="test_path_is_absolute" class="Tests_Functions" classname="Tests_Functions" file="/home/meng/Desktop/wptest/wordpress-develop/tests/phpunit/tests/functions.php" line="96" assertions="10" time="0.033151"/>
        <testcase name="test_path_is_not_absolute" class="Tests_Functions" classname="Tests_Functions" file="/home/meng/Desktop/wptest/wordpress-develop/tests/phpunit/tests/functions.php" line="114" assertions="10" time="0.037585"/>
        <testsuite name="Tests_Functions::test_wp_normalize_path" tests="14" assertions="14" errors="0" failures="0" skipped="0" time="0.479650">
          <testcase name="test_wp_normalize_path with data set #0" class="Tests_Functions" classname="Tests_Functions" file="/home/meng/Desktop/wptest/wordpress-develop/tests/phpunit/tests/functions.php" line="138" assertions="1" time="0.035026"/>
          <testcase name="test_wp_normalize_path with data set #1" class="Tests_Functions" classname="Tests_Functions" file="/home/meng/Desktop/wptest/wordpress-develop/tests/phpunit/tests/functions.php" line="138" assertions="1" time="0.034525"/>
          <testcase name="test_wp_normalize_path with data set #2" class="Tests_Functions" classname="Tests_Functions" file="/home/meng/Desktop/wptest/wordpress-develop/tests/phpunit/tests/functions.php" line="138" assertions="1" time="0.034003"/>
          <testcase name="test_wp_normalize_path with data set #3" class="Tests_Functions" classname="Tests_Functions" file="/home/meng/Desktop/wptest/wordpress-develop/tests/phpunit/tests/functions.php" line="138" assertions="1" time="0.032926"/>
          <testcase name="test_wp_normalize_path with data set #4" class="Tests_Functions" classname="Tests_Functions" file="/home/meng/Desktop/wptest/wordpress-develop/tests/phpunit/tests/functions.php" line="138" assertions="1" time="0.033709"/>
          <testcase name="test_wp_normalize_path with data set #5" class="Tests_Functions" classname="Tests_Functions" file="/home/meng/Desktop/wptest/wordpress-develop/tests/phpunit/tests/functions.php" line="138" assertions="1" time="0.033514"/>
          <testcase name="test_wp_normalize_path with data set #6" class="Tests_Functions" classname="Tests_Functions" file="/home/meng/Desktop/wptest/wordpress-develop/tests/phpunit/tests/functions.php" line="138" assertions="1" time="0.034718"/>
          <testcase name="test_wp_normalize_path with data set #7" class="Tests_Functions" classname="Tests_Functions" file="/home/meng/Desktop/wptest/wordpress-develop/tests/phpunit/tests/functions.php" line="138" assertions="1" time="0.032691"/>
          <testcase name="test_wp_normalize_path with data set #8" class="Tests_Functions" classname="Tests_Functions" file="/home/meng/Desktop/wptest/wordpress-develop/tests/phpunit/tests/functions.php" line="138" assertions="1" time="0.033531"/>
          <testcase name="test_wp_normalize_path with data set #9" class="Tests_Functions" classname="Tests_Functions" file="/home/meng/Desktop/wptest/wordpress-develop/tests/phpunit/tests/functions.php" line="138" assertions="1" time="0.034389"/>
          <testcase name="test_wp_normalize_path with data set #10" class="Tests_Functions" classname="Tests_Functions" file="/home/meng/Desktop/wptest/wordpress-develop/tests/phpunit/tests/functions.php" line="138" assertions="1" time="0.038111"/>
          <testcase name="test_wp_normalize_path with data set #11" class="Tests_Functions" classname="Tests_Functions" file="/home/meng/Desktop/wptest/wordpress-develop/tests/phpunit/tests/functions.php" line="138" assertions="1" time="0.035969"/>
          <testcase name="test_wp_normalize_path with data set #12" class="Tests_Functions" classname="Tests_Functions" file="/home/meng/Desktop/wptest/wordpress-develop/tests/phpunit/tests/functions.php" line="138" assertions="1" time="0.032809"/>
          <testcase name="test_wp_normalize_path with data set #13" class="Tests_Functions" classname="Tests_Functions" file="/home/meng/Desktop/wptest/wordpress-develop/tests/phpunit/tests/functions.php" line="138" assertions="1" time="0.033729"/>
        </testsuite>
        <testcase name="test_wp_unique_filename" class="Tests_Functions" classname="Tests_Functions" file="/home/meng/Desktop/wptest/wordpress-develop/tests/phpunit/tests/functions.php" line="166" assertions="12" time="0.036069"/>
        <testcase name="test_unique_filename_with_dimension_like_filename" class="Tests_Functions" classname="Tests_Functions" file="/home/meng/Desktop/wptest/wordpress-develop/tests/phpunit/tests/functions.php" line="202" assertions="3" time="0.035937"/>
        <testsuite name="Tests_Functions::test_maybe_serialize" tests="14" assertions="14" errors="0" failures="0" skipped="0" time="0.483727">
          <testcase name="test_maybe_serialize with data set #0" class="Tests_Functions" classname="Tests_Functions" file="/home/meng/Desktop/wptest/wordpress-develop/tests/phpunit/tests/functions.php" line="227" assertions="1" time="0.036330"/>
          <testcase name="test_maybe_serialize with data set #1" class="Tests_Functions" classname="Tests_Functions" file="/home/meng/Desktop/wptest/wordpress-develop/tests/phpunit/tests/functions.php" line="227" assertions="1" time="0.037815"/>
          <testcase name="test_maybe_serialize with data set #2" class="Tests_Functions" classname="Tests_Functions" file="/home/meng/Desktop/wptest/wordpress-develop/tests/phpunit/tests/functions.php" line="227" assertions="1" time="0.034019"/>
          <testcase name="test_maybe_serialize with data set #3" class="Tests_Functions" classname="Tests_Functions" file="/home/meng/Desktop/wptest/wordpress-develop/tests/phpunit/tests/functions.php" line="227" assertions="1" time="0.035341"/>
          <testcase name="test_maybe_serialize with data set #4" class="Tests_Functions" classname="Tests_Functions" file="/home/meng/Desktop/wptest/wordpress-develop/tests/phpunit/tests/functions.php" line="227" assertions="1" time="0.034319"/>
          <testcase name="test_maybe_serialize with data set #5" class="Tests_Functions" classname="Tests_Functions" file="/home/meng/Desktop/wptest/wordpress-develop/tests/phpunit/tests/functions.php" line="227" assertions="1" time="0.037329"/>
          <testcase name="test_maybe_serialize with data set #6" class="Tests_Functions" classname="Tests_Functions" file="/home/meng/Desktop/wptest/wordpress-develop/tests/phpunit/tests/functions.php" line="227" assertions="1" time="0.032773"/>
          <testcase name="test_maybe_serialize with data set #7" class="Tests_Functions" classname="Tests_Functions" file="/home/meng/Desktop/wptest/wordpress-develop/tests/phpunit/tests/functions.php" line="227" assertions="1" time="0.033193"/>
          <testcase name="test_maybe_serialize with data set #8" class="Tests_Functions" classname="Tests_Functions" file="/home/meng/Desktop/wptest/wordpress-develop/tests/phpunit/tests/functions.php" line="227" assertions="1" time="0.032868"/>
          <testcase name="test_maybe_serialize with data set #9" class="Tests_Functions" classname="Tests_Functions" file="/home/meng/Desktop/wptest/wordpress-develop/tests/phpunit/tests/functions.php" line="227" assertions="1" time="0.034867"/>
          <testcase name="test_maybe_serialize with data set #10" class="Tests_Functions" classname="Tests_Functions" file="/home/meng/Desktop/wptest/wordpress-develop/tests/phpunit/tests/functions.php" line="227" assertions="1" time="0.033929"/>
          <testcase name="test_maybe_serialize with data set #11" class="Tests_Functions" classname="Tests_Functions" file="/home/meng/Desktop/wptest/wordpress-develop/tests/phpunit/tests/functions.php" line="227" assertions="1" time="0.032663"/>
          <testcase name="test_maybe_serialize with data set #12" class="Tests_Functions" classname="Tests_Functions" file="/home/meng/Desktop/wptest/wordpress-develop/tests/phpunit/tests/functions.php" line="227" assertions="1" time="0.033314"/>
          <testcase name="test_maybe_serialize with data set #13" class="Tests_Functions" classname="Tests_Functions" file="/home/meng/Desktop/wptest/wordpress-develop/tests/phpunit/tests/functions.php" line="227" assertions="1" time="0.034966"/>
        </testsuite>
        <testsuite name="Tests_Functions::test_maybe_serialize_with_double_serialization" tests="12" assertions="12" errors="0" failures="0" skipped="0" time="0.405219">
          <testcase name="test_maybe_serialize_with_double_serialization with data set #0" class="Tests_Functions" classname="Tests_Functions" file="/home/meng/Desktop/wptest/wordpress-develop/tests/phpunit/tests/functions.php" line="240" assertions="1" time="0.034036"/>
          <testcase name="test_maybe_serialize_with_double_serialization with data set #1" class="Tests_Functions" classname="Tests_Functions" file="/home/meng/Desktop/wptest/wordpress-develop/tests/phpunit/tests/functions.php" line="240" assertions="1" time="0.034542"/>
          <testcase name="test_maybe_serialize_with_double_serialization with data set #2" class="Tests_Functions" classname="Tests_Functions" file="/home/meng/Desktop/wptest/wordpress-develop/tests/phpunit/tests/functions.php" line="240" assertions="1" time="0.032795"/>
          <testcase name="test_maybe_serialize_with_double_serialization with data set #3" class="Tests_Functions" classname="Tests_Functions" file="/home/meng/Desktop/wptest/wordpress-develop/tests/phpunit/tests/functions.php" line="240" assertions="1" time="0.032916"/>
          <testcase name="test_maybe_serialize_with_double_serialization with data set #4" class="Tests_Functions" classname="Tests_Functions" file="/home/meng/Desktop/wptest/wordpress-develop/tests/phpunit/tests/functions.php" line="240" assertions="1" time="0.032098"/>
          <testcase name="test_maybe_serialize_with_double_serialization with data set #5" class="Tests_Functions" classname="Tests_Functions" file="/home/meng/Desktop/wptest/wordpress-develop/tests/phpunit/tests/functions.php" line="240" assertions="1" time="0.033329"/>
          <testcase name="test_maybe_serialize_with_double_serialization with data set #6" class="Tests_Functions" classname="Tests_Functions" file="/home/meng/Desktop/wptest/wordpress-develop/tests/phpunit/tests/functions.php" line="240" assertions="1" time="0.033081"/>
          <testcase name="test_maybe_serialize_with_double_serialization with data set #7" class="Tests_Functions" classname="Tests_Functions" file="/home/meng/Desktop/wptest/wordpress-develop/tests/phpunit/tests/functions.php" line="240" assertions="1" time="0.034927"/>
          <testcase name="test_maybe_serialize_with_double_serialization with data set #8" class="Tests_Functions" classname="Tests_Functions" file="/home/meng/Desktop/wptest/wordpress-develop/tests/phpunit/tests/functions.php" line="240" assertions="1" time="0.035228"/>
          <testcase name="test_maybe_serialize_with_double_serialization with data set #9" class="Tests_Functions" classname="Tests_Functions" file="/home/meng/Desktop/wptest/wordpress-develop/tests/phpunit/tests/functions.php" line="240" assertions="1" time="0.032006"/>
          <testcase name="test_maybe_serialize_with_double_serialization with data set #10" class="Tests_Functions" classname="Tests_Functions" file="/home/meng/Desktop/wptest/wordpress-develop/tests/phpunit/tests/functions.php" line="240" assertions="1" time="0.036888"/>
          <testcase name="test_maybe_serialize_with_double_serialization with data set #11" class="Tests_Functions" classname="Tests_Functions" file="/home/meng/Desktop/wptest/wordpress-develop/tests/phpunit/tests/functions.php" line="240" assertions="1" time="0.033373"/>
        </testsuite>
        <testsuite name="Tests_Functions::test_maybe_unserialize" tests="26" assertions="26" errors="0" failures="0" skipped="0" time="0.837070">
          <testcase name="test_maybe_unserialize with data set #0" class="Tests_Functions" classname="Tests_Functions" file="/home/meng/Desktop/wptest/wordpress-develop/tests/phpunit/tests/functions.php" line="250" assertions="1" time="0.033748"/>
          <testcase name="test_maybe_unserialize with data set #1" class="Tests_Functions" classname="Tests_Functions" file="/home/meng/Desktop/wptest/wordpress-develop/tests/phpunit/tests/functions.php" line="250" assertions="1" time="0.035717"/>
          <testcase name="test_maybe_unserialize with data set #2" class="Tests_Functions" classname="Tests_Functions" file="/home/meng/Desktop/wptest/wordpress-develop/tests/phpunit/tests/functions.php" line="250" assertions="1" time="0.033011"/>
          <testcase name="test_maybe_unserialize with data set #3" class="Tests_Functions" classname="Tests_Functions" file="/home/meng/Desktop/wptest/wordpress-develop/tests/phpunit/tests/functions.php" line="250" assertions="1" time="0.031091"/>
          <testcase name="test_maybe_unserialize with data set #4" class="Tests_Functions" classname="Tests_Functions" file="/home/meng/Desktop/wptest/wordpress-develop/tests/phpunit/tests/functions.php" line="250" assertions="1" time="0.031623"/>
          <testcase name="test_maybe_unserialize with data set #5" class="Tests_Functions" classname="Tests_Functions" file="/home/meng/Desktop/wptest/wordpress-develop/tests/phpunit/tests/functions.php" line="250" assertions="1" time="0.031568"/>
          <testcase name="test_maybe_unserialize with data set #6" class="Tests_Functions" classname="Tests_Functions" file="/home/meng/Desktop/wptest/wordpress-develop/tests/phpunit/tests/functions.php" line="250" assertions="1" time="0.031600"/>
          <testcase name="test_maybe_unserialize with data set #7" class="Tests_Functions" classname="Tests_Functions" file="/home/meng/Desktop/wptest/wordpress-develop/tests/phpunit/tests/functions.php" line="250" assertions="1" time="0.037880"/>
          <testcase name="test_maybe_unserialize with data set #8" class="Tests_Functions" classname="Tests_Functions" file="/home/meng/Desktop/wptest/wordpress-develop/tests/phpunit/tests/functions.php" line="250" assertions="1" time="0.033466"/>
          <testcase name="test_maybe_unserialize with data set #9" class="Tests_Functions" classname="Tests_Functions" file="/home/meng/Desktop/wptest/wordpress-develop/tests/phpunit/tests/functions.php" line="250" assertions="1" time="0.031962"/>
          <testcase name="test_maybe_unserialize with data set #10" class="Tests_Functions" classname="Tests_Functions" file="/home/meng/Desktop/wptest/wordpress-develop/tests/phpunit/tests/functions.php" line="250" assertions="1" time="0.032229"/>
          <testcase name="test_maybe_unserialize with data set #11" class="Tests_Functions" classname="Tests_Functions" file="/home/meng/Desktop/wptest/wordpress-develop/tests/phpunit/tests/functions.php" line="250" assertions="1" time="0.031157"/>
          <testcase name="test_maybe_unserialize with data set #12" class="Tests_Functions" classname="Tests_Functions" file="/home/meng/Desktop/wptest/wordpress-develop/tests/phpunit/tests/functions.php" line="250" assertions="1" time="0.031532"/>
          <testcase name="test_maybe_unserialize with data set #13" class="Tests_Functions" classname="Tests_Functions" file="/home/meng/Desktop/wptest/wordpress-develop/tests/phpunit/tests/functions.php" line="250" assertions="1" time="0.031091"/>
          <testcase name="test_maybe_unserialize with data set #14" class="Tests_Functions" classname="Tests_Functions" file="/home/meng/Desktop/wptest/wordpress-develop/tests/phpunit/tests/functions.php" line="250" assertions="1" time="0.032526"/>
          <testcase name="test_maybe_unserialize with data set #15" class="Tests_Functions" classname="Tests_Functions" file="/home/meng/Desktop/wptest/wordpress-develop/tests/phpunit/tests/functions.php" line="250" assertions="1" time="0.032496"/>
          <testcase name="test_maybe_unserialize with data set #16" class="Tests_Functions" classname="Tests_Functions" file="/home/meng/Desktop/wptest/wordpress-develop/tests/phpunit/tests/functions.php" line="250" assertions="1" time="0.031317"/>
          <testcase name="test_maybe_unserialize with data set #17" class="Tests_Functions" classname="Tests_Functions" file="/home/meng/Desktop/wptest/wordpress-develop/tests/phpunit/tests/functions.php" line="250" assertions="1" time="0.032015"/>
          <testcase name="test_maybe_unserialize with data set #18" class="Tests_Functions" classname="Tests_Functions" file="/home/meng/Desktop/wptest/wordpress-develop/tests/phpunit/tests/functions.php" line="250" assertions="1" time="0.031104"/>
          <testcase name="test_maybe_unserialize with data set #19" class="Tests_Functions" classname="Tests_Functions" file="/home/meng/Desktop/wptest/wordpress-develop/tests/phpunit/tests/functions.php" line="250" assertions="1" time="0.030447"/>
          <testcase name="test_maybe_unserialize with data set #20" class="Tests_Functions" classname="Tests_Functions" file="/home/meng/Desktop/wptest/wordpress-develop/tests/phpunit/tests/functions.php" line="250" assertions="1" time="0.031031"/>
          <testcase name="test_maybe_unserialize with data set #21" class="Tests_Functions" classname="Tests_Functions" file="/home/meng/Desktop/wptest/wordpress-develop/tests/phpunit/tests/functions.php" line="250" assertions="1" time="0.031271"/>
          <testcase name="test_maybe_unserialize with data set #22" class="Tests_Functions" classname="Tests_Functions" file="/home/meng/Desktop/wptest/wordpress-develop/tests/phpunit/tests/functions.php" line="250" assertions="1" time="0.030948"/>
          <testcase name="test_maybe_unserialize with data set #23" class="Tests_Functions" classname="Tests_Functions" file="/home/meng/Desktop/wptest/wordpress-develop/tests/phpunit/tests/functions.php" line="250" assertions="1" time="0.031280"/>
          <testcase name="test_maybe_unserialize with data set #24" class="Tests_Functions" classname="Tests_Functions" file="/home/meng/Desktop/wptest/wordpress-develop/tests/phpunit/tests/functions.php" line="250" assertions="1" time="0.031962"/>
          <testcase name="test_maybe_unserialize with data set #25" class="Tests_Functions" classname="Tests_Functions" file="/home/meng/Desktop/wptest/wordpress-develop/tests/phpunit/tests/functions.php" line="250" assertions="1" time="0.032998"/>
        </testsuite>
        <testsuite name="Tests_Functions::test_is_serialized" tests="26" assertions="26" errors="0" failures="0" skipped="0" time="0.831626">
          <testcase name="test_is_serialized with data set #0" class="Tests_Functions" classname="Tests_Functions" file="/home/meng/Desktop/wptest/wordpress-develop/tests/phpunit/tests/functions.php" line="268" assertions="1" time="0.031512"/>
          <testcase name="test_is_serialized with data set #1" class="Tests_Functions" classname="Tests_Functions" file="/home/meng/Desktop/wptest/wordpress-develop/tests/phpunit/tests/functions.php" line="268" assertions="1" time="0.030413"/>
          <testcase name="test_is_serialized with data set #2" class="Tests_Functions" classname="Tests_Functions" file="/home/meng/Desktop/wptest/wordpress-develop/tests/phpunit/tests/functions.php" line="268" assertions="1" time="0.034003"/>
          <testcase name="test_is_serialized with data set #3" class="Tests_Functions" classname="Tests_Functions" file="/home/meng/Desktop/wptest/wordpress-develop/tests/phpunit/tests/functions.php" line="268" assertions="1" time="0.030996"/>
          <testcase name="test_is_serialized with data set #4" class="Tests_Functions" classname="Tests_Functions" file="/home/meng/Desktop/wptest/wordpress-develop/tests/phpunit/tests/functions.php" line="268" assertions="1" time="0.032043"/>
          <testcase name="test_is_serialized with data set #5" class="Tests_Functions" classname="Tests_Functions" file="/home/meng/Desktop/wptest/wordpress-develop/tests/phpunit/tests/functions.php" line="268" assertions="1" time="0.031014"/>
          <testcase name="test_is_serialized with data set #6" class="Tests_Functions" classname="Tests_Functions" file="/home/meng/Desktop/wptest/wordpress-develop/tests/phpunit/tests/functions.php" line="268" assertions="1" time="0.032448"/>
          <testcase name="test_is_serialized with data set #7" class="Tests_Functions" classname="Tests_Functions" file="/home/meng/Desktop/wptest/wordpress-develop/tests/phpunit/tests/functions.php" line="268" assertions="1" time="0.032926"/>
          <testcase name="test_is_serialized with data set #8" class="Tests_Functions" classname="Tests_Functions" file="/home/meng/Desktop/wptest/wordpress-develop/tests/phpunit/tests/functions.php" line="268" assertions="1" time="0.031409"/>
          <testcase name="test_is_serialized with data set #9" class="Tests_Functions" classname="Tests_Functions" file="/home/meng/Desktop/wptest/wordpress-develop/tests/phpunit/tests/functions.php" line="268" assertions="1" time="0.032551"/>
          <testcase name="test_is_serialized with data set #10" class="Tests_Functions" classname="Tests_Functions" file="/home/meng/Desktop/wptest/wordpress-develop/tests/phpunit/tests/functions.php" line="268" assertions="1" time="0.031410"/>
          <testcase name="test_is_serialized with data set #11" class="Tests_Functions" classname="Tests_Functions" file="/home/meng/Desktop/wptest/wordpress-develop/tests/phpunit/tests/functions.php" line="268" assertions="1" time="0.031986"/>
          <testcase name="test_is_serialized with data set #12" class="Tests_Functions" classname="Tests_Functions" file="/home/meng/Desktop/wptest/wordpress-develop/tests/phpunit/tests/functions.php" line="268" assertions="1" time="0.034138"/>
          <testcase name="test_is_serialized with data set #13" class="Tests_Functions" classname="Tests_Functions" file="/home/meng/Desktop/wptest/wordpress-develop/tests/phpunit/tests/functions.php" line="268" assertions="1" time="0.032047"/>
          <testcase name="test_is_serialized with data set #14" class="Tests_Functions" classname="Tests_Functions" file="/home/meng/Desktop/wptest/wordpress-develop/tests/phpunit/tests/functions.php" line="268" assertions="1" time="0.031300"/>
          <testcase name="test_is_serialized with data set #15" class="Tests_Functions" classname="Tests_Functions" file="/home/meng/Desktop/wptest/wordpress-develop/tests/phpunit/tests/functions.php" line="268" assertions="1" time="0.031718"/>
          <testcase name="test_is_serialized with data set #16" class="Tests_Functions" classname="Tests_Functions" file="/home/meng/Desktop/wptest/wordpress-develop/tests/phpunit/tests/functions.php" line="268" assertions="1" time="0.032102"/>
          <testcase name="test_is_serialized with data set #17" class="Tests_Functions" classname="Tests_Functions" file="/home/meng/Desktop/wptest/wordpress-develop/tests/phpunit/tests/functions.php" line="268" assertions="1" time="0.033101"/>
          <testcase name="test_is_serialized with data set #18" class="Tests_Functions" classname="Tests_Functions" file="/home/meng/Desktop/wptest/wordpress-develop/tests/phpunit/tests/functions.php" line="268" assertions="1" time="0.031221"/>
          <testcase name="test_is_serialized with data set #19" class="Tests_Functions" classname="Tests_Functions" file="/home/meng/Desktop/wptest/wordpress-develop/tests/phpunit/tests/functions.php" line="268" assertions="1" time="0.031814"/>
          <testcase name="test_is_serialized with data set #20" class="Tests_Functions" classname="Tests_Functions" file="/home/meng/Desktop/wptest/wordpress-develop/tests/phpunit/tests/functions.php" line="268" assertions="1" time="0.030930"/>
          <testcase name="test_is_serialized with data set #21" class="Tests_Functions" classname="Tests_Functions" file="/home/meng/Desktop/wptest/wordpress-develop/tests/phpunit/tests/functions.php" line="268" assertions="1" time="0.031727"/>
          <testcase name="test_is_serialized with data set #22" class="Tests_Functions" classname="Tests_Functions" file="/home/meng/Desktop/wptest/wordpress-develop/tests/phpunit/tests/functions.php" line="268" assertions="1" time="0.030891"/>
          <testcase name="test_is_serialized with data set #23" class="Tests_Functions" classname="Tests_Functions" file="/home/meng/Desktop/wptest/wordpress-develop/tests/phpunit/tests/functions.php" line="268" assertions="1" time="0.031651"/>
          <testcase name="test_is_serialized with data set #24" class="Tests_Functions" classname="Tests_Functions" file="/home/meng/Desktop/wptest/wordpress-develop/tests/phpunit/tests/functions.php" line="268" assertions="1" time="0.031569"/>
          <testcase name="test_is_serialized with data set #25" class="Tests_Functions" classname="Tests_Functions" file="/home/meng/Desktop/wptest/wordpress-develop/tests/phpunit/tests/functions.php" line="268" assertions="1" time="0.034706"/>
        </testsuite>
        <testsuite name="Tests_Functions::test_deserialize_request_utility_filtered_iterator_objects" tests="3" assertions="3" errors="0" failures="0" skipped="0" time="0.106684">
          <testcase name="test_deserialize_request_utility_filtered_iterator_objects with data set #0" class="Tests_Functions" classname="Tests_Functions" file="/home/meng/Desktop/wptest/wordpress-develop/tests/phpunit/tests/functions.php" line="275" assertions="1" time="0.036280"/>
          <testcase name="test_deserialize_request_utility_filtered_iterator_objects with data set #1" class="Tests_Functions" classname="Tests_Functions" file="/home/meng/Desktop/wptest/wordpress-develop/tests/phpunit/tests/functions.php" line="275" assertions="1" time="0.036028"/>
          <testcase name="test_deserialize_request_utility_filtered_iterator_objects with data set #2" class="Tests_Functions" classname="Tests_Functions" file="/home/meng/Desktop/wptest/wordpress-develop/tests/phpunit/tests/functions.php" line="275" assertions="1" time="0.034376"/>
        </testsuite>
        <testsuite name="Tests_Functions::test_is_serialized_should_return_true_for_large_floats" tests="2" assertions="2" errors="0" failures="0" skipped="0" time="0.065230">
          <testcase name="test_is_serialized_should_return_true_for_large_floats with data set #0" class="Tests_Functions" classname="Tests_Functions" file="/home/meng/Desktop/wptest/wordpress-develop/tests/phpunit/tests/functions.php" line="357" assertions="1" time="0.032792"/>
          <testcase name="test_is_serialized_should_return_true_for_large_floats with data set #1" class="Tests_Functions" classname="Tests_Functions" file="/home/meng/Desktop/wptest/wordpress-develop/tests/phpunit/tests/functions.php" line="357" assertions="1" time="0.032438"/>
        </testsuite>
        <testcase name="test_no_new_serializable_types" class="Tests_Functions" classname="Tests_Functions" file="/home/meng/Desktop/wptest/wordpress-develop/tests/phpunit/tests/functions.php" line="371" assertions="1" time="0.038583"/>
        <testcase name="test_add_query_arg" class="Tests_Functions" classname="Tests_Functions" file="/home/meng/Desktop/wptest/wordpress-develop/tests/phpunit/tests/functions.php" line="378" assertions="152" time="0.052867"/>
        <testcase name="test_add_query_arg_numeric_keys" class="Tests_Functions" classname="Tests_Functions" file="/home/meng/Desktop/wptest/wordpress-develop/tests/phpunit/tests/functions.php" line="566" assertions="3" time="0.036512"/>
        <testcase name="test_get_allowed_mime_types" class="Tests_Functions" classname="Tests_Functions" file="/home/meng/Desktop/wptest/wordpress-develop/tests/phpunit/tests/functions.php" line="586" assertions="6" time="0.034026"/>
        <testcase name="test_wp_get_mime_types" class="Tests_Functions" classname="Tests_Functions" file="/home/meng/Desktop/wptest/wordpress-develop/tests/phpunit/tests/functions.php" line="606" assertions="11" time="0.039162"/>
        <testcase name="test_canonical_charset" class="Tests_Functions" classname="Tests_Functions" file="/home/meng/Desktop/wptest/wordpress-develop/tests/phpunit/tests/functions.php" line="638" assertions="9" time="0.050148"/>
        <testsuite name="Tests_Functions::test_wp_parse_list" tests="11" assertions="11" errors="0" failures="0" skipped="0" time="0.394517">
          <testcase name="test_wp_parse_list with data set #0" class="Tests_Functions" classname="Tests_Functions" file="/home/meng/Desktop/wptest/wordpress-develop/tests/phpunit/tests/functions.php" line="676" assertions="1" time="0.036052"/>
          <testcase name="test_wp_parse_list with data set #1" class="Tests_Functions" classname="Tests_Functions" file="/home/meng/Desktop/wptest/wordpress-develop/tests/phpunit/tests/functions.php" line="676" assertions="1" time="0.036881"/>
          <testcase name="test_wp_parse_list with data set #2" class="Tests_Functions" classname="Tests_Functions" file="/home/meng/Desktop/wptest/wordpress-develop/tests/phpunit/tests/functions.php" line="676" assertions="1" time="0.034826"/>
          <testcase name="test_wp_parse_list with data set #3" class="Tests_Functions" classname="Tests_Functions" file="/home/meng/Desktop/wptest/wordpress-develop/tests/phpunit/tests/functions.php" line="676" assertions="1" time="0.034886"/>
          <testcase name="test_wp_parse_list with data set #4" class="Tests_Functions" classname="Tests_Functions" file="/home/meng/Desktop/wptest/wordpress-develop/tests/phpunit/tests/functions.php" line="676" assertions="1" time="0.034153"/>
          <testcase name="test_wp_parse_list with data set #5" class="Tests_Functions" classname="Tests_Functions" file="/home/meng/Desktop/wptest/wordpress-develop/tests/phpunit/tests/functions.php" line="676" assertions="1" time="0.034193"/>
          <testcase name="test_wp_parse_list with data set #6" class="Tests_Functions" classname="Tests_Functions" file="/home/meng/Desktop/wptest/wordpress-develop/tests/phpunit/tests/functions.php" line="676" assertions="1" time="0.038653"/>
          <testcase name="test_wp_parse_list with data set #7" class="Tests_Functions" classname="Tests_Functions" file="/home/meng/Desktop/wptest/wordpress-develop/tests/phpunit/tests/functions.php" line="676" assertions="1" time="0.036861"/>
          <testcase name="test_wp_parse_list with data set #8" class="Tests_Functions" classname="Tests_Functions" file="/home/meng/Desktop/wptest/wordpress-develop/tests/phpunit/tests/functions.php" line="676" assertions="1" time="0.036408"/>
          <testcase name="test_wp_parse_list with data set #9" class="Tests_Functions" classname="Tests_Functions" file="/home/meng/Desktop/wptest/wordpress-develop/tests/phpunit/tests/functions.php" line="676" assertions="1" time="0.036971"/>
          <testcase name="test_wp_parse_list with data set #10" class="Tests_Functions" classname="Tests_Functions" file="/home/meng/Desktop/wptest/wordpress-develop/tests/phpunit/tests/functions.php" line="676" assertions="1" time="0.034633"/>
        </testsuite>
        <testsuite name="Tests_Functions::test_wp_parse_id_list" tests="7" assertions="7" errors="0" failures="0" skipped="0" time="0.240474">
          <testcase name="test_wp_parse_id_list with data set #0" class="Tests_Functions" classname="Tests_Functions" file="/home/meng/Desktop/wptest/wordpress-develop/tests/phpunit/tests/functions.php" line="699" assertions="1" time="0.035382"/>
          <testcase name="test_wp_parse_id_list with data set #1" class="Tests_Functions" classname="Tests_Functions" file="/home/meng/Desktop/wptest/wordpress-develop/tests/phpunit/tests/functions.php" line="699" assertions="1" time="0.035348"/>
          <testcase name="test_wp_parse_id_list with data set #2" class="Tests_Functions" classname="Tests_Functions" file="/home/meng/Desktop/wptest/wordpress-develop/tests/phpunit/tests/functions.php" line="699" assertions="1" time="0.035597"/>
          <testcase name="test_wp_parse_id_list with data set #3" class="Tests_Functions" classname="Tests_Functions" file="/home/meng/Desktop/wptest/wordpress-develop/tests/phpunit/tests/functions.php" line="699" assertions="1" time="0.033491"/>
          <testcase name="test_wp_parse_id_list with data set #4" class="Tests_Functions" classname="Tests_Functions" file="/home/meng/Desktop/wptest/wordpress-develop/tests/phpunit/tests/functions.php" line="699" assertions="1" time="0.032006"/>
          <testcase name="test_wp_parse_id_list with data set #5" class="Tests_Functions" classname="Tests_Functions" file="/home/meng/Desktop/wptest/wordpress-develop/tests/phpunit/tests/functions.php" line="699" assertions="1" time="0.033469"/>
          <testcase name="test_wp_parse_id_list with data set #6" class="Tests_Functions" classname="Tests_Functions" file="/home/meng/Desktop/wptest/wordpress-develop/tests/phpunit/tests/functions.php" line="699" assertions="1" time="0.035181"/>
        </testsuite>
        <testsuite name="Tests_Functions::test_wp_parse_slug_list" tests="4" assertions="4" errors="0" failures="0" skipped="0" time="0.133684">
          <testcase name="test_wp_parse_slug_list with data set #0" class="Tests_Functions" classname="Tests_Functions" file="/home/meng/Desktop/wptest/wordpress-develop/tests/phpunit/tests/functions.php" line="718" assertions="1" time="0.033007"/>
          <testcase name="test_wp_parse_slug_list with data set #1" class="Tests_Functions" classname="Tests_Functions" file="/home/meng/Desktop/wptest/wordpress-develop/tests/phpunit/tests/functions.php" line="718" assertions="1" time="0.032392"/>
          <testcase name="test_wp_parse_slug_list with data set #2" class="Tests_Functions" classname="Tests_Functions" file="/home/meng/Desktop/wptest/wordpress-develop/tests/phpunit/tests/functions.php" line="718" assertions="1" time="0.033957"/>
          <testcase name="test_wp_parse_slug_list with data set #3" class="Tests_Functions" classname="Tests_Functions" file="/home/meng/Desktop/wptest/wordpress-develop/tests/phpunit/tests/functions.php" line="718" assertions="1" time="0.034328"/>
        </testsuite>
        <testsuite name="Tests_Functions::test_device_can_upload" tests="9" assertions="9" errors="0" failures="0" skipped="0" time="0.308140">
          <testcase name="test_device_can_upload with data set #0" class="Tests_Functions" classname="Tests_Functions" file="/home/meng/Desktop/wptest/wordpress-develop/tests/phpunit/tests/functions.php" line="734" assertions="1" time="0.033326"/>
          <testcase name="test_device_can_upload with data set #1" class="Tests_Functions" classname="Tests_Functions" file="/home/meng/Desktop/wptest/wordpress-develop/tests/phpunit/tests/functions.php" line="734" assertions="1" time="0.033466"/>
          <testcase name="test_device_can_upload with data set #2" class="Tests_Functions" classname="Tests_Functions" file="/home/meng/Desktop/wptest/wordpress-develop/tests/phpunit/tests/functions.php" line="734" assertions="1" time="0.033779"/>
          <testcase name="test_device_can_upload with data set #3" class="Tests_Functions" classname="Tests_Functions" file="/home/meng/Desktop/wptest/wordpress-develop/tests/phpunit/tests/functions.php" line="734" assertions="1" time="0.033715"/>
          <testcase name="test_device_can_upload with data set #4" class="Tests_Functions" classname="Tests_Functions" file="/home/meng/Desktop/wptest/wordpress-develop/tests/phpunit/tests/functions.php" line="734" assertions="1" time="0.033628"/>
          <testcase name="test_device_can_upload with data set #5" class="Tests_Functions" classname="Tests_Functions" file="/home/meng/Desktop/wptest/wordpress-develop/tests/phpunit/tests/functions.php" line="734" assertions="1" time="0.033499"/>
          <testcase name="test_device_can_upload with data set #6" class="Tests_Functions" classname="Tests_Functions" file="/home/meng/Desktop/wptest/wordpress-develop/tests/phpunit/tests/functions.php" line="734" assertions="1" time="0.033236"/>
          <testcase name="test_device_can_upload with data set #7" class="Tests_Functions" classname="Tests_Functions" file="/home/meng/Desktop/wptest/wordpress-develop/tests/phpunit/tests/functions.php" line="734" assertions="1" time="0.038423"/>
          <testcase name="test_device_can_upload with data set #8" class="Tests_Functions" classname="Tests_Functions" file="/home/meng/Desktop/wptest/wordpress-develop/tests/phpunit/tests/functions.php" line="734" assertions="1" time="0.035068"/>
        </testsuite>
        <testcase name="test_wp_extract_urls" class="Tests_Functions" classname="Tests_Functions" file="/home/meng/Desktop/wptest/wordpress-develop/tests/phpunit/tests/functions.php" line="794" assertions="14" time="0.044003"/>
        <testcase name="test_wp_json_encode" class="Tests_Functions" classname="Tests_Functions" file="/home/meng/Desktop/wptest/wordpress-develop/tests/phpunit/tests/functions.php" line="961" assertions="1" time="0.034253"/>
        <testcase name="test_wp_json_encode_utf8" class="Tests_Functions" classname="Tests_Functions" file="/home/meng/Desktop/wptest/wordpress-develop/tests/phpunit/tests/functions.php" line="968" assertions="1" time="0.033565"/>
        <testcase name="test_wp_json_encode_non_utf8" class="Tests_Functions" classname="Tests_Functions" file="/home/meng/Desktop/wptest/wordpress-develop/tests/phpunit/tests/functions.php" line="976" assertions="2" time="0.034488"/>
        <testcase name="test_wp_json_encode_non_utf8_in_array" class="Tests_Functions" classname="Tests_Functions" file="/home/meng/Desktop/wptest/wordpress-develop/tests/phpunit/tests/functions.php" line="998" assertions="2" time="0.034977"/>
        <testcase name="test_wp_json_encode_array" class="Tests_Functions" classname="Tests_Functions" file="/home/meng/Desktop/wptest/wordpress-develop/tests/phpunit/tests/functions.php" line="1019" assertions="1" time="0.033732"/>
        <testcase name="test_wp_json_encode_object" class="Tests_Functions" classname="Tests_Functions" file="/home/meng/Desktop/wptest/wordpress-develop/tests/phpunit/tests/functions.php" line="1026" assertions="1" time="0.033166"/>
        <testcase name="test_wp_json_encode_depth" class="Tests_Functions" classname="Tests_Functions" file="/home/meng/Desktop/wptest/wordpress-develop/tests/phpunit/tests/functions.php" line="1035" assertions="2" time="0.036858"/>
        <testsuite name="Tests_Functions::test_mysql_to_rfc3339" tests="5" assertions="20" errors="0" failures="0" skipped="0" time="0.186190">
          <testcase name="test_mysql_to_rfc3339 with data set #0" class="Tests_Functions" classname="Tests_Functions" file="/home/meng/Desktop/wptest/wordpress-develop/tests/phpunit/tests/functions.php" line="1049" assertions="4" time="0.043042"/>
          <testcase name="test_mysql_to_rfc3339 with data set #1" class="Tests_Functions" classname="Tests_Functions" file="/home/meng/Desktop/wptest/wordpress-develop/tests/phpunit/tests/functions.php" line="1049" assertions="4" time="0.035565"/>
          <testcase name="test_mysql_to_rfc3339 with data set #2" class="Tests_Functions" classname="Tests_Functions" file="/home/meng/Desktop/wptest/wordpress-develop/tests/phpunit/tests/functions.php" line="1049" assertions="4" time="0.035578"/>
          <testcase name="test_mysql_to_rfc3339 with data set #3" class="Tests_Functions" classname="Tests_Functions" file="/home/meng/Desktop/wptest/wordpress-develop/tests/phpunit/tests/functions.php" line="1049" assertions="4" time="0.033666"/>
          <testcase name="test_mysql_to_rfc3339 with data set #4" class="Tests_Functions" classname="Tests_Functions" file="/home/meng/Desktop/wptest/wordpress-develop/tests/phpunit/tests/functions.php" line="1049" assertions="4" time="0.038339"/>
        </testsuite>
        <testcase name="test_wp_get_ext_types" class="Tests_Functions" classname="Tests_Functions" file="/home/meng/Desktop/wptest/wordpress-develop/tests/phpunit/tests/functions.php" line="1071" assertions="5" time="0.032110"/>
        <testcase name="test_wp_ext2type" class="Tests_Functions" classname="Tests_Functions" file="/home/meng/Desktop/wptest/wordpress-develop/tests/phpunit/tests/functions.php" line="1090" assertions="201" time="0.043044"/>
        <testcase name="test_wp_raise_memory_limit" class="Tests_Functions" classname="Tests_Functions" file="/home/meng/Desktop/wptest/wordpress-develop/tests/phpunit/tests/functions.php" line="1111" assertions="3" time="0.033956"/>
        <testcase name="test_wp_generate_uuid4" class="Tests_Functions" classname="Tests_Functions" file="/home/meng/Desktop/wptest/wordpress-develop/tests/phpunit/tests/functions.php" line="1131" assertions="21" time="0.034217"/>
        <testcase name="test_wp_is_valid_uuid" class="Tests_Functions" classname="Tests_Functions" file="/home/meng/Desktop/wptest/wordpress-develop/tests/phpunit/tests/functions.php" line="1149" assertions="28" time="0.034552"/>
        <testcase name="test_wp_unique_id" class="Tests_Functions" classname="Tests_Functions" file="/home/meng/Desktop/wptest/wordpress-develop/tests/phpunit/tests/functions.php" line="1199" assertions="62" time="0.037208"/>
        <testsuite name="Tests_Functions::test_wp_get_image_mime" tests="5" assertions="5" errors="0" failures="0" skipped="0" time="0.172880">
          <testcase name="test_wp_get_image_mime with data set #0" class="Tests_Functions" classname="Tests_Functions" file="/home/meng/Desktop/wptest/wordpress-develop/tests/phpunit/tests/functions.php" line="1225" assertions="1" time="0.033803"/>
          <testcase name="test_wp_get_image_mime with data set #1" class="Tests_Functions" classname="Tests_Functions" file="/home/meng/Desktop/wptest/wordpress-develop/tests/phpunit/tests/functions.php" line="1225" assertions="1" time="0.033499"/>
          <testcase name="test_wp_get_image_mime with data set #2" class="Tests_Functions" classname="Tests_Functions" file="/home/meng/Desktop/wptest/wordpress-develop/tests/phpunit/tests/functions.php" line="1225" assertions="1" time="0.036243"/>
          <testcase name="test_wp_get_image_mime with data set #3" class="Tests_Functions" classname="Tests_Functions" file="/home/meng/Desktop/wptest/wordpress-develop/tests/phpunit/tests/functions.php" line="1225" assertions="1" time="0.033505"/>
          <testcase name="test_wp_get_image_mime with data set #4" class="Tests_Functions" classname="Tests_Functions" file="/home/meng/Desktop/wptest/wordpress-develop/tests/phpunit/tests/functions.php" line="1225" assertions="1" time="0.035830"/>
        </testsuite>
        <testsuite name="Tests_Functions::test_wp_check_filetype_and_ext" tests="15" assertions="15" errors="0" failures="0" skipped="0" time="0.553035">
          <testcase name="test_wp_check_filetype_and_ext with data set #0" class="Tests_Functions" classname="Tests_Functions" file="/home/meng/Desktop/wptest/wordpress-develop/tests/phpunit/tests/functions.php" line="1238" assertions="1" time="0.033868"/>
          <testcase name="test_wp_check_filetype_and_ext with data set #1" class="Tests_Functions" classname="Tests_Functions" file="/home/meng/Desktop/wptest/wordpress-develop/tests/phpunit/tests/functions.php" line="1238" assertions="1" time="0.036833"/>
          <testcase name="test_wp_check_filetype_and_ext with data set #2" class="Tests_Functions" classname="Tests_Functions" file="/home/meng/Desktop/wptest/wordpress-develop/tests/phpunit/tests/functions.php" line="1238" assertions="1" time="0.038061"/>
          <testcase name="test_wp_check_filetype_and_ext with data set #3" class="Tests_Functions" classname="Tests_Functions" file="/home/meng/Desktop/wptest/wordpress-develop/tests/phpunit/tests/functions.php" line="1238" assertions="1" time="0.037504"/>
          <testcase name="test_wp_check_filetype_and_ext with data set #4" class="Tests_Functions" classname="Tests_Functions" file="/home/meng/Desktop/wptest/wordpress-develop/tests/phpunit/tests/functions.php" line="1238" assertions="1" time="0.035473"/>
          <testcase name="test_wp_check_filetype_and_ext with data set #5" class="Tests_Functions" classname="Tests_Functions" file="/home/meng/Desktop/wptest/wordpress-develop/tests/phpunit/tests/functions.php" line="1238" assertions="1" time="0.036684"/>
          <testcase name="test_wp_check_filetype_and_ext with data set #6" class="Tests_Functions" classname="Tests_Functions" file="/home/meng/Desktop/wptest/wordpress-develop/tests/phpunit/tests/functions.php" line="1238" assertions="1" time="0.037452"/>
          <testcase name="test_wp_check_filetype_and_ext with data set #7" class="Tests_Functions" classname="Tests_Functions" file="/home/meng/Desktop/wptest/wordpress-develop/tests/phpunit/tests/functions.php" line="1238" assertions="1" time="0.035772"/>
          <testcase name="test_wp_check_filetype_and_ext with data set #8" class="Tests_Functions" classname="Tests_Functions" file="/home/meng/Desktop/wptest/wordpress-develop/tests/phpunit/tests/functions.php" line="1238" assertions="1" time="0.037685"/>
          <testcase name="test_wp_check_filetype_and_ext with data set #9" class="Tests_Functions" classname="Tests_Functions" file="/home/meng/Desktop/wptest/wordpress-develop/tests/phpunit/tests/functions.php" line="1238" assertions="1" time="0.035760"/>
          <testcase name="test_wp_check_filetype_and_ext with data set #10" class="Tests_Functions" classname="Tests_Functions" file="/home/meng/Desktop/wptest/wordpress-develop/tests/phpunit/tests/functions.php" line="1238" assertions="1" time="0.037912"/>
          <testcase name="test_wp_check_filetype_and_ext with data set #11" class="Tests_Functions" classname="Tests_Functions" file="/home/meng/Desktop/wptest/wordpress-develop/tests/phpunit/tests/functions.php" line="1238" assertions="1" time="0.040302"/>
          <testcase name="test_wp_check_filetype_and_ext with data set #12" class="Tests_Functions" classname="Tests_Functions" file="/home/meng/Desktop/wptest/wordpress-develop/tests/phpunit/tests/functions.php" line="1238" assertions="1" time="0.037286"/>
          <testcase name="test_wp_check_filetype_and_ext with data set #13" class="Tests_Functions" classname="Tests_Functions" file="/home/meng/Desktop/wptest/wordpress-develop/tests/phpunit/tests/functions.php" line="1238" assertions="1" time="0.035921"/>
          <testcase name="test_wp_check_filetype_and_ext with data set #14" class="Tests_Functions" classname="Tests_Functions" file="/home/meng/Desktop/wptest/wordpress-develop/tests/phpunit/tests/functions.php" line="1238" assertions="1" time="0.036522"/>
        </testsuite>
        <testcase name="test_wp_check_filetype_and_ext_with_filtered_svg" class="Tests_Functions" classname="Tests_Functions" file="/home/meng/Desktop/wptest/wordpress-develop/tests/phpunit/tests/functions.php" line="1247" assertions="1" time="0.037985"/>
        <testcase name="test_wp_check_filetype_and_ext_with_filtered_woff" class="Tests_Functions" classname="Tests_Functions" file="/home/meng/Desktop/wptest/wordpress-develop/tests/phpunit/tests/functions.php" line="1269" assertions="1" time="0.037420"/>
        <testsuite name="Tests_Functions::test_validate_file" tests="21" assertions="21" errors="0" failures="0" skipped="0" time="0.681735">
          <testcase name="test_validate_file with data set #0" class="Tests_Functions" classname="Tests_Functions" file="/home/meng/Desktop/wptest/wordpress-develop/tests/phpunit/tests/functions.php" line="1506" assertions="1" time="0.032332"/>
          <testcase name="test_validate_file with data set #1" class="Tests_Functions" classname="Tests_Functions" file="/home/meng/Desktop/wptest/wordpress-develop/tests/phpunit/tests/functions.php" line="1506" assertions="1" time="0.032674"/>
          <testcase name="test_validate_file with data set #2" class="Tests_Functions" classname="Tests_Functions" file="/home/meng/Desktop/wptest/wordpress-develop/tests/phpunit/tests/functions.php" line="1506" assertions="1" time="0.031351"/>
          <testcase name="test_validate_file with data set #3" class="Tests_Functions" classname="Tests_Functions" file="/home/meng/Desktop/wptest/wordpress-develop/tests/phpunit/tests/functions.php" line="1506" assertions="1" time="0.031723"/>
          <testcase name="test_validate_file with data set #4" class="Tests_Functions" classname="Tests_Functions" file="/home/meng/Desktop/wptest/wordpress-develop/tests/phpunit/tests/functions.php" line="1506" assertions="1" time="0.031093"/>
          <testcase name="test_validate_file with data set #5" class="Tests_Functions" classname="Tests_Functions" file="/home/meng/Desktop/wptest/wordpress-develop/tests/phpunit/tests/functions.php" line="1506" assertions="1" time="0.031156"/>
          <testcase name="test_validate_file with data set #6" class="Tests_Functions" classname="Tests_Functions" file="/home/meng/Desktop/wptest/wordpress-develop/tests/phpunit/tests/functions.php" line="1506" assertions="1" time="0.031905"/>
          <testcase name="test_validate_file with data set #7" class="Tests_Functions" classname="Tests_Functions" file="/home/meng/Desktop/wptest/wordpress-develop/tests/phpunit/tests/functions.php" line="1506" assertions="1" time="0.033590"/>
          <testcase name="test_validate_file with data set #8" class="Tests_Functions" classname="Tests_Functions" file="/home/meng/Desktop/wptest/wordpress-develop/tests/phpunit/tests/functions.php" line="1506" assertions="1" time="0.032498"/>
          <testcase name="test_validate_file with data set #9" class="Tests_Functions" classname="Tests_Functions" file="/home/meng/Desktop/wptest/wordpress-develop/tests/phpunit/tests/functions.php" line="1506" assertions="1" time="0.033134"/>
          <testcase name="test_validate_file with data set #10" class="Tests_Functions" classname="Tests_Functions" file="/home/meng/Desktop/wptest/wordpress-develop/tests/phpunit/tests/functions.php" line="1506" assertions="1" time="0.032219"/>
          <testcase name="test_validate_file with data set #11" class="Tests_Functions" classname="Tests_Functions" file="/home/meng/Desktop/wptest/wordpress-develop/tests/phpunit/tests/functions.php" line="1506" assertions="1" time="0.031239"/>
          <testcase name="test_validate_file with data set #12" class="Tests_Functions" classname="Tests_Functions" file="/home/meng/Desktop/wptest/wordpress-develop/tests/phpunit/tests/functions.php" line="1506" assertions="1" time="0.037532"/>
          <testcase name="test_validate_file with data set #13" class="Tests_Functions" classname="Tests_Functions" file="/home/meng/Desktop/wptest/wordpress-develop/tests/phpunit/tests/functions.php" line="1506" assertions="1" time="0.033500"/>
          <testcase name="test_validate_file with data set #14" class="Tests_Functions" classname="Tests_Functions" file="/home/meng/Desktop/wptest/wordpress-develop/tests/phpunit/tests/functions.php" line="1506" assertions="1" time="0.032393"/>
          <testcase name="test_validate_file with data set #15" class="Tests_Functions" classname="Tests_Functions" file="/home/meng/Desktop/wptest/wordpress-develop/tests/phpunit/tests/functions.php" line="1506" assertions="1" time="0.031684"/>
          <testcase name="test_validate_file with data set #16" class="Tests_Functions" classname="Tests_Functions" file="/home/meng/Desktop/wptest/wordpress-develop/tests/phpunit/tests/functions.php" line="1506" assertions="1" time="0.033145"/>
          <testcase name="test_validate_file with data set #17" class="Tests_Functions" classname="Tests_Functions" file="/home/meng/Desktop/wptest/wordpress-develop/tests/phpunit/tests/functions.php" line="1506" assertions="1" time="0.031744"/>
          <testcase name="test_validate_file with data set #18" class="Tests_Functions" classname="Tests_Functions" file="/home/meng/Desktop/wptest/wordpress-develop/tests/phpunit/tests/functions.php" line="1506" assertions="1" time="0.033944"/>
          <testcase name="test_validate_file with data set #19" class="Tests_Functions" classname="Tests_Functions" file="/home/meng/Desktop/wptest/wordpress-develop/tests/phpunit/tests/functions.php" line="1506" assertions="1" time="0.032033"/>
          <testcase name="test_validate_file with data set #20" class="Tests_Functions" classname="Tests_Functions" file="/home/meng/Desktop/wptest/wordpress-develop/tests/phpunit/tests/functions.php" line="1506" assertions="1" time="0.030846"/>
        </testsuite>
        <testsuite name="Tests_Functions::test_wp_is_stream" tests="9" assertions="9" errors="0" failures="0" skipped="0" time="0.284082">
          <testcase name="test_wp_is_stream with data set #0" class="Tests_Functions" classname="Tests_Functions" file="/home/meng/Desktop/wptest/wordpress-develop/tests/phpunit/tests/functions.php" line="1648" assertions="1" time="0.030691"/>
          <testcase name="test_wp_is_stream with data set #1" class="Tests_Functions" classname="Tests_Functions" file="/home/meng/Desktop/wptest/wordpress-develop/tests/phpunit/tests/functions.php" line="1648" assertions="1" time="0.031179"/>
          <testcase name="test_wp_is_stream with data set #2" class="Tests_Functions" classname="Tests_Functions" file="/home/meng/Desktop/wptest/wordpress-develop/tests/phpunit/tests/functions.php" line="1648" assertions="1" time="0.031403"/>
          <testcase name="test_wp_is_stream with data set #3" class="Tests_Functions" classname="Tests_Functions" file="/home/meng/Desktop/wptest/wordpress-develop/tests/phpunit/tests/functions.php" line="1648" assertions="1" time="0.031506"/>
          <testcase name="test_wp_is_stream with data set #4" class="Tests_Functions" classname="Tests_Functions" file="/home/meng/Desktop/wptest/wordpress-develop/tests/phpunit/tests/functions.php" line="1648" assertions="1" time="0.031905"/>
          <testcase name="test_wp_is_stream with data set #5" class="Tests_Functions" classname="Tests_Functions" file="/home/meng/Desktop/wptest/wordpress-develop/tests/phpunit/tests/functions.php" line="1648" assertions="1" time="0.032148"/>
          <testcase name="test_wp_is_stream with data set #6" class="Tests_Functions" classname="Tests_Functions" file="/home/meng/Desktop/wptest/wordpress-develop/tests/phpunit/tests/functions.php" line="1648" assertions="1" time="0.030916"/>
          <testcase name="test_wp_is_stream with data set #7" class="Tests_Functions" classname="Tests_Functions" file="/home/meng/Desktop/wptest/wordpress-develop/tests/phpunit/tests/functions.php" line="1648" assertions="1" time="0.032655"/>
          <testcase name="test_wp_is_stream with data set #8" class="Tests_Functions" classname="Tests_Functions" file="/home/meng/Desktop/wptest/wordpress-develop/tests/phpunit/tests/functions.php" line="1648" assertions="1" time="0.031679"/>
        </testsuite>
        <testsuite name="Tests_Functions::test_human_readable_duration" tests="45" assertions="45" errors="0" failures="0" skipped="0" time="1.496661">
          <testcase name="test_human_readable_duration with data set #0" class="Tests_Functions" classname="Tests_Functions" file="/home/meng/Desktop/wptest/wordpress-develop/tests/phpunit/tests/functions.php" line="1692" assertions="1" time="0.032319"/>
          <testcase name="test_human_readable_duration with data set #1" class="Tests_Functions" classname="Tests_Functions" file="/home/meng/Desktop/wptest/wordpress-develop/tests/phpunit/tests/functions.php" line="1692" assertions="1" time="0.031525"/>
          <testcase name="test_human_readable_duration with data set #2" class="Tests_Functions" classname="Tests_Functions" file="/home/meng/Desktop/wptest/wordpress-develop/tests/phpunit/tests/functions.php" line="1692" assertions="1" time="0.037789"/>
          <testcase name="test_human_readable_duration with data set #3" class="Tests_Functions" classname="Tests_Functions" file="/home/meng/Desktop/wptest/wordpress-develop/tests/phpunit/tests/functions.php" line="1692" assertions="1" time="0.031726"/>
          <testcase name="test_human_readable_duration with data set #4" class="Tests_Functions" classname="Tests_Functions" file="/home/meng/Desktop/wptest/wordpress-develop/tests/phpunit/tests/functions.php" line="1692" assertions="1" time="0.033166"/>
          <testcase name="test_human_readable_duration with data set #5" class="Tests_Functions" classname="Tests_Functions" file="/home/meng/Desktop/wptest/wordpress-develop/tests/phpunit/tests/functions.php" line="1692" assertions="1" time="0.033370"/>
          <testcase name="test_human_readable_duration with data set #6" class="Tests_Functions" classname="Tests_Functions" file="/home/meng/Desktop/wptest/wordpress-develop/tests/phpunit/tests/functions.php" line="1692" assertions="1" time="0.034504"/>
          <testcase name="test_human_readable_duration with data set #7" class="Tests_Functions" classname="Tests_Functions" file="/home/meng/Desktop/wptest/wordpress-develop/tests/phpunit/tests/functions.php" line="1692" assertions="1" time="0.034172"/>
          <testcase name="test_human_readable_duration with data set #8" class="Tests_Functions" classname="Tests_Functions" file="/home/meng/Desktop/wptest/wordpress-develop/tests/phpunit/tests/functions.php" line="1692" assertions="1" time="0.032935"/>
          <testcase name="test_human_readable_duration with data set #9" class="Tests_Functions" classname="Tests_Functions" file="/home/meng/Desktop/wptest/wordpress-develop/tests/phpunit/tests/functions.php" line="1692" assertions="1" time="0.032648"/>
          <testcase name="test_human_readable_duration with data set #10" class="Tests_Functions" classname="Tests_Functions" file="/home/meng/Desktop/wptest/wordpress-develop/tests/phpunit/tests/functions.php" line="1692" assertions="1" time="0.033814"/>
          <testcase name="test_human_readable_duration with data set #11" class="Tests_Functions" classname="Tests_Functions" file="/home/meng/Desktop/wptest/wordpress-develop/tests/phpunit/tests/functions.php" line="1692" assertions="1" time="0.034039"/>
          <testcase name="test_human_readable_duration with data set #12" class="Tests_Functions" classname="Tests_Functions" file="/home/meng/Desktop/wptest/wordpress-develop/tests/phpunit/tests/functions.php" line="1692" assertions="1" time="0.033549"/>
          <testcase name="test_human_readable_duration with data set #13" class="Tests_Functions" classname="Tests_Functions" file="/home/meng/Desktop/wptest/wordpress-develop/tests/phpunit/tests/functions.php" line="1692" assertions="1" time="0.033931"/>
          <testcase name="test_human_readable_duration with data set #14" class="Tests_Functions" classname="Tests_Functions" file="/home/meng/Desktop/wptest/wordpress-develop/tests/phpunit/tests/functions.php" line="1692" assertions="1" time="0.034129"/>
          <testcase name="test_human_readable_duration with data set #15" class="Tests_Functions" classname="Tests_Functions" file="/home/meng/Desktop/wptest/wordpress-develop/tests/phpunit/tests/functions.php" line="1692" assertions="1" time="0.033335"/>
          <testcase name="test_human_readable_duration with data set #16" class="Tests_Functions" classname="Tests_Functions" file="/home/meng/Desktop/wptest/wordpress-develop/tests/phpunit/tests/functions.php" line="1692" assertions="1" time="0.034761"/>
          <testcase name="test_human_readable_duration with data set #17" class="Tests_Functions" classname="Tests_Functions" file="/home/meng/Desktop/wptest/wordpress-develop/tests/phpunit/tests/functions.php" line="1692" assertions="1" time="0.034520"/>
          <testcase name="test_human_readable_duration with data set #18" class="Tests_Functions" classname="Tests_Functions" file="/home/meng/Desktop/wptest/wordpress-develop/tests/phpunit/tests/functions.php" line="1692" assertions="1" time="0.033757"/>
          <testcase name="test_human_readable_duration with data set #19" class="Tests_Functions" classname="Tests_Functions" file="/home/meng/Desktop/wptest/wordpress-develop/tests/phpunit/tests/functions.php" line="1692" assertions="1" time="0.032749"/>
          <testcase name="test_human_readable_duration with data set #20" class="Tests_Functions" classname="Tests_Functions" file="/home/meng/Desktop/wptest/wordpress-develop/tests/phpunit/tests/functions.php" line="1692" assertions="1" time="0.033603"/>
          <testcase name="test_human_readable_duration with data set #21" class="Tests_Functions" classname="Tests_Functions" file="/home/meng/Desktop/wptest/wordpress-develop/tests/phpunit/tests/functions.php" line="1692" assertions="1" time="0.032103"/>
          <testcase name="test_human_readable_duration with data set #22" class="Tests_Functions" classname="Tests_Functions" file="/home/meng/Desktop/wptest/wordpress-develop/tests/phpunit/tests/functions.php" line="1692" assertions="1" time="0.033464"/>
          <testcase name="test_human_readable_duration with data set #23" class="Tests_Functions" classname="Tests_Functions" file="/home/meng/Desktop/wptest/wordpress-develop/tests/phpunit/tests/functions.php" line="1692" assertions="1" time="0.033276"/>
          <testcase name="test_human_readable_duration with data set #24" class="Tests_Functions" classname="Tests_Functions" file="/home/meng/Desktop/wptest/wordpress-develop/tests/phpunit/tests/functions.php" line="1692" assertions="1" time="0.033948"/>
          <testcase name="test_human_readable_duration with data set #25" class="Tests_Functions" classname="Tests_Functions" file="/home/meng/Desktop/wptest/wordpress-develop/tests/phpunit/tests/functions.php" line="1692" assertions="1" time="0.033440"/>
          <testcase name="test_human_readable_duration with data set #26" class="Tests_Functions" classname="Tests_Functions" file="/home/meng/Desktop/wptest/wordpress-develop/tests/phpunit/tests/functions.php" line="1692" assertions="1" time="0.034008"/>
          <testcase name="test_human_readable_duration with data set #27" class="Tests_Functions" classname="Tests_Functions" file="/home/meng/Desktop/wptest/wordpress-develop/tests/phpunit/tests/functions.php" line="1692" assertions="1" time="0.032926"/>
          <testcase name="test_human_readable_duration with data set #28" class="Tests_Functions" classname="Tests_Functions" file="/home/meng/Desktop/wptest/wordpress-develop/tests/phpunit/tests/functions.php" line="1692" assertions="1" time="0.032977"/>
          <testcase name="test_human_readable_duration with data set #29" class="Tests_Functions" classname="Tests_Functions" file="/home/meng/Desktop/wptest/wordpress-develop/tests/phpunit/tests/functions.php" line="1692" assertions="1" time="0.032788"/>
          <testcase name="test_human_readable_duration with data set #30" class="Tests_Functions" classname="Tests_Functions" file="/home/meng/Desktop/wptest/wordpress-develop/tests/phpunit/tests/functions.php" line="1692" assertions="1" time="0.033674"/>
          <testcase name="test_human_readable_duration with data set #31" class="Tests_Functions" classname="Tests_Functions" file="/home/meng/Desktop/wptest/wordpress-develop/tests/phpunit/tests/functions.php" line="1692" assertions="1" time="0.033362"/>
          <testcase name="test_human_readable_duration with data set #32" class="Tests_Functions" classname="Tests_Functions" file="/home/meng/Desktop/wptest/wordpress-develop/tests/phpunit/tests/functions.php" line="1692" assertions="1" time="0.036159"/>
          <testcase name="test_human_readable_duration with data set #33" class="Tests_Functions" classname="Tests_Functions" file="/home/meng/Desktop/wptest/wordpress-develop/tests/phpunit/tests/functions.php" line="1692" assertions="1" time="0.032534"/>
          <testcase name="test_human_readable_duration with data set #34" class="Tests_Functions" classname="Tests_Functions" file="/home/meng/Desktop/wptest/wordpress-develop/tests/phpunit/tests/functions.php" line="1692" assertions="1" time="0.033053"/>
          <testcase name="test_human_readable_duration with data set #35" class="Tests_Functions" classname="Tests_Functions" file="/home/meng/Desktop/wptest/wordpress-develop/tests/phpunit/tests/functions.php" line="1692" assertions="1" time="0.032672"/>
          <testcase name="test_human_readable_duration with data set #36" class="Tests_Functions" classname="Tests_Functions" file="/home/meng/Desktop/wptest/wordpress-develop/tests/phpunit/tests/functions.php" line="1692" assertions="1" time="0.033107"/>
          <testcase name="test_human_readable_duration with data set #37" class="Tests_Functions" classname="Tests_Functions" file="/home/meng/Desktop/wptest/wordpress-develop/tests/phpunit/tests/functions.php" line="1692" assertions="1" time="0.031538"/>
          <testcase name="test_human_readable_duration with data set #38" class="Tests_Functions" classname="Tests_Functions" file="/home/meng/Desktop/wptest/wordpress-develop/tests/phpunit/tests/functions.php" line="1692" assertions="1" time="0.031869"/>
          <testcase name="test_human_readable_duration with data set #39" class="Tests_Functions" classname="Tests_Functions" file="/home/meng/Desktop/wptest/wordpress-develop/tests/phpunit/tests/functions.php" line="1692" assertions="1" time="0.031876"/>
          <testcase name="test_human_readable_duration with data set #40" class="Tests_Functions" classname="Tests_Functions" file="/home/meng/Desktop/wptest/wordpress-develop/tests/phpunit/tests/functions.php" line="1692" assertions="1" time="0.031894"/>
          <testcase name="test_human_readable_duration with data set #41" class="Tests_Functions" classname="Tests_Functions" file="/home/meng/Desktop/wptest/wordpress-develop/tests/phpunit/tests/functions.php" line="1692" assertions="1" time="0.032436"/>
          <testcase name="test_human_readable_duration with data set #42" class="Tests_Functions" classname="Tests_Functions" file="/home/meng/Desktop/wptest/wordpress-develop/tests/phpunit/tests/functions.php" line="1692" assertions="1" time="0.032874"/>
          <testcase name="test_human_readable_duration with data set #43" class="Tests_Functions" classname="Tests_Functions" file="/home/meng/Desktop/wptest/wordpress-develop/tests/phpunit/tests/functions.php" line="1692" assertions="1" time="0.032462"/>
          <testcase name="test_human_readable_duration with data set #44" class="Tests_Functions" classname="Tests_Functions" file="/home/meng/Desktop/wptest/wordpress-develop/tests/phpunit/tests/functions.php" line="1692" assertions="1" time="0.031880"/>
        </testsuite>
        <testsuite name="Tests_Functions::test_wp_is_json_media_type" tests="9" assertions="9" errors="0" failures="0" skipped="0" time="0.286694">
          <testcase name="test_wp_is_json_media_type with data set #0" class="Tests_Functions" classname="Tests_Functions" file="/home/meng/Desktop/wptest/wordpress-develop/tests/phpunit/tests/functions.php" line="1765" assertions="1" time="0.032004"/>
          <testcase name="test_wp_is_json_media_type with data set #1" class="Tests_Functions" classname="Tests_Functions" file="/home/meng/Desktop/wptest/wordpress-develop/tests/phpunit/tests/functions.php" line="1765" assertions="1" time="0.030996"/>
          <testcase name="test_wp_is_json_media_type with data set #2" class="Tests_Functions" classname="Tests_Functions" file="/home/meng/Desktop/wptest/wordpress-develop/tests/phpunit/tests/functions.php" line="1765" assertions="1" time="0.030966"/>
          <testcase name="test_wp_is_json_media_type with data set #3" class="Tests_Functions" classname="Tests_Functions" file="/home/meng/Desktop/wptest/wordpress-develop/tests/phpunit/tests/functions.php" line="1765" assertions="1" time="0.030785"/>
          <testcase name="test_wp_is_json_media_type with data set #4" class="Tests_Functions" classname="Tests_Functions" file="/home/meng/Desktop/wptest/wordpress-develop/tests/phpunit/tests/functions.php" line="1765" assertions="1" time="0.032018"/>
          <testcase name="test_wp_is_json_media_type with data set #5" class="Tests_Functions" classname="Tests_Functions" file="/home/meng/Desktop/wptest/wordpress-develop/tests/phpunit/tests/functions.php" line="1765" assertions="1" time="0.033794"/>
          <testcase name="test_wp_is_json_media_type with data set #6" class="Tests_Functions" classname="Tests_Functions" file="/home/meng/Desktop/wptest/wordpress-develop/tests/phpunit/tests/functions.php" line="1765" assertions="1" time="0.032571"/>
          <testcase name="test_wp_is_json_media_type with data set #7" class="Tests_Functions" classname="Tests_Functions" file="/home/meng/Desktop/wptest/wordpress-develop/tests/phpunit/tests/functions.php" line="1765" assertions="1" time="0.031413"/>
          <testcase name="test_wp_is_json_media_type with data set #8" class="Tests_Functions" classname="Tests_Functions" file="/home/meng/Desktop/wptest/wordpress-develop/tests/phpunit/tests/functions.php" line="1765" assertions="1" time="0.032147"/>
        </testsuite>
      </testsuite>
      <testsuite name="Tests_Functions_AddMagicQuotes" file="/home/meng/Desktop/wptest/wordpress-develop/tests/phpunit/tests/functions/addMagicQuotes.php" tests="1" assertions="1" errors="0" failures="0" skipped="0" time="0.032442">
        <testsuite name="Tests_Functions_AddMagicQuotes::test_add_magic_quotes" tests="1" assertions="1" errors="0" failures="0" skipped="0" time="0.032442">
          <testcase name="test_add_magic_quotes with data set #0" class="Tests_Functions_AddMagicQuotes" classname="Tests_Functions_AddMagicQuotes" file="/home/meng/Desktop/wptest/wordpress-develop/tests/phpunit/tests/functions/addMagicQuotes.php" line="18" assertions="1" time="0.032442"/>
        </testsuite>
      </testsuite>
      <testsuite name="Tests_Functions_AllowedProtocols" file="/home/meng/Desktop/wptest/wordpress-develop/tests/phpunit/tests/functions/allowedProtocols.php" tests="24" assertions="46" errors="0" failures="0" skipped="0" time="0.789574">
        <testcase name="test_data_is_not_an_allowed_protocol" class="Tests_Functions_AllowedProtocols" classname="Tests_Functions_AllowedProtocols" file="/home/meng/Desktop/wptest/wordpress-develop/tests/phpunit/tests/functions/allowedProtocols.php" line="13" assertions="1" time="0.032906"/>
        <testcase name="test_allowed_protocol_has_an_example" class="Tests_Functions_AllowedProtocols" classname="Tests_Functions_AllowedProtocols" file="/home/meng/Desktop/wptest/wordpress-develop/tests/phpunit/tests/functions/allowedProtocols.php" line="17" assertions="1" time="0.030992"/>
        <testsuite name="Tests_Functions_AllowedProtocols::test_allowed_protocols" tests="22" assertions="44" errors="0" failures="0" skipped="0" time="0.725676">
          <testcase name="test_allowed_protocols with data set #0" class="Tests_Functions_AllowedProtocols" classname="Tests_Functions_AllowedProtocols" file="/home/meng/Desktop/wptest/wordpress-develop/tests/phpunit/tests/functions/allowedProtocols.php" line="32" assertions="2" time="0.032056"/>
          <testcase name="test_allowed_protocols with data set #1" class="Tests_Functions_AllowedProtocols" classname="Tests_Functions_AllowedProtocols" file="/home/meng/Desktop/wptest/wordpress-develop/tests/phpunit/tests/functions/allowedProtocols.php" line="32" assertions="2" time="0.032360"/>
          <testcase name="test_allowed_protocols with data set #2" class="Tests_Functions_AllowedProtocols" classname="Tests_Functions_AllowedProtocols" file="/home/meng/Desktop/wptest/wordpress-develop/tests/phpunit/tests/functions/allowedProtocols.php" line="32" assertions="2" time="0.031846"/>
          <testcase name="test_allowed_protocols with data set #3" class="Tests_Functions_AllowedProtocols" classname="Tests_Functions_AllowedProtocols" file="/home/meng/Desktop/wptest/wordpress-develop/tests/phpunit/tests/functions/allowedProtocols.php" line="32" assertions="2" time="0.032631"/>
          <testcase name="test_allowed_protocols with data set #4" class="Tests_Functions_AllowedProtocols" classname="Tests_Functions_AllowedProtocols" file="/home/meng/Desktop/wptest/wordpress-develop/tests/phpunit/tests/functions/allowedProtocols.php" line="32" assertions="2" time="0.033247"/>
          <testcase name="test_allowed_protocols with data set #5" class="Tests_Functions_AllowedProtocols" classname="Tests_Functions_AllowedProtocols" file="/home/meng/Desktop/wptest/wordpress-develop/tests/phpunit/tests/functions/allowedProtocols.php" line="32" assertions="2" time="0.033021"/>
          <testcase name="test_allowed_protocols with data set #6" class="Tests_Functions_AllowedProtocols" classname="Tests_Functions_AllowedProtocols" file="/home/meng/Desktop/wptest/wordpress-develop/tests/phpunit/tests/functions/allowedProtocols.php" line="32" assertions="2" time="0.032580"/>
          <testcase name="test_allowed_protocols with data set #7" class="Tests_Functions_AllowedProtocols" classname="Tests_Functions_AllowedProtocols" file="/home/meng/Desktop/wptest/wordpress-develop/tests/phpunit/tests/functions/allowedProtocols.php" line="32" assertions="2" time="0.036801"/>
          <testcase name="test_allowed_protocols with data set #8" class="Tests_Functions_AllowedProtocols" classname="Tests_Functions_AllowedProtocols" file="/home/meng/Desktop/wptest/wordpress-develop/tests/phpunit/tests/functions/allowedProtocols.php" line="32" assertions="2" time="0.034232"/>
          <testcase name="test_allowed_protocols with data set #9" class="Tests_Functions_AllowedProtocols" classname="Tests_Functions_AllowedProtocols" file="/home/meng/Desktop/wptest/wordpress-develop/tests/phpunit/tests/functions/allowedProtocols.php" line="32" assertions="2" time="0.031749"/>
          <testcase name="test_allowed_protocols with data set #10" class="Tests_Functions_AllowedProtocols" classname="Tests_Functions_AllowedProtocols" file="/home/meng/Desktop/wptest/wordpress-develop/tests/phpunit/tests/functions/allowedProtocols.php" line="32" assertions="2" time="0.031821"/>
          <testcase name="test_allowed_protocols with data set #11" class="Tests_Functions_AllowedProtocols" classname="Tests_Functions_AllowedProtocols" file="/home/meng/Desktop/wptest/wordpress-develop/tests/phpunit/tests/functions/allowedProtocols.php" line="32" assertions="2" time="0.033146"/>
          <testcase name="test_allowed_protocols with data set #12" class="Tests_Functions_AllowedProtocols" classname="Tests_Functions_AllowedProtocols" file="/home/meng/Desktop/wptest/wordpress-develop/tests/phpunit/tests/functions/allowedProtocols.php" line="32" assertions="2" time="0.031601"/>
          <testcase name="test_allowed_protocols with data set #13" class="Tests_Functions_AllowedProtocols" classname="Tests_Functions_AllowedProtocols" file="/home/meng/Desktop/wptest/wordpress-develop/tests/phpunit/tests/functions/allowedProtocols.php" line="32" assertions="2" time="0.031178"/>
          <testcase name="test_allowed_protocols with data set #14" class="Tests_Functions_AllowedProtocols" classname="Tests_Functions_AllowedProtocols" file="/home/meng/Desktop/wptest/wordpress-develop/tests/phpunit/tests/functions/allowedProtocols.php" line="32" assertions="2" time="0.031665"/>
          <testcase name="test_allowed_protocols with data set #15" class="Tests_Functions_AllowedProtocols" classname="Tests_Functions_AllowedProtocols" file="/home/meng/Desktop/wptest/wordpress-develop/tests/phpunit/tests/functions/allowedProtocols.php" line="32" assertions="2" time="0.034480"/>
          <testcase name="test_allowed_protocols with data set #16" class="Tests_Functions_AllowedProtocols" classname="Tests_Functions_AllowedProtocols" file="/home/meng/Desktop/wptest/wordpress-develop/tests/phpunit/tests/functions/allowedProtocols.php" line="32" assertions="2" time="0.039615"/>
          <testcase name="test_allowed_protocols with data set #17" class="Tests_Functions_AllowedProtocols" classname="Tests_Functions_AllowedProtocols" file="/home/meng/Desktop/wptest/wordpress-develop/tests/phpunit/tests/functions/allowedProtocols.php" line="32" assertions="2" time="0.032646"/>
          <testcase name="test_allowed_protocols with data set #18" class="Tests_Functions_AllowedProtocols" classname="Tests_Functions_AllowedProtocols" file="/home/meng/Desktop/wptest/wordpress-develop/tests/phpunit/tests/functions/allowedProtocols.php" line="32" assertions="2" time="0.032117"/>
          <testcase name="test_allowed_protocols with data set #19" class="Tests_Functions_AllowedProtocols" classname="Tests_Functions_AllowedProtocols" file="/home/meng/Desktop/wptest/wordpress-develop/tests/phpunit/tests/functions/allowedProtocols.php" line="32" assertions="2" time="0.032502"/>
          <testcase name="test_allowed_protocols with data set #20" class="Tests_Functions_AllowedProtocols" classname="Tests_Functions_AllowedProtocols" file="/home/meng/Desktop/wptest/wordpress-develop/tests/phpunit/tests/functions/allowedProtocols.php" line="32" assertions="2" time="0.031762"/>
          <testcase name="test_allowed_protocols with data set #21" class="Tests_Functions_AllowedProtocols" classname="Tests_Functions_AllowedProtocols" file="/home/meng/Desktop/wptest/wordpress-develop/tests/phpunit/tests/functions/allowedProtocols.php" line="32" assertions="2" time="0.032621"/>
        </testsuite>
      </testsuite>
      <testsuite name="Tests_Functions_Anonymization" file="/home/meng/Desktop/wptest/wordpress-develop/tests/phpunit/tests/functions/anonymization.php" tests="37" assertions="37" errors="0" failures="0" skipped="0" time="1.213065">
        <testsuite name="Tests_Functions_Anonymization::test_wp_privacy_anonymize_ip" tests="31" assertions="31" errors="0" failures="0" skipped="0" time="1.007195">
          <testcase name="test_wp_privacy_anonymize_ip with data set #0" class="Tests_Functions_Anonymization" classname="Tests_Functions_Anonymization" file="/home/meng/Desktop/wptest/wordpress-develop/tests/phpunit/tests/functions/anonymization.php" line="34" assertions="1" time="0.031135"/>
          <testcase name="test_wp_privacy_anonymize_ip with data set #1" class="Tests_Functions_Anonymization" classname="Tests_Functions_Anonymization" file="/home/meng/Desktop/wptest/wordpress-develop/tests/phpunit/tests/functions/anonymization.php" line="34" assertions="1" time="0.031198"/>
          <testcase name="test_wp_privacy_anonymize_ip with data set #2" class="Tests_Functions_Anonymization" classname="Tests_Functions_Anonymization" file="/home/meng/Desktop/wptest/wordpress-develop/tests/phpunit/tests/functions/anonymization.php" line="34" assertions="1" time="0.032509"/>
          <testcase name="test_wp_privacy_anonymize_ip with data set #3" class="Tests_Functions_Anonymization" classname="Tests_Functions_Anonymization" file="/home/meng/Desktop/wptest/wordpress-develop/tests/phpunit/tests/functions/anonymization.php" line="34" assertions="1" time="0.031594"/>
          <testcase name="test_wp_privacy_anonymize_ip with data set #4" class="Tests_Functions_Anonymization" classname="Tests_Functions_Anonymization" file="/home/meng/Desktop/wptest/wordpress-develop/tests/phpunit/tests/functions/anonymization.php" line="34" assertions="1" time="0.031973"/>
          <testcase name="test_wp_privacy_anonymize_ip with data set #5" class="Tests_Functions_Anonymization" classname="Tests_Functions_Anonymization" file="/home/meng/Desktop/wptest/wordpress-develop/tests/phpunit/tests/functions/anonymization.php" line="34" assertions="1" time="0.031574"/>
          <testcase name="test_wp_privacy_anonymize_ip with data set #6" class="Tests_Functions_Anonymization" classname="Tests_Functions_Anonymization" file="/home/meng/Desktop/wptest/wordpress-develop/tests/phpunit/tests/functions/anonymization.php" line="34" assertions="1" time="0.032252"/>
          <testcase name="test_wp_privacy_anonymize_ip with data set #7" class="Tests_Functions_Anonymization" classname="Tests_Functions_Anonymization" file="/home/meng/Desktop/wptest/wordpress-develop/tests/phpunit/tests/functions/anonymization.php" line="34" assertions="1" time="0.030805"/>
          <testcase name="test_wp_privacy_anonymize_ip with data set #8" class="Tests_Functions_Anonymization" classname="Tests_Functions_Anonymization" file="/home/meng/Desktop/wptest/wordpress-develop/tests/phpunit/tests/functions/anonymization.php" line="34" assertions="1" time="0.033572"/>
          <testcase name="test_wp_privacy_anonymize_ip with data set #9" class="Tests_Functions_Anonymization" classname="Tests_Functions_Anonymization" file="/home/meng/Desktop/wptest/wordpress-develop/tests/phpunit/tests/functions/anonymization.php" line="34" assertions="1" time="0.032477"/>
          <testcase name="test_wp_privacy_anonymize_ip with data set #10" class="Tests_Functions_Anonymization" classname="Tests_Functions_Anonymization" file="/home/meng/Desktop/wptest/wordpress-develop/tests/phpunit/tests/functions/anonymization.php" line="34" assertions="1" time="0.031555"/>
          <testcase name="test_wp_privacy_anonymize_ip with data set #11" class="Tests_Functions_Anonymization" classname="Tests_Functions_Anonymization" file="/home/meng/Desktop/wptest/wordpress-develop/tests/phpunit/tests/functions/anonymization.php" line="34" assertions="1" time="0.032158"/>
          <testcase name="test_wp_privacy_anonymize_ip with data set #12" class="Tests_Functions_Anonymization" classname="Tests_Functions_Anonymization" file="/home/meng/Desktop/wptest/wordpress-develop/tests/phpunit/tests/functions/anonymization.php" line="34" assertions="1" time="0.030767"/>
          <testcase name="test_wp_privacy_anonymize_ip with data set #13" class="Tests_Functions_Anonymization" classname="Tests_Functions_Anonymization" file="/home/meng/Desktop/wptest/wordpress-develop/tests/phpunit/tests/functions/anonymization.php" line="34" assertions="1" time="0.032566"/>
          <testcase name="test_wp_privacy_anonymize_ip with data set #14" class="Tests_Functions_Anonymization" classname="Tests_Functions_Anonymization" file="/home/meng/Desktop/wptest/wordpress-develop/tests/phpunit/tests/functions/anonymization.php" line="34" assertions="1" time="0.031793"/>
          <testcase name="test_wp_privacy_anonymize_ip with data set #15" class="Tests_Functions_Anonymization" classname="Tests_Functions_Anonymization" file="/home/meng/Desktop/wptest/wordpress-develop/tests/phpunit/tests/functions/anonymization.php" line="34" assertions="1" time="0.031508"/>
          <testcase name="test_wp_privacy_anonymize_ip with data set #16" class="Tests_Functions_Anonymization" classname="Tests_Functions_Anonymization" file="/home/meng/Desktop/wptest/wordpress-develop/tests/phpunit/tests/functions/anonymization.php" line="34" assertions="1" time="0.031952"/>
          <testcase name="test_wp_privacy_anonymize_ip with data set #17" class="Tests_Functions_Anonymization" classname="Tests_Functions_Anonymization" file="/home/meng/Desktop/wptest/wordpress-develop/tests/phpunit/tests/functions/anonymization.php" line="34" assertions="1" time="0.034292"/>
          <testcase name="test_wp_privacy_anonymize_ip with data set #18" class="Tests_Functions_Anonymization" classname="Tests_Functions_Anonymization" file="/home/meng/Desktop/wptest/wordpress-develop/tests/phpunit/tests/functions/anonymization.php" line="34" assertions="1" time="0.032285"/>
          <testcase name="test_wp_privacy_anonymize_ip with data set #19" class="Tests_Functions_Anonymization" classname="Tests_Functions_Anonymization" file="/home/meng/Desktop/wptest/wordpress-develop/tests/phpunit/tests/functions/anonymization.php" line="34" assertions="1" time="0.031651"/>
          <testcase name="test_wp_privacy_anonymize_ip with data set #20" class="Tests_Functions_Anonymization" classname="Tests_Functions_Anonymization" file="/home/meng/Desktop/wptest/wordpress-develop/tests/phpunit/tests/functions/anonymization.php" line="34" assertions="1" time="0.033450"/>
          <testcase name="test_wp_privacy_anonymize_ip with data set #21" class="Tests_Functions_Anonymization" classname="Tests_Functions_Anonymization" file="/home/meng/Desktop/wptest/wordpress-develop/tests/phpunit/tests/functions/anonymization.php" line="34" assertions="1" time="0.037247"/>
          <testcase name="test_wp_privacy_anonymize_ip with data set #22" class="Tests_Functions_Anonymization" classname="Tests_Functions_Anonymization" file="/home/meng/Desktop/wptest/wordpress-develop/tests/phpunit/tests/functions/anonymization.php" line="34" assertions="1" time="0.033583"/>
          <testcase name="test_wp_privacy_anonymize_ip with data set #23" class="Tests_Functions_Anonymization" classname="Tests_Functions_Anonymization" file="/home/meng/Desktop/wptest/wordpress-develop/tests/phpunit/tests/functions/anonymization.php" line="34" assertions="1" time="0.034476"/>
          <testcase name="test_wp_privacy_anonymize_ip with data set #24" class="Tests_Functions_Anonymization" classname="Tests_Functions_Anonymization" file="/home/meng/Desktop/wptest/wordpress-develop/tests/phpunit/tests/functions/anonymization.php" line="34" assertions="1" time="0.032319"/>
          <testcase name="test_wp_privacy_anonymize_ip with data set #25" class="Tests_Functions_Anonymization" classname="Tests_Functions_Anonymization" file="/home/meng/Desktop/wptest/wordpress-develop/tests/phpunit/tests/functions/anonymization.php" line="34" assertions="1" time="0.032395"/>
          <testcase name="test_wp_privacy_anonymize_ip with data set #26" class="Tests_Functions_Anonymization" classname="Tests_Functions_Anonymization" file="/home/meng/Desktop/wptest/wordpress-develop/tests/phpunit/tests/functions/anonymization.php" line="34" assertions="1" time="0.031951"/>
          <testcase name="test_wp_privacy_anonymize_ip with data set #27" class="Tests_Functions_Anonymization" classname="Tests_Functions_Anonymization" file="/home/meng/Desktop/wptest/wordpress-develop/tests/phpunit/tests/functions/anonymization.php" line="34" assertions="1" time="0.032284"/>
          <testcase name="test_wp_privacy_anonymize_ip with data set #28" class="Tests_Functions_Anonymization" classname="Tests_Functions_Anonymization" file="/home/meng/Desktop/wptest/wordpress-develop/tests/phpunit/tests/functions/anonymization.php" line="34" assertions="1" time="0.033801"/>
          <testcase name="test_wp_privacy_anonymize_ip with data set #29" class="Tests_Functions_Anonymization" classname="Tests_Functions_Anonymization" file="/home/meng/Desktop/wptest/wordpress-develop/tests/phpunit/tests/functions/anonymization.php" line="34" assertions="1" time="0.032697"/>
          <testcase name="test_wp_privacy_anonymize_ip with data set #30" class="Tests_Functions_Anonymization" classname="Tests_Functions_Anonymization" file="/home/meng/Desktop/wptest/wordpress-develop/tests/phpunit/tests/functions/anonymization.php" line="34" assertions="1" time="0.033376"/>
        </testsuite>
        <testcase name="test_anonymize_email" class="Tests_Functions_Anonymization" classname="Tests_Functions_Anonymization" file="/home/meng/Desktop/wptest/wordpress-develop/tests/phpunit/tests/functions/anonymization.php" line="214" assertions="1" time="0.033373"/>
        <testcase name="test_anonymize_url" class="Tests_Functions_Anonymization" classname="Tests_Functions_Anonymization" file="/home/meng/Desktop/wptest/wordpress-develop/tests/phpunit/tests/functions/anonymization.php" line="221" assertions="1" time="0.034575"/>
        <testcase name="test_anonymize_date" class="Tests_Functions_Anonymization" classname="Tests_Functions_Anonymization" file="/home/meng/Desktop/wptest/wordpress-develop/tests/phpunit/tests/functions/anonymization.php" line="228" assertions="1" time="0.033793"/>
        <testcase name="test_anonymize_text" class="Tests_Functions_Anonymization" classname="Tests_Functions_Anonymization" file="/home/meng/Desktop/wptest/wordpress-develop/tests/phpunit/tests/functions/anonymization.php" line="235" assertions="1" time="0.034438"/>
        <testcase name="test_anonymize_long_text" class="Tests_Functions_Anonymization" classname="Tests_Functions_Anonymization" file="/home/meng/Desktop/wptest/wordpress-develop/tests/phpunit/tests/functions/anonymization.php" line="243" assertions="1" time="0.035668"/>
        <testcase name="test_anonymize_with_filter" class="Tests_Functions_Anonymization" classname="Tests_Functions_Anonymization" file="/home/meng/Desktop/wptest/wordpress-develop/tests/phpunit/tests/functions/anonymization.php" line="253" assertions="1" time="0.034023"/>
      </testsuite>
      <testsuite name="Tests_Functions_CanonicalCharset" file="/home/meng/Desktop/wptest/wordpress-develop/tests/phpunit/tests/functions/canonicalCharset.php" tests="11" assertions="19" errors="0" failures="0" skipped="0" time="0.381601">
        <testcase name="test_utf_8_lower" class="Tests_Functions_CanonicalCharset" classname="Tests_Functions_CanonicalCharset" file="/home/meng/Desktop/wptest/wordpress-develop/tests/phpunit/tests/functions/canonicalCharset.php" line="13" assertions="1" time="0.033831"/>
        <testcase name="test_utf_8_upper" class="Tests_Functions_CanonicalCharset" classname="Tests_Functions_CanonicalCharset" file="/home/meng/Desktop/wptest/wordpress-develop/tests/phpunit/tests/functions/canonicalCharset.php" line="17" assertions="1" time="0.032629"/>
        <testcase name="test_utf_8_mixxed" class="Tests_Functions_CanonicalCharset" classname="Tests_Functions_CanonicalCharset" file="/home/meng/Desktop/wptest/wordpress-develop/tests/phpunit/tests/functions/canonicalCharset.php" line="21" assertions="1" time="0.032231"/>
        <testcase name="test_utf_8" class="Tests_Functions_CanonicalCharset" classname="Tests_Functions_CanonicalCharset" file="/home/meng/Desktop/wptest/wordpress-develop/tests/phpunit/tests/functions/canonicalCharset.php" line="25" assertions="1" time="0.037226"/>
        <testcase name="test_iso_lower" class="Tests_Functions_CanonicalCharset" classname="Tests_Functions_CanonicalCharset" file="/home/meng/Desktop/wptest/wordpress-develop/tests/phpunit/tests/functions/canonicalCharset.php" line="29" assertions="1" time="0.033431"/>
        <testcase name="test_iso_upper" class="Tests_Functions_CanonicalCharset" classname="Tests_Functions_CanonicalCharset" file="/home/meng/Desktop/wptest/wordpress-develop/tests/phpunit/tests/functions/canonicalCharset.php" line="33" assertions="1" time="0.032962"/>
        <testcase name="test_iso_mixxed" class="Tests_Functions_CanonicalCharset" classname="Tests_Functions_CanonicalCharset" file="/home/meng/Desktop/wptest/wordpress-develop/tests/phpunit/tests/functions/canonicalCharset.php" line="37" assertions="1" time="0.033203"/>
        <testcase name="test_iso" class="Tests_Functions_CanonicalCharset" classname="Tests_Functions_CanonicalCharset" file="/home/meng/Desktop/wptest/wordpress-develop/tests/phpunit/tests/functions/canonicalCharset.php" line="41" assertions="1" time="0.032889"/>
        <testcase name="test_random" class="Tests_Functions_CanonicalCharset" classname="Tests_Functions_CanonicalCharset" file="/home/meng/Desktop/wptest/wordpress-develop/tests/phpunit/tests/functions/canonicalCharset.php" line="45" assertions="1" time="0.033076"/>
        <testcase name="test_empty" class="Tests_Functions_CanonicalCharset" classname="Tests_Functions_CanonicalCharset" file="/home/meng/Desktop/wptest/wordpress-develop/tests/phpunit/tests/functions/canonicalCharset.php" line="49" assertions="1" time="0.033501"/>
        <testcase name="test_update_option_blog_charset" class="Tests_Functions_CanonicalCharset" classname="Tests_Functions_CanonicalCharset" file="/home/meng/Desktop/wptest/wordpress-develop/tests/phpunit/tests/functions/canonicalCharset.php" line="58" assertions="9" time="0.046622"/>
      </testsuite>
      <testsuite name="Tests_Functions_CleanupHeaderComment" file="/home/meng/Desktop/wptest/wordpress-develop/tests/phpunit/tests/functions/cleanupHeaderComment.php" tests="5" assertions="5" errors="0" failures="0" skipped="0" time="0.170416">
        <testsuite name="Tests_Functions_CleanupHeaderComment::test_cleanup_header_comment" tests="5" assertions="5" errors="0" failures="0" skipped="0" time="0.170416">
          <testcase name="test_cleanup_header_comment with data set #0" class="Tests_Functions_CleanupHeaderComment" classname="Tests_Functions_CleanupHeaderComment" file="/home/meng/Desktop/wptest/wordpress-develop/tests/phpunit/tests/functions/cleanupHeaderComment.php" line="21" assertions="1" time="0.034418"/>
          <testcase name="test_cleanup_header_comment with data set #1" class="Tests_Functions_CleanupHeaderComment" classname="Tests_Functions_CleanupHeaderComment" file="/home/meng/Desktop/wptest/wordpress-develop/tests/phpunit/tests/functions/cleanupHeaderComment.php" line="21" assertions="1" time="0.036237"/>
          <testcase name="test_cleanup_header_comment with data set #2" class="Tests_Functions_CleanupHeaderComment" classname="Tests_Functions_CleanupHeaderComment" file="/home/meng/Desktop/wptest/wordpress-develop/tests/phpunit/tests/functions/cleanupHeaderComment.php" line="21" assertions="1" time="0.034881"/>
          <testcase name="test_cleanup_header_comment with data set #3" class="Tests_Functions_CleanupHeaderComment" classname="Tests_Functions_CleanupHeaderComment" file="/home/meng/Desktop/wptest/wordpress-develop/tests/phpunit/tests/functions/cleanupHeaderComment.php" line="21" assertions="1" time="0.032807"/>
          <testcase name="test_cleanup_header_comment with data set #4" class="Tests_Functions_CleanupHeaderComment" classname="Tests_Functions_CleanupHeaderComment" file="/home/meng/Desktop/wptest/wordpress-develop/tests/phpunit/tests/functions/cleanupHeaderComment.php" line="21" assertions="1" time="0.032073"/>
        </testsuite>
      </testsuite>
      <testsuite name="Tests_Functions_Deprecated" file="/home/meng/Desktop/wptest/wordpress-develop/tests/phpunit/tests/functions/deprecated.php" tests="2" assertions="0" errors="0" failures="0" skipped="2" time="0.001238">
        <testcase name="test_wp_save_image_file_deprecated_with_gd_resource" class="Tests_Functions_Deprecated" classname="Tests_Functions_Deprecated" file="/home/meng/Desktop/wptest/wordpress-develop/tests/phpunit/tests/functions/deprecated.php" line="150" assertions="0" time="0.000648">
          <skipped/>
        </testcase>
        <testcase name="test_wp_save_image_file_not_deprecated_with_wp_image_editor" class="Tests_Functions_Deprecated" classname="Tests_Functions_Deprecated" file="/home/meng/Desktop/wptest/wordpress-develop/tests/phpunit/tests/functions/deprecated.php" line="172" assertions="0" time="0.000590">
          <skipped/>
        </testcase>
      </testsuite>
      <testsuite name="Tests_Functions_DoEnclose" file="/home/meng/Desktop/wptest/wordpress-develop/tests/phpunit/tests/functions/doEnclose.php" tests="28" assertions="29" errors="0" failures="0" skipped="0" time="1.858494">
        <testsuite name="Tests_Functions_DoEnclose::test_function_with_explicit_content_input" tests="12" assertions="12" errors="0" failures="0" skipped="0" time="0.798997">
          <testcase name="test_function_with_explicit_content_input with data set &quot;null&quot;" class="Tests_Functions_DoEnclose" classname="Tests_Functions_DoEnclose" file="/home/meng/Desktop/wptest/wordpress-develop/tests/phpunit/tests/functions/doEnclose.php" line="48" assertions="1" time="0.062455"/>
          <testcase name="test_function_with_explicit_content_input with data set &quot;empty&quot;" class="Tests_Functions_DoEnclose" classname="Tests_Functions_DoEnclose" file="/home/meng/Desktop/wptest/wordpress-develop/tests/phpunit/tests/functions/doEnclose.php" line="48" assertions="1" time="0.067008"/>
          <testcase name="test_function_with_explicit_content_input with data set &quot;single-bare-movie&quot;" class="Tests_Functions_DoEnclose" classname="Tests_Functions_DoEnclose" file="/home/meng/Desktop/wptest/wordpress-develop/tests/phpunit/tests/functions/doEnclose.php" line="48" assertions="1" time="0.064659"/>
          <testcase name="test_function_with_explicit_content_input with data set &quot;single-bare-audio&quot;" class="Tests_Functions_DoEnclose" classname="Tests_Functions_DoEnclose" file="/home/meng/Desktop/wptest/wordpress-develop/tests/phpunit/tests/functions/doEnclose.php" line="48" assertions="1" time="0.064537"/>
          <testcase name="test_function_with_explicit_content_input with data set &quot;single-relative-movie&quot;" class="Tests_Functions_DoEnclose" classname="Tests_Functions_DoEnclose" file="/home/meng/Desktop/wptest/wordpress-develop/tests/phpunit/tests/functions/doEnclose.php" line="48" assertions="1" time="0.065420"/>
          <testcase name="test_function_with_explicit_content_input with data set &quot;single-relative-audio&quot;" class="Tests_Functions_DoEnclose" classname="Tests_Functions_DoEnclose" file="/home/meng/Desktop/wptest/wordpress-develop/tests/phpunit/tests/functions/doEnclose.php" line="48" assertions="1" time="0.067186"/>
          <testcase name="test_function_with_explicit_content_input with data set &quot;single-unknown&quot;" class="Tests_Functions_DoEnclose" classname="Tests_Functions_DoEnclose" file="/home/meng/Desktop/wptest/wordpress-develop/tests/phpunit/tests/functions/doEnclose.php" line="48" assertions="1" time="0.066724"/>
          <testcase name="test_function_with_explicit_content_input with data set &quot;single-movie&quot;" class="Tests_Functions_DoEnclose" classname="Tests_Functions_DoEnclose" file="/home/meng/Desktop/wptest/wordpress-develop/tests/phpunit/tests/functions/doEnclose.php" line="48" assertions="1" time="0.071707"/>
          <testcase name="test_function_with_explicit_content_input with data set &quot;single-audio&quot;" class="Tests_Functions_DoEnclose" classname="Tests_Functions_DoEnclose" file="/home/meng/Desktop/wptest/wordpress-develop/tests/phpunit/tests/functions/doEnclose.php" line="48" assertions="1" time="0.067808"/>
          <testcase name="test_function_with_explicit_content_input with data set &quot;single-movie-query&quot;" class="Tests_Functions_DoEnclose" classname="Tests_Functions_DoEnclose" file="/home/meng/Desktop/wptest/wordpress-develop/tests/phpunit/tests/functions/doEnclose.php" line="48" assertions="1" time="0.066139"/>
          <testcase name="test_function_with_explicit_content_input with data set &quot;multi&quot;" class="Tests_Functions_DoEnclose" classname="Tests_Functions_DoEnclose" file="/home/meng/Desktop/wptest/wordpress-develop/tests/phpunit/tests/functions/doEnclose.php" line="48" assertions="1" time="0.069365"/>
          <testcase name="test_function_with_explicit_content_input with data set &quot;no-path&quot;" class="Tests_Functions_DoEnclose" classname="Tests_Functions_DoEnclose" file="/home/meng/Desktop/wptest/wordpress-develop/tests/phpunit/tests/functions/doEnclose.php" line="48" assertions="1" time="0.065989"/>
        </testsuite>
        <testsuite name="Tests_Functions_DoEnclose::test_function_with_implicit_content_input" tests="12" assertions="12" errors="0" failures="0" skipped="0" time="0.783632">
          <testcase name="test_function_with_implicit_content_input with data set &quot;null&quot;" class="Tests_Functions_DoEnclose" classname="Tests_Functions_DoEnclose" file="/home/meng/Desktop/wptest/wordpress-develop/tests/phpunit/tests/functions/doEnclose.php" line="64" assertions="1" time="0.062865"/>
          <testcase name="test_function_with_implicit_content_input with data set &quot;empty&quot;" class="Tests_Functions_DoEnclose" classname="Tests_Functions_DoEnclose" file="/home/meng/Desktop/wptest/wordpress-develop/tests/phpunit/tests/functions/doEnclose.php" line="64" assertions="1" time="0.061970"/>
          <testcase name="test_function_with_implicit_content_input with data set &quot;single-bare-movie&quot;" class="Tests_Functions_DoEnclose" classname="Tests_Functions_DoEnclose" file="/home/meng/Desktop/wptest/wordpress-develop/tests/phpunit/tests/functions/doEnclose.php" line="64" assertions="1" time="0.062642"/>
          <testcase name="test_function_with_implicit_content_input with data set &quot;single-bare-audio&quot;" class="Tests_Functions_DoEnclose" classname="Tests_Functions_DoEnclose" file="/home/meng/Desktop/wptest/wordpress-develop/tests/phpunit/tests/functions/doEnclose.php" line="64" assertions="1" time="0.062723"/>
          <testcase name="test_function_with_implicit_content_input with data set &quot;single-relative-movie&quot;" class="Tests_Functions_DoEnclose" classname="Tests_Functions_DoEnclose" file="/home/meng/Desktop/wptest/wordpress-develop/tests/phpunit/tests/functions/doEnclose.php" line="64" assertions="1" time="0.067582"/>
          <testcase name="test_function_with_implicit_content_input with data set &quot;single-relative-audio&quot;" class="Tests_Functions_DoEnclose" classname="Tests_Functions_DoEnclose" file="/home/meng/Desktop/wptest/wordpress-develop/tests/phpunit/tests/functions/doEnclose.php" line="64" assertions="1" time="0.067807"/>
          <testcase name="test_function_with_implicit_content_input with data set &quot;single-unknown&quot;" class="Tests_Functions_DoEnclose" classname="Tests_Functions_DoEnclose" file="/home/meng/Desktop/wptest/wordpress-develop/tests/phpunit/tests/functions/doEnclose.php" line="64" assertions="1" time="0.063839"/>
          <testcase name="test_function_with_implicit_content_input with data set &quot;single-movie&quot;" class="Tests_Functions_DoEnclose" classname="Tests_Functions_DoEnclose" file="/home/meng/Desktop/wptest/wordpress-develop/tests/phpunit/tests/functions/doEnclose.php" line="64" assertions="1" time="0.068430"/>
          <testcase name="test_function_with_implicit_content_input with data set &quot;single-audio&quot;" class="Tests_Functions_DoEnclose" classname="Tests_Functions_DoEnclose" file="/home/meng/Desktop/wptest/wordpress-develop/tests/phpunit/tests/functions/doEnclose.php" line="64" assertions="1" time="0.064823"/>
          <testcase name="test_function_with_implicit_content_input with data set &quot;single-movie-query&quot;" class="Tests_Functions_DoEnclose" classname="Tests_Functions_DoEnclose" file="/home/meng/Desktop/wptest/wordpress-develop/tests/phpunit/tests/functions/doEnclose.php" line="64" assertions="1" time="0.067461"/>
          <testcase name="test_function_with_implicit_content_input with data set &quot;multi&quot;" class="Tests_Functions_DoEnclose" classname="Tests_Functions_DoEnclose" file="/home/meng/Desktop/wptest/wordpress-develop/tests/phpunit/tests/functions/doEnclose.php" line="64" assertions="1" time="0.069176"/>
          <testcase name="test_function_with_implicit_content_input with data set &quot;no-path&quot;" class="Tests_Functions_DoEnclose" classname="Tests_Functions_DoEnclose" file="/home/meng/Desktop/wptest/wordpress-develop/tests/phpunit/tests/functions/doEnclose.php" line="64" assertions="1" time="0.064314"/>
        </testsuite>
        <testcase name="test_function_should_return_false_when_invalid_post_id" class="Tests_Functions_DoEnclose" classname="Tests_Functions_DoEnclose" file="/home/meng/Desktop/wptest/wordpress-develop/tests/phpunit/tests/functions/doEnclose.php" line="150" assertions="1" time="0.032256"/>
        <testcase name="test_function_should_delete_enclosed_link_when_no_longer_in_post_content" class="Tests_Functions_DoEnclose" classname="Tests_Functions_DoEnclose" file="/home/meng/Desktop/wptest/wordpress-develop/tests/phpunit/tests/functions/doEnclose.php" line="161" assertions="2" time="0.110017"/>
        <testcase name="test_function_should_support_post_object_input" class="Tests_Functions_DoEnclose" classname="Tests_Functions_DoEnclose" file="/home/meng/Desktop/wptest/wordpress-develop/tests/phpunit/tests/functions/doEnclose.php" line="195" assertions="1" time="0.066501"/>
        <testcase name="test_function_enclosure_links_should_be_filterable" class="Tests_Functions_DoEnclose" classname="Tests_Functions_DoEnclose" file="/home/meng/Desktop/wptest/wordpress-develop/tests/phpunit/tests/functions/doEnclose.php" line="215" assertions="1" time="0.067091"/>
      </testsuite>
      <testsuite name="Tests_Functions_GetStatusHeaderDesc" file="/home/meng/Desktop/wptest/wordpress-develop/tests/phpunit/tests/functions/getStatusHeaderDesc.php" tests="7" assertions="7" errors="0" failures="0" skipped="0" time="0.233490">
        <testsuite name="Tests_Functions_GetStatusHeaderDesc::test_get_status_header_desc" tests="7" assertions="7" errors="0" failures="0" skipped="0" time="0.233490">
          <testcase name="test_get_status_header_desc with data set #0" class="Tests_Functions_GetStatusHeaderDesc" classname="Tests_Functions_GetStatusHeaderDesc" file="/home/meng/Desktop/wptest/wordpress-develop/tests/phpunit/tests/functions/getStatusHeaderDesc.php" line="19" assertions="1" time="0.033218"/>
          <testcase name="test_get_status_header_desc with data set #1" class="Tests_Functions_GetStatusHeaderDesc" classname="Tests_Functions_GetStatusHeaderDesc" file="/home/meng/Desktop/wptest/wordpress-develop/tests/phpunit/tests/functions/getStatusHeaderDesc.php" line="19" assertions="1" time="0.033972"/>
          <testcase name="test_get_status_header_desc with data set #2" class="Tests_Functions_GetStatusHeaderDesc" classname="Tests_Functions_GetStatusHeaderDesc" file="/home/meng/Desktop/wptest/wordpress-develop/tests/phpunit/tests/functions/getStatusHeaderDesc.php" line="19" assertions="1" time="0.035577"/>
          <testcase name="test_get_status_header_desc with data set #3" class="Tests_Functions_GetStatusHeaderDesc" classname="Tests_Functions_GetStatusHeaderDesc" file="/home/meng/Desktop/wptest/wordpress-develop/tests/phpunit/tests/functions/getStatusHeaderDesc.php" line="19" assertions="1" time="0.033161"/>
          <testcase name="test_get_status_header_desc with data set #4" class="Tests_Functions_GetStatusHeaderDesc" classname="Tests_Functions_GetStatusHeaderDesc" file="/home/meng/Desktop/wptest/wordpress-develop/tests/phpunit/tests/functions/getStatusHeaderDesc.php" line="19" assertions="1" time="0.032101"/>
          <testcase name="test_get_status_header_desc with data set #5" class="Tests_Functions_GetStatusHeaderDesc" classname="Tests_Functions_GetStatusHeaderDesc" file="/home/meng/Desktop/wptest/wordpress-develop/tests/phpunit/tests/functions/getStatusHeaderDesc.php" line="19" assertions="1" time="0.033387"/>
          <testcase name="test_get_status_header_desc with data set #6" class="Tests_Functions_GetStatusHeaderDesc" classname="Tests_Functions_GetStatusHeaderDesc" file="/home/meng/Desktop/wptest/wordpress-develop/tests/phpunit/tests/functions/getStatusHeaderDesc.php" line="19" assertions="1" time="0.032074"/>
        </testsuite>
      </testsuite>
      <testsuite name="Tests_Functions_GetWeekstartend" file="/home/meng/Desktop/wptest/wordpress-develop/tests/phpunit/tests/functions/getWeekstartend.php" tests="4" assertions="4" errors="0" failures="0" skipped="0" time="0.134321">
        <testcase name="test_default_start_of_week_option_is_monday" class="Tests_Functions_GetWeekstartend" classname="Tests_Functions_GetWeekstartend" file="/home/meng/Desktop/wptest/wordpress-develop/tests/phpunit/tests/functions/getWeekstartend.php" line="9" assertions="1" time="0.033231"/>
        <testcase name="test_start_of_week_sunday" class="Tests_Functions_GetWeekstartend" classname="Tests_Functions_GetWeekstartend" file="/home/meng/Desktop/wptest/wordpress-develop/tests/phpunit/tests/functions/getWeekstartend.php" line="18" assertions="1" time="0.032201"/>
        <testcase name="test_start_of_week_should_fall_back_on_start_of_week_option" class="Tests_Functions_GetWeekstartend" classname="Tests_Functions_GetWeekstartend" file="/home/meng/Desktop/wptest/wordpress-develop/tests/phpunit/tests/functions/getWeekstartend.php" line="27" assertions="1" time="0.033918"/>
        <testcase name="test_start_of_week_should_fall_back_on_sunday_when_option_is_missing" class="Tests_Functions_GetWeekstartend" classname="Tests_Functions_GetWeekstartend" file="/home/meng/Desktop/wptest/wordpress-develop/tests/phpunit/tests/functions/getWeekstartend.php" line="38" assertions="1" time="0.034971"/>
      </testsuite>
      <testsuite name="Tests_Functions_IsNewDate" file="/home/meng/Desktop/wptest/wordpress-develop/tests/phpunit/tests/functions/isNewDay.php" tests="3" assertions="3" errors="0" failures="0" skipped="0" time="0.099890">
        <testsuite name="Tests_Functions_IsNewDate::test_is_new_date" tests="3" assertions="3" errors="0" failures="0" skipped="0" time="0.099890">
          <testcase name="test_is_new_date with data set #0" class="Tests_Functions_IsNewDate" classname="Tests_Functions_IsNewDate" file="/home/meng/Desktop/wptest/wordpress-develop/tests/phpunit/tests/functions/isNewDay.php" line="20" assertions="1" time="0.033408"/>
          <testcase name="test_is_new_date with data set #1" class="Tests_Functions_IsNewDate" classname="Tests_Functions_IsNewDate" file="/home/meng/Desktop/wptest/wordpress-develop/tests/phpunit/tests/functions/isNewDay.php" line="20" assertions="1" time="0.031784"/>
          <testcase name="test_is_new_date with data set #2" class="Tests_Functions_IsNewDate" classname="Tests_Functions_IsNewDate" file="/home/meng/Desktop/wptest/wordpress-develop/tests/phpunit/tests/functions/isNewDay.php" line="20" assertions="1" time="0.034698"/>
        </testsuite>
      </testsuite>
      <testsuite name="Tests_Functions_IsSerializedString" file="/home/meng/Desktop/wptest/wordpress-develop/tests/phpunit/tests/functions/isSerializedString.php" tests="12" assertions="12" errors="0" failures="0" skipped="0" time="0.393151">
        <testsuite name="Tests_Functions_IsSerializedString::test_is_serialized_string" tests="12" assertions="12" errors="0" failures="0" skipped="0" time="0.393151">
          <testcase name="test_is_serialized_string with data set #0" class="Tests_Functions_IsSerializedString" classname="Tests_Functions_IsSerializedString" file="/home/meng/Desktop/wptest/wordpress-develop/tests/phpunit/tests/functions/isSerializedString.php" line="67" assertions="1" time="0.035537"/>
          <testcase name="test_is_serialized_string with data set #1" class="Tests_Functions_IsSerializedString" classname="Tests_Functions_IsSerializedString" file="/home/meng/Desktop/wptest/wordpress-develop/tests/phpunit/tests/functions/isSerializedString.php" line="67" assertions="1" time="0.034292"/>
          <testcase name="test_is_serialized_string with data set #2" class="Tests_Functions_IsSerializedString" classname="Tests_Functions_IsSerializedString" file="/home/meng/Desktop/wptest/wordpress-develop/tests/phpunit/tests/functions/isSerializedString.php" line="67" assertions="1" time="0.033876"/>
          <testcase name="test_is_serialized_string with data set #3" class="Tests_Functions_IsSerializedString" classname="Tests_Functions_IsSerializedString" file="/home/meng/Desktop/wptest/wordpress-develop/tests/phpunit/tests/functions/isSerializedString.php" line="67" assertions="1" time="0.031718"/>
          <testcase name="test_is_serialized_string with data set #4" class="Tests_Functions_IsSerializedString" classname="Tests_Functions_IsSerializedString" file="/home/meng/Desktop/wptest/wordpress-develop/tests/phpunit/tests/functions/isSerializedString.php" line="67" assertions="1" time="0.032552"/>
          <testcase name="test_is_serialized_string with data set #5" class="Tests_Functions_IsSerializedString" classname="Tests_Functions_IsSerializedString" file="/home/meng/Desktop/wptest/wordpress-develop/tests/phpunit/tests/functions/isSerializedString.php" line="67" assertions="1" time="0.031980"/>
          <testcase name="test_is_serialized_string with data set #6" class="Tests_Functions_IsSerializedString" classname="Tests_Functions_IsSerializedString" file="/home/meng/Desktop/wptest/wordpress-develop/tests/phpunit/tests/functions/isSerializedString.php" line="67" assertions="1" time="0.032226"/>
          <testcase name="test_is_serialized_string with data set #7" class="Tests_Functions_IsSerializedString" classname="Tests_Functions_IsSerializedString" file="/home/meng/Desktop/wptest/wordpress-develop/tests/phpunit/tests/functions/isSerializedString.php" line="67" assertions="1" time="0.033345"/>
          <testcase name="test_is_serialized_string with data set #8" class="Tests_Functions_IsSerializedString" classname="Tests_Functions_IsSerializedString" file="/home/meng/Desktop/wptest/wordpress-develop/tests/phpunit/tests/functions/isSerializedString.php" line="67" assertions="1" time="0.032056"/>
          <testcase name="test_is_serialized_string with data set #9" class="Tests_Functions_IsSerializedString" classname="Tests_Functions_IsSerializedString" file="/home/meng/Desktop/wptest/wordpress-develop/tests/phpunit/tests/functions/isSerializedString.php" line="67" assertions="1" time="0.032396"/>
          <testcase name="test_is_serialized_string with data set #10" class="Tests_Functions_IsSerializedString" classname="Tests_Functions_IsSerializedString" file="/home/meng/Desktop/wptest/wordpress-develop/tests/phpunit/tests/functions/isSerializedString.php" line="67" assertions="1" time="0.032016"/>
          <testcase name="test_is_serialized_string with data set #11" class="Tests_Functions_IsSerializedString" classname="Tests_Functions_IsSerializedString" file="/home/meng/Desktop/wptest/wordpress-develop/tests/phpunit/tests/functions/isSerializedString.php" line="67" assertions="1" time="0.031157"/>
        </testsuite>
      </testsuite>
      <testsuite name="Tests_Functions_ListFiles" file="/home/meng/Desktop/wptest/wordpress-develop/tests/phpunit/tests/functions/listFiles.php" tests="2" assertions="4" errors="0" failures="0" skipped="0" time="0.078859">
        <testcase name="test_list_files_returns_a_list_of_files" class="Tests_Functions_ListFiles" classname="Tests_Functions_ListFiles" file="/home/meng/Desktop/wptest/wordpress-develop/tests/phpunit/tests/functions/listFiles.php" line="11" assertions="3" time="0.038447"/>
        <testcase name="test_list_files_can_exclude_files" class="Tests_Functions_ListFiles" classname="Tests_Functions_ListFiles" file="/home/meng/Desktop/wptest/wordpress-develop/tests/phpunit/tests/functions/listFiles.php" line="18" assertions="1" time="0.040412"/>
      </testsuite>
      <testsuite name="Tests_Functions_NumberFormatI18n" file="/home/meng/Desktop/wptest/wordpress-develop/tests/phpunit/tests/functions/numberFormatI18n.php" tests="4" assertions="8" errors="0" failures="0" skipped="0" time="0.137196">
        <testcase name="test_should_fall_back_to_number_format_when_wp_locale_is_not_set" class="Tests_Functions_NumberFormatI18n" classname="Tests_Functions_NumberFormatI18n" file="/home/meng/Desktop/wptest/wordpress-develop/tests/phpunit/tests/functions/numberFormatI18n.php" line="12" assertions="2" time="0.034079"/>
        <testcase name="test_should_respect_number_format_of_locale" class="Tests_Functions_NumberFormatI18n" classname="Tests_Functions_NumberFormatI18n" file="/home/meng/Desktop/wptest/wordpress-develop/tests/phpunit/tests/functions/numberFormatI18n.php" line="25" assertions="2" time="0.032944"/>
        <testcase name="test_should_default_to_en_us_format" class="Tests_Functions_NumberFormatI18n" classname="Tests_Functions_NumberFormatI18n" file="/home/meng/Desktop/wptest/wordpress-develop/tests/phpunit/tests/functions/numberFormatI18n.php" line="42" assertions="2" time="0.035572"/>
        <testcase name="test_should_handle_negative_precision" class="Tests_Functions_NumberFormatI18n" classname="Tests_Functions_NumberFormatI18n" file="/home/meng/Desktop/wptest/wordpress-develop/tests/phpunit/tests/functions/numberFormatI18n.php" line="47" assertions="2" time="0.034601"/>
      </testsuite>
      <testsuite name="Tests_Functions_PluginBasename" file="/home/meng/Desktop/wptest/wordpress-develop/tests/phpunit/tests/functions/pluginBasename.php" tests="2" assertions="2" errors="0" failures="0" skipped="0" time="0.065045">
        <testcase name="test_return_correct_basename_for_symlinked_plugins" class="Tests_Functions_PluginBasename" classname="Tests_Functions_PluginBasename" file="/home/meng/Desktop/wptest/wordpress-develop/tests/phpunit/tests/functions/pluginBasename.php" line="40" assertions="1" time="0.033598"/>
        <testcase name="test_return_correct_basename_for_symlinked_plugins_with_path_conflicts" class="Tests_Functions_PluginBasename" classname="Tests_Functions_PluginBasename" file="/home/meng/Desktop/wptest/wordpress-develop/tests/phpunit/tests/functions/pluginBasename.php" line="54" assertions="1" time="0.031447"/>
      </testsuite>
      <testsuite name="Tests_Functions_Referer" file="/home/meng/Desktop/wptest/wordpress-develop/tests/phpunit/tests/functions/referer.php" tests="15" assertions="15" errors="0" failures="0" skipped="0" time="0.498188">
        <testcase name="test_from_request_relative_referrer" class="Tests_Functions_Referer" classname="Tests_Functions_Referer" file="/home/meng/Desktop/wptest/wordpress-develop/tests/phpunit/tests/functions/referer.php" line="38" assertions="1" time="0.031992"/>
        <testcase name="test_from_request_same_url" class="Tests_Functions_Referer" classname="Tests_Functions_Referer" file="/home/meng/Desktop/wptest/wordpress-develop/tests/phpunit/tests/functions/referer.php" line="44" assertions="1" time="0.033370"/>
        <testcase name="test_from_request_different_resource" class="Tests_Functions_Referer" classname="Tests_Functions_Referer" file="/home/meng/Desktop/wptest/wordpress-develop/tests/phpunit/tests/functions/referer.php" line="50" assertions="1" time="0.032574"/>
        <testcase name="test_from_request_different_query_args" class="Tests_Functions_Referer" classname="Tests_Functions_Referer" file="/home/meng/Desktop/wptest/wordpress-develop/tests/phpunit/tests/functions/referer.php" line="56" assertions="1" time="0.033403"/>
        <testcase name="test_from_request_subfolder_install" class="Tests_Functions_Referer" classname="Tests_Functions_Referer" file="/home/meng/Desktop/wptest/wordpress-develop/tests/phpunit/tests/functions/referer.php" line="65" assertions="1" time="0.034310"/>
        <testcase name="test_from_request_subfolder_install_different_resource" class="Tests_Functions_Referer" classname="Tests_Functions_Referer" file="/home/meng/Desktop/wptest/wordpress-develop/tests/phpunit/tests/functions/referer.php" line="78" assertions="1" time="0.037562"/>
        <testcase name="test_relative_referrer" class="Tests_Functions_Referer" classname="Tests_Functions_Referer" file="/home/meng/Desktop/wptest/wordpress-develop/tests/phpunit/tests/functions/referer.php" line="88" assertions="1" time="0.035425"/>
        <testcase name="test_same_url" class="Tests_Functions_Referer" classname="Tests_Functions_Referer" file="/home/meng/Desktop/wptest/wordpress-develop/tests/phpunit/tests/functions/referer.php" line="94" assertions="1" time="0.033739"/>
        <testcase name="test_different_resource" class="Tests_Functions_Referer" classname="Tests_Functions_Referer" file="/home/meng/Desktop/wptest/wordpress-develop/tests/phpunit/tests/functions/referer.php" line="100" assertions="1" time="0.032077"/>
        <testcase name="test_different_server" class="Tests_Functions_Referer" classname="Tests_Functions_Referer" file="/home/meng/Desktop/wptest/wordpress-develop/tests/phpunit/tests/functions/referer.php" line="110" assertions="1" time="0.032350"/>
        <testcase name="test_different_server_allowed_redirect_host" class="Tests_Functions_Referer" classname="Tests_Functions_Referer" file="/home/meng/Desktop/wptest/wordpress-develop/tests/phpunit/tests/functions/referer.php" line="120" assertions="1" time="0.031530"/>
        <testcase name="test_raw_referer_empty" class="Tests_Functions_Referer" classname="Tests_Functions_Referer" file="/home/meng/Desktop/wptest/wordpress-develop/tests/phpunit/tests/functions/referer.php" line="131" assertions="1" time="0.033463"/>
        <testcase name="test_raw_referer" class="Tests_Functions_Referer" classname="Tests_Functions_Referer" file="/home/meng/Desktop/wptest/wordpress-develop/tests/phpunit/tests/functions/referer.php" line="138" assertions="1" time="0.032726"/>
        <testcase name="test_raw_referer_from_request" class="Tests_Functions_Referer" classname="Tests_Functions_Referer" file="/home/meng/Desktop/wptest/wordpress-develop/tests/phpunit/tests/functions/referer.php" line="146" assertions="1" time="0.031743"/>
        <testcase name="test_raw_referer_both" class="Tests_Functions_Referer" classname="Tests_Functions_Referer" file="/home/meng/Desktop/wptest/wordpress-develop/tests/phpunit/tests/functions/referer.php" line="154" assertions="1" time="0.031923"/>
      </testsuite>
      <testsuite name="Tests_Functions_RemoveQueryArg" file="/home/meng/Desktop/wptest/wordpress-develop/tests/phpunit/tests/functions/removeQueryArg.php" tests="6" assertions="11" errors="0" failures="0" skipped="0" time="0.206744">
        <testsuite name="Tests_Functions_RemoveQueryArg::test_remove_query_arg" tests="5" assertions="10" errors="0" failures="0" skipped="0" time="0.175543">
          <testcase name="test_remove_query_arg with data set #0" class="Tests_Functions_RemoveQueryArg" classname="Tests_Functions_RemoveQueryArg" file="/home/meng/Desktop/wptest/wordpress-develop/tests/phpunit/tests/functions/removeQueryArg.php" line="12" assertions="2" time="0.032632"/>
          <testcase name="test_remove_query_arg with data set #1" class="Tests_Functions_RemoveQueryArg" classname="Tests_Functions_RemoveQueryArg" file="/home/meng/Desktop/wptest/wordpress-develop/tests/phpunit/tests/functions/removeQueryArg.php" line="12" assertions="2" time="0.032771"/>
          <testcase name="test_remove_query_arg with data set #2" class="Tests_Functions_RemoveQueryArg" classname="Tests_Functions_RemoveQueryArg" file="/home/meng/Desktop/wptest/wordpress-develop/tests/phpunit/tests/functions/removeQueryArg.php" line="12" assertions="2" time="0.040354"/>
          <testcase name="test_remove_query_arg with data set #3" class="Tests_Functions_RemoveQueryArg" classname="Tests_Functions_RemoveQueryArg" file="/home/meng/Desktop/wptest/wordpress-develop/tests/phpunit/tests/functions/removeQueryArg.php" line="12" assertions="2" time="0.037317"/>
          <testcase name="test_remove_query_arg with data set #4" class="Tests_Functions_RemoveQueryArg" classname="Tests_Functions_RemoveQueryArg" file="/home/meng/Desktop/wptest/wordpress-develop/tests/phpunit/tests/functions/removeQueryArg.php" line="12" assertions="2" time="0.032469"/>
        </testsuite>
        <testcase name="test_should_fall_back_on_current_url" class="Tests_Functions_RemoveQueryArg" classname="Tests_Functions_RemoveQueryArg" file="/home/meng/Desktop/wptest/wordpress-develop/tests/phpunit/tests/functions/removeQueryArg.php" line="29" assertions="1" time="0.031201"/>
      </testsuite>
      <testsuite name="Tests_Functions_SizeFormat" file="/home/meng/Desktop/wptest/wordpress-develop/tests/phpunit/tests/functions/sizeFormat.php" tests="27" assertions="27" errors="0" failures="0" skipped="0" time="0.894265">
        <testsuite name="Tests_Functions_SizeFormat::test_size_format" tests="27" assertions="27" errors="0" failures="0" skipped="0" time="0.894265">
          <testcase name="test_size_format with data set #0" class="Tests_Functions_SizeFormat" classname="Tests_Functions_SizeFormat" file="/home/meng/Desktop/wptest/wordpress-develop/tests/phpunit/tests/functions/sizeFormat.php" line="52" assertions="1" time="0.032541"/>
          <testcase name="test_size_format with data set #1" class="Tests_Functions_SizeFormat" classname="Tests_Functions_SizeFormat" file="/home/meng/Desktop/wptest/wordpress-develop/tests/phpunit/tests/functions/sizeFormat.php" line="52" assertions="1" time="0.030879"/>
          <testcase name="test_size_format with data set #2" class="Tests_Functions_SizeFormat" classname="Tests_Functions_SizeFormat" file="/home/meng/Desktop/wptest/wordpress-develop/tests/phpunit/tests/functions/sizeFormat.php" line="52" assertions="1" time="0.031010"/>
          <testcase name="test_size_format with data set #3" class="Tests_Functions_SizeFormat" classname="Tests_Functions_SizeFormat" file="/home/meng/Desktop/wptest/wordpress-develop/tests/phpunit/tests/functions/sizeFormat.php" line="52" assertions="1" time="0.032148"/>
          <testcase name="test_size_format with data set #4" class="Tests_Functions_SizeFormat" classname="Tests_Functions_SizeFormat" file="/home/meng/Desktop/wptest/wordpress-develop/tests/phpunit/tests/functions/sizeFormat.php" line="52" assertions="1" time="0.031779"/>
          <testcase name="test_size_format with data set #5" class="Tests_Functions_SizeFormat" classname="Tests_Functions_SizeFormat" file="/home/meng/Desktop/wptest/wordpress-develop/tests/phpunit/tests/functions/sizeFormat.php" line="52" assertions="1" time="0.031862"/>
          <testcase name="test_size_format with data set #6" class="Tests_Functions_SizeFormat" classname="Tests_Functions_SizeFormat" file="/home/meng/Desktop/wptest/wordpress-develop/tests/phpunit/tests/functions/sizeFormat.php" line="52" assertions="1" time="0.042818"/>
          <testcase name="test_size_format with data set #7" class="Tests_Functions_SizeFormat" classname="Tests_Functions_SizeFormat" file="/home/meng/Desktop/wptest/wordpress-develop/tests/phpunit/tests/functions/sizeFormat.php" line="52" assertions="1" time="0.034151"/>
          <testcase name="test_size_format with data set #8" class="Tests_Functions_SizeFormat" classname="Tests_Functions_SizeFormat" file="/home/meng/Desktop/wptest/wordpress-develop/tests/phpunit/tests/functions/sizeFormat.php" line="52" assertions="1" time="0.033727"/>
          <testcase name="test_size_format with data set #9" class="Tests_Functions_SizeFormat" classname="Tests_Functions_SizeFormat" file="/home/meng/Desktop/wptest/wordpress-develop/tests/phpunit/tests/functions/sizeFormat.php" line="52" assertions="1" time="0.032362"/>
          <testcase name="test_size_format with data set #10" class="Tests_Functions_SizeFormat" classname="Tests_Functions_SizeFormat" file="/home/meng/Desktop/wptest/wordpress-develop/tests/phpunit/tests/functions/sizeFormat.php" line="52" assertions="1" time="0.034972"/>
          <testcase name="test_size_format with data set #11" class="Tests_Functions_SizeFormat" classname="Tests_Functions_SizeFormat" file="/home/meng/Desktop/wptest/wordpress-develop/tests/phpunit/tests/functions/sizeFormat.php" line="52" assertions="1" time="0.032439"/>
          <testcase name="test_size_format with data set #12" class="Tests_Functions_SizeFormat" classname="Tests_Functions_SizeFormat" file="/home/meng/Desktop/wptest/wordpress-develop/tests/phpunit/tests/functions/sizeFormat.php" line="52" assertions="1" time="0.031348"/>
          <testcase name="test_size_format with data set #13" class="Tests_Functions_SizeFormat" classname="Tests_Functions_SizeFormat" file="/home/meng/Desktop/wptest/wordpress-develop/tests/phpunit/tests/functions/sizeFormat.php" line="52" assertions="1" time="0.032417"/>
          <testcase name="test_size_format with data set #14" class="Tests_Functions_SizeFormat" classname="Tests_Functions_SizeFormat" file="/home/meng/Desktop/wptest/wordpress-develop/tests/phpunit/tests/functions/sizeFormat.php" line="52" assertions="1" time="0.034193"/>
          <testcase name="test_size_format with data set #15" class="Tests_Functions_SizeFormat" classname="Tests_Functions_SizeFormat" file="/home/meng/Desktop/wptest/wordpress-develop/tests/phpunit/tests/functions/sizeFormat.php" line="52" assertions="1" time="0.031443"/>
          <testcase name="test_size_format with data set #16" class="Tests_Functions_SizeFormat" classname="Tests_Functions_SizeFormat" file="/home/meng/Desktop/wptest/wordpress-develop/tests/phpunit/tests/functions/sizeFormat.php" line="52" assertions="1" time="0.032473"/>
          <testcase name="test_size_format with data set #17" class="Tests_Functions_SizeFormat" classname="Tests_Functions_SizeFormat" file="/home/meng/Desktop/wptest/wordpress-develop/tests/phpunit/tests/functions/sizeFormat.php" line="52" assertions="1" time="0.031786"/>
          <testcase name="test_size_format with data set #18" class="Tests_Functions_SizeFormat" classname="Tests_Functions_SizeFormat" file="/home/meng/Desktop/wptest/wordpress-develop/tests/phpunit/tests/functions/sizeFormat.php" line="52" assertions="1" time="0.031885"/>
          <testcase name="test_size_format with data set #19" class="Tests_Functions_SizeFormat" classname="Tests_Functions_SizeFormat" file="/home/meng/Desktop/wptest/wordpress-develop/tests/phpunit/tests/functions/sizeFormat.php" line="52" assertions="1" time="0.032236"/>
          <testcase name="test_size_format with data set #20" class="Tests_Functions_SizeFormat" classname="Tests_Functions_SizeFormat" file="/home/meng/Desktop/wptest/wordpress-develop/tests/phpunit/tests/functions/sizeFormat.php" line="52" assertions="1" time="0.033561"/>
          <testcase name="test_size_format with data set #21" class="Tests_Functions_SizeFormat" classname="Tests_Functions_SizeFormat" file="/home/meng/Desktop/wptest/wordpress-develop/tests/phpunit/tests/functions/sizeFormat.php" line="52" assertions="1" time="0.032671"/>
          <testcase name="test_size_format with data set #22" class="Tests_Functions_SizeFormat" classname="Tests_Functions_SizeFormat" file="/home/meng/Desktop/wptest/wordpress-develop/tests/phpunit/tests/functions/sizeFormat.php" line="52" assertions="1" time="0.031913"/>
          <testcase name="test_size_format with data set #23" class="Tests_Functions_SizeFormat" classname="Tests_Functions_SizeFormat" file="/home/meng/Desktop/wptest/wordpress-develop/tests/phpunit/tests/functions/sizeFormat.php" line="52" assertions="1" time="0.035318"/>
          <testcase name="test_size_format with data set #24" class="Tests_Functions_SizeFormat" classname="Tests_Functions_SizeFormat" file="/home/meng/Desktop/wptest/wordpress-develop/tests/phpunit/tests/functions/sizeFormat.php" line="52" assertions="1" time="0.035230"/>
          <testcase name="test_size_format with data set #25" class="Tests_Functions_SizeFormat" classname="Tests_Functions_SizeFormat" file="/home/meng/Desktop/wptest/wordpress-develop/tests/phpunit/tests/functions/sizeFormat.php" line="52" assertions="1" time="0.034231"/>
          <testcase name="test_size_format with data set #26" class="Tests_Functions_SizeFormat" classname="Tests_Functions_SizeFormat" file="/home/meng/Desktop/wptest/wordpress-develop/tests/phpunit/tests/functions/sizeFormat.php" line="52" assertions="1" time="0.032872"/>
        </testsuite>
      </testsuite>
      <testsuite name="Tests_Functions_UnderscoreReturn" file="/home/meng/Desktop/wptest/wordpress-develop/tests/phpunit/tests/functions/underscoreReturn.php" tests="6" assertions="6" errors="0" failures="0" skipped="0" time="0.190341">
        <testcase name="test__return_true" class="Tests_Functions_UnderscoreReturn" classname="Tests_Functions_UnderscoreReturn" file="/home/meng/Desktop/wptest/wordpress-develop/tests/phpunit/tests/functions/underscoreReturn.php" line="14" assertions="1" time="0.031553"/>
        <testcase name="test__return_false" class="Tests_Functions_UnderscoreReturn" classname="Tests_Functions_UnderscoreReturn" file="/home/meng/Desktop/wptest/wordpress-develop/tests/phpunit/tests/functions/underscoreReturn.php" line="21" assertions="1" time="0.031515"/>
        <testcase name="test__return_zero" class="Tests_Functions_UnderscoreReturn" classname="Tests_Functions_UnderscoreReturn" file="/home/meng/Desktop/wptest/wordpress-develop/tests/phpunit/tests/functions/underscoreReturn.php" line="28" assertions="1" time="0.031067"/>
        <testcase name="test__return_empty_array" class="Tests_Functions_UnderscoreReturn" classname="Tests_Functions_UnderscoreReturn" file="/home/meng/Desktop/wptest/wordpress-develop/tests/phpunit/tests/functions/underscoreReturn.php" line="35" assertions="1" time="0.031015"/>
        <testcase name="test__return_null" class="Tests_Functions_UnderscoreReturn" classname="Tests_Functions_UnderscoreReturn" file="/home/meng/Desktop/wptest/wordpress-develop/tests/phpunit/tests/functions/underscoreReturn.php" line="42" assertions="1" time="0.032683"/>
        <testcase name="test__return_empty_string" class="Tests_Functions_UnderscoreReturn" classname="Tests_Functions_UnderscoreReturn" file="/home/meng/Desktop/wptest/wordpress-develop/tests/phpunit/tests/functions/underscoreReturn.php" line="49" assertions="1" time="0.032509"/>
      </testsuite>
      <testsuite name="Tests_Functions_WP" file="/home/meng/Desktop/wptest/wordpress-develop/tests/phpunit/tests/functions/wp.php" tests="1" assertions="3" errors="0" failures="0" skipped="0" time="0.036415">
        <testcase name="test_wp_sets_global_vars" class="Tests_Functions_WP" classname="Tests_Functions_WP" file="/home/meng/Desktop/wptest/wordpress-develop/tests/phpunit/tests/functions/wp.php" line="10" assertions="3" time="0.036415"/>
      </testsuite>
      <testsuite name="Tests_Functions_wpArraySliceAssoc" file="/home/meng/Desktop/wptest/wordpress-develop/tests/phpunit/tests/functions/wpArraySliceAssoc.php" tests="13" assertions="13" errors="0" failures="0" skipped="0" time="0.417782">
        <testsuite name="Tests_Functions_wpArraySliceAssoc::test_wp_array_slice_assoc" tests="13" assertions="13" errors="0" failures="0" skipped="0" time="0.417782">
          <testcase name="test_wp_array_slice_assoc with data set #0" class="Tests_Functions_wpArraySliceAssoc" classname="Tests_Functions_wpArraySliceAssoc" file="/home/meng/Desktop/wptest/wordpress-develop/tests/phpunit/tests/functions/wpArraySliceAssoc.php" line="24" assertions="1" time="0.032410"/>
          <testcase name="test_wp_array_slice_assoc with data set #1" class="Tests_Functions_wpArraySliceAssoc" classname="Tests_Functions_wpArraySliceAssoc" file="/home/meng/Desktop/wptest/wordpress-develop/tests/phpunit/tests/functions/wpArraySliceAssoc.php" line="24" assertions="1" time="0.031489"/>
          <testcase name="test_wp_array_slice_assoc with data set #2" class="Tests_Functions_wpArraySliceAssoc" classname="Tests_Functions_wpArraySliceAssoc" file="/home/meng/Desktop/wptest/wordpress-develop/tests/phpunit/tests/functions/wpArraySliceAssoc.php" line="24" assertions="1" time="0.032977"/>
          <testcase name="test_wp_array_slice_assoc with data set #3" class="Tests_Functions_wpArraySliceAssoc" classname="Tests_Functions_wpArraySliceAssoc" file="/home/meng/Desktop/wptest/wordpress-develop/tests/phpunit/tests/functions/wpArraySliceAssoc.php" line="24" assertions="1" time="0.031356"/>
          <testcase name="test_wp_array_slice_assoc with data set #4" class="Tests_Functions_wpArraySliceAssoc" classname="Tests_Functions_wpArraySliceAssoc" file="/home/meng/Desktop/wptest/wordpress-develop/tests/phpunit/tests/functions/wpArraySliceAssoc.php" line="24" assertions="1" time="0.030949"/>
          <testcase name="test_wp_array_slice_assoc with data set #5" class="Tests_Functions_wpArraySliceAssoc" classname="Tests_Functions_wpArraySliceAssoc" file="/home/meng/Desktop/wptest/wordpress-develop/tests/phpunit/tests/functions/wpArraySliceAssoc.php" line="24" assertions="1" time="0.036248"/>
          <testcase name="test_wp_array_slice_assoc with data set #6" class="Tests_Functions_wpArraySliceAssoc" classname="Tests_Functions_wpArraySliceAssoc" file="/home/meng/Desktop/wptest/wordpress-develop/tests/phpunit/tests/functions/wpArraySliceAssoc.php" line="24" assertions="1" time="0.031840"/>
          <testcase name="test_wp_array_slice_assoc with data set #7" class="Tests_Functions_wpArraySliceAssoc" classname="Tests_Functions_wpArraySliceAssoc" file="/home/meng/Desktop/wptest/wordpress-develop/tests/phpunit/tests/functions/wpArraySliceAssoc.php" line="24" assertions="1" time="0.031011"/>
          <testcase name="test_wp_array_slice_assoc with data set #8" class="Tests_Functions_wpArraySliceAssoc" classname="Tests_Functions_wpArraySliceAssoc" file="/home/meng/Desktop/wptest/wordpress-develop/tests/phpunit/tests/functions/wpArraySliceAssoc.php" line="24" assertions="1" time="0.031592"/>
          <testcase name="test_wp_array_slice_assoc with data set #9" class="Tests_Functions_wpArraySliceAssoc" classname="Tests_Functions_wpArraySliceAssoc" file="/home/meng/Desktop/wptest/wordpress-develop/tests/phpunit/tests/functions/wpArraySliceAssoc.php" line="24" assertions="1" time="0.032127"/>
          <testcase name="test_wp_array_slice_assoc with data set #10" class="Tests_Functions_wpArraySliceAssoc" classname="Tests_Functions_wpArraySliceAssoc" file="/home/meng/Desktop/wptest/wordpress-develop/tests/phpunit/tests/functions/wpArraySliceAssoc.php" line="24" assertions="1" time="0.030545"/>
          <testcase name="test_wp_array_slice_assoc with data set #11" class="Tests_Functions_wpArraySliceAssoc" classname="Tests_Functions_wpArraySliceAssoc" file="/home/meng/Desktop/wptest/wordpress-develop/tests/phpunit/tests/functions/wpArraySliceAssoc.php" line="24" assertions="1" time="0.032227"/>
          <testcase name="test_wp_array_slice_assoc with data set #12" class="Tests_Functions_wpArraySliceAssoc" classname="Tests_Functions_wpArraySliceAssoc" file="/home/meng/Desktop/wptest/wordpress-develop/tests/phpunit/tests/functions/wpArraySliceAssoc.php" line="24" assertions="1" time="0.033011"/>
        </testsuite>
      </testsuite>
      <testsuite name="Tests_Functions_wpAuthCheck" file="/home/meng/Desktop/wptest/wordpress-develop/tests/phpunit/tests/functions/wpAuthCheck.php" tests="3" assertions="6" errors="0" failures="0" skipped="0" time="0.106809">
        <testcase name="test_wp_auth_check_user_not_logged_in" class="Tests_Functions_wpAuthCheck" classname="Tests_Functions_wpAuthCheck" file="/home/meng/Desktop/wptest/wordpress-develop/tests/phpunit/tests/functions/wpAuthCheck.php" line="17" assertions="2" time="0.035469"/>
        <testcase name="test_wp_auth_check_user_logged_in" class="Tests_Functions_wpAuthCheck" classname="Tests_Functions_wpAuthCheck" file="/home/meng/Desktop/wptest/wordpress-develop/tests/phpunit/tests/functions/wpAuthCheck.php" line="31" assertions="2" time="0.036268"/>
        <testcase name="test_wp_auth_check_user_logged_in_login_grace_period_set" class="Tests_Functions_wpAuthCheck" classname="Tests_Functions_wpAuthCheck" file="/home/meng/Desktop/wptest/wordpress-develop/tests/phpunit/tests/functions/wpAuthCheck.php" line="48" assertions="2" time="0.035072"/>
      </testsuite>
      <testsuite name="Tests_Functions_wpGetArchives" file="/home/meng/Desktop/wptest/wordpress-develop/tests/phpunit/tests/functions/wpGetArchives.php" tests="9" assertions="10" errors="0" failures="0" skipped="0" time="0.363110">
        <testcase name="test_wp_get_archives_default" class="Tests_Functions_wpGetArchives" classname="Tests_Functions_wpGetArchives" file="/home/meng/Desktop/wptest/wordpress-develop/tests/phpunit/tests/functions/wpGetArchives.php" line="29" assertions="1" time="0.033340"/>
        <testcase name="test_wp_get_archives_type" class="Tests_Functions_wpGetArchives" classname="Tests_Functions_wpGetArchives" file="/home/meng/Desktop/wptest/wordpress-develop/tests/phpunit/tests/functions/wpGetArchives.php" line="34" assertions="1" time="0.033892"/>
        <testcase name="test_wp_get_archives_limit" class="Tests_Functions_wpGetArchives" classname="Tests_Functions_wpGetArchives" file="/home/meng/Desktop/wptest/wordpress-develop/tests/phpunit/tests/functions/wpGetArchives.php" line="49" assertions="1" time="0.042815"/>
        <testcase name="test_wp_get_archives_format" class="Tests_Functions_wpGetArchives" classname="Tests_Functions_wpGetArchives" file="/home/meng/Desktop/wptest/wordpress-develop/tests/phpunit/tests/functions/wpGetArchives.php" line="85" assertions="1" time="0.033156"/>
        <testcase name="test_wp_get_archives_before_and_after" class="Tests_Functions_wpGetArchives" classname="Tests_Functions_wpGetArchives" file="/home/meng/Desktop/wptest/wordpress-develop/tests/phpunit/tests/functions/wpGetArchives.php" line="100" assertions="1" time="0.036178"/>
        <testcase name="test_wp_get_archives_show_post_count" class="Tests_Functions_wpGetArchives" classname="Tests_Functions_wpGetArchives" file="/home/meng/Desktop/wptest/wordpress-develop/tests/phpunit/tests/functions/wpGetArchives.php" line="117" assertions="1" time="0.034744"/>
        <testcase name="test_wp_get_archives_echo" class="Tests_Functions_wpGetArchives" classname="Tests_Functions_wpGetArchives" file="/home/meng/Desktop/wptest/wordpress-develop/tests/phpunit/tests/functions/wpGetArchives.php" line="132" assertions="1" time="0.033303"/>
        <testcase name="test_wp_get_archives_order" class="Tests_Functions_wpGetArchives" classname="Tests_Functions_wpGetArchives" file="/home/meng/Desktop/wptest/wordpress-develop/tests/phpunit/tests/functions/wpGetArchives.php" line="138" assertions="2" time="0.064855"/>
        <testcase name="test_wp_get_archives_post_type" class="Tests_Functions_wpGetArchives" classname="Tests_Functions_wpGetArchives" file="/home/meng/Desktop/wptest/wordpress-develop/tests/phpunit/tests/functions/wpGetArchives.php" line="185" assertions="1" time="0.050827"/>
      </testsuite>
      <testsuite name="Tests_Functions_wpGetMimeTypes" file="/home/meng/Desktop/wptest/wordpress-develop/tests/phpunit/tests/functions/wpGetMimeTypes.php" tests="1" assertions="6" errors="0" failures="0" skipped="0" time="0.032245">
        <testcase name="test_all_mime_match" class="Tests_Functions_wpGetMimeTypes" classname="Tests_Functions_wpGetMimeTypes" file="/home/meng/Desktop/wptest/wordpress-develop/tests/phpunit/tests/functions/wpGetMimeTypes.php" line="14" assertions="6" time="0.032245"/>
      </testsuite>
      <testsuite name="Tests_Functions_wpListFilter" file="/home/meng/Desktop/wptest/wordpress-develop/tests/phpunit/tests/functions/wpListFilter.php" tests="21" assertions="42" errors="0" failures="0" skipped="0" time="0.699106">
        <testcase name="test_filter_object_list_and" class="Tests_Functions_wpListFilter" classname="Tests_Functions_wpListFilter" file="/home/meng/Desktop/wptest/wordpress-develop/tests/phpunit/tests/functions/wpListFilter.php" line="45" assertions="3" time="0.032338"/>
        <testcase name="test_filter_object_list_or" class="Tests_Functions_wpListFilter" classname="Tests_Functions_wpListFilter" file="/home/meng/Desktop/wptest/wordpress-develop/tests/phpunit/tests/functions/wpListFilter.php" line="59" assertions="4" time="0.032232"/>
        <testcase name="test_filter_object_list_not" class="Tests_Functions_wpListFilter" classname="Tests_Functions_wpListFilter" file="/home/meng/Desktop/wptest/wordpress-develop/tests/phpunit/tests/functions/wpListFilter.php" line="74" assertions="2" time="0.032449"/>
        <testcase name="test_filter_object_list_and_field" class="Tests_Functions_wpListFilter" classname="Tests_Functions_wpListFilter" file="/home/meng/Desktop/wptest/wordpress-develop/tests/phpunit/tests/functions/wpListFilter.php" line="87" assertions="1" time="0.031307"/>
        <testcase name="test_filter_object_list_or_field" class="Tests_Functions_wpListFilter" classname="Tests_Functions_wpListFilter" file="/home/meng/Desktop/wptest/wordpress-develop/tests/phpunit/tests/functions/wpListFilter.php" line="106" assertions="1" time="0.032401"/>
        <testcase name="test_filter_object_list_not_field" class="Tests_Functions_wpListFilter" classname="Tests_Functions_wpListFilter" file="/home/meng/Desktop/wptest/wordpress-develop/tests/phpunit/tests/functions/wpListFilter.php" line="125" assertions="1" time="0.032162"/>
        <testcase name="test_wp_list_pluck" class="Tests_Functions_wpListFilter" classname="Tests_Functions_wpListFilter" file="/home/meng/Desktop/wptest/wordpress-develop/tests/phpunit/tests/functions/wpListFilter.php" line="138" assertions="2" time="0.034732"/>
        <testcase name="test_wp_list_pluck_index_key" class="Tests_Functions_wpListFilter" classname="Tests_Functions_wpListFilter" file="/home/meng/Desktop/wptest/wordpress-develop/tests/phpunit/tests/functions/wpListFilter.php" line="163" assertions="1" time="0.031593"/>
        <testcase name="test_wp_list_pluck_object_index_key" class="Tests_Functions_wpListFilter" classname="Tests_Functions_wpListFilter" file="/home/meng/Desktop/wptest/wordpress-develop/tests/phpunit/tests/functions/wpListFilter.php" line="178" assertions="1" time="0.031897"/>
        <testcase name="test_wp_list_pluck_missing_index_key" class="Tests_Functions_wpListFilter" classname="Tests_Functions_wpListFilter" file="/home/meng/Desktop/wptest/wordpress-develop/tests/phpunit/tests/functions/wpListFilter.php" line="193" assertions="1" time="0.040273"/>
        <testcase name="test_wp_list_pluck_partial_missing_index_key" class="Tests_Functions_wpListFilter" classname="Tests_Functions_wpListFilter" file="/home/meng/Desktop/wptest/wordpress-develop/tests/phpunit/tests/functions/wpListFilter.php" line="208" assertions="1" time="0.037072"/>
        <testcase name="test_wp_list_pluck_mixed_index_key" class="Tests_Functions_wpListFilter" classname="Tests_Functions_wpListFilter" file="/home/meng/Desktop/wptest/wordpress-develop/tests/phpunit/tests/functions/wpListFilter.php" line="225" assertions="1" time="0.031241"/>
        <testcase name="test_wp_list_pluck_containing_references" class="Tests_Functions_wpListFilter" classname="Tests_Functions_wpListFilter" file="/home/meng/Desktop/wptest/wordpress-develop/tests/phpunit/tests/functions/wpListFilter.php" line="242" assertions="5" time="0.033130"/>
        <testcase name="test_wp_list_pluck_containing_references_keys" class="Tests_Functions_wpListFilter" classname="Tests_Functions_wpListFilter" file="/home/meng/Desktop/wptest/wordpress-develop/tests/phpunit/tests/functions/wpListFilter.php" line="267" assertions="5" time="0.031102"/>
        <testcase name="test_filter_object_list_nested_array_and" class="Tests_Functions_wpListFilter" classname="Tests_Functions_wpListFilter" file="/home/meng/Desktop/wptest/wordpress-develop/tests/phpunit/tests/functions/wpListFilter.php" line="289" assertions="2" time="0.033825"/>
        <testcase name="test_filter_object_list_nested_array_not" class="Tests_Functions_wpListFilter" classname="Tests_Functions_wpListFilter" file="/home/meng/Desktop/wptest/wordpress-develop/tests/phpunit/tests/functions/wpListFilter.php" line="295" assertions="3" time="0.031846"/>
        <testcase name="test_filter_object_list_nested_array_or" class="Tests_Functions_wpListFilter" classname="Tests_Functions_wpListFilter" file="/home/meng/Desktop/wptest/wordpress-develop/tests/phpunit/tests/functions/wpListFilter.php" line="302" assertions="3" time="0.032962"/>
        <testcase name="test_filter_object_list_nested_array_or_singular" class="Tests_Functions_wpListFilter" classname="Tests_Functions_wpListFilter" file="/home/meng/Desktop/wptest/wordpress-develop/tests/phpunit/tests/functions/wpListFilter.php" line="316" assertions="2" time="0.034017"/>
        <testcase name="test_filter_object_list_nested_array_and_field" class="Tests_Functions_wpListFilter" classname="Tests_Functions_wpListFilter" file="/home/meng/Desktop/wptest/wordpress-develop/tests/phpunit/tests/functions/wpListFilter.php" line="322" assertions="1" time="0.036731"/>
        <testcase name="test_filter_object_list_nested_array_not_field" class="Tests_Functions_wpListFilter" classname="Tests_Functions_wpListFilter" file="/home/meng/Desktop/wptest/wordpress-develop/tests/phpunit/tests/functions/wpListFilter.php" line="327" assertions="1" time="0.032394"/>
        <testcase name="test_filter_object_list_nested_array_or_field" class="Tests_Functions_wpListFilter" classname="Tests_Functions_wpListFilter" file="/home/meng/Desktop/wptest/wordpress-develop/tests/phpunit/tests/functions/wpListFilter.php" line="338" assertions="1" time="0.033402"/>
      </testsuite>
      <testsuite name="Tests_Functions_wpListUtil" file="/home/meng/Desktop/wptest/wordpress-develop/tests/phpunit/tests/functions/wpListUtil.php" tests="31" assertions="32" errors="0" failures="0" skipped="0" time="1.024205">
        <testsuite name="Tests_Functions_wpListUtil::test_wp_list_pluck" tests="6" assertions="6" errors="0" failures="0" skipped="0" time="0.193280">
          <testcase name="test_wp_list_pluck with data set &quot;arrays&quot;" class="Tests_Functions_wpListUtil" classname="Tests_Functions_wpListUtil" file="/home/meng/Desktop/wptest/wordpress-develop/tests/phpunit/tests/functions/wpListUtil.php" line="165" assertions="1" time="0.032654"/>
          <testcase name="test_wp_list_pluck with data set &quot;arrays with index key&quot;" class="Tests_Functions_wpListUtil" classname="Tests_Functions_wpListUtil" file="/home/meng/Desktop/wptest/wordpress-develop/tests/phpunit/tests/functions/wpListUtil.php" line="165" assertions="1" time="0.033040"/>
          <testcase name="test_wp_list_pluck with data set &quot;arrays with index key missing&quot;" class="Tests_Functions_wpListUtil" classname="Tests_Functions_wpListUtil" file="/home/meng/Desktop/wptest/wordpress-develop/tests/phpunit/tests/functions/wpListUtil.php" line="165" assertions="1" time="0.031360"/>
          <testcase name="test_wp_list_pluck with data set &quot;objects&quot;" class="Tests_Functions_wpListUtil" classname="Tests_Functions_wpListUtil" file="/home/meng/Desktop/wptest/wordpress-develop/tests/phpunit/tests/functions/wpListUtil.php" line="165" assertions="1" time="0.032545"/>
          <testcase name="test_wp_list_pluck with data set &quot;objects with index key&quot;" class="Tests_Functions_wpListUtil" classname="Tests_Functions_wpListUtil" file="/home/meng/Desktop/wptest/wordpress-develop/tests/phpunit/tests/functions/wpListUtil.php" line="165" assertions="1" time="0.031714"/>
          <testcase name="test_wp_list_pluck with data set &quot;objects with index key missing&quot;" class="Tests_Functions_wpListUtil" classname="Tests_Functions_wpListUtil" file="/home/meng/Desktop/wptest/wordpress-develop/tests/phpunit/tests/functions/wpListUtil.php" line="165" assertions="1" time="0.031967"/>
        </testsuite>
        <testsuite name="Tests_Functions_wpListUtil::test_wp_list_filter" tests="8" assertions="8" errors="0" failures="0" skipped="0" time="0.270628">
          <testcase name="test_wp_list_filter with data set &quot;string instead of array&quot;" class="Tests_Functions_wpListUtil" classname="Tests_Functions_wpListUtil" file="/home/meng/Desktop/wptest/wordpress-develop/tests/phpunit/tests/functions/wpListUtil.php" line="372" assertions="1" time="0.031863"/>
          <testcase name="test_wp_list_filter with data set &quot;object instead of array&quot;" class="Tests_Functions_wpListUtil" classname="Tests_Functions_wpListUtil" file="/home/meng/Desktop/wptest/wordpress-develop/tests/phpunit/tests/functions/wpListUtil.php" line="372" assertions="1" time="0.031189"/>
          <testcase name="test_wp_list_filter with data set &quot;empty args&quot;" class="Tests_Functions_wpListUtil" classname="Tests_Functions_wpListUtil" file="/home/meng/Desktop/wptest/wordpress-develop/tests/phpunit/tests/functions/wpListUtil.php" line="372" assertions="1" time="0.033126"/>
          <testcase name="test_wp_list_filter with data set &quot;invalid operator&quot;" class="Tests_Functions_wpListUtil" classname="Tests_Functions_wpListUtil" file="/home/meng/Desktop/wptest/wordpress-develop/tests/phpunit/tests/functions/wpListUtil.php" line="372" assertions="1" time="0.031702"/>
          <testcase name="test_wp_list_filter with data set &quot;single argument to match&quot;" class="Tests_Functions_wpListUtil" classname="Tests_Functions_wpListUtil" file="/home/meng/Desktop/wptest/wordpress-develop/tests/phpunit/tests/functions/wpListUtil.php" line="372" assertions="1" time="0.035290"/>
          <testcase name="test_wp_list_filter with data set &quot;all must match&quot;" class="Tests_Functions_wpListUtil" classname="Tests_Functions_wpListUtil" file="/home/meng/Desktop/wptest/wordpress-develop/tests/phpunit/tests/functions/wpListUtil.php" line="372" assertions="1" time="0.034317"/>
          <testcase name="test_wp_list_filter with data set &quot;any must match&quot;" class="Tests_Functions_wpListUtil" classname="Tests_Functions_wpListUtil" file="/home/meng/Desktop/wptest/wordpress-develop/tests/phpunit/tests/functions/wpListUtil.php" line="372" assertions="1" time="0.036044"/>
          <testcase name="test_wp_list_filter with data set &quot;none must match&quot;" class="Tests_Functions_wpListUtil" classname="Tests_Functions_wpListUtil" file="/home/meng/Desktop/wptest/wordpress-develop/tests/phpunit/tests/functions/wpListUtil.php" line="372" assertions="1" time="0.037098"/>
        </testsuite>
        <testsuite name="Tests_Functions_wpListUtil::test_wp_list_sort" tests="7" assertions="7" errors="0" failures="0" skipped="0" time="0.230352">
          <testcase name="test_wp_list_sort with data set &quot;single orderby ascending&quot;" class="Tests_Functions_wpListUtil" classname="Tests_Functions_wpListUtil" file="/home/meng/Desktop/wptest/wordpress-develop/tests/phpunit/tests/functions/wpListUtil.php" line="699" assertions="1" time="0.033673"/>
          <testcase name="test_wp_list_sort with data set &quot;single orderby descending&quot;" class="Tests_Functions_wpListUtil" classname="Tests_Functions_wpListUtil" file="/home/meng/Desktop/wptest/wordpress-develop/tests/phpunit/tests/functions/wpListUtil.php" line="699" assertions="1" time="0.032006"/>
          <testcase name="test_wp_list_sort with data set &quot;single orderby array ascending&quot;" class="Tests_Functions_wpListUtil" classname="Tests_Functions_wpListUtil" file="/home/meng/Desktop/wptest/wordpress-develop/tests/phpunit/tests/functions/wpListUtil.php" line="699" assertions="1" time="0.031651"/>
          <testcase name="test_wp_list_sort with data set &quot;single orderby array descending&quot;" class="Tests_Functions_wpListUtil" classname="Tests_Functions_wpListUtil" file="/home/meng/Desktop/wptest/wordpress-develop/tests/phpunit/tests/functions/wpListUtil.php" line="699" assertions="1" time="0.032237"/>
          <testcase name="test_wp_list_sort with data set &quot;multiple orderby ascending&quot;" class="Tests_Functions_wpListUtil" classname="Tests_Functions_wpListUtil" file="/home/meng/Desktop/wptest/wordpress-develop/tests/phpunit/tests/functions/wpListUtil.php" line="699" assertions="1" time="0.031534"/>
          <testcase name="test_wp_list_sort with data set &quot;multiple orderby descending&quot;" class="Tests_Functions_wpListUtil" classname="Tests_Functions_wpListUtil" file="/home/meng/Desktop/wptest/wordpress-develop/tests/phpunit/tests/functions/wpListUtil.php" line="699" assertions="1" time="0.032363"/>
          <testcase name="test_wp_list_sort with data set &quot;multiple orderby mixed&quot;" class="Tests_Functions_wpListUtil" classname="Tests_Functions_wpListUtil" file="/home/meng/Desktop/wptest/wordpress-develop/tests/phpunit/tests/functions/wpListUtil.php" line="699" assertions="1" time="0.036888"/>
        </testsuite>
        <testsuite name="Tests_Functions_wpListUtil::test_wp_list_sort_preserve_keys" tests="7" assertions="7" errors="0" failures="0" skipped="0" time="0.231982">
          <testcase name="test_wp_list_sort_preserve_keys with data set &quot;single orderby ascending&quot;" class="Tests_Functions_wpListUtil" classname="Tests_Functions_wpListUtil" file="/home/meng/Desktop/wptest/wordpress-develop/tests/phpunit/tests/functions/wpListUtil.php" line="1026" assertions="1" time="0.031865"/>
          <testcase name="test_wp_list_sort_preserve_keys with data set &quot;single orderby descending&quot;" class="Tests_Functions_wpListUtil" classname="Tests_Functions_wpListUtil" file="/home/meng/Desktop/wptest/wordpress-develop/tests/phpunit/tests/functions/wpListUtil.php" line="1026" assertions="1" time="0.033641"/>
          <testcase name="test_wp_list_sort_preserve_keys with data set &quot;single orderby array ascending&quot;" class="Tests_Functions_wpListUtil" classname="Tests_Functions_wpListUtil" file="/home/meng/Desktop/wptest/wordpress-develop/tests/phpunit/tests/functions/wpListUtil.php" line="1026" assertions="1" time="0.033279"/>
          <testcase name="test_wp_list_sort_preserve_keys with data set &quot;single orderby array descending&quot;" class="Tests_Functions_wpListUtil" classname="Tests_Functions_wpListUtil" file="/home/meng/Desktop/wptest/wordpress-develop/tests/phpunit/tests/functions/wpListUtil.php" line="1026" assertions="1" time="0.033784"/>
          <testcase name="test_wp_list_sort_preserve_keys with data set &quot;multiple orderby ascending&quot;" class="Tests_Functions_wpListUtil" classname="Tests_Functions_wpListUtil" file="/home/meng/Desktop/wptest/wordpress-develop/tests/phpunit/tests/functions/wpListUtil.php" line="1026" assertions="1" time="0.032711"/>
          <testcase name="test_wp_list_sort_preserve_keys with data set &quot;multiple orderby descending&quot;" class="Tests_Functions_wpListUtil" classname="Tests_Functions_wpListUtil" file="/home/meng/Desktop/wptest/wordpress-develop/tests/phpunit/tests/functions/wpListUtil.php" line="1026" assertions="1" time="0.033471"/>
          <testcase name="test_wp_list_sort_preserve_keys with data set &quot;multiple orderby mixed&quot;" class="Tests_Functions_wpListUtil" classname="Tests_Functions_wpListUtil" file="/home/meng/Desktop/wptest/wordpress-develop/tests/phpunit/tests/functions/wpListUtil.php" line="1026" assertions="1" time="0.033231"/>
        </testsuite>
        <testcase name="test_wp_list_util_get_input" class="Tests_Functions_wpListUtil" classname="Tests_Functions_wpListUtil" file="/home/meng/Desktop/wptest/wordpress-develop/tests/phpunit/tests/functions/wpListUtil.php" line="1033" assertions="1" time="0.031658"/>
        <testcase name="test_wp_list_util_get_output_immediately" class="Tests_Functions_wpListUtil" classname="Tests_Functions_wpListUtil" file="/home/meng/Desktop/wptest/wordpress-develop/tests/phpunit/tests/functions/wpListUtil.php" line="1043" assertions="1" time="0.032043"/>
        <testcase name="test_wp_list_util_get_output" class="Tests_Functions_wpListUtil" classname="Tests_Functions_wpListUtil" file="/home/meng/Desktop/wptest/wordpress-develop/tests/phpunit/tests/functions/wpListUtil.php" line="1053" assertions="2" time="0.034262"/>
      </testsuite>
      <testsuite name="Tests_Functions_wpValidateBoolean" file="/home/meng/Desktop/wptest/wordpress-develop/tests/phpunit/tests/functions/wpValidateBoolean.php" tests="23" assertions="23" errors="0" failures="0" skipped="0" time="0.743622">
        <testsuite name="Tests_Functions_wpValidateBoolean::test_wp_validate_boolean" tests="23" assertions="23" errors="0" failures="0" skipped="0" time="0.743622">
          <testcase name="test_wp_validate_boolean with data set #0" class="Tests_Functions_wpValidateBoolean" classname="Tests_Functions_wpValidateBoolean" file="/home/meng/Desktop/wptest/wordpress-develop/tests/phpunit/tests/functions/wpValidateBoolean.php" line="56" assertions="1" time="0.031360"/>
          <testcase name="test_wp_validate_boolean with data set #1" class="Tests_Functions_wpValidateBoolean" classname="Tests_Functions_wpValidateBoolean" file="/home/meng/Desktop/wptest/wordpress-develop/tests/phpunit/tests/functions/wpValidateBoolean.php" line="56" assertions="1" time="0.031522"/>
          <testcase name="test_wp_validate_boolean with data set #2" class="Tests_Functions_wpValidateBoolean" classname="Tests_Functions_wpValidateBoolean" file="/home/meng/Desktop/wptest/wordpress-develop/tests/phpunit/tests/functions/wpValidateBoolean.php" line="56" assertions="1" time="0.031222"/>
          <testcase name="test_wp_validate_boolean with data set #3" class="Tests_Functions_wpValidateBoolean" classname="Tests_Functions_wpValidateBoolean" file="/home/meng/Desktop/wptest/wordpress-develop/tests/phpunit/tests/functions/wpValidateBoolean.php" line="56" assertions="1" time="0.031614"/>
          <testcase name="test_wp_validate_boolean with data set #4" class="Tests_Functions_wpValidateBoolean" classname="Tests_Functions_wpValidateBoolean" file="/home/meng/Desktop/wptest/wordpress-develop/tests/phpunit/tests/functions/wpValidateBoolean.php" line="56" assertions="1" time="0.032699"/>
          <testcase name="test_wp_validate_boolean with data set #5" class="Tests_Functions_wpValidateBoolean" classname="Tests_Functions_wpValidateBoolean" file="/home/meng/Desktop/wptest/wordpress-develop/tests/phpunit/tests/functions/wpValidateBoolean.php" line="56" assertions="1" time="0.031795"/>
          <testcase name="test_wp_validate_boolean with data set #6" class="Tests_Functions_wpValidateBoolean" classname="Tests_Functions_wpValidateBoolean" file="/home/meng/Desktop/wptest/wordpress-develop/tests/phpunit/tests/functions/wpValidateBoolean.php" line="56" assertions="1" time="0.035633"/>
          <testcase name="test_wp_validate_boolean with data set #7" class="Tests_Functions_wpValidateBoolean" classname="Tests_Functions_wpValidateBoolean" file="/home/meng/Desktop/wptest/wordpress-develop/tests/phpunit/tests/functions/wpValidateBoolean.php" line="56" assertions="1" time="0.033360"/>
          <testcase name="test_wp_validate_boolean with data set #8" class="Tests_Functions_wpValidateBoolean" classname="Tests_Functions_wpValidateBoolean" file="/home/meng/Desktop/wptest/wordpress-develop/tests/phpunit/tests/functions/wpValidateBoolean.php" line="56" assertions="1" time="0.032849"/>
          <testcase name="test_wp_validate_boolean with data set #9" class="Tests_Functions_wpValidateBoolean" classname="Tests_Functions_wpValidateBoolean" file="/home/meng/Desktop/wptest/wordpress-develop/tests/phpunit/tests/functions/wpValidateBoolean.php" line="56" assertions="1" time="0.031091"/>
          <testcase name="test_wp_validate_boolean with data set #10" class="Tests_Functions_wpValidateBoolean" classname="Tests_Functions_wpValidateBoolean" file="/home/meng/Desktop/wptest/wordpress-develop/tests/phpunit/tests/functions/wpValidateBoolean.php" line="56" assertions="1" time="0.032639"/>
          <testcase name="test_wp_validate_boolean with data set #11" class="Tests_Functions_wpValidateBoolean" classname="Tests_Functions_wpValidateBoolean" file="/home/meng/Desktop/wptest/wordpress-develop/tests/phpunit/tests/functions/wpValidateBoolean.php" line="56" assertions="1" time="0.036843"/>
          <testcase name="test_wp_validate_boolean with data set #12" class="Tests_Functions_wpValidateBoolean" classname="Tests_Functions_wpValidateBoolean" file="/home/meng/Desktop/wptest/wordpress-develop/tests/phpunit/tests/functions/wpValidateBoolean.php" line="56" assertions="1" time="0.031591"/>
          <testcase name="test_wp_validate_boolean with data set #13" class="Tests_Functions_wpValidateBoolean" classname="Tests_Functions_wpValidateBoolean" file="/home/meng/Desktop/wptest/wordpress-develop/tests/phpunit/tests/functions/wpValidateBoolean.php" line="56" assertions="1" time="0.031273"/>
          <testcase name="test_wp_validate_boolean with data set #14" class="Tests_Functions_wpValidateBoolean" classname="Tests_Functions_wpValidateBoolean" file="/home/meng/Desktop/wptest/wordpress-develop/tests/phpunit/tests/functions/wpValidateBoolean.php" line="56" assertions="1" time="0.030877"/>
          <testcase name="test_wp_validate_boolean with data set #15" class="Tests_Functions_wpValidateBoolean" classname="Tests_Functions_wpValidateBoolean" file="/home/meng/Desktop/wptest/wordpress-develop/tests/phpunit/tests/functions/wpValidateBoolean.php" line="56" assertions="1" time="0.031441"/>
          <testcase name="test_wp_validate_boolean with data set #16" class="Tests_Functions_wpValidateBoolean" classname="Tests_Functions_wpValidateBoolean" file="/home/meng/Desktop/wptest/wordpress-develop/tests/phpunit/tests/functions/wpValidateBoolean.php" line="56" assertions="1" time="0.033254"/>
          <testcase name="test_wp_validate_boolean with data set #17" class="Tests_Functions_wpValidateBoolean" classname="Tests_Functions_wpValidateBoolean" file="/home/meng/Desktop/wptest/wordpress-develop/tests/phpunit/tests/functions/wpValidateBoolean.php" line="56" assertions="1" time="0.032320"/>
          <testcase name="test_wp_validate_boolean with data set #18" class="Tests_Functions_wpValidateBoolean" classname="Tests_Functions_wpValidateBoolean" file="/home/meng/Desktop/wptest/wordpress-develop/tests/phpunit/tests/functions/wpValidateBoolean.php" line="56" assertions="1" time="0.032474"/>
          <testcase name="test_wp_validate_boolean with data set #19" class="Tests_Functions_wpValidateBoolean" classname="Tests_Functions_wpValidateBoolean" file="/home/meng/Desktop/wptest/wordpress-develop/tests/phpunit/tests/functions/wpValidateBoolean.php" line="56" assertions="1" time="0.031387"/>
          <testcase name="test_wp_validate_boolean with data set #20" class="Tests_Functions_wpValidateBoolean" classname="Tests_Functions_wpValidateBoolean" file="/home/meng/Desktop/wptest/wordpress-develop/tests/phpunit/tests/functions/wpValidateBoolean.php" line="56" assertions="1" time="0.031650"/>
          <testcase name="test_wp_validate_boolean with data set #21" class="Tests_Functions_wpValidateBoolean" classname="Tests_Functions_wpValidateBoolean" file="/home/meng/Desktop/wptest/wordpress-develop/tests/phpunit/tests/functions/wpValidateBoolean.php" line="56" assertions="1" time="0.031458"/>
          <testcase name="test_wp_validate_boolean with data set #22" class="Tests_Functions_wpValidateBoolean" classname="Tests_Functions_wpValidateBoolean" file="/home/meng/Desktop/wptest/wordpress-develop/tests/phpunit/tests/functions/wpValidateBoolean.php" line="56" assertions="1" time="0.033270"/>
        </testsuite>
      </testsuite>
      <testsuite name="Tests_General_Archives" file="/home/meng/Desktop/wptest/wordpress-develop/tests/phpunit/tests/general/archives.php" tests="1" assertions="37" errors="0" failures="0" skipped="0" time="0.137959">
        <testcase name="test_get_archives_cache" class="Tests_General_Archives" classname="Tests_General_Archives" file="/home/meng/Desktop/wptest/wordpress-develop/tests/phpunit/tests/general/archives.php" line="16" assertions="37" time="0.137959"/>
      </testsuite>
      <testsuite name="Tests_General_DocumentTitle" file="/home/meng/Desktop/wptest/wordpress-develop/tests/phpunit/tests/general/document-title.php" tests="18" assertions="32" errors="0" failures="0" skipped="0" time="0.945042">
        <testcase name="test__wp_render_title_tag" class="Tests_General_DocumentTitle" classname="Tests_General_DocumentTitle" file="/home/meng/Desktop/wptest/wordpress-develop/tests/phpunit/tests/general/document-title.php" line="62" assertions="1" time="0.047466"/>
        <testcase name="test__wp_render_title_no_theme_support" class="Tests_General_DocumentTitle" classname="Tests_General_DocumentTitle" file="/home/meng/Desktop/wptest/wordpress-develop/tests/phpunit/tests/general/document-title.php" line="69" assertions="1" time="0.049165"/>
        <testcase name="test_short_circuiting_title" class="Tests_General_DocumentTitle" classname="Tests_General_DocumentTitle" file="/home/meng/Desktop/wptest/wordpress-develop/tests/phpunit/tests/general/document-title.php" line="78" assertions="1" time="0.047549"/>
        <testcase name="test_front_page_title" class="Tests_General_DocumentTitle" classname="Tests_General_DocumentTitle" file="/home/meng/Desktop/wptest/wordpress-develop/tests/phpunit/tests/general/document-title.php" line="90" assertions="8" time="0.078571"/>
        <testcase name="test_home_title" class="Tests_General_DocumentTitle" classname="Tests_General_DocumentTitle" file="/home/meng/Desktop/wptest/wordpress-develop/tests/phpunit/tests/general/document-title.php" line="120" assertions="1" time="0.069434"/>
        <testcase name="test_paged_title" class="Tests_General_DocumentTitle" classname="Tests_General_DocumentTitle" file="/home/meng/Desktop/wptest/wordpress-develop/tests/phpunit/tests/general/document-title.php" line="135" assertions="5" time="0.049967"/>
        <testcase name="test_singular_title" class="Tests_General_DocumentTitle" classname="Tests_General_DocumentTitle" file="/home/meng/Desktop/wptest/wordpress-develop/tests/phpunit/tests/general/document-title.php" line="152" assertions="4" time="0.047556"/>
        <testcase name="test_category_title" class="Tests_General_DocumentTitle" classname="Tests_General_DocumentTitle" file="/home/meng/Desktop/wptest/wordpress-develop/tests/phpunit/tests/general/document-title.php" line="168" assertions="1" time="0.045875"/>
        <testcase name="test_search_title" class="Tests_General_DocumentTitle" classname="Tests_General_DocumentTitle" file="/home/meng/Desktop/wptest/wordpress-develop/tests/phpunit/tests/general/document-title.php" line="174" assertions="1" time="0.049235"/>
        <testcase name="test_author_title" class="Tests_General_DocumentTitle" classname="Tests_General_DocumentTitle" file="/home/meng/Desktop/wptest/wordpress-develop/tests/phpunit/tests/general/document-title.php" line="180" assertions="1" time="0.049563"/>
        <testcase name="test_post_type_archive_title" class="Tests_General_DocumentTitle" classname="Tests_General_DocumentTitle" file="/home/meng/Desktop/wptest/wordpress-develop/tests/phpunit/tests/general/document-title.php" line="186" assertions="1" time="0.062540"/>
        <testcase name="test_year_title" class="Tests_General_DocumentTitle" classname="Tests_General_DocumentTitle" file="/home/meng/Desktop/wptest/wordpress-develop/tests/phpunit/tests/general/document-title.php" line="209" assertions="1" time="0.052196"/>
        <testcase name="test_month_title" class="Tests_General_DocumentTitle" classname="Tests_General_DocumentTitle" file="/home/meng/Desktop/wptest/wordpress-develop/tests/phpunit/tests/general/document-title.php" line="215" assertions="1" time="0.050560"/>
        <testcase name="test_day_title" class="Tests_General_DocumentTitle" classname="Tests_General_DocumentTitle" file="/home/meng/Desktop/wptest/wordpress-develop/tests/phpunit/tests/general/document-title.php" line="221" assertions="1" time="0.054290"/>
        <testcase name="test_404_title" class="Tests_General_DocumentTitle" classname="Tests_General_DocumentTitle" file="/home/meng/Desktop/wptest/wordpress-develop/tests/phpunit/tests/general/document-title.php" line="227" assertions="1" time="0.046544"/>
        <testcase name="test_paged_post_title" class="Tests_General_DocumentTitle" classname="Tests_General_DocumentTitle" file="/home/meng/Desktop/wptest/wordpress-develop/tests/phpunit/tests/general/document-title.php" line="233" assertions="1" time="0.049753"/>
        <testcase name="test_rearrange_title_parts" class="Tests_General_DocumentTitle" classname="Tests_General_DocumentTitle" file="/home/meng/Desktop/wptest/wordpress-develop/tests/phpunit/tests/general/document-title.php" line="250" assertions="1" time="0.047650"/>
        <testcase name="test_change_title_separator" class="Tests_General_DocumentTitle" classname="Tests_General_DocumentTitle" file="/home/meng/Desktop/wptest/wordpress-develop/tests/phpunit/tests/general/document-title.php" line="267" assertions="1" time="0.047127"/>
      </testsuite>
      <testsuite name="Tests_Paginate_Links" file="/home/meng/Desktop/wptest/wordpress-develop/tests/phpunit/tests/general/paginateLinks.php" tests="11" assertions="41" errors="0" failures="0" skipped="0" time="0.454947">
        <testcase name="test_defaults" class="Tests_Paginate_Links" classname="Tests_Paginate_Links" file="/home/meng/Desktop/wptest/wordpress-develop/tests/phpunit/tests/general/paginateLinks.php" line="13" assertions="1" time="0.041413"/>
        <testcase name="test_format" class="Tests_Paginate_Links" classname="Tests_Paginate_Links" file="/home/meng/Desktop/wptest/wordpress-develop/tests/phpunit/tests/general/paginateLinks.php" line="31" assertions="1" time="0.041234"/>
        <testcase name="test_prev_next_false" class="Tests_Paginate_Links" classname="Tests_Paginate_Links" file="/home/meng/Desktop/wptest/wordpress-develop/tests/phpunit/tests/general/paginateLinks.php" line="54" assertions="1" time="0.044347"/>
        <testcase name="test_prev_next_true" class="Tests_Paginate_Links" classname="Tests_Paginate_Links" file="/home/meng/Desktop/wptest/wordpress-develop/tests/phpunit/tests/general/paginateLinks.php" line="79" assertions="1" time="0.039983"/>
        <testcase name="test_paginate_links_number_format" class="Tests_Paginate_Links" classname="Tests_Paginate_Links" file="/home/meng/Desktop/wptest/wordpress-develop/tests/phpunit/tests/general/paginateLinks.php" line="113" assertions="1" time="0.039853"/>
        <testcase name="test_paginate_links_base_value" class="Tests_Paginate_Links" classname="Tests_Paginate_Links" file="/home/meng/Desktop/wptest/wordpress-develop/tests/phpunit/tests/general/paginateLinks.php" line="135" assertions="10" time="0.042007"/>
        <testcase name="test_paginate_links_query_args" class="Tests_Paginate_Links" classname="Tests_Paginate_Links" file="/home/meng/Desktop/wptest/wordpress-develop/tests/phpunit/tests/general/paginateLinks.php" line="216" assertions="10" time="0.044851"/>
        <testcase name="test_paginate_links_with_custom_query_args" class="Tests_Paginate_Links" classname="Tests_Paginate_Links" file="/home/meng/Desktop/wptest/wordpress-develop/tests/phpunit/tests/general/paginateLinks.php" line="254" assertions="10" time="0.041068"/>
        <testcase name="test_paginate_links_should_allow_non_default_format_without_add_args" class="Tests_Paginate_Links" classname="Tests_Paginate_Links" file="/home/meng/Desktop/wptest/wordpress-develop/tests/phpunit/tests/general/paginateLinks.php" line="294" assertions="4" time="0.039061"/>
        <testcase name="test_paginate_links_should_allow_add_args_to_be_bool_false" class="Tests_Paginate_Links" classname="Tests_Paginate_Links" file="/home/meng/Desktop/wptest/wordpress-develop/tests/phpunit/tests/general/paginateLinks.php" line="320" assertions="1" time="0.040784"/>
        <testcase name="test_custom_base_query_arg_should_be_stripped_from_current_url_before_generating_pag_links" class="Tests_Paginate_Links" classname="Tests_Paginate_Links" file="/home/meng/Desktop/wptest/wordpress-develop/tests/phpunit/tests/general/paginateLinks.php" line="342" assertions="1" time="0.040346"/>
      </testsuite>
      <testsuite name="Tests_WP_Resource_Hints" file="/home/meng/Desktop/wptest/wordpress-develop/tests/phpunit/tests/general/resourceHints.php" tests="11" assertions="13" errors="0" failures="0" skipped="0" time="0.423770">
        <testcase name="test_should_have_defaults_on_frontend" class="Tests_WP_Resource_Hints" classname="Tests_WP_Resource_Hints" file="/home/meng/Desktop/wptest/wordpress-develop/tests/phpunit/tests/general/resourceHints.php" line="33" assertions="1" time="0.036665"/>
        <testcase name="test_dns_prefetching" class="Tests_WP_Resource_Hints" classname="Tests_WP_Resource_Hints" file="/home/meng/Desktop/wptest/wordpress-develop/tests/phpunit/tests/general/resourceHints.php" line="41" assertions="1" time="0.038370"/>
        <testcase name="test_preconnect" class="Tests_WP_Resource_Hints" classname="Tests_WP_Resource_Hints" file="/home/meng/Desktop/wptest/wordpress-develop/tests/phpunit/tests/general/resourceHints.php" line="72" assertions="1" time="0.037515"/>
        <testcase name="test_prerender" class="Tests_WP_Resource_Hints" classname="Tests_WP_Resource_Hints" file="/home/meng/Desktop/wptest/wordpress-develop/tests/phpunit/tests/general/resourceHints.php" line="100" assertions="1" time="0.037972"/>
        <testcase name="test_parse_url_dns_prefetch" class="Tests_WP_Resource_Hints" classname="Tests_WP_Resource_Hints" file="/home/meng/Desktop/wptest/wordpress-develop/tests/phpunit/tests/general/resourceHints.php" line="126" assertions="1" time="0.038136"/>
        <testcase name="test_dns_prefetch_styles" class="Tests_WP_Resource_Hints" classname="Tests_WP_Resource_Hints" file="/home/meng/Desktop/wptest/wordpress-develop/tests/phpunit/tests/general/resourceHints.php" line="147" assertions="1" time="0.039053"/>
        <testcase name="test_dns_prefetch_scripts" class="Tests_WP_Resource_Hints" classname="Tests_WP_Resource_Hints" file="/home/meng/Desktop/wptest/wordpress-develop/tests/phpunit/tests/general/resourceHints.php" line="166" assertions="1" time="0.037383"/>
        <testcase name="test_dns_prefetch_scripts_does_not_included_registered_only" class="Tests_WP_Resource_Hints" classname="Tests_WP_Resource_Hints" file="/home/meng/Desktop/wptest/wordpress-develop/tests/phpunit/tests/general/resourceHints.php" line="184" assertions="2" time="0.040155"/>
        <testcase name="test_deregistered_scripts_are_ignored" class="Tests_WP_Resource_Hints" classname="Tests_WP_Resource_Hints" file="/home/meng/Desktop/wptest/wordpress-develop/tests/phpunit/tests/general/resourceHints.php" line="201" assertions="1" time="0.039580"/>
        <testcase name="test_malformed_urls" class="Tests_WP_Resource_Hints" classname="Tests_WP_Resource_Hints" file="/home/meng/Desktop/wptest/wordpress-develop/tests/phpunit/tests/general/resourceHints.php" line="214" assertions="2" time="0.037854"/>
        <testcase name="test_custom_attributes" class="Tests_WP_Resource_Hints" classname="Tests_WP_Resource_Hints" file="/home/meng/Desktop/wptest/wordpress-develop/tests/phpunit/tests/general/resourceHints.php" line="249" assertions="1" time="0.041087"/>
      </testsuite>
      <testsuite name="Tests_General_Template" file="/home/meng/Desktop/wptest/wordpress-develop/tests/phpunit/tests/general/template.php" tests="31" assertions="58" errors="0" failures="0" skipped="0" time="1.750257">
        <testcase name="test_get_site_icon_url" class="Tests_General_Template" classname="Tests_General_Template" file="/home/meng/Desktop/wptest/wordpress-develop/tests/phpunit/tests/general/template.php" line="37" assertions="3" time="0.066882"/>
        <testcase name="test_site_icon_url" class="Tests_General_Template" classname="Tests_General_Template" file="/home/meng/Desktop/wptest/wordpress-develop/tests/phpunit/tests/general/template.php" line="50" assertions="1" time="0.065532"/>
        <testcase name="test_has_site_icon" class="Tests_General_Template" classname="Tests_General_Template" file="/home/meng/Desktop/wptest/wordpress-develop/tests/phpunit/tests/general/template.php" line="62" assertions="3" time="0.066264"/>
        <testcase name="test_wp_site_icon" class="Tests_General_Template" classname="Tests_General_Template" file="/home/meng/Desktop/wptest/wordpress-develop/tests/phpunit/tests/general/template.php" line="100" assertions="1" time="0.071104"/>
        <testcase name="test_wp_site_icon_with_filter" class="Tests_General_Template" classname="Tests_General_Template" file="/home/meng/Desktop/wptest/wordpress-develop/tests/phpunit/tests/general/template.php" line="121" assertions="1" time="0.074707"/>
        <testcase name="test_customize_preview_wp_site_icon_empty" class="Tests_General_Template" classname="Tests_General_Template" file="/home/meng/Desktop/wptest/wordpress-develop/tests/phpunit/tests/general/template.php" line="146" assertions="1" time="0.143992"/>
        <testcase name="test_customize_preview_wp_site_icon_dirty" class="Tests_General_Template" classname="Tests_General_Template" file="/home/meng/Desktop/wptest/wordpress-develop/tests/phpunit/tests/general/template.php" line="163" assertions="1" time="0.160203"/>
        <testcase name="test_has_custom_logo" class="Tests_General_Template" classname="Tests_General_Template" file="/home/meng/Desktop/wptest/wordpress-develop/tests/phpunit/tests/general/template.php" line="247" assertions="3" time="0.074607"/>
        <testcase name="test_get_custom_logo" class="Tests_General_Template" classname="Tests_General_Template" file="/home/meng/Desktop/wptest/wordpress-develop/tests/phpunit/tests/general/template.php" line="287" assertions="4" time="0.075685"/>
        <testcase name="test_the_custom_logo" class="Tests_General_Template" classname="Tests_General_Template" file="/home/meng/Desktop/wptest/wordpress-develop/tests/phpunit/tests/general/template.php" line="334" assertions="1" time="0.072255"/>
        <testcase name="test_the_custom_logo_with_alt" class="Tests_General_Template" classname="Tests_General_Template" file="/home/meng/Desktop/wptest/wordpress-develop/tests/phpunit/tests/general/template.php" line="361" assertions="1" time="0.073196"/>
        <testcase name="test_wp_no_robots" class="Tests_General_Template" classname="Tests_General_Template" file="/home/meng/Desktop/wptest/wordpress-develop/tests/phpunit/tests/general/template.php" line="480" assertions="2" time="0.044549"/>
        <testcase name="test_get_header_returns_nothing_on_success" class="Tests_General_Template" classname="Tests_General_Template" file="/home/meng/Desktop/wptest/wordpress-develop/tests/phpunit/tests/general/template.php" line="495" assertions="2" time="0.039076"/>
        <testcase name="test_get_footer_returns_nothing_on_success" class="Tests_General_Template" classname="Tests_General_Template" file="/home/meng/Desktop/wptest/wordpress-develop/tests/phpunit/tests/general/template.php" line="506" assertions="2" time="0.038377"/>
        <testcase name="test_get_sidebar_returns_nothing_on_success" class="Tests_General_Template" classname="Tests_General_Template" file="/home/meng/Desktop/wptest/wordpress-develop/tests/phpunit/tests/general/template.php" line="517" assertions="2" time="0.043116"/>
        <testcase name="test_get_template_part_returns_nothing_on_success" class="Tests_General_Template" classname="Tests_General_Template" file="/home/meng/Desktop/wptest/wordpress-develop/tests/phpunit/tests/general/template.php" line="528" assertions="2" time="0.039409"/>
        <testcase name="test_get_template_part_returns_false_on_failure" class="Tests_General_Template" classname="Tests_General_Template" file="/home/meng/Desktop/wptest/wordpress-develop/tests/phpunit/tests/general/template.php" line="539" assertions="1" time="0.038761"/>
        <testcase name="test_get_template_part_passes_arguments_to_template" class="Tests_General_Template" classname="Tests_General_Template" file="/home/meng/Desktop/wptest/wordpress-develop/tests/phpunit/tests/general/template.php" line="546" assertions="1" time="0.038542"/>
        <testsuite name="Tests_General_Template::test_selected_and_checked_with_equal_values" tests="10" assertions="20" errors="0" failures="0" skipped="0" time="0.402768">
          <testcase name="test_selected_and_checked_with_equal_values with data set #0" class="Tests_General_Template" classname="Tests_General_Template" file="/home/meng/Desktop/wptest/wordpress-develop/tests/phpunit/tests/general/template.php" line="556" assertions="2" time="0.039141"/>
          <testcase name="test_selected_and_checked_with_equal_values with data set #1" class="Tests_General_Template" classname="Tests_General_Template" file="/home/meng/Desktop/wptest/wordpress-develop/tests/phpunit/tests/general/template.php" line="556" assertions="2" time="0.039590"/>
          <testcase name="test_selected_and_checked_with_equal_values with data set #2" class="Tests_General_Template" classname="Tests_General_Template" file="/home/meng/Desktop/wptest/wordpress-develop/tests/phpunit/tests/general/template.php" line="556" assertions="2" time="0.038850"/>
          <testcase name="test_selected_and_checked_with_equal_values with data set #3" class="Tests_General_Template" classname="Tests_General_Template" file="/home/meng/Desktop/wptest/wordpress-develop/tests/phpunit/tests/general/template.php" line="556" assertions="2" time="0.043477"/>
          <testcase name="test_selected_and_checked_with_equal_values with data set #4" class="Tests_General_Template" classname="Tests_General_Template" file="/home/meng/Desktop/wptest/wordpress-develop/tests/phpunit/tests/general/template.php" line="556" assertions="2" time="0.039133"/>
          <testcase name="test_selected_and_checked_with_equal_values with data set #5" class="Tests_General_Template" classname="Tests_General_Template" file="/home/meng/Desktop/wptest/wordpress-develop/tests/phpunit/tests/general/template.php" line="556" assertions="2" time="0.039688"/>
          <testcase name="test_selected_and_checked_with_equal_values with data set #6" class="Tests_General_Template" classname="Tests_General_Template" file="/home/meng/Desktop/wptest/wordpress-develop/tests/phpunit/tests/general/template.php" line="556" assertions="2" time="0.044072"/>
          <testcase name="test_selected_and_checked_with_equal_values with data set #7" class="Tests_General_Template" classname="Tests_General_Template" file="/home/meng/Desktop/wptest/wordpress-develop/tests/phpunit/tests/general/template.php" line="556" assertions="2" time="0.039060"/>
          <testcase name="test_selected_and_checked_with_equal_values with data set #8" class="Tests_General_Template" classname="Tests_General_Template" file="/home/meng/Desktop/wptest/wordpress-develop/tests/phpunit/tests/general/template.php" line="556" assertions="2" time="0.039241"/>
          <testcase name="test_selected_and_checked_with_equal_values with data set #9" class="Tests_General_Template" classname="Tests_General_Template" file="/home/meng/Desktop/wptest/wordpress-develop/tests/phpunit/tests/general/template.php" line="556" assertions="2" time="0.040516"/>
        </testsuite>
        <testsuite name="Tests_General_Template::test_selected_and_checked_with_non_equal_values" tests="3" assertions="6" errors="0" failures="0" skipped="0" time="0.121232">
          <testcase name="test_selected_and_checked_with_non_equal_values with data set #0" class="Tests_General_Template" classname="Tests_General_Template" file="/home/meng/Desktop/wptest/wordpress-develop/tests/phpunit/tests/general/template.php" line="580" assertions="2" time="0.039854"/>
          <testcase name="test_selected_and_checked_with_non_equal_values with data set #1" class="Tests_General_Template" classname="Tests_General_Template" file="/home/meng/Desktop/wptest/wordpress-develop/tests/phpunit/tests/general/template.php" line="580" assertions="2" time="0.040046"/>
          <testcase name="test_selected_and_checked_with_non_equal_values with data set #2" class="Tests_General_Template" classname="Tests_General_Template" file="/home/meng/Desktop/wptest/wordpress-develop/tests/phpunit/tests/general/template.php" line="580" assertions="2" time="0.041332"/>
        </testsuite>
      </testsuite>
      <testsuite name="Tests_WP_Error" file="/home/meng/Desktop/wptest/wordpress-develop/tests/phpunit/tests/general/wpError.php" tests="87" assertions="97" errors="0" failures="0" skipped="0" time="2.969166">
        <testcase name="test_WP_Error_should_be_of_type_WP_Error" class="Tests_WP_Error" classname="Tests_WP_Error" file="/home/meng/Desktop/wptest/wordpress-develop/tests/phpunit/tests/general/wpError.php" line="28" assertions="1" time="0.033238"/>
        <testcase name="test_WP_Error_with_default_empty_parameters_should_add_no_errors" class="Tests_WP_Error" classname="Tests_WP_Error" file="/home/meng/Desktop/wptest/wordpress-develop/tests/phpunit/tests/general/wpError.php" line="32" assertions="1" time="0.035963"/>
        <testcase name="test_WP_Error_with_empty_code_should_add_no_code" class="Tests_WP_Error" classname="Tests_WP_Error" file="/home/meng/Desktop/wptest/wordpress-develop/tests/phpunit/tests/general/wpError.php" line="36" assertions="1" time="0.033125"/>
        <testcase name="test_WP_Error_with_empty_code_should_add_no_message" class="Tests_WP_Error" classname="Tests_WP_Error" file="/home/meng/Desktop/wptest/wordpress-develop/tests/phpunit/tests/general/wpError.php" line="40" assertions="1" time="0.032723"/>
        <testcase name="test_WP_Error_with_empty_code_should_add_no_error_data" class="Tests_WP_Error" classname="Tests_WP_Error" file="/home/meng/Desktop/wptest/wordpress-develop/tests/phpunit/tests/general/wpError.php" line="44" assertions="1" time="0.032963"/>
        <testcase name="test_WP_Error_with_code_and_empty_message_should_add_error_with_that_code" class="Tests_WP_Error" classname="Tests_WP_Error" file="/home/meng/Desktop/wptest/wordpress-develop/tests/phpunit/tests/general/wpError.php" line="48" assertions="1" time="0.032287"/>
        <testcase name="test_WP_Error_with_code_and_empty_message_should_add_error_with_that_code_and_empty_message" class="Tests_WP_Error" classname="Tests_WP_Error" file="/home/meng/Desktop/wptest/wordpress-develop/tests/phpunit/tests/general/wpError.php" line="54" assertions="1" time="0.033658"/>
        <testcase name="test_WP_Error_with_code_and_empty_message_and_empty_data_should_add_error_but_not_associated_data" class="Tests_WP_Error" classname="Tests_WP_Error" file="/home/meng/Desktop/wptest/wordpress-develop/tests/phpunit/tests/general/wpError.php" line="60" assertions="1" time="0.032994"/>
        <testcase name="test_WP_Error_with_code_and_empty_message_and_non_empty_data_should_add_error_with_empty_message_and_that_stored_data" class="Tests_WP_Error" classname="Tests_WP_Error" file="/home/meng/Desktop/wptest/wordpress-develop/tests/phpunit/tests/general/wpError.php" line="66" assertions="1" time="0.034938"/>
        <testcase name="test_WP_Error_with_code_and_message_should_add_error_with_that_code" class="Tests_WP_Error" classname="Tests_WP_Error" file="/home/meng/Desktop/wptest/wordpress-develop/tests/phpunit/tests/general/wpError.php" line="72" assertions="1" time="0.031588"/>
        <testcase name="test_WP_Error_with_code_and_message_should_add_error_with_that_message" class="Tests_WP_Error" classname="Tests_WP_Error" file="/home/meng/Desktop/wptest/wordpress-develop/tests/phpunit/tests/general/wpError.php" line="78" assertions="1" time="0.034069"/>
        <testcase name="test_WP_Error_with_code_and_message_and_data_should_add_error_with_that_code" class="Tests_WP_Error" classname="Tests_WP_Error" file="/home/meng/Desktop/wptest/wordpress-develop/tests/phpunit/tests/general/wpError.php" line="84" assertions="1" time="0.034053"/>
        <testcase name="test_WP_Error_with_code_and_message_and_data_should_add_error_with_that_message" class="Tests_WP_Error" classname="Tests_WP_Error" file="/home/meng/Desktop/wptest/wordpress-develop/tests/phpunit/tests/general/wpError.php" line="90" assertions="1" time="0.035926"/>
        <testcase name="test_WP_Error_with_code_and_message_and_data_should_add_error_with_that_data" class="Tests_WP_Error" classname="Tests_WP_Error" file="/home/meng/Desktop/wptest/wordpress-develop/tests/phpunit/tests/general/wpError.php" line="96" assertions="1" time="0.035699"/>
        <testcase name="test_get_error_codes_with_no_errors_should_return_empty_array" class="Tests_WP_Error" classname="Tests_WP_Error" file="/home/meng/Desktop/wptest/wordpress-develop/tests/phpunit/tests/general/wpError.php" line="105" assertions="1" time="0.034211"/>
        <testcase name="test_get_error_codes_with_one_error_should_return_an_array_with_only_that_code" class="Tests_WP_Error" classname="Tests_WP_Error" file="/home/meng/Desktop/wptest/wordpress-develop/tests/phpunit/tests/general/wpError.php" line="112" assertions="1" time="0.033144"/>
        <testcase name="test_get_error_codes_with_multiple_errors_should_return_an_array_of_those_codes" class="Tests_WP_Error" classname="Tests_WP_Error" file="/home/meng/Desktop/wptest/wordpress-develop/tests/phpunit/tests/general/wpError.php" line="121" assertions="1" time="0.034526"/>
        <testcase name="test_get_error_code_with_no_errors_should_return_an_empty_string" class="Tests_WP_Error" classname="Tests_WP_Error" file="/home/meng/Desktop/wptest/wordpress-develop/tests/phpunit/tests/general/wpError.php" line="133" assertions="1" time="0.032768"/>
        <testcase name="test_get_error_code_with_one_error_should_return_that_error_code" class="Tests_WP_Error" classname="Tests_WP_Error" file="/home/meng/Desktop/wptest/wordpress-develop/tests/phpunit/tests/general/wpError.php" line="140" assertions="1" time="0.037067"/>
        <testcase name="test_get_error_code_with_multiple_errors_should_return_only_the_first_error_code" class="Tests_WP_Error" classname="Tests_WP_Error" file="/home/meng/Desktop/wptest/wordpress-develop/tests/phpunit/tests/general/wpError.php" line="149" assertions="1" time="0.032579"/>
        <testcase name="test_get_error_messages_with_empty_code_and_no_errors_should_return_an_empty_array" class="Tests_WP_Error" classname="Tests_WP_Error" file="/home/meng/Desktop/wptest/wordpress-develop/tests/phpunit/tests/general/wpError.php" line="159" assertions="1" time="0.033242"/>
        <testcase name="test_get_error_messages_with_empty_code_one_error_should_return_an_array_with_that_message" class="Tests_WP_Error" classname="Tests_WP_Error" file="/home/meng/Desktop/wptest/wordpress-develop/tests/phpunit/tests/general/wpError.php" line="166" assertions="1" time="0.033487"/>
        <testcase name="test_get_error_messages_with_empty_code_multiple_errors_should_return_an_array_of_messages" class="Tests_WP_Error" classname="Tests_WP_Error" file="/home/meng/Desktop/wptest/wordpress-develop/tests/phpunit/tests/general/wpError.php" line="175" assertions="1" time="0.032811"/>
        <testcase name="test_get_error_messages_with_an_invalid_code_should_return_an_empty_array" class="Tests_WP_Error" classname="Tests_WP_Error" file="/home/meng/Desktop/wptest/wordpress-develop/tests/phpunit/tests/general/wpError.php" line="185" assertions="1" time="0.032432"/>
        <testcase name="test_get_error_messages_with_one_error_should_return_an_array_with_that_message" class="Tests_WP_Error" classname="Tests_WP_Error" file="/home/meng/Desktop/wptest/wordpress-develop/tests/phpunit/tests/general/wpError.php" line="192" assertions="1" time="0.038667"/>
        <testcase name="test_get_error_messages_with_multiple_errors_same_code_should_return_an_array_with_all_messages" class="Tests_WP_Error" classname="Tests_WP_Error" file="/home/meng/Desktop/wptest/wordpress-develop/tests/phpunit/tests/general/wpError.php" line="201" assertions="1" time="0.035259"/>
        <testcase name="test_get_error_message_with_empty_code_and_no_errors_should_return_an_empty_string" class="Tests_WP_Error" classname="Tests_WP_Error" file="/home/meng/Desktop/wptest/wordpress-develop/tests/phpunit/tests/general/wpError.php" line="211" assertions="1" time="0.042041"/>
        <testcase name="test_get_error_message_with_empty_code_and_one_error_should_return_that_message" class="Tests_WP_Error" classname="Tests_WP_Error" file="/home/meng/Desktop/wptest/wordpress-develop/tests/phpunit/tests/general/wpError.php" line="218" assertions="1" time="0.034931"/>
        <testcase name="test_get_error_message_with_empty_code_and_multiple_errors_should_return_the_first_message" class="Tests_WP_Error" classname="Tests_WP_Error" file="/home/meng/Desktop/wptest/wordpress-develop/tests/phpunit/tests/general/wpError.php" line="227" assertions="1" time="0.037458"/>
        <testcase name="test_get_error_message_with_empty_code_and_multiple_errors_multiple_codes_should_return_the_first_message" class="Tests_WP_Error" classname="Tests_WP_Error" file="/home/meng/Desktop/wptest/wordpress-develop/tests/phpunit/tests/general/wpError.php" line="237" assertions="1" time="0.034098"/>
        <testcase name="test_get_error_message_with_invalid_code_and_no_errors_should_return_empty_string" class="Tests_WP_Error" classname="Tests_WP_Error" file="/home/meng/Desktop/wptest/wordpress-develop/tests/phpunit/tests/general/wpError.php" line="248" assertions="1" time="0.035188"/>
        <testcase name="test_get_error_message_with_invalid_code_and_one_error_should_return_an_empty_string" class="Tests_WP_Error" classname="Tests_WP_Error" file="/home/meng/Desktop/wptest/wordpress-develop/tests/phpunit/tests/general/wpError.php" line="255" assertions="1" time="0.033869"/>
        <testcase name="test_get_error_message_with_invalid_code_and_multiple_errors_should_return_an_empty_string" class="Tests_WP_Error" classname="Tests_WP_Error" file="/home/meng/Desktop/wptest/wordpress-develop/tests/phpunit/tests/general/wpError.php" line="264" assertions="1" time="0.032645"/>
        <testcase name="test_get_error_data_with_empty_code_and_no_errors_should_evaluate_as_null" class="Tests_WP_Error" classname="Tests_WP_Error" file="/home/meng/Desktop/wptest/wordpress-develop/tests/phpunit/tests/general/wpError.php" line="274" assertions="1" time="0.035092"/>
        <testcase name="test_get_error_data_with_empty_code_one_error_no_data_should_evaluate_as_null" class="Tests_WP_Error" classname="Tests_WP_Error" file="/home/meng/Desktop/wptest/wordpress-develop/tests/phpunit/tests/general/wpError.php" line="281" assertions="1" time="0.031595"/>
        <testcase name="test_get_error_data_with_empty_code_multiple_errors_no_data_should_evaluate_as_null" class="Tests_WP_Error" classname="Tests_WP_Error" file="/home/meng/Desktop/wptest/wordpress-develop/tests/phpunit/tests/general/wpError.php" line="290" assertions="1" time="0.032932"/>
        <testcase name="test_get_error_data_with_empty_code_and_one_error_with_data_should_return_that_data" class="Tests_WP_Error" classname="Tests_WP_Error" file="/home/meng/Desktop/wptest/wordpress-develop/tests/phpunit/tests/general/wpError.php" line="300" assertions="1" time="0.036787"/>
        <testcase name="test_get_error_data_with_empty_code_and_multiple_errors_different_codes_should_return_the_last_data_of_the_first_code" class="Tests_WP_Error" classname="Tests_WP_Error" file="/home/meng/Desktop/wptest/wordpress-develop/tests/phpunit/tests/general/wpError.php" line="310" assertions="1" time="0.034996"/>
        <testcase name="test_get_error_data_with_empty_code_and_multiple_errors_same_code_should_return_the_last_data_of_the_first_code" class="Tests_WP_Error" classname="Tests_WP_Error" file="/home/meng/Desktop/wptest/wordpress-develop/tests/phpunit/tests/general/wpError.php" line="321" assertions="1" time="0.036037"/>
        <testcase name="test_get_error_data_with_code_and_no_errors_should_evaluate_as_null" class="Tests_WP_Error" classname="Tests_WP_Error" file="/home/meng/Desktop/wptest/wordpress-develop/tests/phpunit/tests/general/wpError.php" line="332" assertions="1" time="0.033569"/>
        <testcase name="test_get_error_data_with_code_and_one_error_with_no_data_should_evaluate_as_null" class="Tests_WP_Error" classname="Tests_WP_Error" file="/home/meng/Desktop/wptest/wordpress-develop/tests/phpunit/tests/general/wpError.php" line="339" assertions="1" time="0.032521"/>
        <testcase name="test_get_error_data_with_code_and_one_error_with_data_should_return_that_data" class="Tests_WP_Error" classname="Tests_WP_Error" file="/home/meng/Desktop/wptest/wordpress-develop/tests/phpunit/tests/general/wpError.php" line="348" assertions="1" time="0.033669"/>
        <testcase name="test_get_error_data_with_code_and_multiple_errors_different_codes_should_return_the_last_stored_data_of_the_code" class="Tests_WP_Error" classname="Tests_WP_Error" file="/home/meng/Desktop/wptest/wordpress-develop/tests/phpunit/tests/general/wpError.php" line="358" assertions="1" time="0.032357"/>
        <testcase name="test_get_error_data_with_code_and_multiple_errors_same_code_should_return_the_last_stored_data" class="Tests_WP_Error" classname="Tests_WP_Error" file="/home/meng/Desktop/wptest/wordpress-develop/tests/phpunit/tests/general/wpError.php" line="370" assertions="1" time="0.037888"/>
        <testcase name="test_get_all_error_data_with_code_and_no_errors_should_evaluate_as_empty_array" class="Tests_WP_Error" classname="Tests_WP_Error" file="/home/meng/Desktop/wptest/wordpress-develop/tests/phpunit/tests/general/wpError.php" line="381" assertions="1" time="0.033462"/>
        <testcase name="test_get_all_error_data_with_code_and_one_error_with_no_data_should_evaluate_as_empty_array" class="Tests_WP_Error" classname="Tests_WP_Error" file="/home/meng/Desktop/wptest/wordpress-develop/tests/phpunit/tests/general/wpError.php" line="388" assertions="1" time="0.036514"/>
        <testcase name="test_get_all_error_data_with_code_and_one_error_with_data_should_return_that_data" class="Tests_WP_Error" classname="Tests_WP_Error" file="/home/meng/Desktop/wptest/wordpress-develop/tests/phpunit/tests/general/wpError.php" line="397" assertions="2" time="0.039521"/>
        <testcase name="test_get_all_error_data_with_code_and_multiple_errors_same_code_should_return_all_data" class="Tests_WP_Error" classname="Tests_WP_Error" file="/home/meng/Desktop/wptest/wordpress-develop/tests/phpunit/tests/general/wpError.php" line="409" assertions="1" time="0.034420"/>
        <testcase name="test_get_all_error_data_should_handle_manipulation_of_error_data_property" class="Tests_WP_Error" classname="Tests_WP_Error" file="/home/meng/Desktop/wptest/wordpress-develop/tests/phpunit/tests/general/wpError.php" line="420" assertions="2" time="0.039987"/>
        <testcase name="test_has_errors_with_no_errors_returns_false" class="Tests_WP_Error" classname="Tests_WP_Error" file="/home/meng/Desktop/wptest/wordpress-develop/tests/phpunit/tests/general/wpError.php" line="433" assertions="1" time="0.032472"/>
        <testcase name="test_has_errors_with_errors_returns_true" class="Tests_WP_Error" classname="Tests_WP_Error" file="/home/meng/Desktop/wptest/wordpress-develop/tests/phpunit/tests/general/wpError.php" line="440" assertions="1" time="0.040177"/>
        <testcase name="test_add_with_empty_code_empty_message_empty_data_should_add_empty_key_to_errors_array" class="Tests_WP_Error" classname="Tests_WP_Error" file="/home/meng/Desktop/wptest/wordpress-develop/tests/phpunit/tests/general/wpError.php" line="448" assertions="1" time="0.034056"/>
        <testcase name="test_add_with_empty_code_empty_message_empty_data_should_add_empty_message_to_errors_array_under_empty_key" class="Tests_WP_Error" classname="Tests_WP_Error" file="/home/meng/Desktop/wptest/wordpress-develop/tests/phpunit/tests/general/wpError.php" line="457" assertions="1" time="0.033830"/>
        <testcase name="test_add_with_empty_code_empty_message_empty_data_should_not_alter_data" class="Tests_WP_Error" classname="Tests_WP_Error" file="/home/meng/Desktop/wptest/wordpress-develop/tests/phpunit/tests/general/wpError.php" line="466" assertions="1" time="0.035304"/>
        <testcase name="test_add_with_empty_code_empty_message_non_empty_data_should_store_data_under_an_empty_code_key" class="Tests_WP_Error" classname="Tests_WP_Error" file="/home/meng/Desktop/wptest/wordpress-develop/tests/phpunit/tests/general/wpError.php" line="475" assertions="1" time="0.034455"/>
        <testcase name="test_add_with_code_empty_message_empty_data_should_add_error_with_code" class="Tests_WP_Error" classname="Tests_WP_Error" file="/home/meng/Desktop/wptest/wordpress-develop/tests/phpunit/tests/general/wpError.php" line="484" assertions="1" time="0.037783"/>
        <testcase name="test_add_with_code_empty_message_empty_data_should_add_error_with_empty_message" class="Tests_WP_Error" classname="Tests_WP_Error" file="/home/meng/Desktop/wptest/wordpress-develop/tests/phpunit/tests/general/wpError.php" line="493" assertions="1" time="0.034613"/>
        <testcase name="test_add_with_code_empty_message_empty_data_should_not_add_error_data" class="Tests_WP_Error" classname="Tests_WP_Error" file="/home/meng/Desktop/wptest/wordpress-develop/tests/phpunit/tests/general/wpError.php" line="502" assertions="1" time="0.034983"/>
        <testcase name="test_add_with_code_and_message_and_empty_data_should_should_add_error_with_that_message" class="Tests_WP_Error" classname="Tests_WP_Error" file="/home/meng/Desktop/wptest/wordpress-develop/tests/phpunit/tests/general/wpError.php" line="511" assertions="1" time="0.033982"/>
        <testcase name="test_add_with_code_and_message_and_empty_data_should_not_alter_stored_data" class="Tests_WP_Error" classname="Tests_WP_Error" file="/home/meng/Desktop/wptest/wordpress-develop/tests/phpunit/tests/general/wpError.php" line="520" assertions="1" time="0.035519"/>
        <testcase name="test_add_with_code_and_empty_message_and_data_should_add_error_with_that_code" class="Tests_WP_Error" classname="Tests_WP_Error" file="/home/meng/Desktop/wptest/wordpress-develop/tests/phpunit/tests/general/wpError.php" line="529" assertions="1" time="0.033145"/>
        <testcase name="test_add_with_code_and_empty_message_and_data_should_store_that_data" class="Tests_WP_Error" classname="Tests_WP_Error" file="/home/meng/Desktop/wptest/wordpress-develop/tests/phpunit/tests/general/wpError.php" line="538" assertions="1" time="0.033529"/>
        <testcase name="test_add_with_code_and_message_and_data_should_add_an_error_with_that_code" class="Tests_WP_Error" classname="Tests_WP_Error" file="/home/meng/Desktop/wptest/wordpress-develop/tests/phpunit/tests/general/wpError.php" line="547" assertions="1" time="0.032053"/>
        <testcase name="test_add_with_code_and_message_and_data_should_add_an_error_with_that_message" class="Tests_WP_Error" classname="Tests_WP_Error" file="/home/meng/Desktop/wptest/wordpress-develop/tests/phpunit/tests/general/wpError.php" line="556" assertions="1" time="0.033150"/>
        <testcase name="test_add_with_code_and_message_and_data_should_store_that_data" class="Tests_WP_Error" classname="Tests_WP_Error" file="/home/meng/Desktop/wptest/wordpress-develop/tests/phpunit/tests/general/wpError.php" line="565" assertions="1" time="0.033460"/>
        <testcase name="test_add_multiple_times_with_the_same_code_should_add_additional_messages_for_that_code" class="Tests_WP_Error" classname="Tests_WP_Error" file="/home/meng/Desktop/wptest/wordpress-develop/tests/phpunit/tests/general/wpError.php" line="574" assertions="1" time="0.031554"/>
        <testcase name="test_add_multiple_times_with_the_same_code_and_different_data_should_store_only_the_last_added_data" class="Tests_WP_Error" classname="Tests_WP_Error" file="/home/meng/Desktop/wptest/wordpress-develop/tests/phpunit/tests/general/wpError.php" line="586" assertions="1" time="0.032804"/>
        <testcase name="test_add_data_with_empty_data_empty_code_should_create_orphaned_data_with_no_error" class="Tests_WP_Error" classname="Tests_WP_Error" file="/home/meng/Desktop/wptest/wordpress-develop/tests/phpunit/tests/general/wpError.php" line="596" assertions="1" time="0.033560"/>
        <testcase name="test_add_data_with_empty_data_empty_code_no_errors_should_create_data_under_an_empty_code_key" class="Tests_WP_Error" classname="Tests_WP_Error" file="/home/meng/Desktop/wptest/wordpress-develop/tests/phpunit/tests/general/wpError.php" line="605" assertions="1" time="0.034035"/>
        <testcase name="test_add_data_with_data_empty_code_and_one_error_should_store_the_data_under_that_code" class="Tests_WP_Error" classname="Tests_WP_Error" file="/home/meng/Desktop/wptest/wordpress-develop/tests/phpunit/tests/general/wpError.php" line="614" assertions="1" time="0.032178"/>
        <testcase name="test_add_data_with_data_empty_code_and_multiple_errors_with_different_codes_should_store_it_under_the_first_code" class="Tests_WP_Error" classname="Tests_WP_Error" file="/home/meng/Desktop/wptest/wordpress-develop/tests/phpunit/tests/general/wpError.php" line="624" assertions="1" time="0.032671"/>
        <testcase name="test_add_data_with_data_empty_code_and_multiple_errors_with_same_code_should_store_it_under_the_first_code" class="Tests_WP_Error" classname="Tests_WP_Error" file="/home/meng/Desktop/wptest/wordpress-develop/tests/phpunit/tests/general/wpError.php" line="636" assertions="1" time="0.032277"/>
        <testcase name="test_add_data_with_data_and_code_and_no_errors_should_create_orphaned_data_with_no_error" class="Tests_WP_Error" classname="Tests_WP_Error" file="/home/meng/Desktop/wptest/wordpress-develop/tests/phpunit/tests/general/wpError.php" line="649" assertions="1" time="0.032002"/>
        <testcase name="test_add_data_with_data_and_code_no_errors_should_create_data_under_that_code_key" class="Tests_WP_Error" classname="Tests_WP_Error" file="/home/meng/Desktop/wptest/wordpress-develop/tests/phpunit/tests/general/wpError.php" line="658" assertions="1" time="0.034017"/>
        <testcase name="test_add_data_with_data_and_code_one_error_different_code_should_create_orphaned_data_with_no_error" class="Tests_WP_Error" classname="Tests_WP_Error" file="/home/meng/Desktop/wptest/wordpress-develop/tests/phpunit/tests/general/wpError.php" line="667" assertions="1" time="0.032322"/>
        <testcase name="test_add_data_with_data_and_code_one_error_different_code_should_create_data_under_that_code_key" class="Tests_WP_Error" classname="Tests_WP_Error" file="/home/meng/Desktop/wptest/wordpress-develop/tests/phpunit/tests/general/wpError.php" line="678" assertions="1" time="0.035335"/>
        <testcase name="test_add_data_with_data_and_code_should_add_data" class="Tests_WP_Error" classname="Tests_WP_Error" file="/home/meng/Desktop/wptest/wordpress-develop/tests/phpunit/tests/general/wpError.php" line="689" assertions="1" time="0.033464"/>
        <testcase name="test_remove_with_no_errors_should_affect_nothing" class="Tests_WP_Error" classname="Tests_WP_Error" file="/home/meng/Desktop/wptest/wordpress-develop/tests/phpunit/tests/general/wpError.php" line="700" assertions="1" time="0.031602"/>
        <testcase name="test_remove_empty_code_no_errors_should_affect_nothing" class="Tests_WP_Error" classname="Tests_WP_Error" file="/home/meng/Desktop/wptest/wordpress-develop/tests/phpunit/tests/general/wpError.php" line="713" assertions="1" time="0.035179"/>
        <testcase name="test_remove_empty_code_and_one_error_with_empty_string_code_should_remove_error" class="Tests_WP_Error" classname="Tests_WP_Error" file="/home/meng/Desktop/wptest/wordpress-develop/tests/phpunit/tests/general/wpError.php" line="726" assertions="1" time="0.031600"/>
        <testcase name="test_remove_empty_code_and_one_error_with_empty_string_code_should_remove_error_data" class="Tests_WP_Error" classname="Tests_WP_Error" file="/home/meng/Desktop/wptest/wordpress-develop/tests/phpunit/tests/general/wpError.php" line="741" assertions="1" time="0.034191"/>
        <testcase name="test_remove_should_remove_the_error_with_the_given_code" class="Tests_WP_Error" classname="Tests_WP_Error" file="/home/meng/Desktop/wptest/wordpress-develop/tests/phpunit/tests/general/wpError.php" line="754" assertions="1" time="0.031940"/>
        <testcase name="test_remove_should_remove_the_error_data_associated_with_the_given_code" class="Tests_WP_Error" classname="Tests_WP_Error" file="/home/meng/Desktop/wptest/wordpress-develop/tests/phpunit/tests/general/wpError.php" line="765" assertions="3" time="0.031388"/>
        <testcase name="test_merge_from_should_copy_other_error_into_instance" class="Tests_WP_Error" classname="Tests_WP_Error" file="/home/meng/Desktop/wptest/wordpress-develop/tests/phpunit/tests/general/wpError.php" line="779" assertions="4" time="0.032017"/>
        <testcase name="test_merge_from_with_no_errors_should_not_add_to_instance" class="Tests_WP_Error" classname="Tests_WP_Error" file="/home/meng/Desktop/wptest/wordpress-develop/tests/phpunit/tests/general/wpError.php" line="795" assertions="1" time="0.033003"/>
        <testcase name="test_export_to_should_copy_instance_into_other_error" class="Tests_WP_Error" classname="Tests_WP_Error" file="/home/meng/Desktop/wptest/wordpress-develop/tests/phpunit/tests/general/wpError.php" line="806" assertions="4" time="0.032168"/>
        <testcase name="test_export_to_with_no_errors_should_not_add_to_other_error" class="Tests_WP_Error" classname="Tests_WP_Error" file="/home/meng/Desktop/wptest/wordpress-develop/tests/phpunit/tests/general/wpError.php" line="824" assertions="1" time="0.032356"/>
      </testsuite>
      <testsuite name="Tests_WP_Hook_Add_Filter" file="/home/meng/Desktop/wptest/wordpress-develop/tests/phpunit/tests/hooks/addFilter.php" tests="14" assertions="23" errors="0" failures="0" skipped="0" time="0.482985">
        <testcase name="test_add_filter_with_function" class="Tests_WP_Hook_Add_Filter" classname="Tests_WP_Hook_Add_Filter" file="/home/meng/Desktop/wptest/wordpress-develop/tests/phpunit/tests/hooks/addFilter.php" line="13" assertions="2" time="0.033541"/>
        <testcase name="test_add_filter_with_object" class="Tests_WP_Hook_Add_Filter" classname="Tests_WP_Hook_Add_Filter" file="/home/meng/Desktop/wptest/wordpress-develop/tests/phpunit/tests/hooks/addFilter.php" line="27" assertions="2" time="0.034073"/>
        <testcase name="test_add_filter_with_static_method" class="Tests_WP_Hook_Add_Filter" classname="Tests_WP_Hook_Add_Filter" file="/home/meng/Desktop/wptest/wordpress-develop/tests/phpunit/tests/hooks/addFilter.php" line="42" assertions="2" time="0.032741"/>
        <testcase name="test_add_two_filters_with_same_priority" class="Tests_WP_Hook_Add_Filter" classname="Tests_WP_Hook_Add_Filter" file="/home/meng/Desktop/wptest/wordpress-develop/tests/phpunit/tests/hooks/addFilter.php" line="56" assertions="2" time="0.033131"/>
        <testcase name="test_add_two_filters_with_different_priority" class="Tests_WP_Hook_Add_Filter" classname="Tests_WP_Hook_Add_Filter" file="/home/meng/Desktop/wptest/wordpress-develop/tests/phpunit/tests/hooks/addFilter.php" line="71" assertions="3" time="0.034051"/>
        <testcase name="test_readd_filter" class="Tests_WP_Hook_Add_Filter" classname="Tests_WP_Hook_Add_Filter" file="/home/meng/Desktop/wptest/wordpress-develop/tests/phpunit/tests/hooks/addFilter.php" line="87" assertions="2" time="0.032468"/>
        <testcase name="test_readd_filter_with_different_priority" class="Tests_WP_Hook_Add_Filter" classname="Tests_WP_Hook_Add_Filter" file="/home/meng/Desktop/wptest/wordpress-develop/tests/phpunit/tests/hooks/addFilter.php" line="101" assertions="3" time="0.032953"/>
        <testcase name="test_sort_after_add_filter" class="Tests_WP_Hook_Add_Filter" classname="Tests_WP_Hook_Add_Filter" file="/home/meng/Desktop/wptest/wordpress-develop/tests/phpunit/tests/hooks/addFilter.php" line="116" assertions="1" time="0.037280"/>
        <testcase name="test_remove_and_add" class="Tests_WP_Hook_Add_Filter" classname="Tests_WP_Hook_Add_Filter" file="/home/meng/Desktop/wptest/wordpress-develop/tests/phpunit/tests/hooks/addFilter.php" line="130" assertions="1" time="0.035846"/>
        <testcase name="test_remove_and_add_last_filter" class="Tests_WP_Hook_Add_Filter" classname="Tests_WP_Hook_Add_Filter" file="/home/meng/Desktop/wptest/wordpress-develop/tests/phpunit/tests/hooks/addFilter.php" line="144" assertions="1" time="0.035871"/>
        <testcase name="test_remove_and_recurse_and_add" class="Tests_WP_Hook_Add_Filter" classname="Tests_WP_Hook_Add_Filter" file="/home/meng/Desktop/wptest/wordpress-develop/tests/phpunit/tests/hooks/addFilter.php" line="158" assertions="1" time="0.035691"/>
        <testcase name="test_remove_and_add_action" class="Tests_WP_Hook_Add_Filter" classname="Tests_WP_Hook_Add_Filter" file="/home/meng/Desktop/wptest/wordpress-develop/tests/phpunit/tests/hooks/addFilter.php" line="203" assertions="1" time="0.037351"/>
        <testcase name="test_remove_and_add_last_action" class="Tests_WP_Hook_Add_Filter" classname="Tests_WP_Hook_Add_Filter" file="/home/meng/Desktop/wptest/wordpress-develop/tests/phpunit/tests/hooks/addFilter.php" line="218" assertions="1" time="0.033359"/>
        <testcase name="test_remove_and_recurse_and_add_action" class="Tests_WP_Hook_Add_Filter" classname="Tests_WP_Hook_Add_Filter" file="/home/meng/Desktop/wptest/wordpress-develop/tests/phpunit/tests/hooks/addFilter.php" line="233" assertions="1" time="0.034629"/>
      </testsuite>
      <testsuite name="Tests_WP_Hook_Apply_Filters" file="/home/meng/Desktop/wptest/wordpress-develop/tests/phpunit/tests/hooks/applyFilters.php" tests="2" assertions="4" errors="0" failures="0" skipped="0" time="0.066988">
        <testcase name="test_apply_filters_with_callback" class="Tests_WP_Hook_Apply_Filters" classname="Tests_WP_Hook_Apply_Filters" file="/home/meng/Desktop/wptest/wordpress-develop/tests/phpunit/tests/hooks/applyFilters.php" line="10" assertions="2" time="0.033023"/>
        <testcase name="test_apply_filters_with_multiple_calls" class="Tests_WP_Hook_Apply_Filters" classname="Tests_WP_Hook_Apply_Filters" file="/home/meng/Desktop/wptest/wordpress-develop/tests/phpunit/tests/hooks/applyFilters.php" line="27" assertions="2" time="0.033965"/>
      </testsuite>
      <testsuite name="Tests_WP_Hook_Do_Action" file="/home/meng/Desktop/wptest/wordpress-develop/tests/phpunit/tests/hooks/doAction.php" tests="8" assertions="10" errors="0" failures="0" skipped="0" time="0.266472">
        <testcase name="test_do_action_with_callback" class="Tests_WP_Hook_Do_Action" classname="Tests_WP_Hook_Do_Action" file="/home/meng/Desktop/wptest/wordpress-develop/tests/phpunit/tests/hooks/doAction.php" line="18" assertions="1" time="0.031779"/>
        <testcase name="test_do_action_with_multiple_calls" class="Tests_WP_Hook_Do_Action" classname="Tests_WP_Hook_Do_Action" file="/home/meng/Desktop/wptest/wordpress-develop/tests/phpunit/tests/hooks/doAction.php" line="33" assertions="1" time="0.032905"/>
        <testcase name="test_do_action_with_multiple_callbacks_on_same_priority" class="Tests_WP_Hook_Do_Action" classname="Tests_WP_Hook_Do_Action" file="/home/meng/Desktop/wptest/wordpress-develop/tests/phpunit/tests/hooks/doAction.php" line="49" assertions="2" time="0.033459"/>
        <testcase name="test_do_action_with_multiple_callbacks_on_different_priorities" class="Tests_WP_Hook_Do_Action" classname="Tests_WP_Hook_Do_Action" file="/home/meng/Desktop/wptest/wordpress-develop/tests/phpunit/tests/hooks/doAction.php" line="68" assertions="2" time="0.034490"/>
        <testcase name="test_do_action_with_no_accepted_args" class="Tests_WP_Hook_Do_Action" classname="Tests_WP_Hook_Do_Action" file="/home/meng/Desktop/wptest/wordpress-develop/tests/phpunit/tests/hooks/doAction.php" line="87" assertions="1" time="0.033066"/>
        <testcase name="test_do_action_with_one_accepted_arg" class="Tests_WP_Hook_Do_Action" classname="Tests_WP_Hook_Do_Action" file="/home/meng/Desktop/wptest/wordpress-develop/tests/phpunit/tests/hooks/doAction.php" line="101" assertions="1" time="0.032784"/>
        <testcase name="test_do_action_with_more_accepted_args" class="Tests_WP_Hook_Do_Action" classname="Tests_WP_Hook_Do_Action" file="/home/meng/Desktop/wptest/wordpress-develop/tests/phpunit/tests/hooks/doAction.php" line="115" assertions="1" time="0.033673"/>
        <testcase name="test_do_action_doesnt_change_value" class="Tests_WP_Hook_Do_Action" classname="Tests_WP_Hook_Do_Action" file="/home/meng/Desktop/wptest/wordpress-develop/tests/phpunit/tests/hooks/doAction.php" line="129" assertions="1" time="0.034316"/>
      </testsuite>
      <testsuite name="Tests_WP_Hook_Do_All_Hook" file="/home/meng/Desktop/wptest/wordpress-develop/tests/phpunit/tests/hooks/doAllHook.php" tests="1" assertions="1" errors="0" failures="0" skipped="0" time="0.032310">
        <testcase name="test_do_all_hook_with_multiple_calls" class="Tests_WP_Hook_Do_All_Hook" classname="Tests_WP_Hook_Do_All_Hook" file="/home/meng/Desktop/wptest/wordpress-develop/tests/phpunit/tests/hooks/doAllHook.php" line="10" assertions="1" time="0.032310"/>
      </testsuite>
      <testsuite name="Tests_WP_Hook_Has_Filter" file="/home/meng/Desktop/wptest/wordpress-develop/tests/phpunit/tests/hooks/hasFilter.php" tests="7" assertions="7" errors="0" failures="0" skipped="0" time="0.241494">
        <testcase name="test_has_filter_with_function" class="Tests_WP_Hook_Has_Filter" classname="Tests_WP_Hook_Has_Filter" file="/home/meng/Desktop/wptest/wordpress-develop/tests/phpunit/tests/hooks/hasFilter.php" line="10" assertions="1" time="0.035657"/>
        <testcase name="test_has_filter_with_object" class="Tests_WP_Hook_Has_Filter" classname="Tests_WP_Hook_Has_Filter" file="/home/meng/Desktop/wptest/wordpress-develop/tests/phpunit/tests/hooks/hasFilter.php" line="22" assertions="1" time="0.032973"/>
        <testcase name="test_has_filter_with_static_method" class="Tests_WP_Hook_Has_Filter" classname="Tests_WP_Hook_Has_Filter" file="/home/meng/Desktop/wptest/wordpress-develop/tests/phpunit/tests/hooks/hasFilter.php" line="35" assertions="1" time="0.033038"/>
        <testcase name="test_has_filter_without_callback" class="Tests_WP_Hook_Has_Filter" classname="Tests_WP_Hook_Has_Filter" file="/home/meng/Desktop/wptest/wordpress-develop/tests/phpunit/tests/hooks/hasFilter.php" line="47" assertions="1" time="0.034278"/>
        <testcase name="test_not_has_filter_without_callback" class="Tests_WP_Hook_Has_Filter" classname="Tests_WP_Hook_Has_Filter" file="/home/meng/Desktop/wptest/wordpress-develop/tests/phpunit/tests/hooks/hasFilter.php" line="59" assertions="1" time="0.033835"/>
        <testcase name="test_not_has_filter_with_callback" class="Tests_WP_Hook_Has_Filter" classname="Tests_WP_Hook_Has_Filter" file="/home/meng/Desktop/wptest/wordpress-develop/tests/phpunit/tests/hooks/hasFilter.php" line="64" assertions="1" time="0.035288"/>
        <testcase name="test_has_filter_with_wrong_callback" class="Tests_WP_Hook_Has_Filter" classname="Tests_WP_Hook_Has_Filter" file="/home/meng/Desktop/wptest/wordpress-develop/tests/phpunit/tests/hooks/hasFilter.php" line="72" assertions="1" time="0.036425"/>
      </testsuite>
      <testsuite name="Tests_WP_Hook_Has_Filters" file="/home/meng/Desktop/wptest/wordpress-develop/tests/phpunit/tests/hooks/hasFilters.php" tests="4" assertions="4" errors="0" failures="0" skipped="0" time="0.138557">
        <testcase name="test_has_filters_with_callback" class="Tests_WP_Hook_Has_Filters" classname="Tests_WP_Hook_Has_Filters" file="/home/meng/Desktop/wptest/wordpress-develop/tests/phpunit/tests/hooks/hasFilters.php" line="10" assertions="1" time="0.034130"/>
        <testcase name="test_has_filters_without_callback" class="Tests_WP_Hook_Has_Filters" classname="Tests_WP_Hook_Has_Filters" file="/home/meng/Desktop/wptest/wordpress-develop/tests/phpunit/tests/hooks/hasFilters.php" line="22" assertions="1" time="0.035594"/>
        <testcase name="test_not_has_filters_with_removed_callback" class="Tests_WP_Hook_Has_Filters" classname="Tests_WP_Hook_Has_Filters" file="/home/meng/Desktop/wptest/wordpress-develop/tests/phpunit/tests/hooks/hasFilters.php" line="27" assertions="1" time="0.035014"/>
        <testcase name="test_not_has_filter_with_directly_removed_callback" class="Tests_WP_Hook_Has_Filters" classname="Tests_WP_Hook_Has_Filters" file="/home/meng/Desktop/wptest/wordpress-develop/tests/phpunit/tests/hooks/hasFilters.php" line="39" assertions="1" time="0.033819"/>
      </testsuite>
      <testsuite name="Tests_WP_Hook_Iterator" file="/home/meng/Desktop/wptest/wordpress-develop/tests/phpunit/tests/hooks/iterator.php" tests="1" assertions="2" errors="0" failures="0" skipped="0" time="0.034822">
        <testcase name="test_foreach" class="Tests_WP_Hook_Iterator" classname="Tests_WP_Hook_Iterator" file="/home/meng/Desktop/wptest/wordpress-develop/tests/phpunit/tests/hooks/iterator.php" line="10" assertions="2" time="0.034822"/>
      </testsuite>
      <testsuite name="Tests_WP_Hook_Preinit_Hooks" file="/home/meng/Desktop/wptest/wordpress-develop/tests/phpunit/tests/hooks/preinitHooks.php" tests="1" assertions="2" errors="0" failures="0" skipped="0" time="0.034165">
        <testcase name="test_array_to_hooks" class="Tests_WP_Hook_Preinit_Hooks" classname="Tests_WP_Hook_Preinit_Hooks" file="/home/meng/Desktop/wptest/wordpress-develop/tests/phpunit/tests/hooks/preinitHooks.php" line="10" assertions="2" time="0.034165"/>
      </testsuite>
      <testsuite name="Tests_WP_Hook_Remove_All_Filters" file="/home/meng/Desktop/wptest/wordpress-develop/tests/phpunit/tests/hooks/removeAllFilters.php" tests="2" assertions="4" errors="0" failures="0" skipped="0" time="0.075104">
        <testcase name="test_remove_all_filters" class="Tests_WP_Hook_Remove_All_Filters" classname="Tests_WP_Hook_Remove_All_Filters" file="/home/meng/Desktop/wptest/wordpress-develop/tests/phpunit/tests/hooks/removeAllFilters.php" line="10" assertions="1" time="0.037593"/>
        <testcase name="test_remove_all_filters_with_priority" class="Tests_WP_Hook_Remove_All_Filters" classname="Tests_WP_Hook_Remove_All_Filters" file="/home/meng/Desktop/wptest/wordpress-develop/tests/phpunit/tests/hooks/removeAllFilters.php" line="24" assertions="3" time="0.037511"/>
      </testsuite>
      <testsuite name="Tests_WP_Hook_Remove_Filter" file="/home/meng/Desktop/wptest/wordpress-develop/tests/phpunit/tests/hooks/removeFilter.php" tests="5" assertions="6" errors="0" failures="0" skipped="0" time="0.171348">
        <testcase name="test_remove_filter_with_function" class="Tests_WP_Hook_Remove_Filter" classname="Tests_WP_Hook_Remove_Filter" file="/home/meng/Desktop/wptest/wordpress-develop/tests/phpunit/tests/hooks/removeFilter.php" line="10" assertions="1" time="0.033082"/>
        <testcase name="test_remove_filter_with_object" class="Tests_WP_Hook_Remove_Filter" classname="Tests_WP_Hook_Remove_Filter" file="/home/meng/Desktop/wptest/wordpress-develop/tests/phpunit/tests/hooks/removeFilter.php" line="23" assertions="1" time="0.033941"/>
        <testcase name="test_remove_filter_with_static_method" class="Tests_WP_Hook_Remove_Filter" classname="Tests_WP_Hook_Remove_Filter" file="/home/meng/Desktop/wptest/wordpress-develop/tests/phpunit/tests/hooks/removeFilter.php" line="37" assertions="1" time="0.035686"/>
        <testcase name="test_remove_filters_with_another_at_same_priority" class="Tests_WP_Hook_Remove_Filter" classname="Tests_WP_Hook_Remove_Filter" file="/home/meng/Desktop/wptest/wordpress-develop/tests/phpunit/tests/hooks/removeFilter.php" line="50" assertions="1" time="0.035373"/>
        <testcase name="test_remove_filter_with_another_at_different_priority" class="Tests_WP_Hook_Remove_Filter" classname="Tests_WP_Hook_Remove_Filter" file="/home/meng/Desktop/wptest/wordpress-develop/tests/phpunit/tests/hooks/removeFilter.php" line="66" assertions="2" time="0.033266"/>
      </testsuite>
      <testsuite name="Tests_HTTP_GetHttpHeaders" file="/home/meng/Desktop/wptest/wordpress-develop/tests/phpunit/tests/http/getHttpHeaders.php" tests="3" assertions="3" errors="0" failures="0" skipped="0" time="0.101923">
        <testcase name="test_wp_get_http_headers_valid_url" class="Tests_HTTP_GetHttpHeaders" classname="Tests_HTTP_GetHttpHeaders" file="/home/meng/Desktop/wptest/wordpress-develop/tests/phpunit/tests/http/getHttpHeaders.php" line="31" assertions="1" time="0.036274"/>
        <testcase name="test_wp_get_http_headers_invalid_url" class="Tests_HTTP_GetHttpHeaders" classname="Tests_HTTP_GetHttpHeaders" file="/home/meng/Desktop/wptest/wordpress-develop/tests/phpunit/tests/http/getHttpHeaders.php" line="39" assertions="1" time="0.032801"/>
        <testcase name="test_wp_get_http_headers_deprecated_argument" class="Tests_HTTP_GetHttpHeaders" classname="Tests_HTTP_GetHttpHeaders" file="/home/meng/Desktop/wptest/wordpress-develop/tests/phpunit/tests/http/getHttpHeaders.php" line="47" assertions="1" time="0.032848"/>
      </testsuite>
      <testsuite name="Tests_HTTP_HTTP" file="/home/meng/Desktop/wptest/wordpress-develop/tests/phpunit/tests/http/http.php" tests="91" assertions="95" errors="0" failures="0" skipped="0" time="3.083836">
        <testsuite name="Tests_HTTP_HTTP::test_make_absolute_url" tests="25" assertions="25" errors="0" failures="0" skipped="0" time="0.860921">
          <testcase name="test_make_absolute_url with data set #0" class="Tests_HTTP_HTTP" classname="Tests_HTTP_HTTP" file="/home/meng/Desktop/wptest/wordpress-develop/tests/phpunit/tests/http/http.php" line="14" assertions="1" time="0.035300"/>
          <testcase name="test_make_absolute_url with data set #1" class="Tests_HTTP_HTTP" classname="Tests_HTTP_HTTP" file="/home/meng/Desktop/wptest/wordpress-develop/tests/phpunit/tests/http/http.php" line="14" assertions="1" time="0.033533"/>
          <testcase name="test_make_absolute_url with data set #2" class="Tests_HTTP_HTTP" classname="Tests_HTTP_HTTP" file="/home/meng/Desktop/wptest/wordpress-develop/tests/phpunit/tests/http/http.php" line="14" assertions="1" time="0.033577"/>
          <testcase name="test_make_absolute_url with data set #3" class="Tests_HTTP_HTTP" classname="Tests_HTTP_HTTP" file="/home/meng/Desktop/wptest/wordpress-develop/tests/phpunit/tests/http/http.php" line="14" assertions="1" time="0.033533"/>
          <testcase name="test_make_absolute_url with data set #4" class="Tests_HTTP_HTTP" classname="Tests_HTTP_HTTP" file="/home/meng/Desktop/wptest/wordpress-develop/tests/phpunit/tests/http/http.php" line="14" assertions="1" time="0.033382"/>
          <testcase name="test_make_absolute_url with data set #5" class="Tests_HTTP_HTTP" classname="Tests_HTTP_HTTP" file="/home/meng/Desktop/wptest/wordpress-develop/tests/phpunit/tests/http/http.php" line="14" assertions="1" time="0.033838"/>
          <testcase name="test_make_absolute_url with data set #6" class="Tests_HTTP_HTTP" classname="Tests_HTTP_HTTP" file="/home/meng/Desktop/wptest/wordpress-develop/tests/phpunit/tests/http/http.php" line="14" assertions="1" time="0.032856"/>
          <testcase name="test_make_absolute_url with data set #7" class="Tests_HTTP_HTTP" classname="Tests_HTTP_HTTP" file="/home/meng/Desktop/wptest/wordpress-develop/tests/phpunit/tests/http/http.php" line="14" assertions="1" time="0.032338"/>
          <testcase name="test_make_absolute_url with data set #8" class="Tests_HTTP_HTTP" classname="Tests_HTTP_HTTP" file="/home/meng/Desktop/wptest/wordpress-develop/tests/phpunit/tests/http/http.php" line="14" assertions="1" time="0.033060"/>
          <testcase name="test_make_absolute_url with data set #9" class="Tests_HTTP_HTTP" classname="Tests_HTTP_HTTP" file="/home/meng/Desktop/wptest/wordpress-develop/tests/phpunit/tests/http/http.php" line="14" assertions="1" time="0.033506"/>
          <testcase name="test_make_absolute_url with data set #10" class="Tests_HTTP_HTTP" classname="Tests_HTTP_HTTP" file="/home/meng/Desktop/wptest/wordpress-develop/tests/phpunit/tests/http/http.php" line="14" assertions="1" time="0.037808"/>
          <testcase name="test_make_absolute_url with data set #11" class="Tests_HTTP_HTTP" classname="Tests_HTTP_HTTP" file="/home/meng/Desktop/wptest/wordpress-develop/tests/phpunit/tests/http/http.php" line="14" assertions="1" time="0.033802"/>
          <testcase name="test_make_absolute_url with data set #12" class="Tests_HTTP_HTTP" classname="Tests_HTTP_HTTP" file="/home/meng/Desktop/wptest/wordpress-develop/tests/phpunit/tests/http/http.php" line="14" assertions="1" time="0.033419"/>
          <testcase name="test_make_absolute_url with data set #13" class="Tests_HTTP_HTTP" classname="Tests_HTTP_HTTP" file="/home/meng/Desktop/wptest/wordpress-develop/tests/phpunit/tests/http/http.php" line="14" assertions="1" time="0.034270"/>
          <testcase name="test_make_absolute_url with data set #14" class="Tests_HTTP_HTTP" classname="Tests_HTTP_HTTP" file="/home/meng/Desktop/wptest/wordpress-develop/tests/phpunit/tests/http/http.php" line="14" assertions="1" time="0.035488"/>
          <testcase name="test_make_absolute_url with data set #15" class="Tests_HTTP_HTTP" classname="Tests_HTTP_HTTP" file="/home/meng/Desktop/wptest/wordpress-develop/tests/phpunit/tests/http/http.php" line="14" assertions="1" time="0.033521"/>
          <testcase name="test_make_absolute_url with data set #16" class="Tests_HTTP_HTTP" classname="Tests_HTTP_HTTP" file="/home/meng/Desktop/wptest/wordpress-develop/tests/phpunit/tests/http/http.php" line="14" assertions="1" time="0.034230"/>
          <testcase name="test_make_absolute_url with data set #17" class="Tests_HTTP_HTTP" classname="Tests_HTTP_HTTP" file="/home/meng/Desktop/wptest/wordpress-develop/tests/phpunit/tests/http/http.php" line="14" assertions="1" time="0.033859"/>
          <testcase name="test_make_absolute_url with data set #18" class="Tests_HTTP_HTTP" classname="Tests_HTTP_HTTP" file="/home/meng/Desktop/wptest/wordpress-develop/tests/phpunit/tests/http/http.php" line="14" assertions="1" time="0.035905"/>
          <testcase name="test_make_absolute_url with data set #19" class="Tests_HTTP_HTTP" classname="Tests_HTTP_HTTP" file="/home/meng/Desktop/wptest/wordpress-develop/tests/phpunit/tests/http/http.php" line="14" assertions="1" time="0.043842"/>
          <testcase name="test_make_absolute_url with data set #20" class="Tests_HTTP_HTTP" classname="Tests_HTTP_HTTP" file="/home/meng/Desktop/wptest/wordpress-develop/tests/phpunit/tests/http/http.php" line="14" assertions="1" time="0.034435"/>
          <testcase name="test_make_absolute_url with data set #21" class="Tests_HTTP_HTTP" classname="Tests_HTTP_HTTP" file="/home/meng/Desktop/wptest/wordpress-develop/tests/phpunit/tests/http/http.php" line="14" assertions="1" time="0.034377"/>
          <testcase name="test_make_absolute_url with data set #22" class="Tests_HTTP_HTTP" classname="Tests_HTTP_HTTP" file="/home/meng/Desktop/wptest/wordpress-develop/tests/phpunit/tests/http/http.php" line="14" assertions="1" time="0.032558"/>
          <testcase name="test_make_absolute_url with data set #23" class="Tests_HTTP_HTTP" classname="Tests_HTTP_HTTP" file="/home/meng/Desktop/wptest/wordpress-develop/tests/phpunit/tests/http/http.php" line="14" assertions="1" time="0.035381"/>
          <testcase name="test_make_absolute_url with data set #24" class="Tests_HTTP_HTTP" classname="Tests_HTTP_HTTP" file="/home/meng/Desktop/wptest/wordpress-develop/tests/phpunit/tests/http/http.php" line="14" assertions="1" time="0.033104"/>
        </testsuite>
        <testsuite name="Tests_HTTP_HTTP::test_wp_parse_url" tests="14" assertions="14" errors="0" failures="0" skipped="0" time="0.497716">
          <testcase name="test_wp_parse_url with data set #0" class="Tests_HTTP_HTTP" classname="Tests_HTTP_HTTP" file="/home/meng/Desktop/wptest/wordpress-develop/tests/phpunit/tests/http/http.php" line="73" assertions="1" time="0.041357"/>
          <testcase name="test_wp_parse_url with data set #1" class="Tests_HTTP_HTTP" classname="Tests_HTTP_HTTP" file="/home/meng/Desktop/wptest/wordpress-develop/tests/phpunit/tests/http/http.php" line="73" assertions="1" time="0.032914"/>
          <testcase name="test_wp_parse_url with data set #2" class="Tests_HTTP_HTTP" classname="Tests_HTTP_HTTP" file="/home/meng/Desktop/wptest/wordpress-develop/tests/phpunit/tests/http/http.php" line="73" assertions="1" time="0.033972"/>
          <testcase name="test_wp_parse_url with data set #3" class="Tests_HTTP_HTTP" classname="Tests_HTTP_HTTP" file="/home/meng/Desktop/wptest/wordpress-develop/tests/phpunit/tests/http/http.php" line="73" assertions="1" time="0.032226"/>
          <testcase name="test_wp_parse_url with data set #4" class="Tests_HTTP_HTTP" classname="Tests_HTTP_HTTP" file="/home/meng/Desktop/wptest/wordpress-develop/tests/phpunit/tests/http/http.php" line="73" assertions="1" time="0.038927"/>
          <testcase name="test_wp_parse_url with data set #5" class="Tests_HTTP_HTTP" classname="Tests_HTTP_HTTP" file="/home/meng/Desktop/wptest/wordpress-develop/tests/phpunit/tests/http/http.php" line="73" assertions="1" time="0.036887"/>
          <testcase name="test_wp_parse_url with data set #6" class="Tests_HTTP_HTTP" classname="Tests_HTTP_HTTP" file="/home/meng/Desktop/wptest/wordpress-develop/tests/phpunit/tests/http/http.php" line="73" assertions="1" time="0.039127"/>
          <testcase name="test_wp_parse_url with data set #7" class="Tests_HTTP_HTTP" classname="Tests_HTTP_HTTP" file="/home/meng/Desktop/wptest/wordpress-develop/tests/phpunit/tests/http/http.php" line="73" assertions="1" time="0.034156"/>
          <testcase name="test_wp_parse_url with data set #8" class="Tests_HTTP_HTTP" classname="Tests_HTTP_HTTP" file="/home/meng/Desktop/wptest/wordpress-develop/tests/phpunit/tests/http/http.php" line="73" assertions="1" time="0.032463"/>
          <testcase name="test_wp_parse_url with data set #9" class="Tests_HTTP_HTTP" classname="Tests_HTTP_HTTP" file="/home/meng/Desktop/wptest/wordpress-develop/tests/phpunit/tests/http/http.php" line="73" assertions="1" time="0.034097"/>
          <testcase name="test_wp_parse_url with data set #10" class="Tests_HTTP_HTTP" classname="Tests_HTTP_HTTP" file="/home/meng/Desktop/wptest/wordpress-develop/tests/phpunit/tests/http/http.php" line="73" assertions="1" time="0.039310"/>
          <testcase name="test_wp_parse_url with data set #11" class="Tests_HTTP_HTTP" classname="Tests_HTTP_HTTP" file="/home/meng/Desktop/wptest/wordpress-develop/tests/phpunit/tests/http/http.php" line="73" assertions="1" time="0.033560"/>
          <testcase name="test_wp_parse_url with data set #12" class="Tests_HTTP_HTTP" classname="Tests_HTTP_HTTP" file="/home/meng/Desktop/wptest/wordpress-develop/tests/phpunit/tests/http/http.php" line="73" assertions="1" time="0.033635"/>
          <testcase name="test_wp_parse_url with data set #13" class="Tests_HTTP_HTTP" classname="Tests_HTTP_HTTP" file="/home/meng/Desktop/wptest/wordpress-develop/tests/phpunit/tests/http/http.php" line="73" assertions="1" time="0.035085"/>
        </testsuite>
        <testcase name="test_wp_parse_url_with_default_component" class="Tests_HTTP_HTTP" classname="Tests_HTTP_HTTP" file="/home/meng/Desktop/wptest/wordpress-develop/tests/phpunit/tests/http/http.php" line="184" assertions="1" time="0.033343"/>
        <testsuite name="Tests_HTTP_HTTP::test_wp_parse_url_with_component" tests="33" assertions="33" errors="0" failures="0" skipped="0" time="1.102065">
          <testcase name="test_wp_parse_url_with_component with data set #0" class="Tests_HTTP_HTTP" classname="Tests_HTTP_HTTP" file="/home/meng/Desktop/wptest/wordpress-develop/tests/phpunit/tests/http/http.php" line="206" assertions="1" time="0.035104"/>
          <testcase name="test_wp_parse_url_with_component with data set #1" class="Tests_HTTP_HTTP" classname="Tests_HTTP_HTTP" file="/home/meng/Desktop/wptest/wordpress-develop/tests/phpunit/tests/http/http.php" line="206" assertions="1" time="0.033846"/>
          <testcase name="test_wp_parse_url_with_component with data set #2" class="Tests_HTTP_HTTP" classname="Tests_HTTP_HTTP" file="/home/meng/Desktop/wptest/wordpress-develop/tests/phpunit/tests/http/http.php" line="206" assertions="1" time="0.033798"/>
          <testcase name="test_wp_parse_url_with_component with data set #3" class="Tests_HTTP_HTTP" classname="Tests_HTTP_HTTP" file="/home/meng/Desktop/wptest/wordpress-develop/tests/phpunit/tests/http/http.php" line="206" assertions="1" time="0.032720"/>
          <testcase name="test_wp_parse_url_with_component with data set #4" class="Tests_HTTP_HTTP" classname="Tests_HTTP_HTTP" file="/home/meng/Desktop/wptest/wordpress-develop/tests/phpunit/tests/http/http.php" line="206" assertions="1" time="0.032753"/>
          <testcase name="test_wp_parse_url_with_component with data set #5" class="Tests_HTTP_HTTP" classname="Tests_HTTP_HTTP" file="/home/meng/Desktop/wptest/wordpress-develop/tests/phpunit/tests/http/http.php" line="206" assertions="1" time="0.033487"/>
          <testcase name="test_wp_parse_url_with_component with data set #6" class="Tests_HTTP_HTTP" classname="Tests_HTTP_HTTP" file="/home/meng/Desktop/wptest/wordpress-develop/tests/phpunit/tests/http/http.php" line="206" assertions="1" time="0.034169"/>
          <testcase name="test_wp_parse_url_with_component with data set #7" class="Tests_HTTP_HTTP" classname="Tests_HTTP_HTTP" file="/home/meng/Desktop/wptest/wordpress-develop/tests/phpunit/tests/http/http.php" line="206" assertions="1" time="0.032446"/>
          <testcase name="test_wp_parse_url_with_component with data set #8" class="Tests_HTTP_HTTP" classname="Tests_HTTP_HTTP" file="/home/meng/Desktop/wptest/wordpress-develop/tests/phpunit/tests/http/http.php" line="206" assertions="1" time="0.033405"/>
          <testcase name="test_wp_parse_url_with_component with data set #9" class="Tests_HTTP_HTTP" classname="Tests_HTTP_HTTP" file="/home/meng/Desktop/wptest/wordpress-develop/tests/phpunit/tests/http/http.php" line="206" assertions="1" time="0.034738"/>
          <testcase name="test_wp_parse_url_with_component with data set #10" class="Tests_HTTP_HTTP" classname="Tests_HTTP_HTTP" file="/home/meng/Desktop/wptest/wordpress-develop/tests/phpunit/tests/http/http.php" line="206" assertions="1" time="0.033706"/>
          <testcase name="test_wp_parse_url_with_component with data set #11" class="Tests_HTTP_HTTP" classname="Tests_HTTP_HTTP" file="/home/meng/Desktop/wptest/wordpress-develop/tests/phpunit/tests/http/http.php" line="206" assertions="1" time="0.033056"/>
          <testcase name="test_wp_parse_url_with_component with data set #12" class="Tests_HTTP_HTTP" classname="Tests_HTTP_HTTP" file="/home/meng/Desktop/wptest/wordpress-develop/tests/phpunit/tests/http/http.php" line="206" assertions="1" time="0.033953"/>
          <testcase name="test_wp_parse_url_with_component with data set #13" class="Tests_HTTP_HTTP" classname="Tests_HTTP_HTTP" file="/home/meng/Desktop/wptest/wordpress-develop/tests/phpunit/tests/http/http.php" line="206" assertions="1" time="0.036314"/>
          <testcase name="test_wp_parse_url_with_component with data set #14" class="Tests_HTTP_HTTP" classname="Tests_HTTP_HTTP" file="/home/meng/Desktop/wptest/wordpress-develop/tests/phpunit/tests/http/http.php" line="206" assertions="1" time="0.034606"/>
          <testcase name="test_wp_parse_url_with_component with data set #15" class="Tests_HTTP_HTTP" classname="Tests_HTTP_HTTP" file="/home/meng/Desktop/wptest/wordpress-develop/tests/phpunit/tests/http/http.php" line="206" assertions="1" time="0.035706"/>
          <testcase name="test_wp_parse_url_with_component with data set #16" class="Tests_HTTP_HTTP" classname="Tests_HTTP_HTTP" file="/home/meng/Desktop/wptest/wordpress-develop/tests/phpunit/tests/http/http.php" line="206" assertions="1" time="0.032647"/>
          <testcase name="test_wp_parse_url_with_component with data set #17" class="Tests_HTTP_HTTP" classname="Tests_HTTP_HTTP" file="/home/meng/Desktop/wptest/wordpress-develop/tests/phpunit/tests/http/http.php" line="206" assertions="1" time="0.032637"/>
          <testcase name="test_wp_parse_url_with_component with data set #18" class="Tests_HTTP_HTTP" classname="Tests_HTTP_HTTP" file="/home/meng/Desktop/wptest/wordpress-develop/tests/phpunit/tests/http/http.php" line="206" assertions="1" time="0.032848"/>
          <testcase name="test_wp_parse_url_with_component with data set #19" class="Tests_HTTP_HTTP" classname="Tests_HTTP_HTTP" file="/home/meng/Desktop/wptest/wordpress-develop/tests/phpunit/tests/http/http.php" line="206" assertions="1" time="0.032747"/>
          <testcase name="test_wp_parse_url_with_component with data set #20" class="Tests_HTTP_HTTP" classname="Tests_HTTP_HTTP" file="/home/meng/Desktop/wptest/wordpress-develop/tests/phpunit/tests/http/http.php" line="206" assertions="1" time="0.032689"/>
          <testcase name="test_wp_parse_url_with_component with data set #21" class="Tests_HTTP_HTTP" classname="Tests_HTTP_HTTP" file="/home/meng/Desktop/wptest/wordpress-develop/tests/phpunit/tests/http/http.php" line="206" assertions="1" time="0.032725"/>
          <testcase name="test_wp_parse_url_with_component with data set #22" class="Tests_HTTP_HTTP" classname="Tests_HTTP_HTTP" file="/home/meng/Desktop/wptest/wordpress-develop/tests/phpunit/tests/http/http.php" line="206" assertions="1" time="0.033946"/>
          <testcase name="test_wp_parse_url_with_component with data set #23" class="Tests_HTTP_HTTP" classname="Tests_HTTP_HTTP" file="/home/meng/Desktop/wptest/wordpress-develop/tests/phpunit/tests/http/http.php" line="206" assertions="1" time="0.033076"/>
          <testcase name="test_wp_parse_url_with_component with data set #24" class="Tests_HTTP_HTTP" classname="Tests_HTTP_HTTP" file="/home/meng/Desktop/wptest/wordpress-develop/tests/phpunit/tests/http/http.php" line="206" assertions="1" time="0.034800"/>
          <testcase name="test_wp_parse_url_with_component with data set #25" class="Tests_HTTP_HTTP" classname="Tests_HTTP_HTTP" file="/home/meng/Desktop/wptest/wordpress-develop/tests/phpunit/tests/http/http.php" line="206" assertions="1" time="0.031522"/>
          <testcase name="test_wp_parse_url_with_component with data set #26" class="Tests_HTTP_HTTP" classname="Tests_HTTP_HTTP" file="/home/meng/Desktop/wptest/wordpress-develop/tests/phpunit/tests/http/http.php" line="206" assertions="1" time="0.032159"/>
          <testcase name="test_wp_parse_url_with_component with data set #27" class="Tests_HTTP_HTTP" classname="Tests_HTTP_HTTP" file="/home/meng/Desktop/wptest/wordpress-develop/tests/phpunit/tests/http/http.php" line="206" assertions="1" time="0.035565"/>
          <testcase name="test_wp_parse_url_with_component with data set #28" class="Tests_HTTP_HTTP" classname="Tests_HTTP_HTTP" file="/home/meng/Desktop/wptest/wordpress-develop/tests/phpunit/tests/http/http.php" line="206" assertions="1" time="0.032096"/>
          <testcase name="test_wp_parse_url_with_component with data set #29" class="Tests_HTTP_HTTP" classname="Tests_HTTP_HTTP" file="/home/meng/Desktop/wptest/wordpress-develop/tests/phpunit/tests/http/http.php" line="206" assertions="1" time="0.031307"/>
          <testcase name="test_wp_parse_url_with_component with data set #30" class="Tests_HTTP_HTTP" classname="Tests_HTTP_HTTP" file="/home/meng/Desktop/wptest/wordpress-develop/tests/phpunit/tests/http/http.php" line="206" assertions="1" time="0.032363"/>
          <testcase name="test_wp_parse_url_with_component with data set #31" class="Tests_HTTP_HTTP" classname="Tests_HTTP_HTTP" file="/home/meng/Desktop/wptest/wordpress-develop/tests/phpunit/tests/http/http.php" line="206" assertions="1" time="0.032356"/>
          <testcase name="test_wp_parse_url_with_component with data set #32" class="Tests_HTTP_HTTP" classname="Tests_HTTP_HTTP" file="/home/meng/Desktop/wptest/wordpress-develop/tests/phpunit/tests/http/http.php" line="206" assertions="1" time="0.032775"/>
        </testsuite>
        <testcase name="test_http_response_code_constants" class="Tests_HTTP_HTTP" classname="Tests_HTTP_HTTP" file="/home/meng/Desktop/wptest/wordpress-develop/tests/phpunit/tests/http/http.php" line="265" assertions="1" time="0.032226"/>
        <testcase name="test_normalize_cookies_scalar_values" class="Tests_HTTP_HTTP" classname="Tests_HTTP_HTTP" file="/home/meng/Desktop/wptest/wordpress-develop/tests/phpunit/tests/http/http.php" line="281" assertions="5" time="0.031277"/>
        <testsuite name="Tests_HTTP_HTTP::test_get_component_from_parsed_url_array" tests="6" assertions="6" errors="0" failures="0" skipped="0" time="0.196810">
          <testcase name="test_get_component_from_parsed_url_array with data set #0" class="Tests_HTTP_HTTP" classname="Tests_HTTP_HTTP" file="/home/meng/Desktop/wptest/wordpress-develop/tests/phpunit/tests/http/http.php" line="316" assertions="1" time="0.032017"/>
          <testcase name="test_get_component_from_parsed_url_array with data set #1" class="Tests_HTTP_HTTP" classname="Tests_HTTP_HTTP" file="/home/meng/Desktop/wptest/wordpress-develop/tests/phpunit/tests/http/http.php" line="316" assertions="1" time="0.033373"/>
          <testcase name="test_get_component_from_parsed_url_array with data set #2" class="Tests_HTTP_HTTP" classname="Tests_HTTP_HTTP" file="/home/meng/Desktop/wptest/wordpress-develop/tests/phpunit/tests/http/http.php" line="316" assertions="1" time="0.032774"/>
          <testcase name="test_get_component_from_parsed_url_array with data set #3" class="Tests_HTTP_HTTP" classname="Tests_HTTP_HTTP" file="/home/meng/Desktop/wptest/wordpress-develop/tests/phpunit/tests/http/http.php" line="316" assertions="1" time="0.033847"/>
          <testcase name="test_get_component_from_parsed_url_array with data set #4" class="Tests_HTTP_HTTP" classname="Tests_HTTP_HTTP" file="/home/meng/Desktop/wptest/wordpress-develop/tests/phpunit/tests/http/http.php" line="316" assertions="1" time="0.032915"/>
          <testcase name="test_get_component_from_parsed_url_array with data set #5" class="Tests_HTTP_HTTP" classname="Tests_HTTP_HTTP" file="/home/meng/Desktop/wptest/wordpress-develop/tests/phpunit/tests/http/http.php" line="316" assertions="1" time="0.031884"/>
        </testsuite>
        <testsuite name="Tests_HTTP_HTTP::test_wp_translate_php_url_constant_to_key" tests="10" assertions="10" errors="0" failures="0" skipped="0" time="0.329477">
          <testcase name="test_wp_translate_php_url_constant_to_key with data set #0" class="Tests_HTTP_HTTP" classname="Tests_HTTP_HTTP" file="/home/meng/Desktop/wptest/wordpress-develop/tests/phpunit/tests/http/http.php" line="355" assertions="1" time="0.032792"/>
          <testcase name="test_wp_translate_php_url_constant_to_key with data set #1" class="Tests_HTTP_HTTP" classname="Tests_HTTP_HTTP" file="/home/meng/Desktop/wptest/wordpress-develop/tests/phpunit/tests/http/http.php" line="355" assertions="1" time="0.032278"/>
          <testcase name="test_wp_translate_php_url_constant_to_key with data set #2" class="Tests_HTTP_HTTP" classname="Tests_HTTP_HTTP" file="/home/meng/Desktop/wptest/wordpress-develop/tests/phpunit/tests/http/http.php" line="355" assertions="1" time="0.032040"/>
          <testcase name="test_wp_translate_php_url_constant_to_key with data set #3" class="Tests_HTTP_HTTP" classname="Tests_HTTP_HTTP" file="/home/meng/Desktop/wptest/wordpress-develop/tests/phpunit/tests/http/http.php" line="355" assertions="1" time="0.035824"/>
          <testcase name="test_wp_translate_php_url_constant_to_key with data set #4" class="Tests_HTTP_HTTP" classname="Tests_HTTP_HTTP" file="/home/meng/Desktop/wptest/wordpress-develop/tests/phpunit/tests/http/http.php" line="355" assertions="1" time="0.032001"/>
          <testcase name="test_wp_translate_php_url_constant_to_key with data set #5" class="Tests_HTTP_HTTP" classname="Tests_HTTP_HTTP" file="/home/meng/Desktop/wptest/wordpress-develop/tests/phpunit/tests/http/http.php" line="355" assertions="1" time="0.034240"/>
          <testcase name="test_wp_translate_php_url_constant_to_key with data set #6" class="Tests_HTTP_HTTP" classname="Tests_HTTP_HTTP" file="/home/meng/Desktop/wptest/wordpress-develop/tests/phpunit/tests/http/http.php" line="355" assertions="1" time="0.031904"/>
          <testcase name="test_wp_translate_php_url_constant_to_key with data set #7" class="Tests_HTTP_HTTP" classname="Tests_HTTP_HTTP" file="/home/meng/Desktop/wptest/wordpress-develop/tests/phpunit/tests/http/http.php" line="355" assertions="1" time="0.034548"/>
          <testcase name="test_wp_translate_php_url_constant_to_key with data set #8" class="Tests_HTTP_HTTP" classname="Tests_HTTP_HTTP" file="/home/meng/Desktop/wptest/wordpress-develop/tests/phpunit/tests/http/http.php" line="355" assertions="1" time="0.031669"/>
          <testcase name="test_wp_translate_php_url_constant_to_key with data set #9" class="Tests_HTTP_HTTP" classname="Tests_HTTP_HTTP" file="/home/meng/Desktop/wptest/wordpress-develop/tests/phpunit/tests/http/http.php" line="355" assertions="1" time="0.032181"/>
        </testsuite>
      </testsuite>
      <testsuite name="Tests_HTTP_RemoteRetrieveHeaders" file="/home/meng/Desktop/wptest/wordpress-develop/tests/phpunit/tests/http/remoteRetrieveHeaders.php" tests="3" assertions="3" errors="0" failures="0" skipped="0" time="0.095010">
        <testcase name="test_remote_retrieve_headers_valid_response" class="Tests_HTTP_RemoteRetrieveHeaders" classname="Tests_HTTP_RemoteRetrieveHeaders" file="/home/meng/Desktop/wptest/wordpress-develop/tests/phpunit/tests/http/remoteRetrieveHeaders.php" line="11" assertions="1" time="0.031999"/>
        <testcase name="test_remote_retrieve_headers_is_error" class="Tests_HTTP_RemoteRetrieveHeaders" classname="Tests_HTTP_RemoteRetrieveHeaders" file="/home/meng/Desktop/wptest/wordpress-develop/tests/phpunit/tests/http/remoteRetrieveHeaders.php" line="22" assertions="1" time="0.031270"/>
        <testcase name="test_remote_retrieve_headers_invalid_response" class="Tests_HTTP_RemoteRetrieveHeaders" classname="Tests_HTTP_RemoteRetrieveHeaders" file="/home/meng/Desktop/wptest/wordpress-develop/tests/phpunit/tests/http/remoteRetrieveHeaders.php" line="32" assertions="1" time="0.031741"/>
      </testsuite>
      <testsuite name="Tests_Image_Dimensions" file="/home/meng/Desktop/wptest/wordpress-develop/tests/phpunit/tests/image/dimensions.php" tests="12" assertions="28" errors="0" failures="0" skipped="0" time="0.399184">
        <testcase name="test_400x400_no_crop" class="Tests_Image_Dimensions" classname="Tests_Image_Dimensions" file="/home/meng/Desktop/wptest/wordpress-develop/tests/phpunit/tests/image/dimensions.php" line="9" assertions="2" time="0.036118"/>
        <testcase name="test_400x0_no_crop" class="Tests_Image_Dimensions" classname="Tests_Image_Dimensions" file="/home/meng/Desktop/wptest/wordpress-develop/tests/phpunit/tests/image/dimensions.php" line="21" assertions="2" time="0.031100"/>
        <testcase name="test_0x400_no_crop" class="Tests_Image_Dimensions" classname="Tests_Image_Dimensions" file="/home/meng/Desktop/wptest/wordpress-develop/tests/phpunit/tests/image/dimensions.php" line="33" assertions="2" time="0.032721"/>
        <testcase name="test_800x800_no_crop" class="Tests_Image_Dimensions" classname="Tests_Image_Dimensions" file="/home/meng/Desktop/wptest/wordpress-develop/tests/phpunit/tests/image/dimensions.php" line="45" assertions="2" time="0.031214"/>
        <testcase name="test_800x0_no_crop" class="Tests_Image_Dimensions" classname="Tests_Image_Dimensions" file="/home/meng/Desktop/wptest/wordpress-develop/tests/phpunit/tests/image/dimensions.php" line="57" assertions="2" time="0.033919"/>
        <testcase name="test_0x800_no_crop" class="Tests_Image_Dimensions" classname="Tests_Image_Dimensions" file="/home/meng/Desktop/wptest/wordpress-develop/tests/phpunit/tests/image/dimensions.php" line="69" assertions="2" time="0.031666"/>
        <testcase name="test_400x400_crop" class="Tests_Image_Dimensions" classname="Tests_Image_Dimensions" file="/home/meng/Desktop/wptest/wordpress-develop/tests/phpunit/tests/image/dimensions.php" line="83" assertions="2" time="0.034227"/>
        <testcase name="test_400x0_crop" class="Tests_Image_Dimensions" classname="Tests_Image_Dimensions" file="/home/meng/Desktop/wptest/wordpress-develop/tests/phpunit/tests/image/dimensions.php" line="95" assertions="2" time="0.035983"/>
        <testcase name="test_0x400_crop" class="Tests_Image_Dimensions" classname="Tests_Image_Dimensions" file="/home/meng/Desktop/wptest/wordpress-develop/tests/phpunit/tests/image/dimensions.php" line="107" assertions="2" time="0.031145"/>
        <testcase name="test_400x500_crop" class="Tests_Image_Dimensions" classname="Tests_Image_Dimensions" file="/home/meng/Desktop/wptest/wordpress-develop/tests/phpunit/tests/image/dimensions.php" line="119" assertions="2" time="0.033591"/>
        <testcase name="test_640x480" class="Tests_Image_Dimensions" classname="Tests_Image_Dimensions" file="/home/meng/Desktop/wptest/wordpress-develop/tests/phpunit/tests/image/dimensions.php" line="131" assertions="4" time="0.034643"/>
        <testcase name="test_crop_anchors" class="Tests_Image_Dimensions" classname="Tests_Image_Dimensions" file="/home/meng/Desktop/wptest/wordpress-develop/tests/phpunit/tests/image/dimensions.php" line="159" assertions="4" time="0.032857"/>
      </testsuite>
      <testsuite name="Tests_Image_Editor" file="/home/meng/Desktop/wptest/wordpress-develop/tests/phpunit/tests/image/editor.php" tests="6" assertions="19" errors="0" failures="0" skipped="0" time="0.203091">
        <testcase name="test_get_editor_load_returns_true" class="Tests_Image_Editor" classname="Tests_Image_Editor" file="/home/meng/Desktop/wptest/wordpress-develop/tests/phpunit/tests/image/editor.php" line="30" assertions="1" time="0.033673"/>
        <testcase name="test_get_editor_load_returns_false" class="Tests_Image_Editor" classname="Tests_Image_Editor" file="/home/meng/Desktop/wptest/wordpress-develop/tests/phpunit/tests/image/editor.php" line="41" assertions="1" time="0.035572"/>
        <testcase name="test_set_quality" class="Tests_Image_Editor" classname="Tests_Image_Editor" file="/home/meng/Desktop/wptest/wordpress-develop/tests/phpunit/tests/image/editor.php" line="70" assertions="7" time="0.034333"/>
        <testcase name="test_generate_filename" class="Tests_Image_Editor" classname="Tests_Image_Editor" file="/home/meng/Desktop/wptest/wordpress-develop/tests/phpunit/tests/image/editor.php" line="117" assertions="6" time="0.034544"/>
        <testcase name="test_get_size" class="Tests_Image_Editor" classname="Tests_Image_Editor" file="/home/meng/Desktop/wptest/wordpress-develop/tests/phpunit/tests/image/editor.php" line="156" assertions="2" time="0.032908"/>
        <testcase name="test_get_suffix" class="Tests_Image_Editor" classname="Tests_Image_Editor" file="/home/meng/Desktop/wptest/wordpress-develop/tests/phpunit/tests/image/editor.php" line="180" assertions="2" time="0.032061"/>
      </testsuite>
      <testsuite name="Tests_Image_Editor_GD" file="/home/meng/Desktop/wptest/wordpress-develop/tests/phpunit/tests/image/editorGd.php" tests="15" assertions="0" errors="0" failures="0" skipped="15" time="0.484676">
        <testcase name="test_supports_mime_type_jpeg" class="Tests_Image_Editor_GD" classname="Tests_Image_Editor_GD" file="/home/meng/Desktop/wptest/wordpress-develop/tests/phpunit/tests/image/editorGd.php" line="35" assertions="0" time="0.036282">
          <skipped/>
        </testcase>
        <testcase name="test_supports_mime_type_png" class="Tests_Image_Editor_GD" classname="Tests_Image_Editor_GD" file="/home/meng/Desktop/wptest/wordpress-develop/tests/phpunit/tests/image/editorGd.php" line="41" assertions="0" time="0.034245">
          <skipped/>
        </testcase>
        <testcase name="test_supports_mime_type_gif" class="Tests_Image_Editor_GD" classname="Tests_Image_Editor_GD" file="/home/meng/Desktop/wptest/wordpress-develop/tests/phpunit/tests/image/editorGd.php" line="47" assertions="0" time="0.031737">
          <skipped/>
        </testcase>
        <testcase name="test_resize" class="Tests_Image_Editor_GD" classname="Tests_Image_Editor_GD" file="/home/meng/Desktop/wptest/wordpress-develop/tests/phpunit/tests/image/editorGd.php" line="56" assertions="0" time="0.032934">
          <skipped/>
        </testcase>
        <testcase name="test_single_multi_resize" class="Tests_Image_Editor_GD" classname="Tests_Image_Editor_GD" file="/home/meng/Desktop/wptest/wordpress-develop/tests/phpunit/tests/image/editorGd.php" line="76" assertions="0" time="0.031308">
          <skipped/>
        </testcase>
        <testcase name="test_multi_resize_does_not_create" class="Tests_Image_Editor_GD" classname="Tests_Image_Editor_GD" file="/home/meng/Desktop/wptest/wordpress-develop/tests/phpunit/tests/image/editorGd.php" line="118" assertions="0" time="0.032045">
          <skipped/>
        </testcase>
        <testcase name="test_multi_resize" class="Tests_Image_Editor_GD" classname="Tests_Image_Editor_GD" file="/home/meng/Desktop/wptest/wordpress-develop/tests/phpunit/tests/image/editorGd.php" line="186" assertions="0" time="0.030978">
          <skipped/>
        </testcase>
        <testcase name="test_resize_and_crop" class="Tests_Image_Editor_GD" classname="Tests_Image_Editor_GD" file="/home/meng/Desktop/wptest/wordpress-develop/tests/phpunit/tests/image/editorGd.php" line="390" assertions="0" time="0.031860">
          <skipped/>
        </testcase>
        <testcase name="test_crop" class="Tests_Image_Editor_GD" classname="Tests_Image_Editor_GD" file="/home/meng/Desktop/wptest/wordpress-develop/tests/phpunit/tests/image/editorGd.php" line="410" assertions="0" time="0.032529">
          <skipped/>
        </testcase>
        <testcase name="test_rotate" class="Tests_Image_Editor_GD" classname="Tests_Image_Editor_GD" file="/home/meng/Desktop/wptest/wordpress-develop/tests/phpunit/tests/image/editorGd.php" line="430" assertions="0" time="0.031092">
          <skipped/>
        </testcase>
        <testcase name="test_flip" class="Tests_Image_Editor_GD" classname="Tests_Image_Editor_GD" file="/home/meng/Desktop/wptest/wordpress-develop/tests/phpunit/tests/image/editorGd.php" line="449" assertions="0" time="0.031201">
          <skipped/>
        </testcase>
        <testcase name="test_image_preserves_alpha_on_resize" class="Tests_Image_Editor_GD" classname="Tests_Image_Editor_GD" file="/home/meng/Desktop/wptest/wordpress-develop/tests/phpunit/tests/image/editorGd.php" line="470" assertions="0" time="0.031965">
          <skipped/>
        </testcase>
        <testcase name="test_image_preserves_alpha" class="Tests_Image_Editor_GD" classname="Tests_Image_Editor_GD" file="/home/meng/Desktop/wptest/wordpress-develop/tests/phpunit/tests/image/editorGd.php" line="497" assertions="0" time="0.031457">
          <skipped/>
        </testcase>
        <testcase name="test_image_preserves_alpha_on_rotate" class="Tests_Image_Editor_GD" classname="Tests_Image_Editor_GD" file="/home/meng/Desktop/wptest/wordpress-develop/tests/phpunit/tests/image/editorGd.php" line="522" assertions="0" time="0.032280">
          <skipped/>
        </testcase>
        <testcase name="test_image_non_existent_extension" class="Tests_Image_Editor_GD" classname="Tests_Image_Editor_GD" file="/home/meng/Desktop/wptest/wordpress-develop/tests/phpunit/tests/image/editorGd.php" line="551" assertions="0" time="0.032763">
          <skipped/>
        </testcase>
      </testsuite>
      <testsuite name="Tests_Image_Editor_Imagick" file="/home/meng/Desktop/wptest/wordpress-develop/tests/phpunit/tests/image/editorImagick.php" tests="15" assertions="0" errors="0" failures="0" skipped="15" time="0.491610">
        <testcase name="test_supports_mime_type" class="Tests_Image_Editor_Imagick" classname="Tests_Image_Editor_Imagick" file="/home/meng/Desktop/wptest/wordpress-develop/tests/phpunit/tests/image/editorImagick.php" line="39" assertions="0" time="0.031520">
          <skipped/>
        </testcase>
        <testcase name="test_resize" class="Tests_Image_Editor_Imagick" classname="Tests_Image_Editor_Imagick" file="/home/meng/Desktop/wptest/wordpress-develop/tests/phpunit/tests/image/editorImagick.php" line="50" assertions="0" time="0.031399">
          <skipped/>
        </testcase>
        <testcase name="test_single_multi_resize" class="Tests_Image_Editor_Imagick" classname="Tests_Image_Editor_Imagick" file="/home/meng/Desktop/wptest/wordpress-develop/tests/phpunit/tests/image/editorImagick.php" line="70" assertions="0" time="0.030883">
          <skipped/>
        </testcase>
        <testcase name="test_multi_resize_does_not_create" class="Tests_Image_Editor_Imagick" classname="Tests_Image_Editor_Imagick" file="/home/meng/Desktop/wptest/wordpress-develop/tests/phpunit/tests/image/editorImagick.php" line="112" assertions="0" time="0.030940">
          <skipped/>
        </testcase>
        <testcase name="test_multi_resize" class="Tests_Image_Editor_Imagick" classname="Tests_Image_Editor_Imagick" file="/home/meng/Desktop/wptest/wordpress-develop/tests/phpunit/tests/image/editorImagick.php" line="180" assertions="0" time="0.031453">
          <skipped/>
        </testcase>
        <testcase name="test_resize_and_crop" class="Tests_Image_Editor_Imagick" classname="Tests_Image_Editor_Imagick" file="/home/meng/Desktop/wptest/wordpress-develop/tests/phpunit/tests/image/editorImagick.php" line="384" assertions="0" time="0.032446">
          <skipped/>
        </testcase>
        <testcase name="test_crop" class="Tests_Image_Editor_Imagick" classname="Tests_Image_Editor_Imagick" file="/home/meng/Desktop/wptest/wordpress-develop/tests/phpunit/tests/image/editorImagick.php" line="404" assertions="0" time="0.046240">
          <skipped/>
        </testcase>
        <testcase name="test_rotate" class="Tests_Image_Editor_Imagick" classname="Tests_Image_Editor_Imagick" file="/home/meng/Desktop/wptest/wordpress-develop/tests/phpunit/tests/image/editorImagick.php" line="424" assertions="0" time="0.031787">
          <skipped/>
        </testcase>
        <testcase name="test_flip" class="Tests_Image_Editor_Imagick" classname="Tests_Image_Editor_Imagick" file="/home/meng/Desktop/wptest/wordpress-develop/tests/phpunit/tests/image/editorImagick.php" line="443" assertions="0" time="0.031198">
          <skipped/>
        </testcase>
        <testcase name="test_image_preserves_alpha_on_resize" class="Tests_Image_Editor_Imagick" classname="Tests_Image_Editor_Imagick" file="/home/meng/Desktop/wptest/wordpress-develop/tests/phpunit/tests/image/editorImagick.php" line="464" assertions="0" time="0.033095">
          <skipped/>
        </testcase>
        <testcase name="test_image_preserves_alpha" class="Tests_Image_Editor_Imagick" classname="Tests_Image_Editor_Imagick" file="/home/meng/Desktop/wptest/wordpress-develop/tests/phpunit/tests/image/editorImagick.php" line="491" assertions="0" time="0.032713">
          <skipped/>
        </testcase>
        <testcase name="test_image_preserves_alpha_on_rotate" class="Tests_Image_Editor_Imagick" classname="Tests_Image_Editor_Imagick" file="/home/meng/Desktop/wptest/wordpress-develop/tests/phpunit/tests/image/editorImagick.php" line="516" assertions="0" time="0.031886">
          <skipped/>
        </testcase>
        <testcase name="test_image_non_existent_extension" class="Tests_Image_Editor_Imagick" classname="Tests_Image_Editor_Imagick" file="/home/meng/Desktop/wptest/wordpress-develop/tests/phpunit/tests/image/editorImagick.php" line="541" assertions="0" time="0.031909">
          <skipped/>
        </testcase>
        <testcase name="test_remove_orientation_data_on_rotate" class="Tests_Image_Editor_Imagick" classname="Tests_Image_Editor_Imagick" file="/home/meng/Desktop/wptest/wordpress-develop/tests/phpunit/tests/image/editorImagick.php" line="554" assertions="0" time="0.031765">
          <skipped/>
        </testcase>
        <testcase name="test_streams" class="Tests_Image_Editor_Imagick" classname="Tests_Image_Editor_Imagick" file="/home/meng/Desktop/wptest/wordpress-develop/tests/phpunit/tests/image/editorImagick.php" line="581" assertions="0" time="0.032376">
          <skipped/>
        </testcase>
      </testsuite>
      <testsuite name="Tests_Image_Functions" file="/home/meng/Desktop/wptest/wordpress-develop/tests/phpunit/tests/image/functions.php" tests="19" assertions="36" errors="0" failures="0" skipped="11" time="0.553228">
        <testcase name="test_is_image_positive" class="Tests_Image_Functions" classname="Tests_Image_Functions" file="/home/meng/Desktop/wptest/wordpress-develop/tests/phpunit/tests/image/functions.php" line="48" assertions="12" time="0.033376"/>
        <testcase name="test_is_image_negative" class="Tests_Image_Functions" classname="Tests_Image_Functions" file="/home/meng/Desktop/wptest/wordpress-develop/tests/phpunit/tests/image/functions.php" line="74" assertions="3" time="0.034195"/>
        <testcase name="test_is_displayable_image_positive" class="Tests_Image_Functions" classname="Tests_Image_Functions" file="/home/meng/Desktop/wptest/wordpress-develop/tests/phpunit/tests/image/functions.php" line="87" assertions="4" time="0.033637"/>
        <testcase name="test_is_displayable_image_negative" class="Tests_Image_Functions" classname="Tests_Image_Functions" file="/home/meng/Desktop/wptest/wordpress-develop/tests/phpunit/tests/image/functions.php" line="105" assertions="8" time="0.033780"/>
        <testcase name="test_is_gd_image_invalid_types" class="Tests_Image_Functions" classname="Tests_Image_Functions" file="/home/meng/Desktop/wptest/wordpress-develop/tests/phpunit/tests/image/functions.php" line="130" assertions="4" time="0.035090"/>
        <testcase name="test_is_gd_image_valid_types" class="Tests_Image_Functions" classname="Tests_Image_Functions" file="/home/meng/Desktop/wptest/wordpress-develop/tests/phpunit/tests/image/functions.php" line="144" assertions="0" time="0.000470">
          <skipped/>
        </testcase>
        <testcase name="test_wp_save_image_file" class="Tests_Image_Functions" classname="Tests_Image_Functions" file="/home/meng/Desktop/wptest/wordpress-develop/tests/phpunit/tests/image/functions.php" line="154" assertions="0" time="0.035509">
          <skipped/>
        </testcase>
        <testcase name="test_mime_overrides_filename" class="Tests_Image_Functions" classname="Tests_Image_Functions" file="/home/meng/Desktop/wptest/wordpress-develop/tests/phpunit/tests/image/functions.php" line="210" assertions="0" time="0.033662">
          <skipped/>
        </testcase>
        <testcase name="test_inferred_mime_types" class="Tests_Image_Functions" classname="Tests_Image_Functions" file="/home/meng/Desktop/wptest/wordpress-develop/tests/phpunit/tests/image/functions.php" line="252" assertions="0" time="0.032211">
          <skipped/>
        </testcase>
        <testcase name="test_load_directory" class="Tests_Image_Functions" classname="Tests_Image_Functions" file="/home/meng/Desktop/wptest/wordpress-develop/tests/phpunit/tests/image/functions.php" line="310" assertions="2" time="0.037651">
          <skipped/>
        </testcase>
        <testcase name="test_wp_crop_image_file" class="Tests_Image_Functions" classname="Tests_Image_Functions" file="/home/meng/Desktop/wptest/wordpress-develop/tests/phpunit/tests/image/functions.php" line="345" assertions="0" time="0.000523">
          <skipped/>
        </testcase>
        <testcase name="test_wp_crop_image_url" class="Tests_Image_Functions" classname="Tests_Image_Functions" file="/home/meng/Desktop/wptest/wordpress-develop/tests/phpunit/tests/image/functions.php" line="369" assertions="0" time="0.000517">
          <skipped/>
        </testcase>
        <testcase name="test_wp_crop_image_file_not_exist" class="Tests_Image_Functions" classname="Tests_Image_Functions" file="/home/meng/Desktop/wptest/wordpress-develop/tests/phpunit/tests/image/functions.php" line="396" assertions="1" time="0.032801"/>
        <testcase name="test_wp_crop_image_url_not_exist" class="Tests_Image_Functions" classname="Tests_Image_Functions" file="/home/meng/Desktop/wptest/wordpress-develop/tests/phpunit/tests/image/functions.php" line="412" assertions="1" time="0.034895"/>
        <testcase name="test_wp_crop_image_error_on_saving" class="Tests_Image_Functions" classname="Tests_Image_Functions" file="/home/meng/Desktop/wptest/wordpress-develop/tests/phpunit/tests/image/functions.php" line="432" assertions="1" time="0.033002"/>
        <testcase name="test_wp_generate_attachment_metadata_pdf" class="Tests_Image_Functions" classname="Tests_Image_Functions" file="/home/meng/Desktop/wptest/wordpress-develop/tests/phpunit/tests/image/functions.php" line="454" assertions="0" time="0.035266">
          <skipped/>
        </testcase>
        <testcase name="test_crop_setting_for_pdf" class="Tests_Image_Functions" classname="Tests_Image_Functions" file="/home/meng/Desktop/wptest/wordpress-develop/tests/phpunit/tests/image/functions.php" line="522" assertions="0" time="0.035832">
          <skipped/>
        </testcase>
        <testcase name="test_fallback_intermediate_image_sizes" class="Tests_Image_Functions" classname="Tests_Image_Functions" file="/home/meng/Desktop/wptest/wordpress-develop/tests/phpunit/tests/image/functions.php" line="589" assertions="0" time="0.036484">
          <skipped/>
        </testcase>
        <testcase name="test_pdf_preview_doesnt_overwrite_existing_jpeg" class="Tests_Image_Functions" classname="Tests_Image_Functions" file="/home/meng/Desktop/wptest/wordpress-develop/tests/phpunit/tests/image/functions.php" line="649" assertions="0" time="0.034327">
          <skipped/>
        </testcase>
      </testsuite>
      <testsuite name="Tests_Image_Header" file="/home/meng/Desktop/wptest/wordpress-develop/tests/phpunit/tests/image/header.php" tests="8" assertions="18" errors="0" failures="0" skipped="0" time="0.350380">
        <testcase name="test_header_image_has_correct_dimensions_with_max_width" class="Tests_Image_Header" classname="Tests_Image_Header" file="/home/meng/Desktop/wptest/wordpress-develop/tests/phpunit/tests/image/header.php" line="16" assertions="2" time="0.033634"/>
        <testcase name="test_header_image_has_correct_dimensions_with_fixed" class="Tests_Image_Header" classname="Tests_Image_Header" file="/home/meng/Desktop/wptest/wordpress-develop/tests/phpunit/tests/image/header.php" line="36" assertions="2" time="0.031538"/>
        <testcase name="test_header_image_has_correct_dimensions_with_flex_height" class="Tests_Image_Header" classname="Tests_Image_Header" file="/home/meng/Desktop/wptest/wordpress-develop/tests/phpunit/tests/image/header.php" line="56" assertions="2" time="0.031551"/>
        <testcase name="test_header_image_has_correct_dimensions_with_flex_width" class="Tests_Image_Header" classname="Tests_Image_Header" file="/home/meng/Desktop/wptest/wordpress-develop/tests/phpunit/tests/image/header.php" line="76" assertions="2" time="0.032637"/>
        <testcase name="test_header_image_has_correct_dimensions_with_flex_width_and_height" class="Tests_Image_Header" classname="Tests_Image_Header" file="/home/meng/Desktop/wptest/wordpress-develop/tests/phpunit/tests/image/header.php" line="96" assertions="2" time="0.031432"/>
        <testcase name="test_create_attachment_object" class="Tests_Image_Header" classname="Tests_Image_Header" file="/home/meng/Desktop/wptest/wordpress-develop/tests/phpunit/tests/image/header.php" line="116" assertions="4" time="0.044578"/>
        <testcase name="test_insert_cropped_attachment" class="Tests_Image_Header" classname="Tests_Image_Header" file="/home/meng/Desktop/wptest/wordpress-develop/tests/phpunit/tests/image/header.php" line="135" assertions="2" time="0.067164"/>
        <testcase name="test_check_get_previous_crop" class="Tests_Image_Header" classname="Tests_Image_Header" file="/home/meng/Desktop/wptest/wordpress-develop/tests/phpunit/tests/image/header.php" line="157" assertions="2" time="0.077846"/>
      </testsuite>
      <testsuite name="Tests_Image_Intermediate_Size" file="/home/meng/Desktop/wptest/wordpress-develop/tests/phpunit/tests/image/intermediateSize.php" tests="13" assertions="2" errors="0" failures="0" skipped="11" time="0.095594">
        <testcase name="test_make_intermediate_size_no_size" class="Tests_Image_Intermediate_Size" classname="Tests_Image_Intermediate_Size" file="/home/meng/Desktop/wptest/wordpress-develop/tests/phpunit/tests/image/intermediateSize.php" line="25" assertions="1" time="0.032277"/>
        <testcase name="test_make_intermediate_size_width" class="Tests_Image_Intermediate_Size" classname="Tests_Image_Intermediate_Size" file="/home/meng/Desktop/wptest/wordpress-develop/tests/phpunit/tests/image/intermediateSize.php" line="34" assertions="0" time="0.000481">
          <skipped/>
        </testcase>
        <testcase name="test_make_intermediate_size_height" class="Tests_Image_Intermediate_Size" classname="Tests_Image_Intermediate_Size" file="/home/meng/Desktop/wptest/wordpress-develop/tests/phpunit/tests/image/intermediateSize.php" line="43" assertions="0" time="0.000455">
          <skipped/>
        </testcase>
        <testcase name="test_make_intermediate_size_successful" class="Tests_Image_Intermediate_Size" classname="Tests_Image_Intermediate_Size" file="/home/meng/Desktop/wptest/wordpress-develop/tests/phpunit/tests/image/intermediateSize.php" line="52" assertions="0" time="0.000467">
          <skipped/>
        </testcase>
        <testcase name="test_get_intermediate_sizes_by_name" class="Tests_Image_Intermediate_Size" classname="Tests_Image_Intermediate_Size" file="/home/meng/Desktop/wptest/wordpress-develop/tests/phpunit/tests/image/intermediateSize.php" line="69" assertions="0" time="0.000435">
          <skipped/>
        </testcase>
        <testcase name="test_get_intermediate_sizes_by_array_exact" class="Tests_Image_Intermediate_Size" classname="Tests_Image_Intermediate_Size" file="/home/meng/Desktop/wptest/wordpress-develop/tests/phpunit/tests/image/intermediateSize.php" line="90" assertions="0" time="0.000456">
          <skipped/>
        </testcase>
        <testcase name="test_get_intermediate_sizes_by_array_nearest" class="Tests_Image_Intermediate_Size" classname="Tests_Image_Intermediate_Size" file="/home/meng/Desktop/wptest/wordpress-develop/tests/phpunit/tests/image/intermediateSize.php" line="112" assertions="0" time="0.000424">
          <skipped/>
        </testcase>
        <testcase name="test_get_intermediate_sizes_by_array_nearest_false" class="Tests_Image_Intermediate_Size" classname="Tests_Image_Intermediate_Size" file="/home/meng/Desktop/wptest/wordpress-develop/tests/phpunit/tests/image/intermediateSize.php" line="134" assertions="1" time="0.057881"/>
        <testcase name="test_get_intermediate_sizes_by_array_zero_height" class="Tests_Image_Intermediate_Size" classname="Tests_Image_Intermediate_Size" file="/home/meng/Desktop/wptest/wordpress-develop/tests/phpunit/tests/image/intermediateSize.php" line="156" assertions="0" time="0.000517">
          <skipped/>
        </testcase>
        <testcase name="test_get_intermediate_sizes_by_array_zero_width" class="Tests_Image_Intermediate_Size" classname="Tests_Image_Intermediate_Size" file="/home/meng/Desktop/wptest/wordpress-develop/tests/phpunit/tests/image/intermediateSize.php" line="185" assertions="0" time="0.000541">
          <skipped/>
        </testcase>
        <testcase name="test_get_intermediate_sizes_should_match_size_with_off_by_one_aspect_ratio" class="Tests_Image_Intermediate_Size" classname="Tests_Image_Intermediate_Size" file="/home/meng/Desktop/wptest/wordpress-develop/tests/phpunit/tests/image/intermediateSize.php" line="214" assertions="0" time="0.000493">
          <skipped/>
        </testcase>
        <testcase name="test_get_intermediate_size_with_small_size_array" class="Tests_Image_Intermediate_Size" classname="Tests_Image_Intermediate_Size" file="/home/meng/Desktop/wptest/wordpress-develop/tests/phpunit/tests/image/intermediateSize.php" line="238" assertions="0" time="0.000582">
          <skipped/>
        </testcase>
        <testcase name="test_get_intermediate_size_with_small_size_array_fallback" class="Tests_Image_Intermediate_Size" classname="Tests_Image_Intermediate_Size" file="/home/meng/Desktop/wptest/wordpress-develop/tests/phpunit/tests/image/intermediateSize.php" line="256" assertions="0" time="0.000585">
          <skipped/>
        </testcase>
      </testsuite>
      <testsuite name="Tests_Image_Meta" file="/home/meng/Desktop/wptest/wordpress-develop/tests/phpunit/tests/image/meta.php" tests="9" assertions="0" errors="0" failures="0" skipped="9" time="0.000000">
        <testcase name="test_exif_d70" class="Tests_Image_Meta" classname="Tests_Image_Meta" file="/home/meng/Desktop/wptest/wordpress-develop/tests/phpunit/tests/image/meta.php" line="12" assertions="0" time="0.000000">
          <skipped/>
        </testcase>
        <testcase name="test_exif_d70_mf" class="Tests_Image_Meta" classname="Tests_Image_Meta" file="/home/meng/Desktop/wptest/wordpress-develop/tests/phpunit/tests/image/meta.php" line="28" assertions="0" time="0.000000">
          <skipped/>
        </testcase>
        <testcase name="test_exif_d70_iptc" class="Tests_Image_Meta" classname="Tests_Image_Meta" file="/home/meng/Desktop/wptest/wordpress-develop/tests/phpunit/tests/image/meta.php" line="45" assertions="0" time="0.000000">
          <skipped/>
        </testcase>
        <testcase name="test_exif_fuji" class="Tests_Image_Meta" classname="Tests_Image_Meta" file="/home/meng/Desktop/wptest/wordpress-develop/tests/phpunit/tests/image/meta.php" line="61" assertions="0" time="0.000000">
          <skipped/>
        </testcase>
        <testcase name="test_exif_error" class="Tests_Image_Meta" classname="Tests_Image_Meta" file="/home/meng/Desktop/wptest/wordpress-develop/tests/phpunit/tests/image/meta.php" line="81" assertions="0" time="0.000000">
          <skipped/>
        </testcase>
        <testcase name="test_exif_no_data" class="Tests_Image_Meta" classname="Tests_Image_Meta" file="/home/meng/Desktop/wptest/wordpress-develop/tests/phpunit/tests/image/meta.php" line="98" assertions="0" time="0.000000">
          <skipped/>
        </testcase>
        <testcase name="test_utf8_iptc_tags" class="Tests_Image_Meta" classname="Tests_Image_Meta" file="/home/meng/Desktop/wptest/wordpress-develop/tests/phpunit/tests/image/meta.php" line="117" assertions="0" time="0.000000">
          <skipped/>
        </testcase>
        <testcase name="test_missing_image_file" class="Tests_Image_Meta" classname="Tests_Image_Meta" file="/home/meng/Desktop/wptest/wordpress-develop/tests/phpunit/tests/image/meta.php" line="127" assertions="0" time="0.000000">
          <skipped/>
        </testcase>
        <testcase name="test_exif_keywords" class="Tests_Image_Meta" classname="Tests_Image_Meta" file="/home/meng/Desktop/wptest/wordpress-develop/tests/phpunit/tests/image/meta.php" line="136" assertions="0" time="0.000000">
          <skipped/>
        </testcase>
      </testsuite>
      <testsuite name="Test_Image_Resize_GD" file="/home/meng/Desktop/wptest/wordpress-develop/tests/phpunit/tests/image/resizeGd.php" tests="12" assertions="0" errors="0" failures="0" skipped="12" time="0.393673">
        <testcase name="test_resize_bad_image" class="Test_Image_Resize_GD" classname="Test_Image_Resize_GD" file="/home/meng/Desktop/wptest/wordpress-develop/tests/phpunit/tests/image/resizeGd.php" line="32" assertions="0" time="0.031833">
          <skipped/>
        </testcase>
        <testcase name="test_resize_jpg" class="Test_Image_Resize_GD" classname="Test_Image_Resize_GD" file="/home/meng/Desktop/wptest/wordpress-develop/tests/phpunit/tests/image/resizeGd.php" line="29" assertions="0" time="0.032113">
          <skipped/>
        </testcase>
        <testcase name="test_resize_png" class="Test_Image_Resize_GD" classname="Test_Image_Resize_GD" file="/home/meng/Desktop/wptest/wordpress-develop/tests/phpunit/tests/image/resizeGd.php" line="41" assertions="0" time="0.035747">
          <skipped/>
        </testcase>
        <testcase name="test_resize_gif" class="Test_Image_Resize_GD" classname="Test_Image_Resize_GD" file="/home/meng/Desktop/wptest/wordpress-develop/tests/phpunit/tests/image/resizeGd.php" line="57" assertions="0" time="0.031813">
          <skipped/>
        </testcase>
        <testcase name="test_resize_larger" class="Test_Image_Resize_GD" classname="Test_Image_Resize_GD" file="/home/meng/Desktop/wptest/wordpress-develop/tests/phpunit/tests/image/resizeGd.php" line="73" assertions="0" time="0.031494">
          <skipped/>
        </testcase>
        <testcase name="test_resize_thumb_128x96" class="Test_Image_Resize_GD" classname="Test_Image_Resize_GD" file="/home/meng/Desktop/wptest/wordpress-develop/tests/phpunit/tests/image/resizeGd.php" line="81" assertions="0" time="0.032396">
          <skipped/>
        </testcase>
        <testcase name="test_resize_thumb_128x0" class="Test_Image_Resize_GD" classname="Test_Image_Resize_GD" file="/home/meng/Desktop/wptest/wordpress-develop/tests/phpunit/tests/image/resizeGd.php" line="93" assertions="0" time="0.034333">
          <skipped/>
        </testcase>
        <testcase name="test_resize_thumb_0x96" class="Test_Image_Resize_GD" classname="Test_Image_Resize_GD" file="/home/meng/Desktop/wptest/wordpress-develop/tests/phpunit/tests/image/resizeGd.php" line="105" assertions="0" time="0.030835">
          <skipped/>
        </testcase>
        <testcase name="test_resize_thumb_150x150_crop" class="Test_Image_Resize_GD" classname="Test_Image_Resize_GD" file="/home/meng/Desktop/wptest/wordpress-develop/tests/phpunit/tests/image/resizeGd.php" line="117" assertions="0" time="0.031267">
          <skipped/>
        </testcase>
        <testcase name="test_resize_thumb_150x100_crop" class="Test_Image_Resize_GD" classname="Test_Image_Resize_GD" file="/home/meng/Desktop/wptest/wordpress-develop/tests/phpunit/tests/image/resizeGd.php" line="129" assertions="0" time="0.033905">
          <skipped/>
        </testcase>
        <testcase name="test_resize_thumb_50x150_crop" class="Test_Image_Resize_GD" classname="Test_Image_Resize_GD" file="/home/meng/Desktop/wptest/wordpress-develop/tests/phpunit/tests/image/resizeGd.php" line="141" assertions="0" time="0.032067">
          <skipped/>
        </testcase>
        <testcase name="test_resize_non_existent_image" class="Test_Image_Resize_GD" classname="Test_Image_Resize_GD" file="/home/meng/Desktop/wptest/wordpress-develop/tests/phpunit/tests/image/resizeGd.php" line="158" assertions="0" time="0.035870">
          <skipped/>
        </testcase>
      </testsuite>
      <testsuite name="Test_Image_Resize_Imagick" file="/home/meng/Desktop/wptest/wordpress-develop/tests/phpunit/tests/image/resizeImagick.php" tests="11" assertions="0" errors="0" failures="0" skipped="11" time="0.361268">
        <testcase name="test_resize_jpg" class="Test_Image_Resize_Imagick" classname="Test_Image_Resize_Imagick" file="/home/meng/Desktop/wptest/wordpress-develop/tests/phpunit/tests/image/resizeImagick.php" line="29" assertions="0" time="0.032937">
          <skipped/>
        </testcase>
        <testcase name="test_resize_png" class="Test_Image_Resize_Imagick" classname="Test_Image_Resize_Imagick" file="/home/meng/Desktop/wptest/wordpress-develop/tests/phpunit/tests/image/resizeImagick.php" line="41" assertions="0" time="0.031330">
          <skipped/>
        </testcase>
        <testcase name="test_resize_gif" class="Test_Image_Resize_Imagick" classname="Test_Image_Resize_Imagick" file="/home/meng/Desktop/wptest/wordpress-develop/tests/phpunit/tests/image/resizeImagick.php" line="57" assertions="0" time="0.032753">
          <skipped/>
        </testcase>
        <testcase name="test_resize_larger" class="Test_Image_Resize_Imagick" classname="Test_Image_Resize_Imagick" file="/home/meng/Desktop/wptest/wordpress-develop/tests/phpunit/tests/image/resizeImagick.php" line="73" assertions="0" time="0.032161">
          <skipped/>
        </testcase>
        <testcase name="test_resize_thumb_128x96" class="Test_Image_Resize_Imagick" classname="Test_Image_Resize_Imagick" file="/home/meng/Desktop/wptest/wordpress-develop/tests/phpunit/tests/image/resizeImagick.php" line="81" assertions="0" time="0.032669">
          <skipped/>
        </testcase>
        <testcase name="test_resize_thumb_128x0" class="Test_Image_Resize_Imagick" classname="Test_Image_Resize_Imagick" file="/home/meng/Desktop/wptest/wordpress-develop/tests/phpunit/tests/image/resizeImagick.php" line="93" assertions="0" time="0.033188">
          <skipped/>
        </testcase>
        <testcase name="test_resize_thumb_0x96" class="Test_Image_Resize_Imagick" classname="Test_Image_Resize_Imagick" file="/home/meng/Desktop/wptest/wordpress-develop/tests/phpunit/tests/image/resizeImagick.php" line="105" assertions="0" time="0.035729">
          <skipped/>
        </testcase>
        <testcase name="test_resize_thumb_150x150_crop" class="Test_Image_Resize_Imagick" classname="Test_Image_Resize_Imagick" file="/home/meng/Desktop/wptest/wordpress-develop/tests/phpunit/tests/image/resizeImagick.php" line="117" assertions="0" time="0.032211">
          <skipped/>
        </testcase>
        <testcase name="test_resize_thumb_150x100_crop" class="Test_Image_Resize_Imagick" classname="Test_Image_Resize_Imagick" file="/home/meng/Desktop/wptest/wordpress-develop/tests/phpunit/tests/image/resizeImagick.php" line="129" assertions="0" time="0.033110">
          <skipped/>
        </testcase>
        <testcase name="test_resize_thumb_50x150_crop" class="Test_Image_Resize_Imagick" classname="Test_Image_Resize_Imagick" file="/home/meng/Desktop/wptest/wordpress-develop/tests/phpunit/tests/image/resizeImagick.php" line="141" assertions="0" time="0.032261">
          <skipped/>
        </testcase>
        <testcase name="test_resize_non_existent_image" class="Test_Image_Resize_Imagick" classname="Test_Image_Resize_Imagick" file="/home/meng/Desktop/wptest/wordpress-develop/tests/phpunit/tests/image/resizeImagick.php" line="158" assertions="0" time="0.032919">
          <skipped/>
        </testcase>
      </testsuite>
      <testsuite name="Tests_WP_Site_Icon" file="/home/meng/Desktop/wptest/wordpress-develop/tests/phpunit/tests/image/siteIcon.php" tests="8" assertions="16" errors="0" failures="0" skipped="0" time="0.550232">
        <testcase name="test_intermediate_image_sizes" class="Tests_WP_Site_Icon" classname="Tests_WP_Site_Icon" file="/home/meng/Desktop/wptest/wordpress-develop/tests/phpunit/tests/image/siteIcon.php" line="31" assertions="1" time="0.037824"/>
        <testcase name="test_intermediate_image_sizes_with_filter" class="Tests_WP_Site_Icon" classname="Tests_WP_Site_Icon" file="/home/meng/Desktop/wptest/wordpress-develop/tests/phpunit/tests/image/siteIcon.php" line="42" assertions="2" time="0.039666"/>
        <testcase name="test_additional_sizes" class="Tests_WP_Site_Icon" classname="Tests_WP_Site_Icon" file="/home/meng/Desktop/wptest/wordpress-develop/tests/phpunit/tests/image/siteIcon.php" line="63" assertions="1" time="0.037327"/>
        <testcase name="test_additional_sizes_with_filter" class="Tests_WP_Site_Icon" classname="Tests_WP_Site_Icon" file="/home/meng/Desktop/wptest/wordpress-develop/tests/phpunit/tests/image/siteIcon.php" line="78" assertions="2" time="0.036750"/>
        <testcase name="test_create_attachment_object" class="Tests_WP_Site_Icon" classname="Tests_WP_Site_Icon" file="/home/meng/Desktop/wptest/wordpress-develop/tests/phpunit/tests/image/siteIcon.php" line="101" assertions="5" time="0.104947"/>
        <testcase name="test_insert_cropped_attachment" class="Tests_WP_Site_Icon" classname="Tests_WP_Site_Icon" file="/home/meng/Desktop/wptest/wordpress-develop/tests/phpunit/tests/image/siteIcon.php" line="115" assertions="2" time="0.121239"/>
        <testcase name="test_delete_attachment_data" class="Tests_WP_Site_Icon" classname="Tests_WP_Site_Icon" file="/home/meng/Desktop/wptest/wordpress-develop/tests/phpunit/tests/image/siteIcon.php" line="127" assertions="1" time="0.085155"/>
        <testcase name="test_get_post_metadata" class="Tests_WP_Site_Icon" classname="Tests_WP_Site_Icon" file="/home/meng/Desktop/wptest/wordpress-develop/tests/phpunit/tests/image/siteIcon.php" line="139" assertions="2" time="0.087324"/>
      </testsuite>
      <testsuite name="Tests_Image_Size" file="/home/meng/Desktop/wptest/wordpress-develop/tests/phpunit/tests/image/size.php" tests="13" assertions="47" errors="0" failures="0" skipped="0" time="0.429806">
        <testcase name="test_constrain_dims_zero" class="Tests_Image_Size" classname="Tests_Image_Size" file="/home/meng/Desktop/wptest/wordpress-develop/tests/phpunit/tests/image/size.php" line="10" assertions="4" time="0.032562"/>
        <testcase name="test_constrain_dims_smaller" class="Tests_Image_Size" classname="Tests_Image_Size" file="/home/meng/Desktop/wptest/wordpress-develop/tests/phpunit/tests/image/size.php" line="25" assertions="3" time="0.031867"/>
        <testcase name="test_constrain_dims_equal" class="Tests_Image_Size" classname="Tests_Image_Size" file="/home/meng/Desktop/wptest/wordpress-develop/tests/phpunit/tests/image/size.php" line="37" assertions="3" time="0.032622"/>
        <testcase name="test_constrain_dims_larger" class="Tests_Image_Size" classname="Tests_Image_Size" file="/home/meng/Desktop/wptest/wordpress-develop/tests/phpunit/tests/image/size.php" line="49" assertions="6" time="0.033882"/>
        <testcase name="test_constrain_dims_boundary" class="Tests_Image_Size" classname="Tests_Image_Size" file="/home/meng/Desktop/wptest/wordpress-develop/tests/phpunit/tests/image/size.php" line="71" assertions="4" time="0.032770"/>
        <testcase name="test_shrink_dimensions_default" class="Tests_Image_Size" classname="Tests_Image_Size" file="/home/meng/Desktop/wptest/wordpress-develop/tests/phpunit/tests/image/size.php" line="90" assertions="3" time="0.033898"/>
        <testcase name="test_shrink_dimensions_smaller" class="Tests_Image_Size" classname="Tests_Image_Size" file="/home/meng/Desktop/wptest/wordpress-develop/tests/phpunit/tests/image/size.php" line="101" assertions="3" time="0.031030"/>
        <testcase name="test_shrink_dimensions_equal" class="Tests_Image_Size" classname="Tests_Image_Size" file="/home/meng/Desktop/wptest/wordpress-develop/tests/phpunit/tests/image/size.php" line="113" assertions="3" time="0.032401"/>
        <testcase name="test_shrink_dimensions_larger" class="Tests_Image_Size" classname="Tests_Image_Size" file="/home/meng/Desktop/wptest/wordpress-develop/tests/phpunit/tests/image/size.php" line="125" assertions="3" time="0.032163"/>
        <testcase name="test_shrink_dimensions_boundary" class="Tests_Image_Size" classname="Tests_Image_Size" file="/home/meng/Desktop/wptest/wordpress-develop/tests/phpunit/tests/image/size.php" line="137" assertions="5" time="0.034615"/>
        <testcase name="test_constrain_size_for_editor_thumb" class="Tests_Image_Size" classname="Tests_Image_Size" file="/home/meng/Desktop/wptest/wordpress-develop/tests/phpunit/tests/image/size.php" line="153" assertions="2" time="0.032485"/>
        <testcase name="test_constrain_size_for_editor_medium" class="Tests_Image_Size" classname="Tests_Image_Size" file="/home/meng/Desktop/wptest/wordpress-develop/tests/phpunit/tests/image/size.php" line="161" assertions="4" time="0.037296"/>
        <testcase name="test_constrain_size_for_editor_full" class="Tests_Image_Size" classname="Tests_Image_Size" file="/home/meng/Desktop/wptest/wordpress-develop/tests/phpunit/tests/image/size.php" line="188" assertions="4" time="0.032216"/>
      </testsuite>
      <testsuite name="Tests_Import_Import" file="/home/meng/Desktop/wptest/wordpress-develop/tests/phpunit/tests/import/import.php" tests="4" assertions="4" errors="0" failures="4" skipped="0" time="0.134568">
        <testcase name="test_small_import" class="Tests_Import_Import" classname="Tests_Import_Import" file="/home/meng/Desktop/wptest/wordpress-develop/tests/phpunit/tests/import/import.php" line="42" assertions="1" time="0.034218">
          <failure type="PHPUnit\Framework\AssertionFailedError">Tests_Import_Import::test_small_import
This test requires the WordPress Importer plugin to be installed in the test suite. See: https://make.wordpress.org/core/handbook/contribute/git/#unit-tests

/home/meng/Desktop/wptest/wordpress-develop/tests/phpunit/tests/import/import.php:23
</failure>
        </testcase>
        <testcase name="test_double_import" class="Tests_Import_Import" classname="Tests_Import_Import" file="/home/meng/Desktop/wptest/wordpress-develop/tests/phpunit/tests/import/import.php" line="210" assertions="1" time="0.032654">
          <failure type="PHPUnit\Framework\AssertionFailedError">Tests_Import_Import::test_double_import
This test requires the WordPress Importer plugin to be installed in the test suite. See: https://make.wordpress.org/core/handbook/contribute/git/#unit-tests

/home/meng/Desktop/wptest/wordpress-develop/tests/phpunit/tests/import/import.php:23
</failure>
        </testcase>
        <testcase name="test_ordering_of_importers" class="Tests_Import_Import" classname="Tests_Import_Import" file="/home/meng/Desktop/wptest/wordpress-develop/tests/phpunit/tests/import/import.php" line="251" assertions="1" time="0.036035">
          <failure type="PHPUnit\Framework\AssertionFailedError">Tests_Import_Import::test_ordering_of_importers
This test requires the WordPress Importer plugin to be installed in the test suite. See: https://make.wordpress.org/core/handbook/contribute/git/#unit-tests

/home/meng/Desktop/wptest/wordpress-develop/tests/phpunit/tests/import/import.php:23
</failure>
        </testcase>
        <testcase name="test_slashes_should_not_be_stripped" class="Tests_Import_Import" classname="Tests_Import_Import" file="/home/meng/Desktop/wptest/wordpress-develop/tests/phpunit/tests/import/import.php" line="277" assertions="1" time="0.031661">
          <failure type="PHPUnit\Framework\AssertionFailedError">Tests_Import_Import::test_slashes_should_not_be_stripped
This test requires the WordPress Importer plugin to be installed in the test suite. See: https://make.wordpress.org/core/handbook/contribute/git/#unit-tests

/home/meng/Desktop/wptest/wordpress-develop/tests/phpunit/tests/import/import.php:23
</failure>
        </testcase>
      </testsuite>
      <testsuite name="Tests_Import_Parser" file="/home/meng/Desktop/wptest/wordpress-develop/tests/phpunit/tests/import/parser.php" tests="6" assertions="6" errors="0" failures="6" skipped="0" time="0.194671">
        <testcase name="test_malformed_wxr" class="Tests_Import_Parser" classname="Tests_Import_Parser" file="/home/meng/Desktop/wptest/wordpress-develop/tests/phpunit/tests/import/parser.php" line="27" assertions="1" time="0.033600">
          <failure type="PHPUnit\Framework\AssertionFailedError">Tests_Import_Parser::test_malformed_wxr
This test requires the WordPress Importer plugin to be installed in the test suite. See: https://make.wordpress.org/core/handbook/contribute/git/#unit-tests

/home/meng/Desktop/wptest/wordpress-develop/tests/phpunit/tests/import/parser.php:21
</failure>
        </testcase>
        <testcase name="test_invalid_wxr" class="Tests_Import_Parser" classname="Tests_Import_Parser" file="/home/meng/Desktop/wptest/wordpress-develop/tests/phpunit/tests/import/parser.php" line="39" assertions="1" time="0.032126">
          <failure type="PHPUnit\Framework\AssertionFailedError">Tests_Import_Parser::test_invalid_wxr
This test requires the WordPress Importer plugin to be installed in the test suite. See: https://make.wordpress.org/core/handbook/contribute/git/#unit-tests

/home/meng/Desktop/wptest/wordpress-develop/tests/phpunit/tests/import/parser.php:21
</failure>
        </testcase>
        <testcase name="test_wxr_version_1_1" class="Tests_Import_Parser" classname="Tests_Import_Parser" file="/home/meng/Desktop/wptest/wordpress-develop/tests/phpunit/tests/import/parser.php" line="53" assertions="1" time="0.032026">
          <failure type="PHPUnit\Framework\AssertionFailedError">Tests_Import_Parser::test_wxr_version_1_1
This test requires the WordPress Importer plugin to be installed in the test suite. See: https://make.wordpress.org/core/handbook/contribute/git/#unit-tests

/home/meng/Desktop/wptest/wordpress-develop/tests/phpunit/tests/import/parser.php:21
</failure>
        </testcase>
        <testcase name="test_wxr_version_1_0" class="Tests_Import_Parser" classname="Tests_Import_Parser" file="/home/meng/Desktop/wptest/wordpress-develop/tests/phpunit/tests/import/parser.php" line="146" assertions="1" time="0.032760">
          <failure type="PHPUnit\Framework\AssertionFailedError">Tests_Import_Parser::test_wxr_version_1_0
This test requires the WordPress Importer plugin to be installed in the test suite. See: https://make.wordpress.org/core/handbook/contribute/git/#unit-tests

/home/meng/Desktop/wptest/wordpress-develop/tests/phpunit/tests/import/parser.php:21
</failure>
        </testcase>
        <testcase name="test_escaped_cdata_closing_sequence" class="Tests_Import_Parser" classname="Tests_Import_Parser" file="/home/meng/Desktop/wptest/wordpress-develop/tests/phpunit/tests/import/parser.php" line="240" assertions="1" time="0.032554">
          <failure type="PHPUnit\Framework\AssertionFailedError">Tests_Import_Parser::test_escaped_cdata_closing_sequence
This test requires the WordPress Importer plugin to be installed in the test suite. See: https://make.wordpress.org/core/handbook/contribute/git/#unit-tests

/home/meng/Desktop/wptest/wordpress-develop/tests/phpunit/tests/import/parser.php:21
</failure>
        </testcase>
        <testcase name="test_unescaped_cdata_closing_sequence" class="Tests_Import_Parser" classname="Tests_Import_Parser" file="/home/meng/Desktop/wptest/wordpress-develop/tests/phpunit/tests/import/parser.php" line="273" assertions="1" time="0.031605">
          <failure type="PHPUnit\Framework\AssertionFailedError">Tests_Import_Parser::test_unescaped_cdata_closing_sequence
This test requires the WordPress Importer plugin to be installed in the test suite. See: https://make.wordpress.org/core/handbook/contribute/git/#unit-tests

/home/meng/Desktop/wptest/wordpress-develop/tests/phpunit/tests/import/parser.php:21
</failure>
        </testcase>
      </testsuite>
      <testsuite name="Tests_Import_Postmeta" file="/home/meng/Desktop/wptest/wordpress-develop/tests/phpunit/tests/import/postmeta.php" tests="4" assertions="4" errors="0" failures="4" skipped="0" time="0.128485">
        <testcase name="test_serialized_postmeta_no_cdata" class="Tests_Import_Postmeta" classname="Tests_Import_Postmeta" file="/home/meng/Desktop/wptest/wordpress-develop/tests/phpunit/tests/import/postmeta.php" line="27" assertions="1" time="0.032730">
          <failure type="PHPUnit\Framework\AssertionFailedError">Tests_Import_Postmeta::test_serialized_postmeta_no_cdata
This test requires the WordPress Importer plugin to be installed in the test suite. See: https://make.wordpress.org/core/handbook/contribute/git/#unit-tests

/home/meng/Desktop/wptest/wordpress-develop/tests/phpunit/tests/import/postmeta.php:21
</failure>
        </testcase>
        <testcase name="test_utw_postmeta" class="Tests_Import_Postmeta" classname="Tests_Import_Postmeta" file="/home/meng/Desktop/wptest/wordpress-develop/tests/phpunit/tests/import/postmeta.php" line="34" assertions="1" time="0.031524">
          <failure type="PHPUnit\Framework\AssertionFailedError">Tests_Import_Postmeta::test_utw_postmeta
This test requires the WordPress Importer plugin to be installed in the test suite. See: https://make.wordpress.org/core/handbook/contribute/git/#unit-tests

/home/meng/Desktop/wptest/wordpress-develop/tests/phpunit/tests/import/postmeta.php:21
</failure>
        </testcase>
        <testcase name="test_serialized_postmeta_with_cdata" class="Tests_Import_Postmeta" classname="Tests_Import_Postmeta" file="/home/meng/Desktop/wptest/wordpress-develop/tests/phpunit/tests/import/postmeta.php" line="83" assertions="1" time="0.032027">
          <failure type="PHPUnit\Framework\AssertionFailedError">Tests_Import_Postmeta::test_serialized_postmeta_with_cdata
This test requires the WordPress Importer plugin to be installed in the test suite. See: https://make.wordpress.org/core/handbook/contribute/git/#unit-tests

/home/meng/Desktop/wptest/wordpress-develop/tests/phpunit/tests/import/postmeta.php:21
</failure>
        </testcase>
        <testcase name="test_serialized_postmeta_with_evil_stuff_in_cdata" class="Tests_Import_Postmeta" classname="Tests_Import_Postmeta" file="/home/meng/Desktop/wptest/wordpress-develop/tests/phpunit/tests/import/postmeta.php" line="97" assertions="1" time="0.032204">
          <failure type="PHPUnit\Framework\AssertionFailedError">Tests_Import_Postmeta::test_serialized_postmeta_with_evil_stuff_in_cdata
This test requires the WordPress Importer plugin to be installed in the test suite. See: https://make.wordpress.org/core/handbook/contribute/git/#unit-tests

/home/meng/Desktop/wptest/wordpress-develop/tests/phpunit/tests/import/postmeta.php:21
</failure>
        </testcase>
      </testsuite>
      <testsuite name="TestFactoryFor" file="/home/meng/Desktop/wptest/wordpress-develop/tests/phpunit/tests/includes/factory.php" tests="5" assertions="6" errors="0" failures="0" skipped="0" time="0.222558">
        <testcase name="test_create_creates_a_category" class="TestFactoryFor" classname="TestFactoryFor" file="/home/meng/Desktop/wptest/wordpress-develop/tests/phpunit/tests/includes/factory.php" line="9" assertions="1" time="0.044845"/>
        <testcase name="test_get_object_by_id_gets_an_object" class="TestFactoryFor" classname="TestFactoryFor" file="/home/meng/Desktop/wptest/wordpress-develop/tests/phpunit/tests/includes/factory.php" line="14" assertions="1" time="0.047794"/>
        <testcase name="test_get_object_by_id_gets_an_object_with_the_same_name" class="TestFactoryFor" classname="TestFactoryFor" file="/home/meng/Desktop/wptest/wordpress-develop/tests/phpunit/tests/includes/factory.php" line="19" assertions="1" time="0.044139"/>
        <testcase name="test_the_taxonomy_argument_overrules_the_factory_taxonomy" class="TestFactoryFor" classname="TestFactoryFor" file="/home/meng/Desktop/wptest/wordpress-develop/tests/phpunit/tests/includes/factory.php" line="25" assertions="1" time="0.042900"/>
        <testcase name="test_term_factory_create_and_get_should_return_term_object" class="TestFactoryFor" classname="TestFactoryFor" file="/home/meng/Desktop/wptest/wordpress-develop/tests/phpunit/tests/includes/factory.php" line="35" assertions="2" time="0.042880"/>
      </testsuite>
      <testsuite name="Tests_TestHelpers" file="/home/meng/Desktop/wptest/wordpress-develop/tests/phpunit/tests/includes/helpers.php" tests="33" assertions="53" errors="0" failures="0" skipped="0" time="1.149990">
        <testsuite name="Tests_TestHelpers::test_assertSameSets" tests="7" assertions="7" errors="0" failures="0" skipped="0" time="0.231834">
          <testcase name="test_assertSameSets with data set #0" class="Tests_TestHelpers" classname="Tests_TestHelpers" file="/home/meng/Desktop/wptest/wordpress-develop/tests/phpunit/tests/includes/helpers.php" line="54" assertions="1" time="0.032712"/>
          <testcase name="test_assertSameSets with data set #1" class="Tests_TestHelpers" classname="Tests_TestHelpers" file="/home/meng/Desktop/wptest/wordpress-develop/tests/phpunit/tests/includes/helpers.php" line="54" assertions="1" time="0.032530"/>
          <testcase name="test_assertSameSets with data set #2" class="Tests_TestHelpers" classname="Tests_TestHelpers" file="/home/meng/Desktop/wptest/wordpress-develop/tests/phpunit/tests/includes/helpers.php" line="54" assertions="1" time="0.033086"/>
          <testcase name="test_assertSameSets with data set #3" class="Tests_TestHelpers" classname="Tests_TestHelpers" file="/home/meng/Desktop/wptest/wordpress-develop/tests/phpunit/tests/includes/helpers.php" line="54" assertions="1" time="0.032661"/>
          <testcase name="test_assertSameSets with data set #4" class="Tests_TestHelpers" classname="Tests_TestHelpers" file="/home/meng/Desktop/wptest/wordpress-develop/tests/phpunit/tests/includes/helpers.php" line="54" assertions="1" time="0.033540"/>
          <testcase name="test_assertSameSets with data set #5" class="Tests_TestHelpers" classname="Tests_TestHelpers" file="/home/meng/Desktop/wptest/wordpress-develop/tests/phpunit/tests/includes/helpers.php" line="54" assertions="1" time="0.033369"/>
          <testcase name="test_assertSameSets with data set #6" class="Tests_TestHelpers" classname="Tests_TestHelpers" file="/home/meng/Desktop/wptest/wordpress-develop/tests/phpunit/tests/includes/helpers.php" line="54" assertions="1" time="0.033936"/>
        </testsuite>
        <testsuite name="Tests_TestHelpers::test_assertSameSetsWithIndex" tests="14" assertions="14" errors="0" failures="0" skipped="0" time="0.477457">
          <testcase name="test_assertSameSetsWithIndex with data set #0" class="Tests_TestHelpers" classname="Tests_TestHelpers" file="/home/meng/Desktop/wptest/wordpress-develop/tests/phpunit/tests/includes/helpers.php" line="210" assertions="1" time="0.032619"/>
          <testcase name="test_assertSameSetsWithIndex with data set #1" class="Tests_TestHelpers" classname="Tests_TestHelpers" file="/home/meng/Desktop/wptest/wordpress-develop/tests/phpunit/tests/includes/helpers.php" line="210" assertions="1" time="0.032515"/>
          <testcase name="test_assertSameSetsWithIndex with data set #2" class="Tests_TestHelpers" classname="Tests_TestHelpers" file="/home/meng/Desktop/wptest/wordpress-develop/tests/phpunit/tests/includes/helpers.php" line="210" assertions="1" time="0.033190"/>
          <testcase name="test_assertSameSetsWithIndex with data set #3" class="Tests_TestHelpers" classname="Tests_TestHelpers" file="/home/meng/Desktop/wptest/wordpress-develop/tests/phpunit/tests/includes/helpers.php" line="210" assertions="1" time="0.033522"/>
          <testcase name="test_assertSameSetsWithIndex with data set #4" class="Tests_TestHelpers" classname="Tests_TestHelpers" file="/home/meng/Desktop/wptest/wordpress-develop/tests/phpunit/tests/includes/helpers.php" line="210" assertions="1" time="0.034205"/>
          <testcase name="test_assertSameSetsWithIndex with data set #5" class="Tests_TestHelpers" classname="Tests_TestHelpers" file="/home/meng/Desktop/wptest/wordpress-develop/tests/phpunit/tests/includes/helpers.php" line="210" assertions="1" time="0.035561"/>
          <testcase name="test_assertSameSetsWithIndex with data set #6" class="Tests_TestHelpers" classname="Tests_TestHelpers" file="/home/meng/Desktop/wptest/wordpress-develop/tests/phpunit/tests/includes/helpers.php" line="210" assertions="1" time="0.033448"/>
          <testcase name="test_assertSameSetsWithIndex with data set #7" class="Tests_TestHelpers" classname="Tests_TestHelpers" file="/home/meng/Desktop/wptest/wordpress-develop/tests/phpunit/tests/includes/helpers.php" line="210" assertions="1" time="0.033951"/>
          <testcase name="test_assertSameSetsWithIndex with data set #8" class="Tests_TestHelpers" classname="Tests_TestHelpers" file="/home/meng/Desktop/wptest/wordpress-develop/tests/phpunit/tests/includes/helpers.php" line="210" assertions="1" time="0.034231"/>
          <testcase name="test_assertSameSetsWithIndex with data set #9" class="Tests_TestHelpers" classname="Tests_TestHelpers" file="/home/meng/Desktop/wptest/wordpress-develop/tests/phpunit/tests/includes/helpers.php" line="210" assertions="1" time="0.033048"/>
          <testcase name="test_assertSameSetsWithIndex with data set #10" class="Tests_TestHelpers" classname="Tests_TestHelpers" file="/home/meng/Desktop/wptest/wordpress-develop/tests/phpunit/tests/includes/helpers.php" line="210" assertions="1" time="0.034096"/>
          <testcase name="test_assertSameSetsWithIndex with data set #11" class="Tests_TestHelpers" classname="Tests_TestHelpers" file="/home/meng/Desktop/wptest/wordpress-develop/tests/phpunit/tests/includes/helpers.php" line="210" assertions="1" time="0.034317"/>
          <testcase name="test_assertSameSetsWithIndex with data set #12" class="Tests_TestHelpers" classname="Tests_TestHelpers" file="/home/meng/Desktop/wptest/wordpress-develop/tests/phpunit/tests/includes/helpers.php" line="210" assertions="1" time="0.040286"/>
          <testcase name="test_assertSameSetsWithIndex with data set #13" class="Tests_TestHelpers" classname="Tests_TestHelpers" file="/home/meng/Desktop/wptest/wordpress-develop/tests/phpunit/tests/includes/helpers.php" line="210" assertions="1" time="0.032467"/>
        </testsuite>
        <testcase name="test__unregister_post_status" class="Tests_TestHelpers" classname="Tests_TestHelpers" file="/home/meng/Desktop/wptest/wordpress-develop/tests/phpunit/tests/includes/helpers.php" line="224" assertions="1" time="0.033597"/>
        <testcase name="test_setExpectedDeprecated" class="Tests_TestHelpers" classname="Tests_TestHelpers" file="/home/meng/Desktop/wptest/wordpress-develop/tests/phpunit/tests/includes/helpers.php" line="236" assertions="2" time="0.033675"/>
        <testcase name="test_setExpectedIncorrectUsage" class="Tests_TestHelpers" classname="Tests_TestHelpers" file="/home/meng/Desktop/wptest/wordpress-develop/tests/phpunit/tests/includes/helpers.php" line="244" assertions="2" time="0.033092"/>
        <testcase name="test_go_to_should_go_to_home_page_when_passing_the_untrailingslashed_home_url" class="Tests_TestHelpers" classname="Tests_TestHelpers" file="/home/meng/Desktop/wptest/wordpress-develop/tests/phpunit/tests/includes/helpers.php" line="252" assertions="2" time="0.039383"/>
        <testcase name="test_die_handler_should_handle_wp_error" class="Tests_TestHelpers" classname="Tests_TestHelpers" file="/home/meng/Desktop/wptest/wordpress-develop/tests/phpunit/tests/includes/helpers.php" line="272" assertions="1" time="0.032802"/>
        <testcase name="test_die_handler_should_not_cause_doing_it_wrong_notice_without_wp_query_set" class="Tests_TestHelpers" classname="Tests_TestHelpers" file="/home/meng/Desktop/wptest/wordpress-develop/tests/phpunit/tests/includes/helpers.php" line="281" assertions="1" time="0.034230"/>
        <testsuite name="Tests_TestHelpers::test_die_process_input" tests="4" assertions="12" errors="0" failures="0" skipped="0" time="0.138111">
          <testcase name="test_die_process_input with data set #0" class="Tests_TestHelpers" classname="Tests_TestHelpers" file="/home/meng/Desktop/wptest/wordpress-develop/tests/phpunit/tests/includes/helpers.php" line="294" assertions="3" time="0.033440"/>
          <testcase name="test_die_process_input with data set #1" class="Tests_TestHelpers" classname="Tests_TestHelpers" file="/home/meng/Desktop/wptest/wordpress-develop/tests/phpunit/tests/includes/helpers.php" line="294" assertions="3" time="0.034422"/>
          <testcase name="test_die_process_input with data set #2" class="Tests_TestHelpers" classname="Tests_TestHelpers" file="/home/meng/Desktop/wptest/wordpress-develop/tests/phpunit/tests/includes/helpers.php" line="294" assertions="3" time="0.033610"/>
          <testcase name="test_die_process_input with data set #3" class="Tests_TestHelpers" classname="Tests_TestHelpers" file="/home/meng/Desktop/wptest/wordpress-develop/tests/phpunit/tests/includes/helpers.php" line="294" assertions="3" time="0.036639"/>
        </testsuite>
        <testcase name="test_setup_postdata_globals_should_be_reset_on_teardown__setup" class="Tests_TestHelpers" classname="Tests_TestHelpers" file="/home/meng/Desktop/wptest/wordpress-develop/tests/phpunit/tests/includes/helpers.php" line="398" assertions="1" time="0.061148"/>
        <testcase name="test_setup_postdata_globals_should_be_reset_on_teardown" class="Tests_TestHelpers" classname="Tests_TestHelpers" file="/home/meng/Desktop/wptest/wordpress-develop/tests/phpunit/tests/includes/helpers.php" line="408" assertions="10" time="0.034661"/>
      </testsuite>
      <testsuite name="Tests_Kses" file="/home/meng/Desktop/wptest/wordpress-develop/tests/phpunit/tests/kses.php" tests="139" assertions="538" errors="0" failures="0" skipped="0" time="4.830304">
        <testcase name="test_wp_filter_post_kses_address" class="Tests_Kses" classname="Tests_Kses" file="/home/meng/Desktop/wptest/wordpress-develop/tests/phpunit/tests/kses.php" line="13" assertions="7" time="0.041032"/>
        <testcase name="test_wp_filter_post_kses_a" class="Tests_Kses" classname="Tests_Kses" file="/home/meng/Desktop/wptest/wordpress-develop/tests/phpunit/tests/kses.php" line="40" assertions="10" time="0.041682"/>
        <testsuite name="Tests_Kses::test_wp_kses_video" tests="4" assertions="4" errors="0" failures="0" skipped="0" time="0.138950">
          <testcase name="test_wp_kses_video with data set #0" class="Tests_Kses" classname="Tests_Kses" file="/home/meng/Desktop/wptest/wordpress-develop/tests/phpunit/tests/kses.php" line="81" assertions="1" time="0.036512"/>
          <testcase name="test_wp_kses_video with data set #1" class="Tests_Kses" classname="Tests_Kses" file="/home/meng/Desktop/wptest/wordpress-develop/tests/phpunit/tests/kses.php" line="81" assertions="1" time="0.035240"/>
          <testcase name="test_wp_kses_video with data set #2" class="Tests_Kses" classname="Tests_Kses" file="/home/meng/Desktop/wptest/wordpress-develop/tests/phpunit/tests/kses.php" line="81" assertions="1" time="0.034535"/>
          <testcase name="test_wp_kses_video with data set #3" class="Tests_Kses" classname="Tests_Kses" file="/home/meng/Desktop/wptest/wordpress-develop/tests/phpunit/tests/kses.php" line="81" assertions="1" time="0.032663"/>
        </testsuite>
        <testcase name="test_wp_filter_post_kses_abbr" class="Tests_Kses" classname="Tests_Kses" file="/home/meng/Desktop/wptest/wordpress-develop/tests/phpunit/tests/kses.php" line="127" assertions="4" time="0.038793"/>
        <testcase name="test_feed_links" class="Tests_Kses" classname="Tests_Kses" file="/home/meng/Desktop/wptest/wordpress-develop/tests/phpunit/tests/kses.php" line="144" assertions="1" time="0.036328"/>
        <testcase name="test_wp_kses_bad_protocol" class="Tests_Kses" classname="Tests_Kses" file="/home/meng/Desktop/wptest/wordpress-develop/tests/phpunit/tests/kses.php" line="178" assertions="7" time="0.037832"/>
        <testcase name="test_hackers_attacks" class="Tests_Kses" classname="Tests_Kses" file="/home/meng/Desktop/wptest/wordpress-develop/tests/phpunit/tests/kses.php" line="280" assertions="33" time="0.065233"/>
        <testcase name="test_wp_kses_allowed_html" class="Tests_Kses" classname="Tests_Kses" file="/home/meng/Desktop/wptest/wordpress-develop/tests/phpunit/tests/kses.php" line="425" assertions="336" time="0.045257"/>
        <testcase name="test_hyphenated_tag" class="Tests_Kses" classname="Tests_Kses" file="/home/meng/Desktop/wptest/wordpress-develop/tests/phpunit/tests/kses.php" line="473" assertions="2" time="0.032494"/>
        <testcase name="test_wp_kses_normalize_entities" class="Tests_Kses" classname="Tests_Kses" file="/home/meng/Desktop/wptest/wordpress-develop/tests/phpunit/tests/kses.php" line="490" assertions="8" time="0.033663"/>
        <testsuite name="Tests_Kses::test_ctrl_removal" tests="5" assertions="5" errors="0" failures="0" skipped="0" time="0.168053">
          <testcase name="test_ctrl_removal with data set #0" class="Tests_Kses" classname="Tests_Kses" file="/home/meng/Desktop/wptest/wordpress-develop/tests/phpunit/tests/kses.php" line="508" assertions="1" time="0.033327"/>
          <testcase name="test_ctrl_removal with data set #1" class="Tests_Kses" classname="Tests_Kses" file="/home/meng/Desktop/wptest/wordpress-develop/tests/phpunit/tests/kses.php" line="508" assertions="1" time="0.032233"/>
          <testcase name="test_ctrl_removal with data set #2" class="Tests_Kses" classname="Tests_Kses" file="/home/meng/Desktop/wptest/wordpress-develop/tests/phpunit/tests/kses.php" line="508" assertions="1" time="0.032806"/>
          <testcase name="test_ctrl_removal with data set #3" class="Tests_Kses" classname="Tests_Kses" file="/home/meng/Desktop/wptest/wordpress-develop/tests/phpunit/tests/kses.php" line="508" assertions="1" time="0.034613"/>
          <testcase name="test_ctrl_removal with data set #4" class="Tests_Kses" classname="Tests_Kses" file="/home/meng/Desktop/wptest/wordpress-develop/tests/phpunit/tests/kses.php" line="508" assertions="1" time="0.035074"/>
        </testsuite>
        <testsuite name="Tests_Kses::test_slash_zero_removal" tests="9" assertions="9" errors="0" failures="0" skipped="0" time="0.308037">
          <testcase name="test_slash_zero_removal with data set #0" class="Tests_Kses" classname="Tests_Kses" file="/home/meng/Desktop/wptest/wordpress-develop/tests/phpunit/tests/kses.php" line="545" assertions="1" time="0.032551"/>
          <testcase name="test_slash_zero_removal with data set #1" class="Tests_Kses" classname="Tests_Kses" file="/home/meng/Desktop/wptest/wordpress-develop/tests/phpunit/tests/kses.php" line="545" assertions="1" time="0.034970"/>
          <testcase name="test_slash_zero_removal with data set #2" class="Tests_Kses" classname="Tests_Kses" file="/home/meng/Desktop/wptest/wordpress-develop/tests/phpunit/tests/kses.php" line="545" assertions="1" time="0.033247"/>
          <testcase name="test_slash_zero_removal with data set #3" class="Tests_Kses" classname="Tests_Kses" file="/home/meng/Desktop/wptest/wordpress-develop/tests/phpunit/tests/kses.php" line="545" assertions="1" time="0.034624"/>
          <testcase name="test_slash_zero_removal with data set #4" class="Tests_Kses" classname="Tests_Kses" file="/home/meng/Desktop/wptest/wordpress-develop/tests/phpunit/tests/kses.php" line="545" assertions="1" time="0.036062"/>
          <testcase name="test_slash_zero_removal with data set #5" class="Tests_Kses" classname="Tests_Kses" file="/home/meng/Desktop/wptest/wordpress-develop/tests/phpunit/tests/kses.php" line="545" assertions="1" time="0.036619"/>
          <testcase name="test_slash_zero_removal with data set #6" class="Tests_Kses" classname="Tests_Kses" file="/home/meng/Desktop/wptest/wordpress-develop/tests/phpunit/tests/kses.php" line="545" assertions="1" time="0.033752"/>
          <testcase name="test_slash_zero_removal with data set #7" class="Tests_Kses" classname="Tests_Kses" file="/home/meng/Desktop/wptest/wordpress-develop/tests/phpunit/tests/kses.php" line="545" assertions="1" time="0.033550"/>
          <testcase name="test_slash_zero_removal with data set #8" class="Tests_Kses" classname="Tests_Kses" file="/home/meng/Desktop/wptest/wordpress-develop/tests/phpunit/tests/kses.php" line="545" assertions="1" time="0.032662"/>
        </testsuite>
        <testsuite name="Tests_Kses::test_hair_parse" tests="12" assertions="12" errors="0" failures="0" skipped="0" time="0.403690">
          <testcase name="test_hair_parse with data set #0" class="Tests_Kses" classname="Tests_Kses" file="/home/meng/Desktop/wptest/wordpress-develop/tests/phpunit/tests/kses.php" line="597" assertions="1" time="0.033014"/>
          <testcase name="test_hair_parse with data set #1" class="Tests_Kses" classname="Tests_Kses" file="/home/meng/Desktop/wptest/wordpress-develop/tests/phpunit/tests/kses.php" line="597" assertions="1" time="0.032381"/>
          <testcase name="test_hair_parse with data set #2" class="Tests_Kses" classname="Tests_Kses" file="/home/meng/Desktop/wptest/wordpress-develop/tests/phpunit/tests/kses.php" line="597" assertions="1" time="0.033923"/>
          <testcase name="test_hair_parse with data set #3" class="Tests_Kses" classname="Tests_Kses" file="/home/meng/Desktop/wptest/wordpress-develop/tests/phpunit/tests/kses.php" line="597" assertions="1" time="0.033595"/>
          <testcase name="test_hair_parse with data set #4" class="Tests_Kses" classname="Tests_Kses" file="/home/meng/Desktop/wptest/wordpress-develop/tests/phpunit/tests/kses.php" line="597" assertions="1" time="0.032168"/>
          <testcase name="test_hair_parse with data set #5" class="Tests_Kses" classname="Tests_Kses" file="/home/meng/Desktop/wptest/wordpress-develop/tests/phpunit/tests/kses.php" line="597" assertions="1" time="0.033974"/>
          <testcase name="test_hair_parse with data set #6" class="Tests_Kses" classname="Tests_Kses" file="/home/meng/Desktop/wptest/wordpress-develop/tests/phpunit/tests/kses.php" line="597" assertions="1" time="0.032441"/>
          <testcase name="test_hair_parse with data set #7" class="Tests_Kses" classname="Tests_Kses" file="/home/meng/Desktop/wptest/wordpress-develop/tests/phpunit/tests/kses.php" line="597" assertions="1" time="0.034338"/>
          <testcase name="test_hair_parse with data set #8" class="Tests_Kses" classname="Tests_Kses" file="/home/meng/Desktop/wptest/wordpress-develop/tests/phpunit/tests/kses.php" line="597" assertions="1" time="0.032456"/>
          <testcase name="test_hair_parse with data set #9" class="Tests_Kses" classname="Tests_Kses" file="/home/meng/Desktop/wptest/wordpress-develop/tests/phpunit/tests/kses.php" line="597" assertions="1" time="0.033818"/>
          <testcase name="test_hair_parse with data set #10" class="Tests_Kses" classname="Tests_Kses" file="/home/meng/Desktop/wptest/wordpress-develop/tests/phpunit/tests/kses.php" line="597" assertions="1" time="0.037227"/>
          <testcase name="test_hair_parse with data set #11" class="Tests_Kses" classname="Tests_Kses" file="/home/meng/Desktop/wptest/wordpress-develop/tests/phpunit/tests/kses.php" line="597" assertions="1" time="0.034355"/>
        </testsuite>
        <testsuite name="Tests_Kses::test_attr_parse" tests="11" assertions="11" errors="0" failures="0" skipped="0" time="0.372450">
          <testcase name="test_attr_parse with data set #0" class="Tests_Kses" classname="Tests_Kses" file="/home/meng/Desktop/wptest/wordpress-develop/tests/phpunit/tests/kses.php" line="663" assertions="1" time="0.036401"/>
          <testcase name="test_attr_parse with data set #1" class="Tests_Kses" classname="Tests_Kses" file="/home/meng/Desktop/wptest/wordpress-develop/tests/phpunit/tests/kses.php" line="663" assertions="1" time="0.034337"/>
          <testcase name="test_attr_parse with data set #2" class="Tests_Kses" classname="Tests_Kses" file="/home/meng/Desktop/wptest/wordpress-develop/tests/phpunit/tests/kses.php" line="663" assertions="1" time="0.033459"/>
          <testcase name="test_attr_parse with data set #3" class="Tests_Kses" classname="Tests_Kses" file="/home/meng/Desktop/wptest/wordpress-develop/tests/phpunit/tests/kses.php" line="663" assertions="1" time="0.033480"/>
          <testcase name="test_attr_parse with data set #4" class="Tests_Kses" classname="Tests_Kses" file="/home/meng/Desktop/wptest/wordpress-develop/tests/phpunit/tests/kses.php" line="663" assertions="1" time="0.033326"/>
          <testcase name="test_attr_parse with data set #5" class="Tests_Kses" classname="Tests_Kses" file="/home/meng/Desktop/wptest/wordpress-develop/tests/phpunit/tests/kses.php" line="663" assertions="1" time="0.033136"/>
          <testcase name="test_attr_parse with data set #6" class="Tests_Kses" classname="Tests_Kses" file="/home/meng/Desktop/wptest/wordpress-develop/tests/phpunit/tests/kses.php" line="663" assertions="1" time="0.033647"/>
          <testcase name="test_attr_parse with data set #7" class="Tests_Kses" classname="Tests_Kses" file="/home/meng/Desktop/wptest/wordpress-develop/tests/phpunit/tests/kses.php" line="663" assertions="1" time="0.032918"/>
          <testcase name="test_attr_parse with data set #8" class="Tests_Kses" classname="Tests_Kses" file="/home/meng/Desktop/wptest/wordpress-develop/tests/phpunit/tests/kses.php" line="663" assertions="1" time="0.034506"/>
          <testcase name="test_attr_parse with data set #9" class="Tests_Kses" classname="Tests_Kses" file="/home/meng/Desktop/wptest/wordpress-develop/tests/phpunit/tests/kses.php" line="663" assertions="1" time="0.035010"/>
          <testcase name="test_attr_parse with data set #10" class="Tests_Kses" classname="Tests_Kses" file="/home/meng/Desktop/wptest/wordpress-develop/tests/phpunit/tests/kses.php" line="663" assertions="1" time="0.032230"/>
        </testsuite>
        <testsuite name="Tests_Kses::test_one_attr" tests="13" assertions="13" errors="0" failures="0" skipped="0" time="0.442065">
          <testcase name="test_one_attr with data set #0" class="Tests_Kses" classname="Tests_Kses" file="/home/meng/Desktop/wptest/wordpress-develop/tests/phpunit/tests/kses.php" line="721" assertions="1" time="0.033897"/>
          <testcase name="test_one_attr with data set #1" class="Tests_Kses" classname="Tests_Kses" file="/home/meng/Desktop/wptest/wordpress-develop/tests/phpunit/tests/kses.php" line="721" assertions="1" time="0.034048"/>
          <testcase name="test_one_attr with data set #2" class="Tests_Kses" classname="Tests_Kses" file="/home/meng/Desktop/wptest/wordpress-develop/tests/phpunit/tests/kses.php" line="721" assertions="1" time="0.032305"/>
          <testcase name="test_one_attr with data set #3" class="Tests_Kses" classname="Tests_Kses" file="/home/meng/Desktop/wptest/wordpress-develop/tests/phpunit/tests/kses.php" line="721" assertions="1" time="0.037111"/>
          <testcase name="test_one_attr with data set #4" class="Tests_Kses" classname="Tests_Kses" file="/home/meng/Desktop/wptest/wordpress-develop/tests/phpunit/tests/kses.php" line="721" assertions="1" time="0.032361"/>
          <testcase name="test_one_attr with data set #5" class="Tests_Kses" classname="Tests_Kses" file="/home/meng/Desktop/wptest/wordpress-develop/tests/phpunit/tests/kses.php" line="721" assertions="1" time="0.032913"/>
          <testcase name="test_one_attr with data set #6" class="Tests_Kses" classname="Tests_Kses" file="/home/meng/Desktop/wptest/wordpress-develop/tests/phpunit/tests/kses.php" line="721" assertions="1" time="0.032468"/>
          <testcase name="test_one_attr with data set #7" class="Tests_Kses" classname="Tests_Kses" file="/home/meng/Desktop/wptest/wordpress-develop/tests/phpunit/tests/kses.php" line="721" assertions="1" time="0.034322"/>
          <testcase name="test_one_attr with data set #8" class="Tests_Kses" classname="Tests_Kses" file="/home/meng/Desktop/wptest/wordpress-develop/tests/phpunit/tests/kses.php" line="721" assertions="1" time="0.033348"/>
          <testcase name="test_one_attr with data set #9" class="Tests_Kses" classname="Tests_Kses" file="/home/meng/Desktop/wptest/wordpress-develop/tests/phpunit/tests/kses.php" line="721" assertions="1" time="0.034681"/>
          <testcase name="test_one_attr with data set #10" class="Tests_Kses" classname="Tests_Kses" file="/home/meng/Desktop/wptest/wordpress-develop/tests/phpunit/tests/kses.php" line="721" assertions="1" time="0.036256"/>
          <testcase name="test_one_attr with data set #11" class="Tests_Kses" classname="Tests_Kses" file="/home/meng/Desktop/wptest/wordpress-develop/tests/phpunit/tests/kses.php" line="721" assertions="1" time="0.034656"/>
          <testcase name="test_one_attr with data set #12" class="Tests_Kses" classname="Tests_Kses" file="/home/meng/Desktop/wptest/wordpress-develop/tests/phpunit/tests/kses.php" line="721" assertions="1" time="0.033699"/>
        </testsuite>
        <testcase name="test_bdo" class="Tests_Kses" classname="Tests_Kses" file="/home/meng/Desktop/wptest/wordpress-develop/tests/phpunit/tests/kses.php" line="798" assertions="1" time="0.036405"/>
        <testcase name="test_ol_reversed" class="Tests_Kses" classname="Tests_Kses" file="/home/meng/Desktop/wptest/wordpress-develop/tests/phpunit/tests/kses.php" line="809" assertions="1" time="0.033478"/>
        <testcase name="test_wp_kses_attr_no_attributes_allowed_with_empty_array" class="Tests_Kses" classname="Tests_Kses" file="/home/meng/Desktop/wptest/wordpress-develop/tests/phpunit/tests/kses.php" line="820" assertions="1" time="0.032112"/>
        <testcase name="test_wp_kses_attr_no_attributes_allowed_with_true" class="Tests_Kses" classname="Tests_Kses" file="/home/meng/Desktop/wptest/wordpress-develop/tests/phpunit/tests/kses.php" line="830" assertions="1" time="0.036180"/>
        <testcase name="test_wp_kses_attr_single_attribute_is_allowed" class="Tests_Kses" classname="Tests_Kses" file="/home/meng/Desktop/wptest/wordpress-develop/tests/phpunit/tests/kses.php" line="840" assertions="1" time="0.035153"/>
        <testcase name="test_wp_kses_attr_no_attributes_allowed_with_false" class="Tests_Kses" classname="Tests_Kses" file="/home/meng/Desktop/wptest/wordpress-develop/tests/phpunit/tests/kses.php" line="850" assertions="1" time="0.034681"/>
        <testsuite name="Tests_Kses::test_safecss_filter_attr" tests="35" assertions="35" errors="0" failures="0" skipped="0" time="1.203492">
          <testcase name="test_safecss_filter_attr with data set #0" class="Tests_Kses" classname="Tests_Kses" file="/home/meng/Desktop/wptest/wordpress-develop/tests/phpunit/tests/kses.php" line="868" assertions="1" time="0.034723"/>
          <testcase name="test_safecss_filter_attr with data set #1" class="Tests_Kses" classname="Tests_Kses" file="/home/meng/Desktop/wptest/wordpress-develop/tests/phpunit/tests/kses.php" line="868" assertions="1" time="0.033284"/>
          <testcase name="test_safecss_filter_attr with data set #2" class="Tests_Kses" classname="Tests_Kses" file="/home/meng/Desktop/wptest/wordpress-develop/tests/phpunit/tests/kses.php" line="868" assertions="1" time="0.034166"/>
          <testcase name="test_safecss_filter_attr with data set #3" class="Tests_Kses" classname="Tests_Kses" file="/home/meng/Desktop/wptest/wordpress-develop/tests/phpunit/tests/kses.php" line="868" assertions="1" time="0.032479"/>
          <testcase name="test_safecss_filter_attr with data set #4" class="Tests_Kses" classname="Tests_Kses" file="/home/meng/Desktop/wptest/wordpress-develop/tests/phpunit/tests/kses.php" line="868" assertions="1" time="0.032789"/>
          <testcase name="test_safecss_filter_attr with data set #5" class="Tests_Kses" classname="Tests_Kses" file="/home/meng/Desktop/wptest/wordpress-develop/tests/phpunit/tests/kses.php" line="868" assertions="1" time="0.033174"/>
          <testcase name="test_safecss_filter_attr with data set #6" class="Tests_Kses" classname="Tests_Kses" file="/home/meng/Desktop/wptest/wordpress-develop/tests/phpunit/tests/kses.php" line="868" assertions="1" time="0.033707"/>
          <testcase name="test_safecss_filter_attr with data set #7" class="Tests_Kses" classname="Tests_Kses" file="/home/meng/Desktop/wptest/wordpress-develop/tests/phpunit/tests/kses.php" line="868" assertions="1" time="0.033963"/>
          <testcase name="test_safecss_filter_attr with data set #8" class="Tests_Kses" classname="Tests_Kses" file="/home/meng/Desktop/wptest/wordpress-develop/tests/phpunit/tests/kses.php" line="868" assertions="1" time="0.033228"/>
          <testcase name="test_safecss_filter_attr with data set #9" class="Tests_Kses" classname="Tests_Kses" file="/home/meng/Desktop/wptest/wordpress-develop/tests/phpunit/tests/kses.php" line="868" assertions="1" time="0.033205"/>
          <testcase name="test_safecss_filter_attr with data set #10" class="Tests_Kses" classname="Tests_Kses" file="/home/meng/Desktop/wptest/wordpress-develop/tests/phpunit/tests/kses.php" line="868" assertions="1" time="0.032764"/>
          <testcase name="test_safecss_filter_attr with data set #11" class="Tests_Kses" classname="Tests_Kses" file="/home/meng/Desktop/wptest/wordpress-develop/tests/phpunit/tests/kses.php" line="868" assertions="1" time="0.034438"/>
          <testcase name="test_safecss_filter_attr with data set #12" class="Tests_Kses" classname="Tests_Kses" file="/home/meng/Desktop/wptest/wordpress-develop/tests/phpunit/tests/kses.php" line="868" assertions="1" time="0.032988"/>
          <testcase name="test_safecss_filter_attr with data set #13" class="Tests_Kses" classname="Tests_Kses" file="/home/meng/Desktop/wptest/wordpress-develop/tests/phpunit/tests/kses.php" line="868" assertions="1" time="0.033874"/>
          <testcase name="test_safecss_filter_attr with data set #14" class="Tests_Kses" classname="Tests_Kses" file="/home/meng/Desktop/wptest/wordpress-develop/tests/phpunit/tests/kses.php" line="868" assertions="1" time="0.034507"/>
          <testcase name="test_safecss_filter_attr with data set #15" class="Tests_Kses" classname="Tests_Kses" file="/home/meng/Desktop/wptest/wordpress-develop/tests/phpunit/tests/kses.php" line="868" assertions="1" time="0.033527"/>
          <testcase name="test_safecss_filter_attr with data set #16" class="Tests_Kses" classname="Tests_Kses" file="/home/meng/Desktop/wptest/wordpress-develop/tests/phpunit/tests/kses.php" line="868" assertions="1" time="0.037410"/>
          <testcase name="test_safecss_filter_attr with data set #17" class="Tests_Kses" classname="Tests_Kses" file="/home/meng/Desktop/wptest/wordpress-develop/tests/phpunit/tests/kses.php" line="868" assertions="1" time="0.034427"/>
          <testcase name="test_safecss_filter_attr with data set #18" class="Tests_Kses" classname="Tests_Kses" file="/home/meng/Desktop/wptest/wordpress-develop/tests/phpunit/tests/kses.php" line="868" assertions="1" time="0.038508"/>
          <testcase name="test_safecss_filter_attr with data set #19" class="Tests_Kses" classname="Tests_Kses" file="/home/meng/Desktop/wptest/wordpress-develop/tests/phpunit/tests/kses.php" line="868" assertions="1" time="0.036988"/>
          <testcase name="test_safecss_filter_attr with data set #20" class="Tests_Kses" classname="Tests_Kses" file="/home/meng/Desktop/wptest/wordpress-develop/tests/phpunit/tests/kses.php" line="868" assertions="1" time="0.035420"/>
          <testcase name="test_safecss_filter_attr with data set #21" class="Tests_Kses" classname="Tests_Kses" file="/home/meng/Desktop/wptest/wordpress-develop/tests/phpunit/tests/kses.php" line="868" assertions="1" time="0.033039"/>
          <testcase name="test_safecss_filter_attr with data set #22" class="Tests_Kses" classname="Tests_Kses" file="/home/meng/Desktop/wptest/wordpress-develop/tests/phpunit/tests/kses.php" line="868" assertions="1" time="0.033944"/>
          <testcase name="test_safecss_filter_attr with data set #23" class="Tests_Kses" classname="Tests_Kses" file="/home/meng/Desktop/wptest/wordpress-develop/tests/phpunit/tests/kses.php" line="868" assertions="1" time="0.035642"/>
          <testcase name="test_safecss_filter_attr with data set #24" class="Tests_Kses" classname="Tests_Kses" file="/home/meng/Desktop/wptest/wordpress-develop/tests/phpunit/tests/kses.php" line="868" assertions="1" time="0.033976"/>
          <testcase name="test_safecss_filter_attr with data set #25" class="Tests_Kses" classname="Tests_Kses" file="/home/meng/Desktop/wptest/wordpress-develop/tests/phpunit/tests/kses.php" line="868" assertions="1" time="0.032541"/>
          <testcase name="test_safecss_filter_attr with data set #26" class="Tests_Kses" classname="Tests_Kses" file="/home/meng/Desktop/wptest/wordpress-develop/tests/phpunit/tests/kses.php" line="868" assertions="1" time="0.033572"/>
          <testcase name="test_safecss_filter_attr with data set #27" class="Tests_Kses" classname="Tests_Kses" file="/home/meng/Desktop/wptest/wordpress-develop/tests/phpunit/tests/kses.php" line="868" assertions="1" time="0.035276"/>
          <testcase name="test_safecss_filter_attr with data set #28" class="Tests_Kses" classname="Tests_Kses" file="/home/meng/Desktop/wptest/wordpress-develop/tests/phpunit/tests/kses.php" line="868" assertions="1" time="0.035133"/>
          <testcase name="test_safecss_filter_attr with data set #29" class="Tests_Kses" classname="Tests_Kses" file="/home/meng/Desktop/wptest/wordpress-develop/tests/phpunit/tests/kses.php" line="868" assertions="1" time="0.033925"/>
          <testcase name="test_safecss_filter_attr with data set #30" class="Tests_Kses" classname="Tests_Kses" file="/home/meng/Desktop/wptest/wordpress-develop/tests/phpunit/tests/kses.php" line="868" assertions="1" time="0.038204"/>
          <testcase name="test_safecss_filter_attr with data set #31" class="Tests_Kses" classname="Tests_Kses" file="/home/meng/Desktop/wptest/wordpress-develop/tests/phpunit/tests/kses.php" line="868" assertions="1" time="0.034431"/>
          <testcase name="test_safecss_filter_attr with data set #32" class="Tests_Kses" classname="Tests_Kses" file="/home/meng/Desktop/wptest/wordpress-develop/tests/phpunit/tests/kses.php" line="868" assertions="1" time="0.033476"/>
          <testcase name="test_safecss_filter_attr with data set #33" class="Tests_Kses" classname="Tests_Kses" file="/home/meng/Desktop/wptest/wordpress-develop/tests/phpunit/tests/kses.php" line="868" assertions="1" time="0.034710"/>
          <testcase name="test_safecss_filter_attr with data set #34" class="Tests_Kses" classname="Tests_Kses" file="/home/meng/Desktop/wptest/wordpress-develop/tests/phpunit/tests/kses.php" line="868" assertions="1" time="0.036054"/>
        </testsuite>
        <testcase name="test_wp_kses_attr_data_attribute_is_allowed" class="Tests_Kses" classname="Tests_Kses" file="/home/meng/Desktop/wptest/wordpress-develop/tests/phpunit/tests/kses.php" line="1056" assertions="1" time="0.034225"/>
        <testcase name="test_wildcard_requires_hyphen_after_prefix" class="Tests_Kses" classname="Tests_Kses" file="/home/meng/Desktop/wptest/wordpress-develop/tests/phpunit/tests/kses.php" line="1068" assertions="1" time="0.033921"/>
        <testcase name="test_wildcard_allows_two_hyphens" class="Tests_Kses" classname="Tests_Kses" file="/home/meng/Desktop/wptest/wordpress-develop/tests/phpunit/tests/kses.php" line="1089" assertions="1" time="0.033117"/>
        <testsuite name="Tests_Kses::test_wildcard_attribute_prefixes" tests="4" assertions="4" errors="0" failures="0" skipped="0" time="0.140290">
          <testcase name="test_wildcard_attribute_prefixes with data set #0" class="Tests_Kses" classname="Tests_Kses" file="/home/meng/Desktop/wptest/wordpress-develop/tests/phpunit/tests/kses.php" line="1111" assertions="1" time="0.032677"/>
          <testcase name="test_wildcard_attribute_prefixes with data set #1" class="Tests_Kses" classname="Tests_Kses" file="/home/meng/Desktop/wptest/wordpress-develop/tests/phpunit/tests/kses.php" line="1111" assertions="1" time="0.034226"/>
          <testcase name="test_wildcard_attribute_prefixes with data set #2" class="Tests_Kses" classname="Tests_Kses" file="/home/meng/Desktop/wptest/wordpress-develop/tests/phpunit/tests/kses.php" line="1111" assertions="1" time="0.038778"/>
          <testcase name="test_wildcard_attribute_prefixes with data set #3" class="Tests_Kses" classname="Tests_Kses" file="/home/meng/Desktop/wptest/wordpress-develop/tests/phpunit/tests/kses.php" line="1111" assertions="1" time="0.034609"/>
        </testsuite>
        <testsuite name="Tests_Kses::test_kses_style_attr_with_url" tests="19" assertions="19" errors="0" failures="0" skipped="0" time="0.657222">
          <testcase name="test_kses_style_attr_with_url with data set #0" class="Tests_Kses" classname="Tests_Kses" file="/home/meng/Desktop/wptest/wordpress-develop/tests/phpunit/tests/kses.php" line="1156" assertions="1" time="0.035865"/>
          <testcase name="test_kses_style_attr_with_url with data set #1" class="Tests_Kses" classname="Tests_Kses" file="/home/meng/Desktop/wptest/wordpress-develop/tests/phpunit/tests/kses.php" line="1156" assertions="1" time="0.036808"/>
          <testcase name="test_kses_style_attr_with_url with data set #2" class="Tests_Kses" classname="Tests_Kses" file="/home/meng/Desktop/wptest/wordpress-develop/tests/phpunit/tests/kses.php" line="1156" assertions="1" time="0.035032"/>
          <testcase name="test_kses_style_attr_with_url with data set #3" class="Tests_Kses" classname="Tests_Kses" file="/home/meng/Desktop/wptest/wordpress-develop/tests/phpunit/tests/kses.php" line="1156" assertions="1" time="0.035499"/>
          <testcase name="test_kses_style_attr_with_url with data set #4" class="Tests_Kses" classname="Tests_Kses" file="/home/meng/Desktop/wptest/wordpress-develop/tests/phpunit/tests/kses.php" line="1156" assertions="1" time="0.035550"/>
          <testcase name="test_kses_style_attr_with_url with data set #5" class="Tests_Kses" classname="Tests_Kses" file="/home/meng/Desktop/wptest/wordpress-develop/tests/phpunit/tests/kses.php" line="1156" assertions="1" time="0.035478"/>
          <testcase name="test_kses_style_attr_with_url with data set #6" class="Tests_Kses" classname="Tests_Kses" file="/home/meng/Desktop/wptest/wordpress-develop/tests/phpunit/tests/kses.php" line="1156" assertions="1" time="0.035902"/>
          <testcase name="test_kses_style_attr_with_url with data set #7" class="Tests_Kses" classname="Tests_Kses" file="/home/meng/Desktop/wptest/wordpress-develop/tests/phpunit/tests/kses.php" line="1156" assertions="1" time="0.034600"/>
          <testcase name="test_kses_style_attr_with_url with data set #8" class="Tests_Kses" classname="Tests_Kses" file="/home/meng/Desktop/wptest/wordpress-develop/tests/phpunit/tests/kses.php" line="1156" assertions="1" time="0.033509"/>
          <testcase name="test_kses_style_attr_with_url with data set #9" class="Tests_Kses" classname="Tests_Kses" file="/home/meng/Desktop/wptest/wordpress-develop/tests/phpunit/tests/kses.php" line="1156" assertions="1" time="0.033652"/>
          <testcase name="test_kses_style_attr_with_url with data set #10" class="Tests_Kses" classname="Tests_Kses" file="/home/meng/Desktop/wptest/wordpress-develop/tests/phpunit/tests/kses.php" line="1156" assertions="1" time="0.034430"/>
          <testcase name="test_kses_style_attr_with_url with data set #11" class="Tests_Kses" classname="Tests_Kses" file="/home/meng/Desktop/wptest/wordpress-develop/tests/phpunit/tests/kses.php" line="1156" assertions="1" time="0.034297"/>
          <testcase name="test_kses_style_attr_with_url with data set #12" class="Tests_Kses" classname="Tests_Kses" file="/home/meng/Desktop/wptest/wordpress-develop/tests/phpunit/tests/kses.php" line="1156" assertions="1" time="0.034022"/>
          <testcase name="test_kses_style_attr_with_url with data set #13" class="Tests_Kses" classname="Tests_Kses" file="/home/meng/Desktop/wptest/wordpress-develop/tests/phpunit/tests/kses.php" line="1156" assertions="1" time="0.033725"/>
          <testcase name="test_kses_style_attr_with_url with data set #14" class="Tests_Kses" classname="Tests_Kses" file="/home/meng/Desktop/wptest/wordpress-develop/tests/phpunit/tests/kses.php" line="1156" assertions="1" time="0.034563"/>
          <testcase name="test_kses_style_attr_with_url with data set #15" class="Tests_Kses" classname="Tests_Kses" file="/home/meng/Desktop/wptest/wordpress-develop/tests/phpunit/tests/kses.php" line="1156" assertions="1" time="0.033782"/>
          <testcase name="test_kses_style_attr_with_url with data set #16" class="Tests_Kses" classname="Tests_Kses" file="/home/meng/Desktop/wptest/wordpress-develop/tests/phpunit/tests/kses.php" line="1156" assertions="1" time="0.032996"/>
          <testcase name="test_kses_style_attr_with_url with data set #17" class="Tests_Kses" classname="Tests_Kses" file="/home/meng/Desktop/wptest/wordpress-develop/tests/phpunit/tests/kses.php" line="1156" assertions="1" time="0.033777"/>
          <testcase name="test_kses_style_attr_with_url with data set #18" class="Tests_Kses" classname="Tests_Kses" file="/home/meng/Desktop/wptest/wordpress-develop/tests/phpunit/tests/kses.php" line="1156" assertions="1" time="0.033735"/>
        </testsuite>
        <testsuite name="Tests_Kses::test_safecss_filter_attr_filtered" tests="8" assertions="8" errors="0" failures="0" skipped="0" time="0.278963">
          <testcase name="test_safecss_filter_attr_filtered with data set #0" class="Tests_Kses" classname="Tests_Kses" file="/home/meng/Desktop/wptest/wordpress-develop/tests/phpunit/tests/kses.php" line="1303" assertions="1" time="0.033494"/>
          <testcase name="test_safecss_filter_attr_filtered with data set #1" class="Tests_Kses" classname="Tests_Kses" file="/home/meng/Desktop/wptest/wordpress-develop/tests/phpunit/tests/kses.php" line="1303" assertions="1" time="0.033609"/>
          <testcase name="test_safecss_filter_attr_filtered with data set #2" class="Tests_Kses" classname="Tests_Kses" file="/home/meng/Desktop/wptest/wordpress-develop/tests/phpunit/tests/kses.php" line="1303" assertions="1" time="0.035635"/>
          <testcase name="test_safecss_filter_attr_filtered with data set #3" class="Tests_Kses" classname="Tests_Kses" file="/home/meng/Desktop/wptest/wordpress-develop/tests/phpunit/tests/kses.php" line="1303" assertions="1" time="0.036047"/>
          <testcase name="test_safecss_filter_attr_filtered with data set #4" class="Tests_Kses" classname="Tests_Kses" file="/home/meng/Desktop/wptest/wordpress-develop/tests/phpunit/tests/kses.php" line="1303" assertions="1" time="0.036721"/>
          <testcase name="test_safecss_filter_attr_filtered with data set #5" class="Tests_Kses" classname="Tests_Kses" file="/home/meng/Desktop/wptest/wordpress-develop/tests/phpunit/tests/kses.php" line="1303" assertions="1" time="0.035597"/>
          <testcase name="test_safecss_filter_attr_filtered with data set #6" class="Tests_Kses" classname="Tests_Kses" file="/home/meng/Desktop/wptest/wordpress-develop/tests/phpunit/tests/kses.php" line="1303" assertions="1" time="0.033639"/>
          <testcase name="test_safecss_filter_attr_filtered with data set #7" class="Tests_Kses" classname="Tests_Kses" file="/home/meng/Desktop/wptest/wordpress-develop/tests/phpunit/tests/kses.php" line="1303" assertions="1" time="0.034221"/>
        </testsuite>
        <testcase name="test_wp_kses_img_tag_standard_attributes" class="Tests_Kses" classname="Tests_Kses" file="/home/meng/Desktop/wptest/wordpress-develop/tests/phpunit/tests/kses.php" line="1370" assertions="1" time="0.035507"/>
      </testsuite>
      <testsuite name="Tests_L10n" file="/home/meng/Desktop/wptest/wordpress-develop/tests/phpunit/tests/l10n.php" tests="23" assertions="81" errors="0" failures="0" skipped="0" time="1.621542">
        <testcase name="test_n_noop" class="Tests_L10n" classname="Tests_L10n" file="/home/meng/Desktop/wptest/wordpress-develop/tests/phpunit/tests/l10n.php" line="21" assertions="4" time="0.033969"/>
        <testcase name="test_nx_noop" class="Tests_L10n" classname="Tests_L10n" file="/home/meng/Desktop/wptest/wordpress-develop/tests/phpunit/tests/l10n.php" line="34" assertions="5" time="0.034730"/>
        <testcase name="test_before_last_bar" class="Tests_L10n" classname="Tests_L10n" file="/home/meng/Desktop/wptest/wordpress-develop/tests/phpunit/tests/l10n.php" line="48" assertions="3" time="0.033006"/>
        <testcase name="test_get_available_languages" class="Tests_L10n" classname="Tests_L10n" file="/home/meng/Desktop/wptest/wordpress-develop/tests/phpunit/tests/l10n.php" line="57" assertions="3" time="0.034308"/>
        <testcase name="test_wp_get_installed_translations_for_core" class="Tests_L10n" classname="Tests_L10n" file="/home/meng/Desktop/wptest/wordpress-develop/tests/phpunit/tests/l10n.php" line="71" assertions="10" time="0.036567"/>
        <testcase name="test_wp_dropdown_languages" class="Tests_L10n" classname="Tests_L10n" file="/home/meng/Desktop/wptest/wordpress-develop/tests/phpunit/tests/l10n.php" line="93" assertions="6" time="0.034231"/>
        <testcase name="test_wp_dropdown_languages_site_default" class="Tests_L10n" classname="Tests_L10n" file="/home/meng/Desktop/wptest/wordpress-develop/tests/phpunit/tests/l10n.php" line="115" assertions="7" time="0.035279"/>
        <testcase name="test_wp_dropdown_languages_exclude_en_us" class="Tests_L10n" classname="Tests_L10n" file="/home/meng/Desktop/wptest/wordpress-develop/tests/phpunit/tests/l10n.php" line="139" assertions="1" time="0.035882"/>
        <testcase name="test_wp_dropdown_languages_en_US_selected" class="Tests_L10n" classname="Tests_L10n" file="/home/meng/Desktop/wptest/wordpress-develop/tests/phpunit/tests/l10n.php" line="157" assertions="6" time="0.035793"/>
        <testcase name="test_wp_dropdown_languages_site_default_ja_JP" class="Tests_L10n" classname="Tests_L10n" file="/home/meng/Desktop/wptest/wordpress-develop/tests/phpunit/tests/l10n.php" line="179" assertions="7" time="0.033923"/>
        <testcase name="test_wp_dropdown_languages_ja_JP_selected" class="Tests_L10n" classname="Tests_L10n" file="/home/meng/Desktop/wptest/wordpress-develop/tests/phpunit/tests/l10n.php" line="203" assertions="6" time="0.036755"/>
        <testcase name="test_wp_get_pomo_file_data" class="Tests_L10n" classname="Tests_L10n" file="/home/meng/Desktop/wptest/wordpress-develop/tests/phpunit/tests/l10n.php" line="250" assertions="12" time="0.034060"/>
        <testcase name="test_length_of_excerpt_should_be_counted_by_words" class="Tests_L10n" classname="Tests_L10n" file="/home/meng/Desktop/wptest/wordpress-develop/tests/phpunit/tests/l10n.php" line="276" assertions="1" time="0.067075"/>
        <testcase name="test_length_of_excerpt_should_be_counted_by_chars" class="Tests_L10n" classname="Tests_L10n" file="/home/meng/Desktop/wptest/wordpress-develop/tests/phpunit/tests/l10n.php" line="300" assertions="1" time="0.144786"/>
        <testcase name="test_length_of_excerpt_should_be_counted_by_chars_in_japanese" class="Tests_L10n" classname="Tests_L10n" file="/home/meng/Desktop/wptest/wordpress-develop/tests/phpunit/tests/l10n.php" line="324" assertions="1" time="0.148167"/>
        <testcase name="test_length_of_excerpt_rss_should_be_counted_by_words" class="Tests_L10n" classname="Tests_L10n" file="/home/meng/Desktop/wptest/wordpress-develop/tests/phpunit/tests/l10n.php" line="348" assertions="1" time="0.061824"/>
        <testcase name="test_length_of_excerpt_rss_should_be_counted_by_chars" class="Tests_L10n" classname="Tests_L10n" file="/home/meng/Desktop/wptest/wordpress-develop/tests/phpunit/tests/l10n.php" line="372" assertions="1" time="0.150157"/>
        <testcase name="test_length_of_draft_should_be_counted_by_words" class="Tests_L10n" classname="Tests_L10n" file="/home/meng/Desktop/wptest/wordpress-develop/tests/phpunit/tests/l10n.php" line="397" assertions="1" time="0.060999"/>
        <testcase name="test_length_of_draft_should_be_counted_by_chars" class="Tests_L10n" classname="Tests_L10n" file="/home/meng/Desktop/wptest/wordpress-develop/tests/phpunit/tests/l10n.php" line="421" assertions="1" time="0.149012"/>
        <testcase name="test_length_of_draft_should_be_counted_by_chars_in_japanese" class="Tests_L10n" classname="Tests_L10n" file="/home/meng/Desktop/wptest/wordpress-develop/tests/phpunit/tests/l10n.php" line="445" assertions="1" time="0.143661"/>
        <testcase name="test_length_of_comment_excerpt_should_be_counted_by_words" class="Tests_L10n" classname="Tests_L10n" file="/home/meng/Desktop/wptest/wordpress-develop/tests/phpunit/tests/l10n.php" line="469" assertions="1" time="0.039387"/>
        <testcase name="test_length_of_comment_excerpt_should_be_counted_by_chars" class="Tests_L10n" classname="Tests_L10n" file="/home/meng/Desktop/wptest/wordpress-develop/tests/phpunit/tests/l10n.php" line="487" assertions="1" time="0.118923"/>
        <testcase name="test_length_of_comment_excerpt_should_be_counted_by_chars_in_Japanese" class="Tests_L10n" classname="Tests_L10n" file="/home/meng/Desktop/wptest/wordpress-develop/tests/phpunit/tests/l10n.php" line="505" assertions="1" time="0.119048"/>
      </testsuite>
      <testsuite name="Tests_L10n_GetLocale" file="/home/meng/Desktop/wptest/wordpress-develop/tests/phpunit/tests/l10n/getLocale.php" tests="4" assertions="4" errors="0" failures="0" skipped="0" time="0.147562">
        <testcase name="test_should_respect_locale_global" class="Tests_L10n_GetLocale" classname="Tests_L10n_GetLocale" file="/home/meng/Desktop/wptest/wordpress-develop/tests/phpunit/tests/l10n/getLocale.php" line="8" assertions="1" time="0.039228"/>
        <testcase name="test_option_should_be_respected_on_nonmultisite" class="Tests_L10n_GetLocale" classname="Tests_L10n_GetLocale" file="/home/meng/Desktop/wptest/wordpress-develop/tests/phpunit/tests/l10n/getLocale.php" line="60" assertions="1" time="0.036035"/>
        <testcase name="test_should_fall_back_on_en_US" class="Tests_L10n_GetLocale" classname="Tests_L10n_GetLocale" file="/home/meng/Desktop/wptest/wordpress-develop/tests/phpunit/tests/l10n/getLocale.php" line="78" assertions="1" time="0.036885"/>
        <testcase name="test_should_respect_get_locale_filter" class="Tests_L10n_GetLocale" classname="Tests_L10n_GetLocale" file="/home/meng/Desktop/wptest/wordpress-develop/tests/phpunit/tests/l10n/getLocale.php" line="89" assertions="1" time="0.035414"/>
      </testsuite>
      <testsuite name="Tests_Get_User_Locale" file="/home/meng/Desktop/wptest/wordpress-develop/tests/phpunit/tests/l10n/getUserLocale.php" tests="12" assertions="15" errors="0" failures="0" skipped="0" time="1.426018">
        <testcase name="test_user_locale_property" class="Tests_Get_User_Locale" classname="Tests_Get_User_Locale" file="/home/meng/Desktop/wptest/wordpress-develop/tests/phpunit/tests/l10n/getUserLocale.php" line="30" assertions="2" time="0.104660"/>
        <testcase name="test_update_user_locale" class="Tests_Get_User_Locale" classname="Tests_Get_User_Locale" file="/home/meng/Desktop/wptest/wordpress-develop/tests/phpunit/tests/l10n/getUserLocale.php" line="36" assertions="1" time="0.103111"/>
        <testcase name="test_returns_site_locale_if_empty" class="Tests_Get_User_Locale" classname="Tests_Get_User_Locale" file="/home/meng/Desktop/wptest/wordpress-develop/tests/phpunit/tests/l10n/getUserLocale.php" line="42" assertions="1" time="0.106018"/>
        <testcase name="test_returns_site_locale_if_no_user" class="Tests_Get_User_Locale" classname="Tests_Get_User_Locale" file="/home/meng/Desktop/wptest/wordpress-develop/tests/phpunit/tests/l10n/getUserLocale.php" line="48" assertions="1" time="0.106013"/>
        <testcase name="test_returns_correct_user_locale" class="Tests_Get_User_Locale" classname="Tests_Get_User_Locale" file="/home/meng/Desktop/wptest/wordpress-develop/tests/phpunit/tests/l10n/getUserLocale.php" line="53" assertions="1" time="0.114517"/>
        <testcase name="test_returns_correct_user_locale_on_frontend" class="Tests_Get_User_Locale" classname="Tests_Get_User_Locale" file="/home/meng/Desktop/wptest/wordpress-develop/tests/phpunit/tests/l10n/getUserLocale.php" line="58" assertions="1" time="0.109539"/>
        <testcase name="test_site_locale_is_not_affected" class="Tests_Get_User_Locale" classname="Tests_Get_User_Locale" file="/home/meng/Desktop/wptest/wordpress-develop/tests/phpunit/tests/l10n/getUserLocale.php" line="62" assertions="1" time="0.107872"/>
        <testcase name="test_site_locale_is_not_affected_on_frontend" class="Tests_Get_User_Locale" classname="Tests_Get_User_Locale" file="/home/meng/Desktop/wptest/wordpress-develop/tests/phpunit/tests/l10n/getUserLocale.php" line="67" assertions="1" time="0.111304"/>
        <testcase name="test_user_id_argument_with_id" class="Tests_Get_User_Locale" classname="Tests_Get_User_Locale" file="/home/meng/Desktop/wptest/wordpress-develop/tests/phpunit/tests/l10n/getUserLocale.php" line="89" assertions="2" time="0.170070"/>
        <testcase name="test_user_id_argument_with_wp_user_object" class="Tests_Get_User_Locale" classname="Tests_Get_User_Locale" file="/home/meng/Desktop/wptest/wordpress-develop/tests/phpunit/tests/l10n/getUserLocale.php" line="106" assertions="2" time="0.181415"/>
        <testcase name="test_user_id_argument_with_nonexistent_user" class="Tests_Get_User_Locale" classname="Tests_Get_User_Locale" file="/home/meng/Desktop/wptest/wordpress-develop/tests/phpunit/tests/l10n/getUserLocale.php" line="125" assertions="1" time="0.101819"/>
        <testcase name="test_user_id_argument_with_invalid_type" class="Tests_Get_User_Locale" classname="Tests_Get_User_Locale" file="/home/meng/Desktop/wptest/wordpress-develop/tests/phpunit/tests/l10n/getUserLocale.php" line="135" assertions="1" time="0.109680"/>
      </testsuite>
      <testsuite name="Tests_L10n_loadScriptTextdomain" file="/home/meng/Desktop/wptest/wordpress-develop/tests/phpunit/tests/l10n/loadScriptTextdomain.php" tests="3" assertions="5" errors="0" failures="0" skipped="0" time="0.125972">
        <testcase name="test_resolve_relative_path" class="Tests_L10n_loadScriptTextdomain" classname="Tests_L10n_loadScriptTextdomain" file="/home/meng/Desktop/wptest/wordpress-develop/tests/phpunit/tests/l10n/loadScriptTextdomain.php" line="31" assertions="3" time="0.054385"/>
        <testcase name="test_resolve_relative_path_custom_plugins_url" class="Tests_L10n_loadScriptTextdomain" classname="Tests_L10n_loadScriptTextdomain" file="/home/meng/Desktop/wptest/wordpress-develop/tests/phpunit/tests/l10n/loadScriptTextdomain.php" line="53" assertions="1" time="0.035197"/>
        <testcase name="test_resolve_relative_path_custom_content_url" class="Tests_L10n_loadScriptTextdomain" classname="Tests_L10n_loadScriptTextdomain" file="/home/meng/Desktop/wptest/wordpress-develop/tests/phpunit/tests/l10n/loadScriptTextdomain.php" line="65" assertions="1" time="0.036390"/>
      </testsuite>
      <testsuite name="Tests_L10n_loadTextdomain" file="/home/meng/Desktop/wptest/wordpress-develop/tests/phpunit/tests/l10n/loadTextdomain.php" tests="20" assertions="26" errors="0" failures="0" skipped="0" time="0.730894">
        <testcase name="test_is_textdomain_loaded" class="Tests_L10n_loadTextdomain" classname="Tests_L10n_loadTextdomain" file="/home/meng/Desktop/wptest/wordpress-develop/tests/phpunit/tests/l10n/loadTextdomain.php" line="52" assertions="1" time="0.034958"/>
        <testcase name="test_unload_textdomain" class="Tests_L10n_loadTextdomain" classname="Tests_L10n_loadTextdomain" file="/home/meng/Desktop/wptest/wordpress-develop/tests/phpunit/tests/l10n/loadTextdomain.php" line="56" assertions="1" time="0.034970"/>
        <testcase name="test_load_textdomain" class="Tests_L10n_loadTextdomain" classname="Tests_L10n_loadTextdomain" file="/home/meng/Desktop/wptest/wordpress-develop/tests/phpunit/tests/l10n/loadTextdomain.php" line="60" assertions="1" time="0.035316"/>
        <testcase name="test_is_textdomain_loaded_after_loading" class="Tests_L10n_loadTextdomain" classname="Tests_L10n_loadTextdomain" file="/home/meng/Desktop/wptest/wordpress-develop/tests/phpunit/tests/l10n/loadTextdomain.php" line="68" assertions="1" time="0.037130"/>
        <testcase name="test_unload_textdomain_after_loading" class="Tests_L10n_loadTextdomain" classname="Tests_L10n_loadTextdomain" file="/home/meng/Desktop/wptest/wordpress-develop/tests/phpunit/tests/l10n/loadTextdomain.php" line="78" assertions="1" time="0.035993"/>
        <testcase name="test_is_textdomain_loaded_after_unloading" class="Tests_L10n_loadTextdomain" classname="Tests_L10n_loadTextdomain" file="/home/meng/Desktop/wptest/wordpress-develop/tests/phpunit/tests/l10n/loadTextdomain.php" line="84" assertions="1" time="0.035988"/>
        <testcase name="test_load_textdomain_non_existent_file" class="Tests_L10n_loadTextdomain" classname="Tests_L10n_loadTextdomain" file="/home/meng/Desktop/wptest/wordpress-develop/tests/phpunit/tests/l10n/loadTextdomain.php" line="95" assertions="1" time="0.035985"/>
        <testcase name="test_is_textdomain_loaded_non_existent_file" class="Tests_L10n_loadTextdomain" classname="Tests_L10n_loadTextdomain" file="/home/meng/Desktop/wptest/wordpress-develop/tests/phpunit/tests/l10n/loadTextdomain.php" line="102" assertions="1" time="0.034896"/>
        <testcase name="test_get_translations_for_domain_non_existent_file" class="Tests_L10n_loadTextdomain" classname="Tests_L10n_loadTextdomain" file="/home/meng/Desktop/wptest/wordpress-develop/tests/phpunit/tests/l10n/loadTextdomain.php" line="111" assertions="1" time="0.035143"/>
        <testcase name="test_unload_textdomain_non_existent_file" class="Tests_L10n_loadTextdomain" classname="Tests_L10n_loadTextdomain" file="/home/meng/Desktop/wptest/wordpress-develop/tests/phpunit/tests/l10n/loadTextdomain.php" line="120" assertions="1" time="0.035693"/>
        <testcase name="test_is_textdomain_is_not_loaded_after_gettext_call_with_no_translations" class="Tests_L10n_loadTextdomain" classname="Tests_L10n_loadTextdomain" file="/home/meng/Desktop/wptest/wordpress-develop/tests/phpunit/tests/l10n/loadTextdomain.php" line="129" assertions="2" time="0.035539"/>
        <testcase name="test_override_load_textdomain_noop" class="Tests_L10n_loadTextdomain" classname="Tests_L10n_loadTextdomain" file="/home/meng/Desktop/wptest/wordpress-develop/tests/phpunit/tests/l10n/loadTextdomain.php" line="135" assertions="2" time="0.034845"/>
        <testcase name="test_override_load_textdomain_non_existent_mofile" class="Tests_L10n_loadTextdomain" classname="Tests_L10n_loadTextdomain" file="/home/meng/Desktop/wptest/wordpress-develop/tests/phpunit/tests/l10n/loadTextdomain.php" line="144" assertions="3" time="0.037822"/>
        <testcase name="test_override_load_textdomain_custom_mofile" class="Tests_L10n_loadTextdomain" classname="Tests_L10n_loadTextdomain" file="/home/meng/Desktop/wptest/wordpress-develop/tests/phpunit/tests/l10n/loadTextdomain.php" line="158" assertions="3" time="0.035414"/>
        <testcase name="test_load_muplugin_textdomain_site_locale" class="Tests_L10n_loadTextdomain" classname="Tests_L10n_loadTextdomain" file="/home/meng/Desktop/wptest/wordpress-develop/tests/phpunit/tests/l10n/loadTextdomain.php" line="200" assertions="1" time="0.036488"/>
        <testcase name="test_load_muplugin_textdomain_user_locale" class="Tests_L10n_loadTextdomain" classname="Tests_L10n_loadTextdomain" file="/home/meng/Desktop/wptest/wordpress-develop/tests/phpunit/tests/l10n/loadTextdomain.php" line="209" assertions="1" time="0.039449"/>
        <testcase name="test_load_plugin_textdomain_site_locale" class="Tests_L10n_loadTextdomain" classname="Tests_L10n_loadTextdomain" file="/home/meng/Desktop/wptest/wordpress-develop/tests/phpunit/tests/l10n/loadTextdomain.php" line="220" assertions="1" time="0.035238"/>
        <testcase name="test_load_plugin_textdomain_user_locale" class="Tests_L10n_loadTextdomain" classname="Tests_L10n_loadTextdomain" file="/home/meng/Desktop/wptest/wordpress-develop/tests/phpunit/tests/l10n/loadTextdomain.php" line="229" assertions="1" time="0.038977"/>
        <testcase name="test_load_theme_textdomain_site_locale" class="Tests_L10n_loadTextdomain" classname="Tests_L10n_loadTextdomain" file="/home/meng/Desktop/wptest/wordpress-develop/tests/phpunit/tests/l10n/loadTextdomain.php" line="240" assertions="1" time="0.038264"/>
        <testcase name="test_load_theme_textdomain_user_locale" class="Tests_L10n_loadTextdomain" classname="Tests_L10n_loadTextdomain" file="/home/meng/Desktop/wptest/wordpress-develop/tests/phpunit/tests/l10n/loadTextdomain.php" line="249" assertions="1" time="0.042786"/>
      </testsuite>
      <testsuite name="Tests_L10n_loadTextdomainJustInTime" file="/home/meng/Desktop/wptest/wordpress-develop/tests/phpunit/tests/l10n/loadTextdomainJustInTime.php" tests="10" assertions="21" errors="0" failures="0" skipped="0" time="1.036712">
        <testcase name="test_plugin_translation_should_be_translated_without_calling_load_plugin_textdomain" class="Tests_L10n_loadTextdomainJustInTime" classname="Tests_L10n_loadTextdomainJustInTime" file="/home/meng/Desktop/wptest/wordpress-develop/tests/phpunit/tests/l10n/loadTextdomainJustInTime.php" line="73" assertions="3" time="0.064151"/>
        <testcase name="test_theme_translation_should_be_translated_without_calling_load_theme_textdomain" class="Tests_L10n_loadTextdomainJustInTime" classname="Tests_L10n_loadTextdomainJustInTime" file="/home/meng/Desktop/wptest/wordpress-develop/tests/phpunit/tests/l10n/loadTextdomainJustInTime.php" line="92" assertions="3" time="0.082198"/>
        <testcase name="test_get_translations_for_domain_does_not_return_null_if_override_load_textdomain_is_used" class="Tests_L10n_loadTextdomainJustInTime" classname="Tests_L10n_loadTextdomainJustInTime" file="/home/meng/Desktop/wptest/wordpress-develop/tests/phpunit/tests/l10n/loadTextdomainJustInTime.php" line="113" assertions="1" time="0.063008"/>
        <testcase name="test_should_allow_unloading_of_text_domain" class="Tests_L10n_loadTextdomainJustInTime" classname="Tests_L10n_loadTextdomainJustInTime" file="/home/meng/Desktop/wptest/wordpress-develop/tests/phpunit/tests/l10n/loadTextdomainJustInTime.php" line="126" assertions="6" time="0.066834"/>
        <testcase name="test_plugin_translation_after_switching_locale" class="Tests_L10n_loadTextdomainJustInTime" classname="Tests_L10n_loadTextdomainJustInTime" file="/home/meng/Desktop/wptest/wordpress-develop/tests/phpunit/tests/l10n/loadTextdomainJustInTime.php" line="165" assertions="1" time="0.152821"/>
        <testcase name="test_plugin_translation_after_switching_locale_twice" class="Tests_L10n_loadTextdomainJustInTime" classname="Tests_L10n_loadTextdomainJustInTime" file="/home/meng/Desktop/wptest/wordpress-develop/tests/phpunit/tests/l10n/loadTextdomainJustInTime.php" line="179" assertions="2" time="0.203317"/>
        <testcase name="test_theme_translation_after_switching_locale" class="Tests_L10n_loadTextdomainJustInTime" classname="Tests_L10n_loadTextdomainJustInTime" file="/home/meng/Desktop/wptest/wordpress-develop/tests/phpunit/tests/l10n/loadTextdomainJustInTime.php" line="197" assertions="1" time="0.172977"/>
        <testcase name="test_plugin_translation_with_user_locale" class="Tests_L10n_loadTextdomainJustInTime" classname="Tests_L10n_loadTextdomainJustInTime" file="/home/meng/Desktop/wptest/wordpress-develop/tests/phpunit/tests/l10n/loadTextdomainJustInTime.php" line="214" assertions="1" time="0.070730"/>
        <testcase name="test_theme_translation_with_user_locale" class="Tests_L10n_loadTextdomainJustInTime" classname="Tests_L10n_loadTextdomainJustInTime" file="/home/meng/Desktop/wptest/wordpress-develop/tests/phpunit/tests/l10n/loadTextdomainJustInTime.php" line="230" assertions="1" time="0.093986"/>
        <testcase name="test_get_locale_is_called_only_once_per_textdomain" class="Tests_L10n_loadTextdomainJustInTime" classname="Tests_L10n_loadTextdomainJustInTime" file="/home/meng/Desktop/wptest/wordpress-develop/tests/phpunit/tests/l10n/loadTextdomainJustInTime.php" line="248" assertions="2" time="0.066690"/>
      </testsuite>
      <testsuite name="Tests_Locale_Switcher" file="/home/meng/Desktop/wptest/wordpress-develop/tests/phpunit/tests/l10n/localeSwitcher.php" tests="25" assertions="45" errors="0" failures="0" skipped="0" time="3.679426">
        <testcase name="test_switch_to_non_existent_locale_returns_false" class="Tests_Locale_Switcher" classname="Tests_Locale_Switcher" file="/home/meng/Desktop/wptest/wordpress-develop/tests/phpunit/tests/l10n/localeSwitcher.php" line="44" assertions="1" time="0.037110"/>
        <testcase name="test_switch_to_non_existent_locale_does_not_change_locale" class="Tests_Locale_Switcher" classname="Tests_Locale_Switcher" file="/home/meng/Desktop/wptest/wordpress-develop/tests/phpunit/tests/l10n/localeSwitcher.php" line="48" assertions="1" time="0.037263"/>
        <testcase name="test_switch_to_locale_returns_true" class="Tests_Locale_Switcher" classname="Tests_Locale_Switcher" file="/home/meng/Desktop/wptest/wordpress-develop/tests/phpunit/tests/l10n/localeSwitcher.php" line="54" assertions="1" time="0.122517"/>
        <testcase name="test_switch_to_locale_changes_the_locale" class="Tests_Locale_Switcher" classname="Tests_Locale_Switcher" file="/home/meng/Desktop/wptest/wordpress-develop/tests/phpunit/tests/l10n/localeSwitcher.php" line="63" assertions="1" time="0.122904"/>
        <testcase name="test_switch_to_locale_loads_translation" class="Tests_Locale_Switcher" classname="Tests_Locale_Switcher" file="/home/meng/Desktop/wptest/wordpress-develop/tests/phpunit/tests/l10n/localeSwitcher.php" line="74" assertions="1" time="0.111747"/>
        <testcase name="test_switch_to_locale_changes_wp_locale_global" class="Tests_Locale_Switcher" classname="Tests_Locale_Switcher" file="/home/meng/Desktop/wptest/wordpress-develop/tests/phpunit/tests/l10n/localeSwitcher.php" line="85" assertions="1" time="0.117327"/>
        <testcase name="test_switch_to_locale_en_US" class="Tests_Locale_Switcher" classname="Tests_Locale_Switcher" file="/home/meng/Desktop/wptest/wordpress-develop/tests/phpunit/tests/l10n/localeSwitcher.php" line="103" assertions="2" time="0.146210"/>
        <testcase name="test_switch_to_locale_multiple_times" class="Tests_Locale_Switcher" classname="Tests_Locale_Switcher" file="/home/meng/Desktop/wptest/wordpress-develop/tests/phpunit/tests/l10n/localeSwitcher.php" line="116" assertions="1" time="0.218494"/>
        <testcase name="test_switch_to_locale_multiple_times_loads_translation" class="Tests_Locale_Switcher" classname="Tests_Locale_Switcher" file="/home/meng/Desktop/wptest/wordpress-develop/tests/phpunit/tests/l10n/localeSwitcher.php" line="128" assertions="1" time="0.321721"/>
        <testcase name="test_restore_previous_locale_without_switching" class="Tests_Locale_Switcher" classname="Tests_Locale_Switcher" file="/home/meng/Desktop/wptest/wordpress-develop/tests/phpunit/tests/l10n/localeSwitcher.php" line="143" assertions="1" time="0.033324"/>
        <testcase name="test_restore_previous_locale_changes_the_locale_back" class="Tests_Locale_Switcher" classname="Tests_Locale_Switcher" file="/home/meng/Desktop/wptest/wordpress-develop/tests/phpunit/tests/l10n/localeSwitcher.php" line="147" assertions="1" time="0.117128"/>
        <testcase name="test_restore_previous_locale_after_switching_multiple_times" class="Tests_Locale_Switcher" classname="Tests_Locale_Switcher" file="/home/meng/Desktop/wptest/wordpress-develop/tests/phpunit/tests/l10n/localeSwitcher.php" line="156" assertions="1" time="0.221731"/>
        <testcase name="test_restore_previous_locale_restores_translation" class="Tests_Locale_Switcher" classname="Tests_Locale_Switcher" file="/home/meng/Desktop/wptest/wordpress-develop/tests/phpunit/tests/l10n/localeSwitcher.php" line="169" assertions="1" time="0.110419"/>
        <testcase name="test_restore_previous_locale_action_passes_previous_locale" class="Tests_Locale_Switcher" classname="Tests_Locale_Switcher" file="/home/meng/Desktop/wptest/wordpress-develop/tests/phpunit/tests/l10n/localeSwitcher.php" line="178" assertions="1" time="0.217501"/>
        <testcase name="test_restore_previous_locale_restores_wp_locale_global" class="Tests_Locale_Switcher" classname="Tests_Locale_Switcher" file="/home/meng/Desktop/wptest/wordpress-develop/tests/phpunit/tests/l10n/localeSwitcher.php" line="194" assertions="1" time="0.114657"/>
        <testcase name="test_restore_current_locale_without_switching" class="Tests_Locale_Switcher" classname="Tests_Locale_Switcher" file="/home/meng/Desktop/wptest/wordpress-develop/tests/phpunit/tests/l10n/localeSwitcher.php" line="208" assertions="1" time="0.034554"/>
        <testcase name="test_restore_current_locale_after_switching_multiple_times" class="Tests_Locale_Switcher" classname="Tests_Locale_Switcher" file="/home/meng/Desktop/wptest/wordpress-develop/tests/phpunit/tests/l10n/localeSwitcher.php" line="212" assertions="1" time="0.165964"/>
        <testcase name="test_is_locale_switched_if_not_switched" class="Tests_Locale_Switcher" classname="Tests_Locale_Switcher" file="/home/meng/Desktop/wptest/wordpress-develop/tests/phpunit/tests/l10n/localeSwitcher.php" line="227" assertions="1" time="0.034474"/>
        <testcase name="test_is_locale_switched_original_locale" class="Tests_Locale_Switcher" classname="Tests_Locale_Switcher" file="/home/meng/Desktop/wptest/wordpress-develop/tests/phpunit/tests/l10n/localeSwitcher.php" line="231" assertions="1" time="0.144353"/>
        <testcase name="test_is_locale_switched" class="Tests_Locale_Switcher" classname="Tests_Locale_Switcher" file="/home/meng/Desktop/wptest/wordpress-develop/tests/phpunit/tests/l10n/localeSwitcher.php" line="244" assertions="1" time="0.119681"/>
        <testcase name="test_switch_to_site_locale_if_user_locale_is_set" class="Tests_Locale_Switcher" classname="Tests_Locale_Switcher" file="/home/meng/Desktop/wptest/wordpress-develop/tests/phpunit/tests/l10n/localeSwitcher.php" line="255" assertions="7" time="0.194680"/>
        <testcase name="test_switch_to_different_site_locale_if_user_locale_is_set" class="Tests_Locale_Switcher" classname="Tests_Locale_Switcher" file="/home/meng/Desktop/wptest/wordpress-develop/tests/phpunit/tests/l10n/localeSwitcher.php" line="303" assertions="7" time="0.210970"/>
        <testcase name="test_multiple_switches_to_site_locale_and_user_locale" class="Tests_Locale_Switcher" classname="Tests_Locale_Switcher" file="/home/meng/Desktop/wptest/wordpress-develop/tests/phpunit/tests/l10n/localeSwitcher.php" line="356" assertions="2" time="0.241322"/>
        <testcase name="test_switch_reloads_plugin_translations_outside_wp_lang_dir" class="Tests_Locale_Switcher" classname="Tests_Locale_Switcher" file="/home/meng/Desktop/wptest/wordpress-develop/tests/phpunit/tests/l10n/localeSwitcher.php" line="400" assertions="4" time="0.224206"/>
        <testcase name="test_switch_reloads_theme_translations_outside_wp_lang_dir" class="Tests_Locale_Switcher" classname="Tests_Locale_Switcher" file="/home/meng/Desktop/wptest/wordpress-develop/tests/phpunit/tests/l10n/localeSwitcher.php" line="434" assertions="4" time="0.259168"/>
      </testsuite>
      <testsuite name="Tests_Link" file="/home/meng/Desktop/wptest/wordpress-develop/tests/phpunit/tests/link.php" tests="8" assertions="26" errors="0" failures="0" skipped="0" time="0.569088">
        <testcase name="test_get_pagenum_link_case_insensitivity" class="Tests_Link" classname="Tests_Link" file="/home/meng/Desktop/wptest/wordpress-develop/tests/phpunit/tests/link.php" line="14" assertions="1" time="0.051714"/>
        <testcase name="test_wp_get_shortlink" class="Tests_Link" classname="Tests_Link" file="/home/meng/Desktop/wptest/wordpress-develop/tests/phpunit/tests/link.php" line="29" assertions="16" time="0.102120"/>
        <testcase name="test_wp_get_shortlink_with_page" class="Tests_Link" classname="Tests_Link" file="/home/meng/Desktop/wptest/wordpress-develop/tests/phpunit/tests/link.php" line="73" assertions="2" time="0.062889"/>
        <testcase name="test_wp_get_shortlink_with_home_page" class="Tests_Link" classname="Tests_Link" file="/home/meng/Desktop/wptest/wordpress-develop/tests/phpunit/tests/link.php" line="88" assertions="2" time="0.067709"/>
        <testcase name="test_get_permalink_should_not_reveal_post_name_for_post_with_post_status_future" class="Tests_Link" classname="Tests_Link" file="/home/meng/Desktop/wptest/wordpress-develop/tests/phpunit/tests/link.php" line="103" assertions="1" time="0.060731"/>
        <testcase name="test_get_permalink_should_not_reveal_post_name_for_cpt_with_post_status_future" class="Tests_Link" classname="Tests_Link" file="/home/meng/Desktop/wptest/wordpress-develop/tests/phpunit/tests/link.php" line="123" assertions="1" time="0.059740"/>
        <testcase name="test_unattached_attachment_has_a_pretty_permalink" class="Tests_Link" classname="Tests_Link" file="/home/meng/Desktop/wptest/wordpress-develop/tests/phpunit/tests/link.php" line="152" assertions="1" time="0.063942"/>
        <testcase name="test_attachment_attached_to_non_existent_post_type_has_a_pretty_permalink" class="Tests_Link" classname="Tests_Link" file="/home/meng/Desktop/wptest/wordpress-develop/tests/phpunit/tests/link.php" line="174" assertions="2" time="0.100243"/>
      </testsuite>
      <testsuite name="Tests_Link_Admin" file="/home/meng/Desktop/wptest/wordpress-develop/tests/phpunit/tests/link/adminUrl.php" tests="4" assertions="4" errors="0" failures="0" skipped="0" time="0.140471">
        <testcase name="test_self_admin_url" class="Tests_Link_Admin" classname="Tests_Link_Admin" file="/home/meng/Desktop/wptest/wordpress-develop/tests/phpunit/tests/link/adminUrl.php" line="11" assertions="1" time="0.036266"/>
        <testcase name="test_self_admin_url_with_path" class="Tests_Link_Admin" classname="Tests_Link_Admin" file="/home/meng/Desktop/wptest/wordpress-develop/tests/phpunit/tests/link/adminUrl.php" line="18" assertions="1" time="0.034264"/>
        <testcase name="test_self_admin_url_with_path_and_scheme" class="Tests_Link_Admin" classname="Tests_Link_Admin" file="/home/meng/Desktop/wptest/wordpress-develop/tests/phpunit/tests/link/adminUrl.php" line="27" assertions="1" time="0.035308"/>
        <testcase name="test_self_admin_url_filtered" class="Tests_Link_Admin" classname="Tests_Link_Admin" file="/home/meng/Desktop/wptest/wordpress-develop/tests/phpunit/tests/link/adminUrl.php" line="37" assertions="1" time="0.034633"/>
      </testsuite>
      <testsuite name="Tests_Link_GetAdjacentPost" file="/home/meng/Desktop/wptest/wordpress-develop/tests/phpunit/tests/link/getAdjacentPost.php" tests="7" assertions="37" errors="0" failures="0" skipped="0" time="1.440487">
        <testcase name="test_get_adjacent_post" class="Tests_Link_GetAdjacentPost" classname="Tests_Link_GetAdjacentPost" file="/home/meng/Desktop/wptest/wordpress-develop/tests/phpunit/tests/link/getAdjacentPost.php" line="12" assertions="14" time="0.351127"/>
        <testcase name="test_get_adjacent_post_exclude_self_term" class="Tests_Link_GetAdjacentPost" classname="Tests_Link_GetAdjacentPost" file="/home/meng/Desktop/wptest/wordpress-develop/tests/phpunit/tests/link/getAdjacentPost.php" line="92" assertions="18" time="0.319497"/>
        <testcase name="test_get_adjacent_post_excluded_terms" class="Tests_Link_GetAdjacentPost" classname="Tests_Link_GetAdjacentPost" file="/home/meng/Desktop/wptest/wordpress-develop/tests/phpunit/tests/link/getAdjacentPost.php" line="179" assertions="1" time="0.139080"/>
        <testcase name="test_get_adjacent_post_excluded_terms_should_not_require_posts_to_have_terms_in_any_taxonomy" class="Tests_Link_GetAdjacentPost" classname="Tests_Link_GetAdjacentPost" file="/home/meng/Desktop/wptest/wordpress-develop/tests/phpunit/tests/link/getAdjacentPost.php" line="213" assertions="1" time="0.136598"/>
        <testcase name="test_get_adjacent_post_excluded_terms_filter" class="Tests_Link_GetAdjacentPost" classname="Tests_Link_GetAdjacentPost" file="/home/meng/Desktop/wptest/wordpress-develop/tests/phpunit/tests/link/getAdjacentPost.php" line="250" assertions="1" time="0.162667"/>
        <testcase name="test_get_adjacent_post_excluded_terms_filter_should_apply_to_empty_excluded_terms_parameter" class="Tests_Link_GetAdjacentPost" classname="Tests_Link_GetAdjacentPost" file="/home/meng/Desktop/wptest/wordpress-develop/tests/phpunit/tests/link/getAdjacentPost.php" line="284" assertions="1" time="0.176665"/>
        <testcase name="test_excluded_terms_filter_empty" class="Tests_Link_GetAdjacentPost" classname="Tests_Link_GetAdjacentPost" file="/home/meng/Desktop/wptest/wordpress-develop/tests/phpunit/tests/link/getAdjacentPost.php" line="318" assertions="1" time="0.154853"/>
      </testsuite>
      <testsuite name="Tests_Link_GetAdjacentPostLink" file="/home/meng/Desktop/wptest/wordpress-develop/tests/phpunit/tests/link/getAdjacentPostLink.php" tests="6" assertions="6" errors="0" failures="0" skipped="0" time="1.100009">
        <testcase name="test_get_next_post_link_default" class="Tests_Link_GetAdjacentPostLink" classname="Tests_Link_GetAdjacentPostLink" file="/home/meng/Desktop/wptest/wordpress-develop/tests/phpunit/tests/link/getAdjacentPostLink.php" line="56" assertions="1" time="0.177203"/>
        <testcase name="test_get_previous_post_link_default" class="Tests_Link_GetAdjacentPostLink" classname="Tests_Link_GetAdjacentPostLink" file="/home/meng/Desktop/wptest/wordpress-develop/tests/phpunit/tests/link/getAdjacentPostLink.php" line="63" assertions="1" time="0.179032"/>
        <testcase name="test_get_next_post_link_same_category" class="Tests_Link_GetAdjacentPostLink" classname="Tests_Link_GetAdjacentPostLink" file="/home/meng/Desktop/wptest/wordpress-develop/tests/phpunit/tests/link/getAdjacentPostLink.php" line="70" assertions="1" time="0.189757"/>
        <testcase name="test_get_previous_post_link_same_category" class="Tests_Link_GetAdjacentPostLink" classname="Tests_Link_GetAdjacentPostLink" file="/home/meng/Desktop/wptest/wordpress-develop/tests/phpunit/tests/link/getAdjacentPostLink.php" line="77" assertions="1" time="0.184977"/>
        <testcase name="test_get_next_post_link_exclude_category" class="Tests_Link_GetAdjacentPostLink" classname="Tests_Link_GetAdjacentPostLink" file="/home/meng/Desktop/wptest/wordpress-develop/tests/phpunit/tests/link/getAdjacentPostLink.php" line="84" assertions="1" time="0.177811"/>
        <testcase name="test_get_previous_post_link_exclude_category" class="Tests_Link_GetAdjacentPostLink" classname="Tests_Link_GetAdjacentPostLink" file="/home/meng/Desktop/wptest/wordpress-develop/tests/phpunit/tests/link/getAdjacentPostLink.php" line="91" assertions="1" time="0.191229"/>
      </testsuite>
      <testsuite name="Tests_Link_GetDashboardUrl" file="/home/meng/Desktop/wptest/wordpress-develop/tests/phpunit/tests/link/getDashboardUrl.php" tests="2" assertions="2" errors="0" failures="0" skipped="0" time="0.079025">
        <testcase name="test_get_dashboard_url_for_current_site_user" class="Tests_Link_GetDashboardUrl" classname="Tests_Link_GetDashboardUrl" file="/home/meng/Desktop/wptest/wordpress-develop/tests/phpunit/tests/link/getDashboardUrl.php" line="24" assertions="1" time="0.039356"/>
        <testcase name="test_get_dashboard_url_for_user_with_no_sites" class="Tests_Link_GetDashboardUrl" classname="Tests_Link_GetDashboardUrl" file="/home/meng/Desktop/wptest/wordpress-develop/tests/phpunit/tests/link/getDashboardUrl.php" line="31" assertions="1" time="0.039669"/>
      </testsuite>
      <testsuite name="Tests_Link_GetNextCommentsLink" file="/home/meng/Desktop/wptest/wordpress-develop/tests/phpunit/tests/link/getNextCommentsLink.php" tests="2" assertions="2" errors="0" failures="0" skipped="0" time="0.155315">
        <testcase name="test_page_should_respect_value_of_cpage_query_var" class="Tests_Link_GetNextCommentsLink" classname="Tests_Link_GetNextCommentsLink" file="/home/meng/Desktop/wptest/wordpress-develop/tests/phpunit/tests/link/getNextCommentsLink.php" line="10" assertions="1" time="0.075628"/>
        <testcase name="test_page_should_default_to_1_when_no_cpage_query_var_is_found" class="Tests_Link_GetNextCommentsLink" classname="Tests_Link_GetNextCommentsLink" file="/home/meng/Desktop/wptest/wordpress-develop/tests/phpunit/tests/link/getNextCommentsLink.php" line="27" assertions="1" time="0.079687"/>
      </testsuite>
      <testsuite name="Tests_Link_GetPostCommentsFeedLink" file="/home/meng/Desktop/wptest/wordpress-develop/tests/phpunit/tests/link/getPostCommentsFeedLink.php" tests="7" assertions="7" errors="0" failures="0" skipped="0" time="0.536034">
        <testcase name="test_post_link" class="Tests_Link_GetPostCommentsFeedLink" classname="Tests_Link_GetPostCommentsFeedLink" file="/home/meng/Desktop/wptest/wordpress-develop/tests/phpunit/tests/link/getPostCommentsFeedLink.php" line="7" assertions="1" time="0.066038"/>
        <testcase name="test_post_pretty_link" class="Tests_Link_GetPostCommentsFeedLink" classname="Tests_Link_GetPostCommentsFeedLink" file="/home/meng/Desktop/wptest/wordpress-develop/tests/phpunit/tests/link/getPostCommentsFeedLink.php" line="22" assertions="1" time="0.084192"/>
        <testcase name="test_attachment_link" class="Tests_Link_GetPostCommentsFeedLink" classname="Tests_Link_GetPostCommentsFeedLink" file="/home/meng/Desktop/wptest/wordpress-develop/tests/phpunit/tests/link/getPostCommentsFeedLink.php" line="33" assertions="1" time="0.082831"/>
        <testcase name="test_attachment_pretty_link" class="Tests_Link_GetPostCommentsFeedLink" classname="Tests_Link_GetPostCommentsFeedLink" file="/home/meng/Desktop/wptest/wordpress-develop/tests/phpunit/tests/link/getPostCommentsFeedLink.php" line="56" assertions="1" time="0.094340"/>
        <testcase name="test_attachment_no_name_pretty_link" class="Tests_Link_GetPostCommentsFeedLink" classname="Tests_Link_GetPostCommentsFeedLink" file="/home/meng/Desktop/wptest/wordpress-develop/tests/phpunit/tests/link/getPostCommentsFeedLink.php" line="82" assertions="1" time="0.090942"/>
        <testcase name="test_unattached_link" class="Tests_Link_GetPostCommentsFeedLink" classname="Tests_Link_GetPostCommentsFeedLink" file="/home/meng/Desktop/wptest/wordpress-develop/tests/phpunit/tests/link/getPostCommentsFeedLink.php" line="101" assertions="1" time="0.053003"/>
        <testcase name="test_unattached_pretty_link" class="Tests_Link_GetPostCommentsFeedLink" classname="Tests_Link_GetPostCommentsFeedLink" file="/home/meng/Desktop/wptest/wordpress-develop/tests/phpunit/tests/link/getPostCommentsFeedLink.php" line="123" assertions="1" time="0.064688"/>
      </testsuite>
      <testsuite name="Tests_Link_GetPostTypeArchiveLink" file="/home/meng/Desktop/wptest/wordpress-develop/tests/phpunit/tests/link/getPostTypeArchiveLink.php" tests="2" assertions="2" errors="0" failures="0" skipped="0" time="0.094967">
        <testcase name="test_get_post_archive_link_with_post_archive_on_front_page" class="Tests_Link_GetPostTypeArchiveLink" classname="Tests_Link_GetPostTypeArchiveLink" file="/home/meng/Desktop/wptest/wordpress-develop/tests/phpunit/tests/link/getPostTypeArchiveLink.php" line="10" assertions="1" time="0.038285"/>
        <testcase name="test_get_post_archive_link_with_post_archive_on_a_blog_page" class="Tests_Link_GetPostTypeArchiveLink" classname="Tests_Link_GetPostTypeArchiveLink" file="/home/meng/Desktop/wptest/wordpress-develop/tests/phpunit/tests/link/getPostTypeArchiveLink.php" line="20" assertions="1" time="0.056682"/>
      </testsuite>
      <testsuite name="Tests_Link_GetPreviewPostLink" file="/home/meng/Desktop/wptest/wordpress-develop/tests/phpunit/tests/link/getPreviewPostLink.php" tests="6" assertions="8" errors="0" failures="0" skipped="0" time="0.349066">
        <testcase name="test_get_preview_post_link" class="Tests_Link_GetPreviewPostLink" classname="Tests_Link_GetPreviewPostLink" file="/home/meng/Desktop/wptest/wordpress-develop/tests/phpunit/tests/link/getPreviewPostLink.php" line="8" assertions="1" time="0.063396"/>
        <testcase name="test_get_preview_post_link_should_add_additional_query_vars" class="Tests_Link_GetPreviewPostLink" classname="Tests_Link_GetPreviewPostLink" file="/home/meng/Desktop/wptest/wordpress-develop/tests/phpunit/tests/link/getPreviewPostLink.php" line="14" assertions="1" time="0.066399"/>
        <testcase name="test_get_preview_post_link_should_use_custom_base_preview_link" class="Tests_Link_GetPreviewPostLink" classname="Tests_Link_GetPreviewPostLink" file="/home/meng/Desktop/wptest/wordpress-develop/tests/phpunit/tests/link/getPreviewPostLink.php" line="38" assertions="1" time="0.062359"/>
        <testcase name="test_get_preview_post_link_should_return_null_for_non_existent_post" class="Tests_Link_GetPreviewPostLink" classname="Tests_Link_GetPreviewPostLink" file="/home/meng/Desktop/wptest/wordpress-develop/tests/phpunit/tests/link/getPreviewPostLink.php" line="56" assertions="3" time="0.037264"/>
        <testcase name="test_get_preview_post_link_for_global_post" class="Tests_Link_GetPreviewPostLink" classname="Tests_Link_GetPreviewPostLink" file="/home/meng/Desktop/wptest/wordpress-develop/tests/phpunit/tests/link/getPreviewPostLink.php" line="62" assertions="1" time="0.065850"/>
        <testcase name="test_get_preview_post_link_should_return_empty_string_for_non_viewable_post_type" class="Tests_Link_GetPreviewPostLink" classname="Tests_Link_GetPreviewPostLink" file="/home/meng/Desktop/wptest/wordpress-develop/tests/phpunit/tests/link/getPreviewPostLink.php" line="70" assertions="1" time="0.053798"/>
      </testsuite>
      <testsuite name="Tests_Link_GetPreviousCommentsLink" file="/home/meng/Desktop/wptest/wordpress-develop/tests/phpunit/tests/link/getPreviousCommentsLink.php" tests="2" assertions="2" errors="0" failures="0" skipped="0" time="0.144434">
        <testcase name="test_page_should_respect_value_of_cpage_query_var" class="Tests_Link_GetPreviousCommentsLink" classname="Tests_Link_GetPreviousCommentsLink" file="/home/meng/Desktop/wptest/wordpress-develop/tests/phpunit/tests/link/getPreviousCommentsLink.php" line="10" assertions="1" time="0.073876"/>
        <testcase name="test_page_should_default_to_1_when_no_cpage_query_var_is_found" class="Tests_Link_GetPreviousCommentsLink" classname="Tests_Link_GetPreviousCommentsLink" file="/home/meng/Desktop/wptest/wordpress-develop/tests/phpunit/tests/link/getPreviousCommentsLink.php" line="24" assertions="1" time="0.070558"/>
      </testsuite>
      <testsuite name="Tests_Link_GetThePrivacyPolicyLink" file="/home/meng/Desktop/wptest/wordpress-develop/tests/phpunit/tests/link/getThePrivacyPolicyLink.php" tests="6" assertions="11" errors="0" failures="0" skipped="0" time="0.252211">
        <testcase name="test_get_the_privacy_policy_link_should_return_valid_link_when_privacy_page_set" class="Tests_Link_GetThePrivacyPolicyLink" classname="Tests_Link_GetThePrivacyPolicyLink" file="/home/meng/Desktop/wptest/wordpress-develop/tests/phpunit/tests/link/getThePrivacyPolicyLink.php" line="77" assertions="3" time="0.041350"/>
        <testcase name="test_get_the_privacy_policy_link_should_prepend_and_append_supplied_markup_when_privacy_page_set" class="Tests_Link_GetThePrivacyPolicyLink" classname="Tests_Link_GetThePrivacyPolicyLink" file="/home/meng/Desktop/wptest/wordpress-develop/tests/phpunit/tests/link/getThePrivacyPolicyLink.php" line="91" assertions="3" time="0.039645"/>
        <testcase name="test_get_the_privacy_policy_link_should_not_prepend_and_append_supplied_markup_when_privacy_page_not_set" class="Tests_Link_GetThePrivacyPolicyLink" classname="Tests_Link_GetThePrivacyPolicyLink" file="/home/meng/Desktop/wptest/wordpress-develop/tests/phpunit/tests/link/getThePrivacyPolicyLink.php" line="105" assertions="1" time="0.037764"/>
        <testcase name="test_function_should_return_empty_string_when_privacy_page_title_empty" class="Tests_Link_GetThePrivacyPolicyLink" classname="Tests_Link_GetThePrivacyPolicyLink" file="/home/meng/Desktop/wptest/wordpress-develop/tests/phpunit/tests/link/getThePrivacyPolicyLink.php" line="117" assertions="1" time="0.055977"/>
        <testcase name="test_get_the_privacy_policy_link_should_return_empty_string_when_privacy_page_not_set" class="Tests_Link_GetThePrivacyPolicyLink" classname="Tests_Link_GetThePrivacyPolicyLink" file="/home/meng/Desktop/wptest/wordpress-develop/tests/phpunit/tests/link/getThePrivacyPolicyLink.php" line="133" assertions="1" time="0.036898"/>
        <testcase name="test_get_the_privacy_policy_link_should_be_filterable" class="Tests_Link_GetThePrivacyPolicyLink" classname="Tests_Link_GetThePrivacyPolicyLink" file="/home/meng/Desktop/wptest/wordpress-develop/tests/phpunit/tests/link/getThePrivacyPolicyLink.php" line="140" assertions="2" time="0.040577"/>
      </testsuite>
      <testsuite name="Test_Theme_File" file="/home/meng/Desktop/wptest/wordpress-develop/tests/phpunit/tests/link/themeFile.php" tests="24" assertions="48" errors="0" failures="0" skipped="0" time="1.171102">
        <testsuite name="Test_Theme_File::test_theme_file_uri_with_parent_theme" tests="4" assertions="8" errors="0" failures="0" skipped="0" time="0.215466">
          <testcase name="test_theme_file_uri_with_parent_theme with data set #0" class="Test_Theme_File" classname="Test_Theme_File" file="/home/meng/Desktop/wptest/wordpress-develop/tests/phpunit/tests/link/themeFile.php" line="49" assertions="2" time="0.053205"/>
          <testcase name="test_theme_file_uri_with_parent_theme with data set #1" class="Test_Theme_File" classname="Test_Theme_File" file="/home/meng/Desktop/wptest/wordpress-develop/tests/phpunit/tests/link/themeFile.php" line="49" assertions="2" time="0.051951"/>
          <testcase name="test_theme_file_uri_with_parent_theme with data set #2" class="Test_Theme_File" classname="Test_Theme_File" file="/home/meng/Desktop/wptest/wordpress-develop/tests/phpunit/tests/link/themeFile.php" line="49" assertions="2" time="0.053815"/>
          <testcase name="test_theme_file_uri_with_parent_theme with data set #3" class="Test_Theme_File" classname="Test_Theme_File" file="/home/meng/Desktop/wptest/wordpress-develop/tests/phpunit/tests/link/themeFile.php" line="49" assertions="2" time="0.056495"/>
        </testsuite>
        <testsuite name="Test_Theme_File::test_theme_file_uri_with_child_theme" tests="4" assertions="8" errors="0" failures="0" skipped="0" time="0.220842">
          <testcase name="test_theme_file_uri_with_child_theme with data set #0" class="Test_Theme_File" classname="Test_Theme_File" file="/home/meng/Desktop/wptest/wordpress-develop/tests/phpunit/tests/link/themeFile.php" line="62" assertions="2" time="0.055642"/>
          <testcase name="test_theme_file_uri_with_child_theme with data set #1" class="Test_Theme_File" classname="Test_Theme_File" file="/home/meng/Desktop/wptest/wordpress-develop/tests/phpunit/tests/link/themeFile.php" line="62" assertions="2" time="0.055436"/>
          <testcase name="test_theme_file_uri_with_child_theme with data set #2" class="Test_Theme_File" classname="Test_Theme_File" file="/home/meng/Desktop/wptest/wordpress-develop/tests/phpunit/tests/link/themeFile.php" line="62" assertions="2" time="0.055405"/>
          <testcase name="test_theme_file_uri_with_child_theme with data set #3" class="Test_Theme_File" classname="Test_Theme_File" file="/home/meng/Desktop/wptest/wordpress-develop/tests/phpunit/tests/link/themeFile.php" line="62" assertions="2" time="0.054359"/>
        </testsuite>
        <testsuite name="Test_Theme_File::test_theme_file_path_with_parent_theme" tests="4" assertions="8" errors="0" failures="0" skipped="0" time="0.215037">
          <testcase name="test_theme_file_path_with_parent_theme with data set #0" class="Test_Theme_File" classname="Test_Theme_File" file="/home/meng/Desktop/wptest/wordpress-develop/tests/phpunit/tests/link/themeFile.php" line="77" assertions="2" time="0.053824"/>
          <testcase name="test_theme_file_path_with_parent_theme with data set #1" class="Test_Theme_File" classname="Test_Theme_File" file="/home/meng/Desktop/wptest/wordpress-develop/tests/phpunit/tests/link/themeFile.php" line="77" assertions="2" time="0.053912"/>
          <testcase name="test_theme_file_path_with_parent_theme with data set #2" class="Test_Theme_File" classname="Test_Theme_File" file="/home/meng/Desktop/wptest/wordpress-develop/tests/phpunit/tests/link/themeFile.php" line="77" assertions="2" time="0.053324"/>
          <testcase name="test_theme_file_path_with_parent_theme with data set #3" class="Test_Theme_File" classname="Test_Theme_File" file="/home/meng/Desktop/wptest/wordpress-develop/tests/phpunit/tests/link/themeFile.php" line="77" assertions="2" time="0.053977"/>
        </testsuite>
        <testsuite name="Test_Theme_File::test_theme_file_path_with_child_theme" tests="4" assertions="8" errors="0" failures="0" skipped="0" time="0.219260">
          <testcase name="test_theme_file_path_with_child_theme with data set #0" class="Test_Theme_File" classname="Test_Theme_File" file="/home/meng/Desktop/wptest/wordpress-develop/tests/phpunit/tests/link/themeFile.php" line="90" assertions="2" time="0.055610"/>
          <testcase name="test_theme_file_path_with_child_theme with data set #1" class="Test_Theme_File" classname="Test_Theme_File" file="/home/meng/Desktop/wptest/wordpress-develop/tests/phpunit/tests/link/themeFile.php" line="90" assertions="2" time="0.054602"/>
          <testcase name="test_theme_file_path_with_child_theme with data set #2" class="Test_Theme_File" classname="Test_Theme_File" file="/home/meng/Desktop/wptest/wordpress-develop/tests/phpunit/tests/link/themeFile.php" line="90" assertions="2" time="0.054892"/>
          <testcase name="test_theme_file_path_with_child_theme with data set #3" class="Test_Theme_File" classname="Test_Theme_File" file="/home/meng/Desktop/wptest/wordpress-develop/tests/phpunit/tests/link/themeFile.php" line="90" assertions="2" time="0.054155"/>
        </testsuite>
        <testsuite name="Test_Theme_File::test_theme_file_existance" tests="4" assertions="8" errors="0" failures="0" skipped="0" time="0.142464">
          <testcase name="test_theme_file_existance with data set #0" class="Test_Theme_File" classname="Test_Theme_File" file="/home/meng/Desktop/wptest/wordpress-develop/tests/phpunit/tests/link/themeFile.php" line="107" assertions="2" time="0.036762"/>
          <testcase name="test_theme_file_existance with data set #1" class="Test_Theme_File" classname="Test_Theme_File" file="/home/meng/Desktop/wptest/wordpress-develop/tests/phpunit/tests/link/themeFile.php" line="107" assertions="2" time="0.035282"/>
          <testcase name="test_theme_file_existance with data set #2" class="Test_Theme_File" classname="Test_Theme_File" file="/home/meng/Desktop/wptest/wordpress-develop/tests/phpunit/tests/link/themeFile.php" line="107" assertions="2" time="0.034636"/>
          <testcase name="test_theme_file_existance with data set #3" class="Test_Theme_File" classname="Test_Theme_File" file="/home/meng/Desktop/wptest/wordpress-develop/tests/phpunit/tests/link/themeFile.php" line="107" assertions="2" time="0.035784"/>
        </testsuite>
        <testsuite name="Test_Theme_File::test_theme_file_uri_returns_valid_uri" tests="4" assertions="8" errors="0" failures="0" skipped="0" time="0.158034">
          <testcase name="test_theme_file_uri_returns_valid_uri with data set #0" class="Test_Theme_File" classname="Test_Theme_File" file="/home/meng/Desktop/wptest/wordpress-develop/tests/phpunit/tests/link/themeFile.php" line="128" assertions="2" time="0.038738"/>
          <testcase name="test_theme_file_uri_returns_valid_uri with data set #1" class="Test_Theme_File" classname="Test_Theme_File" file="/home/meng/Desktop/wptest/wordpress-develop/tests/phpunit/tests/link/themeFile.php" line="128" assertions="2" time="0.039695"/>
          <testcase name="test_theme_file_uri_returns_valid_uri with data set #2" class="Test_Theme_File" classname="Test_Theme_File" file="/home/meng/Desktop/wptest/wordpress-develop/tests/phpunit/tests/link/themeFile.php" line="128" assertions="2" time="0.039283"/>
          <testcase name="test_theme_file_uri_returns_valid_uri with data set #3" class="Test_Theme_File" classname="Test_Theme_File" file="/home/meng/Desktop/wptest/wordpress-develop/tests/phpunit/tests/link/themeFile.php" line="128" assertions="2" time="0.040318"/>
        </testsuite>
      </testsuite>
      <testsuite name="Tests_WpGetCanonicalURL" file="/home/meng/Desktop/wptest/wordpress-develop/tests/phpunit/tests/link/wpGetCanonicalURL.php" tests="8" assertions="8" errors="0" failures="0" skipped="0" time="0.397342">
        <testcase name="test_non_existing_post" class="Tests_WpGetCanonicalURL" classname="Tests_WpGetCanonicalURL" file="/home/meng/Desktop/wptest/wordpress-develop/tests/phpunit/tests/link/wpGetCanonicalURL.php" line="23" assertions="1" time="0.037686"/>
        <testcase name="test_post_status" class="Tests_WpGetCanonicalURL" classname="Tests_WpGetCanonicalURL" file="/home/meng/Desktop/wptest/wordpress-develop/tests/phpunit/tests/link/wpGetCanonicalURL.php" line="30" assertions="1" time="0.056649"/>
        <testcase name="test_non_current_page" class="Tests_WpGetCanonicalURL" classname="Tests_WpGetCanonicalURL" file="/home/meng/Desktop/wptest/wordpress-develop/tests/phpunit/tests/link/wpGetCanonicalURL.php" line="43" assertions="1" time="0.037141"/>
        <testcase name="test_paged_with_plain_permalink_structure" class="Tests_WpGetCanonicalURL" classname="Tests_WpGetCanonicalURL" file="/home/meng/Desktop/wptest/wordpress-develop/tests/phpunit/tests/link/wpGetCanonicalURL.php" line="50" assertions="1" time="0.050183"/>
        <testcase name="test_paged_with_custom_permalink_structure" class="Tests_WpGetCanonicalURL" classname="Tests_WpGetCanonicalURL" file="/home/meng/Desktop/wptest/wordpress-develop/tests/phpunit/tests/link/wpGetCanonicalURL.php" line="74" assertions="1" time="0.060883"/>
        <testcase name="test_comments_paged_with_plain_permalink_structure" class="Tests_WpGetCanonicalURL" classname="Tests_WpGetCanonicalURL" file="/home/meng/Desktop/wptest/wordpress-develop/tests/phpunit/tests/link/wpGetCanonicalURL.php" line="96" assertions="1" time="0.050340"/>
        <testcase name="test_comments_paged_with_pretty_permalink_structure" class="Tests_WpGetCanonicalURL" classname="Tests_WpGetCanonicalURL" file="/home/meng/Desktop/wptest/wordpress-develop/tests/phpunit/tests/link/wpGetCanonicalURL.php" line="122" assertions="1" time="0.062576"/>
        <testcase name="test_get_canonical_url_filter" class="Tests_WpGetCanonicalURL" classname="Tests_WpGetCanonicalURL" file="/home/meng/Desktop/wptest/wordpress-develop/tests/phpunit/tests/link/wpGetCanonicalURL.php" line="146" assertions="1" time="0.041884"/>
      </testsuite>
      <testsuite name="Tests_Functions_Convert_Hr_To_Bytes" file="/home/meng/Desktop/wptest/wordpress-develop/tests/phpunit/tests/load/convertHrToBytes.php" tests="15" assertions="15" errors="0" failures="0" skipped="0" time="0.538990">
        <testsuite name="Tests_Functions_Convert_Hr_To_Bytes::test_wp_convert_hr_to_bytes" tests="15" assertions="15" errors="0" failures="0" skipped="0" time="0.538990">
          <testcase name="test_wp_convert_hr_to_bytes with data set #0" class="Tests_Functions_Convert_Hr_To_Bytes" classname="Tests_Functions_Convert_Hr_To_Bytes" file="/home/meng/Desktop/wptest/wordpress-develop/tests/phpunit/tests/load/convertHrToBytes.php" line="19" assertions="1" time="0.036313"/>
          <testcase name="test_wp_convert_hr_to_bytes with data set #1" class="Tests_Functions_Convert_Hr_To_Bytes" classname="Tests_Functions_Convert_Hr_To_Bytes" file="/home/meng/Desktop/wptest/wordpress-develop/tests/phpunit/tests/load/convertHrToBytes.php" line="19" assertions="1" time="0.035163"/>
          <testcase name="test_wp_convert_hr_to_bytes with data set #2" class="Tests_Functions_Convert_Hr_To_Bytes" classname="Tests_Functions_Convert_Hr_To_Bytes" file="/home/meng/Desktop/wptest/wordpress-develop/tests/phpunit/tests/load/convertHrToBytes.php" line="19" assertions="1" time="0.035205"/>
          <testcase name="test_wp_convert_hr_to_bytes with data set #3" class="Tests_Functions_Convert_Hr_To_Bytes" classname="Tests_Functions_Convert_Hr_To_Bytes" file="/home/meng/Desktop/wptest/wordpress-develop/tests/phpunit/tests/load/convertHrToBytes.php" line="19" assertions="1" time="0.035165"/>
          <testcase name="test_wp_convert_hr_to_bytes with data set #4" class="Tests_Functions_Convert_Hr_To_Bytes" classname="Tests_Functions_Convert_Hr_To_Bytes" file="/home/meng/Desktop/wptest/wordpress-develop/tests/phpunit/tests/load/convertHrToBytes.php" line="19" assertions="1" time="0.034675"/>
          <testcase name="test_wp_convert_hr_to_bytes with data set #5" class="Tests_Functions_Convert_Hr_To_Bytes" classname="Tests_Functions_Convert_Hr_To_Bytes" file="/home/meng/Desktop/wptest/wordpress-develop/tests/phpunit/tests/load/convertHrToBytes.php" line="19" assertions="1" time="0.036984"/>
          <testcase name="test_wp_convert_hr_to_bytes with data set #6" class="Tests_Functions_Convert_Hr_To_Bytes" classname="Tests_Functions_Convert_Hr_To_Bytes" file="/home/meng/Desktop/wptest/wordpress-develop/tests/phpunit/tests/load/convertHrToBytes.php" line="19" assertions="1" time="0.034707"/>
          <testcase name="test_wp_convert_hr_to_bytes with data set #7" class="Tests_Functions_Convert_Hr_To_Bytes" classname="Tests_Functions_Convert_Hr_To_Bytes" file="/home/meng/Desktop/wptest/wordpress-develop/tests/phpunit/tests/load/convertHrToBytes.php" line="19" assertions="1" time="0.038225"/>
          <testcase name="test_wp_convert_hr_to_bytes with data set #8" class="Tests_Functions_Convert_Hr_To_Bytes" classname="Tests_Functions_Convert_Hr_To_Bytes" file="/home/meng/Desktop/wptest/wordpress-develop/tests/phpunit/tests/load/convertHrToBytes.php" line="19" assertions="1" time="0.034980"/>
          <testcase name="test_wp_convert_hr_to_bytes with data set #9" class="Tests_Functions_Convert_Hr_To_Bytes" classname="Tests_Functions_Convert_Hr_To_Bytes" file="/home/meng/Desktop/wptest/wordpress-develop/tests/phpunit/tests/load/convertHrToBytes.php" line="19" assertions="1" time="0.034485"/>
          <testcase name="test_wp_convert_hr_to_bytes with data set #10" class="Tests_Functions_Convert_Hr_To_Bytes" classname="Tests_Functions_Convert_Hr_To_Bytes" file="/home/meng/Desktop/wptest/wordpress-develop/tests/phpunit/tests/load/convertHrToBytes.php" line="19" assertions="1" time="0.036932"/>
          <testcase name="test_wp_convert_hr_to_bytes with data set #11" class="Tests_Functions_Convert_Hr_To_Bytes" classname="Tests_Functions_Convert_Hr_To_Bytes" file="/home/meng/Desktop/wptest/wordpress-develop/tests/phpunit/tests/load/convertHrToBytes.php" line="19" assertions="1" time="0.035083"/>
          <testcase name="test_wp_convert_hr_to_bytes with data set #12" class="Tests_Functions_Convert_Hr_To_Bytes" classname="Tests_Functions_Convert_Hr_To_Bytes" file="/home/meng/Desktop/wptest/wordpress-develop/tests/phpunit/tests/load/convertHrToBytes.php" line="19" assertions="1" time="0.036728"/>
          <testcase name="test_wp_convert_hr_to_bytes with data set #13" class="Tests_Functions_Convert_Hr_To_Bytes" classname="Tests_Functions_Convert_Hr_To_Bytes" file="/home/meng/Desktop/wptest/wordpress-develop/tests/phpunit/tests/load/convertHrToBytes.php" line="19" assertions="1" time="0.038020"/>
          <testcase name="test_wp_convert_hr_to_bytes with data set #14" class="Tests_Functions_Convert_Hr_To_Bytes" classname="Tests_Functions_Convert_Hr_To_Bytes" file="/home/meng/Desktop/wptest/wordpress-develop/tests/phpunit/tests/load/convertHrToBytes.php" line="19" assertions="1" time="0.036326"/>
        </testsuite>
      </testsuite>
      <testsuite name="Tests_Functions_Is_Ini_Value_Changeable" file="/home/meng/Desktop/wptest/wordpress-develop/tests/phpunit/tests/load/isIniValueChangeable.php" tests="4" assertions="4" errors="0" failures="0" skipped="0" time="0.143799">
        <testsuite name="Tests_Functions_Is_Ini_Value_Changeable::test_wp_is_ini_value_changeable" tests="4" assertions="4" errors="0" failures="0" skipped="0" time="0.143799">
          <testcase name="test_wp_is_ini_value_changeable with data set #0" class="Tests_Functions_Is_Ini_Value_Changeable" classname="Tests_Functions_Is_Ini_Value_Changeable" file="/home/meng/Desktop/wptest/wordpress-develop/tests/phpunit/tests/load/isIniValueChangeable.php" line="20" assertions="1" time="0.036020"/>
          <testcase name="test_wp_is_ini_value_changeable with data set #1" class="Tests_Functions_Is_Ini_Value_Changeable" classname="Tests_Functions_Is_Ini_Value_Changeable" file="/home/meng/Desktop/wptest/wordpress-develop/tests/phpunit/tests/load/isIniValueChangeable.php" line="20" assertions="1" time="0.034820"/>
          <testcase name="test_wp_is_ini_value_changeable with data set #2" class="Tests_Functions_Is_Ini_Value_Changeable" classname="Tests_Functions_Is_Ini_Value_Changeable" file="/home/meng/Desktop/wptest/wordpress-develop/tests/phpunit/tests/load/isIniValueChangeable.php" line="20" assertions="1" time="0.035880"/>
          <testcase name="test_wp_is_ini_value_changeable with data set #3" class="Tests_Functions_Is_Ini_Value_Changeable" classname="Tests_Functions_Is_Ini_Value_Changeable" file="/home/meng/Desktop/wptest/wordpress-develop/tests/phpunit/tests/load/isIniValueChangeable.php" line="20" assertions="1" time="0.037079"/>
        </testsuite>
      </testsuite>
      <testsuite name="Tests_Locale" file="/home/meng/Desktop/wptest/wordpress-develop/tests/phpunit/tests/locale.php" tests="9" assertions="63" errors="0" failures="0" skipped="0" time="0.339671">
        <testcase name="test_get_weekday" class="Tests_Locale" classname="Tests_Locale" file="/home/meng/Desktop/wptest/wordpress-develop/tests/phpunit/tests/locale.php" line="18" assertions="7" time="0.038009"/>
        <testcase name="test_get_weekday_undefined_index" class="Tests_Locale" classname="Tests_Locale" file="/home/meng/Desktop/wptest/wordpress-develop/tests/phpunit/tests/locale.php" line="28" assertions="1" time="0.037864"/>
        <testcase name="test_get_weekday_initial" class="Tests_Locale" classname="Tests_Locale" file="/home/meng/Desktop/wptest/wordpress-develop/tests/phpunit/tests/locale.php" line="38" assertions="7" time="0.038605"/>
        <testcase name="test_get_weekday_abbrev" class="Tests_Locale" classname="Tests_Locale" file="/home/meng/Desktop/wptest/wordpress-develop/tests/phpunit/tests/locale.php" line="48" assertions="7" time="0.036910"/>
        <testcase name="test_get_month" class="Tests_Locale" classname="Tests_Locale" file="/home/meng/Desktop/wptest/wordpress-develop/tests/phpunit/tests/locale.php" line="58" assertions="12" time="0.038497"/>
        <testcase name="test_get_month_leading_zero" class="Tests_Locale" classname="Tests_Locale" file="/home/meng/Desktop/wptest/wordpress-develop/tests/phpunit/tests/locale.php" line="73" assertions="9" time="0.037710"/>
        <testcase name="test_get_month_abbrev" class="Tests_Locale" classname="Tests_Locale" file="/home/meng/Desktop/wptest/wordpress-develop/tests/phpunit/tests/locale.php" line="85" assertions="12" time="0.037889"/>
        <testcase name="test_get_meridiem" class="Tests_Locale" classname="Tests_Locale" file="/home/meng/Desktop/wptest/wordpress-develop/tests/phpunit/tests/locale.php" line="100" assertions="4" time="0.037295"/>
        <testcase name="test_is_rtl" class="Tests_Locale" classname="Tests_Locale" file="/home/meng/Desktop/wptest/wordpress-develop/tests/phpunit/tests/locale.php" line="107" assertions="4" time="0.036892"/>
      </testsuite>
      <testsuite name="Tests_Mail" file="/home/meng/Desktop/wptest/wordpress-develop/tests/phpunit/tests/mail.php" tests="19" assertions="42" errors="0" failures="0" skipped="0" time="0.721135">
        <testcase name="test_wp_mail_break_it" class="Tests_Mail" classname="Tests_Mail" file="/home/meng/Desktop/wptest/wordpress-develop/tests/phpunit/tests/mail.php" line="25" assertions="1" time="0.039357"/>
        <testcase name="test_wp_mail_custom_boundaries" class="Tests_Mail" classname="Tests_Mail" file="/home/meng/Desktop/wptest/wordpress-develop/tests/phpunit/tests/mail.php" line="30" assertions="3" time="0.036671"/>
        <testcase name="test_wp_mail_rfc2822_addresses" class="Tests_Mail" classname="Tests_Mail" file="/home/meng/Desktop/wptest/wordpress-develop/tests/phpunit/tests/mail.php" line="91" assertions="7" time="0.037205"/>
        <testcase name="test_wp_mail_multiple_rfc2822_to_addresses" class="Tests_Mail" classname="Tests_Mail" file="/home/meng/Desktop/wptest/wordpress-develop/tests/phpunit/tests/mail.php" line="121" assertions="5" time="0.039393"/>
        <testcase name="test_wp_mail_multiple_to_addresses" class="Tests_Mail" classname="Tests_Mail" file="/home/meng/Desktop/wptest/wordpress-develop/tests/phpunit/tests/mail.php" line="138" assertions="3" time="0.040065"/>
        <testcase name="test_wp_mail_to_address_no_name" class="Tests_Mail" classname="Tests_Mail" file="/home/meng/Desktop/wptest/wordpress-develop/tests/phpunit/tests/mail.php" line="154" assertions="2" time="0.038647"/>
        <testcase name="test_wp_mail_return_value" class="Tests_Mail" classname="Tests_Mail" file="/home/meng/Desktop/wptest/wordpress-develop/tests/phpunit/tests/mail.php" line="169" assertions="3" time="0.040284"/>
        <testcase name="test_wp_mail_with_valid_from_header" class="Tests_Mail" classname="Tests_Mail" file="/home/meng/Desktop/wptest/wordpress-develop/tests/phpunit/tests/mail.php" line="183" assertions="1" time="0.036616"/>
        <testcase name="test_wp_mail_with_empty_from_header" class="Tests_Mail" classname="Tests_Mail" file="/home/meng/Desktop/wptest/wordpress-develop/tests/phpunit/tests/mail.php" line="199" assertions="1" time="0.037764"/>
        <testcase name="test_wp_mail_with_empty_from_name_for_the_from_header" class="Tests_Mail" classname="Tests_Mail" file="/home/meng/Desktop/wptest/wordpress-develop/tests/phpunit/tests/mail.php" line="215" assertions="1" time="0.036109"/>
        <testcase name="test_wp_mail_with_valid_content_type_header" class="Tests_Mail" classname="Tests_Mail" file="/home/meng/Desktop/wptest/wordpress-develop/tests/phpunit/tests/mail.php" line="231" assertions="1" time="0.036228"/>
        <testcase name="test_wp_mail_with_empty_content_type_header" class="Tests_Mail" classname="Tests_Mail" file="/home/meng/Desktop/wptest/wordpress-develop/tests/phpunit/tests/mail.php" line="247" assertions="1" time="0.036304"/>
        <testcase name="test_wp_mail_with_empty_charset_for_the_content_type_header" class="Tests_Mail" classname="Tests_Mail" file="/home/meng/Desktop/wptest/wordpress-develop/tests/phpunit/tests/mail.php" line="263" assertions="1" time="0.037627"/>
        <testcase name="test_wp_mail_does_not_duplicate_mime_version_header" class="Tests_Mail" classname="Tests_Mail" file="/home/meng/Desktop/wptest/wordpress-develop/tests/phpunit/tests/mail.php" line="279" assertions="1" time="0.037096"/>
        <testcase name="test_wp_mail_content_transfer_encoding_in_quoted_printable_multipart" class="Tests_Mail" classname="Tests_Mail" file="/home/meng/Desktop/wptest/wordpress-develop/tests/phpunit/tests/mail.php" line="312" assertions="1" time="0.041507"/>
        <testcase name="test_wp_mail_addresses_arent_encoded" class="Tests_Mail" classname="Tests_Mail" file="/home/meng/Desktop/wptest/wordpress-develop/tests/phpunit/tests/mail.php" line="329" assertions="5" time="0.037782"/>
        <testcase name="test_wp_mail_sender_not_set" class="Tests_Mail" classname="Tests_Mail" file="/home/meng/Desktop/wptest/wordpress-develop/tests/phpunit/tests/mail.php" line="371" assertions="1" time="0.038039"/>
        <testcase name="test_phpmailer_exception_thrown" class="Tests_Mail" classname="Tests_Mail" file="/home/meng/Desktop/wptest/wordpress-develop/tests/phpunit/tests/mail.php" line="382" assertions="3" time="0.036795"/>
        <testcase name="test_phpmailer_validator" class="Tests_Mail" classname="Tests_Mail" file="/home/meng/Desktop/wptest/wordpress-develop/tests/phpunit/tests/mail.php" line="414" assertions="1" time="0.037646"/>
      </testsuite>
      <testsuite name="Tests_Media" file="/home/meng/Desktop/wptest/wordpress-develop/tests/phpunit/tests/media.php" tests="135" assertions="221" errors="0" failures="0" skipped="11" time="6.464333">
        <testcase name="test_img_caption_shortcode_added" class="Tests_Media" classname="Tests_Media" file="/home/meng/Desktop/wptest/wordpress-develop/tests/phpunit/tests/media.php" line="49" assertions="2" time="0.037260"/>
        <testcase name="test_img_caption_shortcode_with_empty_params" class="Tests_Media" classname="Tests_Media" file="/home/meng/Desktop/wptest/wordpress-develop/tests/phpunit/tests/media.php" line="55" assertions="1" time="0.037749"/>
        <testcase name="test_img_caption_shortcode_with_empty_params_but_content" class="Tests_Media" classname="Tests_Media" file="/home/meng/Desktop/wptest/wordpress-develop/tests/phpunit/tests/media.php" line="63" assertions="1" time="0.036910"/>
        <testcase name="test_img_caption_shortcode_short_circuit_filter" class="Tests_Media" classname="Tests_Media" file="/home/meng/Desktop/wptest/wordpress-develop/tests/phpunit/tests/media.php" line="71" assertions="1" time="0.035966"/>
        <testcase name="test_img_caption_shortcode_empty_width" class="Tests_Media" classname="Tests_Media" file="/home/meng/Desktop/wptest/wordpress-develop/tests/phpunit/tests/media.php" line="88" assertions="1" time="0.037010"/>
        <testcase name="test_img_caption_shortcode_empty_caption" class="Tests_Media" classname="Tests_Media" file="/home/meng/Desktop/wptest/wordpress-develop/tests/phpunit/tests/media.php" line="101" assertions="1" time="0.035286"/>
        <testcase name="test_img_caption_shortcode_empty_caption_and_content" class="Tests_Media" classname="Tests_Media" file="/home/meng/Desktop/wptest/wordpress-develop/tests/phpunit/tests/media.php" line="113" assertions="1" time="0.039126"/>
        <testcase name="test_img_caption_shortcode_with_old_format" class="Tests_Media" classname="Tests_Media" file="/home/meng/Desktop/wptest/wordpress-develop/tests/phpunit/tests/media.php" line="123" assertions="4" time="0.037455"/>
        <testcase name="test_img_caption_shortcode_with_old_format_id_and_align" class="Tests_Media" classname="Tests_Media" file="/home/meng/Desktop/wptest/wordpress-develop/tests/phpunit/tests/media.php" line="142" assertions="3" time="0.038190"/>
        <testcase name="test_img_caption_shortcode_with_old_format_and_class" class="Tests_Media" classname="Tests_Media" file="/home/meng/Desktop/wptest/wordpress-develop/tests/phpunit/tests/media.php" line="156" assertions="1" time="0.039669"/>
        <testcase name="test_new_img_caption_shortcode_with_html_caption" class="Tests_Media" classname="Tests_Media" file="/home/meng/Desktop/wptest/wordpress-develop/tests/phpunit/tests/media.php" line="168" assertions="1" time="0.036571"/>
        <testcase name="test_new_img_caption_shortcode_new_format" class="Tests_Media" classname="Tests_Media" file="/home/meng/Desktop/wptest/wordpress-develop/tests/phpunit/tests/media.php" line="180" assertions="2" time="0.037021"/>
        <testcase name="test_new_img_caption_shortcode_new_format_and_linked_image" class="Tests_Media" classname="Tests_Media" file="/home/meng/Desktop/wptest/wordpress-develop/tests/phpunit/tests/media.php" line="192" assertions="2" time="0.038722"/>
        <testcase name="test_new_img_caption_shortcode_new_format_and_linked_image_with_newline" class="Tests_Media" classname="Tests_Media" file="/home/meng/Desktop/wptest/wordpress-develop/tests/phpunit/tests/media.php" line="205" assertions="2" time="0.035274"/>
        <testcase name="test_img_caption_shortcode_has_aria_describedby" class="Tests_Media" classname="Tests_Media" file="/home/meng/Desktop/wptest/wordpress-develop/tests/phpunit/tests/media.php" line="221" assertions="1" time="0.037755"/>
        <testcase name="test_add_remove_oembed_provider" class="Tests_Media" classname="Tests_Media" file="/home/meng/Desktop/wptest/wordpress-develop/tests/phpunit/tests/media.php" line="233" assertions="2" time="0.032878"/>
        <testcase name="test_autoembed_empty" class="Tests_Media" classname="Tests_Media" file="/home/meng/Desktop/wptest/wordpress-develop/tests/phpunit/tests/media.php" line="242" assertions="1" time="0.038891"/>
        <testcase name="test_autoembed_no_paragraphs_around_urls" class="Tests_Media" classname="Tests_Media" file="/home/meng/Desktop/wptest/wordpress-develop/tests/phpunit/tests/media.php" line="254" assertions="1" time="0.098903"/>
        <testsuite name="Tests_Media::test_autoembed" tests="10" assertions="10" errors="0" failures="0" skipped="0" time="0.323134">
          <testcase name="test_autoembed with data set #0" class="Tests_Media" classname="Tests_Media" file="/home/meng/Desktop/wptest/wordpress-develop/tests/phpunit/tests/media.php" line="333" assertions="1" time="0.033283"/>
          <testcase name="test_autoembed with data set #1" class="Tests_Media" classname="Tests_Media" file="/home/meng/Desktop/wptest/wordpress-develop/tests/phpunit/tests/media.php" line="333" assertions="1" time="0.031486"/>
          <testcase name="test_autoembed with data set #2" class="Tests_Media" classname="Tests_Media" file="/home/meng/Desktop/wptest/wordpress-develop/tests/phpunit/tests/media.php" line="333" assertions="1" time="0.031944"/>
          <testcase name="test_autoembed with data set #3" class="Tests_Media" classname="Tests_Media" file="/home/meng/Desktop/wptest/wordpress-develop/tests/phpunit/tests/media.php" line="333" assertions="1" time="0.031400"/>
          <testcase name="test_autoembed with data set #4" class="Tests_Media" classname="Tests_Media" file="/home/meng/Desktop/wptest/wordpress-develop/tests/phpunit/tests/media.php" line="333" assertions="1" time="0.031414"/>
          <testcase name="test_autoembed with data set #5" class="Tests_Media" classname="Tests_Media" file="/home/meng/Desktop/wptest/wordpress-develop/tests/phpunit/tests/media.php" line="333" assertions="1" time="0.032736"/>
          <testcase name="test_autoembed with data set #6" class="Tests_Media" classname="Tests_Media" file="/home/meng/Desktop/wptest/wordpress-develop/tests/phpunit/tests/media.php" line="333" assertions="1" time="0.032023"/>
          <testcase name="test_autoembed with data set #7" class="Tests_Media" classname="Tests_Media" file="/home/meng/Desktop/wptest/wordpress-develop/tests/phpunit/tests/media.php" line="333" assertions="1" time="0.033213"/>
          <testcase name="test_autoembed with data set #8" class="Tests_Media" classname="Tests_Media" file="/home/meng/Desktop/wptest/wordpress-develop/tests/phpunit/tests/media.php" line="333" assertions="1" time="0.032840"/>
          <testcase name="test_autoembed with data set #9" class="Tests_Media" classname="Tests_Media" file="/home/meng/Desktop/wptest/wordpress-develop/tests/phpunit/tests/media.php" line="333" assertions="1" time="0.032794"/>
        </testsuite>
        <testcase name="test_wp_prepare_attachment_for_js" class="Tests_Media" classname="Tests_Media" file="/home/meng/Desktop/wptest/wordpress-develop/tests/phpunit/tests/media.php" line="339" assertions="15" time="0.163515"/>
        <testcase name="test_wp_prepare_attachment_for_js_without_image_sizes" class="Tests_Media" classname="Tests_Media" file="/home/meng/Desktop/wptest/wordpress-develop/tests/phpunit/tests/media.php" line="393" assertions="1" time="0.067223"/>
        <testcase name="test_wp_convert_bytes_to_hr" class="Tests_Media" classname="Tests_Media" file="/home/meng/Desktop/wptest/wordpress-develop/tests/phpunit/tests/media.php" line="424" assertions="15" time="0.035526"/>
        <testcase name="test_get_attached_images" class="Tests_Media" classname="Tests_Media" file="/home/meng/Desktop/wptest/wordpress-develop/tests/phpunit/tests/media.php" line="462" assertions="1" time="0.083652"/>
        <testcase name="test_post_galleries_images" class="Tests_Media" classname="Tests_Media" file="/home/meng/Desktop/wptest/wordpress-develop/tests/phpunit/tests/media.php" line="480" assertions="1" time="0.185308"/>
        <testcase name="test_post_galleries_images_without_global_post" class="Tests_Media" classname="Tests_Media" file="/home/meng/Desktop/wptest/wordpress-develop/tests/phpunit/tests/media.php" line="531" assertions="1" time="0.083398"/>
        <testcase name="test_post_galleries_ignores_global_post" class="Tests_Media" classname="Tests_Media" file="/home/meng/Desktop/wptest/wordpress-develop/tests/phpunit/tests/media.php" line="556" assertions="2" time="0.103274"/>
        <testcase name="test_post_galleries_respects_id_attrs" class="Tests_Media" classname="Tests_Media" file="/home/meng/Desktop/wptest/wordpress-develop/tests/phpunit/tests/media.php" line="591" assertions="3" time="0.109184"/>
        <testcase name="test_post_gallery_images" class="Tests_Media" classname="Tests_Media" file="/home/meng/Desktop/wptest/wordpress-develop/tests/phpunit/tests/media.php" line="630" assertions="1" time="0.203599"/>
        <testcase name="test_get_media_embedded_in_content" class="Tests_Media" classname="Tests_Media" file="/home/meng/Desktop/wptest/wordpress-develop/tests/phpunit/tests/media.php" line="678" assertions="6" time="0.034211"/>
        <testcase name="test_get_media_embedded_in_content_order" class="Tests_Media" classname="Tests_Media" file="/home/meng/Desktop/wptest/wordpress-develop/tests/phpunit/tests/media.php" line="742" assertions="2" time="0.036425"/>
        <testcase name="test_wp_audio_shortcode_with_empty_params" class="Tests_Media" classname="Tests_Media" file="/home/meng/Desktop/wptest/wordpress-develop/tests/phpunit/tests/media.php" line="766" assertions="1" time="0.036111"/>
        <testcase name="test_wp_audio_shortcode_with_bad_attr" class="Tests_Media" classname="Tests_Media" file="/home/meng/Desktop/wptest/wordpress-develop/tests/phpunit/tests/media.php" line="773" assertions="1" time="0.035487"/>
        <testcase name="test_wp_audio_shortcode_attributes" class="Tests_Media" classname="Tests_Media" file="/home/meng/Desktop/wptest/wordpress-develop/tests/phpunit/tests/media.php" line="787" assertions="12" time="0.040357"/>
        <testcase name="test_video_shortcode_body" class="Tests_Media" classname="Tests_Media" file="/home/meng/Desktop/wptest/wordpress-develop/tests/phpunit/tests/media.php" line="823" assertions="1" time="0.043064"/>
        <testcase name="test_wp_video_shortcode_with_empty_params" class="Tests_Media" classname="Tests_Media" file="/home/meng/Desktop/wptest/wordpress-develop/tests/phpunit/tests/media.php" line="869" assertions="1" time="0.038077"/>
        <testcase name="test_wp_video_shortcode_with_bad_attr" class="Tests_Media" classname="Tests_Media" file="/home/meng/Desktop/wptest/wordpress-develop/tests/phpunit/tests/media.php" line="877" assertions="1" time="0.035822"/>
        <testcase name="test_wp_video_shortcode_attributes" class="Tests_Media" classname="Tests_Media" file="/home/meng/Desktop/wptest/wordpress-develop/tests/phpunit/tests/media.php" line="892" assertions="15" time="0.037353"/>
        <testcase name="test_wp_video_shortcode_youtube_remove_feature" class="Tests_Media" classname="Tests_Media" file="/home/meng/Desktop/wptest/wordpress-develop/tests/phpunit/tests/media.php" line="934" assertions="1" time="0.037660"/>
        <testcase name="test_wp_video_shortcode_youtube_force_ssl" class="Tests_Media" classname="Tests_Media" file="/home/meng/Desktop/wptest/wordpress-develop/tests/phpunit/tests/media.php" line="948" assertions="1" time="0.034809"/>
        <testcase name="test_wp_video_shortcode_vimeo_force_ssl_remove_query_args" class="Tests_Media" classname="Tests_Media" file="/home/meng/Desktop/wptest/wordpress-develop/tests/phpunit/tests/media.php" line="962" assertions="2" time="0.035430"/>
        <testcase name="test_wp_video_shortcode_vimeo_adds_loop" class="Tests_Media" classname="Tests_Media" file="/home/meng/Desktop/wptest/wordpress-develop/tests/phpunit/tests/media.php" line="977" assertions="1" time="0.035352"/>
        <testcase name="test_wp_video_shortcode_vimeo_force_adds_loop_true" class="Tests_Media" classname="Tests_Media" file="/home/meng/Desktop/wptest/wordpress-develop/tests/phpunit/tests/media.php" line="991" assertions="1" time="0.036649"/>
        <testcase name="test_add_image_size" class="Tests_Media" classname="Tests_Media" file="/home/meng/Desktop/wptest/wordpress-develop/tests/phpunit/tests/media.php" line="1005" assertions="4" time="0.035793"/>
        <testcase name="test_remove_image_size" class="Tests_Media" classname="Tests_Media" file="/home/meng/Desktop/wptest/wordpress-develop/tests/phpunit/tests/media.php" line="1026" assertions="2" time="0.035144"/>
        <testcase name="test_has_image_size" class="Tests_Media" classname="Tests_Media" file="/home/meng/Desktop/wptest/wordpress-develop/tests/phpunit/tests/media.php" line="1036" assertions="1" time="0.035611"/>
        <testcase name="test_attachment_url_to_postid" class="Tests_Media" classname="Tests_Media" file="/home/meng/Desktop/wptest/wordpress-develop/tests/phpunit/tests/media.php" line="1047" assertions="1" time="0.053513"/>
        <testcase name="test_attachment_url_to_postid_with_different_scheme" class="Tests_Media" classname="Tests_Media" file="/home/meng/Desktop/wptest/wordpress-develop/tests/phpunit/tests/media.php" line="1065" assertions="1" time="0.052392"/>
        <testcase name="test_attachment_url_to_postid_should_be_case_sensitive" class="Tests_Media" classname="Tests_Media" file="/home/meng/Desktop/wptest/wordpress-develop/tests/phpunit/tests/media.php" line="1083" assertions="1" time="0.071190"/>
        <testcase name="test_attachment_url_to_postid_filtered" class="Tests_Media" classname="Tests_Media" file="/home/meng/Desktop/wptest/wordpress-develop/tests/phpunit/tests/media.php" line="1108" assertions="1" time="0.055132"/>
        <testcase name="test_attachment_url_to_postid_with_empty_url" class="Tests_Media" classname="Tests_Media" file="/home/meng/Desktop/wptest/wordpress-develop/tests/phpunit/tests/media.php" line="1133" assertions="2" time="0.037248"/>
        <testcase name="test_media_handle_upload_sets_post_excerpt" class="Tests_Media" classname="Tests_Media" file="/home/meng/Desktop/wptest/wordpress-develop/tests/phpunit/tests/media.php" line="1142" assertions="1" time="0.097262"/>
        <testcase name="test_media_handle_upload_expected_titles" class="Tests_Media" classname="Tests_Media" file="/home/meng/Desktop/wptest/wordpress-develop/tests/phpunit/tests/media.php" line="1181" assertions="1" time="0.094172"/>
        <testcase name="test_multiline_cdata" class="Tests_Media" classname="Tests_Media" file="/home/meng/Desktop/wptest/wordpress-develop/tests/phpunit/tests/media.php" line="1220" assertions="1" time="0.034307"/>
        <testcase name="test_multiline_comment" class="Tests_Media" classname="Tests_Media" file="/home/meng/Desktop/wptest/wordpress-develop/tests/phpunit/tests/media.php" line="1237" assertions="1" time="0.035819"/>
        <testcase name="test_multiline_comment_with_embeds" class="Tests_Media" classname="Tests_Media" file="/home/meng/Desktop/wptest/wordpress-develop/tests/phpunit/tests/media.php" line="1254" assertions="1" time="0.327735"/>
        <testcase name="test_oembed_explicit_media_link" class="Tests_Media" classname="Tests_Media" file="/home/meng/Desktop/wptest/wordpress-develop/tests/phpunit/tests/media.php" line="1297" assertions="2" time="0.089037"/>
        <testcase name="test_wp_get_attachment_image_defaults" class="Tests_Media" classname="Tests_Media" file="/home/meng/Desktop/wptest/wordpress-develop/tests/phpunit/tests/media.php" line="1334" assertions="1" time="0.037635"/>
        <testcase name="test_wp_get_attachment_image_filter_output" class="Tests_Media" classname="Tests_Media" file="/home/meng/Desktop/wptest/wordpress-develop/tests/phpunit/tests/media.php" line="1349" assertions="1" time="0.035830"/>
        <testcase name="test_wp_get_attachment_image_with_alt" class="Tests_Media" classname="Tests_Media" file="/home/meng/Desktop/wptest/wordpress-develop/tests/phpunit/tests/media.php" line="1369" assertions="1" time="0.043102"/>
        <testcase name="test_wp_get_attachment_image_url" class="Tests_Media" classname="Tests_Media" file="/home/meng/Desktop/wptest/wordpress-develop/tests/phpunit/tests/media.php" line="1390" assertions="2" time="0.073482"/>
        <testcase name="test_wp_get_attachment_caption" class="Tests_Media" classname="Tests_Media" file="/home/meng/Desktop/wptest/wordpress-develop/tests/phpunit/tests/media.php" line="1411" assertions="3" time="0.078738"/>
        <testcase name="test_wp_get_attachment_caption_empty" class="Tests_Media" classname="Tests_Media" file="/home/meng/Desktop/wptest/wordpress-develop/tests/phpunit/tests/media.php" line="1435" assertions="1" time="0.076948"/>
        <testcase name="test_wp_calculate_image_srcset" class="Tests_Media" classname="Tests_Media" file="/home/meng/Desktop/wptest/wordpress-develop/tests/phpunit/tests/media.php" line="1490" assertions="0" time="0.000518">
          <skipped/>
        </testcase>
        <testcase name="test_wp_calculate_image_srcset_no_date_uploads" class="Tests_Media" classname="Tests_Media" file="/home/meng/Desktop/wptest/wordpress-develop/tests/phpunit/tests/media.php" line="1538" assertions="0" time="0.000449">
          <skipped/>
        </testcase>
        <testcase name="test_wp_calculate_image_srcset_with_edits" class="Tests_Media" classname="Tests_Media" file="/home/meng/Desktop/wptest/wordpress-develop/tests/phpunit/tests/media.php" line="1595" assertions="0" time="0.000530">
          <skipped/>
        </testcase>
        <testcase name="test_wp_calculate_image_srcset_with_absolute_path_in_meta" class="Tests_Media" classname="Tests_Media" file="/home/meng/Desktop/wptest/wordpress-develop/tests/phpunit/tests/media.php" line="1629" assertions="0" time="0.000751">
          <skipped/>
        </testcase>
        <testcase name="test_wp_calculate_image_srcset_false" class="Tests_Media" classname="Tests_Media" file="/home/meng/Desktop/wptest/wordpress-develop/tests/phpunit/tests/media.php" line="1680" assertions="1" time="0.033423"/>
        <testcase name="test_wp_calculate_image_srcset_no_width" class="Tests_Media" classname="Tests_Media" file="/home/meng/Desktop/wptest/wordpress-develop/tests/phpunit/tests/media.php" line="1690" assertions="1" time="0.037256"/>
        <testcase name="test_wp_calculate_image_srcset_ratio_variance" class="Tests_Media" classname="Tests_Media" file="/home/meng/Desktop/wptest/wordpress-develop/tests/phpunit/tests/media.php" line="1707" assertions="1" time="0.033521"/>
        <testcase name="test_wp_calculate_image_srcset_include_src" class="Tests_Media" classname="Tests_Media" file="/home/meng/Desktop/wptest/wordpress-develop/tests/phpunit/tests/media.php" line="1756" assertions="1" time="0.033426"/>
        <testcase name="test_wp_calculate_image_srcset_corrupted_image_meta" class="Tests_Media" classname="Tests_Media" file="/home/meng/Desktop/wptest/wordpress-develop/tests/phpunit/tests/media.php" line="1805" assertions="5" time="0.033266"/>
        <testcase name="test_wp_calculate_image_srcset_with_spaces_in_filenames" class="Tests_Media" classname="Tests_Media" file="/home/meng/Desktop/wptest/wordpress-develop/tests/phpunit/tests/media.php" line="1879" assertions="1" time="0.033804"/>
        <testcase name="test_wp_get_attachment_image_srcset" class="Tests_Media" classname="Tests_Media" file="/home/meng/Desktop/wptest/wordpress-develop/tests/phpunit/tests/media.php" line="1927" assertions="0" time="0.000730">
          <skipped/>
        </testcase>
        <testcase name="test_wp_get_attachment_image_srcset_single_srcset" class="Tests_Media" classname="Tests_Media" file="/home/meng/Desktop/wptest/wordpress-develop/tests/phpunit/tests/media.php" line="1966" assertions="1" time="0.037868"/>
        <testcase name="test_wp_get_attachment_image_srcset_invalidsize" class="Tests_Media" classname="Tests_Media" file="/home/meng/Desktop/wptest/wordpress-develop/tests/phpunit/tests/media.php" line="1981" assertions="1" time="0.038853"/>
        <testcase name="test_wp_get_attachment_image_sizes" class="Tests_Media" classname="Tests_Media" file="/home/meng/Desktop/wptest/wordpress-develop/tests/phpunit/tests/media.php" line="1997" assertions="4" time="0.042138"/>
        <testcase name="test_wp_calculate_image_sizes" class="Tests_Media" classname="Tests_Media" file="/home/meng/Desktop/wptest/wordpress-develop/tests/phpunit/tests/media.php" line="2018" assertions="0" time="0.000618">
          <skipped/>
        </testcase>
        <testcase name="test_wp_filter_content_tags_srcset_sizes" class="Tests_Media" classname="Tests_Media" file="/home/meng/Desktop/wptest/wordpress-develop/tests/phpunit/tests/media.php" line="2042" assertions="0" time="0.000572">
          <skipped/>
        </testcase>
        <testcase name="test_wp_filter_content_tags_srcset_sizes_wrong" class="Tests_Media" classname="Tests_Media" file="/home/meng/Desktop/wptest/wordpress-develop/tests/phpunit/tests/media.php" line="2132" assertions="1" time="0.034339"/>
        <testcase name="test_wp_filter_content_tags_srcset_sizes_with_preexisting_srcset" class="Tests_Media" classname="Tests_Media" file="/home/meng/Desktop/wptest/wordpress-develop/tests/phpunit/tests/media.php" line="2145" assertions="1" time="0.034621"/>
        <testcase name="test_wp_calculate_image_srcset_animated_gifs" class="Tests_Media" classname="Tests_Media" file="/home/meng/Desktop/wptest/wordpress-develop/tests/phpunit/tests/media.php" line="2159" assertions="2" time="0.032351"/>
        <testcase name="test_wp_filter_content_tags_schemes" class="Tests_Media" classname="Tests_Media" file="/home/meng/Desktop/wptest/wordpress-develop/tests/phpunit/tests/media.php" line="2204" assertions="0" time="0.000525">
          <skipped/>
        </testcase>
        <testcase name="test_wp_get_attachment_image_with_https_on" class="Tests_Media" classname="Tests_Media" file="/home/meng/Desktop/wptest/wordpress-develop/tests/phpunit/tests/media.php" line="2255" assertions="1" time="0.033223"/>
        <testcase name="test_get_image_send_to_editor_defaults" class="Tests_Media" classname="Tests_Media" file="/home/meng/Desktop/wptest/wordpress-develop/tests/phpunit/tests/media.php" line="2300" assertions="2" time="0.034861"/>
        <testcase name="test_get_image_send_to_editor_defaults_with_optional_params" class="Tests_Media" classname="Tests_Media" file="/home/meng/Desktop/wptest/wordpress-develop/tests/phpunit/tests/media.php" line="2320" assertions="1" time="0.037219"/>
        <testcase name="test_get_image_send_to_editor_defaults_no_caption_no_rel" class="Tests_Media" classname="Tests_Media" file="/home/meng/Desktop/wptest/wordpress-develop/tests/phpunit/tests/media.php" line="2344" assertions="1" time="0.035534"/>
        <testcase name="test_wp_get_attachment_image_should_use_wp_get_attachment_metadata" class="Tests_Media" classname="Tests_Media" file="/home/meng/Desktop/wptest/wordpress-develop/tests/phpunit/tests/media.php" line="2376" assertions="0" time="0.000543">
          <skipped/>
        </testcase>
        <testcase name="test_wp_get_attachment_metadata_should_return_false_if_no_attachment" class="Tests_Media" classname="Tests_Media" file="/home/meng/Desktop/wptest/wordpress-develop/tests/phpunit/tests/media.php" line="2411" assertions="1" time="0.058977"/>
        <testcase name="test_return_type_when_inserting_attachment_with_error_in_data" class="Tests_Media" classname="Tests_Media" file="/home/meng/Desktop/wptest/wordpress-develop/tests/phpunit/tests/media.php" line="2420" assertions="3" time="0.038527"/>
        <testcase name="test_wp_get_media_creation_timestamp_video_asf" class="Tests_Media" classname="Tests_Media" file="/home/meng/Desktop/wptest/wordpress-develop/tests/phpunit/tests/media.php" line="2439" assertions="1" time="0.033462"/>
        <testcase name="test_wp_get_media_creation_timestamp_video_matroska" class="Tests_Media" classname="Tests_Media" file="/home/meng/Desktop/wptest/wordpress-develop/tests/phpunit/tests/media.php" line="2455" assertions="1" time="0.033419"/>
        <testcase name="test_wp_get_media_creation_timestamp_video_quicktime" class="Tests_Media" classname="Tests_Media" file="/home/meng/Desktop/wptest/wordpress-develop/tests/phpunit/tests/media.php" line="2473" assertions="1" time="0.033786"/>
        <testcase name="test_wp_get_media_creation_timestamp_video_webm" class="Tests_Media" classname="Tests_Media" file="/home/meng/Desktop/wptest/wordpress-develop/tests/phpunit/tests/media.php" line="2493" assertions="1" time="0.031980"/>
        <testcase name="test_wp_read_audio_metadata_adds_creation_date_with_mp4" class="Tests_Media" classname="Tests_Media" file="/home/meng/Desktop/wptest/wordpress-develop/tests/phpunit/tests/media.php" line="2516" assertions="1" time="0.087405"/>
        <testcase name="test_wp_read_video_metadata_adds_creation_date_with_quicktime" class="Tests_Media" classname="Tests_Media" file="/home/meng/Desktop/wptest/wordpress-develop/tests/phpunit/tests/media.php" line="2526" assertions="1" time="0.054591"/>
        <testcase name="test_wp_read_video_metadata_adds_creation_date_with_mp4" class="Tests_Media" classname="Tests_Media" file="/home/meng/Desktop/wptest/wordpress-develop/tests/phpunit/tests/media.php" line="2536" assertions="1" time="0.053874"/>
        <testcase name="test_wp_read_video_metadata_adds_creation_date_with_mkv" class="Tests_Media" classname="Tests_Media" file="/home/meng/Desktop/wptest/wordpress-develop/tests/phpunit/tests/media.php" line="2546" assertions="1" time="0.187260"/>
        <testcase name="test_wp_read_video_metadata_adds_creation_date_with_webm" class="Tests_Media" classname="Tests_Media" file="/home/meng/Desktop/wptest/wordpress-develop/tests/phpunit/tests/media.php" line="2556" assertions="1" time="0.158371"/>
        <testcase name="test_media_handle_upload_uses_post_parent_for_directory_date" class="Tests_Media" classname="Tests_Media" file="/home/meng/Desktop/wptest/wordpress-develop/tests/phpunit/tests/media.php" line="2566" assertions="1" time="0.151082"/>
        <testcase name="test_media_handle_upload_ignores_page_parent_for_directory_date" class="Tests_Media" classname="Tests_Media" file="/home/meng/Desktop/wptest/wordpress-develop/tests/phpunit/tests/media.php" line="2612" assertions="1" time="0.131145"/>
        <testcase name="test_wp_filter_content_tags_width_height" class="Tests_Media" classname="Tests_Media" file="/home/meng/Desktop/wptest/wordpress-develop/tests/phpunit/tests/media.php" line="2665" assertions="0" time="0.000513">
          <skipped/>
        </testcase>
        <testcase name="test_wp_filter_content_tags_loading_lazy" class="Tests_Media" classname="Tests_Media" file="/home/meng/Desktop/wptest/wordpress-develop/tests/phpunit/tests/media.php" line="2711" assertions="0" time="0.000690">
          <skipped/>
        </testcase>
        <testcase name="test_wp_filter_content_tags_loading_lazy_opted_in" class="Tests_Media" classname="Tests_Media" file="/home/meng/Desktop/wptest/wordpress-develop/tests/phpunit/tests/media.php" line="2759" assertions="1" time="0.035610"/>
        <testcase name="test_wp_filter_content_tags_loading_lazy_opted_out" class="Tests_Media" classname="Tests_Media" file="/home/meng/Desktop/wptest/wordpress-develop/tests/phpunit/tests/media.php" line="2784" assertions="1" time="0.035771"/>
        <testcase name="test_wp_img_tag_add_loading_attr" class="Tests_Media" classname="Tests_Media" file="/home/meng/Desktop/wptest/wordpress-develop/tests/phpunit/tests/media.php" line="2807" assertions="1" time="0.031737"/>
        <testcase name="test_wp_img_tag_add_loading_attr_without_src" class="Tests_Media" classname="Tests_Media" file="/home/meng/Desktop/wptest/wordpress-develop/tests/phpunit/tests/media.php" line="2818" assertions="1" time="0.033125"/>
        <testcase name="test_wp_img_tag_add_loading_attr_with_single_quotes" class="Tests_Media" classname="Tests_Media" file="/home/meng/Desktop/wptest/wordpress-develop/tests/phpunit/tests/media.php" line="2829" assertions="2" time="0.032039"/>
        <testcase name="test_wp_img_tag_add_loading_attr_opt_out" class="Tests_Media" classname="Tests_Media" file="/home/meng/Desktop/wptest/wordpress-develop/tests/phpunit/tests/media.php" line="2844" assertions="1" time="0.033014"/>
        <testcase name="test_wp_get_attachment_image_loading" class="Tests_Media" classname="Tests_Media" file="/home/meng/Desktop/wptest/wordpress-develop/tests/phpunit/tests/media.php" line="2855" assertions="1" time="0.034722"/>
        <testcase name="test_wp_get_attachment_image_loading_opt_out" class="Tests_Media" classname="Tests_Media" file="/home/meng/Desktop/wptest/wordpress-develop/tests/phpunit/tests/media.php" line="2865" assertions="1" time="0.034583"/>
        <testcase name="test_wp_get_attachment_image_loading_opt_out_individual" class="Tests_Media" classname="Tests_Media" file="/home/meng/Desktop/wptest/wordpress-develop/tests/phpunit/tests/media.php" line="2877" assertions="1" time="0.036125"/>
        <testsuite name="Tests_Media::test_wp_lazy_loading_enabled_tag_name_defaults" tests="3" assertions="3" errors="0" failures="0" skipped="0" time="0.098771">
          <testcase name="test_wp_lazy_loading_enabled_tag_name_defaults with data set &quot;img =&gt; true&quot;" class="Tests_Media" classname="Tests_Media" file="/home/meng/Desktop/wptest/wordpress-develop/tests/phpunit/tests/media.php" line="2896" assertions="1" time="0.032781"/>
          <testcase name="test_wp_lazy_loading_enabled_tag_name_defaults with data set &quot;iframe =&gt; false&quot;" class="Tests_Media" classname="Tests_Media" file="/home/meng/Desktop/wptest/wordpress-develop/tests/phpunit/tests/media.php" line="2896" assertions="1" time="0.033847"/>
          <testcase name="test_wp_lazy_loading_enabled_tag_name_defaults with data set &quot;arbitrary tag =&gt; false&quot;" class="Tests_Media" classname="Tests_Media" file="/home/meng/Desktop/wptest/wordpress-develop/tests/phpunit/tests/media.php" line="2896" assertions="1" time="0.032143"/>
        </testsuite>
        <testsuite name="Tests_Media::test_wp_lazy_loading_enabled_context_defaults" tests="6" assertions="6" errors="0" failures="0" skipped="0" time="0.191240">
          <testcase name="test_wp_lazy_loading_enabled_context_defaults with data set &quot;wp_get_attachment_image =&gt; true&quot;" class="Tests_Media" classname="Tests_Media" file="/home/meng/Desktop/wptest/wordpress-develop/tests/phpunit/tests/media.php" line="2919" assertions="1" time="0.031216"/>
          <testcase name="test_wp_lazy_loading_enabled_context_defaults with data set &quot;the_content =&gt; true&quot;" class="Tests_Media" classname="Tests_Media" file="/home/meng/Desktop/wptest/wordpress-develop/tests/phpunit/tests/media.php" line="2919" assertions="1" time="0.031725"/>
          <testcase name="test_wp_lazy_loading_enabled_context_defaults with data set &quot;the_excerpt =&gt; true&quot;" class="Tests_Media" classname="Tests_Media" file="/home/meng/Desktop/wptest/wordpress-develop/tests/phpunit/tests/media.php" line="2919" assertions="1" time="0.032116"/>
          <testcase name="test_wp_lazy_loading_enabled_context_defaults with data set &quot;widget_text_content =&gt; true&quot;" class="Tests_Media" classname="Tests_Media" file="/home/meng/Desktop/wptest/wordpress-develop/tests/phpunit/tests/media.php" line="2919" assertions="1" time="0.032642"/>
          <testcase name="test_wp_lazy_loading_enabled_context_defaults with data set &quot;get_avatar =&gt; true&quot;" class="Tests_Media" classname="Tests_Media" file="/home/meng/Desktop/wptest/wordpress-develop/tests/phpunit/tests/media.php" line="2919" assertions="1" time="0.030859"/>
          <testcase name="test_wp_lazy_loading_enabled_context_defaults with data set &quot;arbitrary context =&gt; true&quot;" class="Tests_Media" classname="Tests_Media" file="/home/meng/Desktop/wptest/wordpress-develop/tests/phpunit/tests/media.php" line="2919" assertions="1" time="0.032682"/>
        </testsuite>
        <testcase name="test_wp_image_file_matches_image_meta" class="Tests_Media" classname="Tests_Media" file="/home/meng/Desktop/wptest/wordpress-develop/tests/phpunit/tests/media.php" line="2941" assertions="2" time="0.037279"/>
        <testcase name="test_wp_image_file_matches_image_meta_no_subsizes" class="Tests_Media" classname="Tests_Media" file="/home/meng/Desktop/wptest/wordpress-develop/tests/phpunit/tests/media.php" line="2953" assertions="1" time="0.040547"/>
        <testcase name="test_wp_image_file_matches_image_meta_invalid_meta" class="Tests_Media" classname="Tests_Media" file="/home/meng/Desktop/wptest/wordpress-develop/tests/phpunit/tests/media.php" line="2965" assertions="1" time="0.037118"/>
        <testcase name="test_wp_image_file_matches_image_meta_different_meta" class="Tests_Media" classname="Tests_Media" file="/home/meng/Desktop/wptest/wordpress-develop/tests/phpunit/tests/media.php" line="2975" assertions="1" time="0.032571"/>
        <testcase name="test_wp_image_file_matches_image_meta_original_image" class="Tests_Media" classname="Tests_Media" file="/home/meng/Desktop/wptest/wordpress-develop/tests/phpunit/tests/media.php" line="2985" assertions="1" time="0.033195"/>
        <testcase name="test_gallery_shortcode_when_is_feed_true" class="Tests_Media" classname="Tests_Media" file="/home/meng/Desktop/wptest/wordpress-develop/tests/phpunit/tests/media.php" line="2995" assertions="3" time="0.055520"/>
      </testsuite>
      <testsuite name="Tests_Media_GetAttachmentTaxonomies" file="/home/meng/Desktop/wptest/wordpress-develop/tests/phpunit/tests/media/getAttachmentTaxonomies.php" tests="7" assertions="11" errors="0" failures="0" skipped="0" time="0.357709">
        <testcase name="test_should_return_attachment_taxonomy" class="Tests_Media_GetAttachmentTaxonomies" classname="Tests_Media_GetAttachmentTaxonomies" file="/home/meng/Desktop/wptest/wordpress-develop/tests/phpunit/tests/media/getAttachmentTaxonomies.php" line="8" assertions="1" time="0.051091"/>
        <testcase name="test_should_return_taxonomy_registered_for_specific_attachment_type" class="Tests_Media_GetAttachmentTaxonomies" classname="Tests_Media_GetAttachmentTaxonomies" file="/home/meng/Desktop/wptest/wordpress-develop/tests/phpunit/tests/media/getAttachmentTaxonomies.php" line="27" assertions="1" time="0.048324"/>
        <testcase name="test_should_return_taxonomy_registered_for_specific_attachment_mimetype" class="Tests_Media_GetAttachmentTaxonomies" classname="Tests_Media_GetAttachmentTaxonomies" file="/home/meng/Desktop/wptest/wordpress-develop/tests/phpunit/tests/media/getAttachmentTaxonomies.php" line="46" assertions="1" time="0.050527"/>
        <testcase name="test_should_return_taxonomy_registered_for_specific_file_extension" class="Tests_Media_GetAttachmentTaxonomies" classname="Tests_Media_GetAttachmentTaxonomies" file="/home/meng/Desktop/wptest/wordpress-develop/tests/phpunit/tests/media/getAttachmentTaxonomies.php" line="65" assertions="1" time="0.049869"/>
        <testcase name="test_should_not_return_duplicate_taxonomies" class="Tests_Media_GetAttachmentTaxonomies" classname="Tests_Media_GetAttachmentTaxonomies" file="/home/meng/Desktop/wptest/wordpress-develop/tests/phpunit/tests/media/getAttachmentTaxonomies.php" line="84" assertions="1" time="0.051912"/>
        <testcase name="test_should_respect_output_objects" class="Tests_Media_GetAttachmentTaxonomies" classname="Tests_Media_GetAttachmentTaxonomies" file="/home/meng/Desktop/wptest/wordpress-develop/tests/phpunit/tests/media/getAttachmentTaxonomies.php" line="106" assertions="3" time="0.052931"/>
        <testcase name="test_should_return_unique_taxonomies_for_output_objects" class="Tests_Media_GetAttachmentTaxonomies" classname="Tests_Media_GetAttachmentTaxonomies" file="/home/meng/Desktop/wptest/wordpress-develop/tests/phpunit/tests/media/getAttachmentTaxonomies.php" line="130" assertions="3" time="0.053055"/>
      </testsuite>
      <testsuite name="Tests_Nav_Menu_Theme_Change" file="/home/meng/Desktop/wptest/wordpress-develop/tests/phpunit/tests/menu/nav-menu.php" tests="9" assertions="11" errors="0" failures="0" skipped="0" time="0.302066">
        <testcase name="test_one_location_each" class="Tests_Nav_Menu_Theme_Change" classname="Tests_Nav_Menu_Theme_Change" file="/home/meng/Desktop/wptest/wordpress-develop/tests/phpunit/tests/menu/nav-menu.php" line="36" assertions="1" time="0.034964"/>
        <testcase name="test_filter_registered_locations" class="Tests_Nav_Menu_Theme_Change" classname="Tests_Nav_Menu_Theme_Change" file="/home/meng/Desktop/wptest/wordpress-develop/tests/phpunit/tests/menu/nav-menu.php" line="55" assertions="1" time="0.032655"/>
        <testcase name="test_locations_with_same_slug" class="Tests_Nav_Menu_Theme_Change" classname="Tests_Nav_Menu_Theme_Change" file="/home/meng/Desktop/wptest/wordpress-develop/tests/phpunit/tests/menu/nav-menu.php" line="77" assertions="1" time="0.034062"/>
        <testcase name="test_new_theme_previously_active" class="Tests_Nav_Menu_Theme_Change" classname="Tests_Nav_Menu_Theme_Change" file="/home/meng/Desktop/wptest/wordpress-develop/tests/phpunit/tests/menu/nav-menu.php" line="96" assertions="1" time="0.035142"/>
        <testcase name="test_location_guessing" class="Tests_Nav_Menu_Theme_Change" classname="Tests_Nav_Menu_Theme_Change" file="/home/meng/Desktop/wptest/wordpress-develop/tests/phpunit/tests/menu/nav-menu.php" line="120" assertions="1" time="0.033264"/>
        <testcase name="test_location_guessing_one_menu_per_group" class="Tests_Nav_Menu_Theme_Change" classname="Tests_Nav_Menu_Theme_Change" file="/home/meng/Desktop/wptest/wordpress-develop/tests/phpunit/tests/menu/nav-menu.php" line="143" assertions="1" time="0.032086"/>
        <testcase name="test_location_guessing_one_menu_per_location" class="Tests_Nav_Menu_Theme_Change" classname="Tests_Nav_Menu_Theme_Change" file="/home/meng/Desktop/wptest/wordpress-develop/tests/phpunit/tests/menu/nav-menu.php" line="164" assertions="1" time="0.032033"/>
        <testcase name="test_numerical_locations" class="Tests_Nav_Menu_Theme_Change" classname="Tests_Nav_Menu_Theme_Change" file="/home/meng/Desktop/wptest/wordpress-develop/tests/phpunit/tests/menu/nav-menu.php" line="189" assertions="2" time="0.034255"/>
        <testcase name="test_numerical_old_locations" class="Tests_Nav_Menu_Theme_Change" classname="Tests_Nav_Menu_Theme_Change" file="/home/meng/Desktop/wptest/wordpress-develop/tests/phpunit/tests/menu/nav-menu.php" line="214" assertions="2" time="0.033605"/>
      </testsuite>
      <testsuite name="Tests_Menu_Walker_Nav_Menu_Edit" file="/home/meng/Desktop/wptest/wordpress-develop/tests/phpunit/tests/menu/walker-nav-menu-edit.php" tests="1" assertions="1" errors="0" failures="0" skipped="0" time="0.062067">
        <testcase name="test_original_title_prefix_should_not_be_shown_if_empty" class="Tests_Menu_Walker_Nav_Menu_Edit" classname="Tests_Menu_Walker_Nav_Menu_Edit" file="/home/meng/Desktop/wptest/wordpress-develop/tests/phpunit/tests/menu/walker-nav-menu-edit.php" line="34" assertions="1" time="0.062067"/>
      </testsuite>
      <testsuite name="Tests_Menu_Walker_Nav_Menu" file="/home/meng/Desktop/wptest/wordpress-develop/tests/phpunit/tests/menu/walker-nav-menu.php" tests="9" assertions="9" errors="0" failures="0" skipped="0" time="0.810117">
        <testcase name="test_noopener_no_referrer_for_target_blank" class="Tests_Menu_Walker_Nav_Menu" classname="Tests_Menu_Walker_Nav_Menu" file="/home/meng/Desktop/wptest/wordpress-develop/tests/phpunit/tests/menu/walker-nav-menu.php" line="44" assertions="1" time="0.083150"/>
        <testsuite name="Tests_Menu_Walker_Nav_Menu::test_start_el_with_empty_attributes" tests="8" assertions="8" errors="0" failures="0" skipped="0" time="0.726967">
          <testcase name="test_start_el_with_empty_attributes with data set #0" class="Tests_Menu_Walker_Nav_Menu" classname="Tests_Menu_Walker_Nav_Menu" file="/home/meng/Desktop/wptest/wordpress-develop/tests/phpunit/tests/menu/walker-nav-menu.php" line="75" assertions="1" time="0.083964"/>
          <testcase name="test_start_el_with_empty_attributes with data set #1" class="Tests_Menu_Walker_Nav_Menu" classname="Tests_Menu_Walker_Nav_Menu" file="/home/meng/Desktop/wptest/wordpress-develop/tests/phpunit/tests/menu/walker-nav-menu.php" line="75" assertions="1" time="0.089755"/>
          <testcase name="test_start_el_with_empty_attributes with data set #2" class="Tests_Menu_Walker_Nav_Menu" classname="Tests_Menu_Walker_Nav_Menu" file="/home/meng/Desktop/wptest/wordpress-develop/tests/phpunit/tests/menu/walker-nav-menu.php" line="75" assertions="1" time="0.091849"/>
          <testcase name="test_start_el_with_empty_attributes with data set #3" class="Tests_Menu_Walker_Nav_Menu" classname="Tests_Menu_Walker_Nav_Menu" file="/home/meng/Desktop/wptest/wordpress-develop/tests/phpunit/tests/menu/walker-nav-menu.php" line="75" assertions="1" time="0.091413"/>
          <testcase name="test_start_el_with_empty_attributes with data set #4" class="Tests_Menu_Walker_Nav_Menu" classname="Tests_Menu_Walker_Nav_Menu" file="/home/meng/Desktop/wptest/wordpress-develop/tests/phpunit/tests/menu/walker-nav-menu.php" line="75" assertions="1" time="0.097171"/>
          <testcase name="test_start_el_with_empty_attributes with data set #5" class="Tests_Menu_Walker_Nav_Menu" classname="Tests_Menu_Walker_Nav_Menu" file="/home/meng/Desktop/wptest/wordpress-develop/tests/phpunit/tests/menu/walker-nav-menu.php" line="75" assertions="1" time="0.090924"/>
          <testcase name="test_start_el_with_empty_attributes with data set #6" class="Tests_Menu_Walker_Nav_Menu" classname="Tests_Menu_Walker_Nav_Menu" file="/home/meng/Desktop/wptest/wordpress-develop/tests/phpunit/tests/menu/walker-nav-menu.php" line="75" assertions="1" time="0.093075"/>
          <testcase name="test_start_el_with_empty_attributes with data set #7" class="Tests_Menu_Walker_Nav_Menu" classname="Tests_Menu_Walker_Nav_Menu" file="/home/meng/Desktop/wptest/wordpress-develop/tests/phpunit/tests/menu/walker-nav-menu.php" line="75" assertions="1" time="0.088816"/>
        </testsuite>
      </testsuite>
      <testsuite name="Tests_Menu_WpAjaxMenuQuickSeach" file="/home/meng/Desktop/wptest/wordpress-develop/tests/phpunit/tests/menu/wpAjaxMenuQuickSearch.php" tests="3" assertions="6" errors="0" failures="0" skipped="0" time="0.325172">
        <testcase name="test_search_returns_results_for_pages" class="Tests_Menu_WpAjaxMenuQuickSeach" classname="Tests_Menu_WpAjaxMenuQuickSeach" file="/home/meng/Desktop/wptest/wordpress-develop/tests/phpunit/tests/menu/wpAjaxMenuQuickSearch.php" line="38" assertions="2" time="0.093334"/>
        <testcase name="test_search_returns_results_for_published_posts" class="Tests_Menu_WpAjaxMenuQuickSeach" classname="Tests_Menu_WpAjaxMenuQuickSeach" file="/home/meng/Desktop/wptest/wordpress-develop/tests/phpunit/tests/menu/wpAjaxMenuQuickSearch.php" line="73" assertions="2" time="0.186169"/>
        <testcase name="test_search_should_return_unassigned_term_items" class="Tests_Menu_WpAjaxMenuQuickSeach" classname="Tests_Menu_WpAjaxMenuQuickSeach" file="/home/meng/Desktop/wptest/wordpress-develop/tests/phpunit/tests/menu/wpAjaxMenuQuickSearch.php" line="129" assertions="2" time="0.045669"/>
      </testsuite>
      <testsuite name="Tests_Menu_WpExpandNavMenuPostData" file="/home/meng/Desktop/wptest/wordpress-develop/tests/phpunit/tests/menu/wpExpandNavMenuPostData.php" tests="3" assertions="3" errors="0" failures="0" skipped="0" time="0.101893">
        <testcase name="test_unnested_data_should_expand" class="Tests_Menu_WpExpandNavMenuPostData" classname="Tests_Menu_WpExpandNavMenuPostData" file="/home/meng/Desktop/wptest/wordpress-develop/tests/phpunit/tests/menu/wpExpandNavMenuPostData.php" line="8" assertions="1" time="0.037521"/>
        <testcase name="test_multidimensional_nested_array_should_expand" class="Tests_Menu_WpExpandNavMenuPostData" classname="Tests_Menu_WpExpandNavMenuPostData" file="/home/meng/Desktop/wptest/wordpress-develop/tests/phpunit/tests/menu/wpExpandNavMenuPostData.php" line="31" assertions="1" time="0.032039"/>
        <testcase name="test_multidimensional_nested_array_should_expand_and_merge" class="Tests_Menu_WpExpandNavMenuPostData" classname="Tests_Menu_WpExpandNavMenuPostData" file="/home/meng/Desktop/wptest/wordpress-develop/tests/phpunit/tests/menu/wpExpandNavMenuPostData.php" line="61" assertions="1" time="0.032333"/>
      </testsuite>
      <testsuite name="Tests_Meta" file="/home/meng/Desktop/wptest/wordpress-develop/tests/phpunit/tests/meta.php" tests="18" assertions="94" errors="0" failures="0" skipped="0" time="2.011371">
        <testcase name="test_sanitize_meta" class="Tests_Meta" classname="Tests_Meta" file="/home/meng/Desktop/wptest/wordpress-develop/tests/phpunit/tests/meta.php" line="20" assertions="2" time="0.099162"/>
        <testcase name="test_delete_metadata_by_mid" class="Tests_Meta" classname="Tests_Meta" file="/home/meng/Desktop/wptest/wordpress-develop/tests/phpunit/tests/meta.php" line="29" assertions="5" time="0.102787"/>
        <testcase name="test_update_metadata_by_mid" class="Tests_Meta" classname="Tests_Meta" file="/home/meng/Desktop/wptest/wordpress-develop/tests/phpunit/tests/meta.php" line="44" assertions="13" time="0.122794"/>
        <testcase name="test_update_metadata_hooks_for_multiple_updated_rows" class="Tests_Meta" classname="Tests_Meta" file="/home/meng/Desktop/wptest/wordpress-develop/tests/phpunit/tests/meta.php" line="84" assertions="4" time="0.104903"/>
        <testcase name="test_metadata_exists" class="Tests_Meta" classname="Tests_Meta" file="/home/meng/Desktop/wptest/wordpress-develop/tests/phpunit/tests/meta.php" line="107" assertions="4" time="0.101810"/>
        <testcase name="test_metadata_exists_with_filter" class="Tests_Meta" classname="Tests_Meta" file="/home/meng/Desktop/wptest/wordpress-develop/tests/phpunit/tests/meta.php" line="117" assertions="2" time="0.101282"/>
        <testcase name="test_user_metadata_not_exists" class="Tests_Meta" classname="Tests_Meta" file="/home/meng/Desktop/wptest/wordpress-develop/tests/phpunit/tests/meta.php" line="128" assertions="5" time="0.110320"/>
        <testcase name="test_metadata_slashes" class="Tests_Meta" classname="Tests_Meta" file="/home/meng/Desktop/wptest/wordpress-develop/tests/phpunit/tests/meta.php" line="201" assertions="20" time="0.122915"/>
        <testcase name="test_meta_type_cast" class="Tests_Meta" classname="Tests_Meta" file="/home/meng/Desktop/wptest/wordpress-develop/tests/phpunit/tests/meta.php" line="234" assertions="6" time="0.174131"/>
        <testcase name="test_meta_cache_order_asc" class="Tests_Meta" classname="Tests_Meta" file="/home/meng/Desktop/wptest/wordpress-develop/tests/phpunit/tests/meta.php" line="304" assertions="10" time="0.132832"/>
        <testcase name="test_non_numeric_object_id" class="Tests_Meta" classname="Tests_Meta" file="/home/meng/Desktop/wptest/wordpress-develop/tests/phpunit/tests/meta.php" line="324" assertions="5" time="0.102994"/>
        <testcase name="test_non_numeric_meta_id" class="Tests_Meta" classname="Tests_Meta" file="/home/meng/Desktop/wptest/wordpress-develop/tests/phpunit/tests/meta.php" line="335" assertions="3" time="0.102154"/>
        <testcase name="test_negative_meta_id" class="Tests_Meta" classname="Tests_Meta" file="/home/meng/Desktop/wptest/wordpress-develop/tests/phpunit/tests/meta.php" line="344" assertions="4" time="0.105706"/>
        <testcase name="test_floating_meta_id" class="Tests_Meta" classname="Tests_Meta" file="/home/meng/Desktop/wptest/wordpress-develop/tests/phpunit/tests/meta.php" line="356" assertions="4" time="0.097455"/>
        <testcase name="test_string_point_zero_meta_id" class="Tests_Meta" classname="Tests_Meta" file="/home/meng/Desktop/wptest/wordpress-develop/tests/phpunit/tests/meta.php" line="368" assertions="4" time="0.110818"/>
        <testcase name="test_get_metadata_with_empty_key_array_value" class="Tests_Meta" classname="Tests_Meta" file="/home/meng/Desktop/wptest/wordpress-develop/tests/phpunit/tests/meta.php" line="383" assertions="1" time="0.103718"/>
        <testcase name="test_get_metadata_with_empty_key_object_value" class="Tests_Meta" classname="Tests_Meta" file="/home/meng/Desktop/wptest/wordpress-develop/tests/phpunit/tests/meta.php" line="395" assertions="1" time="0.107000"/>
        <testcase name="test_get_metadata_with_empty_key_nested_array_value" class="Tests_Meta" classname="Tests_Meta" file="/home/meng/Desktop/wptest/wordpress-develop/tests/phpunit/tests/meta.php" line="408" assertions="1" time="0.108590"/>
      </testsuite>
      <testsuite name="Tests_Meta_DeleteMetadata" file="/home/meng/Desktop/wptest/wordpress-develop/tests/phpunit/tests/meta/deleteMetadata.php" tests="9" assertions="17" errors="0" failures="0" skipped="0" time="0.412409">
        <testcase name="test_all_metas_for_key_should_be_deleted_when_no_meta_value_is_provided" class="Tests_Meta_DeleteMetadata" classname="Tests_Meta_DeleteMetadata" file="/home/meng/Desktop/wptest/wordpress-develop/tests/phpunit/tests/meta/deleteMetadata.php" line="7" assertions="2" time="0.043815"/>
        <testcase name="test_with_meta_value" class="Tests_Meta_DeleteMetadata" classname="Tests_Meta_DeleteMetadata" file="/home/meng/Desktop/wptest/wordpress-develop/tests/phpunit/tests/meta/deleteMetadata.php" line="20" assertions="2" time="0.042470"/>
        <testcase name="test_with_falsey_meta_value_should_not_delete_all_meta" class="Tests_Meta_DeleteMetadata" classname="Tests_Meta_DeleteMetadata" file="/home/meng/Desktop/wptest/wordpress-develop/tests/phpunit/tests/meta/deleteMetadata.php" line="38" assertions="2" time="0.042823"/>
        <testcase name="test_meta_value_should_be_ignored_when_empty_string" class="Tests_Meta_DeleteMetadata" classname="Tests_Meta_DeleteMetadata" file="/home/meng/Desktop/wptest/wordpress-develop/tests/phpunit/tests/meta/deleteMetadata.php" line="58" assertions="2" time="0.045108"/>
        <testcase name="test_meta_value_should_be_ignored_when_null" class="Tests_Meta_DeleteMetadata" classname="Tests_Meta_DeleteMetadata" file="/home/meng/Desktop/wptest/wordpress-develop/tests/phpunit/tests/meta/deleteMetadata.php" line="74" assertions="2" time="0.047345"/>
        <testcase name="test_meta_value_should_be_ignored_when_false" class="Tests_Meta_DeleteMetadata" classname="Tests_Meta_DeleteMetadata" file="/home/meng/Desktop/wptest/wordpress-develop/tests/phpunit/tests/meta/deleteMetadata.php" line="90" assertions="2" time="0.043548"/>
        <testcase name="test_delete_all_should_only_invalidate_cache_for_objects_matching_meta_value" class="Tests_Meta_DeleteMetadata" classname="Tests_Meta_DeleteMetadata" file="/home/meng/Desktop/wptest/wordpress-develop/tests/phpunit/tests/meta/deleteMetadata.php" line="106" assertions="2" time="0.041066"/>
        <testcase name="test_delete_all_should_invalidate_cache_for_all_objects_with_meta_key_when_meta_value_is_not_provided" class="Tests_Meta_DeleteMetadata" classname="Tests_Meta_DeleteMetadata" file="/home/meng/Desktop/wptest/wordpress-develop/tests/phpunit/tests/meta/deleteMetadata.php" line="129" assertions="2" time="0.039487"/>
        <testcase name="test_object_id_is_int_inside_delete_post_meta" class="Tests_Meta_DeleteMetadata" classname="Tests_Meta_DeleteMetadata" file="/home/meng/Desktop/wptest/wordpress-develop/tests/phpunit/tests/meta/deleteMetadata.php" line="151" assertions="1" time="0.066747"/>
      </testsuite>
      <testsuite name="Tests_Meta_isProtectedMeta" file="/home/meng/Desktop/wptest/wordpress-develop/tests/phpunit/tests/meta/isProtectedMeta.php" tests="163" assertions="163" errors="0" failures="0" skipped="0" time="5.635751">
        <testsuite name="Tests_Meta_isProtectedMeta::test_protected" tests="66" assertions="66" errors="0" failures="0" skipped="0" time="2.285133">
          <testcase name="test_protected with data set #0" class="Tests_Meta_isProtectedMeta" classname="Tests_Meta_isProtectedMeta" file="/home/meng/Desktop/wptest/wordpress-develop/tests/phpunit/tests/meta/isProtectedMeta.php" line="12" assertions="1" time="0.034072"/>
          <testcase name="test_protected with data set #1" class="Tests_Meta_isProtectedMeta" classname="Tests_Meta_isProtectedMeta" file="/home/meng/Desktop/wptest/wordpress-develop/tests/phpunit/tests/meta/isProtectedMeta.php" line="12" assertions="1" time="0.033023"/>
          <testcase name="test_protected with data set #2" class="Tests_Meta_isProtectedMeta" classname="Tests_Meta_isProtectedMeta" file="/home/meng/Desktop/wptest/wordpress-develop/tests/phpunit/tests/meta/isProtectedMeta.php" line="12" assertions="1" time="0.032699"/>
          <testcase name="test_protected with data set #3" class="Tests_Meta_isProtectedMeta" classname="Tests_Meta_isProtectedMeta" file="/home/meng/Desktop/wptest/wordpress-develop/tests/phpunit/tests/meta/isProtectedMeta.php" line="12" assertions="1" time="0.032291"/>
          <testcase name="test_protected with data set #4" class="Tests_Meta_isProtectedMeta" classname="Tests_Meta_isProtectedMeta" file="/home/meng/Desktop/wptest/wordpress-develop/tests/phpunit/tests/meta/isProtectedMeta.php" line="12" assertions="1" time="0.037050"/>
          <testcase name="test_protected with data set #5" class="Tests_Meta_isProtectedMeta" classname="Tests_Meta_isProtectedMeta" file="/home/meng/Desktop/wptest/wordpress-develop/tests/phpunit/tests/meta/isProtectedMeta.php" line="12" assertions="1" time="0.033081"/>
          <testcase name="test_protected with data set #6" class="Tests_Meta_isProtectedMeta" classname="Tests_Meta_isProtectedMeta" file="/home/meng/Desktop/wptest/wordpress-develop/tests/phpunit/tests/meta/isProtectedMeta.php" line="12" assertions="1" time="0.036823"/>
          <testcase name="test_protected with data set #7" class="Tests_Meta_isProtectedMeta" classname="Tests_Meta_isProtectedMeta" file="/home/meng/Desktop/wptest/wordpress-develop/tests/phpunit/tests/meta/isProtectedMeta.php" line="12" assertions="1" time="0.035876"/>
          <testcase name="test_protected with data set #8" class="Tests_Meta_isProtectedMeta" classname="Tests_Meta_isProtectedMeta" file="/home/meng/Desktop/wptest/wordpress-develop/tests/phpunit/tests/meta/isProtectedMeta.php" line="12" assertions="1" time="0.035048"/>
          <testcase name="test_protected with data set #9" class="Tests_Meta_isProtectedMeta" classname="Tests_Meta_isProtectedMeta" file="/home/meng/Desktop/wptest/wordpress-develop/tests/phpunit/tests/meta/isProtectedMeta.php" line="12" assertions="1" time="0.033546"/>
          <testcase name="test_protected with data set #10" class="Tests_Meta_isProtectedMeta" classname="Tests_Meta_isProtectedMeta" file="/home/meng/Desktop/wptest/wordpress-develop/tests/phpunit/tests/meta/isProtectedMeta.php" line="12" assertions="1" time="0.031856"/>
          <testcase name="test_protected with data set #11" class="Tests_Meta_isProtectedMeta" classname="Tests_Meta_isProtectedMeta" file="/home/meng/Desktop/wptest/wordpress-develop/tests/phpunit/tests/meta/isProtectedMeta.php" line="12" assertions="1" time="0.031854"/>
          <testcase name="test_protected with data set #12" class="Tests_Meta_isProtectedMeta" classname="Tests_Meta_isProtectedMeta" file="/home/meng/Desktop/wptest/wordpress-develop/tests/phpunit/tests/meta/isProtectedMeta.php" line="12" assertions="1" time="0.034320"/>
          <testcase name="test_protected with data set #13" class="Tests_Meta_isProtectedMeta" classname="Tests_Meta_isProtectedMeta" file="/home/meng/Desktop/wptest/wordpress-develop/tests/phpunit/tests/meta/isProtectedMeta.php" line="12" assertions="1" time="0.031802"/>
          <testcase name="test_protected with data set #14" class="Tests_Meta_isProtectedMeta" classname="Tests_Meta_isProtectedMeta" file="/home/meng/Desktop/wptest/wordpress-develop/tests/phpunit/tests/meta/isProtectedMeta.php" line="12" assertions="1" time="0.033054"/>
          <testcase name="test_protected with data set #15" class="Tests_Meta_isProtectedMeta" classname="Tests_Meta_isProtectedMeta" file="/home/meng/Desktop/wptest/wordpress-develop/tests/phpunit/tests/meta/isProtectedMeta.php" line="12" assertions="1" time="0.031663"/>
          <testcase name="test_protected with data set #16" class="Tests_Meta_isProtectedMeta" classname="Tests_Meta_isProtectedMeta" file="/home/meng/Desktop/wptest/wordpress-develop/tests/phpunit/tests/meta/isProtectedMeta.php" line="12" assertions="1" time="0.031563"/>
          <testcase name="test_protected with data set #17" class="Tests_Meta_isProtectedMeta" classname="Tests_Meta_isProtectedMeta" file="/home/meng/Desktop/wptest/wordpress-develop/tests/phpunit/tests/meta/isProtectedMeta.php" line="12" assertions="1" time="0.033440"/>
          <testcase name="test_protected with data set #18" class="Tests_Meta_isProtectedMeta" classname="Tests_Meta_isProtectedMeta" file="/home/meng/Desktop/wptest/wordpress-develop/tests/phpunit/tests/meta/isProtectedMeta.php" line="12" assertions="1" time="0.031690"/>
          <testcase name="test_protected with data set #19" class="Tests_Meta_isProtectedMeta" classname="Tests_Meta_isProtectedMeta" file="/home/meng/Desktop/wptest/wordpress-develop/tests/phpunit/tests/meta/isProtectedMeta.php" line="12" assertions="1" time="0.032436"/>
          <testcase name="test_protected with data set #20" class="Tests_Meta_isProtectedMeta" classname="Tests_Meta_isProtectedMeta" file="/home/meng/Desktop/wptest/wordpress-develop/tests/phpunit/tests/meta/isProtectedMeta.php" line="12" assertions="1" time="0.032567"/>
          <testcase name="test_protected with data set #21" class="Tests_Meta_isProtectedMeta" classname="Tests_Meta_isProtectedMeta" file="/home/meng/Desktop/wptest/wordpress-develop/tests/phpunit/tests/meta/isProtectedMeta.php" line="12" assertions="1" time="0.032421"/>
          <testcase name="test_protected with data set #22" class="Tests_Meta_isProtectedMeta" classname="Tests_Meta_isProtectedMeta" file="/home/meng/Desktop/wptest/wordpress-develop/tests/phpunit/tests/meta/isProtectedMeta.php" line="12" assertions="1" time="0.032937"/>
          <testcase name="test_protected with data set #23" class="Tests_Meta_isProtectedMeta" classname="Tests_Meta_isProtectedMeta" file="/home/meng/Desktop/wptest/wordpress-develop/tests/phpunit/tests/meta/isProtectedMeta.php" line="12" assertions="1" time="0.036684"/>
          <testcase name="test_protected with data set #24" class="Tests_Meta_isProtectedMeta" classname="Tests_Meta_isProtectedMeta" file="/home/meng/Desktop/wptest/wordpress-develop/tests/phpunit/tests/meta/isProtectedMeta.php" line="12" assertions="1" time="0.034655"/>
          <testcase name="test_protected with data set #25" class="Tests_Meta_isProtectedMeta" classname="Tests_Meta_isProtectedMeta" file="/home/meng/Desktop/wptest/wordpress-develop/tests/phpunit/tests/meta/isProtectedMeta.php" line="12" assertions="1" time="0.035120"/>
          <testcase name="test_protected with data set #26" class="Tests_Meta_isProtectedMeta" classname="Tests_Meta_isProtectedMeta" file="/home/meng/Desktop/wptest/wordpress-develop/tests/phpunit/tests/meta/isProtectedMeta.php" line="12" assertions="1" time="0.034699"/>
          <testcase name="test_protected with data set #27" class="Tests_Meta_isProtectedMeta" classname="Tests_Meta_isProtectedMeta" file="/home/meng/Desktop/wptest/wordpress-develop/tests/phpunit/tests/meta/isProtectedMeta.php" line="12" assertions="1" time="0.036550"/>
          <testcase name="test_protected with data set #28" class="Tests_Meta_isProtectedMeta" classname="Tests_Meta_isProtectedMeta" file="/home/meng/Desktop/wptest/wordpress-develop/tests/phpunit/tests/meta/isProtectedMeta.php" line="12" assertions="1" time="0.034587"/>
          <testcase name="test_protected with data set #29" class="Tests_Meta_isProtectedMeta" classname="Tests_Meta_isProtectedMeta" file="/home/meng/Desktop/wptest/wordpress-develop/tests/phpunit/tests/meta/isProtectedMeta.php" line="12" assertions="1" time="0.035725"/>
          <testcase name="test_protected with data set #30" class="Tests_Meta_isProtectedMeta" classname="Tests_Meta_isProtectedMeta" file="/home/meng/Desktop/wptest/wordpress-develop/tests/phpunit/tests/meta/isProtectedMeta.php" line="12" assertions="1" time="0.033956"/>
          <testcase name="test_protected with data set #31" class="Tests_Meta_isProtectedMeta" classname="Tests_Meta_isProtectedMeta" file="/home/meng/Desktop/wptest/wordpress-develop/tests/phpunit/tests/meta/isProtectedMeta.php" line="12" assertions="1" time="0.034096"/>
          <testcase name="test_protected with data set #32" class="Tests_Meta_isProtectedMeta" classname="Tests_Meta_isProtectedMeta" file="/home/meng/Desktop/wptest/wordpress-develop/tests/phpunit/tests/meta/isProtectedMeta.php" line="12" assertions="1" time="0.033343"/>
          <testcase name="test_protected with data set #33" class="Tests_Meta_isProtectedMeta" classname="Tests_Meta_isProtectedMeta" file="/home/meng/Desktop/wptest/wordpress-develop/tests/phpunit/tests/meta/isProtectedMeta.php" line="12" assertions="1" time="0.033164"/>
          <testcase name="test_protected with data set #34" class="Tests_Meta_isProtectedMeta" classname="Tests_Meta_isProtectedMeta" file="/home/meng/Desktop/wptest/wordpress-develop/tests/phpunit/tests/meta/isProtectedMeta.php" line="12" assertions="1" time="0.035771"/>
          <testcase name="test_protected with data set #35" class="Tests_Meta_isProtectedMeta" classname="Tests_Meta_isProtectedMeta" file="/home/meng/Desktop/wptest/wordpress-develop/tests/phpunit/tests/meta/isProtectedMeta.php" line="12" assertions="1" time="0.033331"/>
          <testcase name="test_protected with data set #36" class="Tests_Meta_isProtectedMeta" classname="Tests_Meta_isProtectedMeta" file="/home/meng/Desktop/wptest/wordpress-develop/tests/phpunit/tests/meta/isProtectedMeta.php" line="12" assertions="1" time="0.034217"/>
          <testcase name="test_protected with data set #37" class="Tests_Meta_isProtectedMeta" classname="Tests_Meta_isProtectedMeta" file="/home/meng/Desktop/wptest/wordpress-develop/tests/phpunit/tests/meta/isProtectedMeta.php" line="12" assertions="1" time="0.033901"/>
          <testcase name="test_protected with data set #38" class="Tests_Meta_isProtectedMeta" classname="Tests_Meta_isProtectedMeta" file="/home/meng/Desktop/wptest/wordpress-develop/tests/phpunit/tests/meta/isProtectedMeta.php" line="12" assertions="1" time="0.033936"/>
          <testcase name="test_protected with data set #39" class="Tests_Meta_isProtectedMeta" classname="Tests_Meta_isProtectedMeta" file="/home/meng/Desktop/wptest/wordpress-develop/tests/phpunit/tests/meta/isProtectedMeta.php" line="12" assertions="1" time="0.037209"/>
          <testcase name="test_protected with data set #40" class="Tests_Meta_isProtectedMeta" classname="Tests_Meta_isProtectedMeta" file="/home/meng/Desktop/wptest/wordpress-develop/tests/phpunit/tests/meta/isProtectedMeta.php" line="12" assertions="1" time="0.034170"/>
          <testcase name="test_protected with data set #41" class="Tests_Meta_isProtectedMeta" classname="Tests_Meta_isProtectedMeta" file="/home/meng/Desktop/wptest/wordpress-develop/tests/phpunit/tests/meta/isProtectedMeta.php" line="12" assertions="1" time="0.034858"/>
          <testcase name="test_protected with data set #42" class="Tests_Meta_isProtectedMeta" classname="Tests_Meta_isProtectedMeta" file="/home/meng/Desktop/wptest/wordpress-develop/tests/phpunit/tests/meta/isProtectedMeta.php" line="12" assertions="1" time="0.034152"/>
          <testcase name="test_protected with data set #43" class="Tests_Meta_isProtectedMeta" classname="Tests_Meta_isProtectedMeta" file="/home/meng/Desktop/wptest/wordpress-develop/tests/phpunit/tests/meta/isProtectedMeta.php" line="12" assertions="1" time="0.034174"/>
          <testcase name="test_protected with data set #44" class="Tests_Meta_isProtectedMeta" classname="Tests_Meta_isProtectedMeta" file="/home/meng/Desktop/wptest/wordpress-develop/tests/phpunit/tests/meta/isProtectedMeta.php" line="12" assertions="1" time="0.038951"/>
          <testcase name="test_protected with data set #45" class="Tests_Meta_isProtectedMeta" classname="Tests_Meta_isProtectedMeta" file="/home/meng/Desktop/wptest/wordpress-develop/tests/phpunit/tests/meta/isProtectedMeta.php" line="12" assertions="1" time="0.036830"/>
          <testcase name="test_protected with data set #46" class="Tests_Meta_isProtectedMeta" classname="Tests_Meta_isProtectedMeta" file="/home/meng/Desktop/wptest/wordpress-develop/tests/phpunit/tests/meta/isProtectedMeta.php" line="12" assertions="1" time="0.034130"/>
          <testcase name="test_protected with data set #47" class="Tests_Meta_isProtectedMeta" classname="Tests_Meta_isProtectedMeta" file="/home/meng/Desktop/wptest/wordpress-develop/tests/phpunit/tests/meta/isProtectedMeta.php" line="12" assertions="1" time="0.036475"/>
          <testcase name="test_protected with data set #48" class="Tests_Meta_isProtectedMeta" classname="Tests_Meta_isProtectedMeta" file="/home/meng/Desktop/wptest/wordpress-develop/tests/phpunit/tests/meta/isProtectedMeta.php" line="12" assertions="1" time="0.034839"/>
          <testcase name="test_protected with data set #49" class="Tests_Meta_isProtectedMeta" classname="Tests_Meta_isProtectedMeta" file="/home/meng/Desktop/wptest/wordpress-develop/tests/phpunit/tests/meta/isProtectedMeta.php" line="12" assertions="1" time="0.034845"/>
          <testcase name="test_protected with data set #50" class="Tests_Meta_isProtectedMeta" classname="Tests_Meta_isProtectedMeta" file="/home/meng/Desktop/wptest/wordpress-develop/tests/phpunit/tests/meta/isProtectedMeta.php" line="12" assertions="1" time="0.036613"/>
          <testcase name="test_protected with data set #51" class="Tests_Meta_isProtectedMeta" classname="Tests_Meta_isProtectedMeta" file="/home/meng/Desktop/wptest/wordpress-develop/tests/phpunit/tests/meta/isProtectedMeta.php" line="12" assertions="1" time="0.036188"/>
          <testcase name="test_protected with data set #52" class="Tests_Meta_isProtectedMeta" classname="Tests_Meta_isProtectedMeta" file="/home/meng/Desktop/wptest/wordpress-develop/tests/phpunit/tests/meta/isProtectedMeta.php" line="12" assertions="1" time="0.038565"/>
          <testcase name="test_protected with data set #53" class="Tests_Meta_isProtectedMeta" classname="Tests_Meta_isProtectedMeta" file="/home/meng/Desktop/wptest/wordpress-develop/tests/phpunit/tests/meta/isProtectedMeta.php" line="12" assertions="1" time="0.033363"/>
          <testcase name="test_protected with data set #54" class="Tests_Meta_isProtectedMeta" classname="Tests_Meta_isProtectedMeta" file="/home/meng/Desktop/wptest/wordpress-develop/tests/phpunit/tests/meta/isProtectedMeta.php" line="12" assertions="1" time="0.034257"/>
          <testcase name="test_protected with data set #55" class="Tests_Meta_isProtectedMeta" classname="Tests_Meta_isProtectedMeta" file="/home/meng/Desktop/wptest/wordpress-develop/tests/phpunit/tests/meta/isProtectedMeta.php" line="12" assertions="1" time="0.034550"/>
          <testcase name="test_protected with data set #56" class="Tests_Meta_isProtectedMeta" classname="Tests_Meta_isProtectedMeta" file="/home/meng/Desktop/wptest/wordpress-develop/tests/phpunit/tests/meta/isProtectedMeta.php" line="12" assertions="1" time="0.037248"/>
          <testcase name="test_protected with data set #57" class="Tests_Meta_isProtectedMeta" classname="Tests_Meta_isProtectedMeta" file="/home/meng/Desktop/wptest/wordpress-develop/tests/phpunit/tests/meta/isProtectedMeta.php" line="12" assertions="1" time="0.037842"/>
          <testcase name="test_protected with data set #58" class="Tests_Meta_isProtectedMeta" classname="Tests_Meta_isProtectedMeta" file="/home/meng/Desktop/wptest/wordpress-develop/tests/phpunit/tests/meta/isProtectedMeta.php" line="12" assertions="1" time="0.034717"/>
          <testcase name="test_protected with data set #59" class="Tests_Meta_isProtectedMeta" classname="Tests_Meta_isProtectedMeta" file="/home/meng/Desktop/wptest/wordpress-develop/tests/phpunit/tests/meta/isProtectedMeta.php" line="12" assertions="1" time="0.038823"/>
          <testcase name="test_protected with data set #60" class="Tests_Meta_isProtectedMeta" classname="Tests_Meta_isProtectedMeta" file="/home/meng/Desktop/wptest/wordpress-develop/tests/phpunit/tests/meta/isProtectedMeta.php" line="12" assertions="1" time="0.040751"/>
          <testcase name="test_protected with data set #61" class="Tests_Meta_isProtectedMeta" classname="Tests_Meta_isProtectedMeta" file="/home/meng/Desktop/wptest/wordpress-develop/tests/phpunit/tests/meta/isProtectedMeta.php" line="12" assertions="1" time="0.035136"/>
          <testcase name="test_protected with data set #62" class="Tests_Meta_isProtectedMeta" classname="Tests_Meta_isProtectedMeta" file="/home/meng/Desktop/wptest/wordpress-develop/tests/phpunit/tests/meta/isProtectedMeta.php" line="12" assertions="1" time="0.034956"/>
          <testcase name="test_protected with data set #63" class="Tests_Meta_isProtectedMeta" classname="Tests_Meta_isProtectedMeta" file="/home/meng/Desktop/wptest/wordpress-develop/tests/phpunit/tests/meta/isProtectedMeta.php" line="12" assertions="1" time="0.034117"/>
          <testcase name="test_protected with data set #64" class="Tests_Meta_isProtectedMeta" classname="Tests_Meta_isProtectedMeta" file="/home/meng/Desktop/wptest/wordpress-develop/tests/phpunit/tests/meta/isProtectedMeta.php" line="12" assertions="1" time="0.034037"/>
          <testcase name="test_protected with data set #65" class="Tests_Meta_isProtectedMeta" classname="Tests_Meta_isProtectedMeta" file="/home/meng/Desktop/wptest/wordpress-develop/tests/phpunit/tests/meta/isProtectedMeta.php" line="12" assertions="1" time="0.034492"/>
        </testsuite>
        <testsuite name="Tests_Meta_isProtectedMeta::test_unprotected" tests="97" assertions="97" errors="0" failures="0" skipped="0" time="3.350617">
          <testcase name="test_unprotected with data set #0" class="Tests_Meta_isProtectedMeta" classname="Tests_Meta_isProtectedMeta" file="/home/meng/Desktop/wptest/wordpress-develop/tests/phpunit/tests/meta/isProtectedMeta.php" line="34" assertions="1" time="0.038814"/>
          <testcase name="test_unprotected with data set #1" class="Tests_Meta_isProtectedMeta" classname="Tests_Meta_isProtectedMeta" file="/home/meng/Desktop/wptest/wordpress-develop/tests/phpunit/tests/meta/isProtectedMeta.php" line="34" assertions="1" time="0.034989"/>
          <testcase name="test_unprotected with data set #2" class="Tests_Meta_isProtectedMeta" classname="Tests_Meta_isProtectedMeta" file="/home/meng/Desktop/wptest/wordpress-develop/tests/phpunit/tests/meta/isProtectedMeta.php" line="34" assertions="1" time="0.034823"/>
          <testcase name="test_unprotected with data set #3" class="Tests_Meta_isProtectedMeta" classname="Tests_Meta_isProtectedMeta" file="/home/meng/Desktop/wptest/wordpress-develop/tests/phpunit/tests/meta/isProtectedMeta.php" line="34" assertions="1" time="0.033348"/>
          <testcase name="test_unprotected with data set #4" class="Tests_Meta_isProtectedMeta" classname="Tests_Meta_isProtectedMeta" file="/home/meng/Desktop/wptest/wordpress-develop/tests/phpunit/tests/meta/isProtectedMeta.php" line="34" assertions="1" time="0.034072"/>
          <testcase name="test_unprotected with data set #5" class="Tests_Meta_isProtectedMeta" classname="Tests_Meta_isProtectedMeta" file="/home/meng/Desktop/wptest/wordpress-develop/tests/phpunit/tests/meta/isProtectedMeta.php" line="34" assertions="1" time="0.037459"/>
          <testcase name="test_unprotected with data set #6" class="Tests_Meta_isProtectedMeta" classname="Tests_Meta_isProtectedMeta" file="/home/meng/Desktop/wptest/wordpress-develop/tests/phpunit/tests/meta/isProtectedMeta.php" line="34" assertions="1" time="0.034904"/>
          <testcase name="test_unprotected with data set #7" class="Tests_Meta_isProtectedMeta" classname="Tests_Meta_isProtectedMeta" file="/home/meng/Desktop/wptest/wordpress-develop/tests/phpunit/tests/meta/isProtectedMeta.php" line="34" assertions="1" time="0.034910"/>
          <testcase name="test_unprotected with data set #8" class="Tests_Meta_isProtectedMeta" classname="Tests_Meta_isProtectedMeta" file="/home/meng/Desktop/wptest/wordpress-develop/tests/phpunit/tests/meta/isProtectedMeta.php" line="34" assertions="1" time="0.033871"/>
          <testcase name="test_unprotected with data set #9" class="Tests_Meta_isProtectedMeta" classname="Tests_Meta_isProtectedMeta" file="/home/meng/Desktop/wptest/wordpress-develop/tests/phpunit/tests/meta/isProtectedMeta.php" line="34" assertions="1" time="0.038926"/>
          <testcase name="test_unprotected with data set #10" class="Tests_Meta_isProtectedMeta" classname="Tests_Meta_isProtectedMeta" file="/home/meng/Desktop/wptest/wordpress-develop/tests/phpunit/tests/meta/isProtectedMeta.php" line="34" assertions="1" time="0.035746"/>
          <testcase name="test_unprotected with data set #11" class="Tests_Meta_isProtectedMeta" classname="Tests_Meta_isProtectedMeta" file="/home/meng/Desktop/wptest/wordpress-develop/tests/phpunit/tests/meta/isProtectedMeta.php" line="34" assertions="1" time="0.036823"/>
          <testcase name="test_unprotected with data set #12" class="Tests_Meta_isProtectedMeta" classname="Tests_Meta_isProtectedMeta" file="/home/meng/Desktop/wptest/wordpress-develop/tests/phpunit/tests/meta/isProtectedMeta.php" line="34" assertions="1" time="0.044058"/>
          <testcase name="test_unprotected with data set #13" class="Tests_Meta_isProtectedMeta" classname="Tests_Meta_isProtectedMeta" file="/home/meng/Desktop/wptest/wordpress-develop/tests/phpunit/tests/meta/isProtectedMeta.php" line="34" assertions="1" time="0.038738"/>
          <testcase name="test_unprotected with data set #14" class="Tests_Meta_isProtectedMeta" classname="Tests_Meta_isProtectedMeta" file="/home/meng/Desktop/wptest/wordpress-develop/tests/phpunit/tests/meta/isProtectedMeta.php" line="34" assertions="1" time="0.034826"/>
          <testcase name="test_unprotected with data set #15" class="Tests_Meta_isProtectedMeta" classname="Tests_Meta_isProtectedMeta" file="/home/meng/Desktop/wptest/wordpress-develop/tests/phpunit/tests/meta/isProtectedMeta.php" line="34" assertions="1" time="0.040662"/>
          <testcase name="test_unprotected with data set #16" class="Tests_Meta_isProtectedMeta" classname="Tests_Meta_isProtectedMeta" file="/home/meng/Desktop/wptest/wordpress-develop/tests/phpunit/tests/meta/isProtectedMeta.php" line="34" assertions="1" time="0.035211"/>
          <testcase name="test_unprotected with data set #17" class="Tests_Meta_isProtectedMeta" classname="Tests_Meta_isProtectedMeta" file="/home/meng/Desktop/wptest/wordpress-develop/tests/phpunit/tests/meta/isProtectedMeta.php" line="34" assertions="1" time="0.034191"/>
          <testcase name="test_unprotected with data set #18" class="Tests_Meta_isProtectedMeta" classname="Tests_Meta_isProtectedMeta" file="/home/meng/Desktop/wptest/wordpress-develop/tests/phpunit/tests/meta/isProtectedMeta.php" line="34" assertions="1" time="0.035546"/>
          <testcase name="test_unprotected with data set #19" class="Tests_Meta_isProtectedMeta" classname="Tests_Meta_isProtectedMeta" file="/home/meng/Desktop/wptest/wordpress-develop/tests/phpunit/tests/meta/isProtectedMeta.php" line="34" assertions="1" time="0.044254"/>
          <testcase name="test_unprotected with data set #20" class="Tests_Meta_isProtectedMeta" classname="Tests_Meta_isProtectedMeta" file="/home/meng/Desktop/wptest/wordpress-develop/tests/phpunit/tests/meta/isProtectedMeta.php" line="34" assertions="1" time="0.038359"/>
          <testcase name="test_unprotected with data set #21" class="Tests_Meta_isProtectedMeta" classname="Tests_Meta_isProtectedMeta" file="/home/meng/Desktop/wptest/wordpress-develop/tests/phpunit/tests/meta/isProtectedMeta.php" line="34" assertions="1" time="0.037634"/>
          <testcase name="test_unprotected with data set #22" class="Tests_Meta_isProtectedMeta" classname="Tests_Meta_isProtectedMeta" file="/home/meng/Desktop/wptest/wordpress-develop/tests/phpunit/tests/meta/isProtectedMeta.php" line="34" assertions="1" time="0.035118"/>
          <testcase name="test_unprotected with data set #23" class="Tests_Meta_isProtectedMeta" classname="Tests_Meta_isProtectedMeta" file="/home/meng/Desktop/wptest/wordpress-develop/tests/phpunit/tests/meta/isProtectedMeta.php" line="34" assertions="1" time="0.035245"/>
          <testcase name="test_unprotected with data set #24" class="Tests_Meta_isProtectedMeta" classname="Tests_Meta_isProtectedMeta" file="/home/meng/Desktop/wptest/wordpress-develop/tests/phpunit/tests/meta/isProtectedMeta.php" line="34" assertions="1" time="0.041420"/>
          <testcase name="test_unprotected with data set #25" class="Tests_Meta_isProtectedMeta" classname="Tests_Meta_isProtectedMeta" file="/home/meng/Desktop/wptest/wordpress-develop/tests/phpunit/tests/meta/isProtectedMeta.php" line="34" assertions="1" time="0.103710"/>
          <testcase name="test_unprotected with data set #26" class="Tests_Meta_isProtectedMeta" classname="Tests_Meta_isProtectedMeta" file="/home/meng/Desktop/wptest/wordpress-develop/tests/phpunit/tests/meta/isProtectedMeta.php" line="34" assertions="1" time="0.034793"/>
          <testcase name="test_unprotected with data set #27" class="Tests_Meta_isProtectedMeta" classname="Tests_Meta_isProtectedMeta" file="/home/meng/Desktop/wptest/wordpress-develop/tests/phpunit/tests/meta/isProtectedMeta.php" line="34" assertions="1" time="0.033431"/>
          <testcase name="test_unprotected with data set #28" class="Tests_Meta_isProtectedMeta" classname="Tests_Meta_isProtectedMeta" file="/home/meng/Desktop/wptest/wordpress-develop/tests/phpunit/tests/meta/isProtectedMeta.php" line="34" assertions="1" time="0.031759"/>
          <testcase name="test_unprotected with data set #29" class="Tests_Meta_isProtectedMeta" classname="Tests_Meta_isProtectedMeta" file="/home/meng/Desktop/wptest/wordpress-develop/tests/phpunit/tests/meta/isProtectedMeta.php" line="34" assertions="1" time="0.032219"/>
          <testcase name="test_unprotected with data set #30" class="Tests_Meta_isProtectedMeta" classname="Tests_Meta_isProtectedMeta" file="/home/meng/Desktop/wptest/wordpress-develop/tests/phpunit/tests/meta/isProtectedMeta.php" line="34" assertions="1" time="0.032599"/>
          <testcase name="test_unprotected with data set #31" class="Tests_Meta_isProtectedMeta" classname="Tests_Meta_isProtectedMeta" file="/home/meng/Desktop/wptest/wordpress-develop/tests/phpunit/tests/meta/isProtectedMeta.php" line="34" assertions="1" time="0.032302"/>
          <testcase name="test_unprotected with data set #32" class="Tests_Meta_isProtectedMeta" classname="Tests_Meta_isProtectedMeta" file="/home/meng/Desktop/wptest/wordpress-develop/tests/phpunit/tests/meta/isProtectedMeta.php" line="34" assertions="1" time="0.032598"/>
          <testcase name="test_unprotected with data set #33" class="Tests_Meta_isProtectedMeta" classname="Tests_Meta_isProtectedMeta" file="/home/meng/Desktop/wptest/wordpress-develop/tests/phpunit/tests/meta/isProtectedMeta.php" line="34" assertions="1" time="0.031659"/>
          <testcase name="test_unprotected with data set #34" class="Tests_Meta_isProtectedMeta" classname="Tests_Meta_isProtectedMeta" file="/home/meng/Desktop/wptest/wordpress-develop/tests/phpunit/tests/meta/isProtectedMeta.php" line="34" assertions="1" time="0.032894"/>
          <testcase name="test_unprotected with data set #35" class="Tests_Meta_isProtectedMeta" classname="Tests_Meta_isProtectedMeta" file="/home/meng/Desktop/wptest/wordpress-develop/tests/phpunit/tests/meta/isProtectedMeta.php" line="34" assertions="1" time="0.032839"/>
          <testcase name="test_unprotected with data set #36" class="Tests_Meta_isProtectedMeta" classname="Tests_Meta_isProtectedMeta" file="/home/meng/Desktop/wptest/wordpress-develop/tests/phpunit/tests/meta/isProtectedMeta.php" line="34" assertions="1" time="0.032236"/>
          <testcase name="test_unprotected with data set #37" class="Tests_Meta_isProtectedMeta" classname="Tests_Meta_isProtectedMeta" file="/home/meng/Desktop/wptest/wordpress-develop/tests/phpunit/tests/meta/isProtectedMeta.php" line="34" assertions="1" time="0.032489"/>
          <testcase name="test_unprotected with data set #38" class="Tests_Meta_isProtectedMeta" classname="Tests_Meta_isProtectedMeta" file="/home/meng/Desktop/wptest/wordpress-develop/tests/phpunit/tests/meta/isProtectedMeta.php" line="34" assertions="1" time="0.032833"/>
          <testcase name="test_unprotected with data set #39" class="Tests_Meta_isProtectedMeta" classname="Tests_Meta_isProtectedMeta" file="/home/meng/Desktop/wptest/wordpress-develop/tests/phpunit/tests/meta/isProtectedMeta.php" line="34" assertions="1" time="0.032869"/>
          <testcase name="test_unprotected with data set #40" class="Tests_Meta_isProtectedMeta" classname="Tests_Meta_isProtectedMeta" file="/home/meng/Desktop/wptest/wordpress-develop/tests/phpunit/tests/meta/isProtectedMeta.php" line="34" assertions="1" time="0.032639"/>
          <testcase name="test_unprotected with data set #41" class="Tests_Meta_isProtectedMeta" classname="Tests_Meta_isProtectedMeta" file="/home/meng/Desktop/wptest/wordpress-develop/tests/phpunit/tests/meta/isProtectedMeta.php" line="34" assertions="1" time="0.032107"/>
          <testcase name="test_unprotected with data set #42" class="Tests_Meta_isProtectedMeta" classname="Tests_Meta_isProtectedMeta" file="/home/meng/Desktop/wptest/wordpress-develop/tests/phpunit/tests/meta/isProtectedMeta.php" line="34" assertions="1" time="0.033530"/>
          <testcase name="test_unprotected with data set #43" class="Tests_Meta_isProtectedMeta" classname="Tests_Meta_isProtectedMeta" file="/home/meng/Desktop/wptest/wordpress-develop/tests/phpunit/tests/meta/isProtectedMeta.php" line="34" assertions="1" time="0.032511"/>
          <testcase name="test_unprotected with data set #44" class="Tests_Meta_isProtectedMeta" classname="Tests_Meta_isProtectedMeta" file="/home/meng/Desktop/wptest/wordpress-develop/tests/phpunit/tests/meta/isProtectedMeta.php" line="34" assertions="1" time="0.033154"/>
          <testcase name="test_unprotected with data set #45" class="Tests_Meta_isProtectedMeta" classname="Tests_Meta_isProtectedMeta" file="/home/meng/Desktop/wptest/wordpress-develop/tests/phpunit/tests/meta/isProtectedMeta.php" line="34" assertions="1" time="0.031887"/>
          <testcase name="test_unprotected with data set #46" class="Tests_Meta_isProtectedMeta" classname="Tests_Meta_isProtectedMeta" file="/home/meng/Desktop/wptest/wordpress-develop/tests/phpunit/tests/meta/isProtectedMeta.php" line="34" assertions="1" time="0.034619"/>
          <testcase name="test_unprotected with data set #47" class="Tests_Meta_isProtectedMeta" classname="Tests_Meta_isProtectedMeta" file="/home/meng/Desktop/wptest/wordpress-develop/tests/phpunit/tests/meta/isProtectedMeta.php" line="34" assertions="1" time="0.031887"/>
          <testcase name="test_unprotected with data set #48" class="Tests_Meta_isProtectedMeta" classname="Tests_Meta_isProtectedMeta" file="/home/meng/Desktop/wptest/wordpress-develop/tests/phpunit/tests/meta/isProtectedMeta.php" line="34" assertions="1" time="0.032323"/>
          <testcase name="test_unprotected with data set #49" class="Tests_Meta_isProtectedMeta" classname="Tests_Meta_isProtectedMeta" file="/home/meng/Desktop/wptest/wordpress-develop/tests/phpunit/tests/meta/isProtectedMeta.php" line="34" assertions="1" time="0.032811"/>
          <testcase name="test_unprotected with data set #50" class="Tests_Meta_isProtectedMeta" classname="Tests_Meta_isProtectedMeta" file="/home/meng/Desktop/wptest/wordpress-develop/tests/phpunit/tests/meta/isProtectedMeta.php" line="34" assertions="1" time="0.032650"/>
          <testcase name="test_unprotected with data set #51" class="Tests_Meta_isProtectedMeta" classname="Tests_Meta_isProtectedMeta" file="/home/meng/Desktop/wptest/wordpress-develop/tests/phpunit/tests/meta/isProtectedMeta.php" line="34" assertions="1" time="0.033218"/>
          <testcase name="test_unprotected with data set #52" class="Tests_Meta_isProtectedMeta" classname="Tests_Meta_isProtectedMeta" file="/home/meng/Desktop/wptest/wordpress-develop/tests/phpunit/tests/meta/isProtectedMeta.php" line="34" assertions="1" time="0.032584"/>
          <testcase name="test_unprotected with data set #53" class="Tests_Meta_isProtectedMeta" classname="Tests_Meta_isProtectedMeta" file="/home/meng/Desktop/wptest/wordpress-develop/tests/phpunit/tests/meta/isProtectedMeta.php" line="34" assertions="1" time="0.034475"/>
          <testcase name="test_unprotected with data set #54" class="Tests_Meta_isProtectedMeta" classname="Tests_Meta_isProtectedMeta" file="/home/meng/Desktop/wptest/wordpress-develop/tests/phpunit/tests/meta/isProtectedMeta.php" line="34" assertions="1" time="0.032424"/>
          <testcase name="test_unprotected with data set #55" class="Tests_Meta_isProtectedMeta" classname="Tests_Meta_isProtectedMeta" file="/home/meng/Desktop/wptest/wordpress-develop/tests/phpunit/tests/meta/isProtectedMeta.php" line="34" assertions="1" time="0.032755"/>
          <testcase name="test_unprotected with data set #56" class="Tests_Meta_isProtectedMeta" classname="Tests_Meta_isProtectedMeta" file="/home/meng/Desktop/wptest/wordpress-develop/tests/phpunit/tests/meta/isProtectedMeta.php" line="34" assertions="1" time="0.032976"/>
          <testcase name="test_unprotected with data set #57" class="Tests_Meta_isProtectedMeta" classname="Tests_Meta_isProtectedMeta" file="/home/meng/Desktop/wptest/wordpress-develop/tests/phpunit/tests/meta/isProtectedMeta.php" line="34" assertions="1" time="0.034738"/>
          <testcase name="test_unprotected with data set #58" class="Tests_Meta_isProtectedMeta" classname="Tests_Meta_isProtectedMeta" file="/home/meng/Desktop/wptest/wordpress-develop/tests/phpunit/tests/meta/isProtectedMeta.php" line="34" assertions="1" time="0.032486"/>
          <testcase name="test_unprotected with data set #59" class="Tests_Meta_isProtectedMeta" classname="Tests_Meta_isProtectedMeta" file="/home/meng/Desktop/wptest/wordpress-develop/tests/phpunit/tests/meta/isProtectedMeta.php" line="34" assertions="1" time="0.032356"/>
          <testcase name="test_unprotected with data set #60" class="Tests_Meta_isProtectedMeta" classname="Tests_Meta_isProtectedMeta" file="/home/meng/Desktop/wptest/wordpress-develop/tests/phpunit/tests/meta/isProtectedMeta.php" line="34" assertions="1" time="0.032138"/>
          <testcase name="test_unprotected with data set #61" class="Tests_Meta_isProtectedMeta" classname="Tests_Meta_isProtectedMeta" file="/home/meng/Desktop/wptest/wordpress-develop/tests/phpunit/tests/meta/isProtectedMeta.php" line="34" assertions="1" time="0.033901"/>
          <testcase name="test_unprotected with data set #62" class="Tests_Meta_isProtectedMeta" classname="Tests_Meta_isProtectedMeta" file="/home/meng/Desktop/wptest/wordpress-develop/tests/phpunit/tests/meta/isProtectedMeta.php" line="34" assertions="1" time="0.031611"/>
          <testcase name="test_unprotected with data set #63" class="Tests_Meta_isProtectedMeta" classname="Tests_Meta_isProtectedMeta" file="/home/meng/Desktop/wptest/wordpress-develop/tests/phpunit/tests/meta/isProtectedMeta.php" line="34" assertions="1" time="0.032807"/>
          <testcase name="test_unprotected with data set #64" class="Tests_Meta_isProtectedMeta" classname="Tests_Meta_isProtectedMeta" file="/home/meng/Desktop/wptest/wordpress-develop/tests/phpunit/tests/meta/isProtectedMeta.php" line="34" assertions="1" time="0.032834"/>
          <testcase name="test_unprotected with data set #65" class="Tests_Meta_isProtectedMeta" classname="Tests_Meta_isProtectedMeta" file="/home/meng/Desktop/wptest/wordpress-develop/tests/phpunit/tests/meta/isProtectedMeta.php" line="34" assertions="1" time="0.031626"/>
          <testcase name="test_unprotected with data set #66" class="Tests_Meta_isProtectedMeta" classname="Tests_Meta_isProtectedMeta" file="/home/meng/Desktop/wptest/wordpress-develop/tests/phpunit/tests/meta/isProtectedMeta.php" line="34" assertions="1" time="0.034085"/>
          <testcase name="test_unprotected with data set #67" class="Tests_Meta_isProtectedMeta" classname="Tests_Meta_isProtectedMeta" file="/home/meng/Desktop/wptest/wordpress-develop/tests/phpunit/tests/meta/isProtectedMeta.php" line="34" assertions="1" time="0.032043"/>
          <testcase name="test_unprotected with data set #68" class="Tests_Meta_isProtectedMeta" classname="Tests_Meta_isProtectedMeta" file="/home/meng/Desktop/wptest/wordpress-develop/tests/phpunit/tests/meta/isProtectedMeta.php" line="34" assertions="1" time="0.032546"/>
          <testcase name="test_unprotected with data set #69" class="Tests_Meta_isProtectedMeta" classname="Tests_Meta_isProtectedMeta" file="/home/meng/Desktop/wptest/wordpress-develop/tests/phpunit/tests/meta/isProtectedMeta.php" line="34" assertions="1" time="0.032276"/>
          <testcase name="test_unprotected with data set #70" class="Tests_Meta_isProtectedMeta" classname="Tests_Meta_isProtectedMeta" file="/home/meng/Desktop/wptest/wordpress-develop/tests/phpunit/tests/meta/isProtectedMeta.php" line="34" assertions="1" time="0.031657"/>
          <testcase name="test_unprotected with data set #71" class="Tests_Meta_isProtectedMeta" classname="Tests_Meta_isProtectedMeta" file="/home/meng/Desktop/wptest/wordpress-develop/tests/phpunit/tests/meta/isProtectedMeta.php" line="34" assertions="1" time="0.031544"/>
          <testcase name="test_unprotected with data set #72" class="Tests_Meta_isProtectedMeta" classname="Tests_Meta_isProtectedMeta" file="/home/meng/Desktop/wptest/wordpress-develop/tests/phpunit/tests/meta/isProtectedMeta.php" line="34" assertions="1" time="0.032904"/>
          <testcase name="test_unprotected with data set #73" class="Tests_Meta_isProtectedMeta" classname="Tests_Meta_isProtectedMeta" file="/home/meng/Desktop/wptest/wordpress-develop/tests/phpunit/tests/meta/isProtectedMeta.php" line="34" assertions="1" time="0.031456"/>
          <testcase name="test_unprotected with data set #74" class="Tests_Meta_isProtectedMeta" classname="Tests_Meta_isProtectedMeta" file="/home/meng/Desktop/wptest/wordpress-develop/tests/phpunit/tests/meta/isProtectedMeta.php" line="34" assertions="1" time="0.031377"/>
          <testcase name="test_unprotected with data set #75" class="Tests_Meta_isProtectedMeta" classname="Tests_Meta_isProtectedMeta" file="/home/meng/Desktop/wptest/wordpress-develop/tests/phpunit/tests/meta/isProtectedMeta.php" line="34" assertions="1" time="0.034913"/>
          <testcase name="test_unprotected with data set #76" class="Tests_Meta_isProtectedMeta" classname="Tests_Meta_isProtectedMeta" file="/home/meng/Desktop/wptest/wordpress-develop/tests/phpunit/tests/meta/isProtectedMeta.php" line="34" assertions="1" time="0.035493"/>
          <testcase name="test_unprotected with data set #77" class="Tests_Meta_isProtectedMeta" classname="Tests_Meta_isProtectedMeta" file="/home/meng/Desktop/wptest/wordpress-develop/tests/phpunit/tests/meta/isProtectedMeta.php" line="34" assertions="1" time="0.031912"/>
          <testcase name="test_unprotected with data set #78" class="Tests_Meta_isProtectedMeta" classname="Tests_Meta_isProtectedMeta" file="/home/meng/Desktop/wptest/wordpress-develop/tests/phpunit/tests/meta/isProtectedMeta.php" line="34" assertions="1" time="0.032238"/>
          <testcase name="test_unprotected with data set #79" class="Tests_Meta_isProtectedMeta" classname="Tests_Meta_isProtectedMeta" file="/home/meng/Desktop/wptest/wordpress-develop/tests/phpunit/tests/meta/isProtectedMeta.php" line="34" assertions="1" time="0.032446"/>
          <testcase name="test_unprotected with data set #80" class="Tests_Meta_isProtectedMeta" classname="Tests_Meta_isProtectedMeta" file="/home/meng/Desktop/wptest/wordpress-develop/tests/phpunit/tests/meta/isProtectedMeta.php" line="34" assertions="1" time="0.032281"/>
          <testcase name="test_unprotected with data set #81" class="Tests_Meta_isProtectedMeta" classname="Tests_Meta_isProtectedMeta" file="/home/meng/Desktop/wptest/wordpress-develop/tests/phpunit/tests/meta/isProtectedMeta.php" line="34" assertions="1" time="0.031774"/>
          <testcase name="test_unprotected with data set #82" class="Tests_Meta_isProtectedMeta" classname="Tests_Meta_isProtectedMeta" file="/home/meng/Desktop/wptest/wordpress-develop/tests/phpunit/tests/meta/isProtectedMeta.php" line="34" assertions="1" time="0.031976"/>
          <testcase name="test_unprotected with data set #83" class="Tests_Meta_isProtectedMeta" classname="Tests_Meta_isProtectedMeta" file="/home/meng/Desktop/wptest/wordpress-develop/tests/phpunit/tests/meta/isProtectedMeta.php" line="34" assertions="1" time="0.032903"/>
          <testcase name="test_unprotected with data set #84" class="Tests_Meta_isProtectedMeta" classname="Tests_Meta_isProtectedMeta" file="/home/meng/Desktop/wptest/wordpress-develop/tests/phpunit/tests/meta/isProtectedMeta.php" line="34" assertions="1" time="0.033849"/>
          <testcase name="test_unprotected with data set #85" class="Tests_Meta_isProtectedMeta" classname="Tests_Meta_isProtectedMeta" file="/home/meng/Desktop/wptest/wordpress-develop/tests/phpunit/tests/meta/isProtectedMeta.php" line="34" assertions="1" time="0.032508"/>
          <testcase name="test_unprotected with data set #86" class="Tests_Meta_isProtectedMeta" classname="Tests_Meta_isProtectedMeta" file="/home/meng/Desktop/wptest/wordpress-develop/tests/phpunit/tests/meta/isProtectedMeta.php" line="34" assertions="1" time="0.032376"/>
          <testcase name="test_unprotected with data set #87" class="Tests_Meta_isProtectedMeta" classname="Tests_Meta_isProtectedMeta" file="/home/meng/Desktop/wptest/wordpress-develop/tests/phpunit/tests/meta/isProtectedMeta.php" line="34" assertions="1" time="0.032717"/>
          <testcase name="test_unprotected with data set #88" class="Tests_Meta_isProtectedMeta" classname="Tests_Meta_isProtectedMeta" file="/home/meng/Desktop/wptest/wordpress-develop/tests/phpunit/tests/meta/isProtectedMeta.php" line="34" assertions="1" time="0.032262"/>
          <testcase name="test_unprotected with data set #89" class="Tests_Meta_isProtectedMeta" classname="Tests_Meta_isProtectedMeta" file="/home/meng/Desktop/wptest/wordpress-develop/tests/phpunit/tests/meta/isProtectedMeta.php" line="34" assertions="1" time="0.032835"/>
          <testcase name="test_unprotected with data set #90" class="Tests_Meta_isProtectedMeta" classname="Tests_Meta_isProtectedMeta" file="/home/meng/Desktop/wptest/wordpress-develop/tests/phpunit/tests/meta/isProtectedMeta.php" line="34" assertions="1" time="0.032060"/>
          <testcase name="test_unprotected with data set #91" class="Tests_Meta_isProtectedMeta" classname="Tests_Meta_isProtectedMeta" file="/home/meng/Desktop/wptest/wordpress-develop/tests/phpunit/tests/meta/isProtectedMeta.php" line="34" assertions="1" time="0.031791"/>
          <testcase name="test_unprotected with data set #92" class="Tests_Meta_isProtectedMeta" classname="Tests_Meta_isProtectedMeta" file="/home/meng/Desktop/wptest/wordpress-develop/tests/phpunit/tests/meta/isProtectedMeta.php" line="34" assertions="1" time="0.033181"/>
          <testcase name="test_unprotected with data set #93" class="Tests_Meta_isProtectedMeta" classname="Tests_Meta_isProtectedMeta" file="/home/meng/Desktop/wptest/wordpress-develop/tests/phpunit/tests/meta/isProtectedMeta.php" line="34" assertions="1" time="0.034390"/>
          <testcase name="test_unprotected with data set #94" class="Tests_Meta_isProtectedMeta" classname="Tests_Meta_isProtectedMeta" file="/home/meng/Desktop/wptest/wordpress-develop/tests/phpunit/tests/meta/isProtectedMeta.php" line="34" assertions="1" time="0.032621"/>
          <testcase name="test_unprotected with data set #95" class="Tests_Meta_isProtectedMeta" classname="Tests_Meta_isProtectedMeta" file="/home/meng/Desktop/wptest/wordpress-develop/tests/phpunit/tests/meta/isProtectedMeta.php" line="34" assertions="1" time="0.031885"/>
          <testcase name="test_unprotected with data set #96" class="Tests_Meta_isProtectedMeta" classname="Tests_Meta_isProtectedMeta" file="/home/meng/Desktop/wptest/wordpress-develop/tests/phpunit/tests/meta/isProtectedMeta.php" line="34" assertions="1" time="0.034094"/>
        </testsuite>
      </testsuite>
      <testsuite name="Tests_Meta_Query" file="/home/meng/Desktop/wptest/wordpress-develop/tests/phpunit/tests/meta/query.php" tests="37" assertions="77" errors="0" failures="0" skipped="0" time="1.321096">
        <testcase name="test_empty_meta_query_param" class="Tests_Meta_Query" classname="Tests_Meta_Query" file="/home/meng/Desktop/wptest/wordpress-develop/tests/phpunit/tests/meta/query.php" line="11" assertions="1" time="0.032916"/>
        <testcase name="test_default_relation" class="Tests_Meta_Query" classname="Tests_Meta_Query" file="/home/meng/Desktop/wptest/wordpress-develop/tests/phpunit/tests/meta/query.php" line="16" assertions="1" time="0.032281"/>
        <testcase name="test_set_relation" class="Tests_Meta_Query" classname="Tests_Meta_Query" file="/home/meng/Desktop/wptest/wordpress-develop/tests/phpunit/tests/meta/query.php" line="21" assertions="2" time="0.031698"/>
        <testcase name="test_invalid_query_clauses" class="Tests_Meta_Query" classname="Tests_Meta_Query" file="/home/meng/Desktop/wptest/wordpress-develop/tests/phpunit/tests/meta/query.php" line="45" assertions="1" time="0.036584"/>
        <testcase name="test_single_inner_join_for_keys_only" class="Tests_Meta_Query" classname="Tests_Meta_Query" file="/home/meng/Desktop/wptest/wordpress-develop/tests/phpunit/tests/meta/query.php" line="63" assertions="2" time="0.035774"/>
        <testcase name="test_parse_query_vars_simple_query_index_0" class="Tests_Meta_Query" classname="Tests_Meta_Query" file="/home/meng/Desktop/wptest/wordpress-develop/tests/phpunit/tests/meta/query.php" line="101" assertions="2" time="0.032837"/>
        <testcase name="test_parse_query_vars_with_no_meta_value" class="Tests_Meta_Query" classname="Tests_Meta_Query" file="/home/meng/Desktop/wptest/wordpress-develop/tests/phpunit/tests/meta/query.php" line="139" assertions="1" time="0.031742"/>
        <testcase name="test_parse_query_vars_with_default_meta_compare" class="Tests_Meta_Query" classname="Tests_Meta_Query" file="/home/meng/Desktop/wptest/wordpress-develop/tests/phpunit/tests/meta/query.php" line="155" assertions="1" time="0.032544"/>
        <testcase name="test_parse_query_vars" class="Tests_Meta_Query" classname="Tests_Meta_Query" file="/home/meng/Desktop/wptest/wordpress-develop/tests/phpunit/tests/meta/query.php" line="173" assertions="3" time="0.032994"/>
        <testcase name="test_get_cast_for_type" class="Tests_Meta_Query" classname="Tests_Meta_Query" file="/home/meng/Desktop/wptest/wordpress-develop/tests/phpunit/tests/meta/query.php" line="227" assertions="26" time="0.033433"/>
        <testcase name="test_sanitize_query_single_query" class="Tests_Meta_Query" classname="Tests_Meta_Query" file="/home/meng/Desktop/wptest/wordpress-develop/tests/phpunit/tests/meta/query.php" line="258" assertions="1" time="0.033538"/>
        <testcase name="test_sanitize_query_multiple_first_order_queries_relation_default" class="Tests_Meta_Query" classname="Tests_Meta_Query" file="/home/meng/Desktop/wptest/wordpress-develop/tests/phpunit/tests/meta/query.php" line="280" assertions="1" time="0.032645"/>
        <testcase name="test_sanitize_query_multiple_first_order_queries_relation_or" class="Tests_Meta_Query" classname="Tests_Meta_Query" file="/home/meng/Desktop/wptest/wordpress-develop/tests/phpunit/tests/meta/query.php" line="310" assertions="1" time="0.034552"/>
        <testcase name="test_sanitize_query_multiple_first_order_queries_relation_or_lowercase" class="Tests_Meta_Query" classname="Tests_Meta_Query" file="/home/meng/Desktop/wptest/wordpress-develop/tests/phpunit/tests/meta/query.php" line="341" assertions="1" time="0.031308"/>
        <testcase name="test_sanitize_query_multiple_first_order_queries_invalid_relation" class="Tests_Meta_Query" classname="Tests_Meta_Query" file="/home/meng/Desktop/wptest/wordpress-develop/tests/phpunit/tests/meta/query.php" line="372" assertions="1" time="0.031629"/>
        <testcase name="test_sanitize_query_single_query_which_is_a_nested_query" class="Tests_Meta_Query" classname="Tests_Meta_Query" file="/home/meng/Desktop/wptest/wordpress-develop/tests/phpunit/tests/meta/query.php" line="403" assertions="1" time="0.032385"/>
        <testcase name="test_sanitize_query_multiple_nested_queries" class="Tests_Meta_Query" classname="Tests_Meta_Query" file="/home/meng/Desktop/wptest/wordpress-develop/tests/phpunit/tests/meta/query.php" line="438" assertions="1" time="0.032874"/>
        <testcase name="test_get_sql_invalid_type" class="Tests_Meta_Query" classname="Tests_Meta_Query" file="/home/meng/Desktop/wptest/wordpress-develop/tests/phpunit/tests/meta/query.php" line="498" assertions="1" time="0.033890"/>
        <testcase name="test_empty_value_sql" class="Tests_Meta_Query" classname="Tests_Meta_Query" file="/home/meng/Desktop/wptest/wordpress-develop/tests/phpunit/tests/meta/query.php" line="506" assertions="1" time="0.032570"/>
        <testcase name="test_null_value_sql" class="Tests_Meta_Query" classname="Tests_Meta_Query" file="/home/meng/Desktop/wptest/wordpress-develop/tests/phpunit/tests/meta/query.php" line="537" assertions="1" time="0.031708"/>
        <testcase name="test_get_sql_key_only_queries" class="Tests_Meta_Query" classname="Tests_Meta_Query" file="/home/meng/Desktop/wptest/wordpress-develop/tests/phpunit/tests/meta/query.php" line="558" assertions="5" time="0.033906"/>
        <testcase name="test_get_sql_trim_key" class="Tests_Meta_Query" classname="Tests_Meta_Query" file="/home/meng/Desktop/wptest/wordpress-develop/tests/phpunit/tests/meta/query.php" line="632" assertions="2" time="0.033377"/>
        <testcase name="test_convert_null_value_to_empty_string" class="Tests_Meta_Query" classname="Tests_Meta_Query" file="/home/meng/Desktop/wptest/wordpress-develop/tests/phpunit/tests/meta/query.php" line="653" assertions="1" time="0.035849"/>
        <testcase name="test_get_sql_convert_lowercase_compare_to_uppercase" class="Tests_Meta_Query" classname="Tests_Meta_Query" file="/home/meng/Desktop/wptest/wordpress-develop/tests/phpunit/tests/meta/query.php" line="670" assertions="1" time="0.033733"/>
        <testcase name="test_get_sql_empty_meta_compare_with_array_value" class="Tests_Meta_Query" classname="Tests_Meta_Query" file="/home/meng/Desktop/wptest/wordpress-develop/tests/phpunit/tests/meta/query.php" line="688" assertions="1" time="0.032460"/>
        <testcase name="test_get_sql_empty_meta_compare_with_non_array_value" class="Tests_Meta_Query" classname="Tests_Meta_Query" file="/home/meng/Desktop/wptest/wordpress-develop/tests/phpunit/tests/meta/query.php" line="705" assertions="1" time="0.033043"/>
        <testcase name="test_get_sql_invalid_meta_compare" class="Tests_Meta_Query" classname="Tests_Meta_Query" file="/home/meng/Desktop/wptest/wordpress-develop/tests/phpunit/tests/meta/query.php" line="722" assertions="1" time="0.033995"/>
        <testcase name="test_meta_type_key_should_be_passed_to_meta_query" class="Tests_Meta_Query" classname="Tests_Meta_Query" file="/home/meng/Desktop/wptest/wordpress-develop/tests/phpunit/tests/meta/query.php" line="745" assertions="2" time="0.112914"/>
        <testcase name="test_get_sql_null_value_and_empty_key_should_not_have_table_join" class="Tests_Meta_Query" classname="Tests_Meta_Query" file="/home/meng/Desktop/wptest/wordpress-develop/tests/phpunit/tests/meta/query.php" line="779" assertions="1" time="0.032497"/>
        <testcase name="test_get_sql_compare_array_comma_separated_values" class="Tests_Meta_Query" classname="Tests_Meta_Query" file="/home/meng/Desktop/wptest/wordpress-develop/tests/phpunit/tests/meta/query.php" line="798" assertions="3" time="0.035086"/>
        <testcase name="test_get_sql_compare_array" class="Tests_Meta_Query" classname="Tests_Meta_Query" file="/home/meng/Desktop/wptest/wordpress-develop/tests/phpunit/tests/meta/query.php" line="847" assertions="1" time="0.034456"/>
        <testcase name="test_get_sql_trim_string_value" class="Tests_Meta_Query" classname="Tests_Meta_Query" file="/home/meng/Desktop/wptest/wordpress-develop/tests/phpunit/tests/meta/query.php" line="868" assertions="1" time="0.034446"/>
        <testcase name="test_not_exists" class="Tests_Meta_Query" classname="Tests_Meta_Query" file="/home/meng/Desktop/wptest/wordpress-develop/tests/phpunit/tests/meta/query.php" line="885" assertions="2" time="0.034028"/>
        <testcase name="test_empty_compare" class="Tests_Meta_Query" classname="Tests_Meta_Query" file="/home/meng/Desktop/wptest/wordpress-develop/tests/phpunit/tests/meta/query.php" line="908" assertions="2" time="0.036979"/>
        <testcase name="test_has_or_relation_should_return_false" class="Tests_Meta_Query" classname="Tests_Meta_Query" file="/home/meng/Desktop/wptest/wordpress-develop/tests/phpunit/tests/meta/query.php" line="936" assertions="1" time="0.034917"/>
        <testcase name="test_has_or_relation_should_return_true_for_top_level_or" class="Tests_Meta_Query" classname="Tests_Meta_Query" file="/home/meng/Desktop/wptest/wordpress-develop/tests/phpunit/tests/meta/query.php" line="964" assertions="1" time="0.035956"/>
        <testcase name="test_has_or_relation_should_return_true_for_nested_or" class="Tests_Meta_Query" classname="Tests_Meta_Query" file="/home/meng/Desktop/wptest/wordpress-develop/tests/phpunit/tests/meta/query.php" line="992" assertions="1" time="0.033552"/>
      </testsuite>
      <testsuite name="Tests_Meta_Register_Meta" file="/home/meng/Desktop/wptest/wordpress-develop/tests/phpunit/tests/meta/registerMeta.php" tests="88" assertions="269" errors="0" failures="0" skipped="0" time="3.244339">
        <testcase name="test_register_meta_back_compat_with_auth_callback_and_no_sanitize_callback_has_old_style_auth_filter" class="Tests_Meta_Register_Meta" classname="Tests_Meta_Register_Meta" file="/home/meng/Desktop/wptest/wordpress-develop/tests/phpunit/tests/meta/registerMeta.php" line="42" assertions="1" time="0.035324"/>
        <testcase name="test_register_meta_back_compat_with_sanitize_callback_and_no_auth_callback_has_old_style_sanitize_filter" class="Tests_Meta_Register_Meta" classname="Tests_Meta_Register_Meta" file="/home/meng/Desktop/wptest/wordpress-develop/tests/phpunit/tests/meta/registerMeta.php" line="51" assertions="1" time="0.034099"/>
        <testcase name="test_register_meta_back_compat_with_auth_and_sanitize_callback_has_old_style_filters" class="Tests_Meta_Register_Meta" classname="Tests_Meta_Register_Meta" file="/home/meng/Desktop/wptest/wordpress-develop/tests/phpunit/tests/meta/registerMeta.php" line="59" assertions="1" time="0.032650"/>
        <testcase name="test_register_meta_with_post_object_type_returns_true" class="Tests_Meta_Register_Meta" classname="Tests_Meta_Register_Meta" file="/home/meng/Desktop/wptest/wordpress-develop/tests/phpunit/tests/meta/registerMeta.php" line="76" assertions="1" time="0.035926"/>
        <testcase name="test_register_meta_with_post_object_type_populates_wp_meta_keys" class="Tests_Meta_Register_Meta" classname="Tests_Meta_Register_Meta" file="/home/meng/Desktop/wptest/wordpress-develop/tests/phpunit/tests/meta/registerMeta.php" line="83" assertions="1" time="0.033754"/>
        <testcase name="test_register_meta_with_term_object_type_populates_wp_meta_keys" class="Tests_Meta_Register_Meta" classname="Tests_Meta_Register_Meta" file="/home/meng/Desktop/wptest/wordpress-develop/tests/phpunit/tests/meta/registerMeta.php" line="108" assertions="1" time="0.032814"/>
        <testcase name="test_register_meta_with_deprecated_sanitize_callback_does_not_populate_wp_meta_keys" class="Tests_Meta_Register_Meta" classname="Tests_Meta_Register_Meta" file="/home/meng/Desktop/wptest/wordpress-develop/tests/phpunit/tests/meta/registerMeta.php" line="132" assertions="1" time="0.037925"/>
        <testcase name="test_register_meta_with_deprecated_sanitize_callback_param_returns_false" class="Tests_Meta_Register_Meta" classname="Tests_Meta_Register_Meta" file="/home/meng/Desktop/wptest/wordpress-develop/tests/phpunit/tests/meta/registerMeta.php" line="143" assertions="1" time="0.033166"/>
        <testcase name="test_register_meta_with_deprecated_sanitize_callback_parameter_passes_through_filter" class="Tests_Meta_Register_Meta" classname="Tests_Meta_Register_Meta" file="/home/meng/Desktop/wptest/wordpress-develop/tests/phpunit/tests/meta/registerMeta.php" line="152" assertions="1" time="0.031831"/>
        <testcase name="test_register_meta_with_current_sanitize_callback_populates_wp_meta_keys" class="Tests_Meta_Register_Meta" classname="Tests_Meta_Register_Meta" file="/home/meng/Desktop/wptest/wordpress-develop/tests/phpunit/tests/meta/registerMeta.php" line="162" assertions="1" time="0.032312"/>
        <testcase name="test_register_meta_with_current_sanitize_callback_returns_true" class="Tests_Meta_Register_Meta" classname="Tests_Meta_Register_Meta" file="/home/meng/Desktop/wptest/wordpress-develop/tests/phpunit/tests/meta/registerMeta.php" line="185" assertions="1" time="0.032950"/>
        <testcase name="test_register_meta_with_new_sanitize_callback_parameter" class="Tests_Meta_Register_Meta" classname="Tests_Meta_Register_Meta" file="/home/meng/Desktop/wptest/wordpress-develop/tests/phpunit/tests/meta/registerMeta.php" line="192" assertions="1" time="0.036495"/>
        <testcase name="test_register_meta_unregistered_meta_key_removes_sanitize_filter" class="Tests_Meta_Register_Meta" classname="Tests_Meta_Register_Meta" file="/home/meng/Desktop/wptest/wordpress-develop/tests/phpunit/tests/meta/registerMeta.php" line="201" assertions="1" time="0.032589"/>
        <testcase name="test_register_meta_unregistered_meta_key_removes_auth_filter" class="Tests_Meta_Register_Meta" classname="Tests_Meta_Register_Meta" file="/home/meng/Desktop/wptest/wordpress-develop/tests/phpunit/tests/meta/registerMeta.php" line="210" assertions="1" time="0.033649"/>
        <testcase name="test_unregister_meta_key_clears_key_from_wp_meta_keys" class="Tests_Meta_Register_Meta" classname="Tests_Meta_Register_Meta" file="/home/meng/Desktop/wptest/wordpress-develop/tests/phpunit/tests/meta/registerMeta.php" line="219" assertions="1" time="0.032488"/>
        <testcase name="test_unregister_meta_key_with_invalid_key_returns_false" class="Tests_Meta_Register_Meta" classname="Tests_Meta_Register_Meta" file="/home/meng/Desktop/wptest/wordpress-develop/tests/phpunit/tests/meta/registerMeta.php" line="227" assertions="1" time="0.036940"/>
        <testcase name="test_get_registered_meta_keys" class="Tests_Meta_Register_Meta" classname="Tests_Meta_Register_Meta" file="/home/meng/Desktop/wptest/wordpress-develop/tests/phpunit/tests/meta/registerMeta.php" line="231" assertions="2" time="0.032434"/>
        <testcase name="test_get_registered_meta_keys_with_invalid_type_is_empty" class="Tests_Meta_Register_Meta" classname="Tests_Meta_Register_Meta" file="/home/meng/Desktop/wptest/wordpress-develop/tests/phpunit/tests/meta/registerMeta.php" line="244" assertions="1" time="0.033462"/>
        <testcase name="test_get_registered_meta_keys_description_arg" class="Tests_Meta_Register_Meta" classname="Tests_Meta_Register_Meta" file="/home/meng/Desktop/wptest/wordpress-develop/tests/phpunit/tests/meta/registerMeta.php" line="256" assertions="1" time="0.032743"/>
        <testcase name="test_get_registered_meta_keys_invalid_arg" class="Tests_Meta_Register_Meta" classname="Tests_Meta_Register_Meta" file="/home/meng/Desktop/wptest/wordpress-develop/tests/phpunit/tests/meta/registerMeta.php" line="266" assertions="1" time="0.033674"/>
        <testcase name="test_get_registered_metadata" class="Tests_Meta_Register_Meta" classname="Tests_Meta_Register_Meta" file="/home/meng/Desktop/wptest/wordpress-develop/tests/phpunit/tests/meta/registerMeta.php" line="276" assertions="1" time="0.036802"/>
        <testcase name="test_get_registered_metadata_by_key" class="Tests_Meta_Register_Meta" classname="Tests_Meta_Register_Meta" file="/home/meng/Desktop/wptest/wordpress-develop/tests/phpunit/tests/meta/registerMeta.php" line="287" assertions="1" time="0.039633"/>
        <testcase name="test_get_registered_metadata_by_key_single" class="Tests_Meta_Register_Meta" classname="Tests_Meta_Register_Meta" file="/home/meng/Desktop/wptest/wordpress-develop/tests/phpunit/tests/meta/registerMeta.php" line="298" assertions="1" time="0.037086"/>
        <testcase name="test_get_registered_metadata_by_invalid_key" class="Tests_Meta_Register_Meta" classname="Tests_Meta_Register_Meta" file="/home/meng/Desktop/wptest/wordpress-develop/tests/phpunit/tests/meta/registerMeta.php" line="309" assertions="1" time="0.036760"/>
        <testcase name="test_get_registered_metadata_invalid_object_type_returns_empty_array" class="Tests_Meta_Register_Meta" classname="Tests_Meta_Register_Meta" file="/home/meng/Desktop/wptest/wordpress-develop/tests/phpunit/tests/meta/registerMeta.php" line="320" assertions="1" time="0.032710"/>
        <testsuite name="Tests_Meta_Register_Meta::test_register_meta_with_subtype_populates_wp_meta_keys" tests="4" assertions="4" errors="0" failures="0" skipped="0" time="0.134243">
          <testcase name="test_register_meta_with_subtype_populates_wp_meta_keys with data set #0" class="Tests_Meta_Register_Meta" classname="Tests_Meta_Register_Meta" file="/home/meng/Desktop/wptest/wordpress-develop/tests/phpunit/tests/meta/registerMeta.php" line="330" assertions="1" time="0.034223"/>
          <testcase name="test_register_meta_with_subtype_populates_wp_meta_keys with data set #1" class="Tests_Meta_Register_Meta" classname="Tests_Meta_Register_Meta" file="/home/meng/Desktop/wptest/wordpress-develop/tests/phpunit/tests/meta/registerMeta.php" line="330" assertions="1" time="0.033038"/>
          <testcase name="test_register_meta_with_subtype_populates_wp_meta_keys with data set #2" class="Tests_Meta_Register_Meta" classname="Tests_Meta_Register_Meta" file="/home/meng/Desktop/wptest/wordpress-develop/tests/phpunit/tests/meta/registerMeta.php" line="330" assertions="1" time="0.031777"/>
          <testcase name="test_register_meta_with_subtype_populates_wp_meta_keys with data set #3" class="Tests_Meta_Register_Meta" classname="Tests_Meta_Register_Meta" file="/home/meng/Desktop/wptest/wordpress-develop/tests/phpunit/tests/meta/registerMeta.php" line="330" assertions="1" time="0.035205"/>
        </testsuite>
        <testsuite name="Tests_Meta_Register_Meta::test_unregister_meta_with_subtype_unpopulates_wp_meta_keys" tests="4" assertions="4" errors="0" failures="0" skipped="0" time="0.132470">
          <testcase name="test_unregister_meta_with_subtype_unpopulates_wp_meta_keys with data set #0" class="Tests_Meta_Register_Meta" classname="Tests_Meta_Register_Meta" file="/home/meng/Desktop/wptest/wordpress-develop/tests/phpunit/tests/meta/registerMeta.php" line="362" assertions="1" time="0.033254"/>
          <testcase name="test_unregister_meta_with_subtype_unpopulates_wp_meta_keys with data set #1" class="Tests_Meta_Register_Meta" classname="Tests_Meta_Register_Meta" file="/home/meng/Desktop/wptest/wordpress-develop/tests/phpunit/tests/meta/registerMeta.php" line="362" assertions="1" time="0.032059"/>
          <testcase name="test_unregister_meta_with_subtype_unpopulates_wp_meta_keys with data set #2" class="Tests_Meta_Register_Meta" classname="Tests_Meta_Register_Meta" file="/home/meng/Desktop/wptest/wordpress-develop/tests/phpunit/tests/meta/registerMeta.php" line="362" assertions="1" time="0.033671"/>
          <testcase name="test_unregister_meta_with_subtype_unpopulates_wp_meta_keys with data set #3" class="Tests_Meta_Register_Meta" classname="Tests_Meta_Register_Meta" file="/home/meng/Desktop/wptest/wordpress-develop/tests/phpunit/tests/meta/registerMeta.php" line="362" assertions="1" time="0.033486"/>
        </testsuite>
        <testsuite name="Tests_Meta_Register_Meta::test_unregister_meta_without_subtype_keeps_subtype_meta_key" tests="4" assertions="4" errors="0" failures="0" skipped="0" time="0.139095">
          <testcase name="test_unregister_meta_without_subtype_keeps_subtype_meta_key with data set #0" class="Tests_Meta_Register_Meta" classname="Tests_Meta_Register_Meta" file="/home/meng/Desktop/wptest/wordpress-develop/tests/phpunit/tests/meta/registerMeta.php" line="380" assertions="1" time="0.032731"/>
          <testcase name="test_unregister_meta_without_subtype_keeps_subtype_meta_key with data set #1" class="Tests_Meta_Register_Meta" classname="Tests_Meta_Register_Meta" file="/home/meng/Desktop/wptest/wordpress-develop/tests/phpunit/tests/meta/registerMeta.php" line="380" assertions="1" time="0.035599"/>
          <testcase name="test_unregister_meta_without_subtype_keeps_subtype_meta_key with data set #2" class="Tests_Meta_Register_Meta" classname="Tests_Meta_Register_Meta" file="/home/meng/Desktop/wptest/wordpress-develop/tests/phpunit/tests/meta/registerMeta.php" line="380" assertions="1" time="0.036893"/>
          <testcase name="test_unregister_meta_without_subtype_keeps_subtype_meta_key with data set #3" class="Tests_Meta_Register_Meta" classname="Tests_Meta_Register_Meta" file="/home/meng/Desktop/wptest/wordpress-develop/tests/phpunit/tests/meta/registerMeta.php" line="380" assertions="1" time="0.033872"/>
        </testsuite>
        <testsuite name="Tests_Meta_Register_Meta::test_get_registered_meta_keys_with_subtype" tests="4" assertions="12" errors="0" failures="0" skipped="0" time="0.132310">
          <testcase name="test_get_registered_meta_keys_with_subtype with data set #0" class="Tests_Meta_Register_Meta" classname="Tests_Meta_Register_Meta" file="/home/meng/Desktop/wptest/wordpress-develop/tests/phpunit/tests/meta/registerMeta.php" line="415" assertions="3" time="0.032536"/>
          <testcase name="test_get_registered_meta_keys_with_subtype with data set #1" class="Tests_Meta_Register_Meta" classname="Tests_Meta_Register_Meta" file="/home/meng/Desktop/wptest/wordpress-develop/tests/phpunit/tests/meta/registerMeta.php" line="415" assertions="3" time="0.032385"/>
          <testcase name="test_get_registered_meta_keys_with_subtype with data set #2" class="Tests_Meta_Register_Meta" classname="Tests_Meta_Register_Meta" file="/home/meng/Desktop/wptest/wordpress-develop/tests/phpunit/tests/meta/registerMeta.php" line="415" assertions="3" time="0.033250"/>
          <testcase name="test_get_registered_meta_keys_with_subtype with data set #3" class="Tests_Meta_Register_Meta" classname="Tests_Meta_Register_Meta" file="/home/meng/Desktop/wptest/wordpress-develop/tests/phpunit/tests/meta/registerMeta.php" line="415" assertions="3" time="0.034139"/>
        </testsuite>
        <testsuite name="Tests_Meta_Register_Meta::test_get_registered_metadata_with_subtype" tests="4" assertions="24" errors="0" failures="0" skipped="0" time="0.162577">
          <testcase name="test_get_registered_metadata_with_subtype with data set #0" class="Tests_Meta_Register_Meta" classname="Tests_Meta_Register_Meta" file="/home/meng/Desktop/wptest/wordpress-develop/tests/phpunit/tests/meta/registerMeta.php" line="430" assertions="6" time="0.038933"/>
          <testcase name="test_get_registered_metadata_with_subtype with data set #1" class="Tests_Meta_Register_Meta" classname="Tests_Meta_Register_Meta" file="/home/meng/Desktop/wptest/wordpress-develop/tests/phpunit/tests/meta/registerMeta.php" line="430" assertions="6" time="0.043385"/>
          <testcase name="test_get_registered_metadata_with_subtype with data set #2" class="Tests_Meta_Register_Meta" classname="Tests_Meta_Register_Meta" file="/home/meng/Desktop/wptest/wordpress-develop/tests/phpunit/tests/meta/registerMeta.php" line="430" assertions="6" time="0.038700"/>
          <testcase name="test_get_registered_metadata_with_subtype with data set #3" class="Tests_Meta_Register_Meta" classname="Tests_Meta_Register_Meta" file="/home/meng/Desktop/wptest/wordpress-develop/tests/phpunit/tests/meta/registerMeta.php" line="430" assertions="6" time="0.041559"/>
        </testsuite>
        <testsuite name="Tests_Meta_Register_Meta::test_get_object_subtype" tests="4" assertions="4" errors="0" failures="0" skipped="0" time="0.133879">
          <testcase name="test_get_object_subtype with data set #0" class="Tests_Meta_Register_Meta" classname="Tests_Meta_Register_Meta" file="/home/meng/Desktop/wptest/wordpress-develop/tests/phpunit/tests/meta/registerMeta.php" line="487" assertions="1" time="0.033558"/>
          <testcase name="test_get_object_subtype with data set #1" class="Tests_Meta_Register_Meta" classname="Tests_Meta_Register_Meta" file="/home/meng/Desktop/wptest/wordpress-develop/tests/phpunit/tests/meta/registerMeta.php" line="487" assertions="1" time="0.034050"/>
          <testcase name="test_get_object_subtype with data set #2" class="Tests_Meta_Register_Meta" classname="Tests_Meta_Register_Meta" file="/home/meng/Desktop/wptest/wordpress-develop/tests/phpunit/tests/meta/registerMeta.php" line="487" assertions="1" time="0.033027"/>
          <testcase name="test_get_object_subtype with data set #3" class="Tests_Meta_Register_Meta" classname="Tests_Meta_Register_Meta" file="/home/meng/Desktop/wptest/wordpress-develop/tests/phpunit/tests/meta/registerMeta.php" line="487" assertions="1" time="0.033244"/>
        </testsuite>
        <testcase name="test_get_object_subtype_custom" class="Tests_Meta_Register_Meta" classname="Tests_Meta_Register_Meta" file="/home/meng/Desktop/wptest/wordpress-develop/tests/phpunit/tests/meta/registerMeta.php" line="497" assertions="2" time="0.032198"/>
        <testsuite name="Tests_Meta_Register_Meta::test_get_default_value" tests="25" assertions="150" errors="0" failures="0" skipped="0" time="1.074207">
          <testcase name="test_get_default_value with data set &quot;single string key with single ask &quot;" class="Tests_Meta_Register_Meta" classname="Tests_Meta_Register_Meta" file="/home/meng/Desktop/wptest/wordpress-develop/tests/phpunit/tests/meta/registerMeta.php" line="511" assertions="6" time="0.041950"/>
          <testcase name="test_get_default_value with data set &quot;single string key with multiple ask&quot;" class="Tests_Meta_Register_Meta" classname="Tests_Meta_Register_Meta" file="/home/meng/Desktop/wptest/wordpress-develop/tests/phpunit/tests/meta/registerMeta.php" line="511" assertions="6" time="0.045390"/>
          <testcase name="test_get_default_value with data set &quot;multiple string key with single ask&quot;" class="Tests_Meta_Register_Meta" classname="Tests_Meta_Register_Meta" file="/home/meng/Desktop/wptest/wordpress-develop/tests/phpunit/tests/meta/registerMeta.php" line="511" assertions="6" time="0.045577"/>
          <testcase name="test_get_default_value with data set &quot;multiple string key with multiple ask&quot;" class="Tests_Meta_Register_Meta" classname="Tests_Meta_Register_Meta" file="/home/meng/Desktop/wptest/wordpress-develop/tests/phpunit/tests/meta/registerMeta.php" line="511" assertions="6" time="0.043070"/>
          <testcase name="test_get_default_value with data set &quot;single array key with multiple ask&quot;" class="Tests_Meta_Register_Meta" classname="Tests_Meta_Register_Meta" file="/home/meng/Desktop/wptest/wordpress-develop/tests/phpunit/tests/meta/registerMeta.php" line="511" assertions="6" time="0.042758"/>
          <testcase name="test_get_default_value with data set &quot;single string key with single ask for sub type&quot;" class="Tests_Meta_Register_Meta" classname="Tests_Meta_Register_Meta" file="/home/meng/Desktop/wptest/wordpress-develop/tests/phpunit/tests/meta/registerMeta.php" line="511" assertions="6" time="0.042074"/>
          <testcase name="test_get_default_value with data set &quot;single string key with multiple ask for sub type&quot;" class="Tests_Meta_Register_Meta" classname="Tests_Meta_Register_Meta" file="/home/meng/Desktop/wptest/wordpress-develop/tests/phpunit/tests/meta/registerMeta.php" line="511" assertions="6" time="0.043648"/>
          <testcase name="test_get_default_value with data set &quot;single array key with multiple ask for sub type&quot;" class="Tests_Meta_Register_Meta" classname="Tests_Meta_Register_Meta" file="/home/meng/Desktop/wptest/wordpress-develop/tests/phpunit/tests/meta/registerMeta.php" line="511" assertions="6" time="0.045456"/>
          <testcase name="test_get_default_value with data set &quot;single object key with single ask&quot;" class="Tests_Meta_Register_Meta" classname="Tests_Meta_Register_Meta" file="/home/meng/Desktop/wptest/wordpress-develop/tests/phpunit/tests/meta/registerMeta.php" line="511" assertions="6" time="0.042103"/>
          <testcase name="test_get_default_value with data set &quot;single object key with multiple ask&quot;" class="Tests_Meta_Register_Meta" classname="Tests_Meta_Register_Meta" file="/home/meng/Desktop/wptest/wordpress-develop/tests/phpunit/tests/meta/registerMeta.php" line="511" assertions="6" time="0.043090"/>
          <testcase name="test_get_default_value with data set &quot;multiple object key with single ask&quot;" class="Tests_Meta_Register_Meta" classname="Tests_Meta_Register_Meta" file="/home/meng/Desktop/wptest/wordpress-develop/tests/phpunit/tests/meta/registerMeta.php" line="511" assertions="6" time="0.043392"/>
          <testcase name="test_get_default_value with data set &quot;multiple object key with multiple ask&quot;" class="Tests_Meta_Register_Meta" classname="Tests_Meta_Register_Meta" file="/home/meng/Desktop/wptest/wordpress-develop/tests/phpunit/tests/meta/registerMeta.php" line="511" assertions="6" time="0.041983"/>
          <testcase name="test_get_default_value with data set &quot;single array key with multiple ask part two&quot;" class="Tests_Meta_Register_Meta" classname="Tests_Meta_Register_Meta" file="/home/meng/Desktop/wptest/wordpress-develop/tests/phpunit/tests/meta/registerMeta.php" line="511" assertions="6" time="0.044288"/>
          <testcase name="test_get_default_value with data set &quot;multiple array with multiple ask&quot;" class="Tests_Meta_Register_Meta" classname="Tests_Meta_Register_Meta" file="/home/meng/Desktop/wptest/wordpress-develop/tests/phpunit/tests/meta/registerMeta.php" line="511" assertions="6" time="0.041808"/>
          <testcase name="test_get_default_value with data set &quot;single array with single ask&quot;" class="Tests_Meta_Register_Meta" classname="Tests_Meta_Register_Meta" file="/home/meng/Desktop/wptest/wordpress-develop/tests/phpunit/tests/meta/registerMeta.php" line="511" assertions="6" time="0.040945"/>
          <testcase name="test_get_default_value with data set &quot;multiple array with single ask&quot;" class="Tests_Meta_Register_Meta" classname="Tests_Meta_Register_Meta" file="/home/meng/Desktop/wptest/wordpress-develop/tests/phpunit/tests/meta/registerMeta.php" line="511" assertions="6" time="0.041707"/>
          <testcase name="test_get_default_value with data set &quot;single boolean with single ask&quot;" class="Tests_Meta_Register_Meta" classname="Tests_Meta_Register_Meta" file="/home/meng/Desktop/wptest/wordpress-develop/tests/phpunit/tests/meta/registerMeta.php" line="511" assertions="6" time="0.041768"/>
          <testcase name="test_get_default_value with data set &quot;multiple boolean with single ask&quot;" class="Tests_Meta_Register_Meta" classname="Tests_Meta_Register_Meta" file="/home/meng/Desktop/wptest/wordpress-develop/tests/phpunit/tests/meta/registerMeta.php" line="511" assertions="6" time="0.042664"/>
          <testcase name="test_get_default_value with data set &quot;single boolean with multiple ask&quot;" class="Tests_Meta_Register_Meta" classname="Tests_Meta_Register_Meta" file="/home/meng/Desktop/wptest/wordpress-develop/tests/phpunit/tests/meta/registerMeta.php" line="511" assertions="6" time="0.042252"/>
          <testcase name="test_get_default_value with data set &quot;multiple boolean with multiple ask&quot;" class="Tests_Meta_Register_Meta" classname="Tests_Meta_Register_Meta" file="/home/meng/Desktop/wptest/wordpress-develop/tests/phpunit/tests/meta/registerMeta.php" line="511" assertions="6" time="0.042489"/>
          <testcase name="test_get_default_value with data set &quot;single integer with single ask&quot;" class="Tests_Meta_Register_Meta" classname="Tests_Meta_Register_Meta" file="/home/meng/Desktop/wptest/wordpress-develop/tests/phpunit/tests/meta/registerMeta.php" line="511" assertions="6" time="0.041557"/>
          <testcase name="test_get_default_value with data set &quot;multiple integer with single ask&quot;" class="Tests_Meta_Register_Meta" classname="Tests_Meta_Register_Meta" file="/home/meng/Desktop/wptest/wordpress-develop/tests/phpunit/tests/meta/registerMeta.php" line="511" assertions="6" time="0.043483"/>
          <testcase name="test_get_default_value with data set &quot;single integer with multiple ask&quot;" class="Tests_Meta_Register_Meta" classname="Tests_Meta_Register_Meta" file="/home/meng/Desktop/wptest/wordpress-develop/tests/phpunit/tests/meta/registerMeta.php" line="511" assertions="6" time="0.044414"/>
          <testcase name="test_get_default_value with data set &quot;multiple integer with multiple ask&quot;" class="Tests_Meta_Register_Meta" classname="Tests_Meta_Register_Meta" file="/home/meng/Desktop/wptest/wordpress-develop/tests/phpunit/tests/meta/registerMeta.php" line="511" assertions="6" time="0.042522"/>
          <testcase name="test_get_default_value with data set &quot;single array of objects with multiple ask&quot;" class="Tests_Meta_Register_Meta" classname="Tests_Meta_Register_Meta" file="/home/meng/Desktop/wptest/wordpress-develop/tests/phpunit/tests/meta/registerMeta.php" line="511" assertions="6" time="0.043819"/>
        </testsuite>
        <testsuite name="Tests_Meta_Register_Meta::test_get_invalid_default_value" tests="13" assertions="39" errors="0" failures="0" skipped="0" time="0.443145">
          <testcase name="test_get_invalid_default_value with data set #0" class="Tests_Meta_Register_Meta" classname="Tests_Meta_Register_Meta" file="/home/meng/Desktop/wptest/wordpress-develop/tests/phpunit/tests/meta/registerMeta.php" line="556" assertions="3" time="0.032391"/>
          <testcase name="test_get_invalid_default_value with data set #1" class="Tests_Meta_Register_Meta" classname="Tests_Meta_Register_Meta" file="/home/meng/Desktop/wptest/wordpress-develop/tests/phpunit/tests/meta/registerMeta.php" line="556" assertions="3" time="0.033804"/>
          <testcase name="test_get_invalid_default_value with data set #2" class="Tests_Meta_Register_Meta" classname="Tests_Meta_Register_Meta" file="/home/meng/Desktop/wptest/wordpress-develop/tests/phpunit/tests/meta/registerMeta.php" line="556" assertions="3" time="0.033338"/>
          <testcase name="test_get_invalid_default_value with data set #3" class="Tests_Meta_Register_Meta" classname="Tests_Meta_Register_Meta" file="/home/meng/Desktop/wptest/wordpress-develop/tests/phpunit/tests/meta/registerMeta.php" line="556" assertions="3" time="0.033486"/>
          <testcase name="test_get_invalid_default_value with data set #4" class="Tests_Meta_Register_Meta" classname="Tests_Meta_Register_Meta" file="/home/meng/Desktop/wptest/wordpress-develop/tests/phpunit/tests/meta/registerMeta.php" line="556" assertions="3" time="0.032240"/>
          <testcase name="test_get_invalid_default_value with data set #5" class="Tests_Meta_Register_Meta" classname="Tests_Meta_Register_Meta" file="/home/meng/Desktop/wptest/wordpress-develop/tests/phpunit/tests/meta/registerMeta.php" line="556" assertions="3" time="0.033857"/>
          <testcase name="test_get_invalid_default_value with data set #6" class="Tests_Meta_Register_Meta" classname="Tests_Meta_Register_Meta" file="/home/meng/Desktop/wptest/wordpress-develop/tests/phpunit/tests/meta/registerMeta.php" line="556" assertions="3" time="0.037389"/>
          <testcase name="test_get_invalid_default_value with data set #7" class="Tests_Meta_Register_Meta" classname="Tests_Meta_Register_Meta" file="/home/meng/Desktop/wptest/wordpress-develop/tests/phpunit/tests/meta/registerMeta.php" line="556" assertions="3" time="0.033748"/>
          <testcase name="test_get_invalid_default_value with data set #8" class="Tests_Meta_Register_Meta" classname="Tests_Meta_Register_Meta" file="/home/meng/Desktop/wptest/wordpress-develop/tests/phpunit/tests/meta/registerMeta.php" line="556" assertions="3" time="0.032592"/>
          <testcase name="test_get_invalid_default_value with data set #9" class="Tests_Meta_Register_Meta" classname="Tests_Meta_Register_Meta" file="/home/meng/Desktop/wptest/wordpress-develop/tests/phpunit/tests/meta/registerMeta.php" line="556" assertions="3" time="0.036857"/>
          <testcase name="test_get_invalid_default_value with data set #10" class="Tests_Meta_Register_Meta" classname="Tests_Meta_Register_Meta" file="/home/meng/Desktop/wptest/wordpress-develop/tests/phpunit/tests/meta/registerMeta.php" line="556" assertions="3" time="0.034181"/>
          <testcase name="test_get_invalid_default_value with data set #11" class="Tests_Meta_Register_Meta" classname="Tests_Meta_Register_Meta" file="/home/meng/Desktop/wptest/wordpress-develop/tests/phpunit/tests/meta/registerMeta.php" line="556" assertions="3" time="0.035739"/>
          <testcase name="test_get_invalid_default_value with data set #12" class="Tests_Meta_Register_Meta" classname="Tests_Meta_Register_Meta" file="/home/meng/Desktop/wptest/wordpress-develop/tests/phpunit/tests/meta/registerMeta.php" line="556" assertions="3" time="0.033523"/>
        </testsuite>
      </testsuite>
      <testsuite name="Tests_Meta_Slashes" file="/home/meng/Desktop/wptest/wordpress-develop/tests/phpunit/tests/meta/slashes.php" tests="7" assertions="37" errors="0" failures="0" skipped="0" time="0.445812">
        <testcase name="test_edit_post" class="Tests_Meta_Slashes" classname="Tests_Meta_Slashes" file="/home/meng/Desktop/wptest/wordpress-develop/tests/phpunit/tests/meta/slashes.php" line="38" assertions="7" time="0.148698"/>
        <testcase name="test_add_post_meta" class="Tests_Meta_Slashes" classname="Tests_Meta_Slashes" file="/home/meng/Desktop/wptest/wordpress-develop/tests/phpunit/tests/meta/slashes.php" line="115" assertions="3" time="0.043812"/>
        <testcase name="test_update_post_meta" class="Tests_Meta_Slashes" classname="Tests_Meta_Slashes" file="/home/meng/Desktop/wptest/wordpress-develop/tests/phpunit/tests/meta/slashes.php" line="130" assertions="3" time="0.049337"/>
        <testcase name="test_add_comment_meta" class="Tests_Meta_Slashes" classname="Tests_Meta_Slashes" file="/home/meng/Desktop/wptest/wordpress-develop/tests/phpunit/tests/meta/slashes.php" line="145" assertions="6" time="0.044053"/>
        <testcase name="test_update_comment_meta" class="Tests_Meta_Slashes" classname="Tests_Meta_Slashes" file="/home/meng/Desktop/wptest/wordpress-develop/tests/phpunit/tests/meta/slashes.php" line="168" assertions="6" time="0.054563"/>
        <testcase name="test_add_user_meta" class="Tests_Meta_Slashes" classname="Tests_Meta_Slashes" file="/home/meng/Desktop/wptest/wordpress-develop/tests/phpunit/tests/meta/slashes.php" line="195" assertions="6" time="0.048142"/>
        <testcase name="test_update_user_meta" class="Tests_Meta_Slashes" classname="Tests_Meta_Slashes" file="/home/meng/Desktop/wptest/wordpress-develop/tests/phpunit/tests/meta/slashes.php" line="218" assertions="6" time="0.057207"/>
      </testsuite>
      <testsuite name="Tests_Meta_UpdateMetadata" file="/home/meng/Desktop/wptest/wordpress-develop/tests/phpunit/tests/meta/updateMetadata.php" tests="2" assertions="2" errors="0" failures="0" skipped="0" time="0.077060">
        <testcase name="test_slashed_key_for_new_metadata" class="Tests_Meta_UpdateMetadata" classname="Tests_Meta_UpdateMetadata" file="/home/meng/Desktop/wptest/wordpress-develop/tests/phpunit/tests/meta/updateMetadata.php" line="11" assertions="1" time="0.037650"/>
        <testcase name="test_slashed_key_for_existing_metadata" class="Tests_Meta_UpdateMetadata" classname="Tests_Meta_UpdateMetadata" file="/home/meng/Desktop/wptest/wordpress-develop/tests/phpunit/tests/meta/updateMetadata.php" line="21" assertions="1" time="0.039410"/>
      </testsuite>
      <testsuite name="Tests_WP_Embed" file="/home/meng/Desktop/wptest/wordpress-develop/tests/phpunit/tests/oembed/WpEmbed.php" tests="24" assertions="42" errors="0" failures="0" skipped="0" time="1.256558">
        <testcase name="test_maybe_run_ajax_cache_should_return_nothing_if_there_is_no_post" class="Tests_WP_Embed" classname="Tests_WP_Embed" file="/home/meng/Desktop/wptest/wordpress-develop/tests/phpunit/tests/oembed/WpEmbed.php" line="25" assertions="1" time="0.033580"/>
        <testcase name="test_maybe_run_ajax_cache_should_return_nothing_if_there_is_no_message" class="Tests_WP_Embed" classname="Tests_WP_Embed" file="/home/meng/Desktop/wptest/wordpress-develop/tests/phpunit/tests/oembed/WpEmbed.php" line="30" assertions="1" time="0.059015"/>
        <testcase name="test_maybe_run_ajax_cache_should_return_javascript" class="Tests_WP_Embed" classname="Tests_WP_Embed" file="/home/meng/Desktop/wptest/wordpress-develop/tests/phpunit/tests/oembed/WpEmbed.php" line="43" assertions="1" time="0.058056"/>
        <testcase name="test_wp_maybe_load_embeds" class="Tests_WP_Embed" classname="Tests_WP_Embed" file="/home/meng/Desktop/wptest/wordpress-develop/tests/phpunit/tests/oembed/WpEmbed.php" line="60" assertions="3" time="0.033082"/>
        <testcase name="test_wp_embed_register_handler" class="Tests_WP_Embed" classname="Tests_WP_Embed" file="/home/meng/Desktop/wptest/wordpress-develop/tests/phpunit/tests/oembed/WpEmbed.php" line="77" assertions="1" time="0.031886"/>
        <testcase name="test_wp_embed_unregister_handler" class="Tests_WP_Embed" classname="Tests_WP_Embed" file="/home/meng/Desktop/wptest/wordpress-develop/tests/phpunit/tests/oembed/WpEmbed.php" line="95" assertions="2" time="0.033467"/>
        <testcase name="test_autoembed_should_do_nothing_without_matching_handler" class="Tests_WP_Embed" classname="Tests_WP_Embed" file="/home/meng/Desktop/wptest/wordpress-develop/tests/phpunit/tests/oembed/WpEmbed.php" line="108" assertions="1" time="0.067669"/>
        <testcase name="test_autoembed_should_return_modified_content" class="Tests_WP_Embed" classname="Tests_WP_Embed" file="/home/meng/Desktop/wptest/wordpress-develop/tests/phpunit/tests/oembed/WpEmbed.php" line="115" assertions="1" time="0.031618"/>
        <testcase name="test_delete_oembed_caches" class="Tests_WP_Embed" classname="Tests_WP_Embed" file="/home/meng/Desktop/wptest/wordpress-develop/tests/phpunit/tests/oembed/WpEmbed.php" line="130" assertions="2" time="0.064567"/>
        <testcase name="test_cache_oembed_invalid_post_type" class="Tests_WP_Embed" classname="Tests_WP_Embed" file="/home/meng/Desktop/wptest/wordpress-develop/tests/phpunit/tests/oembed/WpEmbed.php" line="143" assertions="1" time="0.048645"/>
        <testcase name="test_cache_oembed_empty_content" class="Tests_WP_Embed" classname="Tests_WP_Embed" file="/home/meng/Desktop/wptest/wordpress-develop/tests/phpunit/tests/oembed/WpEmbed.php" line="150" assertions="1" time="0.058997"/>
        <testcase name="test_cache_oembed_for_post" class="Tests_WP_Embed" classname="Tests_WP_Embed" file="/home/meng/Desktop/wptest/wordpress-develop/tests/phpunit/tests/oembed/WpEmbed.php" line="157" assertions="3" time="0.066805"/>
        <testcase name="test_shortcode_should_get_cached_data_from_post_meta_for_known_post" class="Tests_WP_Embed" classname="Tests_WP_Embed" file="/home/meng/Desktop/wptest/wordpress-develop/tests/phpunit/tests/oembed/WpEmbed.php" line="175" assertions="3" time="0.064006"/>
        <testcase name="test_shortcode_should_get_cached_failure_from_post_meta_for_known_post" class="Tests_WP_Embed" classname="Tests_WP_Embed" file="/home/meng/Desktop/wptest/wordpress-develop/tests/phpunit/tests/oembed/WpEmbed.php" line="202" assertions="4" time="0.068488"/>
        <testcase name="test_shortcode_should_cache_data_in_custom_post" class="Tests_WP_Embed" classname="Tests_WP_Embed" file="/home/meng/Desktop/wptest/wordpress-develop/tests/phpunit/tests/oembed/WpEmbed.php" line="237" assertions="4" time="0.061283"/>
        <testcase name="test_shortcode_should_cache_failure_in_custom_post" class="Tests_WP_Embed" classname="Tests_WP_Embed" file="/home/meng/Desktop/wptest/wordpress-develop/tests/phpunit/tests/oembed/WpEmbed.php" line="263" assertions="4" time="0.063816"/>
        <testcase name="test_shortcode_should_update_custom_post" class="Tests_WP_Embed" classname="Tests_WP_Embed" file="/home/meng/Desktop/wptest/wordpress-develop/tests/phpunit/tests/oembed/WpEmbed.php" line="291" assertions="2" time="0.068673"/>
        <testcase name="test_shortcode_should_get_url_from_src_attribute" class="Tests_WP_Embed" classname="Tests_WP_Embed" file="/home/meng/Desktop/wptest/wordpress-develop/tests/phpunit/tests/oembed/WpEmbed.php" line="320" assertions="1" time="0.072741"/>
        <testcase name="test_shortcode_should_return_empty_string_for_missing_url" class="Tests_WP_Embed" classname="Tests_WP_Embed" file="/home/meng/Desktop/wptest/wordpress-develop/tests/phpunit/tests/oembed/WpEmbed.php" line="327" assertions="1" time="0.033156"/>
        <testcase name="test_shortcode_should_make_link_for_unknown_url" class="Tests_WP_Embed" classname="Tests_WP_Embed" file="/home/meng/Desktop/wptest/wordpress-develop/tests/phpunit/tests/oembed/WpEmbed.php" line="331" assertions="1" time="0.065947"/>
        <testcase name="test_run_shortcode_url_only" class="Tests_WP_Embed" classname="Tests_WP_Embed" file="/home/meng/Desktop/wptest/wordpress-develop/tests/phpunit/tests/oembed/WpEmbed.php" line="338" assertions="1" time="0.069038"/>
        <testcase name="test_maybe_make_link" class="Tests_WP_Embed" classname="Tests_WP_Embed" file="/home/meng/Desktop/wptest/wordpress-develop/tests/phpunit/tests/oembed/WpEmbed.php" line="344" assertions="1" time="0.033645"/>
        <testcase name="test_maybe_make_link_return_false_on_fail" class="Tests_WP_Embed" classname="Tests_WP_Embed" file="/home/meng/Desktop/wptest/wordpress-develop/tests/phpunit/tests/oembed/WpEmbed.php" line="351" assertions="1" time="0.032920"/>
        <testcase name="test_maybe_make_link_do_not_link_if_unknown" class="Tests_WP_Embed" classname="Tests_WP_Embed" file="/home/meng/Desktop/wptest/wordpress-develop/tests/phpunit/tests/oembed/WpEmbed.php" line="356" assertions="1" time="0.035458"/>
      </testsuite>
      <testsuite name="Test_oEmbed_Controller" file="/home/meng/Desktop/wptest/wordpress-develop/tests/phpunit/tests/oembed/controller.php" tests="27" assertions="172" errors="0" failures="0" skipped="0" time="2.980130">
        <testcase name="test_wp_oembed_ensure_format" class="Test_oEmbed_Controller" classname="Test_oEmbed_Controller" file="/home/meng/Desktop/wptest/wordpress-develop/tests/phpunit/tests/oembed/controller.php" line="177" assertions="5" time="0.070714"/>
        <testcase name="test_oembed_create_xml" class="Test_oEmbed_Controller" classname="Test_oEmbed_Controller" file="/home/meng/Desktop/wptest/wordpress-develop/tests/phpunit/tests/oembed/controller.php" line="185" assertions="4" time="0.072984"/>
        <testcase name="test_route_availability" class="Test_oEmbed_Controller" classname="Test_oEmbed_Controller" file="/home/meng/Desktop/wptest/wordpress-develop/tests/phpunit/tests/oembed/controller.php" line="242" assertions="11" time="0.073931"/>
        <testcase name="test_request_with_wrong_method" class="Test_oEmbed_Controller" classname="Test_oEmbed_Controller" file="/home/meng/Desktop/wptest/wordpress-develop/tests/phpunit/tests/oembed/controller.php" line="262" assertions="1" time="0.073460"/>
        <testcase name="test_request_without_url_param" class="Test_oEmbed_Controller" classname="Test_oEmbed_Controller" file="/home/meng/Desktop/wptest/wordpress-develop/tests/phpunit/tests/oembed/controller.php" line="271" assertions="2" time="0.071390"/>
        <testcase name="test_request_with_bad_url" class="Test_oEmbed_Controller" classname="Test_oEmbed_Controller" file="/home/meng/Desktop/wptest/wordpress-develop/tests/phpunit/tests/oembed/controller.php" line="281" assertions="1" time="0.077857"/>
        <testcase name="test_request_invalid_format" class="Test_oEmbed_Controller" classname="Test_oEmbed_Controller" file="/home/meng/Desktop/wptest/wordpress-develop/tests/phpunit/tests/oembed/controller.php" line="291" assertions="2" time="0.187916"/>
        <testcase name="test_request_json" class="Test_oEmbed_Controller" classname="Test_oEmbed_Controller" file="/home/meng/Desktop/wptest/wordpress-develop/tests/phpunit/tests/oembed/controller.php" line="305" assertions="18" time="0.170963"/>
        <testcase name="test_request_static_front_page" class="Test_oEmbed_Controller" classname="Test_oEmbed_Controller" file="/home/meng/Desktop/wptest/wordpress-develop/tests/phpunit/tests/oembed/controller.php" line="350" assertions="18" time="0.097253"/>
        <testcase name="test_request_xml" class="Test_oEmbed_Controller" classname="Test_oEmbed_Controller" file="/home/meng/Desktop/wptest/wordpress-develop/tests/phpunit/tests/oembed/controller.php" line="392" assertions="18" time="0.166317"/>
        <testcase name="test_rest_pre_serve_request" class="Test_oEmbed_Controller" classname="Test_oEmbed_Controller" file="/home/meng/Desktop/wptest/wordpress-develop/tests/phpunit/tests/oembed/controller.php" line="462" assertions="1" time="0.161618"/>
        <testcase name="test_rest_pre_serve_request_wrong_format" class="Test_oEmbed_Controller" classname="Test_oEmbed_Controller" file="/home/meng/Desktop/wptest/wordpress-develop/tests/phpunit/tests/oembed/controller.php" line="486" assertions="1" time="0.108936"/>
        <testcase name="test_rest_pre_serve_request_wrong_method" class="Test_oEmbed_Controller" classname="Test_oEmbed_Controller" file="/home/meng/Desktop/wptest/wordpress-develop/tests/phpunit/tests/oembed/controller.php" line="498" assertions="1" time="0.113177"/>
        <testcase name="test_get_oembed_endpoint_url" class="Test_oEmbed_Controller" classname="Test_oEmbed_Controller" file="/home/meng/Desktop/wptest/wordpress-develop/tests/phpunit/tests/oembed/controller.php" line="510" assertions="5" time="0.181785"/>
        <testcase name="test_get_oembed_endpoint_url_pretty_permalinks" class="Test_oEmbed_Controller" classname="Test_oEmbed_Controller" file="/home/meng/Desktop/wptest/wordpress-develop/tests/phpunit/tests/oembed/controller.php" line="523" assertions="4" time="0.106461"/>
        <testcase name="test_proxy_without_permission" class="Test_oEmbed_Controller" classname="Test_oEmbed_Controller" file="/home/meng/Desktop/wptest/wordpress-develop/tests/phpunit/tests/oembed/controller.php" line="539" assertions="3" time="0.080526"/>
        <testcase name="test_proxy_with_invalid_oembed_provider" class="Test_oEmbed_Controller" classname="Test_oEmbed_Controller" file="/home/meng/Desktop/wptest/wordpress-develop/tests/phpunit/tests/oembed/controller.php" line="557" assertions="2" time="0.081919"/>
        <testcase name="test_proxy_with_invalid_type" class="Test_oEmbed_Controller" classname="Test_oEmbed_Controller" file="/home/meng/Desktop/wptest/wordpress-develop/tests/phpunit/tests/oembed/controller.php" line="567" assertions="1" time="0.079170"/>
        <testcase name="test_proxy_with_valid_oembed_provider" class="Test_oEmbed_Controller" classname="Test_oEmbed_Controller" file="/home/meng/Desktop/wptest/wordpress-develop/tests/phpunit/tests/oembed/controller.php" line="576" assertions="12" time="0.092391"/>
        <testcase name="test_proxy_with_classic_embed_provider" class="Test_oEmbed_Controller" classname="Test_oEmbed_Controller" file="/home/meng/Desktop/wptest/wordpress-develop/tests/phpunit/tests/oembed/controller.php" line="617" assertions="8" time="0.106155"/>
        <testcase name="test_proxy_with_invalid_oembed_provider_no_discovery" class="Test_oEmbed_Controller" classname="Test_oEmbed_Controller" file="/home/meng/Desktop/wptest/wordpress-develop/tests/phpunit/tests/oembed/controller.php" line="637" assertions="2" time="0.171535"/>
        <testcase name="test_proxy_with_invalid_oembed_provider_with_default_discover_param" class="Test_oEmbed_Controller" classname="Test_oEmbed_Controller" file="/home/meng/Desktop/wptest/wordpress-develop/tests/phpunit/tests/oembed/controller.php" line="649" assertions="2" time="0.080495"/>
        <testcase name="test_proxy_with_invalid_discover_param" class="Test_oEmbed_Controller" classname="Test_oEmbed_Controller" file="/home/meng/Desktop/wptest/wordpress-develop/tests/phpunit/tests/oembed/controller.php" line="660" assertions="2" time="0.083584"/>
        <testcase name="test_proxy_with_internal_url" class="Test_oEmbed_Controller" classname="Test_oEmbed_Controller" file="/home/meng/Desktop/wptest/wordpress-develop/tests/phpunit/tests/oembed/controller.php" line="676" assertions="17" time="0.184747"/>
        <testcase name="test_proxy_with_static_front_page_url" class="Test_oEmbed_Controller" classname="Test_oEmbed_Controller" file="/home/meng/Desktop/wptest/wordpress-develop/tests/phpunit/tests/oembed/controller.php" line="724" assertions="18" time="0.108841"/>
        <testcase name="test_proxy_filters_result_of_untrusted_oembed_provider" class="Test_oEmbed_Controller" classname="Test_oEmbed_Controller" file="/home/meng/Desktop/wptest/wordpress-develop/tests/phpunit/tests/oembed/controller.php" line="775" assertions="8" time="0.085494"/>
        <testcase name="test_proxy_does_not_filter_result_of_trusted_oembed_provider" class="Test_oEmbed_Controller" classname="Test_oEmbed_Controller" file="/home/meng/Desktop/wptest/wordpress-develop/tests/phpunit/tests/oembed/controller.php" line="798" assertions="5" time="0.090512"/>
      </testsuite>
      <testsuite name="Tests_oEmbed_Discovery" file="/home/meng/Desktop/wptest/wordpress-develop/tests/phpunit/tests/oembed/discovery.php" tests="6" assertions="17" errors="0" failures="0" skipped="0" time="0.368682">
        <testcase name="test_add_oembed_discovery_links_non_singular" class="Tests_oEmbed_Discovery" classname="Tests_oEmbed_Discovery" file="/home/meng/Desktop/wptest/wordpress-develop/tests/phpunit/tests/oembed/discovery.php" line="7" assertions="1" time="0.035421"/>
        <testcase name="test_add_oembed_discovery_links_front_page" class="Tests_oEmbed_Discovery" classname="Tests_oEmbed_Discovery" file="/home/meng/Desktop/wptest/wordpress-develop/tests/phpunit/tests/oembed/discovery.php" line="11" assertions="2" time="0.042517"/>
        <testcase name="test_add_oembed_discovery_links_static_front_page" class="Tests_oEmbed_Discovery" classname="Tests_oEmbed_Discovery" file="/home/meng/Desktop/wptest/wordpress-develop/tests/phpunit/tests/oembed/discovery.php" line="20" assertions="4" time="0.066810"/>
        <testcase name="test_add_oembed_discovery_links_to_post" class="Tests_oEmbed_Discovery" classname="Tests_oEmbed_Discovery" file="/home/meng/Desktop/wptest/wordpress-develop/tests/phpunit/tests/oembed/discovery.php" line="43" assertions="3" time="0.074555"/>
        <testcase name="test_add_oembed_discovery_links_to_page" class="Tests_oEmbed_Discovery" classname="Tests_oEmbed_Discovery" file="/home/meng/Desktop/wptest/wordpress-develop/tests/phpunit/tests/oembed/discovery.php" line="54" assertions="3" time="0.062045"/>
        <testcase name="test_add_oembed_discovery_links_to_attachment" class="Tests_oEmbed_Discovery" classname="Tests_oEmbed_Discovery" file="/home/meng/Desktop/wptest/wordpress-develop/tests/phpunit/tests/oembed/discovery.php" line="69" assertions="4" time="0.087334"/>
      </testsuite>
      <testsuite name="Tests_Filter_oEmbed_Result" file="/home/meng/Desktop/wptest/wordpress-develop/tests/phpunit/tests/oembed/filterResult.php" tests="15" assertions="21" errors="0" failures="0" skipped="0" time="0.559675">
        <testcase name="test_filter_oembed_result_trusted_malicious_iframe" class="Tests_Filter_oEmbed_Result" classname="Tests_Filter_oEmbed_Result" file="/home/meng/Desktop/wptest/wordpress-develop/tests/phpunit/tests/oembed/filterResult.php" line="7" assertions="1" time="0.033120"/>
        <testcase name="test_filter_oembed_result_with_untrusted_provider" class="Tests_Filter_oEmbed_Result" classname="Tests_Filter_oEmbed_Result" file="/home/meng/Desktop/wptest/wordpress-develop/tests/phpunit/tests/oembed/filterResult.php" line="15" assertions="3" time="0.039291"/>
        <testcase name="test_filter_oembed_result_only_one_iframe_is_allowed" class="Tests_Filter_oEmbed_Result" classname="Tests_Filter_oEmbed_Result" file="/home/meng/Desktop/wptest/wordpress-develop/tests/phpunit/tests/oembed/filterResult.php" line="27" assertions="1" time="0.034541"/>
        <testcase name="test_filter_oembed_result_with_newlines" class="Tests_Filter_oEmbed_Result" classname="Tests_Filter_oEmbed_Result" file="/home/meng/Desktop/wptest/wordpress-develop/tests/phpunit/tests/oembed/filterResult.php" line="34" assertions="1" time="0.035447"/>
        <testcase name="test_filter_oembed_result_without_iframe" class="Tests_Filter_oEmbed_Result" classname="Tests_Filter_oEmbed_Result" file="/home/meng/Desktop/wptest/wordpress-develop/tests/phpunit/tests/oembed/filterResult.php" line="47" assertions="2" time="0.037443"/>
        <testcase name="test_filter_oembed_result_secret_param_available" class="Tests_Filter_oEmbed_Result" classname="Tests_Filter_oEmbed_Result" file="/home/meng/Desktop/wptest/wordpress-develop/tests/phpunit/tests/oembed/filterResult.php" line="59" assertions="3" time="0.041898"/>
        <testcase name="test_filter_oembed_result_wrong_type_provided" class="Tests_Filter_oEmbed_Result" classname="Tests_Filter_oEmbed_Result" file="/home/meng/Desktop/wptest/wordpress-develop/tests/phpunit/tests/oembed/filterResult.php" line="71" assertions="1" time="0.036420"/>
        <testcase name="test_filter_oembed_result_invalid_result" class="Tests_Filter_oEmbed_Result" classname="Tests_Filter_oEmbed_Result" file="/home/meng/Desktop/wptest/wordpress-develop/tests/phpunit/tests/oembed/filterResult.php" line="77" assertions="2" time="0.038158"/>
        <testcase name="test_filter_oembed_result_blockquote_adds_style_to_iframe" class="Tests_Filter_oEmbed_Result" classname="Tests_Filter_oEmbed_Result" file="/home/meng/Desktop/wptest/wordpress-develop/tests/phpunit/tests/oembed/filterResult.php" line="82" assertions="1" time="0.038564"/>
        <testcase name="test_filter_oembed_result_allowed_html" class="Tests_Filter_oEmbed_Result" classname="Tests_Filter_oEmbed_Result" file="/home/meng/Desktop/wptest/wordpress-develop/tests/phpunit/tests/oembed/filterResult.php" line="89" assertions="1" time="0.038034"/>
        <testsuite name="Tests_Filter_oEmbed_Result::test_wp_filter_pre_oembed_custom_result" tests="4" assertions="4" errors="0" failures="0" skipped="0" time="0.150382">
          <testcase name="test_wp_filter_pre_oembed_custom_result with data set #0" class="Tests_Filter_oEmbed_Result" classname="Tests_Filter_oEmbed_Result" file="/home/meng/Desktop/wptest/wordpress-develop/tests/phpunit/tests/oembed/filterResult.php" line="120" assertions="1" time="0.038286"/>
          <testcase name="test_wp_filter_pre_oembed_custom_result with data set #1" class="Tests_Filter_oEmbed_Result" classname="Tests_Filter_oEmbed_Result" file="/home/meng/Desktop/wptest/wordpress-develop/tests/phpunit/tests/oembed/filterResult.php" line="120" assertions="1" time="0.036020"/>
          <testcase name="test_wp_filter_pre_oembed_custom_result with data set #2" class="Tests_Filter_oEmbed_Result" classname="Tests_Filter_oEmbed_Result" file="/home/meng/Desktop/wptest/wordpress-develop/tests/phpunit/tests/oembed/filterResult.php" line="120" assertions="1" time="0.037757"/>
          <testcase name="test_wp_filter_pre_oembed_custom_result with data set #3" class="Tests_Filter_oEmbed_Result" classname="Tests_Filter_oEmbed_Result" file="/home/meng/Desktop/wptest/wordpress-develop/tests/phpunit/tests/oembed/filterResult.php" line="120" assertions="1" time="0.038319"/>
        </testsuite>
        <testcase name="test_filter_feed_content" class="Tests_Filter_oEmbed_Result" classname="Tests_Filter_oEmbed_Result" file="/home/meng/Desktop/wptest/wordpress-develop/tests/phpunit/tests/oembed/filterResult.php" line="133" assertions="1" time="0.036376"/>
      </testsuite>
      <testsuite name="Tests_Filter_oEmbed_Iframe_Title_Attribute" file="/home/meng/Desktop/wptest/wordpress-develop/tests/phpunit/tests/oembed/filterTitleAttributes.php" tests="8" assertions="8" errors="0" failures="0" skipped="0" time="0.296860">
        <testsuite name="Tests_Filter_oEmbed_Iframe_Title_Attribute::test_oembed_iframe_title_attribute" tests="6" assertions="6" errors="0" failures="0" skipped="0" time="0.218389">
          <testcase name="test_oembed_iframe_title_attribute with data set #0" class="Tests_Filter_oEmbed_Iframe_Title_Attribute" classname="Tests_Filter_oEmbed_Iframe_Title_Attribute" file="/home/meng/Desktop/wptest/wordpress-develop/tests/phpunit/tests/oembed/filterTitleAttributes.php" line="67" assertions="1" time="0.035093"/>
          <testcase name="test_oembed_iframe_title_attribute with data set #1" class="Tests_Filter_oEmbed_Iframe_Title_Attribute" classname="Tests_Filter_oEmbed_Iframe_Title_Attribute" file="/home/meng/Desktop/wptest/wordpress-develop/tests/phpunit/tests/oembed/filterTitleAttributes.php" line="67" assertions="1" time="0.033766"/>
          <testcase name="test_oembed_iframe_title_attribute with data set #2" class="Tests_Filter_oEmbed_Iframe_Title_Attribute" classname="Tests_Filter_oEmbed_Iframe_Title_Attribute" file="/home/meng/Desktop/wptest/wordpress-develop/tests/phpunit/tests/oembed/filterTitleAttributes.php" line="67" assertions="1" time="0.037760"/>
          <testcase name="test_oembed_iframe_title_attribute with data set #3" class="Tests_Filter_oEmbed_Iframe_Title_Attribute" classname="Tests_Filter_oEmbed_Iframe_Title_Attribute" file="/home/meng/Desktop/wptest/wordpress-develop/tests/phpunit/tests/oembed/filterTitleAttributes.php" line="67" assertions="1" time="0.034242"/>
          <testcase name="test_oembed_iframe_title_attribute with data set #4" class="Tests_Filter_oEmbed_Iframe_Title_Attribute" classname="Tests_Filter_oEmbed_Iframe_Title_Attribute" file="/home/meng/Desktop/wptest/wordpress-develop/tests/phpunit/tests/oembed/filterTitleAttributes.php" line="67" assertions="1" time="0.036949"/>
          <testcase name="test_oembed_iframe_title_attribute with data set #5" class="Tests_Filter_oEmbed_Iframe_Title_Attribute" classname="Tests_Filter_oEmbed_Iframe_Title_Attribute" file="/home/meng/Desktop/wptest/wordpress-develop/tests/phpunit/tests/oembed/filterTitleAttributes.php" line="67" assertions="1" time="0.040579"/>
        </testsuite>
        <testcase name="test_filter_oembed_iframe_title_attribute" class="Tests_Filter_oEmbed_Iframe_Title_Attribute" classname="Tests_Filter_oEmbed_Iframe_Title_Attribute" file="/home/meng/Desktop/wptest/wordpress-develop/tests/phpunit/tests/oembed/filterTitleAttributes.php" line="73" assertions="1" time="0.037979"/>
        <testcase name="test_filter_oembed_iframe_title_attribute_does_not_modify_other_tags" class="Tests_Filter_oEmbed_Iframe_Title_Attribute" classname="Tests_Filter_oEmbed_Iframe_Title_Attribute" file="/home/meng/Desktop/wptest/wordpress-develop/tests/phpunit/tests/oembed/filterTitleAttributes.php" line="90" assertions="1" time="0.040492"/>
      </testsuite>
      <testsuite name="Tests_oEmbed_Response_Data" file="/home/meng/Desktop/wptest/wordpress-develop/tests/phpunit/tests/oembed/getResponseData.php" tests="12" assertions="23" errors="0" failures="0" skipped="0" time="0.838543">
        <testcase name="test_get_oembed_response_data_non_existent_post" class="Tests_oEmbed_Response_Data" classname="Tests_oEmbed_Response_Data" file="/home/meng/Desktop/wptest/wordpress-develop/tests/phpunit/tests/oembed/getResponseData.php" line="7" assertions="1" time="0.034978"/>
        <testcase name="test_get_oembed_response_data" class="Tests_oEmbed_Response_Data" classname="Tests_oEmbed_Response_Data" file="/home/meng/Desktop/wptest/wordpress-develop/tests/phpunit/tests/oembed/getResponseData.php" line="11" assertions="1" time="0.071052"/>
        <testcase name="test_get_oembed_response_data_author" class="Tests_oEmbed_Response_Data" classname="Tests_oEmbed_Response_Data" file="/home/meng/Desktop/wptest/wordpress-develop/tests/phpunit/tests/oembed/getResponseData.php" line="40" assertions="1" time="0.132523"/>
        <testcase name="test_get_oembed_response_link" class="Tests_oEmbed_Response_Data" classname="Tests_oEmbed_Response_Data" file="/home/meng/Desktop/wptest/wordpress-develop/tests/phpunit/tests/oembed/getResponseData.php" line="73" assertions="1" time="0.060908"/>
        <testcase name="test_get_oembed_response_data_with_draft_post" class="Tests_oEmbed_Response_Data" classname="Tests_oEmbed_Response_Data" file="/home/meng/Desktop/wptest/wordpress-develop/tests/phpunit/tests/oembed/getResponseData.php" line="100" assertions="1" time="0.052632"/>
        <testcase name="test_get_oembed_response_data_with_scheduled_post" class="Tests_oEmbed_Response_Data" classname="Tests_oEmbed_Response_Data" file="/home/meng/Desktop/wptest/wordpress-develop/tests/phpunit/tests/oembed/getResponseData.php" line="110" assertions="1" time="0.053905"/>
        <testcase name="test_get_oembed_response_data_with_private_post" class="Tests_oEmbed_Response_Data" classname="Tests_oEmbed_Response_Data" file="/home/meng/Desktop/wptest/wordpress-develop/tests/phpunit/tests/oembed/getResponseData.php" line="121" assertions="1" time="0.053465"/>
        <testcase name="test_get_oembed_response_data_maxwidth_too_high" class="Tests_oEmbed_Response_Data" classname="Tests_oEmbed_Response_Data" file="/home/meng/Desktop/wptest/wordpress-develop/tests/phpunit/tests/oembed/getResponseData.php" line="131" assertions="2" time="0.065770"/>
        <testcase name="test_get_oembed_response_data_maxwidth_too_low" class="Tests_oEmbed_Response_Data" classname="Tests_oEmbed_Response_Data" file="/home/meng/Desktop/wptest/wordpress-develop/tests/phpunit/tests/oembed/getResponseData.php" line="140" assertions="2" time="0.075703"/>
        <testcase name="test_get_oembed_response_data_maxwidth_invalid" class="Tests_oEmbed_Response_Data" classname="Tests_oEmbed_Response_Data" file="/home/meng/Desktop/wptest/wordpress-develop/tests/phpunit/tests/oembed/getResponseData.php" line="149" assertions="4" time="0.072776"/>
        <testcase name="test_get_oembed_response_data_with_thumbnail" class="Tests_oEmbed_Response_Data" classname="Tests_oEmbed_Response_Data" file="/home/meng/Desktop/wptest/wordpress-develop/tests/phpunit/tests/oembed/getResponseData.php" line="163" assertions="4" time="0.083951"/>
        <testcase name="test_get_oembed_response_data_for_attachment" class="Tests_oEmbed_Response_Data" classname="Tests_oEmbed_Response_Data" file="/home/meng/Desktop/wptest/wordpress-develop/tests/phpunit/tests/oembed/getResponseData.php" line="183" assertions="4" time="0.080880"/>
      </testsuite>
      <testsuite name="Tests_oEmbed_HTTP_Headers" file="/home/meng/Desktop/wptest/wordpress-develop/tests/phpunit/tests/oembed/headers.php" tests="1" assertions="2" errors="0" failures="0" skipped="0" time="0.068462">
        <testcase name="test_rest_pre_serve_request_headers" class="Tests_oEmbed_HTTP_Headers" classname="Tests_oEmbed_HTTP_Headers" file="/home/meng/Desktop/wptest/wordpress-develop/tests/phpunit/tests/oembed/headers.php" line="15" assertions="2" time="0.068462"/>
      </testsuite>
      <testsuite name="Tests_Post_Embed_URL" file="/home/meng/Desktop/wptest/wordpress-develop/tests/phpunit/tests/oembed/postEmbedUrl.php" tests="7" assertions="9" errors="0" failures="0" skipped="0" time="0.512657">
        <testcase name="test_non_existent_post" class="Tests_Post_Embed_URL" classname="Tests_Post_Embed_URL" file="/home/meng/Desktop/wptest/wordpress-develop/tests/phpunit/tests/oembed/postEmbedUrl.php" line="7" assertions="1" time="0.036137"/>
        <testcase name="test_with_pretty_permalinks" class="Tests_Post_Embed_URL" classname="Tests_Post_Embed_URL" file="/home/meng/Desktop/wptest/wordpress-develop/tests/phpunit/tests/oembed/postEmbedUrl.php" line="12" assertions="1" time="0.076486"/>
        <testcase name="test_with_ugly_permalinks" class="Tests_Post_Embed_URL" classname="Tests_Post_Embed_URL" file="/home/meng/Desktop/wptest/wordpress-develop/tests/phpunit/tests/oembed/postEmbedUrl.php" line="22" assertions="1" time="0.064814"/>
        <testcase name="test_static_front_page" class="Tests_Post_Embed_URL" classname="Tests_Post_Embed_URL" file="/home/meng/Desktop/wptest/wordpress-develop/tests/phpunit/tests/oembed/postEmbedUrl.php" line="33" assertions="1" time="0.076009"/>
        <testcase name="test_static_front_page_with_ugly_permalinks" class="Tests_Post_Embed_URL" classname="Tests_Post_Embed_URL" file="/home/meng/Desktop/wptest/wordpress-develop/tests/phpunit/tests/oembed/postEmbedUrl.php" line="51" assertions="1" time="0.064901"/>
        <testcase name="test_page_conflicts_with_embed_slug" class="Tests_Post_Embed_URL" classname="Tests_Post_Embed_URL" file="/home/meng/Desktop/wptest/wordpress-develop/tests/phpunit/tests/oembed/postEmbedUrl.php" line="67" assertions="2" time="0.086216"/>
        <testcase name="test_static_front_page_conflicts_with_embed_slug" class="Tests_Post_Embed_URL" classname="Tests_Post_Embed_URL" file="/home/meng/Desktop/wptest/wordpress-develop/tests/phpunit/tests/oembed/postEmbedUrl.php" line="89" assertions="2" time="0.108094"/>
      </testsuite>
      <testsuite name="Tests_Embed_Template" file="/home/meng/Desktop/wptest/wordpress-develop/tests/phpunit/tests/oembed/template.php" tests="18" assertions="57" errors="0" failures="0" skipped="0" time="1.223953">
        <testcase name="test_oembed_output_post" class="Tests_Embed_Template" classname="Tests_Embed_Template" file="/home/meng/Desktop/wptest/wordpress-develop/tests/phpunit/tests/oembed/template.php" line="7" assertions="6" time="0.184108"/>
        <testcase name="test_oembed_output_post_with_thumbnail" class="Tests_Embed_Template" classname="Tests_Embed_Template" file="/home/meng/Desktop/wptest/wordpress-develop/tests/phpunit/tests/oembed/template.php" line="36" assertions="7" time="0.098365"/>
        <testcase name="test_oembed_output_404" class="Tests_Embed_Template" classname="Tests_Embed_Template" file="/home/meng/Desktop/wptest/wordpress-develop/tests/phpunit/tests/oembed/template.php" line="69" assertions="4" time="0.040781"/>
        <testcase name="test_oembed_output_attachment" class="Tests_Embed_Template" classname="Tests_Embed_Template" file="/home/meng/Desktop/wptest/wordpress-develop/tests/phpunit/tests/oembed/template.php" line="84" assertions="8" time="0.095556"/>
        <testcase name="test_oembed_output_draft_post" class="Tests_Embed_Template" classname="Tests_Embed_Template" file="/home/meng/Desktop/wptest/wordpress-develop/tests/phpunit/tests/oembed/template.php" line="113" assertions="4" time="0.059851"/>
        <testcase name="test_oembed_output_scheduled_post" class="Tests_Embed_Template" classname="Tests_Embed_Template" file="/home/meng/Desktop/wptest/wordpress-develop/tests/phpunit/tests/oembed/template.php" line="136" assertions="4" time="0.063389"/>
        <testcase name="test_oembed_output_private_post" class="Tests_Embed_Template" classname="Tests_Embed_Template" file="/home/meng/Desktop/wptest/wordpress-develop/tests/phpunit/tests/oembed/template.php" line="160" assertions="4" time="0.063114"/>
        <testcase name="test_oembed_output_private_post_with_permissions" class="Tests_Embed_Template" classname="Tests_Embed_Template" file="/home/meng/Desktop/wptest/wordpress-develop/tests/phpunit/tests/oembed/template.php" line="183" assertions="6" time="0.136982"/>
        <testcase name="test_wp_embed_excerpt_more_no_embed" class="Tests_Embed_Template" classname="Tests_Embed_Template" file="/home/meng/Desktop/wptest/wordpress-develop/tests/phpunit/tests/oembed/template.php" line="211" assertions="1" time="0.032057"/>
        <testcase name="test_wp_embed_excerpt_more" class="Tests_Embed_Template" classname="Tests_Embed_Template" file="/home/meng/Desktop/wptest/wordpress-develop/tests/phpunit/tests/oembed/template.php" line="217" assertions="2" time="0.070192"/>
        <testcase name="test_is_embed_post" class="Tests_Embed_Template" classname="Tests_Embed_Template" file="/home/meng/Desktop/wptest/wordpress-develop/tests/phpunit/tests/oembed/template.php" line="239" assertions="2" time="0.065958"/>
        <testcase name="test_is_embed_attachment" class="Tests_Embed_Template" classname="Tests_Embed_Template" file="/home/meng/Desktop/wptest/wordpress-develop/tests/phpunit/tests/oembed/template.php" line="247" assertions="1" time="0.078328"/>
        <testcase name="test_is_embed_404" class="Tests_Embed_Template" classname="Tests_Embed_Template" file="/home/meng/Desktop/wptest/wordpress-develop/tests/phpunit/tests/oembed/template.php" line="261" assertions="1" time="0.038270"/>
        <testcase name="test_get_post_embed_html_non_existent_post" class="Tests_Embed_Template" classname="Tests_Embed_Template" file="/home/meng/Desktop/wptest/wordpress-develop/tests/phpunit/tests/oembed/template.php" line="266" assertions="2" time="0.033283"/>
        <testcase name="test_get_post_embed_html" class="Tests_Embed_Template" classname="Tests_Embed_Template" file="/home/meng/Desktop/wptest/wordpress-develop/tests/phpunit/tests/oembed/template.php" line="271" assertions="1" time="0.063102"/>
        <testcase name="test_add_host_js" class="Tests_Embed_Template" classname="Tests_Embed_Template" file="/home/meng/Desktop/wptest/wordpress-develop/tests/phpunit/tests/oembed/template.php" line="286" assertions="1" time="0.034862"/>
        <testcase name="test_js_no_ampersands" class="Tests_Embed_Template" classname="Tests_Embed_Template" file="/home/meng/Desktop/wptest/wordpress-develop/tests/phpunit/tests/oembed/template.php" line="295" assertions="1" time="0.032353"/>
        <testcase name="test_js_no_ampersands_in_compiled" class="Tests_Embed_Template" classname="Tests_Embed_Template" file="/home/meng/Desktop/wptest/wordpress-develop/tests/phpunit/tests/oembed/template.php" line="325" assertions="2" time="0.033402"/>
      </testsuite>
      <testsuite name="Tests_WP_oEmbed" file="/home/meng/Desktop/wptest/wordpress-develop/tests/phpunit/tests/oembed/wpOembed.php" tests="3" assertions="10" errors="0" failures="0" skipped="0" time="0.224394">
        <testcase name="test_wp_filter_pre_oembed_result_prevents_http_request_for_internal_permalinks" class="Tests_WP_oEmbed" classname="Tests_WP_oEmbed" file="/home/meng/Desktop/wptest/wordpress-develop/tests/phpunit/tests/oembed/wpOembed.php" line="31" assertions="2" time="0.075201"/>
        <testcase name="test_wp_filter_pre_oembed_result_prevents_http_request_when_viewing_the_post" class="Tests_WP_oEmbed" classname="Tests_WP_oEmbed" file="/home/meng/Desktop/wptest/wordpress-develop/tests/phpunit/tests/oembed/wpOembed.php" line="43" assertions="4" time="0.080839"/>
        <testcase name="test_wp_filter_pre_oembed_result_non_existent_post" class="Tests_WP_oEmbed" classname="Tests_WP_oEmbed" file="/home/meng/Desktop/wptest/wordpress-develop/tests/phpunit/tests/oembed/wpOembed.php" line="58" assertions="4" time="0.068354"/>
      </testsuite>
      <testsuite name="Tests_Option_NetworkOption" file="/home/meng/Desktop/wptest/wordpress-develop/tests/phpunit/tests/option/networkOption.php" tests="21" assertions="22" errors="0" failures="0" skipped="0" time="0.780504">
        <testcase name="test_add_network_option_is_not_stored_as_autoload_option" class="Tests_Option_NetworkOption" classname="Tests_Option_NetworkOption" file="/home/meng/Desktop/wptest/wordpress-develop/tests/phpunit/tests/option/networkOption.php" line="57" assertions="1" time="0.034275"/>
        <testcase name="test_update_network_option_is_not_stored_as_autoload_option" class="Tests_Option_NetworkOption" classname="Tests_Option_NetworkOption" file="/home/meng/Desktop/wptest/wordpress-develop/tests/phpunit/tests/option/networkOption.php" line="71" assertions="1" time="0.035958"/>
        <testsuite name="Tests_Option_NetworkOption::test_add_network_option_network_id_parameter" tests="9" assertions="9" errors="0" failures="0" skipped="0" time="0.327481">
          <testcase name="test_add_network_option_network_id_parameter with data set #0" class="Tests_Option_NetworkOption" classname="Tests_Option_NetworkOption" file="/home/meng/Desktop/wptest/wordpress-develop/tests/phpunit/tests/option/networkOption.php" line="87" assertions="1" time="0.036693"/>
          <testcase name="test_add_network_option_network_id_parameter with data set #1" class="Tests_Option_NetworkOption" classname="Tests_Option_NetworkOption" file="/home/meng/Desktop/wptest/wordpress-develop/tests/phpunit/tests/option/networkOption.php" line="87" assertions="1" time="0.034266"/>
          <testcase name="test_add_network_option_network_id_parameter with data set #2" class="Tests_Option_NetworkOption" classname="Tests_Option_NetworkOption" file="/home/meng/Desktop/wptest/wordpress-develop/tests/phpunit/tests/option/networkOption.php" line="87" assertions="1" time="0.035028"/>
          <testcase name="test_add_network_option_network_id_parameter with data set #3" class="Tests_Option_NetworkOption" classname="Tests_Option_NetworkOption" file="/home/meng/Desktop/wptest/wordpress-develop/tests/phpunit/tests/option/networkOption.php" line="87" assertions="1" time="0.035598"/>
          <testcase name="test_add_network_option_network_id_parameter with data set #4" class="Tests_Option_NetworkOption" classname="Tests_Option_NetworkOption" file="/home/meng/Desktop/wptest/wordpress-develop/tests/phpunit/tests/option/networkOption.php" line="87" assertions="1" time="0.036036"/>
          <testcase name="test_add_network_option_network_id_parameter with data set #5" class="Tests_Option_NetworkOption" classname="Tests_Option_NetworkOption" file="/home/meng/Desktop/wptest/wordpress-develop/tests/phpunit/tests/option/networkOption.php" line="87" assertions="1" time="0.035061"/>
          <testcase name="test_add_network_option_network_id_parameter with data set #6" class="Tests_Option_NetworkOption" classname="Tests_Option_NetworkOption" file="/home/meng/Desktop/wptest/wordpress-develop/tests/phpunit/tests/option/networkOption.php" line="87" assertions="1" time="0.034130"/>
          <testcase name="test_add_network_option_network_id_parameter with data set #7" class="Tests_Option_NetworkOption" classname="Tests_Option_NetworkOption" file="/home/meng/Desktop/wptest/wordpress-develop/tests/phpunit/tests/option/networkOption.php" line="87" assertions="1" time="0.037042"/>
          <testcase name="test_add_network_option_network_id_parameter with data set #8" class="Tests_Option_NetworkOption" classname="Tests_Option_NetworkOption" file="/home/meng/Desktop/wptest/wordpress-develop/tests/phpunit/tests/option/networkOption.php" line="87" assertions="1" time="0.043627"/>
        </testsuite>
        <testsuite name="Tests_Option_NetworkOption::test_get_network_option_network_id_parameter" tests="9" assertions="9" errors="0" failures="0" skipped="0" time="0.344115">
          <testcase name="test_get_network_option_network_id_parameter with data set #0" class="Tests_Option_NetworkOption" classname="Tests_Option_NetworkOption" file="/home/meng/Desktop/wptest/wordpress-develop/tests/phpunit/tests/option/networkOption.php" line="100" assertions="1" time="0.039496"/>
          <testcase name="test_get_network_option_network_id_parameter with data set #1" class="Tests_Option_NetworkOption" classname="Tests_Option_NetworkOption" file="/home/meng/Desktop/wptest/wordpress-develop/tests/phpunit/tests/option/networkOption.php" line="100" assertions="1" time="0.045081"/>
          <testcase name="test_get_network_option_network_id_parameter with data set #2" class="Tests_Option_NetworkOption" classname="Tests_Option_NetworkOption" file="/home/meng/Desktop/wptest/wordpress-develop/tests/phpunit/tests/option/networkOption.php" line="100" assertions="1" time="0.039326"/>
          <testcase name="test_get_network_option_network_id_parameter with data set #3" class="Tests_Option_NetworkOption" classname="Tests_Option_NetworkOption" file="/home/meng/Desktop/wptest/wordpress-develop/tests/phpunit/tests/option/networkOption.php" line="100" assertions="1" time="0.040891"/>
          <testcase name="test_get_network_option_network_id_parameter with data set #4" class="Tests_Option_NetworkOption" classname="Tests_Option_NetworkOption" file="/home/meng/Desktop/wptest/wordpress-develop/tests/phpunit/tests/option/networkOption.php" line="100" assertions="1" time="0.038836"/>
          <testcase name="test_get_network_option_network_id_parameter with data set #5" class="Tests_Option_NetworkOption" classname="Tests_Option_NetworkOption" file="/home/meng/Desktop/wptest/wordpress-develop/tests/phpunit/tests/option/networkOption.php" line="100" assertions="1" time="0.037770"/>
          <testcase name="test_get_network_option_network_id_parameter with data set #6" class="Tests_Option_NetworkOption" classname="Tests_Option_NetworkOption" file="/home/meng/Desktop/wptest/wordpress-develop/tests/phpunit/tests/option/networkOption.php" line="100" assertions="1" time="0.034348"/>
          <testcase name="test_get_network_option_network_id_parameter with data set #7" class="Tests_Option_NetworkOption" classname="Tests_Option_NetworkOption" file="/home/meng/Desktop/wptest/wordpress-develop/tests/phpunit/tests/option/networkOption.php" line="100" assertions="1" time="0.033700"/>
          <testcase name="test_get_network_option_network_id_parameter with data set #8" class="Tests_Option_NetworkOption" classname="Tests_Option_NetworkOption" file="/home/meng/Desktop/wptest/wordpress-develop/tests/phpunit/tests/option/networkOption.php" line="100" assertions="1" time="0.034667"/>
        </testsuite>
        <testcase name="test_update_network_option_array_with_object" class="Tests_Option_NetworkOption" classname="Tests_Option_NetworkOption" file="/home/meng/Desktop/wptest/wordpress-develop/tests/phpunit/tests/option/networkOption.php" line="178" assertions="2" time="0.038674"/>
      </testsuite>
      <testsuite name="Tests_Option_Option" file="/home/meng/Desktop/wptest/wordpress-develop/tests/phpunit/tests/option/option.php" tests="14" assertions="70" errors="0" failures="0" skipped="0" time="0.525583">
        <testcase name="test_the_basics" class="Tests_Option_Option" classname="Tests_Option_Option" file="/home/meng/Desktop/wptest/wordpress-develop/tests/phpunit/tests/option/option.php" line="12" assertions="16" time="0.044326"/>
        <testcase name="test_default_filter" class="Tests_Option_Option" classname="Tests_Option_Option" file="/home/meng/Desktop/wptest/wordpress-develop/tests/phpunit/tests/option/option.php" line="37" assertions="7" time="0.039369"/>
        <testcase name="test_add_option_should_respect_default_option_filter" class="Tests_Option_Option" classname="Tests_Option_Option" file="/home/meng/Desktop/wptest/wordpress-develop/tests/phpunit/tests/option/option.php" line="65" assertions="2" time="0.038247"/>
        <testcase name="test_serialized_data" class="Tests_Option_Option" classname="Tests_Option_Option" file="/home/meng/Desktop/wptest/wordpress-develop/tests/phpunit/tests/option/option.php" line="74" assertions="5" time="0.039171"/>
        <testcase name="test_bad_option_names" class="Tests_Option_Option" classname="Tests_Option_Option" file="/home/meng/Desktop/wptest/wordpress-develop/tests/phpunit/tests/option/option.php" line="93" assertions="24" time="0.035720"/>
        <testcase name="test_special_option_name_alloption" class="Tests_Option_Option" classname="Tests_Option_Option" file="/home/meng/Desktop/wptest/wordpress-develop/tests/phpunit/tests/option/option.php" line="105" assertions="1" time="0.033923"/>
        <testcase name="test_special_option_name_notoptions" class="Tests_Option_Option" classname="Tests_Option_Option" file="/home/meng/Desktop/wptest/wordpress-develop/tests/phpunit/tests/option/option.php" line="113" assertions="1" time="0.033897"/>
        <testsuite name="Tests_Option_Option::test_option_autoloading" tests="7" assertions="14" errors="0" failures="0" skipped="0" time="0.260930">
          <testcase name="test_option_autoloading with data set #0" class="Tests_Option_Option" classname="Tests_Option_Option" file="/home/meng/Desktop/wptest/wordpress-develop/tests/phpunit/tests/option/option.php" line="135" assertions="2" time="0.038024"/>
          <testcase name="test_option_autoloading with data set #1" class="Tests_Option_Option" classname="Tests_Option_Option" file="/home/meng/Desktop/wptest/wordpress-develop/tests/phpunit/tests/option/option.php" line="135" assertions="2" time="0.038765"/>
          <testcase name="test_option_autoloading with data set #2" class="Tests_Option_Option" classname="Tests_Option_Option" file="/home/meng/Desktop/wptest/wordpress-develop/tests/phpunit/tests/option/option.php" line="135" assertions="2" time="0.036384"/>
          <testcase name="test_option_autoloading with data set #3" class="Tests_Option_Option" classname="Tests_Option_Option" file="/home/meng/Desktop/wptest/wordpress-develop/tests/phpunit/tests/option/option.php" line="135" assertions="2" time="0.038488"/>
          <testcase name="test_option_autoloading with data set #4" class="Tests_Option_Option" classname="Tests_Option_Option" file="/home/meng/Desktop/wptest/wordpress-develop/tests/phpunit/tests/option/option.php" line="135" assertions="2" time="0.035724"/>
          <testcase name="test_option_autoloading with data set #5" class="Tests_Option_Option" classname="Tests_Option_Option" file="/home/meng/Desktop/wptest/wordpress-develop/tests/phpunit/tests/option/option.php" line="135" assertions="2" time="0.038031"/>
          <testcase name="test_option_autoloading with data set #6" class="Tests_Option_Option" classname="Tests_Option_Option" file="/home/meng/Desktop/wptest/wordpress-develop/tests/phpunit/tests/option/option.php" line="135" assertions="2" time="0.035514"/>
        </testsuite>
      </testsuite>
      <testsuite name="Tests_Option_Registration" file="/home/meng/Desktop/wptest/wordpress-develop/tests/phpunit/tests/option/registration.php" tests="9" assertions="14" errors="0" failures="0" skipped="0" time="0.313973">
        <testcase name="test_register" class="Tests_Option_Registration" classname="Tests_Option_Registration" file="/home/meng/Desktop/wptest/wordpress-develop/tests/phpunit/tests/option/registration.php" line="7" assertions="5" time="0.036331"/>
        <testcase name="test_register_with_callback" class="Tests_Option_Registration" classname="Tests_Option_Registration" file="/home/meng/Desktop/wptest/wordpress-develop/tests/phpunit/tests/option/registration.php" line="22" assertions="1" time="0.035375"/>
        <testcase name="test_register_with_array" class="Tests_Option_Registration" classname="Tests_Option_Registration" file="/home/meng/Desktop/wptest/wordpress-develop/tests/phpunit/tests/option/registration.php" line="29" assertions="1" time="0.034776"/>
        <testcase name="test_register_with_default" class="Tests_Option_Registration" classname="Tests_Option_Registration" file="/home/meng/Desktop/wptest/wordpress-develop/tests/phpunit/tests/option/registration.php" line="49" assertions="1" time="0.034774"/>
        <testcase name="test_register_with_default_override" class="Tests_Option_Registration" classname="Tests_Option_Registration" file="/home/meng/Desktop/wptest/wordpress-develop/tests/phpunit/tests/option/registration.php" line="64" assertions="1" time="0.034283"/>
        <testcase name="test_add_option_with_no_options_cache" class="Tests_Option_Registration" classname="Tests_Option_Registration" file="/home/meng/Desktop/wptest/wordpress-develop/tests/phpunit/tests/option/registration.php" line="81" assertions="2" time="0.037169"/>
        <testcase name="test_register_deprecated_group_misc" class="Tests_Option_Registration" classname="Tests_Option_Registration" file="/home/meng/Desktop/wptest/wordpress-develop/tests/phpunit/tests/option/registration.php" line="97" assertions="1" time="0.033380"/>
        <testcase name="test_register_deprecated_group_privacy" class="Tests_Option_Registration" classname="Tests_Option_Registration" file="/home/meng/Desktop/wptest/wordpress-develop/tests/phpunit/tests/option/registration.php" line="104" assertions="1" time="0.033017"/>
        <testcase name="test_unregister_setting_removes_default" class="Tests_Option_Registration" classname="Tests_Option_Registration" file="/home/meng/Desktop/wptest/wordpress-develop/tests/phpunit/tests/option/registration.php" line="111" assertions="1" time="0.034868"/>
      </testsuite>
      <testsuite name="Tests_Sanitize_Option" file="/home/meng/Desktop/wptest/wordpress-develop/tests/phpunit/tests/option/sanitize-option.php" tests="60" assertions="73" errors="0" failures="0" skipped="0" time="2.120296">
        <testsuite name="Tests_Sanitize_Option::test_sanitize_option" tests="46" assertions="46" errors="0" failures="0" skipped="0" time="1.624220">
          <testcase name="test_sanitize_option with data set #0" class="Tests_Sanitize_Option" classname="Tests_Sanitize_Option" file="/home/meng/Desktop/wptest/wordpress-develop/tests/phpunit/tests/option/sanitize-option.php" line="85" assertions="1" time="0.036218"/>
          <testcase name="test_sanitize_option with data set #1" class="Tests_Sanitize_Option" classname="Tests_Sanitize_Option" file="/home/meng/Desktop/wptest/wordpress-develop/tests/phpunit/tests/option/sanitize-option.php" line="85" assertions="1" time="0.032996"/>
          <testcase name="test_sanitize_option with data set #2" class="Tests_Sanitize_Option" classname="Tests_Sanitize_Option" file="/home/meng/Desktop/wptest/wordpress-develop/tests/phpunit/tests/option/sanitize-option.php" line="85" assertions="1" time="0.031789"/>
          <testcase name="test_sanitize_option with data set #3" class="Tests_Sanitize_Option" classname="Tests_Sanitize_Option" file="/home/meng/Desktop/wptest/wordpress-develop/tests/phpunit/tests/option/sanitize-option.php" line="85" assertions="1" time="0.033425"/>
          <testcase name="test_sanitize_option with data set #4" class="Tests_Sanitize_Option" classname="Tests_Sanitize_Option" file="/home/meng/Desktop/wptest/wordpress-develop/tests/phpunit/tests/option/sanitize-option.php" line="85" assertions="1" time="0.032937"/>
          <testcase name="test_sanitize_option with data set #5" class="Tests_Sanitize_Option" classname="Tests_Sanitize_Option" file="/home/meng/Desktop/wptest/wordpress-develop/tests/phpunit/tests/option/sanitize-option.php" line="85" assertions="1" time="0.033256"/>
          <testcase name="test_sanitize_option with data set #6" class="Tests_Sanitize_Option" classname="Tests_Sanitize_Option" file="/home/meng/Desktop/wptest/wordpress-develop/tests/phpunit/tests/option/sanitize-option.php" line="85" assertions="1" time="0.033877"/>
          <testcase name="test_sanitize_option with data set #7" class="Tests_Sanitize_Option" classname="Tests_Sanitize_Option" file="/home/meng/Desktop/wptest/wordpress-develop/tests/phpunit/tests/option/sanitize-option.php" line="85" assertions="1" time="0.035859"/>
          <testcase name="test_sanitize_option with data set #8" class="Tests_Sanitize_Option" classname="Tests_Sanitize_Option" file="/home/meng/Desktop/wptest/wordpress-develop/tests/phpunit/tests/option/sanitize-option.php" line="85" assertions="1" time="0.032259"/>
          <testcase name="test_sanitize_option with data set #9" class="Tests_Sanitize_Option" classname="Tests_Sanitize_Option" file="/home/meng/Desktop/wptest/wordpress-develop/tests/phpunit/tests/option/sanitize-option.php" line="85" assertions="1" time="0.032055"/>
          <testcase name="test_sanitize_option with data set #10" class="Tests_Sanitize_Option" classname="Tests_Sanitize_Option" file="/home/meng/Desktop/wptest/wordpress-develop/tests/phpunit/tests/option/sanitize-option.php" line="85" assertions="1" time="0.040973"/>
          <testcase name="test_sanitize_option with data set #11" class="Tests_Sanitize_Option" classname="Tests_Sanitize_Option" file="/home/meng/Desktop/wptest/wordpress-develop/tests/phpunit/tests/option/sanitize-option.php" line="85" assertions="1" time="0.035168"/>
          <testcase name="test_sanitize_option with data set #12" class="Tests_Sanitize_Option" classname="Tests_Sanitize_Option" file="/home/meng/Desktop/wptest/wordpress-develop/tests/phpunit/tests/option/sanitize-option.php" line="85" assertions="1" time="0.032264"/>
          <testcase name="test_sanitize_option with data set #13" class="Tests_Sanitize_Option" classname="Tests_Sanitize_Option" file="/home/meng/Desktop/wptest/wordpress-develop/tests/phpunit/tests/option/sanitize-option.php" line="85" assertions="1" time="0.036183"/>
          <testcase name="test_sanitize_option with data set #14" class="Tests_Sanitize_Option" classname="Tests_Sanitize_Option" file="/home/meng/Desktop/wptest/wordpress-develop/tests/phpunit/tests/option/sanitize-option.php" line="85" assertions="1" time="0.038268"/>
          <testcase name="test_sanitize_option with data set #15" class="Tests_Sanitize_Option" classname="Tests_Sanitize_Option" file="/home/meng/Desktop/wptest/wordpress-develop/tests/phpunit/tests/option/sanitize-option.php" line="85" assertions="1" time="0.034909"/>
          <testcase name="test_sanitize_option with data set #16" class="Tests_Sanitize_Option" classname="Tests_Sanitize_Option" file="/home/meng/Desktop/wptest/wordpress-develop/tests/phpunit/tests/option/sanitize-option.php" line="85" assertions="1" time="0.032381"/>
          <testcase name="test_sanitize_option with data set #17" class="Tests_Sanitize_Option" classname="Tests_Sanitize_Option" file="/home/meng/Desktop/wptest/wordpress-develop/tests/phpunit/tests/option/sanitize-option.php" line="85" assertions="1" time="0.035973"/>
          <testcase name="test_sanitize_option with data set #18" class="Tests_Sanitize_Option" classname="Tests_Sanitize_Option" file="/home/meng/Desktop/wptest/wordpress-develop/tests/phpunit/tests/option/sanitize-option.php" line="85" assertions="1" time="0.032150"/>
          <testcase name="test_sanitize_option with data set #19" class="Tests_Sanitize_Option" classname="Tests_Sanitize_Option" file="/home/meng/Desktop/wptest/wordpress-develop/tests/phpunit/tests/option/sanitize-option.php" line="85" assertions="1" time="0.034265"/>
          <testcase name="test_sanitize_option with data set #20" class="Tests_Sanitize_Option" classname="Tests_Sanitize_Option" file="/home/meng/Desktop/wptest/wordpress-develop/tests/phpunit/tests/option/sanitize-option.php" line="85" assertions="1" time="0.033448"/>
          <testcase name="test_sanitize_option with data set #21" class="Tests_Sanitize_Option" classname="Tests_Sanitize_Option" file="/home/meng/Desktop/wptest/wordpress-develop/tests/phpunit/tests/option/sanitize-option.php" line="85" assertions="1" time="0.035311"/>
          <testcase name="test_sanitize_option with data set #22" class="Tests_Sanitize_Option" classname="Tests_Sanitize_Option" file="/home/meng/Desktop/wptest/wordpress-develop/tests/phpunit/tests/option/sanitize-option.php" line="85" assertions="1" time="0.037271"/>
          <testcase name="test_sanitize_option with data set #23" class="Tests_Sanitize_Option" classname="Tests_Sanitize_Option" file="/home/meng/Desktop/wptest/wordpress-develop/tests/phpunit/tests/option/sanitize-option.php" line="85" assertions="1" time="0.034791"/>
          <testcase name="test_sanitize_option with data set #24" class="Tests_Sanitize_Option" classname="Tests_Sanitize_Option" file="/home/meng/Desktop/wptest/wordpress-develop/tests/phpunit/tests/option/sanitize-option.php" line="85" assertions="1" time="0.036264"/>
          <testcase name="test_sanitize_option with data set #25" class="Tests_Sanitize_Option" classname="Tests_Sanitize_Option" file="/home/meng/Desktop/wptest/wordpress-develop/tests/phpunit/tests/option/sanitize-option.php" line="85" assertions="1" time="0.035498"/>
          <testcase name="test_sanitize_option with data set #26" class="Tests_Sanitize_Option" classname="Tests_Sanitize_Option" file="/home/meng/Desktop/wptest/wordpress-develop/tests/phpunit/tests/option/sanitize-option.php" line="85" assertions="1" time="0.036686"/>
          <testcase name="test_sanitize_option with data set #27" class="Tests_Sanitize_Option" classname="Tests_Sanitize_Option" file="/home/meng/Desktop/wptest/wordpress-develop/tests/phpunit/tests/option/sanitize-option.php" line="85" assertions="1" time="0.038145"/>
          <testcase name="test_sanitize_option with data set #28" class="Tests_Sanitize_Option" classname="Tests_Sanitize_Option" file="/home/meng/Desktop/wptest/wordpress-develop/tests/phpunit/tests/option/sanitize-option.php" line="85" assertions="1" time="0.037310"/>
          <testcase name="test_sanitize_option with data set #29" class="Tests_Sanitize_Option" classname="Tests_Sanitize_Option" file="/home/meng/Desktop/wptest/wordpress-develop/tests/phpunit/tests/option/sanitize-option.php" line="85" assertions="1" time="0.036891"/>
          <testcase name="test_sanitize_option with data set #30" class="Tests_Sanitize_Option" classname="Tests_Sanitize_Option" file="/home/meng/Desktop/wptest/wordpress-develop/tests/phpunit/tests/option/sanitize-option.php" line="85" assertions="1" time="0.034072"/>
          <testcase name="test_sanitize_option with data set #31" class="Tests_Sanitize_Option" classname="Tests_Sanitize_Option" file="/home/meng/Desktop/wptest/wordpress-develop/tests/phpunit/tests/option/sanitize-option.php" line="85" assertions="1" time="0.036090"/>
          <testcase name="test_sanitize_option with data set #32" class="Tests_Sanitize_Option" classname="Tests_Sanitize_Option" file="/home/meng/Desktop/wptest/wordpress-develop/tests/phpunit/tests/option/sanitize-option.php" line="85" assertions="1" time="0.035549"/>
          <testcase name="test_sanitize_option with data set #33" class="Tests_Sanitize_Option" classname="Tests_Sanitize_Option" file="/home/meng/Desktop/wptest/wordpress-develop/tests/phpunit/tests/option/sanitize-option.php" line="85" assertions="1" time="0.036681"/>
          <testcase name="test_sanitize_option with data set #34" class="Tests_Sanitize_Option" classname="Tests_Sanitize_Option" file="/home/meng/Desktop/wptest/wordpress-develop/tests/phpunit/tests/option/sanitize-option.php" line="85" assertions="1" time="0.035090"/>
          <testcase name="test_sanitize_option with data set #35" class="Tests_Sanitize_Option" classname="Tests_Sanitize_Option" file="/home/meng/Desktop/wptest/wordpress-develop/tests/phpunit/tests/option/sanitize-option.php" line="85" assertions="1" time="0.035525"/>
          <testcase name="test_sanitize_option with data set #36" class="Tests_Sanitize_Option" classname="Tests_Sanitize_Option" file="/home/meng/Desktop/wptest/wordpress-develop/tests/phpunit/tests/option/sanitize-option.php" line="85" assertions="1" time="0.035740"/>
          <testcase name="test_sanitize_option with data set #37" class="Tests_Sanitize_Option" classname="Tests_Sanitize_Option" file="/home/meng/Desktop/wptest/wordpress-develop/tests/phpunit/tests/option/sanitize-option.php" line="85" assertions="1" time="0.035136"/>
          <testcase name="test_sanitize_option with data set #38" class="Tests_Sanitize_Option" classname="Tests_Sanitize_Option" file="/home/meng/Desktop/wptest/wordpress-develop/tests/phpunit/tests/option/sanitize-option.php" line="85" assertions="1" time="0.038655"/>
          <testcase name="test_sanitize_option with data set #39" class="Tests_Sanitize_Option" classname="Tests_Sanitize_Option" file="/home/meng/Desktop/wptest/wordpress-develop/tests/phpunit/tests/option/sanitize-option.php" line="85" assertions="1" time="0.033190"/>
          <testcase name="test_sanitize_option with data set #40" class="Tests_Sanitize_Option" classname="Tests_Sanitize_Option" file="/home/meng/Desktop/wptest/wordpress-develop/tests/phpunit/tests/option/sanitize-option.php" line="85" assertions="1" time="0.034283"/>
          <testcase name="test_sanitize_option with data set #41" class="Tests_Sanitize_Option" classname="Tests_Sanitize_Option" file="/home/meng/Desktop/wptest/wordpress-develop/tests/phpunit/tests/option/sanitize-option.php" line="85" assertions="1" time="0.036870"/>
          <testcase name="test_sanitize_option with data set #42" class="Tests_Sanitize_Option" classname="Tests_Sanitize_Option" file="/home/meng/Desktop/wptest/wordpress-develop/tests/phpunit/tests/option/sanitize-option.php" line="85" assertions="1" time="0.038743"/>
          <testcase name="test_sanitize_option with data set #43" class="Tests_Sanitize_Option" classname="Tests_Sanitize_Option" file="/home/meng/Desktop/wptest/wordpress-develop/tests/phpunit/tests/option/sanitize-option.php" line="85" assertions="1" time="0.035705"/>
          <testcase name="test_sanitize_option with data set #44" class="Tests_Sanitize_Option" classname="Tests_Sanitize_Option" file="/home/meng/Desktop/wptest/wordpress-develop/tests/phpunit/tests/option/sanitize-option.php" line="85" assertions="1" time="0.037547"/>
          <testcase name="test_sanitize_option with data set #45" class="Tests_Sanitize_Option" classname="Tests_Sanitize_Option" file="/home/meng/Desktop/wptest/wordpress-develop/tests/phpunit/tests/option/sanitize-option.php" line="85" assertions="1" time="0.036525"/>
        </testsuite>
        <testsuite name="Tests_Sanitize_Option::test_sanitize_option_upload_path" tests="4" assertions="4" errors="0" failures="0" skipped="0" time="0.147856">
          <testcase name="test_sanitize_option_upload_path with data set #0" class="Tests_Sanitize_Option" classname="Tests_Sanitize_Option" file="/home/meng/Desktop/wptest/wordpress-develop/tests/phpunit/tests/option/sanitize-option.php" line="101" assertions="1" time="0.035697"/>
          <testcase name="test_sanitize_option_upload_path with data set #1" class="Tests_Sanitize_Option" classname="Tests_Sanitize_Option" file="/home/meng/Desktop/wptest/wordpress-develop/tests/phpunit/tests/option/sanitize-option.php" line="101" assertions="1" time="0.037398"/>
          <testcase name="test_sanitize_option_upload_path with data set #2" class="Tests_Sanitize_Option" classname="Tests_Sanitize_Option" file="/home/meng/Desktop/wptest/wordpress-develop/tests/phpunit/tests/option/sanitize-option.php" line="101" assertions="1" time="0.036392"/>
          <testcase name="test_sanitize_option_upload_path with data set #3" class="Tests_Sanitize_Option" classname="Tests_Sanitize_Option" file="/home/meng/Desktop/wptest/wordpress-develop/tests/phpunit/tests/option/sanitize-option.php" line="101" assertions="1" time="0.038369"/>
        </testsuite>
        <testcase name="test_emoji_in_blogname_and_description" class="Tests_Sanitize_Option" classname="Tests_Sanitize_Option" file="/home/meng/Desktop/wptest/wordpress-develop/tests/phpunit/tests/option/sanitize-option.php" line="108" assertions="2" time="0.034477"/>
        <testsuite name="Tests_Sanitize_Option::test_sanitize_permalink_structure" tests="9" assertions="21" errors="0" failures="0" skipped="0" time="0.313743">
          <testcase name="test_sanitize_permalink_structure with data set #0" class="Tests_Sanitize_Option" classname="Tests_Sanitize_Option" file="/home/meng/Desktop/wptest/wordpress-develop/tests/phpunit/tests/option/sanitize-option.php" line="126" assertions="2" time="0.036140"/>
          <testcase name="test_sanitize_permalink_structure with data set #1" class="Tests_Sanitize_Option" classname="Tests_Sanitize_Option" file="/home/meng/Desktop/wptest/wordpress-develop/tests/phpunit/tests/option/sanitize-option.php" line="126" assertions="3" time="0.038440"/>
          <testcase name="test_sanitize_permalink_structure with data set #2" class="Tests_Sanitize_Option" classname="Tests_Sanitize_Option" file="/home/meng/Desktop/wptest/wordpress-develop/tests/phpunit/tests/option/sanitize-option.php" line="126" assertions="3" time="0.034451"/>
          <testcase name="test_sanitize_permalink_structure with data set #3" class="Tests_Sanitize_Option" classname="Tests_Sanitize_Option" file="/home/meng/Desktop/wptest/wordpress-develop/tests/phpunit/tests/option/sanitize-option.php" line="126" assertions="3" time="0.034312"/>
          <testcase name="test_sanitize_permalink_structure with data set #4" class="Tests_Sanitize_Option" classname="Tests_Sanitize_Option" file="/home/meng/Desktop/wptest/wordpress-develop/tests/phpunit/tests/option/sanitize-option.php" line="126" assertions="2" time="0.032911"/>
          <testcase name="test_sanitize_permalink_structure with data set #5" class="Tests_Sanitize_Option" classname="Tests_Sanitize_Option" file="/home/meng/Desktop/wptest/wordpress-develop/tests/phpunit/tests/option/sanitize-option.php" line="126" assertions="2" time="0.033412"/>
          <testcase name="test_sanitize_permalink_structure with data set #6" class="Tests_Sanitize_Option" classname="Tests_Sanitize_Option" file="/home/meng/Desktop/wptest/wordpress-develop/tests/phpunit/tests/option/sanitize-option.php" line="126" assertions="2" time="0.034356"/>
          <testcase name="test_sanitize_permalink_structure with data set #7" class="Tests_Sanitize_Option" classname="Tests_Sanitize_Option" file="/home/meng/Desktop/wptest/wordpress-develop/tests/phpunit/tests/option/sanitize-option.php" line="126" assertions="2" time="0.035610"/>
          <testcase name="test_sanitize_permalink_structure with data set #8" class="Tests_Sanitize_Option" classname="Tests_Sanitize_Option" file="/home/meng/Desktop/wptest/wordpress-develop/tests/phpunit/tests/option/sanitize-option.php" line="126" assertions="2" time="0.034111"/>
        </testsuite>
      </testsuite>
      <testsuite name="Tests_Option_SiteOption" file="/home/meng/Desktop/wptest/wordpress-develop/tests/phpunit/tests/option/siteOption.php" tests="19" assertions="21" errors="0" failures="0" skipped="0" time="0.719575">
        <testcase name="test_get_site_option_returns_false_if_option_does_not_exist" class="Tests_Option_SiteOption" classname="Tests_Option_SiteOption" file="/home/meng/Desktop/wptest/wordpress-develop/tests/phpunit/tests/option/siteOption.php" line="11" assertions="1" time="0.034836"/>
        <testcase name="test_get_site_option_returns_false_after_deletion" class="Tests_Option_SiteOption" classname="Tests_Option_SiteOption" file="/home/meng/Desktop/wptest/wordpress-develop/tests/phpunit/tests/option/siteOption.php" line="15" assertions="1" time="0.042776"/>
        <testcase name="test_get_site_option_returns_value" class="Tests_Option_SiteOption" classname="Tests_Option_SiteOption" file="/home/meng/Desktop/wptest/wordpress-develop/tests/phpunit/tests/option/siteOption.php" line="23" assertions="1" time="0.039744"/>
        <testcase name="test_get_site_option_returns_updated_value" class="Tests_Option_SiteOption" classname="Tests_Option_SiteOption" file="/home/meng/Desktop/wptest/wordpress-develop/tests/phpunit/tests/option/siteOption.php" line="30" assertions="1" time="0.038143"/>
        <testcase name="test_get_site_option_does_not_exist_returns_filtered_default_with_no_default_provided" class="Tests_Option_SiteOption" classname="Tests_Option_SiteOption" file="/home/meng/Desktop/wptest/wordpress-develop/tests/phpunit/tests/option/siteOption.php" line="39" assertions="1" time="0.034961"/>
        <testcase name="test_get_site_option_does_not_exist_returns_filtered_default_with_default_provided" class="Tests_Option_SiteOption" classname="Tests_Option_SiteOption" file="/home/meng/Desktop/wptest/wordpress-develop/tests/phpunit/tests/option/siteOption.php" line="46" assertions="1" time="0.034163"/>
        <testcase name="test_get_site_option_does_not_exist_returns_provided_default" class="Tests_Option_SiteOption" classname="Tests_Option_SiteOption" file="/home/meng/Desktop/wptest/wordpress-develop/tests/phpunit/tests/option/siteOption.php" line="53" assertions="1" time="0.033506"/>
        <testcase name="test_get_site_option_exists_does_not_return_provided_default" class="Tests_Option_SiteOption" classname="Tests_Option_SiteOption" file="/home/meng/Desktop/wptest/wordpress-develop/tests/phpunit/tests/option/siteOption.php" line="57" assertions="1" time="0.035144"/>
        <testcase name="test_get_site_option_exists_does_not_return_filtered_default" class="Tests_Option_SiteOption" classname="Tests_Option_SiteOption" file="/home/meng/Desktop/wptest/wordpress-develop/tests/phpunit/tests/option/siteOption.php" line="64" assertions="1" time="0.040787"/>
        <testcase name="test_add_site_option_returns_true_for_new_option" class="Tests_Option_SiteOption" classname="Tests_Option_SiteOption" file="/home/meng/Desktop/wptest/wordpress-develop/tests/phpunit/tests/option/siteOption.php" line="74" assertions="1" time="0.036027"/>
        <testcase name="test_add_site_option_returns_false_for_existing_option" class="Tests_Option_SiteOption" classname="Tests_Option_SiteOption" file="/home/meng/Desktop/wptest/wordpress-develop/tests/phpunit/tests/option/siteOption.php" line="80" assertions="1" time="0.042261"/>
        <testcase name="test_update_site_option_returns_false_for_same_value" class="Tests_Option_SiteOption" classname="Tests_Option_SiteOption" file="/home/meng/Desktop/wptest/wordpress-develop/tests/phpunit/tests/option/siteOption.php" line="87" assertions="1" time="0.039355"/>
        <testcase name="test_update_site_option_returns_true_for_new_value" class="Tests_Option_SiteOption" classname="Tests_Option_SiteOption" file="/home/meng/Desktop/wptest/wordpress-develop/tests/phpunit/tests/option/siteOption.php" line="94" assertions="1" time="0.041378"/>
        <testcase name="test_delete_site_option_returns_true_if_option_exists" class="Tests_Option_SiteOption" classname="Tests_Option_SiteOption" file="/home/meng/Desktop/wptest/wordpress-develop/tests/phpunit/tests/option/siteOption.php" line="102" assertions="1" time="0.040195"/>
        <testcase name="test_delete_site_option_returns_false_if_option_does_not_exist" class="Tests_Option_SiteOption" classname="Tests_Option_SiteOption" file="/home/meng/Desktop/wptest/wordpress-develop/tests/phpunit/tests/option/siteOption.php" line="109" assertions="1" time="0.037781"/>
        <testcase name="test_site_option_add_and_get_serialized_array" class="Tests_Option_SiteOption" classname="Tests_Option_SiteOption" file="/home/meng/Desktop/wptest/wordpress-develop/tests/phpunit/tests/option/siteOption.php" line="117" assertions="1" time="0.035878"/>
        <testcase name="test_site_option_add_and_get_serialized_object" class="Tests_Option_SiteOption" classname="Tests_Option_SiteOption" file="/home/meng/Desktop/wptest/wordpress-develop/tests/phpunit/tests/option/siteOption.php" line="127" assertions="1" time="0.040490"/>
        <testcase name="test_update_adds_falsey_value" class="Tests_Option_SiteOption" classname="Tests_Option_SiteOption" file="/home/meng/Desktop/wptest/wordpress-develop/tests/phpunit/tests/option/siteOption.php" line="141" assertions="2" time="0.036697"/>
        <testcase name="test_get_doesnt_cache_default_value" class="Tests_Option_SiteOption" classname="Tests_Option_SiteOption" file="/home/meng/Desktop/wptest/wordpress-develop/tests/phpunit/tests/option/siteOption.php" line="156" assertions="2" time="0.035453"/>
      </testsuite>
      <testsuite name="Tests_Option_SiteTransient" file="/home/meng/Desktop/wptest/wordpress-develop/tests/phpunit/tests/option/siteTransient.php" tests="3" assertions="15" errors="0" failures="0" skipped="0" time="0.120426">
        <testcase name="test_the_basics" class="Tests_Option_SiteTransient" classname="Tests_Option_SiteTransient" file="/home/meng/Desktop/wptest/wordpress-develop/tests/phpunit/tests/option/siteTransient.php" line="16" assertions="9" time="0.044741"/>
        <testcase name="test_serialized_data" class="Tests_Option_SiteTransient" classname="Tests_Option_SiteTransient" file="/home/meng/Desktop/wptest/wordpress-develop/tests/phpunit/tests/option/siteTransient.php" line="32" assertions="5" time="0.040918"/>
        <testcase name="test_set_site_transient_is_not_stored_as_autoload_option" class="Tests_Option_SiteTransient" classname="Tests_Option_SiteTransient" file="/home/meng/Desktop/wptest/wordpress-develop/tests/phpunit/tests/option/siteTransient.php" line="52" assertions="1" time="0.034767"/>
      </testsuite>
      <testsuite name="Tests_Option_Slashes" file="/home/meng/Desktop/wptest/wordpress-develop/tests/phpunit/tests/option/slashes.php" tests="2" assertions="8" errors="0" failures="0" skipped="0" time="0.080678">
        <testcase name="test_add_option" class="Tests_Option_Slashes" classname="Tests_Option_Slashes" file="/home/meng/Desktop/wptest/wordpress-develop/tests/phpunit/tests/option/slashes.php" line="27" assertions="4" time="0.038568"/>
        <testcase name="test_update_option" class="Tests_Option_Slashes" classname="Tests_Option_Slashes" file="/home/meng/Desktop/wptest/wordpress-develop/tests/phpunit/tests/option/slashes.php" line="42" assertions="4" time="0.042110"/>
      </testsuite>
      <testsuite name="Tests_Option_Theme_Mods" file="/home/meng/Desktop/wptest/wordpress-develop/tests/phpunit/tests/option/themeMods.php" tests="18" assertions="18" errors="0" failures="0" skipped="0" time="0.754224">
        <testcase name="test_theme_mod_default" class="Tests_Option_Theme_Mods" classname="Tests_Option_Theme_Mods" file="/home/meng/Desktop/wptest/wordpress-develop/tests/phpunit/tests/option/themeMods.php" line="8" assertions="1" time="0.041391"/>
        <testcase name="test_theme_mod_defined_default" class="Tests_Option_Theme_Mods" classname="Tests_Option_Theme_Mods" file="/home/meng/Desktop/wptest/wordpress-develop/tests/phpunit/tests/option/themeMods.php" line="12" assertions="1" time="0.039395"/>
        <testcase name="test_theme_mod_set" class="Tests_Option_Theme_Mods" classname="Tests_Option_Theme_Mods" file="/home/meng/Desktop/wptest/wordpress-develop/tests/phpunit/tests/option/themeMods.php" line="16" assertions="1" time="0.044371"/>
        <testcase name="test_theme_mod_update" class="Tests_Option_Theme_Mods" classname="Tests_Option_Theme_Mods" file="/home/meng/Desktop/wptest/wordpress-develop/tests/phpunit/tests/option/themeMods.php" line="22" assertions="1" time="0.043886"/>
        <testcase name="test_theme_mod_remove" class="Tests_Option_Theme_Mods" classname="Tests_Option_Theme_Mods" file="/home/meng/Desktop/wptest/wordpress-develop/tests/phpunit/tests/option/themeMods.php" line="29" assertions="1" time="0.052132"/>
        <testsuite name="Tests_Option_Theme_Mods::test_theme_mod_default_value_with_percent_symbols" tests="13" assertions="13" errors="0" failures="0" skipped="0" time="0.533049">
          <testcase name="test_theme_mod_default_value_with_percent_symbols with data set #0" class="Tests_Option_Theme_Mods" classname="Tests_Option_Theme_Mods" file="/home/meng/Desktop/wptest/wordpress-develop/tests/phpunit/tests/option/themeMods.php" line="40" assertions="1" time="0.041171"/>
          <testcase name="test_theme_mod_default_value_with_percent_symbols with data set #1" class="Tests_Option_Theme_Mods" classname="Tests_Option_Theme_Mods" file="/home/meng/Desktop/wptest/wordpress-develop/tests/phpunit/tests/option/themeMods.php" line="40" assertions="1" time="0.042271"/>
          <testcase name="test_theme_mod_default_value_with_percent_symbols with data set #2" class="Tests_Option_Theme_Mods" classname="Tests_Option_Theme_Mods" file="/home/meng/Desktop/wptest/wordpress-develop/tests/phpunit/tests/option/themeMods.php" line="40" assertions="1" time="0.040462"/>
          <testcase name="test_theme_mod_default_value_with_percent_symbols with data set #3" class="Tests_Option_Theme_Mods" classname="Tests_Option_Theme_Mods" file="/home/meng/Desktop/wptest/wordpress-develop/tests/phpunit/tests/option/themeMods.php" line="40" assertions="1" time="0.041029"/>
          <testcase name="test_theme_mod_default_value_with_percent_symbols with data set #4" class="Tests_Option_Theme_Mods" classname="Tests_Option_Theme_Mods" file="/home/meng/Desktop/wptest/wordpress-develop/tests/phpunit/tests/option/themeMods.php" line="40" assertions="1" time="0.039589"/>
          <testcase name="test_theme_mod_default_value_with_percent_symbols with data set #5" class="Tests_Option_Theme_Mods" classname="Tests_Option_Theme_Mods" file="/home/meng/Desktop/wptest/wordpress-develop/tests/phpunit/tests/option/themeMods.php" line="40" assertions="1" time="0.041745"/>
          <testcase name="test_theme_mod_default_value_with_percent_symbols with data set #6" class="Tests_Option_Theme_Mods" classname="Tests_Option_Theme_Mods" file="/home/meng/Desktop/wptest/wordpress-develop/tests/phpunit/tests/option/themeMods.php" line="40" assertions="1" time="0.043292"/>
          <testcase name="test_theme_mod_default_value_with_percent_symbols with data set #7" class="Tests_Option_Theme_Mods" classname="Tests_Option_Theme_Mods" file="/home/meng/Desktop/wptest/wordpress-develop/tests/phpunit/tests/option/themeMods.php" line="40" assertions="1" time="0.040930"/>
          <testcase name="test_theme_mod_default_value_with_percent_symbols with data set #8" class="Tests_Option_Theme_Mods" classname="Tests_Option_Theme_Mods" file="/home/meng/Desktop/wptest/wordpress-develop/tests/phpunit/tests/option/themeMods.php" line="40" assertions="1" time="0.042309"/>
          <testcase name="test_theme_mod_default_value_with_percent_symbols with data set #9" class="Tests_Option_Theme_Mods" classname="Tests_Option_Theme_Mods" file="/home/meng/Desktop/wptest/wordpress-develop/tests/phpunit/tests/option/themeMods.php" line="40" assertions="1" time="0.040397"/>
          <testcase name="test_theme_mod_default_value_with_percent_symbols with data set #10" class="Tests_Option_Theme_Mods" classname="Tests_Option_Theme_Mods" file="/home/meng/Desktop/wptest/wordpress-develop/tests/phpunit/tests/option/themeMods.php" line="40" assertions="1" time="0.041106"/>
          <testcase name="test_theme_mod_default_value_with_percent_symbols with data set #11" class="Tests_Option_Theme_Mods" classname="Tests_Option_Theme_Mods" file="/home/meng/Desktop/wptest/wordpress-develop/tests/phpunit/tests/option/themeMods.php" line="40" assertions="1" time="0.039604"/>
          <testcase name="test_theme_mod_default_value_with_percent_symbols with data set #12" class="Tests_Option_Theme_Mods" classname="Tests_Option_Theme_Mods" file="/home/meng/Desktop/wptest/wordpress-develop/tests/phpunit/tests/option/themeMods.php" line="40" assertions="1" time="0.039144"/>
        </testsuite>
      </testsuite>
      <testsuite name="Tests_Option_Transient" file="/home/meng/Desktop/wptest/wordpress-develop/tests/phpunit/tests/option/transient.php" tests="6" assertions="33" errors="0" failures="0" skipped="0" time="0.252332">
        <testcase name="test_the_basics" class="Tests_Option_Transient" classname="Tests_Option_Transient" file="/home/meng/Desktop/wptest/wordpress-develop/tests/phpunit/tests/option/transient.php" line="16" assertions="9" time="0.041563"/>
        <testcase name="test_serialized_data" class="Tests_Option_Transient" classname="Tests_Option_Transient" file="/home/meng/Desktop/wptest/wordpress-develop/tests/phpunit/tests/option/transient.php" line="32" assertions="5" time="0.039462"/>
        <testcase name="test_transient_data_with_timeout" class="Tests_Option_Transient" classname="Tests_Option_Transient" file="/home/meng/Desktop/wptest/wordpress-develop/tests/phpunit/tests/option/transient.php" line="51" assertions="7" time="0.044378"/>
        <testcase name="test_transient_add_timeout" class="Tests_Option_Transient" classname="Tests_Option_Transient" file="/home/meng/Desktop/wptest/wordpress-develop/tests/phpunit/tests/option/transient.php" line="72" assertions="7" time="0.048720"/>
        <testcase name="test_nonexistent_key_dont_delete_if_false" class="Tests_Option_Transient" classname="Tests_Option_Transient" file="/home/meng/Desktop/wptest/wordpress-develop/tests/phpunit/tests/option/transient.php" line="95" assertions="2" time="0.039475"/>
        <testcase name="test_nonexistent_key_old_timeout" class="Tests_Option_Transient" classname="Tests_Option_Transient" file="/home/meng/Desktop/wptest/wordpress-develop/tests/phpunit/tests/option/transient.php" line="123" assertions="3" time="0.038734"/>
      </testsuite>
      <testsuite name="Tests_Option_UpdateOption" file="/home/meng/Desktop/wptest/wordpress-develop/tests/phpunit/tests/option/updateOption.php" tests="9" assertions="21" errors="0" failures="0" skipped="0" time="0.335128">
        <testcase name="test_should_respect_default_option_filter_when_option_does_not_yet_exist_in_database" class="Tests_Option_UpdateOption" classname="Tests_Option_UpdateOption" file="/home/meng/Desktop/wptest/wordpress-develop/tests/phpunit/tests/option/updateOption.php" line="10" assertions="2" time="0.037120"/>
        <testcase name="test_should_set_autoload_yes_for_nonexistent_option_when_autoload_param_is_missing" class="Tests_Option_UpdateOption" classname="Tests_Option_UpdateOption" file="/home/meng/Desktop/wptest/wordpress-develop/tests/phpunit/tests/option/updateOption.php" line="22" assertions="2" time="0.041890"/>
        <testcase name="test_should_set_autoload_yes_for_nonexistent_option_when_autoload_param_is_yes" class="Tests_Option_UpdateOption" classname="Tests_Option_UpdateOption" file="/home/meng/Desktop/wptest/wordpress-develop/tests/phpunit/tests/option/updateOption.php" line="42" assertions="2" time="0.037697"/>
        <testcase name="test_should_set_autoload_no_for_nonexistent_option_when_autoload_param_is_no" class="Tests_Option_UpdateOption" classname="Tests_Option_UpdateOption" file="/home/meng/Desktop/wptest/wordpress-develop/tests/phpunit/tests/option/updateOption.php" line="62" assertions="2" time="0.037979"/>
        <testcase name="test_should_set_autoload_no_for_nonexistent_option_when_autoload_param_is_false" class="Tests_Option_UpdateOption" classname="Tests_Option_UpdateOption" file="/home/meng/Desktop/wptest/wordpress-develop/tests/phpunit/tests/option/updateOption.php" line="83" assertions="2" time="0.037986"/>
        <testcase name="test_autoload_should_be_updated_for_existing_option_when_value_is_changed" class="Tests_Option_UpdateOption" classname="Tests_Option_UpdateOption" file="/home/meng/Desktop/wptest/wordpress-develop/tests/phpunit/tests/option/updateOption.php" line="104" assertions="3" time="0.036611"/>
        <testcase name="test_autoload_should_not_be_updated_for_existing_option_when_value_is_unchanged" class="Tests_Option_UpdateOption" classname="Tests_Option_UpdateOption" file="/home/meng/Desktop/wptest/wordpress-develop/tests/phpunit/tests/option/updateOption.php" line="125" assertions="3" time="0.035530"/>
        <testcase name="test_autoload_should_not_be_updated_for_existing_option_when_value_is_changed_but_no_value_of_autoload_is_provided" class="Tests_Option_UpdateOption" classname="Tests_Option_UpdateOption" file="/home/meng/Desktop/wptest/wordpress-develop/tests/phpunit/tests/option/updateOption.php" line="147" assertions="3" time="0.036072"/>
        <testcase name="test_update_option_array_with_object" class="Tests_Option_UpdateOption" classname="Tests_Option_UpdateOption" file="/home/meng/Desktop/wptest/wordpress-develop/tests/phpunit/tests/option/updateOption.php" line="171" assertions="2" time="0.034243"/>
      </testsuite>
      <testsuite name="Tests_User_Settings" file="/home/meng/Desktop/wptest/wordpress-develop/tests/phpunit/tests/option/userSettings.php" tests="3" assertions="6" errors="0" failures="0" skipped="0" time="0.308469">
        <testcase name="test_set_user_setting" class="Tests_User_Settings" classname="Tests_User_Settings" file="/home/meng/Desktop/wptest/wordpress-develop/tests/phpunit/tests/option/userSettings.php" line="23" assertions="2" time="0.098239"/>
        <testcase name="test_set_user_setting_dashes" class="Tests_User_Settings" classname="Tests_User_Settings" file="/home/meng/Desktop/wptest/wordpress-develop/tests/phpunit/tests/option/userSettings.php" line="33" assertions="2" time="0.103734"/>
        <testcase name="test_set_user_setting_strip_asterisks" class="Tests_User_Settings" classname="Tests_User_Settings" file="/home/meng/Desktop/wptest/wordpress-develop/tests/phpunit/tests/option/userSettings.php" line="43" assertions="2" time="0.106496"/>
      </testsuite>
      <testsuite name="Tests_Option_WP_Load_Alloptions" file="/home/meng/Desktop/wptest/wordpress-develop/tests/phpunit/tests/option/wpLoadAllOptions.php" tests="6" assertions="6" errors="0" failures="0" skipped="0" time="0.208243">
        <testcase name="test_if_alloptions_is_cached" class="Tests_Option_WP_Load_Alloptions" classname="Tests_Option_WP_Load_Alloptions" file="/home/meng/Desktop/wptest/wordpress-develop/tests/phpunit/tests/option/wpLoadAllOptions.php" line="15" assertions="1" time="0.039693"/>
        <testcase name="test_if_cached_alloptions_is_deleted" class="Tests_Option_WP_Load_Alloptions" classname="Tests_Option_WP_Load_Alloptions" file="/home/meng/Desktop/wptest/wordpress-develop/tests/phpunit/tests/option/wpLoadAllOptions.php" line="22" assertions="1" time="0.033462"/>
        <testcase name="test_if_alloptions_are_retrieved_from_cache" class="Tests_Option_WP_Load_Alloptions" classname="Tests_Option_WP_Load_Alloptions" file="/home/meng/Desktop/wptest/wordpress-develop/tests/phpunit/tests/option/wpLoadAllOptions.php" line="29" assertions="1" time="0.033363"/>
        <testcase name="test_if_alloptions_are_retrieved_from_database" class="Tests_Option_WP_Load_Alloptions" classname="Tests_Option_WP_Load_Alloptions" file="/home/meng/Desktop/wptest/wordpress-develop/tests/phpunit/tests/option/wpLoadAllOptions.php" line="42" assertions="1" time="0.034249"/>
        <testcase name="test_filter_pre_cache_alloptions_is_called" class="Tests_Option_WP_Load_Alloptions" classname="Tests_Option_WP_Load_Alloptions" file="/home/meng/Desktop/wptest/wordpress-develop/tests/phpunit/tests/option/wpLoadAllOptions.php" line="59" assertions="1" time="0.034071"/>
        <testcase name="test_filter_pre_cache_alloptions_is_not_called" class="Tests_Option_WP_Load_Alloptions" classname="Tests_Option_WP_Load_Alloptions" file="/home/meng/Desktop/wptest/wordpress-develop/tests/phpunit/tests/option/wpLoadAllOptions.php" line="85" assertions="1" time="0.033405"/>
      </testsuite>
      <testsuite name="Tests_Pluggable" file="/home/meng/Desktop/wptest/wordpress-develop/tests/phpunit/tests/pluggable.php" tests="60" assertions="582" errors="0" failures="0" skipped="0" time="2.216489">
        <testsuite name="Tests_Pluggable::test_pluggable_function_signatures_match" tests="59" assertions="464" errors="0" failures="0" skipped="0" time="2.177207">
          <testcase name="test_pluggable_function_signatures_match with data set #0" class="Tests_Pluggable" classname="Tests_Pluggable" file="/home/meng/Desktop/wptest/wordpress-develop/tests/phpunit/tests/pluggable.php" line="16" assertions="3" time="0.031929"/>
          <testcase name="test_pluggable_function_signatures_match with data set #1" class="Tests_Pluggable" classname="Tests_Pluggable" file="/home/meng/Desktop/wptest/wordpress-develop/tests/phpunit/tests/pluggable.php" line="16" assertions="20" time="0.034559"/>
          <testcase name="test_pluggable_function_signatures_match with data set #2" class="Tests_Pluggable" classname="Tests_Pluggable" file="/home/meng/Desktop/wptest/wordpress-develop/tests/phpunit/tests/pluggable.php" line="16" assertions="5" time="0.036308"/>
          <testcase name="test_pluggable_function_signatures_match with data set #3" class="Tests_Pluggable" classname="Tests_Pluggable" file="/home/meng/Desktop/wptest/wordpress-develop/tests/phpunit/tests/pluggable.php" line="16" assertions="11" time="0.034469"/>
          <testcase name="test_pluggable_function_signatures_match with data set #4" class="Tests_Pluggable" classname="Tests_Pluggable" file="/home/meng/Desktop/wptest/wordpress-develop/tests/phpunit/tests/pluggable.php" line="16" assertions="3" time="0.036978"/>
          <testcase name="test_pluggable_function_signatures_match with data set #5" class="Tests_Pluggable" classname="Tests_Pluggable" file="/home/meng/Desktop/wptest/wordpress-develop/tests/phpunit/tests/pluggable.php" line="16" assertions="3" time="0.034689"/>
          <testcase name="test_pluggable_function_signatures_match with data set #6" class="Tests_Pluggable" classname="Tests_Pluggable" file="/home/meng/Desktop/wptest/wordpress-develop/tests/phpunit/tests/pluggable.php" line="16" assertions="8" time="0.036609"/>
          <testcase name="test_pluggable_function_signatures_match with data set #7" class="Tests_Pluggable" classname="Tests_Pluggable" file="/home/meng/Desktop/wptest/wordpress-develop/tests/phpunit/tests/pluggable.php" line="16" assertions="3" time="0.035360"/>
          <testcase name="test_pluggable_function_signatures_match with data set #8" class="Tests_Pluggable" classname="Tests_Pluggable" file="/home/meng/Desktop/wptest/wordpress-develop/tests/phpunit/tests/pluggable.php" line="16" assertions="5" time="0.035826"/>
          <testcase name="test_pluggable_function_signatures_match with data set #9" class="Tests_Pluggable" classname="Tests_Pluggable" file="/home/meng/Desktop/wptest/wordpress-develop/tests/phpunit/tests/pluggable.php" line="16" assertions="7" time="0.035864"/>
          <testcase name="test_pluggable_function_signatures_match with data set #10" class="Tests_Pluggable" classname="Tests_Pluggable" file="/home/meng/Desktop/wptest/wordpress-develop/tests/phpunit/tests/pluggable.php" line="16" assertions="5" time="0.034153"/>
          <testcase name="test_pluggable_function_signatures_match with data set #11" class="Tests_Pluggable" classname="Tests_Pluggable" file="/home/meng/Desktop/wptest/wordpress-develop/tests/phpunit/tests/pluggable.php" line="16" assertions="15" time="0.035853"/>
          <testcase name="test_pluggable_function_signatures_match with data set #12" class="Tests_Pluggable" classname="Tests_Pluggable" file="/home/meng/Desktop/wptest/wordpress-develop/tests/phpunit/tests/pluggable.php" line="16" assertions="7" time="0.036052"/>
          <testcase name="test_pluggable_function_signatures_match with data set #13" class="Tests_Pluggable" classname="Tests_Pluggable" file="/home/meng/Desktop/wptest/wordpress-develop/tests/phpunit/tests/pluggable.php" line="16" assertions="3" time="0.035120"/>
          <testcase name="test_pluggable_function_signatures_match with data set #14" class="Tests_Pluggable" classname="Tests_Pluggable" file="/home/meng/Desktop/wptest/wordpress-develop/tests/phpunit/tests/pluggable.php" line="16" assertions="9" time="0.035369"/>
          <testcase name="test_pluggable_function_signatures_match with data set #15" class="Tests_Pluggable" classname="Tests_Pluggable" file="/home/meng/Desktop/wptest/wordpress-develop/tests/phpunit/tests/pluggable.php" line="16" assertions="13" time="0.036087"/>
          <testcase name="test_pluggable_function_signatures_match with data set #16" class="Tests_Pluggable" classname="Tests_Pluggable" file="/home/meng/Desktop/wptest/wordpress-develop/tests/phpunit/tests/pluggable.php" line="16" assertions="9" time="0.035378"/>
          <testcase name="test_pluggable_function_signatures_match with data set #17" class="Tests_Pluggable" classname="Tests_Pluggable" file="/home/meng/Desktop/wptest/wordpress-develop/tests/phpunit/tests/pluggable.php" line="16" assertions="14" time="0.034261"/>
          <testcase name="test_pluggable_function_signatures_match with data set #18" class="Tests_Pluggable" classname="Tests_Pluggable" file="/home/meng/Desktop/wptest/wordpress-develop/tests/phpunit/tests/pluggable.php" line="16" assertions="3" time="0.034034"/>
          <testcase name="test_pluggable_function_signatures_match with data set #19" class="Tests_Pluggable" classname="Tests_Pluggable" file="/home/meng/Desktop/wptest/wordpress-develop/tests/phpunit/tests/pluggable.php" line="16" assertions="3" time="0.036048"/>
          <testcase name="test_pluggable_function_signatures_match with data set #20" class="Tests_Pluggable" classname="Tests_Pluggable" file="/home/meng/Desktop/wptest/wordpress-develop/tests/phpunit/tests/pluggable.php" line="16" assertions="3" time="0.035234"/>
          <testcase name="test_pluggable_function_signatures_match with data set #21" class="Tests_Pluggable" classname="Tests_Pluggable" file="/home/meng/Desktop/wptest/wordpress-develop/tests/phpunit/tests/pluggable.php" line="16" assertions="9" time="0.034269"/>
          <testcase name="test_pluggable_function_signatures_match with data set #22" class="Tests_Pluggable" classname="Tests_Pluggable" file="/home/meng/Desktop/wptest/wordpress-develop/tests/phpunit/tests/pluggable.php" line="16" assertions="12" time="0.034223"/>
          <testcase name="test_pluggable_function_signatures_match with data set #23" class="Tests_Pluggable" classname="Tests_Pluggable" file="/home/meng/Desktop/wptest/wordpress-develop/tests/phpunit/tests/pluggable.php" line="16" assertions="11" time="0.035360"/>
          <testcase name="test_pluggable_function_signatures_match with data set #24" class="Tests_Pluggable" classname="Tests_Pluggable" file="/home/meng/Desktop/wptest/wordpress-develop/tests/phpunit/tests/pluggable.php" line="16" assertions="5" time="0.033889"/>
          <testcase name="test_pluggable_function_signatures_match with data set #25" class="Tests_Pluggable" classname="Tests_Pluggable" file="/home/meng/Desktop/wptest/wordpress-develop/tests/phpunit/tests/pluggable.php" line="16" assertions="5" time="0.035142"/>
          <testcase name="test_pluggable_function_signatures_match with data set #26" class="Tests_Pluggable" classname="Tests_Pluggable" file="/home/meng/Desktop/wptest/wordpress-develop/tests/phpunit/tests/pluggable.php" line="16" assertions="11" time="0.039691"/>
          <testcase name="test_pluggable_function_signatures_match with data set #27" class="Tests_Pluggable" classname="Tests_Pluggable" file="/home/meng/Desktop/wptest/wordpress-develop/tests/phpunit/tests/pluggable.php" line="16" assertions="8" time="0.034044"/>
          <testcase name="test_pluggable_function_signatures_match with data set #28" class="Tests_Pluggable" classname="Tests_Pluggable" file="/home/meng/Desktop/wptest/wordpress-develop/tests/phpunit/tests/pluggable.php" line="16" assertions="8" time="0.034115"/>
          <testcase name="test_pluggable_function_signatures_match with data set #29" class="Tests_Pluggable" classname="Tests_Pluggable" file="/home/meng/Desktop/wptest/wordpress-develop/tests/phpunit/tests/pluggable.php" line="16" assertions="5" time="0.033832"/>
          <testcase name="test_pluggable_function_signatures_match with data set #30" class="Tests_Pluggable" classname="Tests_Pluggable" file="/home/meng/Desktop/wptest/wordpress-develop/tests/phpunit/tests/pluggable.php" line="16" assertions="5" time="0.034196"/>
          <testcase name="test_pluggable_function_signatures_match with data set #31" class="Tests_Pluggable" classname="Tests_Pluggable" file="/home/meng/Desktop/wptest/wordpress-develop/tests/phpunit/tests/pluggable.php" line="16" assertions="11" time="0.033151"/>
          <testcase name="test_pluggable_function_signatures_match with data set #32" class="Tests_Pluggable" classname="Tests_Pluggable" file="/home/meng/Desktop/wptest/wordpress-develop/tests/phpunit/tests/pluggable.php" line="16" assertions="3" time="0.034052"/>
          <testcase name="test_pluggable_function_signatures_match with data set #33" class="Tests_Pluggable" classname="Tests_Pluggable" file="/home/meng/Desktop/wptest/wordpress-develop/tests/phpunit/tests/pluggable.php" line="16" assertions="8" time="0.037511"/>
          <testcase name="test_pluggable_function_signatures_match with data set #34" class="Tests_Pluggable" classname="Tests_Pluggable" file="/home/meng/Desktop/wptest/wordpress-develop/tests/phpunit/tests/pluggable.php" line="16" assertions="6" time="0.040065"/>
          <testcase name="test_pluggable_function_signatures_match with data set #35" class="Tests_Pluggable" classname="Tests_Pluggable" file="/home/meng/Desktop/wptest/wordpress-develop/tests/phpunit/tests/pluggable.php" line="16" assertions="6" time="0.040274"/>
          <testcase name="test_pluggable_function_signatures_match with data set #36" class="Tests_Pluggable" classname="Tests_Pluggable" file="/home/meng/Desktop/wptest/wordpress-develop/tests/phpunit/tests/pluggable.php" line="16" assertions="8" time="0.042296"/>
          <testcase name="test_pluggable_function_signatures_match with data set #37" class="Tests_Pluggable" classname="Tests_Pluggable" file="/home/meng/Desktop/wptest/wordpress-develop/tests/phpunit/tests/pluggable.php" line="16" assertions="5" time="0.043386"/>
          <testcase name="test_pluggable_function_signatures_match with data set #38" class="Tests_Pluggable" classname="Tests_Pluggable" file="/home/meng/Desktop/wptest/wordpress-develop/tests/phpunit/tests/pluggable.php" line="16" assertions="10" time="0.044671"/>
          <testcase name="test_pluggable_function_signatures_match with data set #39" class="Tests_Pluggable" classname="Tests_Pluggable" file="/home/meng/Desktop/wptest/wordpress-develop/tests/phpunit/tests/pluggable.php" line="16" assertions="12" time="0.041005"/>
          <testcase name="test_pluggable_function_signatures_match with data set #40" class="Tests_Pluggable" classname="Tests_Pluggable" file="/home/meng/Desktop/wptest/wordpress-develop/tests/phpunit/tests/pluggable.php" line="16" assertions="9" time="0.039481"/>
          <testcase name="test_pluggable_function_signatures_match with data set #41" class="Tests_Pluggable" classname="Tests_Pluggable" file="/home/meng/Desktop/wptest/wordpress-develop/tests/phpunit/tests/pluggable.php" line="16" assertions="7" time="0.040364"/>
          <testcase name="test_pluggable_function_signatures_match with data set #42" class="Tests_Pluggable" classname="Tests_Pluggable" file="/home/meng/Desktop/wptest/wordpress-develop/tests/phpunit/tests/pluggable.php" line="16" assertions="17" time="0.038813"/>
          <testcase name="test_pluggable_function_signatures_match with data set #43" class="Tests_Pluggable" classname="Tests_Pluggable" file="/home/meng/Desktop/wptest/wordpress-develop/tests/phpunit/tests/pluggable.php" line="16" assertions="10" time="0.035259"/>
          <testcase name="test_pluggable_function_signatures_match with data set #44" class="Tests_Pluggable" classname="Tests_Pluggable" file="/home/meng/Desktop/wptest/wordpress-develop/tests/phpunit/tests/pluggable.php" line="16" assertions="13" time="0.036724"/>
          <testcase name="test_pluggable_function_signatures_match with data set #45" class="Tests_Pluggable" classname="Tests_Pluggable" file="/home/meng/Desktop/wptest/wordpress-develop/tests/phpunit/tests/pluggable.php" line="16" assertions="3" time="0.032417"/>
          <testcase name="test_pluggable_function_signatures_match with data set #46" class="Tests_Pluggable" classname="Tests_Pluggable" file="/home/meng/Desktop/wptest/wordpress-develop/tests/phpunit/tests/pluggable.php" line="16" assertions="11" time="0.043011"/>
          <testcase name="test_pluggable_function_signatures_match with data set #47" class="Tests_Pluggable" classname="Tests_Pluggable" file="/home/meng/Desktop/wptest/wordpress-develop/tests/phpunit/tests/pluggable.php" line="16" assertions="8" time="0.040674"/>
          <testcase name="test_pluggable_function_signatures_match with data set #48" class="Tests_Pluggable" classname="Tests_Pluggable" file="/home/meng/Desktop/wptest/wordpress-develop/tests/phpunit/tests/pluggable.php" line="16" assertions="3" time="0.038473"/>
          <testcase name="test_pluggable_function_signatures_match with data set #49" class="Tests_Pluggable" classname="Tests_Pluggable" file="/home/meng/Desktop/wptest/wordpress-develop/tests/phpunit/tests/pluggable.php" line="16" assertions="14" time="0.040243"/>
          <testcase name="test_pluggable_function_signatures_match with data set #50" class="Tests_Pluggable" classname="Tests_Pluggable" file="/home/meng/Desktop/wptest/wordpress-develop/tests/phpunit/tests/pluggable.php" line="16" assertions="11" time="0.036699"/>
          <testcase name="test_pluggable_function_signatures_match with data set #51" class="Tests_Pluggable" classname="Tests_Pluggable" file="/home/meng/Desktop/wptest/wordpress-develop/tests/phpunit/tests/pluggable.php" line="16" assertions="11" time="0.040850"/>
          <testcase name="test_pluggable_function_signatures_match with data set #52" class="Tests_Pluggable" classname="Tests_Pluggable" file="/home/meng/Desktop/wptest/wordpress-develop/tests/phpunit/tests/pluggable.php" line="16" assertions="3" time="0.039677"/>
          <testcase name="test_pluggable_function_signatures_match with data set #53" class="Tests_Pluggable" classname="Tests_Pluggable" file="/home/meng/Desktop/wptest/wordpress-develop/tests/phpunit/tests/pluggable.php" line="16" assertions="13" time="0.041587"/>
          <testcase name="test_pluggable_function_signatures_match with data set #54" class="Tests_Pluggable" classname="Tests_Pluggable" file="/home/meng/Desktop/wptest/wordpress-develop/tests/phpunit/tests/pluggable.php" line="16" assertions="13" time="0.039441"/>
          <testcase name="test_pluggable_function_signatures_match with data set #55" class="Tests_Pluggable" classname="Tests_Pluggable" file="/home/meng/Desktop/wptest/wordpress-develop/tests/phpunit/tests/pluggable.php" line="16" assertions="5" time="0.035555"/>
          <testcase name="test_pluggable_function_signatures_match with data set #56" class="Tests_Pluggable" classname="Tests_Pluggable" file="/home/meng/Desktop/wptest/wordpress-develop/tests/phpunit/tests/pluggable.php" line="16" assertions="5" time="0.039633"/>
          <testcase name="test_pluggable_function_signatures_match with data set #57" class="Tests_Pluggable" classname="Tests_Pluggable" file="/home/meng/Desktop/wptest/wordpress-develop/tests/phpunit/tests/pluggable.php" line="16" assertions="5" time="0.035806"/>
          <testcase name="test_pluggable_function_signatures_match with data set #58" class="Tests_Pluggable" classname="Tests_Pluggable" file="/home/meng/Desktop/wptest/wordpress-develop/tests/phpunit/tests/pluggable.php" line="16" assertions="3" time="0.037149"/>
        </testsuite>
        <testcase name="test_all_pluggable_functions_exist" class="Tests_Pluggable" classname="Tests_Pluggable" file="/home/meng/Desktop/wptest/wordpress-develop/tests/phpunit/tests/pluggable.php" line="57" assertions="118" time="0.039282"/>
      </testsuite>
      <testsuite name="Tests_POMO_MO" file="/home/meng/Desktop/wptest/wordpress-develop/tests/phpunit/tests/pomo/mo.php" tests="9" assertions="36" errors="0" failures="0" skipped="1" time="0.338828">
        <testcase name="test_mo_simple" class="Tests_POMO_MO" classname="Tests_POMO_MO" file="/home/meng/Desktop/wptest/wordpress-develop/tests/phpunit/tests/pomo/mo.php" line="8" assertions="4" time="0.033089"/>
        <testcase name="test_mo_plural" class="Tests_POMO_MO" classname="Tests_POMO_MO" file="/home/meng/Desktop/wptest/wordpress-develop/tests/phpunit/tests/pomo/mo.php" line="23" assertions="14" time="0.038080"/>
        <testcase name="test_mo_context" class="Tests_POMO_MO" classname="Tests_POMO_MO" file="/home/meng/Desktop/wptest/wordpress-develop/tests/phpunit/tests/pomo/mo.php" line="49" assertions="5" time="0.039611"/>
        <testcase name="test_translations_merge" class="Tests_POMO_MO" classname="Tests_POMO_MO" file="/home/meng/Desktop/wptest/wordpress-develop/tests/phpunit/tests/pomo/mo.php" line="76" assertions="2" time="0.034134"/>
        <testcase name="test_export_mo_file" class="Tests_POMO_MO" classname="Tests_POMO_MO" file="/home/meng/Desktop/wptest/wordpress-develop/tests/phpunit/tests/pomo/mo.php" line="88" assertions="6" time="0.048312"/>
        <testcase name="test_export_should_not_include_empty_translations" class="Tests_POMO_MO" classname="Tests_POMO_MO" file="/home/meng/Desktop/wptest/wordpress-develop/tests/phpunit/tests/pomo/mo.php" line="146" assertions="1" time="0.036129"/>
        <testcase name="test_nplurals_with_backslashn" class="Tests_POMO_MO" classname="Tests_POMO_MO" file="/home/meng/Desktop/wptest/wordpress-develop/tests/phpunit/tests/pomo/mo.php" line="165" assertions="3" time="0.037522"/>
        <testcase name="test_overloaded_mb_functions" class="Tests_POMO_MO" classname="Tests_POMO_MO" file="/home/meng/Desktop/wptest/wordpress-develop/tests/phpunit/tests/pomo/mo.php" line="180" assertions="0" time="0.037586">
          <skipped/>
        </testcase>
        <testcase name="test_load_pot_file" class="Tests_POMO_MO" classname="Tests_POMO_MO" file="/home/meng/Desktop/wptest/wordpress-develop/tests/phpunit/tests/pomo/mo.php" line="190" assertions="1" time="0.034366"/>
      </testsuite>
      <testsuite name="Tests_POMO_NOOPTranslations" file="/home/meng/Desktop/wptest/wordpress-develop/tests/phpunit/tests/pomo/noopTranslations.php" tests="6" assertions="8" errors="0" failures="0" skipped="0" time="0.208939">
        <testcase name="test_get_header" class="Tests_POMO_NOOPTranslations" classname="Tests_POMO_NOOPTranslations" file="/home/meng/Desktop/wptest/wordpress-develop/tests/phpunit/tests/pomo/noopTranslations.php" line="20" assertions="1" time="0.035572"/>
        <testcase name="test_add_entry" class="Tests_POMO_NOOPTranslations" classname="Tests_POMO_NOOPTranslations" file="/home/meng/Desktop/wptest/wordpress-develop/tests/phpunit/tests/pomo/noopTranslations.php" line="24" assertions="1" time="0.034022"/>
        <testcase name="test_set_header" class="Tests_POMO_NOOPTranslations" classname="Tests_POMO_NOOPTranslations" file="/home/meng/Desktop/wptest/wordpress-develop/tests/phpunit/tests/pomo/noopTranslations.php" line="29" assertions="1" time="0.036213"/>
        <testcase name="test_translate_entry" class="Tests_POMO_NOOPTranslations" classname="Tests_POMO_NOOPTranslations" file="/home/meng/Desktop/wptest/wordpress-develop/tests/phpunit/tests/pomo/noopTranslations.php" line="34" assertions="1" time="0.032683"/>
        <testcase name="test_translate" class="Tests_POMO_NOOPTranslations" classname="Tests_POMO_NOOPTranslations" file="/home/meng/Desktop/wptest/wordpress-develop/tests/phpunit/tests/pomo/noopTranslations.php" line="39" assertions="1" time="0.035586"/>
        <testcase name="test_plural" class="Tests_POMO_NOOPTranslations" classname="Tests_POMO_NOOPTranslations" file="/home/meng/Desktop/wptest/wordpress-develop/tests/phpunit/tests/pomo/noopTranslations.php" line="44" assertions="3" time="0.034863"/>
      </testsuite>
      <testsuite name="PluralFormsTest" file="/home/meng/Desktop/wptest/wordpress-develop/tests/phpunit/tests/pomo/pluralForms.php" tests="12" assertions="20" errors="0" failures="0" skipped="0" time="0.460227">
        <testsuite name="PluralFormsTest::test_simple" tests="4" assertions="4" errors="0" failures="0" skipped="0" time="0.139468">
          <testcase name="test_simple with data set #0" class="PluralFormsTest" classname="PluralFormsTest" file="/home/meng/Desktop/wptest/wordpress-develop/tests/phpunit/tests/pomo/pluralForms.php" line="149" assertions="1" time="0.034836"/>
          <testcase name="test_simple with data set #1" class="PluralFormsTest" classname="PluralFormsTest" file="/home/meng/Desktop/wptest/wordpress-develop/tests/phpunit/tests/pomo/pluralForms.php" line="149" assertions="1" time="0.034563"/>
          <testcase name="test_simple with data set #2" class="PluralFormsTest" classname="PluralFormsTest" file="/home/meng/Desktop/wptest/wordpress-develop/tests/phpunit/tests/pomo/pluralForms.php" line="149" assertions="1" time="0.033801"/>
          <testcase name="test_simple with data set #3" class="PluralFormsTest" classname="PluralFormsTest" file="/home/meng/Desktop/wptest/wordpress-develop/tests/phpunit/tests/pomo/pluralForms.php" line="149" assertions="1" time="0.036268"/>
        </testsuite>
        <testsuite name="PluralFormsTest::test_exceptions" tests="7" assertions="14" errors="0" failures="0" skipped="0" time="0.279763">
          <testcase name="test_exceptions with data set #0" class="PluralFormsTest" classname="PluralFormsTest" file="/home/meng/Desktop/wptest/wordpress-develop/tests/phpunit/tests/pomo/pluralForms.php" line="205" assertions="2" time="0.037467"/>
          <testcase name="test_exceptions with data set #1" class="PluralFormsTest" classname="PluralFormsTest" file="/home/meng/Desktop/wptest/wordpress-develop/tests/phpunit/tests/pomo/pluralForms.php" line="205" assertions="2" time="0.037786"/>
          <testcase name="test_exceptions with data set #2" class="PluralFormsTest" classname="PluralFormsTest" file="/home/meng/Desktop/wptest/wordpress-develop/tests/phpunit/tests/pomo/pluralForms.php" line="205" assertions="2" time="0.041540"/>
          <testcase name="test_exceptions with data set #3" class="PluralFormsTest" classname="PluralFormsTest" file="/home/meng/Desktop/wptest/wordpress-develop/tests/phpunit/tests/pomo/pluralForms.php" line="205" assertions="2" time="0.039934"/>
          <testcase name="test_exceptions with data set #4" class="PluralFormsTest" classname="PluralFormsTest" file="/home/meng/Desktop/wptest/wordpress-develop/tests/phpunit/tests/pomo/pluralForms.php" line="205" assertions="2" time="0.039876"/>
          <testcase name="test_exceptions with data set #5" class="PluralFormsTest" classname="PluralFormsTest" file="/home/meng/Desktop/wptest/wordpress-develop/tests/phpunit/tests/pomo/pluralForms.php" line="205" assertions="2" time="0.044875"/>
          <testcase name="test_exceptions with data set #6" class="PluralFormsTest" classname="PluralFormsTest" file="/home/meng/Desktop/wptest/wordpress-develop/tests/phpunit/tests/pomo/pluralForms.php" line="205" assertions="2" time="0.038284"/>
        </testsuite>
        <testcase name="test_cache" class="PluralFormsTest" classname="PluralFormsTest" file="/home/meng/Desktop/wptest/wordpress-develop/tests/phpunit/tests/pomo/pluralForms.php" line="218" assertions="2" time="0.040997"/>
      </testsuite>
      <testsuite name="Tests_POMO_PO" file="/home/meng/Desktop/wptest/wordpress-develop/tests/phpunit/tests/pomo/po.php" tests="11" assertions="43" errors="0" failures="0" skipped="0" time="0.441561">
        <testcase name="test_prepend_each_line" class="Tests_POMO_PO" classname="Tests_POMO_PO" file="/home/meng/Desktop/wptest/wordpress-develop/tests/phpunit/tests/pomo/po.php" line="44" assertions="3" time="0.041127"/>
        <testcase name="test_poify" class="Tests_POMO_PO" classname="Tests_POMO_PO" file="/home/meng/Desktop/wptest/wordpress-develop/tests/phpunit/tests/pomo/po.php" line="51" assertions="7" time="0.036598"/>
        <testcase name="test_unpoify" class="Tests_POMO_PO" classname="Tests_POMO_PO" file="/home/meng/Desktop/wptest/wordpress-develop/tests/phpunit/tests/pomo/po.php" line="70" assertions="6" time="0.035767"/>
        <testcase name="test_export_entry" class="Tests_POMO_PO" classname="Tests_POMO_PO" file="/home/meng/Desktop/wptest/wordpress-develop/tests/phpunit/tests/pomo/po.php" line="81" assertions="10" time="0.036508"/>
        <testcase name="test_export_entries" class="Tests_POMO_PO" classname="Tests_POMO_PO" file="/home/meng/Desktop/wptest/wordpress-develop/tests/phpunit/tests/pomo/po.php" line="206" assertions="1" time="0.045943"/>
        <testcase name="test_export_headers" class="Tests_POMO_PO" classname="Tests_POMO_PO" file="/home/meng/Desktop/wptest/wordpress-develop/tests/phpunit/tests/pomo/po.php" line="215" assertions="1" time="0.040329"/>
        <testcase name="test_export" class="Tests_POMO_PO" classname="Tests_POMO_PO" file="/home/meng/Desktop/wptest/wordpress-develop/tests/phpunit/tests/pomo/po.php" line="222" assertions="2" time="0.039528"/>
        <testcase name="test_export_to_file" class="Tests_POMO_PO" classname="Tests_POMO_PO" file="/home/meng/Desktop/wptest/wordpress-develop/tests/phpunit/tests/pomo/po.php" line="235" assertions="2" time="0.038175"/>
        <testcase name="test_import_from_file" class="Tests_POMO_PO" classname="Tests_POMO_PO" file="/home/meng/Desktop/wptest/wordpress-develop/tests/phpunit/tests/pomo/po.php" line="253" assertions="8" time="0.055123"/>
        <testcase name="test_import_from_entry_file_should_give_false" class="Tests_POMO_PO" classname="Tests_POMO_PO" file="/home/meng/Desktop/wptest/wordpress-develop/tests/phpunit/tests/pomo/po.php" line="312" assertions="1" time="0.036015"/>
        <testcase name="test_import_from_file_with_windows_line_endings_should_work_as_with_unix_line_endings" class="Tests_POMO_PO" classname="Tests_POMO_PO" file="/home/meng/Desktop/wptest/wordpress-develop/tests/phpunit/tests/pomo/po.php" line="317" assertions="2" time="0.036448"/>
      </testsuite>
      <testsuite name="Tests_POMO_TranslationEntry" file="/home/meng/Desktop/wptest/wordpress-develop/tests/phpunit/tests/pomo/translationEntry.php" tests="2" assertions="13" errors="0" failures="0" skipped="0" time="0.073913">
        <testcase name="test_create_entry" class="Tests_POMO_TranslationEntry" classname="Tests_POMO_TranslationEntry" file="/home/meng/Desktop/wptest/wordpress-develop/tests/phpunit/tests/pomo/translationEntry.php" line="8" assertions="9" time="0.038685"/>
        <testcase name="test_key" class="Tests_POMO_TranslationEntry" classname="Tests_POMO_TranslationEntry" file="/home/meng/Desktop/wptest/wordpress-develop/tests/phpunit/tests/pomo/translationEntry.php" line="32" assertions="4" time="0.035228"/>
      </testsuite>
      <testsuite name="Tests_POMO_Translations" file="/home/meng/Desktop/wptest/wordpress-develop/tests/phpunit/tests/pomo/translations.php" tests="4" assertions="22" errors="0" failures="0" skipped="0" time="0.176219">
        <testcase name="test_add_entry" class="Tests_POMO_Translations" classname="Tests_POMO_Translations" file="/home/meng/Desktop/wptest/wordpress-develop/tests/phpunit/tests/pomo/translations.php" line="8" assertions="6" time="0.039674"/>
        <testcase name="test_translate" class="Tests_POMO_Translations" classname="Tests_POMO_Translations" file="/home/meng/Desktop/wptest/wordpress-develop/tests/phpunit/tests/pomo/translations.php" line="45" assertions="4" time="0.043350"/>
        <testcase name="test_translate_plural" class="Tests_POMO_Translations" classname="Tests_POMO_Translations" file="/home/meng/Desktop/wptest/wordpress-develop/tests/phpunit/tests/pomo/translations.php" line="68" assertions="10" time="0.040095"/>
        <testcase name="test_digit_and_merge" class="Tests_POMO_Translations" classname="Tests_POMO_Translations" file="/home/meng/Desktop/wptest/wordpress-develop/tests/phpunit/tests/pomo/translations.php" line="108" assertions="2" time="0.053100"/>
      </testsuite>
      <testsuite name="Tests_Post" file="/home/meng/Desktop/wptest/wordpress-develop/tests/phpunit/tests/post.php" tests="53" assertions="239" errors="0" failures="0" skipped="1" time="5.033021">
        <testcase name="test_vb_insert_get_delete" class="Tests_Post" classname="Tests_Post" file="/home/meng/Desktop/wptest/wordpress-develop/tests/phpunit/tests/post.php" line="62" assertions="29" time="0.213689"/>
        <testcase name="test_vb_insert_future" class="Tests_Post" classname="Tests_Post" file="/home/meng/Desktop/wptest/wordpress-develop/tests/phpunit/tests/post.php" line="123" assertions="8" time="0.070288"/>
        <testcase name="test_vb_insert_future_over_dst" class="Tests_Post" classname="Tests_Post" file="/home/meng/Desktop/wptest/wordpress-develop/tests/phpunit/tests/post.php" line="157" assertions="6" time="0.113818"/>
        <testcase name="test_vb_insert_future_edit_bug" class="Tests_Post" classname="Tests_Post" file="/home/meng/Desktop/wptest/wordpress-develop/tests/phpunit/tests/post.php" line="203" assertions="6" time="0.106060"/>
        <testcase name="test_vb_insert_future_draft" class="Tests_Post" classname="Tests_Post" file="/home/meng/Desktop/wptest/wordpress-develop/tests/phpunit/tests/post.php" line="246" assertions="8" time="0.060052"/>
        <testcase name="test_vb_insert_future_change_to_draft" class="Tests_Post" classname="Tests_Post" file="/home/meng/Desktop/wptest/wordpress-develop/tests/phpunit/tests/post.php" line="281" assertions="6" time="0.099558"/>
        <testcase name="test_vb_insert_future_change_status" class="Tests_Post" classname="Tests_Post" file="/home/meng/Desktop/wptest/wordpress-develop/tests/phpunit/tests/post.php" line="322" assertions="36" time="0.356922"/>
        <testcase name="test_vb_insert_future_private" class="Tests_Post" classname="Tests_Post" file="/home/meng/Desktop/wptest/wordpress-develop/tests/phpunit/tests/post.php" line="367" assertions="8" time="0.059671"/>
        <testcase name="test_vb_insert_invalid_date" class="Tests_Post" classname="Tests_Post" file="/home/meng/Desktop/wptest/wordpress-develop/tests/phpunit/tests/post.php" line="403" assertions="3" time="0.046130"/>
        <testcase name="test_vb_insert_future_change_to_private" class="Tests_Post" classname="Tests_Post" file="/home/meng/Desktop/wptest/wordpress-develop/tests/phpunit/tests/post.php" line="424" assertions="6" time="0.100334"/>
        <testcase name="test_wp_insert_post_should_not_allow_a_bare_numeric_slug_that_might_conflict_with_a_date_archive_when_generating_from_an_empty_post_title" class="Tests_Post" classname="Tests_Post" file="/home/meng/Desktop/wptest/wordpress-develop/tests/phpunit/tests/post.php" line="465" assertions="1" time="0.087315"/>
        <testcase name="test_wp_insert_post_should_invalidate_post_cache_before_generating_guid_when_post_name_is_empty_and_is_generated_from_the_post_ID" class="Tests_Post" classname="Tests_Post" file="/home/meng/Desktop/wptest/wordpress-develop/tests/phpunit/tests/post.php" line="488" assertions="1" time="0.060944"/>
        <testcase name="test_wp_insert_post_with_meta_input" class="Tests_Post" classname="Tests_Post" file="/home/meng/Desktop/wptest/wordpress-develop/tests/phpunit/tests/post.php" line="507" assertions="2" time="0.072510"/>
        <testcase name="test_delete_future_post_cron" class="Tests_Post" classname="Tests_Post" file="/home/meng/Desktop/wptest/wordpress-develop/tests/phpunit/tests/post.php" line="530" assertions="2" time="0.109264"/>
        <testcase name="test_permalink_without_title" class="Tests_Post" classname="Tests_Post" file="/home/meng/Desktop/wptest/wordpress-develop/tests/phpunit/tests/post.php" line="561" assertions="1" time="0.085021"/>
        <testcase name="test_wp_publish_post" class="Tests_Post" classname="Tests_Post" file="/home/meng/Desktop/wptest/wordpress-develop/tests/phpunit/tests/post.php" line="582" assertions="2" time="0.077802"/>
        <testcase name="test_wp_insert_post_and_wp_publish_post_with_future_date" class="Tests_Post" classname="Tests_Post" file="/home/meng/Desktop/wptest/wordpress-develop/tests/phpunit/tests/post.php" line="597" assertions="4" time="0.087824"/>
        <testcase name="test_wp_insert_post_should_default_to_publish_if_post_date_is_within_59_seconds_from_current_time" class="Tests_Post" classname="Tests_Post" file="/home/meng/Desktop/wptest/wordpress-develop/tests/phpunit/tests/post.php" line="620" assertions="2" time="0.078228"/>
        <testcase name="test_publish_post_with_content_filtering" class="Tests_Post" classname="Tests_Post" file="/home/meng/Desktop/wptest/wordpress-develop/tests/phpunit/tests/post.php" line="636" assertions="3" time="0.112999"/>
        <testcase name="test_wp_publish_post_and_avoid_content_filtering" class="Tests_Post" classname="Tests_Post" file="/home/meng/Desktop/wptest/wordpress-develop/tests/phpunit/tests/post.php" line="661" assertions="3" time="0.083161"/>
        <testcase name="test_get_post_ancestors_within_loop" class="Tests_Post" classname="Tests_Post" file="/home/meng/Desktop/wptest/wordpress-develop/tests/phpunit/tests/post.php" line="681" assertions="1" time="0.095396"/>
        <testcase name="test_update_invalid_post_id" class="Tests_Post" classname="Tests_Post" file="/home/meng/Desktop/wptest/wordpress-develop/tests/phpunit/tests/post.php" line="691" assertions="4" time="0.074962"/>
        <testcase name="test_parse_post_content_single_page" class="Tests_Post" classname="Tests_Post" file="/home/meng/Desktop/wptest/wordpress-develop/tests/phpunit/tests/post.php" line="705" assertions="4" time="0.071388"/>
        <testcase name="test_parse_post_content_multi_page" class="Tests_Post" classname="Tests_Post" file="/home/meng/Desktop/wptest/wordpress-develop/tests/phpunit/tests/post.php" line="716" assertions="4" time="0.075163"/>
        <testcase name="test_parse_post_content_remaining_single_page" class="Tests_Post" classname="Tests_Post" file="/home/meng/Desktop/wptest/wordpress-develop/tests/phpunit/tests/post.php" line="727" assertions="4" time="0.074954"/>
        <testcase name="test_parse_post_content_remaining_multi_page" class="Tests_Post" classname="Tests_Post" file="/home/meng/Desktop/wptest/wordpress-develop/tests/phpunit/tests/post.php" line="738" assertions="4" time="0.070857"/>
        <testcase name="test_parse_post_content_starting_with_nextpage" class="Tests_Post" classname="Tests_Post" file="/home/meng/Desktop/wptest/wordpress-develop/tests/phpunit/tests/post.php" line="752" assertions="4" time="0.071841"/>
        <testcase name="test_parse_post_content_starting_with_nextpage_multi" class="Tests_Post" classname="Tests_Post" file="/home/meng/Desktop/wptest/wordpress-develop/tests/phpunit/tests/post.php" line="766" assertions="4" time="0.070281"/>
        <testcase name="test_insert_programmatic_sanitized" class="Tests_Post" classname="Tests_Post" file="/home/meng/Desktop/wptest/wordpress-develop/tests/phpunit/tests/post.php" line="780" assertions="3" time="0.062485"/>
        <testcase name="test_wp_count_posts" class="Tests_Post" classname="Tests_Post" file="/home/meng/Desktop/wptest/wordpress-develop/tests/phpunit/tests/post.php" line="806" assertions="2" time="0.064535"/>
        <testcase name="test_wp_count_posts_filtered" class="Tests_Post" classname="Tests_Post" file="/home/meng/Desktop/wptest/wordpress-develop/tests/phpunit/tests/post.php" line="821" assertions="2" time="0.096104"/>
        <testcase name="test_wp_count_posts_insert_invalidation" class="Tests_Post" classname="Tests_Post" file="/home/meng/Desktop/wptest/wordpress-develop/tests/phpunit/tests/post.php" line="846" assertions="5" time="0.146252"/>
        <testcase name="test_wp_count_posts_trash_invalidation" class="Tests_Post" classname="Tests_Post" file="/home/meng/Desktop/wptest/wordpress-develop/tests/phpunit/tests/post.php" line="864" assertions="5" time="0.158008"/>
        <testcase name="test_wp_count_posts_status_changes_visible" class="Tests_Post" classname="Tests_Post" file="/home/meng/Desktop/wptest/wordpress-develop/tests/phpunit/tests/post.php" line="885" assertions="2" time="0.120630"/>
        <testcase name="test_wp_tag_cloud_link_with_post_type" class="Tests_Post" classname="Tests_Post" file="/home/meng/Desktop/wptest/wordpress-develop/tests/phpunit/tests/post.php" line="901" assertions="3" time="0.082825"/>
        <testcase name="test_utf8mb3_post_saves_with_emoji" class="Tests_Post" classname="Tests_Post" file="/home/meng/Desktop/wptest/wordpress-develop/tests/phpunit/tests/post.php" line="934" assertions="0" time="0.042791">
          <skipped/>
        </testcase>
        <testcase name="test_wp_insert_post_default_comment_ping_status_open" class="Tests_Post" classname="Tests_Post" file="/home/meng/Desktop/wptest/wordpress-develop/tests/phpunit/tests/post.php" line="970" assertions="2" time="0.061095"/>
        <testcase name="test_wp_insert_post_page_default_comment_ping_status_closed" class="Tests_Post" classname="Tests_Post" file="/home/meng/Desktop/wptest/wordpress-develop/tests/phpunit/tests/post.php" line="988" assertions="2" time="0.059255"/>
        <testcase name="test_wp_insert_post_cpt_default_comment_ping_status_open" class="Tests_Post" classname="Tests_Post" file="/home/meng/Desktop/wptest/wordpress-develop/tests/phpunit/tests/post.php" line="1007" assertions="2" time="0.059301"/>
        <testcase name="test_wp_insert_post_cpt_default_comment_ping_status_closed" class="Tests_Post" classname="Tests_Post" file="/home/meng/Desktop/wptest/wordpress-develop/tests/phpunit/tests/post.php" line="1029" assertions="2" time="0.068334"/>
        <testcase name="test_user_without_publish_cannot_affect_sticky" class="Tests_Post" classname="Tests_Post" file="/home/meng/Desktop/wptest/wordpress-develop/tests/phpunit/tests/post.php" line="1054" assertions="7" time="0.130145"/>
        <testcase name="test_user_without_publish_cannot_affect_sticky_with_edit_post" class="Tests_Post" classname="Tests_Post" file="/home/meng/Desktop/wptest/wordpress-develop/tests/phpunit/tests/post.php" line="1092" assertions="7" time="0.121512"/>
        <testcase name="test_hooks_fire_when_post_gets_stuck_and_unstuck" class="Tests_Post" classname="Tests_Post" file="/home/meng/Desktop/wptest/wordpress-develop/tests/phpunit/tests/post.php" line="1132" assertions="5" time="0.064580"/>
        <testcase name="test_post_updates_without_slug_provided" class="Tests_Post" classname="Tests_Post" file="/home/meng/Desktop/wptest/wordpress-develop/tests/phpunit/tests/post.php" line="1160" assertions="1" time="0.094760"/>
        <testcase name="test_wp_insert_post_author_zero" class="Tests_Post" classname="Tests_Post" file="/home/meng/Desktop/wptest/wordpress-develop/tests/phpunit/tests/post.php" line="1183" assertions="1" time="0.068476"/>
        <testcase name="test_wp_insert_post_author_null" class="Tests_Post" classname="Tests_Post" file="/home/meng/Desktop/wptest/wordpress-develop/tests/phpunit/tests/post.php" line="1192" assertions="1" time="0.075942"/>
        <testcase name="test_wp_insert_post_should_respect_post_date_gmt" class="Tests_Post" classname="Tests_Post" file="/home/meng/Desktop/wptest/wordpress-develop/tests/phpunit/tests/post.php" line="1201" assertions="5" time="0.076169"/>
        <testcase name="test_wp_delete_post_reassign_hierarchical_post_type" class="Tests_Post" classname="Tests_Post" file="/home/meng/Desktop/wptest/wordpress-develop/tests/phpunit/tests/post.php" line="1222" assertions="3" time="0.109125"/>
        <testcase name="test_wp_insert_post_for_customize_changeset_should_not_drop_post_name" class="Tests_Post" classname="Tests_Post" file="/home/meng/Desktop/wptest/wordpress-develop/tests/phpunit/tests/post.php" line="1249" assertions="7" time="0.186608"/>
        <testcase name="test_pre_wp_unique_post_slug_filter" class="Tests_Post" classname="Tests_Post" file="/home/meng/Desktop/wptest/wordpress-develop/tests/phpunit/tests/post.php" line="1302" assertions="1" time="0.071048"/>
        <testcase name="test_insert_post_should_respect_date_floating_post_status_arg" class="Tests_Post" classname="Tests_Post" file="/home/meng/Desktop/wptest/wordpress-develop/tests/phpunit/tests/post.php" line="1325" assertions="1" time="0.064907"/>
        <testcase name="test_insert_post_should_respect_date_floating_post_status_arg_not_set" class="Tests_Post" classname="Tests_Post" file="/home/meng/Desktop/wptest/wordpress-develop/tests/phpunit/tests/post.php" line="1343" assertions="1" time="0.069660"/>
        <testcase name="test_update_post_should_only_modify_post_tags_if_different_tags_input_was_provided" class="Tests_Post" classname="Tests_Post" file="/home/meng/Desktop/wptest/wordpress-develop/tests/phpunit/tests/post.php" line="1367" assertions="3" time="0.192042"/>
      </testsuite>
      <testsuite name="Tests_Post_Attachments" file="/home/meng/Desktop/wptest/wordpress-develop/tests/phpunit/tests/post/attachments.php" tests="19" assertions="45" errors="0" failures="0" skipped="3" time="0.997764">
        <testcase name="test_insert_bogus_image" class="Tests_Post_Attachments" classname="Tests_Post_Attachments" file="/home/meng/Desktop/wptest/wordpress-develop/tests/phpunit/tests/post/attachments.php" line="16" assertions="1" time="0.040187"/>
        <testcase name="test_insert_image_no_thumb" class="Tests_Post_Attachments" classname="Tests_Post_Attachments" file="/home/meng/Desktop/wptest/wordpress-develop/tests/phpunit/tests/post/attachments.php" line="24" assertions="13" time="0.066390"/>
        <testcase name="test_insert_image_thumb_only" class="Tests_Post_Attachments" classname="Tests_Post_Attachments" file="/home/meng/Desktop/wptest/wordpress-develop/tests/phpunit/tests/post/attachments.php" line="60" assertions="0" time="0.000777">
          <skipped/>
        </testcase>
        <testcase name="test_insert_image_medium_sizes" class="Tests_Post_Attachments" classname="Tests_Post_Attachments" file="/home/meng/Desktop/wptest/wordpress-develop/tests/phpunit/tests/post/attachments.php" line="111" assertions="0" time="0.000949">
          <skipped/>
        </testcase>
        <testcase name="test_insert_image_delete" class="Tests_Post_Attachments" classname="Tests_Post_Attachments" file="/home/meng/Desktop/wptest/wordpress-develop/tests/phpunit/tests/post/attachments.php" line="168" assertions="0" time="0.000640">
          <skipped/>
        </testcase>
        <testcase name="test_insert_image_without_guid" class="Tests_Post_Attachments" classname="Tests_Post_Attachments" file="/home/meng/Desktop/wptest/wordpress-develop/tests/phpunit/tests/post/attachments.php" line="216" assertions="2" time="0.067985"/>
        <testcase name="test_update_attachment_fields" class="Tests_Post_Attachments" classname="Tests_Post_Attachments" file="/home/meng/Desktop/wptest/wordpress-develop/tests/phpunit/tests/post/attachments.php" line="234" assertions="2" time="0.086864"/>
        <testcase name="test_update_orphan_attachment_parent" class="Tests_Post_Attachments" classname="Tests_Post_Attachments" file="/home/meng/Desktop/wptest/wordpress-develop/tests/phpunit/tests/post/attachments.php" line="260" assertions="3" time="0.086158"/>
        <testcase name="test_wp_get_attachment_url_should_not_force_https_when_current_page_is_non_ssl_and_siteurl_is_non_ssl" class="Tests_Post_Attachments" classname="Tests_Post_Attachments" file="/home/meng/Desktop/wptest/wordpress-develop/tests/phpunit/tests/post/attachments.php" line="289" assertions="2" time="0.064060"/>
        <testcase name="test_wp_get_attachment_url_should_not_force_https_when_current_page_is_non_ssl_and_siteurl_is_ssl" class="Tests_Post_Attachments" classname="Tests_Post_Attachments" file="/home/meng/Desktop/wptest/wordpress-develop/tests/phpunit/tests/post/attachments.php" line="314" assertions="2" time="0.063499"/>
        <testcase name="test_wp_get_attachment_url_should_force_https_with_https_on_same_host_when_siteurl_is_non_ssl_but_ssl_is_available" class="Tests_Post_Attachments" classname="Tests_Post_Attachments" file="/home/meng/Desktop/wptest/wordpress-develop/tests/phpunit/tests/post/attachments.php" line="339" assertions="2" time="0.074133"/>
        <testcase name="test_wp_get_attachment_url_with_https_on_same_host_when_siteurl_is_https" class="Tests_Post_Attachments" classname="Tests_Post_Attachments" file="/home/meng/Desktop/wptest/wordpress-develop/tests/phpunit/tests/post/attachments.php" line="367" assertions="2" time="0.067635"/>
        <testcase name="test_wp_get_attachment_url_should_not_force_https_when_administering_over_https_but_siteurl_is_not_https" class="Tests_Post_Attachments" classname="Tests_Post_Attachments" file="/home/meng/Desktop/wptest/wordpress-develop/tests/phpunit/tests/post/attachments.php" line="395" assertions="2" time="0.072556"/>
        <testcase name="test_wp_get_attachment_url_should_force_https_when_administering_over_https_and_siteurl_is_https" class="Tests_Post_Attachments" classname="Tests_Post_Attachments" file="/home/meng/Desktop/wptest/wordpress-develop/tests/phpunit/tests/post/attachments.php" line="422" assertions="2" time="0.069019"/>
        <testcase name="test_wp_attachment_is" class="Tests_Post_Attachments" classname="Tests_Post_Attachments" file="/home/meng/Desktop/wptest/wordpress-develop/tests/phpunit/tests/post/attachments.php" line="447" assertions="4" time="0.066281"/>
        <testcase name="test_wp_attachment_is_default" class="Tests_Post_Attachments" classname="Tests_Post_Attachments" file="/home/meng/Desktop/wptest/wordpress-develop/tests/phpunit/tests/post/attachments.php" line="460" assertions="4" time="0.056664"/>
        <testcase name="test_upload_mimes_filter_is_applied" class="Tests_Post_Attachments" classname="Tests_Post_Attachments" file="/home/meng/Desktop/wptest/wordpress-develop/tests/phpunit/tests/post/attachments.php" line="482" assertions="2" time="0.039896"/>
        <testcase name="test_wp_mime_type_icon" class="Tests_Post_Attachments" classname="Tests_Post_Attachments" file="/home/meng/Desktop/wptest/wordpress-develop/tests/phpunit/tests/post/attachments.php" line="512" assertions="1" time="0.038309"/>
        <testcase name="test_wp_mime_type_icon_video" class="Tests_Post_Attachments" classname="Tests_Post_Attachments" file="/home/meng/Desktop/wptest/wordpress-develop/tests/phpunit/tests/post/attachments.php" line="521" assertions="1" time="0.035762"/>
      </testsuite>
      <testsuite name="Tests_Post_BodyClass" file="/home/meng/Desktop/wptest/wordpress-develop/tests/phpunit/tests/post/bodyClass.php" tests="2" assertions="2" errors="0" failures="0" skipped="0" time="0.158544">
        <testcase name="test_body_class" class="Tests_Post_BodyClass" classname="Tests_Post_BodyClass" file="/home/meng/Desktop/wptest/wordpress-develop/tests/phpunit/tests/post/bodyClass.php" line="15" assertions="1" time="0.081845"/>
        <testcase name="test_body_class_extra_esc_attr" class="Tests_Post_BodyClass" classname="Tests_Post_BodyClass" file="/home/meng/Desktop/wptest/wordpress-develop/tests/phpunit/tests/post/bodyClass.php" line="21" assertions="1" time="0.076699"/>
      </testsuite>
      <testsuite name="Tests_Post_Filtering" file="/home/meng/Desktop/wptest/wordpress-develop/tests/phpunit/tests/post/filtering.php" tests="5" assertions="5" errors="0" failures="0" skipped="0" time="0.385061">
        <testcase name="test_post_content_unknown_tag" class="Tests_Post_Filtering" classname="Tests_Post_Filtering" file="/home/meng/Desktop/wptest/wordpress-develop/tests/phpunit/tests/post/filtering.php" line="26" assertions="1" time="0.065177"/>
        <testcase name="test_post_content_unbalanced_tag" class="Tests_Post_Filtering" classname="Tests_Post_Filtering" file="/home/meng/Desktop/wptest/wordpress-develop/tests/phpunit/tests/post/filtering.php" line="43" assertions="1" time="0.081839"/>
        <testcase name="test_post_content_disallowed_attr" class="Tests_Post_Filtering" classname="Tests_Post_Filtering" file="/home/meng/Desktop/wptest/wordpress-develop/tests/phpunit/tests/post/filtering.php" line="60" assertions="1" time="0.089878"/>
        <testcase name="test_post_content_xhtml_empty_elem" class="Tests_Post_Filtering" classname="Tests_Post_Filtering" file="/home/meng/Desktop/wptest/wordpress-develop/tests/phpunit/tests/post/filtering.php" line="81" assertions="1" time="0.072016"/>
        <testcase name="test_post_content_nobalance_nextpage_more" class="Tests_Post_Filtering" classname="Tests_Post_Filtering" file="/home/meng/Desktop/wptest/wordpress-develop/tests/phpunit/tests/post/filtering.php" line="97" assertions="1" time="0.076151"/>
      </testsuite>
      <testsuite name="Tests_Post_Formats" file="/home/meng/Desktop/wptest/wordpress-develop/tests/phpunit/tests/post/formats.php" tests="4" assertions="47" errors="0" failures="0" skipped="0" time="0.549682">
        <testcase name="test_set_get_post_format_for_post" class="Tests_Post_Formats" classname="Tests_Post_Formats" file="/home/meng/Desktop/wptest/wordpress-develop/tests/phpunit/tests/post/formats.php" line="11" assertions="11" time="0.097810"/>
        <testcase name="test_set_get_post_format_for_page" class="Tests_Post_Formats" classname="Tests_Post_Formats" file="/home/meng/Desktop/wptest/wordpress-develop/tests/phpunit/tests/post/formats.php" line="39" assertions="12" time="0.086943"/>
        <testcase name="test_has_format" class="Tests_Post_Formats" classname="Tests_Post_Formats" file="/home/meng/Desktop/wptest/wordpress-develop/tests/phpunit/tests/post/formats.php" line="71" assertions="12" time="0.100506"/>
        <testcase name="test_get_url_in_content" class="Tests_Post_Formats" classname="Tests_Post_Formats" file="/home/meng/Desktop/wptest/wordpress-develop/tests/phpunit/tests/post/formats.php" line="100" assertions="12" time="0.264423"/>
      </testsuite>
      <testsuite name="Tests_Post_GetBodyClass" file="/home/meng/Desktop/wptest/wordpress-develop/tests/phpunit/tests/post/getBodyClass.php" tests="12" assertions="37" errors="0" failures="0" skipped="0" time="1.406142">
        <testcase name="test_with_utf8_category_slugs" class="Tests_Post_GetBodyClass" classname="Tests_Post_GetBodyClass" file="/home/meng/Desktop/wptest/wordpress-develop/tests/phpunit/tests/post/getBodyClass.php" line="18" assertions="3" time="0.170320"/>
        <testcase name="test_with_utf8_tag_slugs" class="Tests_Post_GetBodyClass" classname="Tests_Post_GetBodyClass" file="/home/meng/Desktop/wptest/wordpress-develop/tests/phpunit/tests/post/getBodyClass.php" line="37" assertions="3" time="0.176781"/>
        <testcase name="test_with_utf8_term_slugs" class="Tests_Post_GetBodyClass" classname="Tests_Post_GetBodyClass" file="/home/meng/Desktop/wptest/wordpress-develop/tests/phpunit/tests/post/getBodyClass.php" line="60" assertions="3" time="0.174296"/>
        <testcase name="test_singular_body_classes" class="Tests_Post_GetBodyClass" classname="Tests_Post_GetBodyClass" file="/home/meng/Desktop/wptest/wordpress-develop/tests/phpunit/tests/post/getBodyClass.php" line="100" assertions="3" time="0.106200"/>
        <testcase name="test_page_template_body_classes_no_template" class="Tests_Post_GetBodyClass" classname="Tests_Post_GetBodyClass" file="/home/meng/Desktop/wptest/wordpress-develop/tests/phpunit/tests/post/getBodyClass.php" line="110" assertions="2" time="0.091815"/>
        <testcase name="test_page_template_body_classes" class="Tests_Post_GetBodyClass" classname="Tests_Post_GetBodyClass" file="/home/meng/Desktop/wptest/wordpress-develop/tests/phpunit/tests/post/getBodyClass.php" line="124" assertions="4" time="0.100080"/>
        <testcase name="test_page_template_body_classes_attachment" class="Tests_Post_GetBodyClass" classname="Tests_Post_GetBodyClass" file="/home/meng/Desktop/wptest/wordpress-develop/tests/phpunit/tests/post/getBodyClass.php" line="146" assertions="4" time="0.094261"/>
        <testcase name="test_page_template_body_classes_post" class="Tests_Post_GetBodyClass" classname="Tests_Post_GetBodyClass" file="/home/meng/Desktop/wptest/wordpress-develop/tests/phpunit/tests/post/getBodyClass.php" line="168" assertions="4" time="0.103668"/>
        <testcase name="test_attachment_body_classes" class="Tests_Post_GetBodyClass" classname="Tests_Post_GetBodyClass" file="/home/meng/Desktop/wptest/wordpress-develop/tests/phpunit/tests/post/getBodyClass.php" line="186" assertions="3" time="0.132528"/>
        <testcase name="test_custom_background_class_is_added_when_theme_supports_it" class="Tests_Post_GetBodyClass" classname="Tests_Post_GetBodyClass" file="/home/meng/Desktop/wptest/wordpress-develop/tests/phpunit/tests/post/getBodyClass.php" line="209" assertions="2" time="0.075291"/>
        <testcase name="test_custom_background_class_is_not_added_when_theme_support_is_missing" class="Tests_Post_GetBodyClass" classname="Tests_Post_GetBodyClass" file="/home/meng/Desktop/wptest/wordpress-develop/tests/phpunit/tests/post/getBodyClass.php" line="226" assertions="2" time="0.085894"/>
        <testcase name="test_privacy_policy_body_class" class="Tests_Post_GetBodyClass" classname="Tests_Post_GetBodyClass" file="/home/meng/Desktop/wptest/wordpress-develop/tests/phpunit/tests/post/getBodyClass.php" line="242" assertions="4" time="0.095008"/>
      </testsuite>
      <testsuite name="Tests_Post_GetLastPostDate" file="/home/meng/Desktop/wptest/wordpress-develop/tests/phpunit/tests/post/getLastPostDate.php" tests="1" assertions="2" errors="0" failures="0" skipped="0" time="0.147545">
        <testcase name="test_get_lastpostdate" class="Tests_Post_GetLastPostDate" classname="Tests_Post_GetLastPostDate" file="/home/meng/Desktop/wptest/wordpress-develop/tests/phpunit/tests/post/getLastPostDate.php" line="11" assertions="2" time="0.147545"/>
      </testsuite>
      <testsuite name="Tests_Post_GetLastPostModified" file="/home/meng/Desktop/wptest/wordpress-develop/tests/phpunit/tests/post/getLastPostModified.php" tests="1" assertions="2" errors="0" failures="0" skipped="0" time="0.134059">
        <testcase name="test_get_lastpostmodified" class="Tests_Post_GetLastPostModified" classname="Tests_Post_GetLastPostModified" file="/home/meng/Desktop/wptest/wordpress-develop/tests/phpunit/tests/post/getLastPostModified.php" line="11" assertions="2" time="0.134059"/>
      </testsuite>
      <testsuite name="Tests_Post_GetPageByPath" file="/home/meng/Desktop/wptest/wordpress-develop/tests/phpunit/tests/post/getPageByPath.php" tests="12" assertions="32" errors="0" failures="0" skipped="0" time="0.936655">
        <testcase name="test_get_page_by_path_priority" class="Tests_Post_GetPageByPath" classname="Tests_Post_GetPageByPath" file="/home/meng/Desktop/wptest/wordpress-develop/tests/phpunit/tests/post/getPageByPath.php" line="10" assertions="4" time="0.094014"/>
        <testcase name="test_should_match_top_level_page" class="Tests_Post_GetPageByPath" classname="Tests_Post_GetPageByPath" file="/home/meng/Desktop/wptest/wordpress-develop/tests/phpunit/tests/post/getPageByPath.php" line="47" assertions="1" time="0.055128"/>
        <testcase name="test_should_obey_post_type" class="Tests_Post_GetPageByPath" classname="Tests_Post_GetPageByPath" file="/home/meng/Desktop/wptest/wordpress-develop/tests/phpunit/tests/post/getPageByPath.php" line="60" assertions="2" time="0.067436"/>
        <testcase name="test_should_match_nested_page" class="Tests_Post_GetPageByPath" classname="Tests_Post_GetPageByPath" file="/home/meng/Desktop/wptest/wordpress-develop/tests/phpunit/tests/post/getPageByPath.php" line="77" assertions="1" time="0.095262"/>
        <testcase name="test_should_not_make_partial_match" class="Tests_Post_GetPageByPath" classname="Tests_Post_GetPageByPath" file="/home/meng/Desktop/wptest/wordpress-develop/tests/phpunit/tests/post/getPageByPath.php" line="106" assertions="1" time="0.099392"/>
        <testcase name="test_should_not_match_parts_out_of_order" class="Tests_Post_GetPageByPath" classname="Tests_Post_GetPageByPath" file="/home/meng/Desktop/wptest/wordpress-develop/tests/phpunit/tests/post/getPageByPath.php" line="135" assertions="1" time="0.091696"/>
        <testcase name="test_should_hit_cache" class="Tests_Post_GetPageByPath" classname="Tests_Post_GetPageByPath" file="/home/meng/Desktop/wptest/wordpress-develop/tests/phpunit/tests/post/getPageByPath.php" line="167" assertions="3" time="0.076886"/>
        <testcase name="test_bad_path_should_be_cached" class="Tests_Post_GetPageByPath" classname="Tests_Post_GetPageByPath" file="/home/meng/Desktop/wptest/wordpress-develop/tests/phpunit/tests/post/getPageByPath.php" line="191" assertions="3" time="0.043115"/>
        <testcase name="test_bad_path_served_from_cache_should_not_fall_back_on_current_post" class="Tests_Post_GetPageByPath" classname="Tests_Post_GetPageByPath" file="/home/meng/Desktop/wptest/wordpress-develop/tests/phpunit/tests/post/getPageByPath.php" line="208" assertions="3" time="0.069612"/>
        <testcase name="test_cache_should_not_match_post_in_different_post_type_with_same_path" class="Tests_Post_GetPageByPath" classname="Tests_Post_GetPageByPath" file="/home/meng/Desktop/wptest/wordpress-develop/tests/phpunit/tests/post/getPageByPath.php" line="230" assertions="3" time="0.082921"/>
        <testcase name="test_cache_should_be_invalidated_when_post_name_is_edited" class="Tests_Post_GetPageByPath" classname="Tests_Post_GetPageByPath" file="/home/meng/Desktop/wptest/wordpress-develop/tests/phpunit/tests/post/getPageByPath.php" line="264" assertions="3" time="0.097163"/>
        <testcase name="test_output_param_should_be_obeyed_for_cached_value" class="Tests_Post_GetPageByPath" classname="Tests_Post_GetPageByPath" file="/home/meng/Desktop/wptest/wordpress-develop/tests/phpunit/tests/post/getPageByPath.php" line="296" assertions="7" time="0.064031"/>
      </testsuite>
      <testsuite name="Tests_Post_GetPageChildren" file="/home/meng/Desktop/wptest/wordpress-develop/tests/phpunit/tests/post/getPageChildren.php" tests="5" assertions="5" errors="0" failures="0" skipped="0" time="0.216686">
        <testcase name="test_page_id_0_should_return_all_pages_in_tree_and_exclude_pages_not_in_tree" class="Tests_Post_GetPageChildren" classname="Tests_Post_GetPageChildren" file="/home/meng/Desktop/wptest/wordpress-develop/tests/phpunit/tests/post/getPageChildren.php" line="68" assertions="1" time="0.040645"/>
        <testcase name="test_hierarchical_order_should_be_respected_in_results" class="Tests_Post_GetPageChildren" classname="Tests_Post_GetPageChildren" file="/home/meng/Desktop/wptest/wordpress-develop/tests/phpunit/tests/post/getPageChildren.php" line="74" assertions="1" time="0.036147"/>
        <testcase name="test_not_all_pages_should_be_returned_when_page_id_is_in_the_middle_of_the_tree" class="Tests_Post_GetPageChildren" classname="Tests_Post_GetPageChildren" file="/home/meng/Desktop/wptest/wordpress-develop/tests/phpunit/tests/post/getPageChildren.php" line="80" assertions="1" time="0.041993"/>
        <testcase name="test_page_id_that_is_a_leaf_should_return_empty_array" class="Tests_Post_GetPageChildren" classname="Tests_Post_GetPageChildren" file="/home/meng/Desktop/wptest/wordpress-develop/tests/phpunit/tests/post/getPageChildren.php" line="86" assertions="1" time="0.050092"/>
        <testcase name="test_nonzero_page_id_not_matching_any_actual_post_id_should_return_empty_array" class="Tests_Post_GetPageChildren" classname="Tests_Post_GetPageChildren" file="/home/meng/Desktop/wptest/wordpress-develop/tests/phpunit/tests/post/getPageChildren.php" line="91" assertions="1" time="0.047809"/>
      </testsuite>
      <testsuite name="Tests_Post_GetPageUri" file="/home/meng/Desktop/wptest/wordpress-develop/tests/phpunit/tests/post/getPageUri.php" tests="5" assertions="7" errors="0" failures="0" skipped="0" time="0.435224">
        <testcase name="test_get_page_uri_with_stdclass_post_object" class="Tests_Post_GetPageUri" classname="Tests_Post_GetPageUri" file="/home/meng/Desktop/wptest/wordpress-develop/tests/phpunit/tests/post/getPageUri.php" line="11" assertions="1" time="0.075576"/>
        <testcase name="test_get_page_uri_with_nonexistent_post" class="Tests_Post_GetPageUri" classname="Tests_Post_GetPageUri" file="/home/meng/Desktop/wptest/wordpress-develop/tests/phpunit/tests/post/getPageUri.php" line="25" assertions="1" time="0.042746"/>
        <testcase name="test_get_post_uri_check_orphan" class="Tests_Post_GetPageUri" classname="Tests_Post_GetPageUri" file="/home/meng/Desktop/wptest/wordpress-develop/tests/phpunit/tests/post/getPageUri.php" line="34" assertions="3" time="0.112873"/>
        <testcase name="test_get_page_uri_with_a_draft_parent_with_empty_slug" class="Tests_Post_GetPageUri" classname="Tests_Post_GetPageUri" file="/home/meng/Desktop/wptest/wordpress-develop/tests/phpunit/tests/post/getPageUri.php" line="57" assertions="1" time="0.124671"/>
        <testcase name="test_get_page_uri_without_argument" class="Tests_Post_GetPageUri" classname="Tests_Post_GetPageUri" file="/home/meng/Desktop/wptest/wordpress-develop/tests/phpunit/tests/post/getPageUri.php" line="80" assertions="1" time="0.079358"/>
      </testsuite>
      <testsuite name="Tests_Post_GetPages" file="/home/meng/Desktop/wptest/wordpress-develop/tests/phpunit/tests/post/getPages.php" tests="18" assertions="84" errors="0" failures="0" skipped="0" time="2.205391">
        <testcase name="test_get_pages_cache" class="Tests_Post_GetPages" classname="Tests_Post_GetPages" file="/home/meng/Desktop/wptest/wordpress-develop/tests/phpunit/tests/post/getPages.php" line="15" assertions="40" time="0.145286"/>
        <testcase name="test_cache_should_be_invalidated_by_add_post_meta" class="Tests_Post_GetPages" classname="Tests_Post_GetPages" file="/home/meng/Desktop/wptest/wordpress-develop/tests/phpunit/tests/post/getPages.php" line="109" assertions="2" time="0.073355"/>
        <testcase name="test_cache_should_be_invalidated_by_update_post_meta" class="Tests_Post_GetPages" classname="Tests_Post_GetPages" file="/home/meng/Desktop/wptest/wordpress-develop/tests/phpunit/tests/post/getPages.php" line="145" assertions="2" time="0.077731"/>
        <testcase name="test_cache_should_be_invalidated_by_delete_post_meta" class="Tests_Post_GetPages" classname="Tests_Post_GetPages" file="/home/meng/Desktop/wptest/wordpress-develop/tests/phpunit/tests/post/getPages.php" line="182" assertions="2" time="0.076017"/>
        <testcase name="test_cache_should_be_invalidated_by_delete_post_meta_by_key" class="Tests_Post_GetPages" classname="Tests_Post_GetPages" file="/home/meng/Desktop/wptest/wordpress-develop/tests/phpunit/tests/post/getPages.php" line="219" assertions="2" time="0.085125"/>
        <testcase name="test_get_pages_meta" class="Tests_Post_GetPages" classname="Tests_Post_GetPages" file="/home/meng/Desktop/wptest/wordpress-develop/tests/phpunit/tests/post/getPages.php" line="256" assertions="3" time="0.114152"/>
        <testcase name="test_get_pages_include_exclude" class="Tests_Post_GetPages" classname="Tests_Post_GetPages" file="/home/meng/Desktop/wptest/wordpress-develop/tests/phpunit/tests/post/getPages.php" line="290" assertions="2" time="0.385924"/>
        <testcase name="test_get_pages_parent" class="Tests_Post_GetPages" classname="Tests_Post_GetPages" file="/home/meng/Desktop/wptest/wordpress-develop/tests/phpunit/tests/post/getPages.php" line="316" assertions="6" time="0.108973"/>
        <testcase name="test_wp_dropdown_pages" class="Tests_Post_GetPages" classname="Tests_Post_GetPages" file="/home/meng/Desktop/wptest/wordpress-develop/tests/phpunit/tests/post/getPages.php" line="374" assertions="1" time="0.114241"/>
        <testcase name="test_get_chidren_fields_ids" class="Tests_Post_GetPages" classname="Tests_Post_GetPages" file="/home/meng/Desktop/wptest/wordpress-develop/tests/phpunit/tests/post/getPages.php" line="385" assertions="1" time="0.174780"/>
        <testcase name="test_get_pages_hierarchical_and_no_parent" class="Tests_Post_GetPages" classname="Tests_Post_GetPages" file="/home/meng/Desktop/wptest/wordpress-develop/tests/phpunit/tests/post/getPages.php" line="401" assertions="2" time="0.124794"/>
        <testcase name="test_get_pages_hierarchical_empty_child_of" class="Tests_Post_GetPages" classname="Tests_Post_GetPages" file="/home/meng/Desktop/wptest/wordpress-develop/tests/phpunit/tests/post/getPages.php" line="451" assertions="2" time="0.122578"/>
        <testcase name="test_get_pages_non_hierarchical_empty_child_of" class="Tests_Post_GetPages" classname="Tests_Post_GetPages" file="/home/meng/Desktop/wptest/wordpress-develop/tests/phpunit/tests/post/getPages.php" line="497" assertions="1" time="0.095969"/>
        <testcase name="test_get_pages_hierarchical_non_empty_child_of" class="Tests_Post_GetPages" classname="Tests_Post_GetPages" file="/home/meng/Desktop/wptest/wordpress-develop/tests/phpunit/tests/post/getPages.php" line="533" assertions="1" time="0.113680"/>
        <testcase name="test_get_pages_non_hierarchical_non_empty_child_of" class="Tests_Post_GetPages" classname="Tests_Post_GetPages" file="/home/meng/Desktop/wptest/wordpress-develop/tests/phpunit/tests/post/getPages.php" line="576" assertions="2" time="0.116176"/>
        <testcase name="test_wp_list_pages_classes" class="Tests_Post_GetPages" classname="Tests_Post_GetPages" file="/home/meng/Desktop/wptest/wordpress-develop/tests/phpunit/tests/post/getPages.php" line="625" assertions="5" time="0.086565"/>
        <testcase name="test_exclude_tree" class="Tests_Post_GetPages" classname="Tests_Post_GetPages" file="/home/meng/Desktop/wptest/wordpress-develop/tests/phpunit/tests/post/getPages.php" line="658" assertions="7" time="0.153501"/>
        <testcase name="test_get_pages_cache_empty" class="Tests_Post_GetPages" classname="Tests_Post_GetPages" file="/home/meng/Desktop/wptest/wordpress-develop/tests/phpunit/tests/post/getPages.php" line="708" assertions="3" time="0.036544"/>
      </testsuite>
      <testsuite name="Tests_Post_GetPostClass" file="/home/meng/Desktop/wptest/wordpress-develop/tests/phpunit/tests/post/getPostClass.php" tests="8" assertions="19" errors="0" failures="0" skipped="0" time="0.746605">
        <testcase name="test_with_tags" class="Tests_Post_GetPostClass" classname="Tests_Post_GetPostClass" file="/home/meng/Desktop/wptest/wordpress-develop/tests/phpunit/tests/post/getPostClass.php" line="15" assertions="2" time="0.091241"/>
        <testcase name="test_with_categories" class="Tests_Post_GetPostClass" classname="Tests_Post_GetPostClass" file="/home/meng/Desktop/wptest/wordpress-develop/tests/phpunit/tests/post/getPostClass.php" line="24" assertions="2" time="0.095324"/>
        <testcase name="test_with_custom_taxonomy" class="Tests_Post_GetPostClass" classname="Tests_Post_GetPostClass" file="/home/meng/Desktop/wptest/wordpress-develop/tests/phpunit/tests/post/getPostClass.php" line="37" assertions="2" time="0.086407"/>
        <testcase name="test_with_custom_classes_and_no_post" class="Tests_Post_GetPostClass" classname="Tests_Post_GetPostClass" file="/home/meng/Desktop/wptest/wordpress-develop/tests/phpunit/tests/post/getPostClass.php" line="50" assertions="3" time="0.059467"/>
        <testcase name="test_with_utf8_category_slugs" class="Tests_Post_GetPostClass" classname="Tests_Post_GetPostClass" file="/home/meng/Desktop/wptest/wordpress-develop/tests/phpunit/tests/post/getPostClass.php" line="59" assertions="3" time="0.109562"/>
        <testcase name="test_with_utf8_tag_slugs" class="Tests_Post_GetPostClass" classname="Tests_Post_GetPostClass" file="/home/meng/Desktop/wptest/wordpress-develop/tests/phpunit/tests/post/getPostClass.php" line="75" assertions="3" time="0.103041"/>
        <testcase name="test_with_utf8_term_slugs" class="Tests_Post_GetPostClass" classname="Tests_Post_GetPostClass" file="/home/meng/Desktop/wptest/wordpress-develop/tests/phpunit/tests/post/getPostClass.php" line="91" assertions="3" time="0.095845"/>
        <testcase name="test_taxonomy_classes_hit_cache" class="Tests_Post_GetPostClass" classname="Tests_Post_GetPostClass" file="/home/meng/Desktop/wptest/wordpress-develop/tests/phpunit/tests/post/getPostClass.php" line="123" assertions="1" time="0.105717"/>
      </testsuite>
      <testsuite name="Tests_Post_GetPostTypeLabels" file="/home/meng/Desktop/wptest/wordpress-develop/tests/phpunit/tests/post/getPostTypeLabels.php" tests="9" assertions="12" errors="0" failures="0" skipped="0" time="0.327402">
        <testcase name="test_returns_an_object" class="Tests_Post_GetPostTypeLabels" classname="Tests_Post_GetPostTypeLabels" file="/home/meng/Desktop/wptest/wordpress-develop/tests/phpunit/tests/post/getPostTypeLabels.php" line="7" assertions="1" time="0.035584"/>
        <testcase name="test_returns_hierachical_labels" class="Tests_Post_GetPostTypeLabels" classname="Tests_Post_GetPostTypeLabels" file="/home/meng/Desktop/wptest/wordpress-develop/tests/phpunit/tests/post/getPostTypeLabels.php" line="20" assertions="1" time="0.037930"/>
        <testcase name="test_existing_labels_are_not_overridden" class="Tests_Post_GetPostTypeLabels" classname="Tests_Post_GetPostTypeLabels" file="/home/meng/Desktop/wptest/wordpress-develop/tests/phpunit/tests/post/getPostTypeLabels.php" line="32" assertions="1" time="0.035392"/>
        <testcase name="test_name_admin_bar_label_should_fall_back_to_singular_name" class="Tests_Post_GetPostTypeLabels" classname="Tests_Post_GetPostTypeLabels" file="/home/meng/Desktop/wptest/wordpress-develop/tests/phpunit/tests/post/getPostTypeLabels.php" line="46" assertions="1" time="0.037384"/>
        <testcase name="test_name_admin_bar_label_should_fall_back_to_post_type_name" class="Tests_Post_GetPostTypeLabels" classname="Tests_Post_GetPostTypeLabels" file="/home/meng/Desktop/wptest/wordpress-develop/tests/phpunit/tests/post/getPostTypeLabels.php" line="61" assertions="1" time="0.034530"/>
        <testcase name="test_menu_name_should_fall_back_to_name" class="Tests_Post_GetPostTypeLabels" classname="Tests_Post_GetPostTypeLabels" file="/home/meng/Desktop/wptest/wordpress-develop/tests/phpunit/tests/post/getPostTypeLabels.php" line="73" assertions="1" time="0.036397"/>
        <testcase name="test_labels_should_be_added_when_registering_a_post_type" class="Tests_Post_GetPostTypeLabels" classname="Tests_Post_GetPostTypeLabels" file="/home/meng/Desktop/wptest/wordpress-develop/tests/phpunit/tests/post/getPostTypeLabels.php" line="87" assertions="3" time="0.037019"/>
        <testcase name="test_label_should_be_derived_from_labels_when_registering_a_post_type" class="Tests_Post_GetPostTypeLabels" classname="Tests_Post_GetPostTypeLabels" file="/home/meng/Desktop/wptest/wordpress-develop/tests/phpunit/tests/post/getPostTypeLabels.php" line="104" assertions="1" time="0.037160"/>
        <testcase name="test_should_fall_back_on_defaults_when_filtered_labels_do_not_contain_the_keys" class="Tests_Post_GetPostTypeLabels" classname="Tests_Post_GetPostTypeLabels" file="/home/meng/Desktop/wptest/wordpress-develop/tests/phpunit/tests/post/getPostTypeLabels.php" line="122" assertions="2" time="0.036006"/>
      </testsuite>
      <testsuite name="Tests_Post_GetPosts" file="/home/meng/Desktop/wptest/wordpress-develop/tests/phpunit/tests/post/getPosts.php" tests="6" assertions="6" errors="0" failures="0" skipped="0" time="0.570525">
        <testcase name="test_offset_should_be_null_by_default" class="Tests_Post_GetPosts" classname="Tests_Post_GetPosts" file="/home/meng/Desktop/wptest/wordpress-develop/tests/phpunit/tests/post/getPosts.php" line="8" assertions="1" time="0.088737"/>
        <testcase name="test_offset_0_should_be_respected" class="Tests_Post_GetPosts" classname="Tests_Post_GetPosts" file="/home/meng/Desktop/wptest/wordpress-develop/tests/phpunit/tests/post/getPosts.php" line="32" assertions="1" time="0.094299"/>
        <testcase name="test_offset_non_0_should_be_respected" class="Tests_Post_GetPosts" classname="Tests_Post_GetPosts" file="/home/meng/Desktop/wptest/wordpress-develop/tests/phpunit/tests/post/getPosts.php" line="57" assertions="1" time="0.093265"/>
        <testcase name="test_paged_should_not_be_overridden_by_default_offset" class="Tests_Post_GetPosts" classname="Tests_Post_GetPosts" file="/home/meng/Desktop/wptest/wordpress-develop/tests/phpunit/tests/post/getPosts.php" line="85" assertions="1" time="0.092785"/>
        <testcase name="test_explicit_offset_0_should_override_paged" class="Tests_Post_GetPosts" classname="Tests_Post_GetPosts" file="/home/meng/Desktop/wptest/wordpress-develop/tests/phpunit/tests/post/getPosts.php" line="110" assertions="1" time="0.087986"/>
        <testcase name="test_explicit_offset_non_0_should_override_paged" class="Tests_Post_GetPosts" classname="Tests_Post_GetPosts" file="/home/meng/Desktop/wptest/wordpress-develop/tests/phpunit/tests/post/getPosts.php" line="136" assertions="1" time="0.113453"/>
      </testsuite>
      <testsuite name="Tests_Post_GetPostsByAuthorSql" file="/home/meng/Desktop/wptest/wordpress-develop/tests/phpunit/tests/post/getPostsByAuthorSql.php" tests="16" assertions="21" errors="0" failures="0" skipped="0" time="1.183720">
        <testcase name="test_post_type_post" class="Tests_Post_GetPostsByAuthorSql" classname="Tests_Post_GetPostsByAuthorSql" file="/home/meng/Desktop/wptest/wordpress-develop/tests/phpunit/tests/post/getPostsByAuthorSql.php" line="8" assertions="1" time="0.035220"/>
        <testcase name="test_post_type_page" class="Tests_Post_GetPostsByAuthorSql" classname="Tests_Post_GetPostsByAuthorSql" file="/home/meng/Desktop/wptest/wordpress-develop/tests/phpunit/tests/post/getPostsByAuthorSql.php" line="13" assertions="1" time="0.035316"/>
        <testcase name="test_non_existent_post_type" class="Tests_Post_GetPostsByAuthorSql" classname="Tests_Post_GetPostsByAuthorSql" file="/home/meng/Desktop/wptest/wordpress-develop/tests/phpunit/tests/post/getPostsByAuthorSql.php" line="18" assertions="1" time="0.036307"/>
        <testcase name="test_multiple_post_types" class="Tests_Post_GetPostsByAuthorSql" classname="Tests_Post_GetPostsByAuthorSql" file="/home/meng/Desktop/wptest/wordpress-develop/tests/phpunit/tests/post/getPostsByAuthorSql.php" line="23" assertions="2" time="0.042358"/>
        <testcase name="test_full_true" class="Tests_Post_GetPostsByAuthorSql" classname="Tests_Post_GetPostsByAuthorSql" file="/home/meng/Desktop/wptest/wordpress-develop/tests/phpunit/tests/post/getPostsByAuthorSql.php" line="35" assertions="1" time="0.035629"/>
        <testcase name="test_full_false" class="Tests_Post_GetPostsByAuthorSql" classname="Tests_Post_GetPostsByAuthorSql" file="/home/meng/Desktop/wptest/wordpress-develop/tests/phpunit/tests/post/getPostsByAuthorSql.php" line="40" assertions="1" time="0.036005"/>
        <testcase name="test_post_type_clause_should_be_included_when_full_is_true" class="Tests_Post_GetPostsByAuthorSql" classname="Tests_Post_GetPostsByAuthorSql" file="/home/meng/Desktop/wptest/wordpress-develop/tests/phpunit/tests/post/getPostsByAuthorSql.php" line="45" assertions="1" time="0.045557"/>
        <testcase name="test_post_type_clause_should_be_included_when_full_is_false" class="Tests_Post_GetPostsByAuthorSql" classname="Tests_Post_GetPostsByAuthorSql" file="/home/meng/Desktop/wptest/wordpress-develop/tests/phpunit/tests/post/getPostsByAuthorSql.php" line="50" assertions="1" time="0.037846"/>
        <testcase name="test_post_author_should_create_post_author_clause" class="Tests_Post_GetPostsByAuthorSql" classname="Tests_Post_GetPostsByAuthorSql" file="/home/meng/Desktop/wptest/wordpress-develop/tests/phpunit/tests/post/getPostsByAuthorSql.php" line="55" assertions="1" time="0.039953"/>
        <testcase name="test_public_only_true_should_not_allow_any_private_posts_for_loggedin_user" class="Tests_Post_GetPostsByAuthorSql" classname="Tests_Post_GetPostsByAuthorSql" file="/home/meng/Desktop/wptest/wordpress-develop/tests/phpunit/tests/post/getPostsByAuthorSql.php" line="60" assertions="1" time="0.109413"/>
        <testcase name="test_public_only_should_default_to_false" class="Tests_Post_GetPostsByAuthorSql" classname="Tests_Post_GetPostsByAuthorSql" file="/home/meng/Desktop/wptest/wordpress-develop/tests/phpunit/tests/post/getPostsByAuthorSql.php" line="71" assertions="1" time="0.107202"/>
        <testcase name="test_public_only_false_should_allow_current_user_access_to_own_private_posts_when_current_user_matches_post_author" class="Tests_Post_GetPostsByAuthorSql" classname="Tests_Post_GetPostsByAuthorSql" file="/home/meng/Desktop/wptest/wordpress-develop/tests/phpunit/tests/post/getPostsByAuthorSql.php" line="81" assertions="1" time="0.108509"/>
        <testcase name="test_public_only_false_should_not_allow_access_to_private_posts_if_current_user_is_not_post_author" class="Tests_Post_GetPostsByAuthorSql" classname="Tests_Post_GetPostsByAuthorSql" file="/home/meng/Desktop/wptest/wordpress-develop/tests/phpunit/tests/post/getPostsByAuthorSql.php" line="92" assertions="1" time="0.177898"/>
        <testcase name="test_public_only_false_should_allow_current_user_access_to_own_private_posts_when_post_author_is_not_provided" class="Tests_Post_GetPostsByAuthorSql" classname="Tests_Post_GetPostsByAuthorSql" file="/home/meng/Desktop/wptest/wordpress-develop/tests/phpunit/tests/post/getPostsByAuthorSql.php" line="104" assertions="2" time="0.096048"/>
        <testcase name="test_administrator_should_have_access_to_private_posts_when_public_only_is_false" class="Tests_Post_GetPostsByAuthorSql" classname="Tests_Post_GetPostsByAuthorSql" file="/home/meng/Desktop/wptest/wordpress-develop/tests/phpunit/tests/post/getPostsByAuthorSql.php" line="116" assertions="2" time="0.107942"/>
        <testcase name="test_user_has_access_only_to_private_posts_for_certain_post_types" class="Tests_Post_GetPostsByAuthorSql" classname="Tests_Post_GetPostsByAuthorSql" file="/home/meng/Desktop/wptest/wordpress-develop/tests/phpunit/tests/post/getPostsByAuthorSql.php" line="128" assertions="3" time="0.132516"/>
      </testsuite>
      <testsuite name="Tests_Post_GetTheContent" file="/home/meng/Desktop/wptest/wordpress-develop/tests/phpunit/tests/post/getTheContent.php" tests="5" assertions="5" errors="0" failures="0" skipped="0" time="0.401395">
        <testcase name="test_argument_back_compat_more_link_text" class="Tests_Post_GetTheContent" classname="Tests_Post_GetTheContent" file="/home/meng/Desktop/wptest/wordpress-develop/tests/phpunit/tests/post/getTheContent.php" line="11" assertions="1" time="0.075695"/>
        <testcase name="test_argument_back_compat_strip_teaser" class="Tests_Post_GetTheContent" classname="Tests_Post_GetTheContent" file="/home/meng/Desktop/wptest/wordpress-develop/tests/phpunit/tests/post/getTheContent.php" line="28" assertions="1" time="0.073299"/>
        <testcase name="test_content_other_post" class="Tests_Post_GetTheContent" classname="Tests_Post_GetTheContent" file="/home/meng/Desktop/wptest/wordpress-develop/tests/phpunit/tests/post/getTheContent.php" line="47" assertions="1" time="0.087738"/>
        <testcase name="test_should_respect_pagination_of_inner_post" class="Tests_Post_GetTheContent" classname="Tests_Post_GetTheContent" file="/home/meng/Desktop/wptest/wordpress-develop/tests/phpunit/tests/post/getTheContent.php" line="62" assertions="1" time="0.104367"/>
        <testcase name="test_should_fall_back_to_post_global_outside_of_the_loop" class="Tests_Post_GetTheContent" classname="Tests_Post_GetTheContent" file="/home/meng/Desktop/wptest/wordpress-develop/tests/phpunit/tests/post/getTheContent.php" line="82" assertions="1" time="0.060296"/>
      </testsuite>
      <testsuite name="Tests_Post_GetTheExcerpt" file="/home/meng/Desktop/wptest/wordpress-develop/tests/phpunit/tests/post/getTheExcerpt.php" tests="9" assertions="14" errors="0" failures="0" skipped="0" time="0.678269">
        <testcase name="test_the_excerpt_invalid_post" class="Tests_Post_GetTheExcerpt" classname="Tests_Post_GetTheExcerpt" file="/home/meng/Desktop/wptest/wordpress-develop/tests/phpunit/tests/post/getTheExcerpt.php" line="12" assertions="2" time="0.038896"/>
        <testcase name="test_the_excerpt_deprecated" class="Tests_Post_GetTheExcerpt" classname="Tests_Post_GetTheExcerpt" file="/home/meng/Desktop/wptest/wordpress-develop/tests/phpunit/tests/post/getTheExcerpt.php" line="21" assertions="3" time="0.037948"/>
        <testcase name="test_the_excerpt" class="Tests_Post_GetTheExcerpt" classname="Tests_Post_GetTheExcerpt" file="/home/meng/Desktop/wptest/wordpress-develop/tests/phpunit/tests/post/getTheExcerpt.php" line="29" assertions="2" time="0.073462"/>
        <testcase name="test_the_excerpt_password_protected_post" class="Tests_Post_GetTheExcerpt" classname="Tests_Post_GetTheExcerpt" file="/home/meng/Desktop/wptest/wordpress-develop/tests/phpunit/tests/post/getTheExcerpt.php" line="39" assertions="2" time="0.074345"/>
        <testcase name="test_the_excerpt_specific_post" class="Tests_Post_GetTheExcerpt" classname="Tests_Post_GetTheExcerpt" file="/home/meng/Desktop/wptest/wordpress-develop/tests/phpunit/tests/post/getTheExcerpt.php" line="55" assertions="1" time="0.093566"/>
        <testcase name="test_should_fall_back_on_post_content_if_excerpt_is_empty_and_post_is_inferred_from_context" class="Tests_Post_GetTheExcerpt" classname="Tests_Post_GetTheExcerpt" file="/home/meng/Desktop/wptest/wordpress-develop/tests/phpunit/tests/post/getTheExcerpt.php" line="64" assertions="1" time="0.079952"/>
        <testcase name="test_should_fall_back_on_post_content_if_excerpt_is_empty_and_post_is_provided" class="Tests_Post_GetTheExcerpt" classname="Tests_Post_GetTheExcerpt" file="/home/meng/Desktop/wptest/wordpress-develop/tests/phpunit/tests/post/getTheExcerpt.php" line="89" assertions="1" time="0.084783"/>
        <testcase name="test_should_respect_post_parameter_in_the_loop" class="Tests_Post_GetTheExcerpt" classname="Tests_Post_GetTheExcerpt" file="/home/meng/Desktop/wptest/wordpress-develop/tests/phpunit/tests/post/getTheExcerpt.php" line="102" assertions="1" time="0.094126"/>
        <testcase name="test_should_respect_post_parameter_in_the_loop_when_falling_back_on_post_content" class="Tests_Post_GetTheExcerpt" classname="Tests_Post_GetTheExcerpt" file="/home/meng/Desktop/wptest/wordpress-develop/tests/phpunit/tests/post/getTheExcerpt.php" line="122" assertions="1" time="0.101191"/>
      </testsuite>
      <testsuite name="Tests_Post_IsPostTypeViewable" file="/home/meng/Desktop/wptest/wordpress-develop/tests/phpunit/tests/post/isPostTypeViewable.php" tests="8" assertions="9" errors="0" failures="0" skipped="0" time="0.339402">
        <testcase name="test_should_return_false_for_non_publicly_queryable_types" class="Tests_Post_IsPostTypeViewable" classname="Tests_Post_IsPostTypeViewable" file="/home/meng/Desktop/wptest/wordpress-develop/tests/phpunit/tests/post/isPostTypeViewable.php" line="7" assertions="1" time="0.040664"/>
        <testcase name="test_should_return_true_for_publicly_queryable_types" class="Tests_Post_IsPostTypeViewable" classname="Tests_Post_IsPostTypeViewable" file="/home/meng/Desktop/wptest/wordpress-develop/tests/phpunit/tests/post/isPostTypeViewable.php" line="22" assertions="1" time="0.046459"/>
        <testcase name="test_should_return_false_for_builtin_nonpublic_types" class="Tests_Post_IsPostTypeViewable" classname="Tests_Post_IsPostTypeViewable" file="/home/meng/Desktop/wptest/wordpress-develop/tests/phpunit/tests/post/isPostTypeViewable.php" line="37" assertions="1" time="0.046528"/>
        <testcase name="test_should_return_false_for_nonbuiltin_public_types" class="Tests_Post_IsPostTypeViewable" classname="Tests_Post_IsPostTypeViewable" file="/home/meng/Desktop/wptest/wordpress-develop/tests/phpunit/tests/post/isPostTypeViewable.php" line="52" assertions="1" time="0.040875"/>
        <testcase name="test_should_return_true_for_builtin_public_types" class="Tests_Post_IsPostTypeViewable" classname="Tests_Post_IsPostTypeViewable" file="/home/meng/Desktop/wptest/wordpress-develop/tests/phpunit/tests/post/isPostTypeViewable.php" line="67" assertions="1" time="0.041498"/>
        <testcase name="test_postpage_should_be_viewable" class="Tests_Post_IsPostTypeViewable" classname="Tests_Post_IsPostTypeViewable" file="/home/meng/Desktop/wptest/wordpress-develop/tests/phpunit/tests/post/isPostTypeViewable.php" line="82" assertions="2" time="0.051382"/>
        <testcase name="test_should_accept_post_type_name" class="Tests_Post_IsPostTypeViewable" classname="Tests_Post_IsPostTypeViewable" file="/home/meng/Desktop/wptest/wordpress-develop/tests/phpunit/tests/post/isPostTypeViewable.php" line="93" assertions="1" time="0.038451"/>
        <testcase name="test_should_return_false_for_bad_post_type_name" class="Tests_Post_IsPostTypeViewable" classname="Tests_Post_IsPostTypeViewable" file="/home/meng/Desktop/wptest/wordpress-develop/tests/phpunit/tests/post/isPostTypeViewable.php" line="109" assertions="1" time="0.033546"/>
      </testsuite>
      <testsuite name="Tests_Post_Meta" file="/home/meng/Desktop/wptest/wordpress-develop/tests/phpunit/tests/post/meta.php" tests="18" assertions="91" errors="0" failures="0" skipped="0" time="0.882149">
        <testcase name="test_unique_postmeta" class="Tests_Post_Meta" classname="Tests_Post_Meta" file="/home/meng/Desktop/wptest/wordpress-develop/tests/phpunit/tests/post/meta.php" line="47" assertions="8" time="0.042500"/>
        <testcase name="test_nonunique_postmeta" class="Tests_Post_Meta" classname="Tests_Post_Meta" file="/home/meng/Desktop/wptest/wordpress-develop/tests/phpunit/tests/post/meta.php" line="70" assertions="12" time="0.043891"/>
        <testcase name="test_update_post_meta" class="Tests_Post_Meta" classname="Tests_Post_Meta" file="/home/meng/Desktop/wptest/wordpress-develop/tests/phpunit/tests/post/meta.php" line="107" assertions="14" time="0.048742"/>
        <testcase name="test_delete_post_meta" class="Tests_Post_Meta" classname="Tests_Post_Meta" file="/home/meng/Desktop/wptest/wordpress-develop/tests/phpunit/tests/post/meta.php" line="134" assertions="6" time="0.043861"/>
        <testcase name="test_delete_post_meta_by_key" class="Tests_Post_Meta" classname="Tests_Post_Meta" file="/home/meng/Desktop/wptest/wordpress-develop/tests/phpunit/tests/post/meta.php" line="151" assertions="7" time="0.046015"/>
        <testcase name="test_get_post_meta_by_id" class="Tests_Post_Meta" classname="Tests_Post_Meta" file="/home/meng/Desktop/wptest/wordpress-develop/tests/phpunit/tests/post/meta.php" line="168" assertions="4" time="0.050632"/>
        <testcase name="test_delete_meta" class="Tests_Post_Meta" classname="Tests_Post_Meta" file="/home/meng/Desktop/wptest/wordpress-develop/tests/phpunit/tests/post/meta.php" line="188" assertions="4" time="0.047277"/>
        <testcase name="test_update_meta" class="Tests_Post_Meta" classname="Tests_Post_Meta" file="/home/meng/Desktop/wptest/wordpress-develop/tests/phpunit/tests/post/meta.php" line="198" assertions="16" time="0.057642"/>
        <testcase name="test_funky_post_meta" class="Tests_Post_Meta" classname="Tests_Post_Meta" file="/home/meng/Desktop/wptest/wordpress-develop/tests/phpunit/tests/post/meta.php" line="233" assertions="2" time="0.047912"/>
        <testsuite name="Tests_Post_Meta::test_register_post_meta" tests="3" assertions="9" errors="0" failures="0" skipped="0" time="0.115687">
          <testcase name="test_register_post_meta with data set #0" class="Tests_Post_Meta" classname="Tests_Post_Meta" file="/home/meng/Desktop/wptest/wordpress-develop/tests/phpunit/tests/post/meta.php" line="256" assertions="3" time="0.038056"/>
          <testcase name="test_register_post_meta with data set #1" class="Tests_Post_Meta" classname="Tests_Post_Meta" file="/home/meng/Desktop/wptest/wordpress-develop/tests/phpunit/tests/post/meta.php" line="256" assertions="3" time="0.034636"/>
          <testcase name="test_register_post_meta with data set #2" class="Tests_Post_Meta" classname="Tests_Post_Meta" file="/home/meng/Desktop/wptest/wordpress-develop/tests/phpunit/tests/post/meta.php" line="256" assertions="3" time="0.042995"/>
        </testsuite>
        <testsuite name="Tests_Post_Meta::test_unregister_post_meta" tests="3" assertions="3" errors="0" failures="0" skipped="0" time="0.132496">
          <testcase name="test_unregister_post_meta with data set #0" class="Tests_Post_Meta" classname="Tests_Post_Meta" file="/home/meng/Desktop/wptest/wordpress-develop/tests/phpunit/tests/post/meta.php" line="291" assertions="1" time="0.043678"/>
          <testcase name="test_unregister_post_meta with data set #1" class="Tests_Post_Meta" classname="Tests_Post_Meta" file="/home/meng/Desktop/wptest/wordpress-develop/tests/phpunit/tests/post/meta.php" line="291" assertions="1" time="0.045832"/>
          <testcase name="test_unregister_post_meta with data set #2" class="Tests_Post_Meta" classname="Tests_Post_Meta" file="/home/meng/Desktop/wptest/wordpress-develop/tests/phpunit/tests/post/meta.php" line="291" assertions="1" time="0.042986"/>
        </testsuite>
        <testcase name="test_add_metadata_sets_posts_last_changed" class="Tests_Post_Meta" classname="Tests_Post_Meta" file="/home/meng/Desktop/wptest/wordpress-develop/tests/phpunit/tests/post/meta.php" line="316" assertions="2" time="0.069564"/>
        <testcase name="test_update_metadata_sets_posts_last_changed" class="Tests_Post_Meta" classname="Tests_Post_Meta" file="/home/meng/Desktop/wptest/wordpress-develop/tests/phpunit/tests/post/meta.php" line="328" assertions="2" time="0.070445"/>
        <testcase name="test_delete_metadata_sets_posts_last_changed" class="Tests_Post_Meta" classname="Tests_Post_Meta" file="/home/meng/Desktop/wptest/wordpress-develop/tests/phpunit/tests/post/meta.php" line="340" assertions="2" time="0.065485"/>
      </testsuite>
      <testsuite name="Tests_Post_Nav_Menu" file="/home/meng/Desktop/wptest/wordpress-develop/tests/phpunit/tests/post/nav-menu.php" tests="29" assertions="69" errors="0" failures="0" skipped="0" time="4.566616">
        <testcase name="test_wp_nav_menu_empty_container" class="Tests_Post_Nav_Menu" classname="Tests_Post_Nav_Menu" file="/home/meng/Desktop/wptest/wordpress-develop/tests/phpunit/tests/post/nav-menu.php" line="21" assertions="1" time="0.117573"/>
        <testcase name="test_wp_get_associated_nav_menu_items" class="Tests_Post_Nav_Menu" classname="Tests_Post_Nav_Menu" file="/home/meng/Desktop/wptest/wordpress-develop/tests/phpunit/tests/post/nav-menu.php" line="46" assertions="10" time="0.553955"/>
        <testcase name="test_orphan_nav_menu_item" class="Tests_Post_Nav_Menu" classname="Tests_Post_Nav_Menu" file="/home/meng/Desktop/wptest/wordpress-develop/tests/phpunit/tests/post/nav-menu.php" line="143" assertions="2" time="0.115691"/>
        <testcase name="test_wp_get_nav_menu_items_with_taxonomy_term" class="Tests_Post_Nav_Menu" classname="Tests_Post_Nav_Menu" file="/home/meng/Desktop/wptest/wordpress-develop/tests/phpunit/tests/post/nav-menu.php" line="176" assertions="2" time="0.144281"/>
        <testcase name="test_wp_get_nav_menu_name" class="Tests_Post_Nav_Menu" classname="Tests_Post_Nav_Menu" file="/home/meng/Desktop/wptest/wordpress-develop/tests/phpunit/tests/post/nav-menu.php" line="208" assertions="1" time="0.068696"/>
        <testcase name="test_orderby_name_by_default" class="Tests_Post_Nav_Menu" classname="Tests_Post_Nav_Menu" file="/home/meng/Desktop/wptest/wordpress-develop/tests/phpunit/tests/post/nav-menu.php" line="227" assertions="1" time="0.104097"/>
        <testcase name="test_wp_setup_nav_menu_item_for_post_type_archive" class="Tests_Post_Nav_Menu" classname="Tests_Post_Nav_Menu" file="/home/meng/Desktop/wptest/wordpress-develop/tests/phpunit/tests/post/nav-menu.php" line="256" assertions="2" time="0.093856"/>
        <testcase name="test_wp_setup_nav_menu_item_for_post_type_archive_no_description" class="Tests_Post_Nav_Menu" classname="Tests_Post_Nav_Menu" file="/home/meng/Desktop/wptest/wordpress-develop/tests/phpunit/tests/post/nav-menu.php" line="289" assertions="2" time="0.090383"/>
        <testcase name="test_wp_setup_nav_menu_item_for_post_type_archive_custom_description" class="Tests_Post_Nav_Menu" classname="Tests_Post_Nav_Menu" file="/home/meng/Desktop/wptest/wordpress-develop/tests/phpunit/tests/post/nav-menu.php" line="320" assertions="2" time="0.090208"/>
        <testcase name="test_wp_setup_nav_menu_item_for_unknown_post_type_archive_no_description" class="Tests_Post_Nav_Menu" classname="Tests_Post_Nav_Menu" file="/home/meng/Desktop/wptest/wordpress-develop/tests/phpunit/tests/post/nav-menu.php" line="355" assertions="1" time="0.089558"/>
        <testcase name="test_wp_setup_nav_menu_item_for_trashed_post" class="Tests_Post_Nav_Menu" classname="Tests_Post_Nav_Menu" file="/home/meng/Desktop/wptest/wordpress-develop/tests/phpunit/tests/post/nav-menu.php" line="376" assertions="1" time="0.106234"/>
        <testcase name="test_wp_nav_menu_whitespace_options" class="Tests_Post_Nav_Menu" classname="Tests_Post_Nav_Menu" file="/home/meng/Desktop/wptest/wordpress-develop/tests/phpunit/tests/post/nav-menu.php" line="402" assertions="4" time="0.380749"/>
        <testcase name="test_wp_nav_menu_filters_are_passed_args_object" class="Tests_Post_Nav_Menu" classname="Tests_Post_Nav_Menu" file="/home/meng/Desktop/wptest/wordpress-develop/tests/phpunit/tests/post/nav-menu.php" line="489" assertions="9" time="0.159674"/>
        <testcase name="test_no_front_page_class_applied" class="Tests_Post_Nav_Menu" classname="Tests_Post_Nav_Menu" file="/home/meng/Desktop/wptest/wordpress-develop/tests/phpunit/tests/post/nav-menu.php" line="577" assertions="1" time="0.113117"/>
        <testcase name="test_class_applied_to_front_page_item" class="Tests_Post_Nav_Menu" classname="Tests_Post_Nav_Menu" file="/home/meng/Desktop/wptest/wordpress-develop/tests/phpunit/tests/post/nav-menu.php" line="608" assertions="1" time="0.127280"/>
        <testcase name="test_class_not_applied_to_taxonomies_with_same_id_as_front_page_item" class="Tests_Post_Nav_Menu" classname="Tests_Post_Nav_Menu" file="/home/meng/Desktop/wptest/wordpress-develop/tests/phpunit/tests/post/nav-menu.php" line="641" assertions="1" time="0.145389"/>
        <testcase name="test_wp_delete_customize_changeset_dependent_auto_drafts" class="Tests_Post_Nav_Menu" classname="Tests_Post_Nav_Menu" file="/home/meng/Desktop/wptest/wordpress-develop/tests/phpunit/tests/post/nav-menu.php" line="684" assertions="6" time="0.333991"/>
        <testcase name="test_parent_ancestor_for_post_archive" class="Tests_Post_Nav_Menu" classname="Tests_Post_Nav_Menu" file="/home/meng/Desktop/wptest/wordpress-develop/tests/phpunit/tests/post/nav-menu.php" line="738" assertions="11" time="0.305611"/>
        <testsuite name="Tests_Post_Nav_Menu::test_iri_current_menu_item" tests="6" assertions="6" errors="0" failures="0" skipped="0" time="0.840669">
          <testcase name="test_iri_current_menu_item with data set #0" class="Tests_Post_Nav_Menu" classname="Tests_Post_Nav_Menu" file="/home/meng/Desktop/wptest/wordpress-develop/tests/phpunit/tests/post/nav-menu.php" line="839" assertions="1" time="0.135677"/>
          <testcase name="test_iri_current_menu_item with data set #1" class="Tests_Post_Nav_Menu" classname="Tests_Post_Nav_Menu" file="/home/meng/Desktop/wptest/wordpress-develop/tests/phpunit/tests/post/nav-menu.php" line="839" assertions="1" time="0.148029"/>
          <testcase name="test_iri_current_menu_item with data set #2" class="Tests_Post_Nav_Menu" classname="Tests_Post_Nav_Menu" file="/home/meng/Desktop/wptest/wordpress-develop/tests/phpunit/tests/post/nav-menu.php" line="839" assertions="1" time="0.156297"/>
          <testcase name="test_iri_current_menu_item with data set #3" class="Tests_Post_Nav_Menu" classname="Tests_Post_Nav_Menu" file="/home/meng/Desktop/wptest/wordpress-develop/tests/phpunit/tests/post/nav-menu.php" line="839" assertions="1" time="0.136161"/>
          <testcase name="test_iri_current_menu_item with data set #4" class="Tests_Post_Nav_Menu" classname="Tests_Post_Nav_Menu" file="/home/meng/Desktop/wptest/wordpress-develop/tests/phpunit/tests/post/nav-menu.php" line="839" assertions="1" time="0.154137"/>
          <testcase name="test_iri_current_menu_item with data set #5" class="Tests_Post_Nav_Menu" classname="Tests_Post_Nav_Menu" file="/home/meng/Desktop/wptest/wordpress-develop/tests/phpunit/tests/post/nav-menu.php" line="839" assertions="1" time="0.110368"/>
        </testsuite>
        <testcase name="test_no_privacy_policy_class_applied" class="Tests_Post_Nav_Menu" classname="Tests_Post_Nav_Menu" file="/home/meng/Desktop/wptest/wordpress-develop/tests/phpunit/tests/post/nav-menu.php" line="868" assertions="1" time="0.108456"/>
        <testcase name="test_class_applied_to_privacy_policy_page_item" class="Tests_Post_Nav_Menu" classname="Tests_Post_Nav_Menu" file="/home/meng/Desktop/wptest/wordpress-develop/tests/phpunit/tests/post/nav-menu.php" line="899" assertions="1" time="0.126434"/>
        <testsuite name="Tests_Post_Nav_Menu::test_trim_url_for_custom_item" tests="2" assertions="2" errors="0" failures="0" skipped="0" time="0.209531">
          <testcase name="test_trim_url_for_custom_item with data set #0" class="Tests_Post_Nav_Menu" classname="Tests_Post_Nav_Menu" file="/home/meng/Desktop/wptest/wordpress-develop/tests/phpunit/tests/post/nav-menu.php" line="933" assertions="1" time="0.098421"/>
          <testcase name="test_trim_url_for_custom_item with data set #1" class="Tests_Post_Nav_Menu" classname="Tests_Post_Nav_Menu" file="/home/meng/Desktop/wptest/wordpress-develop/tests/phpunit/tests/post/nav-menu.php" line="933" assertions="1" time="0.111110"/>
        </testsuite>
        <testcase name="test_wp_update_nav_menu_item_with_special_characters_in_category_name" class="Tests_Post_Nav_Menu" classname="Tests_Post_Nav_Menu" file="/home/meng/Desktop/wptest/wordpress-develop/tests/phpunit/tests/post/nav-menu.php" line="967" assertions="1" time="0.141183"/>
      </testsuite>
      <testsuite name="Tests_Post_Objects" file="/home/meng/Desktop/wptest/wordpress-develop/tests/phpunit/tests/post/objects.php" tests="10" assertions="82" errors="0" failures="0" skipped="0" time="0.919460">
        <testcase name="test_get_post" class="Tests_Post_Objects" classname="Tests_Post_Objects" file="/home/meng/Desktop/wptest/wordpress-develop/tests/phpunit/tests/post/objects.php" line="8" assertions="26" time="0.084805"/>
        <testcase name="test_get_post_ancestors" class="Tests_Post_Objects" classname="Tests_Post_Objects" file="/home/meng/Desktop/wptest/wordpress-develop/tests/phpunit/tests/post/objects.php" line="69" assertions="11" time="0.204456"/>
        <testcase name="test_get_post_ancestors_with_falsey_values" class="Tests_Post_Objects" classname="Tests_Post_Objects" file="/home/meng/Desktop/wptest/wordpress-develop/tests/phpunit/tests/post/objects.php" line="104" assertions="10" time="0.048334"/>
        <testcase name="test_get_post_category_property" class="Tests_Post_Objects" classname="Tests_Post_Objects" file="/home/meng/Desktop/wptest/wordpress-develop/tests/phpunit/tests/post/objects.php" line="111" assertions="7" time="0.122531"/>
        <testcase name="test_get_tags_input_property" class="Tests_Post_Objects" classname="Tests_Post_Objects" file="/home/meng/Desktop/wptest/wordpress-develop/tests/phpunit/tests/post/objects.php" line="130" assertions="8" time="0.104296"/>
        <testcase name="test_get_page_template_property" class="Tests_Post_Objects" classname="Tests_Post_Objects" file="/home/meng/Desktop/wptest/wordpress-develop/tests/phpunit/tests/post/objects.php" line="147" assertions="4" time="0.068912"/>
        <testcase name="test_get_post_filter" class="Tests_Post_Objects" classname="Tests_Post_Objects" file="/home/meng/Desktop/wptest/wordpress-develop/tests/phpunit/tests/post/objects.php" line="160" assertions="8" time="0.063525"/>
        <testcase name="test_get_post_identity" class="Tests_Post_Objects" classname="Tests_Post_Objects" file="/home/meng/Desktop/wptest/wordpress-develop/tests/phpunit/tests/post/objects.php" line="187" assertions="2" time="0.066732"/>
        <testcase name="test_get_post_array" class="Tests_Post_Objects" classname="Tests_Post_Objects" file="/home/meng/Desktop/wptest/wordpress-develop/tests/phpunit/tests/post/objects.php" line="196" assertions="3" time="0.076316"/>
        <testcase name="test_get_post_cache" class="Tests_Post_Objects" classname="Tests_Post_Objects" file="/home/meng/Desktop/wptest/wordpress-develop/tests/phpunit/tests/post/objects.php" line="209" assertions="3" time="0.079553"/>
      </testsuite>
      <testsuite name="Tests_Post_Output" file="/home/meng/Desktop/wptest/wordpress-develop/tests/phpunit/tests/post/output.php" tests="9" assertions="58" errors="0" failures="0" skipped="0" time="0.789858">
        <testcase name="test_the_content" class="Tests_Post_Output" classname="Tests_Post_Output" file="/home/meng/Desktop/wptest/wordpress-develop/tests/phpunit/tests/post/output.php" line="42" assertions="4" time="0.086005"/>
        <testcase name="test_the_content_shortcode" class="Tests_Post_Output" classname="Tests_Post_Output" file="/home/meng/Desktop/wptest/wordpress-develop/tests/phpunit/tests/post/output.php" line="65" assertions="4" time="0.083147"/>
        <testcase name="test_the_content_shortcode_paragraph" class="Tests_Post_Output" classname="Tests_Post_Output" file="/home/meng/Desktop/wptest/wordpress-develop/tests/phpunit/tests/post/output.php" line="93" assertions="4" time="0.075384"/>
        <testcase name="test_the_content_attribute_filtering" class="Tests_Post_Output" classname="Tests_Post_Output" file="/home/meng/Desktop/wptest/wordpress-develop/tests/phpunit/tests/post/output.php" line="131" assertions="4" time="0.075531"/>
        <testcase name="test_the_content_attribute_value_with_colon" class="Tests_Post_Output" classname="Tests_Post_Output" file="/home/meng/Desktop/wptest/wordpress-develop/tests/phpunit/tests/post/output.php" line="155" assertions="4" time="0.088451"/>
        <testcase name="test_the_content_should_handle_more_block_on_singular" class="Tests_Post_Output" classname="Tests_Post_Output" file="/home/meng/Desktop/wptest/wordpress-develop/tests/phpunit/tests/post/output.php" line="186" assertions="5" time="0.080136"/>
        <testcase name="test_the_content_should_handle_more_block_when_noteaser_on_singular" class="Tests_Post_Output" classname="Tests_Post_Output" file="/home/meng/Desktop/wptest/wordpress-develop/tests/phpunit/tests/post/output.php" line="235" assertions="5" time="0.097409"/>
        <testcase name="test_the_content_should_handle_more_block_when_non_singular" class="Tests_Post_Output" classname="Tests_Post_Output" file="/home/meng/Desktop/wptest/wordpress-develop/tests/phpunit/tests/post/output.php" line="279" assertions="13" time="0.112390"/>
        <testcase name="test_the_content_should_handle_more_block_when_noteaser_on_non_singular" class="Tests_Post_Output" classname="Tests_Post_Output" file="/home/meng/Desktop/wptest/wordpress-develop/tests/phpunit/tests/post/output.php" line="324" assertions="15" time="0.091404"/>
      </testsuite>
      <testsuite name="Tests_Post_Pings" file="/home/meng/Desktop/wptest/wordpress-develop/tests/phpunit/tests/post/pings.php" tests="7" assertions="7" errors="0" failures="0" skipped="0" time="0.513939">
        <testcase name="test_returns_to_ping_sites_from_post_id" class="Tests_Post_Pings" classname="Tests_Post_Pings" file="/home/meng/Desktop/wptest/wordpress-develop/tests/phpunit/tests/post/pings.php" line="9" assertions="1" time="0.070988"/>
        <testcase name="test_returns_to_ping_sites_from_post_object" class="Tests_Post_Pings" classname="Tests_Post_Pings" file="/home/meng/Desktop/wptest/wordpress-develop/tests/phpunit/tests/post/pings.php" line="19" assertions="1" time="0.070955"/>
        <testcase name="test_returns_pinged_sites_from_post_id" class="Tests_Post_Pings" classname="Tests_Post_Pings" file="/home/meng/Desktop/wptest/wordpress-develop/tests/phpunit/tests/post/pings.php" line="30" assertions="1" time="0.068346"/>
        <testcase name="test_returns_pinged_sites_from_post_object" class="Tests_Post_Pings" classname="Tests_Post_Pings" file="/home/meng/Desktop/wptest/wordpress-develop/tests/phpunit/tests/post/pings.php" line="35" assertions="1" time="0.062779"/>
        <testcase name="test_add_ping_with_post_id" class="Tests_Post_Pings" classname="Tests_Post_Pings" file="/home/meng/Desktop/wptest/wordpress-develop/tests/phpunit/tests/post/pings.php" line="41" assertions="1" time="0.082005"/>
        <testcase name="test_add_ping_array_with_post_id" class="Tests_Post_Pings" classname="Tests_Post_Pings" file="/home/meng/Desktop/wptest/wordpress-develop/tests/phpunit/tests/post/pings.php" line="49" assertions="1" time="0.081966"/>
        <testcase name="test_add_ping_with_post_object" class="Tests_Post_Pings" classname="Tests_Post_Pings" file="/home/meng/Desktop/wptest/wordpress-develop/tests/phpunit/tests/post/pings.php" line="55" assertions="1" time="0.076900"/>
      </testsuite>
      <testsuite name="Tests_Post_PostClass" file="/home/meng/Desktop/wptest/wordpress-develop/tests/phpunit/tests/post/postClass.php" tests="2" assertions="2" errors="0" failures="0" skipped="0" time="0.171196">
        <testcase name="test_post_class" class="Tests_Post_PostClass" classname="Tests_Post_PostClass" file="/home/meng/Desktop/wptest/wordpress-develop/tests/phpunit/tests/post/postClass.php" line="15" assertions="1" time="0.096685"/>
        <testcase name="test_post_class_extra_esc_attr" class="Tests_Post_PostClass" classname="Tests_Post_PostClass" file="/home/meng/Desktop/wptest/wordpress-develop/tests/phpunit/tests/post/postClass.php" line="21" assertions="1" time="0.074511"/>
      </testsuite>
      <testsuite name="Tests_Post_Query" file="/home/meng/Desktop/wptest/wordpress-develop/tests/phpunit/tests/post/query.php" tests="28" assertions="88" errors="0" failures="0" skipped="0" time="2.234557">
        <testcase name="test_category__and_var" class="Tests_Post_Query" classname="Tests_Post_Query" file="/home/meng/Desktop/wptest/wordpress-develop/tests/phpunit/tests/post/query.php" line="11" assertions="11" time="0.121676"/>
        <testcase name="test_empty_category__in" class="Tests_Post_Query" classname="Tests_Post_Query" file="/home/meng/Desktop/wptest/wordpress-develop/tests/phpunit/tests/post/query.php" line="53" assertions="6" time="0.121889"/>
        <testcase name="test_the_posts_filter" class="Tests_Post_Query" classname="Tests_Post_Query" file="/home/meng/Desktop/wptest/wordpress-develop/tests/phpunit/tests/post/query.php" line="82" assertions="14" time="0.149174"/>
        <testcase name="test_post__in_ordering" class="Tests_Post_Query" classname="Tests_Post_Query" file="/home/meng/Desktop/wptest/wordpress-develop/tests/phpunit/tests/post/query.php" line="131" assertions="1" time="0.125094"/>
        <testcase name="test_orderby_post__in_array" class="Tests_Post_Query" classname="Tests_Post_Query" file="/home/meng/Desktop/wptest/wordpress-develop/tests/phpunit/tests/post/query.php" line="180" assertions="1" time="0.147074"/>
        <testcase name="test_orderby_post__in_array_with_implied_order" class="Tests_Post_Query" classname="Tests_Post_Query" file="/home/meng/Desktop/wptest/wordpress-develop/tests/phpunit/tests/post/query.php" line="198" assertions="1" time="0.137561"/>
        <testcase name="test_post__in_attachment_ordering" class="Tests_Post_Query" classname="Tests_Post_Query" file="/home/meng/Desktop/wptest/wordpress-develop/tests/phpunit/tests/post/query.php" line="213" assertions="1" time="0.142230"/>
        <testcase name="test_post_name__in_ordering" class="Tests_Post_Query" classname="Tests_Post_Query" file="/home/meng/Desktop/wptest/wordpress-develop/tests/phpunit/tests/post/query.php" line="277" assertions="1" time="0.082610"/>
        <testcase name="test_post_status" class="Tests_Post_Query" classname="Tests_Post_Query" file="/home/meng/Desktop/wptest/wordpress-develop/tests/phpunit/tests/post/query.php" line="311" assertions="6" time="0.042790"/>
        <testcase name="test_orderby_array" class="Tests_Post_Query" classname="Tests_Post_Query" file="/home/meng/Desktop/wptest/wordpress-develop/tests/phpunit/tests/post/query.php" line="334" assertions="5" time="0.050925"/>
        <testcase name="test_order" class="Tests_Post_Query" classname="Tests_Post_Query" file="/home/meng/Desktop/wptest/wordpress-develop/tests/phpunit/tests/post/query.php" line="370" assertions="3" time="0.060133"/>
        <testcase name="test_orderby" class="Tests_Post_Query" classname="Tests_Post_Query" file="/home/meng/Desktop/wptest/wordpress-develop/tests/phpunit/tests/post/query.php" line="410" assertions="15" time="0.050107"/>
        <testcase name="test_orderby_rand_with_seed" class="Tests_Post_Query" classname="Tests_Post_Query" file="/home/meng/Desktop/wptest/wordpress-develop/tests/phpunit/tests/post/query.php" line="445" assertions="1" time="0.046840"/>
        <testcase name="test_orderby_rand_should_ignore_invalid_seed" class="Tests_Post_Query" classname="Tests_Post_Query" file="/home/meng/Desktop/wptest/wordpress-develop/tests/phpunit/tests/post/query.php" line="458" assertions="1" time="0.045645"/>
        <testcase name="test_orderby_rand_with_seed_should_be_case_insensitive" class="Tests_Post_Query" classname="Tests_Post_Query" file="/home/meng/Desktop/wptest/wordpress-develop/tests/phpunit/tests/post/query.php" line="471" assertions="1" time="0.048946"/>
        <testcase name="test_post_name__in" class="Tests_Post_Query" classname="Tests_Post_Query" file="/home/meng/Desktop/wptest/wordpress-develop/tests/phpunit/tests/post/query.php" line="486" assertions="2" time="0.151297"/>
        <testcase name="test_posts_pre_query_filter_should_bypass_database_query" class="Tests_Post_Query" classname="Tests_Post_Query" file="/home/meng/Desktop/wptest/wordpress-develop/tests/phpunit/tests/post/query.php" line="538" assertions="2" time="0.036569"/>
        <testcase name="test_posts_pre_query_filter_should_respect_set_found_posts" class="Tests_Post_Query" classname="Tests_Post_Query" file="/home/meng/Desktop/wptest/wordpress-develop/tests/phpunit/tests/post/query.php" line="564" assertions="2" time="0.067938"/>
        <testcase name="test_set_found_posts_fields_ids" class="Tests_Post_Query" classname="Tests_Post_Query" file="/home/meng/Desktop/wptest/wordpress-develop/tests/phpunit/tests/post/query.php" line="599" assertions="2" time="0.069583"/>
        <testcase name="test_set_found_posts_fields_idparent" class="Tests_Post_Query" classname="Tests_Post_Query" file="/home/meng/Desktop/wptest/wordpress-develop/tests/phpunit/tests/post/query.php" line="623" assertions="2" time="0.076081"/>
        <testcase name="test_set_found_posts_fields_split_the_query" class="Tests_Post_Query" classname="Tests_Post_Query" file="/home/meng/Desktop/wptest/wordpress-develop/tests/phpunit/tests/post/query.php" line="646" assertions="2" time="0.081037"/>
        <testcase name="test_set_found_posts_fields_not_split_the_query" class="Tests_Post_Query" classname="Tests_Post_Query" file="/home/meng/Desktop/wptest/wordpress-develop/tests/phpunit/tests/post/query.php" line="672" assertions="2" time="0.074596"/>
        <testsuite name="Tests_Post_Query::test_set_found_posts_not_posts_as_an_array" tests="4" assertions="4" errors="0" failures="0" skipped="0" time="0.166383">
          <testcase name="test_set_found_posts_not_posts_as_an_array with data set #0" class="Tests_Post_Query" classname="Tests_Post_Query" file="/home/meng/Desktop/wptest/wordpress-develop/tests/phpunit/tests/post/query.php" line="711" assertions="1" time="0.041976"/>
          <testcase name="test_set_found_posts_not_posts_as_an_array with data set #1" class="Tests_Post_Query" classname="Tests_Post_Query" file="/home/meng/Desktop/wptest/wordpress-develop/tests/phpunit/tests/post/query.php" line="711" assertions="1" time="0.037718"/>
          <testcase name="test_set_found_posts_not_posts_as_an_array with data set #2" class="Tests_Post_Query" classname="Tests_Post_Query" file="/home/meng/Desktop/wptest/wordpress-develop/tests/phpunit/tests/post/query.php" line="711" assertions="1" time="0.038267"/>
          <testcase name="test_set_found_posts_not_posts_as_an_array with data set #3" class="Tests_Post_Query" classname="Tests_Post_Query" file="/home/meng/Desktop/wptest/wordpress-develop/tests/phpunit/tests/post/query.php" line="711" assertions="1" time="0.048422"/>
        </testsuite>
        <testcase name="test_found_posts_should_be_integer_not_string" class="Tests_Post_Query" classname="Tests_Post_Query" file="/home/meng/Desktop/wptest/wordpress-develop/tests/phpunit/tests/post/query.php" line="731" assertions="1" time="0.071624"/>
        <testcase name="test_found_posts_should_be_integer_even_if_found_posts_filter_returns_string_value" class="Tests_Post_Query" classname="Tests_Post_Query" file="/home/meng/Desktop/wptest/wordpress-develop/tests/phpunit/tests/post/query.php" line="746" assertions="1" time="0.066755"/>
      </testsuite>
      <testsuite name="Tests_Post_Revisions" file="/home/meng/Desktop/wptest/wordpress-develop/tests/phpunit/tests/post/revisions.php" tests="12" assertions="52" errors="0" failures="0" skipped="0" time="1.871606">
        <testcase name="test_revision_restore_updates_edit_last_post_meta" class="Tests_Post_Revisions" classname="Tests_Post_Revisions" file="/home/meng/Desktop/wptest/wordpress-develop/tests/phpunit/tests/post/revisions.php" line="34" assertions="4" time="0.172585"/>
        <testcase name="test_revision_dont_save_revision_if_unchanged" class="Tests_Post_Revisions" classname="Tests_Post_Revisions" file="/home/meng/Desktop/wptest/wordpress-develop/tests/phpunit/tests/post/revisions.php" line="77" assertions="7" time="0.275960"/>
        <testcase name="test_revision_force_save_revision_even_if_unchanged" class="Tests_Post_Revisions" classname="Tests_Post_Revisions" file="/home/meng/Desktop/wptest/wordpress-develop/tests/phpunit/tests/post/revisions.php" line="147" assertions="7" time="0.325346"/>
        <testcase name="test_revision_view_caps_post" class="Tests_Post_Revisions" classname="Tests_Post_Revisions" file="/home/meng/Desktop/wptest/wordpress-develop/tests/phpunit/tests/post/revisions.php" line="222" assertions="4" time="0.130692"/>
        <testcase name="test_revision_restore_caps_post" class="Tests_Post_Revisions" classname="Tests_Post_Revisions" file="/home/meng/Desktop/wptest/wordpress-develop/tests/phpunit/tests/post/revisions.php" line="255" assertions="3" time="0.109591"/>
        <testcase name="test_revision_diff_caps_post" class="Tests_Post_Revisions" classname="Tests_Post_Revisions" file="/home/meng/Desktop/wptest/wordpress-develop/tests/phpunit/tests/post/revisions.php" line="286" assertions="5" time="0.142082"/>
        <testcase name="test_revision_view_caps_cpt" class="Tests_Post_Revisions" classname="Tests_Post_Revisions" file="/home/meng/Desktop/wptest/wordpress-develop/tests/phpunit/tests/post/revisions.php" line="324" assertions="4" time="0.092725"/>
        <testcase name="test_revision_restore_caps_cpt" class="Tests_Post_Revisions" classname="Tests_Post_Revisions" file="/home/meng/Desktop/wptest/wordpress-develop/tests/phpunit/tests/post/revisions.php" line="366" assertions="3" time="0.097591"/>
        <testcase name="test_revision_restore_caps_before_publish" class="Tests_Post_Revisions" classname="Tests_Post_Revisions" file="/home/meng/Desktop/wptest/wordpress-develop/tests/phpunit/tests/post/revisions.php" line="412" assertions="8" time="0.117774"/>
        <testcase name="test_revision_diff_caps_cpt" class="Tests_Post_Revisions" classname="Tests_Post_Revisions" file="/home/meng/Desktop/wptest/wordpress-develop/tests/phpunit/tests/post/revisions.php" line="472" assertions="5" time="0.141521"/>
        <testcase name="test_wp_get_post_revisions_should_order_by_post_date" class="Tests_Post_Revisions" classname="Tests_Post_Revisions" file="/home/meng/Desktop/wptest/wordpress-develop/tests/phpunit/tests/post/revisions.php" line="517" assertions="1" time="0.126792"/>
        <testcase name="test_wp_get_post_revisions_should_order_by_ID_when_post_date_matches" class="Tests_Post_Revisions" classname="Tests_Post_Revisions" file="/home/meng/Desktop/wptest/wordpress-develop/tests/phpunit/tests/post/revisions.php" line="553" assertions="1" time="0.138947"/>
      </testsuite>
      <testsuite name="Tests_Post_Slashes" file="/home/meng/Desktop/wptest/wordpress-develop/tests/phpunit/tests/post/slashes.php" tests="4" assertions="26" errors="0" failures="0" skipped="0" time="0.537011">
        <testcase name="test_edit_post" class="Tests_Post_Slashes" classname="Tests_Post_Slashes" file="/home/meng/Desktop/wptest/wordpress-develop/tests/phpunit/tests/post/slashes.php" line="36" assertions="6" time="0.141374"/>
        <testcase name="test_wp_insert_post" class="Tests_Post_Slashes" classname="Tests_Post_Slashes" file="/home/meng/Desktop/wptest/wordpress-develop/tests/phpunit/tests/post/slashes.php" line="73" assertions="6" time="0.090413"/>
        <testcase name="test_wp_update_post" class="Tests_Post_Slashes" classname="Tests_Post_Slashes" file="/home/meng/Desktop/wptest/wordpress-develop/tests/phpunit/tests/post/slashes.php" line="109" assertions="6" time="0.151152"/>
        <testcase name="test_wp_trash_untrash" class="Tests_Post_Slashes" classname="Tests_Post_Slashes" file="/home/meng/Desktop/wptest/wordpress-develop/tests/phpunit/tests/post/slashes.php" line="144" assertions="8" time="0.154072"/>
      </testsuite>
      <testsuite name="Tests_Post_Template" file="/home/meng/Desktop/wptest/wordpress-develop/tests/phpunit/tests/post/template.php" tests="13" assertions="35" errors="0" failures="0" skipped="0" time="0.977701">
        <testcase name="test_wp_link_pages" class="Tests_Post_Template" classname="Tests_Post_Template" file="/home/meng/Desktop/wptest/wordpress-develop/tests/phpunit/tests/post/template.php" line="8" assertions="9" time="0.089689"/>
        <testcase name="test_wp_dropdown_pages" class="Tests_Post_Template" classname="Tests_Post_Template" file="/home/meng/Desktop/wptest/wordpress-develop/tests/phpunit/tests/post/template.php" line="134" assertions="5" time="0.086270"/>
        <testcase name="test_wp_dropdown_pages_value_field_should_default_to_ID" class="Tests_Post_Template" classname="Tests_Post_Template" file="/home/meng/Desktop/wptest/wordpress-develop/tests/phpunit/tests/post/template.php" line="226" assertions="1" time="0.056985"/>
        <testcase name="test_wp_dropdown_pages_value_field_ID" class="Tests_Post_Template" classname="Tests_Post_Template" file="/home/meng/Desktop/wptest/wordpress-develop/tests/phpunit/tests/post/template.php" line="246" assertions="1" time="0.066088"/>
        <testcase name="test_wp_dropdown_pages_value_field_post_name" class="Tests_Post_Template" classname="Tests_Post_Template" file="/home/meng/Desktop/wptest/wordpress-develop/tests/phpunit/tests/post/template.php" line="266" assertions="1" time="0.058893"/>
        <testcase name="test_wp_dropdown_pages_value_field_should_fall_back_on_ID_when_an_invalid_value_is_provided" class="Tests_Post_Template" classname="Tests_Post_Template" file="/home/meng/Desktop/wptest/wordpress-develop/tests/phpunit/tests/post/template.php" line="287" assertions="1" time="0.055850"/>
        <testcase name="test_wp_dropdown_pages_should_not_contain_class_attribute_when_no_class_is_passed" class="Tests_Post_Template" classname="Tests_Post_Template" file="/home/meng/Desktop/wptest/wordpress-develop/tests/phpunit/tests/post/template.php" line="308" assertions="1" time="0.053793"/>
        <testcase name="test_wp_dropdown_pages_should_obey_class_parameter" class="Tests_Post_Template" classname="Tests_Post_Template" file="/home/meng/Desktop/wptest/wordpress-develop/tests/phpunit/tests/post/template.php" line="328" assertions="1" time="0.061739"/>
        <testcase name="test_get_page_template_slug_by_id" class="Tests_Post_Template" classname="Tests_Post_Template" file="/home/meng/Desktop/wptest/wordpress-develop/tests/phpunit/tests/post/template.php" line="349" assertions="3" time="0.057828"/>
        <testcase name="test_get_page_template_slug_from_loop" class="Tests_Post_Template" classname="Tests_Post_Template" file="/home/meng/Desktop/wptest/wordpress-develop/tests/phpunit/tests/post/template.php" line="368" assertions="1" time="0.063503"/>
        <testcase name="test_get_page_template_slug_non_page" class="Tests_Post_Template" classname="Tests_Post_Template" file="/home/meng/Desktop/wptest/wordpress-develop/tests/phpunit/tests/post/template.php" line="385" assertions="3" time="0.098399"/>
        <testcase name="test_get_page_template_slug_non_page_from_loop" class="Tests_Post_Template" classname="Tests_Post_Template" file="/home/meng/Desktop/wptest/wordpress-develop/tests/phpunit/tests/post/template.php" line="401" assertions="1" time="0.088283"/>
        <testcase name="test_wp_page_menu_wp_nav_menu_fallback" class="Tests_Post_Template" classname="Tests_Post_Template" file="/home/meng/Desktop/wptest/wordpress-develop/tests/phpunit/tests/post/template.php" line="415" assertions="7" time="0.140381"/>
      </testsuite>
      <testsuite name="Tests_Post_Thumbnail_Template" file="/home/meng/Desktop/wptest/wordpress-develop/tests/phpunit/tests/post/thumbnails.php" tests="18" assertions="44" errors="0" failures="0" skipped="0" time="1.230961">
        <testcase name="test_has_post_thumbnail" class="Tests_Post_Thumbnail_Template" classname="Tests_Post_Thumbnail_Template" file="/home/meng/Desktop/wptest/wordpress-develop/tests/phpunit/tests/post/thumbnails.php" line="34" assertions="8" time="0.060623"/>
        <testcase name="test_get_post_thumbnail_id" class="Tests_Post_Thumbnail_Template" classname="Tests_Post_Thumbnail_Template" file="/home/meng/Desktop/wptest/wordpress-develop/tests/phpunit/tests/post/thumbnails.php" line="56" assertions="6" time="0.053618"/>
        <testcase name="test_update_post_thumbnail_cache" class="Tests_Post_Thumbnail_Template" classname="Tests_Post_Thumbnail_Template" file="/home/meng/Desktop/wptest/wordpress-develop/tests/phpunit/tests/post/thumbnails.php" line="71" assertions="2" time="0.062894"/>
        <testcase name="test_get_the_post_thumbnail_caption" class="Tests_Post_Thumbnail_Template" classname="Tests_Post_Thumbnail_Template" file="/home/meng/Desktop/wptest/wordpress-develop/tests/phpunit/tests/post/thumbnails.php" line="92" assertions="2" time="0.088989"/>
        <testcase name="test_get_the_post_thumbnail_caption_empty" class="Tests_Post_Thumbnail_Template" classname="Tests_Post_Thumbnail_Template" file="/home/meng/Desktop/wptest/wordpress-develop/tests/phpunit/tests/post/thumbnails.php" line="116" assertions="1" time="0.096532"/>
        <testcase name="test_the_post_thumbnail_caption" class="Tests_Post_Thumbnail_Template" classname="Tests_Post_Thumbnail_Template" file="/home/meng/Desktop/wptest/wordpress-develop/tests/phpunit/tests/post/thumbnails.php" line="136" assertions="1" time="0.097771"/>
        <testcase name="test_get_the_post_thumbnail" class="Tests_Post_Thumbnail_Template" classname="Tests_Post_Thumbnail_Template" file="/home/meng/Desktop/wptest/wordpress-develop/tests/phpunit/tests/post/thumbnails.php" line="156" assertions="4" time="0.054435"/>
        <testcase name="test_the_post_thumbnail" class="Tests_Post_Thumbnail_Template" classname="Tests_Post_Thumbnail_Template" file="/home/meng/Desktop/wptest/wordpress-develop/tests/phpunit/tests/post/thumbnails.php" line="177" assertions="1" time="0.051479"/>
        <testcase name="test_get_the_post_thumbnail_url" class="Tests_Post_Thumbnail_Template" classname="Tests_Post_Thumbnail_Template" file="/home/meng/Desktop/wptest/wordpress-develop/tests/phpunit/tests/post/thumbnails.php" line="205" assertions="6" time="0.083738"/>
        <testcase name="test_get_the_post_thumbnail_url_with_invalid_post" class="Tests_Post_Thumbnail_Template" classname="Tests_Post_Thumbnail_Template" file="/home/meng/Desktop/wptest/wordpress-develop/tests/phpunit/tests/post/thumbnails.php" line="223" assertions="3" time="0.072291"/>
        <testcase name="test_the_post_thumbnail_url" class="Tests_Post_Thumbnail_Template" classname="Tests_Post_Thumbnail_Template" file="/home/meng/Desktop/wptest/wordpress-develop/tests/phpunit/tests/post/thumbnails.php" line="237" assertions="1" time="0.055386"/>
        <testcase name="test__wp_preview_post_thumbnail_filter" class="Tests_Post_Thumbnail_Template" classname="Tests_Post_Thumbnail_Template" file="/home/meng/Desktop/wptest/wordpress-develop/tests/phpunit/tests/post/thumbnails.php" line="252" assertions="1" time="0.036996"/>
        <testcase name="test__wp_preview_post_thumbnail_filter_secondary_post" class="Tests_Post_Thumbnail_Template" classname="Tests_Post_Thumbnail_Template" file="/home/meng/Desktop/wptest/wordpress-develop/tests/phpunit/tests/post/thumbnails.php" line="272" assertions="1" time="0.063695"/>
        <testcase name="test_insert_post_with_post_thumbnail" class="Tests_Post_Thumbnail_Template" classname="Tests_Post_Thumbnail_Template" file="/home/meng/Desktop/wptest/wordpress-develop/tests/phpunit/tests/post/thumbnails.php" line="298" assertions="2" time="0.109410"/>
        <testcase name="test_insert_attachment_with_post_thumbnail" class="Tests_Post_Thumbnail_Template" classname="Tests_Post_Thumbnail_Template" file="/home/meng/Desktop/wptest/wordpress-develop/tests/phpunit/tests/post/thumbnails.php" line="329" assertions="2" time="0.082405"/>
        <testcase name="test_post_thumbnail_size_filter_simple" class="Tests_Post_Thumbnail_Template" classname="Tests_Post_Thumbnail_Template" file="/home/meng/Desktop/wptest/wordpress-develop/tests/phpunit/tests/post/thumbnails.php" line="368" assertions="1" time="0.054350"/>
        <testsuite name="Tests_Post_Thumbnail_Template::test_post_thumbnail_size_filter_complex" tests="2" assertions="2" errors="0" failures="0" skipped="0" time="0.106349">
          <testcase name="test_post_thumbnail_size_filter_complex with data set #0" class="Tests_Post_Thumbnail_Template" classname="Tests_Post_Thumbnail_Template" file="/home/meng/Desktop/wptest/wordpress-develop/tests/phpunit/tests/post/thumbnails.php" line="389" assertions="1" time="0.041569"/>
          <testcase name="test_post_thumbnail_size_filter_complex with data set #1" class="Tests_Post_Thumbnail_Template" classname="Tests_Post_Thumbnail_Template" file="/home/meng/Desktop/wptest/wordpress-develop/tests/phpunit/tests/post/thumbnails.php" line="389" assertions="1" time="0.064780"/>
        </testsuite>
      </testsuite>
      <testsuite name="Tests_Post_Types" file="/home/meng/Desktop/wptest/wordpress-develop/tests/phpunit/tests/post/types.php" tests="38" assertions="113" errors="0" failures="0" skipped="0" time="1.754169">
        <testcase name="test_register_post_type" class="Tests_Post_Types" classname="Tests_Post_Types" file="/home/meng/Desktop/wptest/wordpress-develop/tests/phpunit/tests/post/types.php" line="27" assertions="5" time="0.038306"/>
        <testcase name="test_register_post_type_return_value" class="Tests_Post_Types" classname="Tests_Post_Types" file="/home/meng/Desktop/wptest/wordpress-develop/tests/phpunit/tests/post/types.php" line="45" assertions="1" time="0.043885"/>
        <testcase name="test_register_post_type_with_too_long_name" class="Tests_Post_Types" classname="Tests_Post_Types" file="/home/meng/Desktop/wptest/wordpress-develop/tests/phpunit/tests/post/types.php" line="54" assertions="2" time="0.077865"/>
        <testcase name="test_register_post_type_with_empty_name" class="Tests_Post_Types" classname="Tests_Post_Types" file="/home/meng/Desktop/wptest/wordpress-develop/tests/phpunit/tests/post/types.php" line="64" assertions="2" time="0.046126"/>
        <testcase name="test_register_post_type_exclude_from_search_should_default_to_opposite_value_of_public" class="Tests_Post_Types" classname="Tests_Post_Types" file="/home/meng/Desktop/wptest/wordpress-develop/tests/phpunit/tests/post/types.php" line="73" assertions="1" time="0.037918"/>
        <testcase name="test_register_post_type_publicly_queryable_should_default_to_value_of_public" class="Tests_Post_Types" classname="Tests_Post_Types" file="/home/meng/Desktop/wptest/wordpress-develop/tests/phpunit/tests/post/types.php" line="87" assertions="1" time="0.045954"/>
        <testcase name="test_register_post_type_show_ui_should_default_to_value_of_public" class="Tests_Post_Types" classname="Tests_Post_Types" file="/home/meng/Desktop/wptest/wordpress-develop/tests/phpunit/tests/post/types.php" line="101" assertions="1" time="0.041424"/>
        <testcase name="test_register_post_type_show_in_menu_should_default_to_value_of_show_ui" class="Tests_Post_Types" classname="Tests_Post_Types" file="/home/meng/Desktop/wptest/wordpress-develop/tests/phpunit/tests/post/types.php" line="115" assertions="2" time="0.046671"/>
        <testcase name="test_register_post_type_show_in_nav_menus_should_default_to_value_of_public" class="Tests_Post_Types" classname="Tests_Post_Types" file="/home/meng/Desktop/wptest/wordpress-develop/tests/phpunit/tests/post/types.php" line="134" assertions="1" time="0.046230"/>
        <testcase name="test_register_post_type_show_in_admin_bar_should_default_to_value_of_show_in_menu" class="Tests_Post_Types" classname="Tests_Post_Types" file="/home/meng/Desktop/wptest/wordpress-develop/tests/phpunit/tests/post/types.php" line="148" assertions="3" time="0.045642"/>
        <testcase name="test_register_taxonomy_for_object_type" class="Tests_Post_Types" classname="Tests_Post_Types" file="/home/meng/Desktop/wptest/wordpress-develop/tests/phpunit/tests/post/types.php" line="166" assertions="6" time="0.042600"/>
        <testcase name="test_post_type_exists" class="Tests_Post_Types" classname="Tests_Post_Types" file="/home/meng/Desktop/wptest/wordpress-develop/tests/phpunit/tests/post/types.php" line="188" assertions="2" time="0.049810"/>
        <testcase name="test_post_type_supports" class="Tests_Post_Types" classname="Tests_Post_Types" file="/home/meng/Desktop/wptest/wordpress-develop/tests/phpunit/tests/post/types.php" line="193" assertions="5" time="0.046576"/>
        <testcase name="test_post_type_with_no_support" class="Tests_Post_Types" classname="Tests_Post_Types" file="/home/meng/Desktop/wptest/wordpress-develop/tests/phpunit/tests/post/types.php" line="204" assertions="4" time="0.042221"/>
        <testcase name="test_post_type_with_no_feed" class="Tests_Post_Types" classname="Tests_Post_Types" file="/home/meng/Desktop/wptest/wordpress-develop/tests/phpunit/tests/post/types.php" line="219" assertions="1" time="0.047005"/>
        <testcase name="test_get_post_type_object_with_non_scalar_values" class="Tests_Post_Types" classname="Tests_Post_Types" file="/home/meng/Desktop/wptest/wordpress-develop/tests/phpunit/tests/post/types.php" line="232" assertions="7" time="0.047185"/>
        <testcase name="test_get_post_type_object_casting" class="Tests_Post_Types" classname="Tests_Post_Types" file="/home/meng/Desktop/wptest/wordpress-develop/tests/phpunit/tests/post/types.php" line="252" assertions="1" time="0.054135"/>
        <testcase name="test_get_post_type_object_includes_menu_icon_for_builtin_post_types" class="Tests_Post_Types" classname="Tests_Post_Types" file="/home/meng/Desktop/wptest/wordpress-develop/tests/phpunit/tests/post/types.php" line="269" assertions="3" time="0.046262"/>
        <testcase name="test_unregister_post_type" class="Tests_Post_Types" classname="Tests_Post_Types" file="/home/meng/Desktop/wptest/wordpress-develop/tests/phpunit/tests/post/types.php" line="278" assertions="1" time="0.042632"/>
        <testcase name="test_unregister_post_type_unknown_post_type" class="Tests_Post_Types" classname="Tests_Post_Types" file="/home/meng/Desktop/wptest/wordpress-develop/tests/phpunit/tests/post/types.php" line="286" assertions="1" time="0.045329"/>
        <testcase name="test_unregister_post_type_twice" class="Tests_Post_Types" classname="Tests_Post_Types" file="/home/meng/Desktop/wptest/wordpress-develop/tests/phpunit/tests/post/types.php" line="293" assertions="2" time="0.050067"/>
        <testcase name="test_unregister_post_type_disallow_builtin_post_type" class="Tests_Post_Types" classname="Tests_Post_Types" file="/home/meng/Desktop/wptest/wordpress-develop/tests/phpunit/tests/post/types.php" line="302" assertions="5" time="0.053832"/>
        <testcase name="test_unregister_post_type_removes_query_vars" class="Tests_Post_Types" classname="Tests_Post_Types" file="/home/meng/Desktop/wptest/wordpress-develop/tests/phpunit/tests/post/types.php" line="313" assertions="3" time="0.043833"/>
        <testcase name="test_unregister_post_type_removes_rewrite_tags" class="Tests_Post_Types" classname="Tests_Post_Types" file="/home/meng/Desktop/wptest/wordpress-develop/tests/phpunit/tests/post/types.php" line="332" assertions="6" time="0.057109"/>
        <testcase name="test_unregister_post_type_removes_rewrite_rules" class="Tests_Post_Types" classname="Tests_Post_Types" file="/home/meng/Desktop/wptest/wordpress-develop/tests/phpunit/tests/post/types.php" line="358" assertions="3" time="0.055920"/>
        <testcase name="test_unregister_post_type_removes_custom_meta_capabilities" class="Tests_Post_Types" classname="Tests_Post_Types" file="/home/meng/Desktop/wptest/wordpress-develop/tests/phpunit/tests/post/types.php" line="379" assertions="7" time="0.042741"/>
        <testcase name="test_unregister_post_type_removes_post_type_supports" class="Tests_Post_Types" classname="Tests_Post_Types" file="/home/meng/Desktop/wptest/wordpress-develop/tests/phpunit/tests/post/types.php" line="405" assertions="3" time="0.049705"/>
        <testcase name="test_unregister_post_type_removes_post_type_from_taxonomies" class="Tests_Post_Types" classname="Tests_Post_Types" file="/home/meng/Desktop/wptest/wordpress-develop/tests/phpunit/tests/post/types.php" line="431" assertions="6" time="0.051783"/>
        <testcase name="test_unregister_post_type_removes_the_future_post_hooks" class="Tests_Post_Types" classname="Tests_Post_Types" file="/home/meng/Desktop/wptest/wordpress-develop/tests/phpunit/tests/post/types.php" line="453" assertions="4" time="0.048289"/>
        <testcase name="test_unregister_post_type_removes_meta_box_callback" class="Tests_Post_Types" classname="Tests_Post_Types" file="/home/meng/Desktop/wptest/wordpress-develop/tests/phpunit/tests/post/types.php" line="472" assertions="4" time="0.045033"/>
        <testcase name="test_unregister_post_type_removes_post_type_from_global" class="Tests_Post_Types" classname="Tests_Post_Types" file="/home/meng/Desktop/wptest/wordpress-develop/tests/phpunit/tests/post/types.php" line="492" assertions="5" time="0.043044"/>
        <testcase name="test_post_type_does_not_exist_after_unregister_post_type" class="Tests_Post_Types" classname="Tests_Post_Types" file="/home/meng/Desktop/wptest/wordpress-develop/tests/phpunit/tests/post/types.php" line="514" assertions="2" time="0.042675"/>
        <testcase name="test_get_post_types_by_support_single_feature" class="Tests_Post_Types" classname="Tests_Post_Types" file="/home/meng/Desktop/wptest/wordpress-develop/tests/phpunit/tests/post/types.php" line="530" assertions="4" time="0.039642"/>
        <testcase name="test_get_post_types_by_support_multiple_features" class="Tests_Post_Types" classname="Tests_Post_Types" file="/home/meng/Desktop/wptest/wordpress-develop/tests/phpunit/tests/post/types.php" line="540" assertions="2" time="0.035845"/>
        <testcase name="test_get_post_types_by_support_or_operator" class="Tests_Post_Types" classname="Tests_Post_Types" file="/home/meng/Desktop/wptest/wordpress-develop/tests/phpunit/tests/post/types.php" line="548" assertions="2" time="0.038200"/>
        <testcase name="test_get_post_types_by_support_not_operator" class="Tests_Post_Types" classname="Tests_Post_Types" file="/home/meng/Desktop/wptest/wordpress-develop/tests/phpunit/tests/post/types.php" line="556" assertions="3" time="0.038056"/>
        <testcase name="test_get_post_types_by_support_excluding_features" class="Tests_Post_Types" classname="Tests_Post_Types" file="/home/meng/Desktop/wptest/wordpress-develop/tests/phpunit/tests/post/types.php" line="565" assertions="1" time="0.045225"/>
        <testcase name="test_get_post_types_by_support_non_existant_feature" class="Tests_Post_Types" classname="Tests_Post_Types" file="/home/meng/Desktop/wptest/wordpress-develop/tests/phpunit/tests/post/types.php" line="572" assertions="1" time="0.039395"/>
      </testsuite>
      <testsuite name="Tests_Post_Walker_Page" file="/home/meng/Desktop/wptest/wordpress-develop/tests/phpunit/tests/post/walkerPage.php" tests="8" assertions="8" errors="0" failures="0" skipped="0" time="0.525758">
        <testsuite name="Tests_Post_Walker_Page::test_start_el_with_empty_attributes" tests="8" assertions="8" errors="0" failures="0" skipped="0" time="0.525758">
          <testcase name="test_start_el_with_empty_attributes with data set #0" class="Tests_Post_Walker_Page" classname="Tests_Post_Walker_Page" file="/home/meng/Desktop/wptest/wordpress-develop/tests/phpunit/tests/post/walkerPage.php" line="29" assertions="1" time="0.061199"/>
          <testcase name="test_start_el_with_empty_attributes with data set #1" class="Tests_Post_Walker_Page" classname="Tests_Post_Walker_Page" file="/home/meng/Desktop/wptest/wordpress-develop/tests/phpunit/tests/post/walkerPage.php" line="29" assertions="1" time="0.070612"/>
          <testcase name="test_start_el_with_empty_attributes with data set #2" class="Tests_Post_Walker_Page" classname="Tests_Post_Walker_Page" file="/home/meng/Desktop/wptest/wordpress-develop/tests/phpunit/tests/post/walkerPage.php" line="29" assertions="1" time="0.065793"/>
          <testcase name="test_start_el_with_empty_attributes with data set #3" class="Tests_Post_Walker_Page" classname="Tests_Post_Walker_Page" file="/home/meng/Desktop/wptest/wordpress-develop/tests/phpunit/tests/post/walkerPage.php" line="29" assertions="1" time="0.068151"/>
          <testcase name="test_start_el_with_empty_attributes with data set #4" class="Tests_Post_Walker_Page" classname="Tests_Post_Walker_Page" file="/home/meng/Desktop/wptest/wordpress-develop/tests/phpunit/tests/post/walkerPage.php" line="29" assertions="1" time="0.072897"/>
          <testcase name="test_start_el_with_empty_attributes with data set #5" class="Tests_Post_Walker_Page" classname="Tests_Post_Walker_Page" file="/home/meng/Desktop/wptest/wordpress-develop/tests/phpunit/tests/post/walkerPage.php" line="29" assertions="1" time="0.066453"/>
          <testcase name="test_start_el_with_empty_attributes with data set #6" class="Tests_Post_Walker_Page" classname="Tests_Post_Walker_Page" file="/home/meng/Desktop/wptest/wordpress-develop/tests/phpunit/tests/post/walkerPage.php" line="29" assertions="1" time="0.062032"/>
          <testcase name="test_start_el_with_empty_attributes with data set #7" class="Tests_Post_Walker_Page" classname="Tests_Post_Walker_Page" file="/home/meng/Desktop/wptest/wordpress-develop/tests/phpunit/tests/post/walkerPage.php" line="29" assertions="1" time="0.058621"/>
        </testsuite>
      </testsuite>
      <testsuite name="Tests_Post_wpGetPostParentId" file="/home/meng/Desktop/wptest/wordpress-develop/tests/phpunit/tests/post/wpGetPostParentId.php" tests="5" assertions="6" errors="0" failures="0" skipped="0" time="0.197225">
        <testcase name="test_wp_get_post_parent_id_with_post_object" class="Tests_Post_wpGetPostParentId" classname="Tests_Post_wpGetPostParentId" file="/home/meng/Desktop/wptest/wordpress-develop/tests/phpunit/tests/post/wpGetPostParentId.php" line="26" assertions="2" time="0.040660"/>
        <testcase name="test_wp_get_post_parent_id_with_post_id" class="Tests_Post_wpGetPostParentId" classname="Tests_Post_wpGetPostParentId" file="/home/meng/Desktop/wptest/wordpress-develop/tests/phpunit/tests/post/wpGetPostParentId.php" line="32" assertions="1" time="0.039313"/>
        <testcase name="test_wp_get_post_parent_id_with_non_existing_id_default_to_global_post_id" class="Tests_Post_wpGetPostParentId" classname="Tests_Post_wpGetPostParentId" file="/home/meng/Desktop/wptest/wordpress-develop/tests/phpunit/tests/post/wpGetPostParentId.php" line="36" assertions="1" time="0.038128"/>
        <testcase name="test_wp_get_post_parent_id_with_boolean_default_to_global_post_id" class="Tests_Post_wpGetPostParentId" classname="Tests_Post_wpGetPostParentId" file="/home/meng/Desktop/wptest/wordpress-develop/tests/phpunit/tests/post/wpGetPostParentId.php" line="41" assertions="1" time="0.039224"/>
        <testcase name="test_wp_get_post_parent_id_with_string_default_to_false" class="Tests_Post_wpGetPostParentId" classname="Tests_Post_wpGetPostParentId" file="/home/meng/Desktop/wptest/wordpress-develop/tests/phpunit/tests/post/wpGetPostParentId.php" line="46" assertions="1" time="0.039900"/>
      </testsuite>
      <testsuite name="Tests_Post_wpInsertPost" file="/home/meng/Desktop/wptest/wordpress-develop/tests/phpunit/tests/post/wpInsertPost.php" tests="21" assertions="31" errors="0" failures="0" skipped="0" time="2.178418">
        <testcase name="test_trashing_a_post_should_add_trashed_suffix_to_post_name" class="Tests_Post_wpInsertPost" classname="Tests_Post_wpInsertPost" file="/home/meng/Desktop/wptest/wordpress-develop/tests/phpunit/tests/post/wpInsertPost.php" line="71" assertions="1" time="0.112928"/>
        <testcase name="test_trashed_suffix_should_be_added_to_post_with__trashed_in_slug" class="Tests_Post_wpInsertPost" classname="Tests_Post_wpInsertPost" file="/home/meng/Desktop/wptest/wordpress-develop/tests/phpunit/tests/post/wpInsertPost.php" line="86" assertions="1" time="0.103372"/>
        <testcase name="test_trashed_posts_original_post_name_should_be_reassigned_after_untrashing" class="Tests_Post_wpInsertPost" classname="Tests_Post_wpInsertPost" file="/home/meng/Desktop/wptest/wordpress-develop/tests/phpunit/tests/post/wpInsertPost.php" line="102" assertions="1" time="0.117586"/>
        <testcase name="test_creating_a_new_post_should_add_trashed_suffix_to_post_name_of_trashed_posts_with_the_desired_slug" class="Tests_Post_wpInsertPost" classname="Tests_Post_wpInsertPost" file="/home/meng/Desktop/wptest/wordpress-develop/tests/phpunit/tests/post/wpInsertPost.php" line="119" assertions="2" time="0.110131"/>
        <testcase name="test_untrashing_a_post_with_a_stored_desired_post_name_should_get_its_post_name_suffixed_if_another_post_has_taken_the_desired_post_name" class="Tests_Post_wpInsertPost" classname="Tests_Post_wpInsertPost" file="/home/meng/Desktop/wptest/wordpress-develop/tests/phpunit/tests/post/wpInsertPost.php" line="143" assertions="2" time="0.160642"/>
        <testsuite name="Tests_Post_wpInsertPost::test_untrashing_a_post_should_always_restore_it_to_draft_status" tests="4" assertions="4" errors="0" failures="0" skipped="0" time="0.435989">
          <testcase name="test_untrashing_a_post_should_always_restore_it_to_draft_status with data set #0" class="Tests_Post_wpInsertPost" classname="Tests_Post_wpInsertPost" file="/home/meng/Desktop/wptest/wordpress-develop/tests/phpunit/tests/post/wpInsertPost.php" line="177" assertions="1" time="0.104310"/>
          <testcase name="test_untrashing_a_post_should_always_restore_it_to_draft_status with data set #1" class="Tests_Post_wpInsertPost" classname="Tests_Post_wpInsertPost" file="/home/meng/Desktop/wptest/wordpress-develop/tests/phpunit/tests/post/wpInsertPost.php" line="177" assertions="1" time="0.108992"/>
          <testcase name="test_untrashing_a_post_should_always_restore_it_to_draft_status with data set #2" class="Tests_Post_wpInsertPost" classname="Tests_Post_wpInsertPost" file="/home/meng/Desktop/wptest/wordpress-develop/tests/phpunit/tests/post/wpInsertPost.php" line="177" assertions="1" time="0.108682"/>
          <testcase name="test_untrashing_a_post_should_always_restore_it_to_draft_status with data set #3" class="Tests_Post_wpInsertPost" classname="Tests_Post_wpInsertPost" file="/home/meng/Desktop/wptest/wordpress-develop/tests/phpunit/tests/post/wpInsertPost.php" line="177" assertions="1" time="0.114005"/>
        </testsuite>
        <testsuite name="Tests_Post_wpInsertPost::test_wp_untrash_post_status_filter_restores_post_to_correct_status" tests="4" assertions="4" errors="0" failures="0" skipped="0" time="0.457896">
          <testcase name="test_wp_untrash_post_status_filter_restores_post_to_correct_status with data set #0" class="Tests_Post_wpInsertPost" classname="Tests_Post_wpInsertPost" file="/home/meng/Desktop/wptest/wordpress-develop/tests/phpunit/tests/post/wpInsertPost.php" line="195" assertions="1" time="0.119186"/>
          <testcase name="test_wp_untrash_post_status_filter_restores_post_to_correct_status with data set #1" class="Tests_Post_wpInsertPost" classname="Tests_Post_wpInsertPost" file="/home/meng/Desktop/wptest/wordpress-develop/tests/phpunit/tests/post/wpInsertPost.php" line="195" assertions="1" time="0.111782"/>
          <testcase name="test_wp_untrash_post_status_filter_restores_post_to_correct_status with data set #2" class="Tests_Post_wpInsertPost" classname="Tests_Post_wpInsertPost" file="/home/meng/Desktop/wptest/wordpress-develop/tests/phpunit/tests/post/wpInsertPost.php" line="195" assertions="1" time="0.113951"/>
          <testcase name="test_wp_untrash_post_status_filter_restores_post_to_correct_status with data set #3" class="Tests_Post_wpInsertPost" classname="Tests_Post_wpInsertPost" file="/home/meng/Desktop/wptest/wordpress-develop/tests/phpunit/tests/post/wpInsertPost.php" line="195" assertions="1" time="0.112977"/>
        </testsuite>
        <testsuite name="Tests_Post_wpInsertPost::test_contributor_cannot_set_post_slug" tests="3" assertions="6" errors="0" failures="0" skipped="0" time="0.238809">
          <testcase name="test_contributor_cannot_set_post_slug with data set #0" class="Tests_Post_wpInsertPost" classname="Tests_Post_wpInsertPost" file="/home/meng/Desktop/wptest/wordpress-develop/tests/phpunit/tests/post/wpInsertPost.php" line="260" assertions="2" time="0.068365"/>
          <testcase name="test_contributor_cannot_set_post_slug with data set #1" class="Tests_Post_wpInsertPost" classname="Tests_Post_wpInsertPost" file="/home/meng/Desktop/wptest/wordpress-develop/tests/phpunit/tests/post/wpInsertPost.php" line="260" assertions="2" time="0.065806"/>
          <testcase name="test_contributor_cannot_set_post_slug with data set #2" class="Tests_Post_wpInsertPost" classname="Tests_Post_wpInsertPost" file="/home/meng/Desktop/wptest/wordpress-develop/tests/phpunit/tests/post/wpInsertPost.php" line="260" assertions="2" time="0.104638"/>
        </testsuite>
        <testsuite name="Tests_Post_wpInsertPost::test_administrator_can_set_post_slug" tests="3" assertions="6" errors="0" failures="0" skipped="0" time="0.270950">
          <testcase name="test_administrator_can_set_post_slug with data set #0" class="Tests_Post_wpInsertPost" classname="Tests_Post_wpInsertPost" file="/home/meng/Desktop/wptest/wordpress-develop/tests/phpunit/tests/post/wpInsertPost.php" line="299" assertions="2" time="0.082455"/>
          <testcase name="test_administrator_can_set_post_slug with data set #1" class="Tests_Post_wpInsertPost" classname="Tests_Post_wpInsertPost" file="/home/meng/Desktop/wptest/wordpress-develop/tests/phpunit/tests/post/wpInsertPost.php" line="299" assertions="2" time="0.093257"/>
          <testcase name="test_administrator_can_set_post_slug with data set #2" class="Tests_Post_wpInsertPost" classname="Tests_Post_wpInsertPost" file="/home/meng/Desktop/wptest/wordpress-develop/tests/phpunit/tests/post/wpInsertPost.php" line="299" assertions="2" time="0.095238"/>
        </testsuite>
        <testcase name="test_administrator_cannot_set_post_slug_on_post_type_they_cannot_publish" class="Tests_Post_wpInsertPost" classname="Tests_Post_wpInsertPost" file="/home/meng/Desktop/wptest/wordpress-develop/tests/phpunit/tests/post/wpInsertPost.php" line="340" assertions="2" time="0.071206"/>
        <testcase name="test_scheduled_post_with_a_past_date_should_be_published" class="Tests_Post_wpInsertPost" classname="Tests_Post_wpInsertPost" file="/home/meng/Desktop/wptest/wordpress-develop/tests/phpunit/tests/post/wpInsertPost.php" line="376" assertions="2" time="0.098909"/>
      </testsuite>
      <testsuite name="Tests_Post_wpListPages" file="/home/meng/Desktop/wptest/wordpress-develop/tests/phpunit/tests/post/wpListPages.php" tests="16" assertions="16" errors="0" failures="0" skipped="0" time="0.891873">
        <testcase name="test_wp_list_pages_default" class="Tests_Post_wpListPages" classname="Tests_Post_wpListPages" file="/home/meng/Desktop/wptest/wordpress-develop/tests/phpunit/tests/post/wpListPages.php" line="118" assertions="1" time="0.062036"/>
        <testcase name="test_wp_list_pages_depth" class="Tests_Post_wpListPages" classname="Tests_Post_wpListPages" file="/home/meng/Desktop/wptest/wordpress-develop/tests/phpunit/tests/post/wpListPages.php" line="149" assertions="1" time="0.049544"/>
        <testcase name="test_wp_list_pages_show_date" class="Tests_Post_wpListPages" classname="Tests_Post_wpListPages" file="/home/meng/Desktop/wptest/wordpress-develop/tests/phpunit/tests/post/wpListPages.php" line="163" assertions="1" time="0.050353"/>
        <testcase name="test_wp_list_pages_date_format" class="Tests_Post_wpListPages" classname="Tests_Post_wpListPages" file="/home/meng/Desktop/wptest/wordpress-develop/tests/phpunit/tests/post/wpListPages.php" line="179" assertions="1" time="0.075729"/>
        <testcase name="test_wp_list_pages_child_of" class="Tests_Post_wpListPages" classname="Tests_Post_wpListPages" file="/home/meng/Desktop/wptest/wordpress-develop/tests/phpunit/tests/post/wpListPages.php" line="213" assertions="1" time="0.048600"/>
        <testcase name="test_wp_list_pages_exclude" class="Tests_Post_wpListPages" classname="Tests_Post_wpListPages" file="/home/meng/Desktop/wptest/wordpress-develop/tests/phpunit/tests/post/wpListPages.php" line="227" assertions="1" time="0.062556"/>
        <testcase name="test_wp_list_pages_title_li" class="Tests_Post_wpListPages" classname="Tests_Post_wpListPages" file="/home/meng/Desktop/wptest/wordpress-develop/tests/phpunit/tests/post/wpListPages.php" line="255" assertions="1" time="0.051734"/>
        <testcase name="test_wp_list_pages_echo" class="Tests_Post_wpListPages" classname="Tests_Post_wpListPages" file="/home/meng/Desktop/wptest/wordpress-develop/tests/phpunit/tests/post/wpListPages.php" line="270" assertions="1" time="0.052001"/>
        <testcase name="test_wp_list_pages_authors" class="Tests_Post_wpListPages" classname="Tests_Post_wpListPages" file="/home/meng/Desktop/wptest/wordpress-develop/tests/phpunit/tests/post/wpListPages.php" line="285" assertions="1" time="0.049508"/>
        <testcase name="test_wp_list_pages_number" class="Tests_Post_wpListPages" classname="Tests_Post_wpListPages" file="/home/meng/Desktop/wptest/wordpress-develop/tests/phpunit/tests/post/wpListPages.php" line="297" assertions="1" time="0.041301"/>
        <testcase name="test_wp_list_pages_sort_column" class="Tests_Post_wpListPages" classname="Tests_Post_wpListPages" file="/home/meng/Desktop/wptest/wordpress-develop/tests/phpunit/tests/post/wpListPages.php" line="310" assertions="1" time="0.046513"/>
        <testcase name="test_wp_list_pages_link_before" class="Tests_Post_wpListPages" classname="Tests_Post_wpListPages" file="/home/meng/Desktop/wptest/wordpress-develop/tests/phpunit/tests/post/wpListPages.php" line="326" assertions="1" time="0.060235"/>
        <testcase name="test_wp_list_pages_link_after" class="Tests_Post_wpListPages" classname="Tests_Post_wpListPages" file="/home/meng/Desktop/wptest/wordpress-develop/tests/phpunit/tests/post/wpListPages.php" line="358" assertions="1" time="0.065867"/>
        <testcase name="test_wp_list_pages_include" class="Tests_Post_wpListPages" classname="Tests_Post_wpListPages" file="/home/meng/Desktop/wptest/wordpress-develop/tests/phpunit/tests/post/wpListPages.php" line="391" assertions="1" time="0.044816"/>
        <testcase name="test_wp_list_pages_exclude_tree" class="Tests_Post_wpListPages" classname="Tests_Post_wpListPages" file="/home/meng/Desktop/wptest/wordpress-develop/tests/phpunit/tests/post/wpListPages.php" line="404" assertions="1" time="0.062378"/>
        <testcase name="test_wp_list_pages_discarded_whitespace" class="Tests_Post_wpListPages" classname="Tests_Post_wpListPages" file="/home/meng/Desktop/wptest/wordpress-develop/tests/phpunit/tests/post/wpListPages.php" line="422" assertions="1" time="0.068702"/>
      </testsuite>
      <testsuite name="Tests_Post_wpPost" file="/home/meng/Desktop/wptest/wordpress-develop/tests/phpunit/tests/post/wpPost.php" tests="4" assertions="4" errors="0" failures="0" skipped="0" time="0.155939">
        <testcase name="test_get_instance_should_work_for_numeric_string" class="Tests_Post_wpPost" classname="Tests_Post_wpPost" file="/home/meng/Desktop/wptest/wordpress-develop/tests/phpunit/tests/post/wpPost.php" line="29" assertions="1" time="0.038135"/>
        <testcase name="test_get_instance_should_fail_for_negative_number" class="Tests_Post_wpPost" classname="Tests_Post_wpPost" file="/home/meng/Desktop/wptest/wordpress-develop/tests/phpunit/tests/post/wpPost.php" line="38" assertions="1" time="0.041502"/>
        <testcase name="test_get_instance_should_fail_for_non_numeric_string" class="Tests_Post_wpPost" classname="Tests_Post_wpPost" file="/home/meng/Desktop/wptest/wordpress-develop/tests/phpunit/tests/post/wpPost.php" line="47" assertions="1" time="0.035426"/>
        <testcase name="test_get_instance_should_succeed_for_float_that_is_equal_to_post_id" class="Tests_Post_wpPost" classname="Tests_Post_wpPost" file="/home/meng/Desktop/wptest/wordpress-develop/tests/phpunit/tests/post/wpPost.php" line="56" assertions="1" time="0.040876"/>
      </testsuite>
      <testsuite name="Tests_Post_WP_Post_Type" file="/home/meng/Desktop/wptest/wordpress-develop/tests/phpunit/tests/post/wpPostType.php" tests="10" assertions="27" errors="0" failures="0" skipped="0" time="0.430178">
        <testcase name="test_instances" class="Tests_Post_WP_Post_Type" classname="Tests_Post_WP_Post_Type" file="/home/meng/Desktop/wptest/wordpress-develop/tests/phpunit/tests/post/wpPostType.php" line="7" assertions="10" time="0.037169"/>
        <testcase name="test_add_supports_defaults" class="Tests_Post_WP_Post_Type" classname="Tests_Post_WP_Post_Type" file="/home/meng/Desktop/wptest/wordpress-develop/tests/phpunit/tests/post/wpPostType.php" line="15" assertions="2" time="0.043390"/>
        <testcase name="test_add_supports_custom" class="Tests_Post_WP_Post_Type" classname="Tests_Post_WP_Post_Type" file="/home/meng/Desktop/wptest/wordpress-develop/tests/phpunit/tests/post/wpPostType.php" line="35" assertions="2" time="0.037531"/>
        <testcase name="test_add_supports_custom_with_args" class="Tests_Post_WP_Post_Type" classname="Tests_Post_WP_Post_Type" file="/home/meng/Desktop/wptest/wordpress-develop/tests/phpunit/tests/post/wpPostType.php" line="70" assertions="2" time="0.037291"/>
        <testcase name="test_does_not_add_query_var_if_not_public" class="Tests_Post_WP_Post_Type" classname="Tests_Post_WP_Post_Type" file="/home/meng/Desktop/wptest/wordpress-develop/tests/phpunit/tests/post/wpPostType.php" line="106" assertions="1" time="0.047143"/>
        <testcase name="test_adds_query_var_if_public" class="Tests_Post_WP_Post_Type" classname="Tests_Post_WP_Post_Type" file="/home/meng/Desktop/wptest/wordpress-develop/tests/phpunit/tests/post/wpPostType.php" line="125" assertions="2" time="0.047909"/>
        <testcase name="test_adds_rewrite_rules" class="Tests_Post_WP_Post_Type" classname="Tests_Post_WP_Post_Type" file="/home/meng/Desktop/wptest/wordpress-develop/tests/phpunit/tests/post/wpPostType.php" line="151" assertions="2" time="0.057575"/>
        <testcase name="test_register_meta_boxes" class="Tests_Post_WP_Post_Type" classname="Tests_Post_WP_Post_Type" file="/home/meng/Desktop/wptest/wordpress-develop/tests/phpunit/tests/post/wpPostType.php" line="176" assertions="2" time="0.042876"/>
        <testcase name="test_adds_future_post_hook" class="Tests_Post_WP_Post_Type" classname="Tests_Post_WP_Post_Type" file="/home/meng/Desktop/wptest/wordpress-develop/tests/phpunit/tests/post/wpPostType.php" line="189" assertions="2" time="0.037520"/>
        <testcase name="test_register_taxonomies" class="Tests_Post_WP_Post_Type" classname="Tests_Post_WP_Post_Type" file="/home/meng/Desktop/wptest/wordpress-develop/tests/phpunit/tests/post/wpPostType.php" line="201" assertions="2" time="0.041774"/>
      </testsuite>
      <testsuite name="Tests_Post_wpPublishPost" file="/home/meng/Desktop/wptest/wordpress-develop/tests/phpunit/tests/post/wpPublishPost.php" tests="5" assertions="10" errors="0" failures="0" skipped="0" time="0.403973">
        <testcase name="test_wp_publish_post_respects_current_categories" class="Tests_Post_wpPublishPost" classname="Tests_Post_wpPublishPost" file="/home/meng/Desktop/wptest/wordpress-develop/tests/phpunit/tests/post/wpPublishPost.php" line="29" assertions="2" time="0.080945"/>
        <testcase name="test_wp_publish_post_adds_default_category" class="Tests_Post_wpPublishPost" classname="Tests_Post_wpPublishPost" file="/home/meng/Desktop/wptest/wordpress-develop/tests/phpunit/tests/post/wpPublishPost.php" line="50" assertions="2" time="0.066320"/>
        <testcase name="test_wp_publish_post_adds_default_category_when_tagged" class="Tests_Post_wpPublishPost" classname="Tests_Post_wpPublishPost" file="/home/meng/Desktop/wptest/wordpress-develop/tests/phpunit/tests/post/wpPublishPost.php" line="70" assertions="2" time="0.088995"/>
        <testcase name="test_wp_publish_post_respects_current_terms" class="Tests_Post_wpPublishPost" classname="Tests_Post_wpPublishPost" file="/home/meng/Desktop/wptest/wordpress-develop/tests/phpunit/tests/post/wpPublishPost.php" line="91" assertions="2" time="0.089304"/>
        <testcase name="test_wp_publish_post_adds_default_term" class="Tests_Post_wpPublishPost" classname="Tests_Post_wpPublishPost" file="/home/meng/Desktop/wptest/wordpress-develop/tests/phpunit/tests/post/wpPublishPost.php" line="126" assertions="2" time="0.078409"/>
      </testsuite>
      <testsuite name="Tests_Post_wpUniquePostSlug" file="/home/meng/Desktop/wptest/wordpress-develop/tests/phpunit/tests/post/wpUniquePostSlug.php" tests="20" assertions="29" errors="0" failures="0" skipped="0" time="1.878891">
        <testcase name="test_non_latin_slugs" class="Tests_Post_wpUniquePostSlug" classname="Tests_Post_wpUniquePostSlug" file="/home/meng/Desktop/wptest/wordpress-develop/tests/phpunit/tests/post/wpUniquePostSlug.php" line="12" assertions="2" time="0.253449"/>
        <testcase name="test_with_multiple_hierarchies" class="Tests_Post_wpUniquePostSlug" classname="Tests_Post_wpUniquePostSlug" file="/home/meng/Desktop/wptest/wordpress-develop/tests/phpunit/tests/post/wpUniquePostSlug.php" line="46" assertions="4" time="0.085718"/>
        <testcase name="test_with_hierarchy" class="Tests_Post_wpUniquePostSlug" classname="Tests_Post_wpUniquePostSlug" file="/home/meng/Desktop/wptest/wordpress-develop/tests/phpunit/tests/post/wpUniquePostSlug.php" line="72" assertions="3" time="0.100300"/>
        <testcase name="test_wp_unique_post_slug_with_hierarchy_and_attachments" class="Tests_Post_wpUniquePostSlug" classname="Tests_Post_wpUniquePostSlug" file="/home/meng/Desktop/wptest/wordpress-develop/tests/phpunit/tests/post/wpUniquePostSlug.php" line="95" assertions="4" time="0.092863"/>
        <testsuite name="Tests_Post_wpUniquePostSlug::test_allowed_post_statuses_should_not_be_forced_to_be_unique" tests="3" assertions="3" errors="0" failures="0" skipped="0" time="0.311373">
          <testcase name="test_allowed_post_statuses_should_not_be_forced_to_be_unique with data set #0" class="Tests_Post_wpUniquePostSlug" classname="Tests_Post_wpUniquePostSlug" file="/home/meng/Desktop/wptest/wordpress-develop/tests/phpunit/tests/post/wpUniquePostSlug.php" line="133" assertions="1" time="0.098221"/>
          <testcase name="test_allowed_post_statuses_should_not_be_forced_to_be_unique with data set #1" class="Tests_Post_wpUniquePostSlug" classname="Tests_Post_wpUniquePostSlug" file="/home/meng/Desktop/wptest/wordpress-develop/tests/phpunit/tests/post/wpUniquePostSlug.php" line="133" assertions="1" time="0.102821"/>
          <testcase name="test_allowed_post_statuses_should_not_be_forced_to_be_unique with data set #2" class="Tests_Post_wpUniquePostSlug" classname="Tests_Post_wpUniquePostSlug" file="/home/meng/Desktop/wptest/wordpress-develop/tests/phpunit/tests/post/wpUniquePostSlug.php" line="133" assertions="1" time="0.110331"/>
        </testsuite>
        <testcase name="test_revisions_should_not_be_forced_to_be_unique" class="Tests_Post_wpUniquePostSlug" classname="Tests_Post_wpUniquePostSlug" file="/home/meng/Desktop/wptest/wordpress-develop/tests/phpunit/tests/post/wpUniquePostSlug.php" line="160" assertions="1" time="0.099210"/>
        <testcase name="test_slugs_resulting_in_permalinks_that_resemble_year_archives_should_be_suffixed" class="Tests_Post_wpUniquePostSlug" classname="Tests_Post_wpUniquePostSlug" file="/home/meng/Desktop/wptest/wordpress-develop/tests/phpunit/tests/post/wpUniquePostSlug.php" line="182" assertions="1" time="0.083072"/>
        <testcase name="test_slugs_resulting_in_permalinks_that_resemble_year_archives_should_not_be_suffixed_for_already_published_posts" class="Tests_Post_wpUniquePostSlug" classname="Tests_Post_wpUniquePostSlug" file="/home/meng/Desktop/wptest/wordpress-develop/tests/phpunit/tests/post/wpUniquePostSlug.php" line="199" assertions="1" time="0.080315"/>
        <testcase name="test_yearlike_slugs_should_not_be_suffixed_if_permalink_structure_does_not_result_in_a_clash_with_year_archives" class="Tests_Post_wpUniquePostSlug" classname="Tests_Post_wpUniquePostSlug" file="/home/meng/Desktop/wptest/wordpress-develop/tests/phpunit/tests/post/wpUniquePostSlug.php" line="217" assertions="1" time="0.090136"/>
        <testcase name="test_slugs_resulting_in_permalinks_that_resemble_month_archives_should_be_suffixed" class="Tests_Post_wpUniquePostSlug" classname="Tests_Post_wpUniquePostSlug" file="/home/meng/Desktop/wptest/wordpress-develop/tests/phpunit/tests/post/wpUniquePostSlug.php" line="234" assertions="1" time="0.088180"/>
        <testcase name="test_monthlike_slugs_should_not_be_suffixed_if_permalink_structure_does_not_result_in_a_clash_with_month_archives" class="Tests_Post_wpUniquePostSlug" classname="Tests_Post_wpUniquePostSlug" file="/home/meng/Desktop/wptest/wordpress-develop/tests/phpunit/tests/post/wpUniquePostSlug.php" line="251" assertions="1" time="0.074486"/>
        <testcase name="test_monthlike_slugs_should_not_be_suffixed_for_invalid_month_numbers" class="Tests_Post_wpUniquePostSlug" classname="Tests_Post_wpUniquePostSlug" file="/home/meng/Desktop/wptest/wordpress-develop/tests/phpunit/tests/post/wpUniquePostSlug.php" line="268" assertions="1" time="0.071192"/>
        <testcase name="test_slugs_resulting_in_permalinks_that_resemble_day_archives_should_be_suffixed" class="Tests_Post_wpUniquePostSlug" classname="Tests_Post_wpUniquePostSlug" file="/home/meng/Desktop/wptest/wordpress-develop/tests/phpunit/tests/post/wpUniquePostSlug.php" line="285" assertions="1" time="0.079290"/>
        <testcase name="test_daylike_slugs_should_not_be_suffixed_if_permalink_structure_does_not_result_in_a_clash_with_day_archives" class="Tests_Post_wpUniquePostSlug" classname="Tests_Post_wpUniquePostSlug" file="/home/meng/Desktop/wptest/wordpress-develop/tests/phpunit/tests/post/wpUniquePostSlug.php" line="302" assertions="1" time="0.075150"/>
        <testcase name="test_daylike_slugs_should_not_be_suffixed_for_invalid_day_numbers" class="Tests_Post_wpUniquePostSlug" classname="Tests_Post_wpUniquePostSlug" file="/home/meng/Desktop/wptest/wordpress-develop/tests/phpunit/tests/post/wpUniquePostSlug.php" line="319" assertions="1" time="0.077315"/>
        <testcase name="test_embed_slug_should_be_suffixed_for_posts" class="Tests_Post_wpUniquePostSlug" classname="Tests_Post_wpUniquePostSlug" file="/home/meng/Desktop/wptest/wordpress-develop/tests/phpunit/tests/post/wpUniquePostSlug.php" line="336" assertions="1" time="0.076311"/>
        <testcase name="test_embed_slug_should_be_suffixed_for_pages" class="Tests_Post_wpUniquePostSlug" classname="Tests_Post_wpUniquePostSlug" file="/home/meng/Desktop/wptest/wordpress-develop/tests/phpunit/tests/post/wpUniquePostSlug.php" line="353" assertions="1" time="0.070706"/>
        <testcase name="test_embed_slug_should_be_suffixed_for_attachments" class="Tests_Post_wpUniquePostSlug" classname="Tests_Post_wpUniquePostSlug" file="/home/meng/Desktop/wptest/wordpress-develop/tests/phpunit/tests/post/wpUniquePostSlug.php" line="370" assertions="1" time="0.069825"/>
      </testsuite>
      <testsuite name="Tests_WpCreateUserRequest" file="/home/meng/Desktop/wptest/wordpress-develop/tests/phpunit/tests/privacy/wpCreateUserRequest.php" tests="11" assertions="40" errors="0" failures="0" skipped="0" time="0.667719">
        <testcase name="test_invalid_email" class="Tests_WpCreateUserRequest" classname="Tests_WpCreateUserRequest" file="/home/meng/Desktop/wptest/wordpress-develop/tests/phpunit/tests/privacy/wpCreateUserRequest.php" line="88" assertions="2" time="0.039861"/>
        <testcase name="test_invalid_action" class="Tests_WpCreateUserRequest" classname="Tests_WpCreateUserRequest" file="/home/meng/Desktop/wptest/wordpress-develop/tests/phpunit/tests/privacy/wpCreateUserRequest.php" line="100" assertions="2" time="0.034342"/>
        <testcase name="test_failure_due_to_incomplete_registered_user" class="Tests_WpCreateUserRequest" classname="Tests_WpCreateUserRequest" file="/home/meng/Desktop/wptest/wordpress-develop/tests/phpunit/tests/privacy/wpCreateUserRequest.php" line="112" assertions="2" time="0.043189"/>
        <testcase name="test_failure_due_to_incomplete_unregistered_user" class="Tests_WpCreateUserRequest" classname="Tests_WpCreateUserRequest" file="/home/meng/Desktop/wptest/wordpress-develop/tests/phpunit/tests/privacy/wpCreateUserRequest.php" line="125" assertions="2" time="0.057666"/>
        <testcase name="test_sanitized_email" class="Tests_WpCreateUserRequest" classname="Tests_WpCreateUserRequest" file="/home/meng/Desktop/wptest/wordpress-develop/tests/phpunit/tests/privacy/wpCreateUserRequest.php" line="147" assertions="3" time="0.055577"/>
        <testcase name="test_sanitized_action_name" class="Tests_WpCreateUserRequest" classname="Tests_WpCreateUserRequest" file="/home/meng/Desktop/wptest/wordpress-develop/tests/phpunit/tests/privacy/wpCreateUserRequest.php" line="163" assertions="3" time="0.056205"/>
        <testcase name="test_create_request_registered_user" class="Tests_WpCreateUserRequest" classname="Tests_WpCreateUserRequest" file="/home/meng/Desktop/wptest/wordpress-develop/tests/phpunit/tests/privacy/wpCreateUserRequest.php" line="179" assertions="7" time="0.077067"/>
        <testcase name="test_create_request_unregistered_user" class="Tests_WpCreateUserRequest" classname="Tests_WpCreateUserRequest" file="/home/meng/Desktop/wptest/wordpress-develop/tests/phpunit/tests/privacy/wpCreateUserRequest.php" line="206" assertions="7" time="0.078275"/>
        <testcase name="test_completed_request_does_not_block_new_request" class="Tests_WpCreateUserRequest" classname="Tests_WpCreateUserRequest" file="/home/meng/Desktop/wptest/wordpress-develop/tests/phpunit/tests/privacy/wpCreateUserRequest.php" line="234" assertions="4" time="0.082518"/>
        <testcase name="test_completed_request_does_not_block_new_request_for_unregistered_user" class="Tests_WpCreateUserRequest" classname="Tests_WpCreateUserRequest" file="/home/meng/Desktop/wptest/wordpress-develop/tests/phpunit/tests/privacy/wpCreateUserRequest.php" line="261" assertions="6" time="0.084717"/>
        <testcase name="test_wp_error_returned_from_wp_insert_post" class="Tests_WpCreateUserRequest" classname="Tests_WpCreateUserRequest" file="/home/meng/Desktop/wptest/wordpress-develop/tests/phpunit/tests/privacy/wpCreateUserRequest.php" line="289" assertions="2" time="0.058301"/>
      </testsuite>
      <testsuite name="Tests_WpPrivacyCompletedRequest" file="/home/meng/Desktop/wptest/wordpress-develop/tests/phpunit/tests/privacy/wpPrivacyCompletedRequest.php" tests="3" assertions="10" errors="0" failures="0" skipped="0" time="0.160781">
        <testcase name="test_wp_privacy_completed_request_should_return_error_for_invalid_request_id" class="Tests_WpPrivacyCompletedRequest" classname="Tests_WpPrivacyCompletedRequest" file="/home/meng/Desktop/wptest/wordpress-develop/tests/phpunit/tests/privacy/wpPrivacyCompletedRequest.php" line="42" assertions="4" time="0.038396"/>
        <testcase name="test_wp_privacy_completed_request_should_mark_request_completed" class="Tests_WpPrivacyCompletedRequest" classname="Tests_WpPrivacyCompletedRequest" file="/home/meng/Desktop/wptest/wordpress-develop/tests/phpunit/tests/privacy/wpPrivacyCompletedRequest.php" line="57" assertions="3" time="0.060238"/>
        <testcase name="test_wp_privacy_completed_request_should_log_request_timestamp" class="Tests_WpPrivacyCompletedRequest" classname="Tests_WpPrivacyCompletedRequest" file="/home/meng/Desktop/wptest/wordpress-develop/tests/phpunit/tests/privacy/wpPrivacyCompletedRequest.php" line="68" assertions="3" time="0.062147"/>
      </testsuite>
      <testsuite name="Tests_Privacy_WpPrivacyDeleteOldExportFiles" file="/home/meng/Desktop/wptest/wordpress-develop/tests/phpunit/tests/privacy/wpPrivacyDeleteOldExportFiles.php" tests="5" assertions="6" errors="0" failures="0" skipped="0" time="0.192697">
        <testcase name="test_non_existent_folders_should_not_cause_errors" class="Tests_Privacy_WpPrivacyDeleteOldExportFiles" classname="Tests_Privacy_WpPrivacyDeleteOldExportFiles" file="/home/meng/Desktop/wptest/wordpress-develop/tests/phpunit/tests/privacy/wpPrivacyDeleteOldExportFiles.php" line="87" assertions="1" time="0.038012"/>
        <testcase name="test_expired_files_should_be_deleted" class="Tests_Privacy_WpPrivacyDeleteOldExportFiles" classname="Tests_Privacy_WpPrivacyDeleteOldExportFiles" file="/home/meng/Desktop/wptest/wordpress-develop/tests/phpunit/tests/privacy/wpPrivacyDeleteOldExportFiles.php" line="119" assertions="1" time="0.041688"/>
        <testcase name="test_unexpired_files_should_not_be_deleted" class="Tests_Privacy_WpPrivacyDeleteOldExportFiles" classname="Tests_Privacy_WpPrivacyDeleteOldExportFiles" file="/home/meng/Desktop/wptest/wordpress-develop/tests/phpunit/tests/privacy/wpPrivacyDeleteOldExportFiles.php" line="130" assertions="1" time="0.039207"/>
        <testcase name="test_index_file_should_never_be_deleted" class="Tests_Privacy_WpPrivacyDeleteOldExportFiles" classname="Tests_Privacy_WpPrivacyDeleteOldExportFiles" file="/home/meng/Desktop/wptest/wordpress-develop/tests/phpunit/tests/privacy/wpPrivacyDeleteOldExportFiles.php" line="141" assertions="1" time="0.037478"/>
        <testcase name="test_filtered_expiration_time" class="Tests_Privacy_WpPrivacyDeleteOldExportFiles" classname="Tests_Privacy_WpPrivacyDeleteOldExportFiles" file="/home/meng/Desktop/wptest/wordpress-develop/tests/phpunit/tests/privacy/wpPrivacyDeleteOldExportFiles.php" line="152" assertions="2" time="0.036312"/>
      </testsuite>
      <testsuite name="Tests_Privacy_WpPrivacyGeneratePersonalDataExportFile" file="/home/meng/Desktop/wptest/wordpress-develop/tests/phpunit/tests/privacy/wpPrivacyGeneratePersonalDataExportFile.php" tests="12" assertions="0" errors="0" failures="0" skipped="12" time="0.437821">
        <testcase name="test_rejects_remove_requests" class="Tests_Privacy_WpPrivacyGeneratePersonalDataExportFile" classname="Tests_Privacy_WpPrivacyGeneratePersonalDataExportFile" file="/home/meng/Desktop/wptest/wordpress-develop/tests/phpunit/tests/privacy/wpPrivacyGeneratePersonalDataExportFile.php" line="163" assertions="0" time="0.039631">
          <skipped/>
        </testcase>
        <testcase name="test_invalid_request_id" class="Tests_Privacy_WpPrivacyGeneratePersonalDataExportFile" classname="Tests_Privacy_WpPrivacyGeneratePersonalDataExportFile" file="/home/meng/Desktop/wptest/wordpress-develop/tests/phpunit/tests/privacy/wpPrivacyGeneratePersonalDataExportFile.php" line="176" assertions="0" time="0.039421">
          <skipped/>
        </testcase>
        <testcase name="test_rejects_requests_with_bad_email_addresses" class="Tests_Privacy_WpPrivacyGeneratePersonalDataExportFile" classname="Tests_Privacy_WpPrivacyGeneratePersonalDataExportFile" file="/home/meng/Desktop/wptest/wordpress-develop/tests/phpunit/tests/privacy/wpPrivacyGeneratePersonalDataExportFile.php" line="187" assertions="0" time="0.042826">
          <skipped/>
        </testcase>
        <testcase name="test_detect_cannot_create_folder" class="Tests_Privacy_WpPrivacyGeneratePersonalDataExportFile" classname="Tests_Privacy_WpPrivacyGeneratePersonalDataExportFile" file="/home/meng/Desktop/wptest/wordpress-develop/tests/phpunit/tests/privacy/wpPrivacyGeneratePersonalDataExportFile.php" line="207" assertions="0" time="0.038013">
          <skipped/>
        </testcase>
        <testcase name="test_creates_index_in_export_folder" class="Tests_Privacy_WpPrivacyGeneratePersonalDataExportFile" classname="Tests_Privacy_WpPrivacyGeneratePersonalDataExportFile" file="/home/meng/Desktop/wptest/wordpress-develop/tests/phpunit/tests/privacy/wpPrivacyGeneratePersonalDataExportFile.php" line="221" assertions="0" time="0.035272">
          <skipped/>
        </testcase>
        <testcase name="test_can_succeed" class="Tests_Privacy_WpPrivacyGeneratePersonalDataExportFile" classname="Tests_Privacy_WpPrivacyGeneratePersonalDataExportFile" file="/home/meng/Desktop/wptest/wordpress-develop/tests/phpunit/tests/privacy/wpPrivacyGeneratePersonalDataExportFile.php" line="233" assertions="0" time="0.033902">
          <skipped/>
        </testcase>
        <testcase name="test_html_contents" class="Tests_Privacy_WpPrivacyGeneratePersonalDataExportFile" classname="Tests_Privacy_WpPrivacyGeneratePersonalDataExportFile" file="/home/meng/Desktop/wptest/wordpress-develop/tests/phpunit/tests/privacy/wpPrivacyGeneratePersonalDataExportFile.php" line="244" assertions="0" time="0.034647">
          <skipped/>
        </testcase>
        <testcase name="test_json_contents" class="Tests_Privacy_WpPrivacyGeneratePersonalDataExportFile" classname="Tests_Privacy_WpPrivacyGeneratePersonalDataExportFile" file="/home/meng/Desktop/wptest/wordpress-develop/tests/phpunit/tests/privacy/wpPrivacyGeneratePersonalDataExportFile.php" line="273" assertions="0" time="0.035540">
          <skipped/>
        </testcase>
        <testcase name="test_single_group_export_no_toc_or_return_to_top" class="Tests_Privacy_WpPrivacyGeneratePersonalDataExportFile" classname="Tests_Privacy_WpPrivacyGeneratePersonalDataExportFile" file="/home/meng/Desktop/wptest/wordpress-develop/tests/phpunit/tests/privacy/wpPrivacyGeneratePersonalDataExportFile.php" line="303" assertions="0" time="0.035045">
          <skipped/>
        </testcase>
        <testcase name="test_multiple_group_export_has_toc_and_return_to_top" class="Tests_Privacy_WpPrivacyGeneratePersonalDataExportFile" classname="Tests_Privacy_WpPrivacyGeneratePersonalDataExportFile" file="/home/meng/Desktop/wptest/wordpress-develop/tests/phpunit/tests/privacy/wpPrivacyGeneratePersonalDataExportFile.php" line="332" assertions="0" time="0.034686">
          <skipped/>
        </testcase>
        <testcase name="test_multiple_group_export_multiple_items_group_count_in_toc" class="Tests_Privacy_WpPrivacyGeneratePersonalDataExportFile" classname="Tests_Privacy_WpPrivacyGeneratePersonalDataExportFile" file="/home/meng/Desktop/wptest/wordpress-develop/tests/phpunit/tests/privacy/wpPrivacyGeneratePersonalDataExportFile.php" line="409" assertions="0" time="0.034479">
          <skipped/>
        </testcase>
        <testcase name="test_multiple_group_export_single_items_no_group_count_in_toc" class="Tests_Privacy_WpPrivacyGeneratePersonalDataExportFile" classname="Tests_Privacy_WpPrivacyGeneratePersonalDataExportFile" file="/home/meng/Desktop/wptest/wordpress-develop/tests/phpunit/tests/privacy/wpPrivacyGeneratePersonalDataExportFile.php" line="551" assertions="0" time="0.034359">
          <skipped/>
        </testcase>
      </testsuite>
      <testsuite name="Tests_Privacy_WpPrivacyGeneratePersonalDataExportGroupHtml" file="/home/meng/Desktop/wptest/wordpress-develop/tests/phpunit/tests/privacy/wpPrivacyGeneratePersonalDataExportGroupHtml.php" tests="8" assertions="26" errors="0" failures="0" skipped="0" time="0.326800">
        <testcase name="test_group_html_generation_single_data_item" class="Tests_Privacy_WpPrivacyGeneratePersonalDataExportGroupHtml" classname="Tests_Privacy_WpPrivacyGeneratePersonalDataExportGroupHtml" file="/home/meng/Desktop/wptest/wordpress-develop/tests/phpunit/tests/privacy/wpPrivacyGeneratePersonalDataExportGroupHtml.php" line="25" assertions="2" time="0.040124"/>
        <testcase name="test_group_html_generation_multiple_data_items" class="Tests_Privacy_WpPrivacyGeneratePersonalDataExportGroupHtml" classname="Tests_Privacy_WpPrivacyGeneratePersonalDataExportGroupHtml" file="/home/meng/Desktop/wptest/wordpress-develop/tests/phpunit/tests/privacy/wpPrivacyGeneratePersonalDataExportGroupHtml.php" line="55" assertions="8" time="0.037753"/>
        <testcase name="test_links_become_anchors" class="Tests_Privacy_WpPrivacyGeneratePersonalDataExportGroupHtml" classname="Tests_Privacy_WpPrivacyGeneratePersonalDataExportGroupHtml" file="/home/meng/Desktop/wptest/wordpress-develop/tests/phpunit/tests/privacy/wpPrivacyGeneratePersonalDataExportGroupHtml.php" line="99" assertions="3" time="0.040953"/>
        <testcase name="test_group_labels_escaped" class="Tests_Privacy_WpPrivacyGeneratePersonalDataExportGroupHtml" classname="Tests_Privacy_WpPrivacyGeneratePersonalDataExportGroupHtml" file="/home/meng/Desktop/wptest/wordpress-develop/tests/phpunit/tests/privacy/wpPrivacyGeneratePersonalDataExportGroupHtml.php" line="132" assertions="1" time="0.036006"/>
        <testcase name="test_allowed_html_not_stripped" class="Tests_Privacy_WpPrivacyGeneratePersonalDataExportGroupHtml" classname="Tests_Privacy_WpPrivacyGeneratePersonalDataExportGroupHtml" file="/home/meng/Desktop/wptest/wordpress-develop/tests/phpunit/tests/privacy/wpPrivacyGeneratePersonalDataExportGroupHtml.php" line="148" assertions="2" time="0.044503"/>
        <testcase name="test_disallowed_html_is_stripped" class="Tests_Privacy_WpPrivacyGeneratePersonalDataExportGroupHtml" classname="Tests_Privacy_WpPrivacyGeneratePersonalDataExportGroupHtml" file="/home/meng/Desktop/wptest/wordpress-develop/tests/phpunit/tests/privacy/wpPrivacyGeneratePersonalDataExportGroupHtml.php" line="175" assertions="4" time="0.041990"/>
        <testcase name="test_group_html_generation_should_display_group_count_when_multiple_items" class="Tests_Privacy_WpPrivacyGeneratePersonalDataExportGroupHtml" classname="Tests_Privacy_WpPrivacyGeneratePersonalDataExportGroupHtml" file="/home/meng/Desktop/wptest/wordpress-develop/tests/phpunit/tests/privacy/wpPrivacyGeneratePersonalDataExportGroupHtml.php" line="206" assertions="3" time="0.041720"/>
        <testcase name="test_group_html_generation_should_not_display_group_count_when_single_item" class="Tests_Privacy_WpPrivacyGeneratePersonalDataExportGroupHtml" classname="Tests_Privacy_WpPrivacyGeneratePersonalDataExportGroupHtml" file="/home/meng/Desktop/wptest/wordpress-develop/tests/phpunit/tests/privacy/wpPrivacyGeneratePersonalDataExportGroupHtml.php" line="237" assertions="3" time="0.043751"/>
      </testsuite>
      <testsuite name="Tests_Privacy_WpPrivacyProcessPersonalDataExportPage" file="/home/meng/Desktop/wptest/wordpress-develop/tests/phpunit/tests/privacy/wpPrivacyProcessPersonalDataExportPage.php" tests="24" assertions="42" errors="0" failures="0" skipped="0" time="1.564501">
        <testsuite name="Tests_Privacy_WpPrivacyProcessPersonalDataExportPage::test_wp_privacy_process_personal_data_export_page" tests="5" assertions="5" errors="0" failures="0" skipped="0" time="0.259295">
          <testcase name="test_wp_privacy_process_personal_data_export_page with data set #0" class="Tests_Privacy_WpPrivacyProcessPersonalDataExportPage" classname="Tests_Privacy_WpPrivacyProcessPersonalDataExportPage" file="/home/meng/Desktop/wptest/wordpress-develop/tests/phpunit/tests/privacy/wpPrivacyProcessPersonalDataExportPage.php" line="272" assertions="1" time="0.045151"/>
          <testcase name="test_wp_privacy_process_personal_data_export_page with data set #1" class="Tests_Privacy_WpPrivacyProcessPersonalDataExportPage" classname="Tests_Privacy_WpPrivacyProcessPersonalDataExportPage" file="/home/meng/Desktop/wptest/wordpress-develop/tests/phpunit/tests/privacy/wpPrivacyProcessPersonalDataExportPage.php" line="272" assertions="1" time="0.044939"/>
          <testcase name="test_wp_privacy_process_personal_data_export_page with data set #2" class="Tests_Privacy_WpPrivacyProcessPersonalDataExportPage" classname="Tests_Privacy_WpPrivacyProcessPersonalDataExportPage" file="/home/meng/Desktop/wptest/wordpress-develop/tests/phpunit/tests/privacy/wpPrivacyProcessPersonalDataExportPage.php" line="272" assertions="1" time="0.044259"/>
          <testcase name="test_wp_privacy_process_personal_data_export_page with data set #3" class="Tests_Privacy_WpPrivacyProcessPersonalDataExportPage" classname="Tests_Privacy_WpPrivacyProcessPersonalDataExportPage" file="/home/meng/Desktop/wptest/wordpress-develop/tests/phpunit/tests/privacy/wpPrivacyProcessPersonalDataExportPage.php" line="272" assertions="1" time="0.042421"/>
          <testcase name="test_wp_privacy_process_personal_data_export_page with data set #4" class="Tests_Privacy_WpPrivacyProcessPersonalDataExportPage" classname="Tests_Privacy_WpPrivacyProcessPersonalDataExportPage" file="/home/meng/Desktop/wptest/wordpress-develop/tests/phpunit/tests/privacy/wpPrivacyProcessPersonalDataExportPage.php" line="272" assertions="1" time="0.082526"/>
        </testsuite>
        <testsuite name="Tests_Privacy_WpPrivacyProcessPersonalDataExportPage::test_send_error_when_invalid_request_id" tests="2" assertions="4" errors="0" failures="0" skipped="0" time="0.093149">
          <testcase name="test_send_error_when_invalid_request_id with data set #0" class="Tests_Privacy_WpPrivacyProcessPersonalDataExportPage" classname="Tests_Privacy_WpPrivacyProcessPersonalDataExportPage" file="/home/meng/Desktop/wptest/wordpress-develop/tests/phpunit/tests/privacy/wpPrivacyProcessPersonalDataExportPage.php" line="362" assertions="2" time="0.045058"/>
          <testcase name="test_send_error_when_invalid_request_id with data set #1" class="Tests_Privacy_WpPrivacyProcessPersonalDataExportPage" classname="Tests_Privacy_WpPrivacyProcessPersonalDataExportPage" file="/home/meng/Desktop/wptest/wordpress-develop/tests/phpunit/tests/privacy/wpPrivacyProcessPersonalDataExportPage.php" line="362" assertions="2" time="0.048091"/>
        </testsuite>
        <testsuite name="Tests_Privacy_WpPrivacyProcessPersonalDataExportPage::test_send_error_when_invalid_request_action_name" tests="2" assertions="4" errors="0" failures="0" skipped="0" time="0.162681">
          <testcase name="test_send_error_when_invalid_request_action_name with data set #0" class="Tests_Privacy_WpPrivacyProcessPersonalDataExportPage" classname="Tests_Privacy_WpPrivacyProcessPersonalDataExportPage" file="/home/meng/Desktop/wptest/wordpress-develop/tests/phpunit/tests/privacy/wpPrivacyProcessPersonalDataExportPage.php" line="392" assertions="2" time="0.088701"/>
          <testcase name="test_send_error_when_invalid_request_action_name with data set #1" class="Tests_Privacy_WpPrivacyProcessPersonalDataExportPage" classname="Tests_Privacy_WpPrivacyProcessPersonalDataExportPage" file="/home/meng/Desktop/wptest/wordpress-develop/tests/phpunit/tests/privacy/wpPrivacyProcessPersonalDataExportPage.php" line="392" assertions="2" time="0.073980"/>
        </testsuite>
        <testsuite name="Tests_Privacy_WpPrivacyProcessPersonalDataExportPage::test_raw_data_post_meta" tests="2" assertions="6" errors="0" failures="0" skipped="0" time="0.159947">
          <testcase name="test_raw_data_post_meta with data set #0" class="Tests_Privacy_WpPrivacyProcessPersonalDataExportPage" classname="Tests_Privacy_WpPrivacyProcessPersonalDataExportPage" file="/home/meng/Desktop/wptest/wordpress-develop/tests/phpunit/tests/privacy/wpPrivacyProcessPersonalDataExportPage.php" line="425" assertions="3" time="0.090826"/>
          <testcase name="test_raw_data_post_meta with data set #1" class="Tests_Privacy_WpPrivacyProcessPersonalDataExportPage" classname="Tests_Privacy_WpPrivacyProcessPersonalDataExportPage" file="/home/meng/Desktop/wptest/wordpress-develop/tests/phpunit/tests/privacy/wpPrivacyProcessPersonalDataExportPage.php" line="425" assertions="3" time="0.069121"/>
        </testsuite>
        <testsuite name="Tests_Privacy_WpPrivacyProcessPersonalDataExportPage::test_add_post_meta_with_groups_data_only_available_when_export_file_generated" tests="2" assertions="6" errors="0" failures="0" skipped="0" time="0.200941">
          <testcase name="test_add_post_meta_with_groups_data_only_available_when_export_file_generated with data set #0" class="Tests_Privacy_WpPrivacyProcessPersonalDataExportPage" classname="Tests_Privacy_WpPrivacyProcessPersonalDataExportPage" file="/home/meng/Desktop/wptest/wordpress-develop/tests/phpunit/tests/privacy/wpPrivacyProcessPersonalDataExportPage.php" line="465" assertions="3" time="0.115810"/>
          <testcase name="test_add_post_meta_with_groups_data_only_available_when_export_file_generated with data set #1" class="Tests_Privacy_WpPrivacyProcessPersonalDataExportPage" classname="Tests_Privacy_WpPrivacyProcessPersonalDataExportPage" file="/home/meng/Desktop/wptest/wordpress-develop/tests/phpunit/tests/privacy/wpPrivacyProcessPersonalDataExportPage.php" line="465" assertions="3" time="0.085131"/>
        </testsuite>
        <testcase name="test_send_error_on_last_page_of_last_exporter_when_mail_delivery_fails" class="Tests_Privacy_WpPrivacyProcessPersonalDataExportPage" classname="Tests_Privacy_WpPrivacyProcessPersonalDataExportPage" file="/home/meng/Desktop/wptest/wordpress-develop/tests/phpunit/tests/privacy/wpPrivacyProcessPersonalDataExportPage.php" line="500" assertions="2" time="0.070283"/>
        <testcase name="test_return_response_with_export_file_url_when_not_sent_as_email_for_last_exporter_on_last_page" class="Tests_Privacy_WpPrivacyProcessPersonalDataExportPage" classname="Tests_Privacy_WpPrivacyProcessPersonalDataExportPage" file="/home/meng/Desktop/wptest/wordpress-develop/tests/phpunit/tests/privacy/wpPrivacyProcessPersonalDataExportPage.php" line="524" assertions="4" time="0.074985"/>
        <testcase name="test_return_response_without_export_file_url_when_sent_as_email_for_last_exporter_on_last_page" class="Tests_Privacy_WpPrivacyProcessPersonalDataExportPage" classname="Tests_Privacy_WpPrivacyProcessPersonalDataExportPage" file="/home/meng/Desktop/wptest/wordpress-develop/tests/phpunit/tests/privacy/wpPrivacyProcessPersonalDataExportPage.php" line="550" assertions="3" time="0.100141"/>
        <testsuite name="Tests_Privacy_WpPrivacyProcessPersonalDataExportPage::test_request_status_transitions_correctly" tests="8" assertions="8" errors="0" failures="0" skipped="0" time="0.443079">
          <testcase name="test_request_status_transitions_correctly with data set #0" class="Tests_Privacy_WpPrivacyProcessPersonalDataExportPage" classname="Tests_Privacy_WpPrivacyProcessPersonalDataExportPage" file="/home/meng/Desktop/wptest/wordpress-develop/tests/phpunit/tests/privacy/wpPrivacyProcessPersonalDataExportPage.php" line="583" assertions="1" time="0.085351"/>
          <testcase name="test_request_status_transitions_correctly with data set #1" class="Tests_Privacy_WpPrivacyProcessPersonalDataExportPage" classname="Tests_Privacy_WpPrivacyProcessPersonalDataExportPage" file="/home/meng/Desktop/wptest/wordpress-develop/tests/phpunit/tests/privacy/wpPrivacyProcessPersonalDataExportPage.php" line="583" assertions="1" time="0.058338"/>
          <testcase name="test_request_status_transitions_correctly with data set #2" class="Tests_Privacy_WpPrivacyProcessPersonalDataExportPage" classname="Tests_Privacy_WpPrivacyProcessPersonalDataExportPage" file="/home/meng/Desktop/wptest/wordpress-develop/tests/phpunit/tests/privacy/wpPrivacyProcessPersonalDataExportPage.php" line="583" assertions="1" time="0.049129"/>
          <testcase name="test_request_status_transitions_correctly with data set #3" class="Tests_Privacy_WpPrivacyProcessPersonalDataExportPage" classname="Tests_Privacy_WpPrivacyProcessPersonalDataExportPage" file="/home/meng/Desktop/wptest/wordpress-develop/tests/phpunit/tests/privacy/wpPrivacyProcessPersonalDataExportPage.php" line="583" assertions="1" time="0.061071"/>
          <testcase name="test_request_status_transitions_correctly with data set #4" class="Tests_Privacy_WpPrivacyProcessPersonalDataExportPage" classname="Tests_Privacy_WpPrivacyProcessPersonalDataExportPage" file="/home/meng/Desktop/wptest/wordpress-develop/tests/phpunit/tests/privacy/wpPrivacyProcessPersonalDataExportPage.php" line="583" assertions="1" time="0.048420"/>
          <testcase name="test_request_status_transitions_correctly with data set #5" class="Tests_Privacy_WpPrivacyProcessPersonalDataExportPage" classname="Tests_Privacy_WpPrivacyProcessPersonalDataExportPage" file="/home/meng/Desktop/wptest/wordpress-develop/tests/phpunit/tests/privacy/wpPrivacyProcessPersonalDataExportPage.php" line="583" assertions="1" time="0.043074"/>
          <testcase name="test_request_status_transitions_correctly with data set #6" class="Tests_Privacy_WpPrivacyProcessPersonalDataExportPage" classname="Tests_Privacy_WpPrivacyProcessPersonalDataExportPage" file="/home/meng/Desktop/wptest/wordpress-develop/tests/phpunit/tests/privacy/wpPrivacyProcessPersonalDataExportPage.php" line="583" assertions="1" time="0.050359"/>
          <testcase name="test_request_status_transitions_correctly with data set #7" class="Tests_Privacy_WpPrivacyProcessPersonalDataExportPage" classname="Tests_Privacy_WpPrivacyProcessPersonalDataExportPage" file="/home/meng/Desktop/wptest/wordpress-develop/tests/phpunit/tests/privacy/wpPrivacyProcessPersonalDataExportPage.php" line="583" assertions="1" time="0.047336"/>
        </testsuite>
      </testsuite>
      <testsuite name="Tests_Privacy_WpPrivacySendErasureFulfillmentNotification" file="/home/meng/Desktop/wptest/wordpress-develop/tests/phpunit/tests/privacy/wpPrivacySendErasureFulfillmentNotification.php" tests="16" assertions="31" errors="0" failures="0" skipped="0" time="1.571121">
        <testcase name="test_should_send_email_no_privacy_policy" class="Tests_Privacy_WpPrivacySendErasureFulfillmentNotification" classname="Tests_Privacy_WpPrivacySendErasureFulfillmentNotification" file="/home/meng/Desktop/wptest/wordpress-develop/tests/phpunit/tests/privacy/wpPrivacySendErasureFulfillmentNotification.php" line="112" assertions="8" time="0.052767"/>
        <testcase name="test_should_send_email_with_privacy_policy" class="Tests_Privacy_WpPrivacySendErasureFulfillmentNotification" classname="Tests_Privacy_WpPrivacySendErasureFulfillmentNotification" file="/home/meng/Desktop/wptest/wordpress-develop/tests/phpunit/tests/privacy/wpPrivacySendErasureFulfillmentNotification.php" line="133" assertions="4" time="0.074467"/>
        <testcase name="test_should_send_email_only_once" class="Tests_Privacy_WpPrivacySendErasureFulfillmentNotification" classname="Tests_Privacy_WpPrivacySendErasureFulfillmentNotification" file="/home/meng/Desktop/wptest/wordpress-develop/tests/phpunit/tests/privacy/wpPrivacySendErasureFulfillmentNotification.php" line="158" assertions="5" time="0.058528"/>
        <testcase name="test_email_address_of_recipient_should_be_filterable" class="Tests_Privacy_WpPrivacySendErasureFulfillmentNotification" classname="Tests_Privacy_WpPrivacySendErasureFulfillmentNotification" file="/home/meng/Desktop/wptest/wordpress-develop/tests/phpunit/tests/privacy/wpPrivacySendErasureFulfillmentNotification.php" line="186" assertions="1" time="0.059968"/>
        <testcase name="test_email_subject_should_be_filterable" class="Tests_Privacy_WpPrivacySendErasureFulfillmentNotification" classname="Tests_Privacy_WpPrivacySendErasureFulfillmentNotification" file="/home/meng/Desktop/wptest/wordpress-develop/tests/phpunit/tests/privacy/wpPrivacySendErasureFulfillmentNotification.php" line="212" assertions="1" time="0.058906"/>
        <testcase name="test_email_body_text_should_be_filterable" class="Tests_Privacy_WpPrivacySendErasureFulfillmentNotification" classname="Tests_Privacy_WpPrivacySendErasureFulfillmentNotification" file="/home/meng/Desktop/wptest/wordpress-develop/tests/phpunit/tests/privacy/wpPrivacySendErasureFulfillmentNotification.php" line="238" assertions="1" time="0.054357"/>
        <testcase name="test_email_headers_should_be_filterable" class="Tests_Privacy_WpPrivacySendErasureFulfillmentNotification" classname="Tests_Privacy_WpPrivacySendErasureFulfillmentNotification" file="/home/meng/Desktop/wptest/wordpress-develop/tests/phpunit/tests/privacy/wpPrivacySendErasureFulfillmentNotification.php" line="266" assertions="1" time="0.050393"/>
        <testcase name="test_should_not_send_email_when_passed_invalid_request_id" class="Tests_Privacy_WpPrivacySendErasureFulfillmentNotification" classname="Tests_Privacy_WpPrivacySendErasureFulfillmentNotification" file="/home/meng/Desktop/wptest/wordpress-develop/tests/phpunit/tests/privacy/wpPrivacySendErasureFulfillmentNotification.php" line="296" assertions="1" time="0.036522"/>
        <testcase name="test_should_not_send_email_when_not_user_request" class="Tests_Privacy_WpPrivacySendErasureFulfillmentNotification" classname="Tests_Privacy_WpPrivacySendErasureFulfillmentNotification" file="/home/meng/Desktop/wptest/wordpress-develop/tests/phpunit/tests/privacy/wpPrivacySendErasureFulfillmentNotification.php" line="309" assertions="1" time="0.062230"/>
        <testcase name="test_should_not_send_email_when_request_not_completed" class="Tests_Privacy_WpPrivacySendErasureFulfillmentNotification" classname="Tests_Privacy_WpPrivacySendErasureFulfillmentNotification" file="/home/meng/Desktop/wptest/wordpress-develop/tests/phpunit/tests/privacy/wpPrivacySendErasureFulfillmentNotification.php" line="327" assertions="2" time="0.053718"/>
        <testcase name="test_should_send_fulfillment_email_in_user_locale" class="Tests_Privacy_WpPrivacySendErasureFulfillmentNotification" classname="Tests_Privacy_WpPrivacySendErasureFulfillmentNotification" file="/home/meng/Desktop/wptest/wordpress-develop/tests/phpunit/tests/privacy/wpPrivacySendErasureFulfillmentNotification.php" line="350" assertions="1" time="0.135174"/>
        <testcase name="test_should_send_fulfillment_email_in_user_locale_when_site_is_not_en_us" class="Tests_Privacy_WpPrivacySendErasureFulfillmentNotification" classname="Tests_Privacy_WpPrivacySendErasureFulfillmentNotification" file="/home/meng/Desktop/wptest/wordpress-develop/tests/phpunit/tests/privacy/wpPrivacySendErasureFulfillmentNotification.php" line="367" assertions="1" time="0.231369"/>
        <testcase name="test_should_send_fulfillment_email_in_user_locale_when_admin_and_site_have_different_locales" class="Tests_Privacy_WpPrivacySendErasureFulfillmentNotification" classname="Tests_Privacy_WpPrivacySendErasureFulfillmentNotification" file="/home/meng/Desktop/wptest/wordpress-develop/tests/phpunit/tests/privacy/wpPrivacySendErasureFulfillmentNotification.php" line="388" assertions="1" time="0.132745"/>
        <testcase name="test_should_send_fulfillment_email_in_user_locale_when_both_have_different_locales_than_site" class="Tests_Privacy_WpPrivacySendErasureFulfillmentNotification" classname="Tests_Privacy_WpPrivacySendErasureFulfillmentNotification" file="/home/meng/Desktop/wptest/wordpress-develop/tests/phpunit/tests/privacy/wpPrivacySendErasureFulfillmentNotification.php" line="409" assertions="1" time="0.236283"/>
        <testcase name="test_should_send_fulfillment_email_in_site_locale" class="Tests_Privacy_WpPrivacySendErasureFulfillmentNotification" classname="Tests_Privacy_WpPrivacySendErasureFulfillmentNotification" file="/home/meng/Desktop/wptest/wordpress-develop/tests/phpunit/tests/privacy/wpPrivacySendErasureFulfillmentNotification.php" line="432" assertions="1" time="0.078359"/>
        <testcase name="test_should_send_fulfillment_email_in_site_locale_when_not_en_us_and_admin_has_different_locale" class="Tests_Privacy_WpPrivacySendErasureFulfillmentNotification" classname="Tests_Privacy_WpPrivacySendErasureFulfillmentNotification" file="/home/meng/Desktop/wptest/wordpress-develop/tests/phpunit/tests/privacy/wpPrivacySendErasureFulfillmentNotification.php" line="458" assertions="1" time="0.195335"/>
      </testsuite>
      <testsuite name="Tests_Privacy_WpPrivacySendPersonalDataExportEmail" file="/home/meng/Desktop/wptest/wordpress-develop/tests/phpunit/tests/privacy/wpPrivacySendPersonalDataExportEmail.php" tests="15" assertions="24" errors="0" failures="0" skipped="0" time="1.433012">
        <testcase name="test_function_should_send_export_link_to_requester" class="Tests_Privacy_WpPrivacySendPersonalDataExportEmail" classname="Tests_Privacy_WpPrivacySendPersonalDataExportEmail" file="/home/meng/Desktop/wptest/wordpress-develop/tests/phpunit/tests/privacy/wpPrivacySendPersonalDataExportEmail.php" line="106" assertions="6" time="0.052865"/>
        <testcase name="test_function_should_error_when_request_id_invalid" class="Tests_Privacy_WpPrivacySendPersonalDataExportEmail" classname="Tests_Privacy_WpPrivacySendPersonalDataExportEmail" file="/home/meng/Desktop/wptest/wordpress-develop/tests/phpunit/tests/privacy/wpPrivacySendPersonalDataExportEmail.php" line="128" assertions="4" time="0.045165"/>
        <testcase name="test_return_wp_error_when_send_fails" class="Tests_Privacy_WpPrivacySendPersonalDataExportEmail" classname="Tests_Privacy_WpPrivacySendPersonalDataExportEmail" file="/home/meng/Desktop/wptest/wordpress-develop/tests/phpunit/tests/privacy/wpPrivacySendPersonalDataExportEmail.php" line="145" assertions="2" time="0.047692"/>
        <testcase name="test_export_expiration_should_be_filterable" class="Tests_Privacy_WpPrivacySendPersonalDataExportEmail" classname="Tests_Privacy_WpPrivacySendPersonalDataExportEmail" file="/home/meng/Desktop/wptest/wordpress-develop/tests/phpunit/tests/privacy/wpPrivacySendPersonalDataExportEmail.php" line="158" assertions="1" time="0.049201"/>
        <testcase name="test_email_address_of_recipient_should_be_filterable" class="Tests_Privacy_WpPrivacySendPersonalDataExportEmail" classname="Tests_Privacy_WpPrivacySendPersonalDataExportEmail" file="/home/meng/Desktop/wptest/wordpress-develop/tests/phpunit/tests/privacy/wpPrivacySendPersonalDataExportEmail.php" line="184" assertions="1" time="0.044355"/>
        <testcase name="test_email_subject_should_be_filterable" class="Tests_Privacy_WpPrivacySendPersonalDataExportEmail" classname="Tests_Privacy_WpPrivacySendPersonalDataExportEmail" file="/home/meng/Desktop/wptest/wordpress-develop/tests/phpunit/tests/privacy/wpPrivacySendPersonalDataExportEmail.php" line="210" assertions="1" time="0.047469"/>
        <testcase name="test_email_content_should_be_filterable" class="Tests_Privacy_WpPrivacySendPersonalDataExportEmail" classname="Tests_Privacy_WpPrivacySendPersonalDataExportEmail" file="/home/meng/Desktop/wptest/wordpress-develop/tests/phpunit/tests/privacy/wpPrivacySendPersonalDataExportEmail.php" line="236" assertions="1" time="0.045271"/>
        <testcase name="test_email_headers_should_be_filterable" class="Tests_Privacy_WpPrivacySendPersonalDataExportEmail" classname="Tests_Privacy_WpPrivacySendPersonalDataExportEmail" file="/home/meng/Desktop/wptest/wordpress-develop/tests/phpunit/tests/privacy/wpPrivacySendPersonalDataExportEmail.php" line="264" assertions="1" time="0.044607"/>
        <testcase name="test_email_content_should_be_filterable_using_email_data" class="Tests_Privacy_WpPrivacySendPersonalDataExportEmail" classname="Tests_Privacy_WpPrivacySendPersonalDataExportEmail" file="/home/meng/Desktop/wptest/wordpress-develop/tests/phpunit/tests/privacy/wpPrivacySendPersonalDataExportEmail.php" line="294" assertions="1" time="0.047187"/>
        <testcase name="test_should_send_personal_data_export_email_in_user_locale" class="Tests_Privacy_WpPrivacySendPersonalDataExportEmail" classname="Tests_Privacy_WpPrivacySendPersonalDataExportEmail" file="/home/meng/Desktop/wptest/wordpress-develop/tests/phpunit/tests/privacy/wpPrivacySendPersonalDataExportEmail.php" line="337" assertions="1" time="0.124962"/>
        <testcase name="test_should_send_personal_data_export_email_in_user_locale_when_site_is_not_en_us" class="Tests_Privacy_WpPrivacySendPersonalDataExportEmail" classname="Tests_Privacy_WpPrivacySendPersonalDataExportEmail" file="/home/meng/Desktop/wptest/wordpress-develop/tests/phpunit/tests/privacy/wpPrivacySendPersonalDataExportEmail.php" line="355" assertions="1" time="0.244617"/>
        <testcase name="test_should_send_personal_data_export_email_in_user_locale_when_admin_and_site_have_different_locales" class="Tests_Privacy_WpPrivacySendPersonalDataExportEmail" classname="Tests_Privacy_WpPrivacySendPersonalDataExportEmail" file="/home/meng/Desktop/wptest/wordpress-develop/tests/phpunit/tests/privacy/wpPrivacySendPersonalDataExportEmail.php" line="377" assertions="1" time="0.145421"/>
        <testcase name="test_should_send_personal_data_export_email_in_user_locale_when_both_have_different_locales_than_site" class="Tests_Privacy_WpPrivacySendPersonalDataExportEmail" classname="Tests_Privacy_WpPrivacySendPersonalDataExportEmail" file="/home/meng/Desktop/wptest/wordpress-develop/tests/phpunit/tests/privacy/wpPrivacySendPersonalDataExportEmail.php" line="399" assertions="1" time="0.269339"/>
        <testcase name="test_should_send_personal_data_export_email_in_site_locale" class="Tests_Privacy_WpPrivacySendPersonalDataExportEmail" classname="Tests_Privacy_WpPrivacySendPersonalDataExportEmail" file="/home/meng/Desktop/wptest/wordpress-develop/tests/phpunit/tests/privacy/wpPrivacySendPersonalDataExportEmail.php" line="423" assertions="1" time="0.072746"/>
        <testcase name="test_should_send_personal_data_export_email_in_site_locale_when_not_en_us_and_admin_has_different_locale" class="Tests_Privacy_WpPrivacySendPersonalDataExportEmail" classname="Tests_Privacy_WpPrivacySendPersonalDataExportEmail" file="/home/meng/Desktop/wptest/wordpress-develop/tests/phpunit/tests/privacy/wpPrivacySendPersonalDataExportEmail.php" line="445" assertions="1" time="0.152115"/>
      </testsuite>
      <testsuite name="Tests_User_WpPrivacySendRequestConfirmationNotification" file="/home/meng/Desktop/wptest/wordpress-develop/tests/phpunit/tests/privacy/wpPrivacySendRequestConfirmationNotification.php" tests="8" assertions="18" errors="0" failures="0" skipped="0" time="0.630754">
        <testcase name="test_function_should_not_send_email_when_not_a_valid_request_id" class="Tests_User_WpPrivacySendRequestConfirmationNotification" classname="Tests_User_WpPrivacySendRequestConfirmationNotification" file="/home/meng/Desktop/wptest/wordpress-develop/tests/phpunit/tests/privacy/wpPrivacySendRequestConfirmationNotification.php" line="43" assertions="1" time="0.040913"/>
        <testcase name="test_function_should_not_send_email_when_not_a_wp_user_request" class="Tests_User_WpPrivacySendRequestConfirmationNotification" classname="Tests_User_WpPrivacySendRequestConfirmationNotification" file="/home/meng/Desktop/wptest/wordpress-develop/tests/phpunit/tests/privacy/wpPrivacySendRequestConfirmationNotification.php" line="55" assertions="1" time="0.068091"/>
        <testcase name="test_function_should_send_email_to_site_admin_when_user_request_confirmed" class="Tests_User_WpPrivacySendRequestConfirmationNotification" classname="Tests_User_WpPrivacySendRequestConfirmationNotification" file="/home/meng/Desktop/wptest/wordpress-develop/tests/phpunit/tests/privacy/wpPrivacySendRequestConfirmationNotification.php" line="73" assertions="7" time="0.081851"/>
        <testcase name="test_function_should_only_send_email_to_site_admin_when_user_request_is_confirmed" class="Tests_User_WpPrivacySendRequestConfirmationNotification" classname="Tests_User_WpPrivacySendRequestConfirmationNotification" file="/home/meng/Desktop/wptest/wordpress-develop/tests/phpunit/tests/privacy/wpPrivacySendRequestConfirmationNotification.php" line="96" assertions="3" time="0.080940"/>
        <testcase name="test_function_should_only_send_email_once_to_admin_when_user_request_is_confirmed" class="Tests_User_WpPrivacySendRequestConfirmationNotification" classname="Tests_User_WpPrivacySendRequestConfirmationNotification" file="/home/meng/Desktop/wptest/wordpress-develop/tests/phpunit/tests/privacy/wpPrivacySendRequestConfirmationNotification.php" line="116" assertions="3" time="0.090159"/>
        <testcase name="test_email_address_should_be_filterable" class="Tests_User_WpPrivacySendRequestConfirmationNotification" classname="Tests_User_WpPrivacySendRequestConfirmationNotification" file="/home/meng/Desktop/wptest/wordpress-develop/tests/phpunit/tests/privacy/wpPrivacySendRequestConfirmationNotification.php" line="140" assertions="1" time="0.089156"/>
        <testcase name="test_email_content_should_be_filterable" class="Tests_User_WpPrivacySendRequestConfirmationNotification" classname="Tests_User_WpPrivacySendRequestConfirmationNotification" file="/home/meng/Desktop/wptest/wordpress-develop/tests/phpunit/tests/privacy/wpPrivacySendRequestConfirmationNotification.php" line="173" assertions="1" time="0.089466"/>
        <testcase name="test_email_headers_should_be_filterable" class="Tests_User_WpPrivacySendRequestConfirmationNotification" classname="Tests_User_WpPrivacySendRequestConfirmationNotification" file="/home/meng/Desktop/wptest/wordpress-develop/tests/phpunit/tests/privacy/wpPrivacySendRequestConfirmationNotification.php" line="217" assertions="1" time="0.090178"/>
      </testsuite>
      <testsuite name="Tests_Query" file="/home/meng/Desktop/wptest/wordpress-develop/tests/phpunit/tests/query.php" tests="25" assertions="43" errors="0" failures="0" skipped="0" time="3.768102">
        <testcase name="test_nested_loop_reset_postdata" class="Tests_Query" classname="Tests_Query" file="/home/meng/Desktop/wptest/wordpress-develop/tests/phpunit/tests/query.php" line="15" assertions="2" time="0.123764"/>
        <testcase name="test_default_query_var" class="Tests_Query" classname="Tests_Query" file="/home/meng/Desktop/wptest/wordpress-develop/tests/phpunit/tests/query.php" line="35" assertions="3" time="0.060267"/>
        <testcase name="test_pre_posts_per_page" class="Tests_Query" classname="Tests_Query" file="/home/meng/Desktop/wptest/wordpress-develop/tests/phpunit/tests/query.php" line="45" assertions="1" time="0.302320"/>
        <testcase name="test_tag_queried_object" class="Tests_Query" classname="Tests_Query" file="/home/meng/Desktop/wptest/wordpress-develop/tests/phpunit/tests/query.php" line="62" assertions="12" time="0.086994"/>
        <testcase name="test_get_queried_object_should_return_null_when_is_tax_is_true_but_the_taxonomy_args_have_been_removed_in_a_parse_query_callback" class="Tests_Query" classname="Tests_Query" file="/home/meng/Desktop/wptest/wordpress-develop/tests/phpunit/tests/query.php" line="93" assertions="1" time="0.206624"/>
        <testcase name="test_get_queried_object_should_return_null_for_not_exists_tax_query" class="Tests_Query" classname="Tests_Query" file="/home/meng/Desktop/wptest/wordpress-develop/tests/phpunit/tests/query.php" line="129" assertions="1" time="0.062866"/>
        <testcase name="test_orderby_space_separated" class="Tests_Query" classname="Tests_Query" file="/home/meng/Desktop/wptest/wordpress-develop/tests/phpunit/tests/query.php" line="147" assertions="1" time="0.069853"/>
        <testcase name="test_cat_querystring_single_term" class="Tests_Query" classname="Tests_Query" file="/home/meng/Desktop/wptest/wordpress-develop/tests/phpunit/tests/query.php" line="160" assertions="1" time="0.234123"/>
        <testcase name="test_category_querystring_multiple_terms_comma_separated" class="Tests_Query" classname="Tests_Query" file="/home/meng/Desktop/wptest/wordpress-develop/tests/phpunit/tests/query.php" line="196" assertions="1" time="0.261718"/>
        <testcase name="test_category_querystring_multiple_terms_formatted_as_array" class="Tests_Query" classname="Tests_Query" file="/home/meng/Desktop/wptest/wordpress-develop/tests/phpunit/tests/query.php" line="243" assertions="1" time="0.221821"/>
        <testcase name="test_tag_querystring_single_term" class="Tests_Query" classname="Tests_Query" file="/home/meng/Desktop/wptest/wordpress-develop/tests/phpunit/tests/query.php" line="288" assertions="1" time="0.194936"/>
        <testcase name="test_tag_querystring_multiple_terms_comma_separated" class="Tests_Query" classname="Tests_Query" file="/home/meng/Desktop/wptest/wordpress-develop/tests/phpunit/tests/query.php" line="324" assertions="1" time="0.220130"/>
        <testcase name="test_tag_querystring_multiple_terms_formatted_as_array" class="Tests_Query" classname="Tests_Query" file="/home/meng/Desktop/wptest/wordpress-develop/tests/phpunit/tests/query.php" line="371" assertions="1" time="0.218112"/>
        <testcase name="test_custom_taxonomy_querystring_single_term" class="Tests_Query" classname="Tests_Query" file="/home/meng/Desktop/wptest/wordpress-develop/tests/phpunit/tests/query.php" line="415" assertions="1" time="0.192235"/>
        <testcase name="test_custom_taxonomy_querystring_multiple_terms_comma_separated" class="Tests_Query" classname="Tests_Query" file="/home/meng/Desktop/wptest/wordpress-develop/tests/phpunit/tests/query.php" line="442" assertions="1" time="0.233277"/>
        <testcase name="test_custom_taxonomy_querystring_multiple_terms_formatted_as_array" class="Tests_Query" classname="Tests_Query" file="/home/meng/Desktop/wptest/wordpress-develop/tests/phpunit/tests/query.php" line="474" assertions="1" time="0.228579"/>
        <testcase name="test_pages_dont_404_when_queried_post_id_is_modified" class="Tests_Query" classname="Tests_Query" file="/home/meng/Desktop/wptest/wordpress-develop/tests/phpunit/tests/query.php" line="506" assertions="2" time="0.086669"/>
        <testcase name="test_custom_hierarchical_post_types_404_when_queried_post_id_is_modified" class="Tests_Query" classname="Tests_Query" file="/home/meng/Desktop/wptest/wordpress-develop/tests/phpunit/tests/query.php" line="528" assertions="2" time="0.099482"/>
        <testcase name="test_offset_0_should_override_page" class="Tests_Query" classname="Tests_Query" file="/home/meng/Desktop/wptest/wordpress-develop/tests/phpunit/tests/query.php" line="565" assertions="1" time="0.060422"/>
        <testcase name="test_offset_should_be_ignored_when_not_set" class="Tests_Query" classname="Tests_Query" file="/home/meng/Desktop/wptest/wordpress-develop/tests/phpunit/tests/query.php" line="580" assertions="1" time="0.057077"/>
        <testcase name="test_offset_should_be_ignored_when_passed_a_non_numeric_value" class="Tests_Query" classname="Tests_Query" file="/home/meng/Desktop/wptest/wordpress-develop/tests/phpunit/tests/query.php" line="594" assertions="1" time="0.057374"/>
        <testcase name="test_comment_status" class="Tests_Query" classname="Tests_Query" file="/home/meng/Desktop/wptest/wordpress-develop/tests/phpunit/tests/query.php" line="609" assertions="1" time="0.109227"/>
        <testcase name="test_ping_status" class="Tests_Query" classname="Tests_Query" file="/home/meng/Desktop/wptest/wordpress-develop/tests/phpunit/tests/query.php" line="626" assertions="1" time="0.106014"/>
        <testcase name="test_get_queried_object_should_return_first_of_multiple_terms" class="Tests_Query" classname="Tests_Query" file="/home/meng/Desktop/wptest/wordpress-develop/tests/phpunit/tests/query.php" line="643" assertions="2" time="0.130156"/>
        <testcase name="test_query_vars_should_match_first_of_multiple_terms" class="Tests_Query" classname="Tests_Query" file="/home/meng/Desktop/wptest/wordpress-develop/tests/phpunit/tests/query.php" line="673" assertions="2" time="0.144062"/>
      </testsuite>
      <testsuite name="Tests_Query_CommentCount" file="/home/meng/Desktop/wptest/wordpress-develop/tests/phpunit/tests/query/commentCount.php" tests="15" assertions="15" errors="0" failures="0" skipped="0" time="0.647438">
        <testcase name="test_operator_equals" class="Tests_Query_CommentCount" classname="Tests_Query_CommentCount" file="/home/meng/Desktop/wptest/wordpress-develop/tests/phpunit/tests/query/commentCount.php" line="69" assertions="1" time="0.042146"/>
        <testcase name="test_operator_greater_than" class="Tests_Query_CommentCount" classname="Tests_Query_CommentCount" file="/home/meng/Desktop/wptest/wordpress-develop/tests/phpunit/tests/query/commentCount.php" line="87" assertions="1" time="0.043581"/>
        <testcase name="test_operator_greater_than_no_results" class="Tests_Query_CommentCount" classname="Tests_Query_CommentCount" file="/home/meng/Desktop/wptest/wordpress-develop/tests/phpunit/tests/query/commentCount.php" line="105" assertions="1" time="0.042991"/>
        <testcase name="test_operator_less_than" class="Tests_Query_CommentCount" classname="Tests_Query_CommentCount" file="/home/meng/Desktop/wptest/wordpress-develop/tests/phpunit/tests/query/commentCount.php" line="122" assertions="1" time="0.042284"/>
        <testcase name="test_operator_less_than_no_results" class="Tests_Query_CommentCount" classname="Tests_Query_CommentCount" file="/home/meng/Desktop/wptest/wordpress-develop/tests/phpunit/tests/query/commentCount.php" line="149" assertions="1" time="0.041013"/>
        <testcase name="test_operator_not_equal" class="Tests_Query_CommentCount" classname="Tests_Query_CommentCount" file="/home/meng/Desktop/wptest/wordpress-develop/tests/phpunit/tests/query/commentCount.php" line="168" assertions="1" time="0.042818"/>
        <testcase name="test_operator_equal_or_greater_than" class="Tests_Query_CommentCount" classname="Tests_Query_CommentCount" file="/home/meng/Desktop/wptest/wordpress-develop/tests/phpunit/tests/query/commentCount.php" line="195" assertions="1" time="0.042620"/>
        <testcase name="test_operator_equal_or_greater_than_no_results" class="Tests_Query_CommentCount" classname="Tests_Query_CommentCount" file="/home/meng/Desktop/wptest/wordpress-develop/tests/phpunit/tests/query/commentCount.php" line="219" assertions="1" time="0.042027"/>
        <testcase name="test_operator_equal_or_less_than" class="Tests_Query_CommentCount" classname="Tests_Query_CommentCount" file="/home/meng/Desktop/wptest/wordpress-develop/tests/phpunit/tests/query/commentCount.php" line="237" assertions="1" time="0.043718"/>
        <testcase name="test_operator_equal_or_less_than_no_results" class="Tests_Query_CommentCount" classname="Tests_Query_CommentCount" file="/home/meng/Desktop/wptest/wordpress-develop/tests/phpunit/tests/query/commentCount.php" line="261" assertions="1" time="0.041660"/>
        <testcase name="test_invalid_operator_should_fall_back_on_equals" class="Tests_Query_CommentCount" classname="Tests_Query_CommentCount" file="/home/meng/Desktop/wptest/wordpress-develop/tests/phpunit/tests/query/commentCount.php" line="279" assertions="1" time="0.048625"/>
        <testcase name="test_wrong_count_no_results" class="Tests_Query_CommentCount" classname="Tests_Query_CommentCount" file="/home/meng/Desktop/wptest/wordpress-develop/tests/phpunit/tests/query/commentCount.php" line="300" assertions="1" time="0.044371"/>
        <testcase name="test_no_operator_no_results" class="Tests_Query_CommentCount" classname="Tests_Query_CommentCount" file="/home/meng/Desktop/wptest/wordpress-develop/tests/phpunit/tests/query/commentCount.php" line="318" assertions="1" time="0.043256"/>
        <testcase name="test_empty_non_numeric_string_should_be_ignored" class="Tests_Query_CommentCount" classname="Tests_Query_CommentCount" file="/home/meng/Desktop/wptest/wordpress-develop/tests/phpunit/tests/query/commentCount.php" line="335" assertions="1" time="0.043421"/>
        <testcase name="test_simple_count" class="Tests_Query_CommentCount" classname="Tests_Query_CommentCount" file="/home/meng/Desktop/wptest/wordpress-develop/tests/phpunit/tests/query/commentCount.php" line="359" assertions="1" time="0.042907"/>
      </testsuite>
      <testsuite name="Tests_Query_Conditionals" file="/home/meng/Desktop/wptest/wordpress-develop/tests/phpunit/tests/query/conditionals.php" tests="84" assertions="608" errors="0" failures="0" skipped="0" time="10.970030">
        <testcase name="test_home" class="Tests_Query_Conditionals" classname="Tests_Query_Conditionals" file="/home/meng/Desktop/wptest/wordpress-develop/tests/phpunit/tests/query/conditionals.php" line="30" assertions="2" time="0.069799"/>
        <testcase name="test_page_on_front" class="Tests_Query_Conditionals" classname="Tests_Query_Conditionals" file="/home/meng/Desktop/wptest/wordpress-develop/tests/phpunit/tests/query/conditionals.php" line="35" assertions="5" time="0.150677"/>
        <testcase name="test_404" class="Tests_Query_Conditionals" classname="Tests_Query_Conditionals" file="/home/meng/Desktop/wptest/wordpress-develop/tests/phpunit/tests/query/conditionals.php" line="61" assertions="1" time="0.070164"/>
        <testcase name="test_permalink" class="Tests_Query_Conditionals" classname="Tests_Query_Conditionals" file="/home/meng/Desktop/wptest/wordpress-develop/tests/phpunit/tests/query/conditionals.php" line="66" assertions="2" time="0.100017"/>
        <testcase name="test_post_comments_feed" class="Tests_Query_Conditionals" classname="Tests_Query_Conditionals" file="/home/meng/Desktop/wptest/wordpress-develop/tests/phpunit/tests/query/conditionals.php" line="72" assertions="4" time="0.124533"/>
        <testcase name="test_post_comments_feed_with_no_comments" class="Tests_Query_Conditionals" classname="Tests_Query_Conditionals" file="/home/meng/Desktop/wptest/wordpress-develop/tests/phpunit/tests/query/conditionals.php" line="80" assertions="4" time="0.111177"/>
        <testcase name="test_attachment_comments_feed" class="Tests_Query_Conditionals" classname="Tests_Query_Conditionals" file="/home/meng/Desktop/wptest/wordpress-develop/tests/phpunit/tests/query/conditionals.php" line="86" assertions="5" time="0.099752"/>
        <testcase name="test_page" class="Tests_Query_Conditionals" classname="Tests_Query_Conditionals" file="/home/meng/Desktop/wptest/wordpress-develop/tests/phpunit/tests/query/conditionals.php" line="93" assertions="2" time="0.088804"/>
        <testcase name="test_parent_page" class="Tests_Query_Conditionals" classname="Tests_Query_Conditionals" file="/home/meng/Desktop/wptest/wordpress-develop/tests/phpunit/tests/query/conditionals.php" line="104" assertions="2" time="0.090829"/>
        <testcase name="test_child_page_1" class="Tests_Query_Conditionals" classname="Tests_Query_Conditionals" file="/home/meng/Desktop/wptest/wordpress-develop/tests/phpunit/tests/query/conditionals.php" line="116" assertions="2" time="0.104165"/>
        <testcase name="test_child_page_2" class="Tests_Query_Conditionals" classname="Tests_Query_Conditionals" file="/home/meng/Desktop/wptest/wordpress-develop/tests/phpunit/tests/query/conditionals.php" line="135" assertions="2" time="0.120404"/>
        <testcase name="test_page_trackback" class="Tests_Query_Conditionals" classname="Tests_Query_Conditionals" file="/home/meng/Desktop/wptest/wordpress-develop/tests/phpunit/tests/query/conditionals.php" line="162" assertions="12" time="0.148192"/>
        <testcase name="test_page_feed" class="Tests_Query_Conditionals" classname="Tests_Query_Conditionals" file="/home/meng/Desktop/wptest/wordpress-develop/tests/phpunit/tests/query/conditionals.php" line="200" assertions="15" time="0.186043"/>
        <testcase name="test_page_feed_with_no_comments" class="Tests_Query_Conditionals" classname="Tests_Query_Conditionals" file="/home/meng/Desktop/wptest/wordpress-develop/tests/phpunit/tests/query/conditionals.php" line="238" assertions="15" time="0.157600"/>
        <testcase name="test_page_feed_atom" class="Tests_Query_Conditionals" classname="Tests_Query_Conditionals" file="/home/meng/Desktop/wptest/wordpress-develop/tests/phpunit/tests/query/conditionals.php" line="276" assertions="15" time="0.184920"/>
        <testcase name="test_page_page_2" class="Tests_Query_Conditionals" classname="Tests_Query_Conditionals" file="/home/meng/Desktop/wptest/wordpress-develop/tests/phpunit/tests/query/conditionals.php" line="316" assertions="4" time="0.094513"/>
        <testcase name="test_page_page_2_no_slash" class="Tests_Query_Conditionals" classname="Tests_Query_Conditionals" file="/home/meng/Desktop/wptest/wordpress-develop/tests/phpunit/tests/query/conditionals.php" line="335" assertions="4" time="0.097815"/>
        <testcase name="test_pagination_of_posts_page" class="Tests_Query_Conditionals" classname="Tests_Query_Conditionals" file="/home/meng/Desktop/wptest/wordpress-develop/tests/phpunit/tests/query/conditionals.php" line="354" assertions="3" time="0.086070"/>
        <testcase name="test_main_feed_2" class="Tests_Query_Conditionals" classname="Tests_Query_Conditionals" file="/home/meng/Desktop/wptest/wordpress-develop/tests/phpunit/tests/query/conditionals.php" line="385" assertions="10" time="0.215295"/>
        <testcase name="test_main_feed" class="Tests_Query_Conditionals" classname="Tests_Query_Conditionals" file="/home/meng/Desktop/wptest/wordpress-develop/tests/phpunit/tests/query/conditionals.php" line="403" assertions="3" time="0.129602"/>
        <testcase name="test_paged" class="Tests_Query_Conditionals" classname="Tests_Query_Conditionals" file="/home/meng/Desktop/wptest/wordpress-develop/tests/phpunit/tests/query/conditionals.php" line="413" assertions="6" time="0.201632"/>
        <testcase name="test_main_comments_feed" class="Tests_Query_Conditionals" classname="Tests_Query_Conditionals" file="/home/meng/Desktop/wptest/wordpress-develop/tests/phpunit/tests/query/conditionals.php" line="424" assertions="24" time="0.252573"/>
        <testcase name="test_search_feed" class="Tests_Query_Conditionals" classname="Tests_Query_Conditionals" file="/home/meng/Desktop/wptest/wordpress-develop/tests/phpunit/tests/query/conditionals.php" line="450" assertions="20" time="0.155222"/>
        <testcase name="test_search_paged" class="Tests_Query_Conditionals" classname="Tests_Query_Conditionals" file="/home/meng/Desktop/wptest/wordpress-develop/tests/phpunit/tests/query/conditionals.php" line="467" assertions="2" time="0.155244"/>
        <testcase name="test_search" class="Tests_Query_Conditionals" classname="Tests_Query_Conditionals" file="/home/meng/Desktop/wptest/wordpress-develop/tests/phpunit/tests/query/conditionals.php" line="475" assertions="1" time="0.071638"/>
        <testcase name="test_search_encoded_chars" class="Tests_Query_Conditionals" classname="Tests_Query_Conditionals" file="/home/meng/Desktop/wptest/wordpress-develop/tests/phpunit/tests/query/conditionals.php" line="483" assertions="1" time="0.067294"/>
        <testcase name="test_category_feed" class="Tests_Query_Conditionals" classname="Tests_Query_Conditionals" file="/home/meng/Desktop/wptest/wordpress-develop/tests/phpunit/tests/query/conditionals.php" line="490" assertions="30" time="0.206421"/>
        <testcase name="test_category_paged" class="Tests_Query_Conditionals" classname="Tests_Query_Conditionals" file="/home/meng/Desktop/wptest/wordpress-develop/tests/phpunit/tests/query/conditionals.php" line="514" assertions="3" time="0.152319"/>
        <testcase name="test_category" class="Tests_Query_Conditionals" classname="Tests_Query_Conditionals" file="/home/meng/Desktop/wptest/wordpress-develop/tests/phpunit/tests/query/conditionals.php" line="522" assertions="2" time="0.085655"/>
        <testcase name="test_tag_feed" class="Tests_Query_Conditionals" classname="Tests_Query_Conditionals" file="/home/meng/Desktop/wptest/wordpress-develop/tests/phpunit/tests/query/conditionals.php" line="535" assertions="30" time="0.193740"/>
        <testcase name="test_tag_paged" class="Tests_Query_Conditionals" classname="Tests_Query_Conditionals" file="/home/meng/Desktop/wptest/wordpress-develop/tests/phpunit/tests/query/conditionals.php" line="558" assertions="3" time="0.162596"/>
        <testcase name="test_tag" class="Tests_Query_Conditionals" classname="Tests_Query_Conditionals" file="/home/meng/Desktop/wptest/wordpress-develop/tests/phpunit/tests/query/conditionals.php" line="569" assertions="10" time="0.083864"/>
        <testcase name="test_author_feed" class="Tests_Query_Conditionals" classname="Tests_Query_Conditionals" file="/home/meng/Desktop/wptest/wordpress-develop/tests/phpunit/tests/query/conditionals.php" line="594" assertions="30" time="0.238122"/>
        <testcase name="test_author_paged" class="Tests_Query_Conditionals" classname="Tests_Query_Conditionals" file="/home/meng/Desktop/wptest/wordpress-develop/tests/phpunit/tests/query/conditionals.php" line="612" assertions="3" time="0.230175"/>
        <testcase name="test_author" class="Tests_Query_Conditionals" classname="Tests_Query_Conditionals" file="/home/meng/Desktop/wptest/wordpress-develop/tests/phpunit/tests/query/conditionals.php" line="621" assertions="2" time="0.159726"/>
        <testcase name="test_author_with_no_posts" class="Tests_Query_Conditionals" classname="Tests_Query_Conditionals" file="/home/meng/Desktop/wptest/wordpress-develop/tests/phpunit/tests/query/conditionals.php" line="628" assertions="2" time="0.136901"/>
        <testcase name="test_ymd_feed" class="Tests_Query_Conditionals" classname="Tests_Query_Conditionals" file="/home/meng/Desktop/wptest/wordpress-develop/tests/phpunit/tests/query/conditionals.php" line="636" assertions="40" time="0.235032"/>
        <testcase name="test_ymd_paged" class="Tests_Query_Conditionals" classname="Tests_Query_Conditionals" file="/home/meng/Desktop/wptest/wordpress-develop/tests/phpunit/tests/query/conditionals.php" line="654" assertions="4" time="0.147998"/>
        <testcase name="test_ymd" class="Tests_Query_Conditionals" classname="Tests_Query_Conditionals" file="/home/meng/Desktop/wptest/wordpress-develop/tests/phpunit/tests/query/conditionals.php" line="662" assertions="3" time="0.098838"/>
        <testcase name="test_ym_feed" class="Tests_Query_Conditionals" classname="Tests_Query_Conditionals" file="/home/meng/Desktop/wptest/wordpress-develop/tests/phpunit/tests/query/conditionals.php" line="670" assertions="40" time="0.235669"/>
        <testcase name="test_ym_paged" class="Tests_Query_Conditionals" classname="Tests_Query_Conditionals" file="/home/meng/Desktop/wptest/wordpress-develop/tests/phpunit/tests/query/conditionals.php" line="688" assertions="4" time="0.155354"/>
        <testcase name="test_ym" class="Tests_Query_Conditionals" classname="Tests_Query_Conditionals" file="/home/meng/Desktop/wptest/wordpress-develop/tests/phpunit/tests/query/conditionals.php" line="696" assertions="3" time="0.101502"/>
        <testcase name="test_y_feed" class="Tests_Query_Conditionals" classname="Tests_Query_Conditionals" file="/home/meng/Desktop/wptest/wordpress-develop/tests/phpunit/tests/query/conditionals.php" line="704" assertions="40" time="0.223691"/>
        <testcase name="test_y_paged" class="Tests_Query_Conditionals" classname="Tests_Query_Conditionals" file="/home/meng/Desktop/wptest/wordpress-develop/tests/phpunit/tests/query/conditionals.php" line="722" assertions="4" time="0.148279"/>
        <testcase name="test_y" class="Tests_Query_Conditionals" classname="Tests_Query_Conditionals" file="/home/meng/Desktop/wptest/wordpress-develop/tests/phpunit/tests/query/conditionals.php" line="730" assertions="3" time="0.133866"/>
        <testcase name="test_post_trackback" class="Tests_Query_Conditionals" classname="Tests_Query_Conditionals" file="/home/meng/Desktop/wptest/wordpress-develop/tests/phpunit/tests/query/conditionals.php" line="737" assertions="3" time="0.102762"/>
        <testcase name="test_post_comment_feed" class="Tests_Query_Conditionals" classname="Tests_Query_Conditionals" file="/home/meng/Desktop/wptest/wordpress-develop/tests/phpunit/tests/query/conditionals.php" line="746" assertions="40" time="0.236526"/>
        <testcase name="test_post_paged_short" class="Tests_Query_Conditionals" classname="Tests_Query_Conditionals" file="/home/meng/Desktop/wptest/wordpress-develop/tests/phpunit/tests/query/conditionals.php" line="765" assertions="2" time="0.128579"/>
        <testcase name="test_post_attachment" class="Tests_Query_Conditionals" classname="Tests_Query_Conditionals" file="/home/meng/Desktop/wptest/wordpress-develop/tests/phpunit/tests/query/conditionals.php" line="780" assertions="3" time="0.082545"/>
        <testcase name="test_bad_dates" class="Tests_Query_Conditionals" classname="Tests_Query_Conditionals" file="/home/meng/Desktop/wptest/wordpress-develop/tests/phpunit/tests/query/conditionals.php" line="798" assertions="3" time="0.080188"/>
        <testcase name="test_post_type_archive_with_tax_query" class="Tests_Query_Conditionals" classname="Tests_Query_Conditionals" file="/home/meng/Desktop/wptest/wordpress-develop/tests/phpunit/tests/query/conditionals.php" line="806" assertions="6" time="0.134753"/>
        <testcase name="test_post_type_array" class="Tests_Query_Conditionals" classname="Tests_Query_Conditionals" file="/home/meng/Desktop/wptest/wordpress-develop/tests/phpunit/tests/query/conditionals.php" line="851" assertions="6" time="0.115002"/>
        <testcase name="test_is_single" class="Tests_Query_Conditionals" classname="Tests_Query_Conditionals" file="/home/meng/Desktop/wptest/wordpress-develop/tests/phpunit/tests/query/conditionals.php" line="883" assertions="8" time="0.099230"/>
        <testcase name="test_is_single_with_parent" class="Tests_Query_Conditionals" classname="Tests_Query_Conditionals" file="/home/meng/Desktop/wptest/wordpress-develop/tests/phpunit/tests/query/conditionals.php" line="903" assertions="13" time="0.103447"/>
        <testcase name="test_is_single_with_slug_that_begins_with_a_number_that_clashes_with_another_post_id" class="Tests_Query_Conditionals" classname="Tests_Query_Conditionals" file="/home/meng/Desktop/wptest/wordpress-develop/tests/phpunit/tests/query/conditionals.php" line="957" assertions="4" time="0.116555"/>
        <testcase name="test_is_single_with_slug_that_clashes_with_attachment" class="Tests_Query_Conditionals" classname="Tests_Query_Conditionals" file="/home/meng/Desktop/wptest/wordpress-develop/tests/phpunit/tests/query/conditionals.php" line="980" assertions="4" time="0.132897"/>
        <testcase name="test_is_single_with_attachment" class="Tests_Query_Conditionals" classname="Tests_Query_Conditionals" file="/home/meng/Desktop/wptest/wordpress-develop/tests/phpunit/tests/query/conditionals.php" line="1010" assertions="3" time="0.107667"/>
        <testcase name="test_is_page" class="Tests_Query_Conditionals" classname="Tests_Query_Conditionals" file="/home/meng/Desktop/wptest/wordpress-develop/tests/phpunit/tests/query/conditionals.php" line="1030" assertions="8" time="0.082402"/>
        <testcase name="test_is_page_with_parent" class="Tests_Query_Conditionals" classname="Tests_Query_Conditionals" file="/home/meng/Desktop/wptest/wordpress-develop/tests/phpunit/tests/query/conditionals.php" line="1050" assertions="13" time="0.104013"/>
        <testcase name="test_is_attachment" class="Tests_Query_Conditionals" classname="Tests_Query_Conditionals" file="/home/meng/Desktop/wptest/wordpress-develop/tests/phpunit/tests/query/conditionals.php" line="1084" assertions="9" time="0.085129"/>
        <testcase name="test_is_attachment_with_slug_that_begins_with_a_number_that_clashes_with_a_page_ID" class="Tests_Query_Conditionals" classname="Tests_Query_Conditionals" file="/home/meng/Desktop/wptest/wordpress-develop/tests/phpunit/tests/query/conditionals.php" line="1105" assertions="4" time="0.095610"/>
        <testcase name="test_is_author_with_nicename_that_begins_with_a_number_that_clashes_with_another_author_id" class="Tests_Query_Conditionals" classname="Tests_Query_Conditionals" file="/home/meng/Desktop/wptest/wordpress-develop/tests/phpunit/tests/query/conditionals.php" line="1129" assertions="4" time="0.204204"/>
        <testcase name="test_is_category_with_slug_that_begins_with_a_number_that_clashes_with_another_category_id" class="Tests_Query_Conditionals" classname="Tests_Query_Conditionals" file="/home/meng/Desktop/wptest/wordpress-develop/tests/phpunit/tests/query/conditionals.php" line="1152" assertions="4" time="0.088252"/>
        <testcase name="test_is_tag_with_slug_that_begins_with_a_number_that_clashes_with_another_tag_id" class="Tests_Query_Conditionals" classname="Tests_Query_Conditionals" file="/home/meng/Desktop/wptest/wordpress-develop/tests/phpunit/tests/query/conditionals.php" line="1175" assertions="4" time="0.080648"/>
        <testcase name="test_is_page_with_page_id_zero_and_random_page_slug" class="Tests_Query_Conditionals" classname="Tests_Query_Conditionals" file="/home/meng/Desktop/wptest/wordpress-develop/tests/phpunit/tests/query/conditionals.php" line="1198" assertions="3" time="0.089700"/>
        <testcase name="test_is_page_with_page_slug_that_begins_with_a_number_that_clashes_with_a_page_ID" class="Tests_Query_Conditionals" classname="Tests_Query_Conditionals" file="/home/meng/Desktop/wptest/wordpress-develop/tests/phpunit/tests/query/conditionals.php" line="1220" assertions="4" time="0.106853"/>
        <testcase name="test_is_page_template" class="Tests_Query_Conditionals" classname="Tests_Query_Conditionals" file="/home/meng/Desktop/wptest/wordpress-develop/tests/phpunit/tests/query/conditionals.php" line="1241" assertions="1" time="0.090938"/>
        <testcase name="test_is_page_template_default" class="Tests_Query_Conditionals" classname="Tests_Query_Conditionals" file="/home/meng/Desktop/wptest/wordpress-develop/tests/phpunit/tests/query/conditionals.php" line="1251" assertions="2" time="0.083128"/>
        <testcase name="test_is_page_template_array" class="Tests_Query_Conditionals" classname="Tests_Query_Conditionals" file="/home/meng/Desktop/wptest/wordpress-develop/tests/phpunit/tests/query/conditionals.php" line="1261" assertions="2" time="0.085289"/>
        <testcase name="test_is_page_template_other_post_type" class="Tests_Query_Conditionals" classname="Tests_Query_Conditionals" file="/home/meng/Desktop/wptest/wordpress-develop/tests/phpunit/tests/query/conditionals.php" line="1272" assertions="2" time="0.100666"/>
        <testcase name="test_is_page_template_not_singular" class="Tests_Query_Conditionals" classname="Tests_Query_Conditionals" file="/home/meng/Desktop/wptest/wordpress-develop/tests/phpunit/tests/query/conditionals.php" line="1283" assertions="4" time="0.173006"/>
        <testcase name="test_is_attachment_should_not_match_numeric_id_to_post_title_beginning_with_id" class="Tests_Query_Conditionals" classname="Tests_Query_Conditionals" file="/home/meng/Desktop/wptest/wordpress-develop/tests/phpunit/tests/query/conditionals.php" line="1309" assertions="2" time="0.100741"/>
        <testcase name="test_is_attachment_should_not_match_numeric_id_to_post_name_beginning_with_id" class="Tests_Query_Conditionals" classname="Tests_Query_Conditionals" file="/home/meng/Desktop/wptest/wordpress-develop/tests/phpunit/tests/query/conditionals.php" line="1334" assertions="2" time="0.100179"/>
        <testcase name="test_is_author_should_not_match_numeric_id_to_nickname_beginning_with_id" class="Tests_Query_Conditionals" classname="Tests_Query_Conditionals" file="/home/meng/Desktop/wptest/wordpress-develop/tests/phpunit/tests/query/conditionals.php" line="1359" assertions="2" time="0.209444"/>
        <testcase name="test_is_author_should_not_match_numeric_id_to_user_nicename_beginning_with_id" class="Tests_Query_Conditionals" classname="Tests_Query_Conditionals" file="/home/meng/Desktop/wptest/wordpress-develop/tests/phpunit/tests/query/conditionals.php" line="1382" assertions="2" time="0.218123"/>
        <testcase name="test_is_category_should_not_match_numeric_id_to_name_beginning_with_id" class="Tests_Query_Conditionals" classname="Tests_Query_Conditionals" file="/home/meng/Desktop/wptest/wordpress-develop/tests/phpunit/tests/query/conditionals.php" line="1405" assertions="2" time="0.096361"/>
        <testcase name="test_is_category_should_not_match_numeric_id_to_slug_beginning_with_id" class="Tests_Query_Conditionals" classname="Tests_Query_Conditionals" file="/home/meng/Desktop/wptest/wordpress-develop/tests/phpunit/tests/query/conditionals.php" line="1430" assertions="2" time="0.097163"/>
        <testcase name="test_is_tag_should_not_match_numeric_id_to_name_beginning_with_id" class="Tests_Query_Conditionals" classname="Tests_Query_Conditionals" file="/home/meng/Desktop/wptest/wordpress-develop/tests/phpunit/tests/query/conditionals.php" line="1455" assertions="2" time="0.087009"/>
        <testcase name="test_is_tag_should_not_match_numeric_id_to_slug_beginning_with_id" class="Tests_Query_Conditionals" classname="Tests_Query_Conditionals" file="/home/meng/Desktop/wptest/wordpress-develop/tests/phpunit/tests/query/conditionals.php" line="1480" assertions="2" time="0.097492"/>
        <testcase name="test_is_page_should_not_match_numeric_id_to_post_title_beginning_with_id" class="Tests_Query_Conditionals" classname="Tests_Query_Conditionals" file="/home/meng/Desktop/wptest/wordpress-develop/tests/phpunit/tests/query/conditionals.php" line="1505" assertions="2" time="0.103988"/>
        <testcase name="test_is_page_should_not_match_numeric_id_to_post_name_beginning_with_id" class="Tests_Query_Conditionals" classname="Tests_Query_Conditionals" file="/home/meng/Desktop/wptest/wordpress-develop/tests/phpunit/tests/query/conditionals.php" line="1530" assertions="2" time="0.134842"/>
        <testcase name="test_is_single_should_not_match_numeric_id_to_post_title_beginning_with_id" class="Tests_Query_Conditionals" classname="Tests_Query_Conditionals" file="/home/meng/Desktop/wptest/wordpress-develop/tests/phpunit/tests/query/conditionals.php" line="1555" assertions="2" time="0.130333"/>
        <testcase name="test_is_single_should_not_match_numeric_id_to_post_name_beginning_with_id" class="Tests_Query_Conditionals" classname="Tests_Query_Conditionals" file="/home/meng/Desktop/wptest/wordpress-develop/tests/phpunit/tests/query/conditionals.php" line="1580" assertions="2" time="0.127534"/>
        <testcase name="test_is_privacy_policy" class="Tests_Query_Conditionals" classname="Tests_Query_Conditionals" file="/home/meng/Desktop/wptest/wordpress-develop/tests/phpunit/tests/query/conditionals.php" line="1606" assertions="3" time="0.093109"/>
      </testsuite>
      <testsuite name="Tests_Query_Date" file="/home/meng/Desktop/wptest/wordpress-develop/tests/phpunit/tests/query/date.php" tests="29" assertions="29" errors="0" failures="0" skipped="0" time="1.521850">
        <testcase name="test_simple_year_expecting_results" class="Tests_Query_Date" classname="Tests_Query_Date" file="/home/meng/Desktop/wptest/wordpress-develop/tests/phpunit/tests/query/date.php" line="68" assertions="1" time="0.049486"/>
        <testcase name="test_simple_year_expecting_noresults" class="Tests_Query_Date" classname="Tests_Query_Date" file="/home/meng/Desktop/wptest/wordpress-develop/tests/phpunit/tests/query/date.php" line="84" assertions="1" time="0.042192"/>
        <testcase name="test_simple_m_with_year_expecting_results" class="Tests_Query_Date" classname="Tests_Query_Date" file="/home/meng/Desktop/wptest/wordpress-develop/tests/phpunit/tests/query/date.php" line="94" assertions="1" time="0.048219"/>
        <testcase name="test_simple_m_with_year_expecting_noresults" class="Tests_Query_Date" classname="Tests_Query_Date" file="/home/meng/Desktop/wptest/wordpress-develop/tests/phpunit/tests/query/date.php" line="110" assertions="1" time="0.046515"/>
        <testcase name="test_simple_m_with_yearmonth_expecting_results" class="Tests_Query_Date" classname="Tests_Query_Date" file="/home/meng/Desktop/wptest/wordpress-develop/tests/phpunit/tests/query/date.php" line="120" assertions="1" time="0.045930"/>
        <testcase name="test_simple_m_with_yearmonth_expecting_noresults" class="Tests_Query_Date" classname="Tests_Query_Date" file="/home/meng/Desktop/wptest/wordpress-develop/tests/phpunit/tests/query/date.php" line="135" assertions="1" time="0.047760"/>
        <testcase name="test_simple_m_with_yearmonthday_expecting_results" class="Tests_Query_Date" classname="Tests_Query_Date" file="/home/meng/Desktop/wptest/wordpress-develop/tests/phpunit/tests/query/date.php" line="145" assertions="1" time="0.045950"/>
        <testcase name="test_simple_m_with_yearmonthday_expecting_noresults" class="Tests_Query_Date" classname="Tests_Query_Date" file="/home/meng/Desktop/wptest/wordpress-develop/tests/phpunit/tests/query/date.php" line="160" assertions="1" time="0.041879"/>
        <testcase name="test_simple_m_with_yearmonthdayhour_expecting_results" class="Tests_Query_Date" classname="Tests_Query_Date" file="/home/meng/Desktop/wptest/wordpress-develop/tests/phpunit/tests/query/date.php" line="170" assertions="1" time="0.046926"/>
        <testcase name="test_simple_m_with_yearmonthdayhour_expecting_noresults" class="Tests_Query_Date" classname="Tests_Query_Date" file="/home/meng/Desktop/wptest/wordpress-develop/tests/phpunit/tests/query/date.php" line="185" assertions="1" time="0.043190"/>
        <testcase name="test_simple_m_with_yearmonthdayhourminute_expecting_results" class="Tests_Query_Date" classname="Tests_Query_Date" file="/home/meng/Desktop/wptest/wordpress-develop/tests/phpunit/tests/query/date.php" line="198" assertions="1" time="0.048866"/>
        <testcase name="test_simple_m_with_yearmonthdayhourminute_expecting_noresults" class="Tests_Query_Date" classname="Tests_Query_Date" file="/home/meng/Desktop/wptest/wordpress-develop/tests/phpunit/tests/query/date.php" line="216" assertions="1" time="0.044921"/>
        <testcase name="test_simple_m_with_yearmonthdayhourminutesecond_expecting_results" class="Tests_Query_Date" classname="Tests_Query_Date" file="/home/meng/Desktop/wptest/wordpress-develop/tests/phpunit/tests/query/date.php" line="229" assertions="1" time="0.048685"/>
        <testcase name="test_simple_m_with_yearmonthdayhourminutesecond_expecting_noresults" class="Tests_Query_Date" classname="Tests_Query_Date" file="/home/meng/Desktop/wptest/wordpress-develop/tests/phpunit/tests/query/date.php" line="246" assertions="1" time="0.044257"/>
        <testcase name="test_simple_m_with_yearmonthdayhourminutesecond_and_dashes_expecting_results" class="Tests_Query_Date" classname="Tests_Query_Date" file="/home/meng/Desktop/wptest/wordpress-develop/tests/phpunit/tests/query/date.php" line="259" assertions="1" time="0.053462"/>
        <testcase name="test_simple_m_with_yearmonthdayhourminutesecond_and_dashesletters_expecting_results" class="Tests_Query_Date" classname="Tests_Query_Date" file="/home/meng/Desktop/wptest/wordpress-develop/tests/phpunit/tests/query/date.php" line="276" assertions="1" time="0.047190"/>
        <testcase name="test_non_scalar_m_should_be_discarded" class="Tests_Query_Date" classname="Tests_Query_Date" file="/home/meng/Desktop/wptest/wordpress-develop/tests/phpunit/tests/query/date.php" line="293" assertions="1" time="0.234008"/>
        <testcase name="test_simple_monthnum_expecting_results" class="Tests_Query_Date" classname="Tests_Query_Date" file="/home/meng/Desktop/wptest/wordpress-develop/tests/phpunit/tests/query/date.php" line="304" assertions="1" time="0.049244"/>
        <testcase name="test_simple_monthnum_expecting_noresults" class="Tests_Query_Date" classname="Tests_Query_Date" file="/home/meng/Desktop/wptest/wordpress-develop/tests/phpunit/tests/query/date.php" line="322" assertions="1" time="0.045575"/>
        <testcase name="test_simple_w_as_in_week_expecting_results" class="Tests_Query_Date" classname="Tests_Query_Date" file="/home/meng/Desktop/wptest/wordpress-develop/tests/phpunit/tests/query/date.php" line="332" assertions="1" time="0.049731"/>
        <testcase name="test_simple_w_as_in_week_expecting_noresults" class="Tests_Query_Date" classname="Tests_Query_Date" file="/home/meng/Desktop/wptest/wordpress-develop/tests/phpunit/tests/query/date.php" line="348" assertions="1" time="0.044532"/>
        <testcase name="test_simple_day_expecting_results" class="Tests_Query_Date" classname="Tests_Query_Date" file="/home/meng/Desktop/wptest/wordpress-develop/tests/phpunit/tests/query/date.php" line="358" assertions="1" time="0.045185"/>
        <testcase name="test_simple_day_expecting_noresults" class="Tests_Query_Date" classname="Tests_Query_Date" file="/home/meng/Desktop/wptest/wordpress-develop/tests/phpunit/tests/query/date.php" line="373" assertions="1" time="0.042021"/>
        <testcase name="test_simple_hour_expecting_results" class="Tests_Query_Date" classname="Tests_Query_Date" file="/home/meng/Desktop/wptest/wordpress-develop/tests/phpunit/tests/query/date.php" line="383" assertions="1" time="0.046973"/>
        <testcase name="test_simple_hour_expecting_noresults" class="Tests_Query_Date" classname="Tests_Query_Date" file="/home/meng/Desktop/wptest/wordpress-develop/tests/phpunit/tests/query/date.php" line="397" assertions="1" time="0.041631"/>
        <testcase name="test_simple_minute_expecting_results" class="Tests_Query_Date" classname="Tests_Query_Date" file="/home/meng/Desktop/wptest/wordpress-develop/tests/phpunit/tests/query/date.php" line="407" assertions="1" time="0.046511"/>
        <testcase name="test_simple_minute_expecting_noresults" class="Tests_Query_Date" classname="Tests_Query_Date" file="/home/meng/Desktop/wptest/wordpress-develop/tests/phpunit/tests/query/date.php" line="422" assertions="1" time="0.041805"/>
        <testcase name="test_simple_second_expecting_results" class="Tests_Query_Date" classname="Tests_Query_Date" file="/home/meng/Desktop/wptest/wordpress-develop/tests/phpunit/tests/query/date.php" line="432" assertions="1" time="0.046348"/>
        <testcase name="test_simple_second_expecting_noresults" class="Tests_Query_Date" classname="Tests_Query_Date" file="/home/meng/Desktop/wptest/wordpress-develop/tests/phpunit/tests/query/date.php" line="446" assertions="1" time="0.042858"/>
      </testsuite>
      <testsuite name="Tests_Query_DateQuery" file="/home/meng/Desktop/wptest/wordpress-develop/tests/phpunit/tests/query/dateQuery.php" tests="38" assertions="52" errors="0" failures="0" skipped="0" time="4.361512">
        <testcase name="test_date_query_before_array" class="Tests_Query_DateQuery" classname="Tests_Query_DateQuery" file="/home/meng/Desktop/wptest/wordpress-develop/tests/phpunit/tests/query/dateQuery.php" line="38" assertions="1" time="0.145081"/>
        <testcase name="test_date_query_before_array_test_defaulting" class="Tests_Query_DateQuery" classname="Tests_Query_DateQuery" file="/home/meng/Desktop/wptest/wordpress-develop/tests/phpunit/tests/query/dateQuery.php" line="64" assertions="1" time="0.100556"/>
        <testcase name="test_date_query_before_string" class="Tests_Query_DateQuery" classname="Tests_Query_DateQuery" file="/home/meng/Desktop/wptest/wordpress-develop/tests/phpunit/tests/query/dateQuery.php" line="83" assertions="1" time="0.142031"/>
        <testcase name="test_date_query_after_array" class="Tests_Query_DateQuery" classname="Tests_Query_DateQuery" file="/home/meng/Desktop/wptest/wordpress-develop/tests/phpunit/tests/query/dateQuery.php" line="102" assertions="1" time="0.118489"/>
        <testcase name="test_date_query_after_array_test_defaulting" class="Tests_Query_DateQuery" classname="Tests_Query_DateQuery" file="/home/meng/Desktop/wptest/wordpress-develop/tests/phpunit/tests/query/dateQuery.php" line="128" assertions="1" time="0.093860"/>
        <testcase name="test_date_query_after_string" class="Tests_Query_DateQuery" classname="Tests_Query_DateQuery" file="/home/meng/Desktop/wptest/wordpress-develop/tests/phpunit/tests/query/dateQuery.php" line="147" assertions="1" time="0.119450"/>
        <testcase name="test_date_query_after_string_inclusive" class="Tests_Query_DateQuery" classname="Tests_Query_DateQuery" file="/home/meng/Desktop/wptest/wordpress-develop/tests/phpunit/tests/query/dateQuery.php" line="165" assertions="1" time="0.141531"/>
        <testcase name="test_date_query_inclusive_between_dates" class="Tests_Query_DateQuery" classname="Tests_Query_DateQuery" file="/home/meng/Desktop/wptest/wordpress-develop/tests/phpunit/tests/query/dateQuery.php" line="187" assertions="1" time="0.168284"/>
        <testcase name="test_beforeafter_with_date_string_Y" class="Tests_Query_DateQuery" classname="Tests_Query_DateQuery" file="/home/meng/Desktop/wptest/wordpress-develop/tests/phpunit/tests/query/dateQuery.php" line="216" assertions="2" time="0.098304"/>
        <testcase name="test_beforeafter_with_date_string_Y_inclusive" class="Tests_Query_DateQuery" classname="Tests_Query_DateQuery" file="/home/meng/Desktop/wptest/wordpress-develop/tests/phpunit/tests/query/dateQuery.php" line="257" assertions="2" time="0.097138"/>
        <testcase name="test_beforeafter_with_date_string_Ym" class="Tests_Query_DateQuery" classname="Tests_Query_DateQuery" file="/home/meng/Desktop/wptest/wordpress-develop/tests/phpunit/tests/query/dateQuery.php" line="300" assertions="2" time="0.096121"/>
        <testcase name="test_beforeafter_with_date_string_Ym_inclusive" class="Tests_Query_DateQuery" classname="Tests_Query_DateQuery" file="/home/meng/Desktop/wptest/wordpress-develop/tests/phpunit/tests/query/dateQuery.php" line="341" assertions="2" time="0.097093"/>
        <testcase name="test_beforeafter_with_date_string_Ymd" class="Tests_Query_DateQuery" classname="Tests_Query_DateQuery" file="/home/meng/Desktop/wptest/wordpress-develop/tests/phpunit/tests/query/dateQuery.php" line="384" assertions="2" time="0.098419"/>
        <testcase name="test_beforeafter_with_date_string_Ymd_inclusive" class="Tests_Query_DateQuery" classname="Tests_Query_DateQuery" file="/home/meng/Desktop/wptest/wordpress-develop/tests/phpunit/tests/query/dateQuery.php" line="425" assertions="2" time="0.100801"/>
        <testcase name="test_beforeafter_with_date_string_YmdHi" class="Tests_Query_DateQuery" classname="Tests_Query_DateQuery" file="/home/meng/Desktop/wptest/wordpress-develop/tests/phpunit/tests/query/dateQuery.php" line="468" assertions="2" time="0.102259"/>
        <testcase name="test_beforeafter_with_date_string_YmdHi_inclusive" class="Tests_Query_DateQuery" classname="Tests_Query_DateQuery" file="/home/meng/Desktop/wptest/wordpress-develop/tests/phpunit/tests/query/dateQuery.php" line="509" assertions="2" time="0.093967"/>
        <testcase name="test_beforeafter_with_date_string_YmdHis" class="Tests_Query_DateQuery" classname="Tests_Query_DateQuery" file="/home/meng/Desktop/wptest/wordpress-develop/tests/phpunit/tests/query/dateQuery.php" line="552" assertions="2" time="0.098065"/>
        <testcase name="test_beforeafter_with_date_string_YmdHis_inclusive" class="Tests_Query_DateQuery" classname="Tests_Query_DateQuery" file="/home/meng/Desktop/wptest/wordpress-develop/tests/phpunit/tests/query/dateQuery.php" line="593" assertions="2" time="0.097555"/>
        <testcase name="test_beforeafter_with_date_string_non_parseable" class="Tests_Query_DateQuery" classname="Tests_Query_DateQuery" file="/home/meng/Desktop/wptest/wordpress-develop/tests/phpunit/tests/query/dateQuery.php" line="636" assertions="1" time="0.099067"/>
        <testcase name="test_date_query_year" class="Tests_Query_DateQuery" classname="Tests_Query_DateQuery" file="/home/meng/Desktop/wptest/wordpress-develop/tests/phpunit/tests/query/dateQuery.php" line="673" assertions="1" time="0.098766"/>
        <testcase name="test_date_query_month" class="Tests_Query_DateQuery" classname="Tests_Query_DateQuery" file="/home/meng/Desktop/wptest/wordpress-develop/tests/phpunit/tests/query/dateQuery.php" line="689" assertions="1" time="0.102246"/>
        <testcase name="test_date_query_week" class="Tests_Query_DateQuery" classname="Tests_Query_DateQuery" file="/home/meng/Desktop/wptest/wordpress-develop/tests/phpunit/tests/query/dateQuery.php" line="705" assertions="1" time="0.097396"/>
        <testcase name="test_date_query_day" class="Tests_Query_DateQuery" classname="Tests_Query_DateQuery" file="/home/meng/Desktop/wptest/wordpress-develop/tests/phpunit/tests/query/dateQuery.php" line="721" assertions="1" time="0.098084"/>
        <testcase name="test_date_query_dayofweek" class="Tests_Query_DateQuery" classname="Tests_Query_DateQuery" file="/home/meng/Desktop/wptest/wordpress-develop/tests/phpunit/tests/query/dateQuery.php" line="738" assertions="1" time="0.095211"/>
        <testcase name="test_date_query_dayofweek_iso" class="Tests_Query_DateQuery" classname="Tests_Query_DateQuery" file="/home/meng/Desktop/wptest/wordpress-develop/tests/phpunit/tests/query/dateQuery.php" line="758" assertions="1" time="0.092057"/>
        <testcase name="test_date_query_hour" class="Tests_Query_DateQuery" classname="Tests_Query_DateQuery" file="/home/meng/Desktop/wptest/wordpress-develop/tests/phpunit/tests/query/dateQuery.php" line="775" assertions="1" time="0.101103"/>
        <testcase name="test_date_query_hour_should_not_ignore_0" class="Tests_Query_DateQuery" classname="Tests_Query_DateQuery" file="/home/meng/Desktop/wptest/wordpress-develop/tests/phpunit/tests/query/dateQuery.php" line="795" assertions="1" time="0.099756"/>
        <testcase name="test_date_query_minute" class="Tests_Query_DateQuery" classname="Tests_Query_DateQuery" file="/home/meng/Desktop/wptest/wordpress-develop/tests/phpunit/tests/query/dateQuery.php" line="812" assertions="1" time="0.096454"/>
        <testcase name="test_date_query_second" class="Tests_Query_DateQuery" classname="Tests_Query_DateQuery" file="/home/meng/Desktop/wptest/wordpress-develop/tests/phpunit/tests/query/dateQuery.php" line="829" assertions="1" time="0.096747"/>
        <testcase name="test_date_query_between_two_times" class="Tests_Query_DateQuery" classname="Tests_Query_DateQuery" file="/home/meng/Desktop/wptest/wordpress-develop/tests/phpunit/tests/query/dateQuery.php" line="846" assertions="1" time="0.181534"/>
        <testcase name="test_date_query_relation_or" class="Tests_Query_DateQuery" classname="Tests_Query_DateQuery" file="/home/meng/Desktop/wptest/wordpress-develop/tests/phpunit/tests/query/dateQuery.php" line="873" assertions="1" time="0.119107"/>
        <testcase name="test_date_query_compare_greater_than_or_equal_to" class="Tests_Query_DateQuery" classname="Tests_Query_DateQuery" file="/home/meng/Desktop/wptest/wordpress-develop/tests/phpunit/tests/query/dateQuery.php" line="895" assertions="1" time="0.144116"/>
        <testcase name="test_date_params_monthnum_m_duplicate" class="Tests_Query_DateQuery" classname="Tests_Query_DateQuery" file="/home/meng/Desktop/wptest/wordpress-develop/tests/phpunit/tests/query/dateQuery.php" line="916" assertions="3" time="0.122562"/>
        <testcase name="test_date_params_week_w_duplicate" class="Tests_Query_DateQuery" classname="Tests_Query_DateQuery" file="/home/meng/Desktop/wptest/wordpress-develop/tests/phpunit/tests/query/dateQuery.php" line="938" assertions="3" time="0.122743"/>
        <testcase name="test_date_query_with_taxonomy_join" class="Tests_Query_DateQuery" classname="Tests_Query_DateQuery" file="/home/meng/Desktop/wptest/wordpress-develop/tests/phpunit/tests/query/dateQuery.php" line="963" assertions="1" time="0.113468"/>
        <testcase name="test_date_query_one_nested_query" class="Tests_Query_DateQuery" classname="Tests_Query_DateQuery" file="/home/meng/Desktop/wptest/wordpress-develop/tests/phpunit/tests/query/dateQuery.php" line="1001" assertions="1" time="0.150809"/>
        <testcase name="test_date_query_one_nested_query_multiple_columns_relation_and" class="Tests_Query_DateQuery" classname="Tests_Query_DateQuery" file="/home/meng/Desktop/wptest/wordpress-develop/tests/phpunit/tests/query/dateQuery.php" line="1032" assertions="1" time="0.151306"/>
        <testcase name="test_date_query_nested_query_multiple_columns_mixed_relations" class="Tests_Query_DateQuery" classname="Tests_Query_DateQuery" file="/home/meng/Desktop/wptest/wordpress-develop/tests/phpunit/tests/query/dateQuery.php" line="1093" assertions="1" time="0.169976"/>
      </testsuite>
      <testsuite name="Tests_Query_GeneratePostdata" file="/home/meng/Desktop/wptest/wordpress-develop/tests/phpunit/tests/query/generatePostdata.php" tests="10" assertions="17" errors="0" failures="0" skipped="0" time="0.753070">
        <testcase name="test_setup_by_id" class="Tests_Query_GeneratePostdata" classname="Tests_Query_GeneratePostdata" file="/home/meng/Desktop/wptest/wordpress-develop/tests/phpunit/tests/query/generatePostdata.php" line="12" assertions="1" time="0.069852"/>
        <testcase name="test_setup_by_fake_post" class="Tests_Query_GeneratePostdata" classname="Tests_Query_GeneratePostdata" file="/home/meng/Desktop/wptest/wordpress-develop/tests/phpunit/tests/query/generatePostdata.php" line="21" assertions="1" time="0.040993"/>
        <testcase name="test_setup_by_postish_object" class="Tests_Query_GeneratePostdata" classname="Tests_Query_GeneratePostdata" file="/home/meng/Desktop/wptest/wordpress-develop/tests/phpunit/tests/query/generatePostdata.php" line="33" assertions="1" time="0.065962"/>
        <testcase name="test_authordata" class="Tests_Query_GeneratePostdata" classname="Tests_Query_GeneratePostdata" file="/home/meng/Desktop/wptest/wordpress-develop/tests/phpunit/tests/query/generatePostdata.php" line="46" assertions="2" time="0.145756"/>
        <testcase name="test_currentday" class="Tests_Query_GeneratePostdata" classname="Tests_Query_GeneratePostdata" file="/home/meng/Desktop/wptest/wordpress-develop/tests/phpunit/tests/query/generatePostdata.php" line="62" assertions="1" time="0.072201"/>
        <testcase name="test_currentmonth" class="Tests_Query_GeneratePostdata" classname="Tests_Query_GeneratePostdata" file="/home/meng/Desktop/wptest/wordpress-develop/tests/phpunit/tests/query/generatePostdata.php" line="73" assertions="1" time="0.066984"/>
        <testcase name="test_single_page" class="Tests_Query_GeneratePostdata" classname="Tests_Query_GeneratePostdata" file="/home/meng/Desktop/wptest/wordpress-develop/tests/phpunit/tests/query/generatePostdata.php" line="87" assertions="3" time="0.068487"/>
        <testcase name="test_multi_page" class="Tests_Query_GeneratePostdata" classname="Tests_Query_GeneratePostdata" file="/home/meng/Desktop/wptest/wordpress-develop/tests/phpunit/tests/query/generatePostdata.php" line="103" assertions="3" time="0.073963"/>
        <testcase name="test_nextpage_at_start_of_content" class="Tests_Query_GeneratePostdata" classname="Tests_Query_GeneratePostdata" file="/home/meng/Desktop/wptest/wordpress-develop/tests/phpunit/tests/query/generatePostdata.php" line="119" assertions="3" time="0.075812"/>
        <testcase name="test_trim_nextpage_linebreaks" class="Tests_Query_GeneratePostdata" classname="Tests_Query_GeneratePostdata" file="/home/meng/Desktop/wptest/wordpress-develop/tests/phpunit/tests/query/generatePostdata.php" line="135" assertions="1" time="0.073060"/>
      </testsuite>
      <testsuite name="Tests_Query_IsTerm" file="/home/meng/Desktop/wptest/wordpress-develop/tests/phpunit/tests/query/isTerm.php" tests="11" assertions="71" errors="0" failures="0" skipped="0" time="1.922626">
        <testcase name="test_tag_action_tax" class="Tests_Query_IsTerm" classname="Tests_Query_IsTerm" file="/home/meng/Desktop/wptest/wordpress-develop/tests/phpunit/tests/query/isTerm.php" line="79" assertions="7" time="0.181059"/>
        <testcase name="test_tag_query_cat_action_tax" class="Tests_Query_IsTerm" classname="Tests_Query_IsTerm" file="/home/meng/Desktop/wptest/wordpress-develop/tests/phpunit/tests/query/isTerm.php" line="90" assertions="9" time="0.164360"/>
        <testcase name="test_tag_query_cat_query_tax_action_tax" class="Tests_Query_IsTerm" classname="Tests_Query_IsTerm" file="/home/meng/Desktop/wptest/wordpress-develop/tests/phpunit/tests/query/isTerm.php" line="102" assertions="11" time="0.174138"/>
        <testcase name="test_cat_action_tax" class="Tests_Query_IsTerm" classname="Tests_Query_IsTerm" file="/home/meng/Desktop/wptest/wordpress-develop/tests/phpunit/tests/query/isTerm.php" line="115" assertions="7" time="0.167511"/>
        <testcase name="test_cat_uncat_action_tax" class="Tests_Query_IsTerm" classname="Tests_Query_IsTerm" file="/home/meng/Desktop/wptest/wordpress-develop/tests/phpunit/tests/query/isTerm.php" line="129" assertions="12" time="0.190526"/>
        <testcase name="test_tax_action_tax" class="Tests_Query_IsTerm" classname="Tests_Query_IsTerm" file="/home/meng/Desktop/wptest/wordpress-develop/tests/phpunit/tests/query/isTerm.php" line="155" assertions="6" time="0.184115"/>
        <testcase name="test_tax_query_tag_action_tax" class="Tests_Query_IsTerm" classname="Tests_Query_IsTerm" file="/home/meng/Desktop/wptest/wordpress-develop/tests/phpunit/tests/query/isTerm.php" line="165" assertions="8" time="0.170364"/>
        <testcase name="test_tax_query_cat_action_tax" class="Tests_Query_IsTerm" classname="Tests_Query_IsTerm" file="/home/meng/Desktop/wptest/wordpress-develop/tests/phpunit/tests/query/isTerm.php" line="176" assertions="8" time="0.204235"/>
        <testcase name="test_get_queried_object_with_custom_taxonomy_tax_query_and_field_term_id_should_return_term_object" class="Tests_Query_IsTerm" classname="Tests_Query_IsTerm" file="/home/meng/Desktop/wptest/wordpress-develop/tests/phpunit/tests/query/isTerm.php" line="203" assertions="1" time="0.157286"/>
        <testcase name="test_get_queried_object_with_custom_taxonomy_tax_query_and_field_slug_should_return_term_object" class="Tests_Query_IsTerm" classname="Tests_Query_IsTerm" file="/home/meng/Desktop/wptest/wordpress-develop/tests/phpunit/tests/query/isTerm.php" line="231" assertions="1" time="0.165417"/>
        <testcase name="test_get_queried_object_with_custom_taxonomy_tax_query_with_multiple_clauses_should_return_term_object_corresponding_to_the_first_queried_tax" class="Tests_Query_IsTerm" classname="Tests_Query_IsTerm" file="/home/meng/Desktop/wptest/wordpress-develop/tests/phpunit/tests/query/isTerm.php" line="260" assertions="1" time="0.163615"/>
      </testsuite>
      <testsuite name="Tests_Query_MetaQuery" file="/home/meng/Desktop/wptest/wordpress-develop/tests/phpunit/tests/query/metaQuery.php" tests="55" assertions="141" errors="0" failures="0" skipped="0" time="7.780917">
        <testcase name="test_meta_query_no_key" class="Tests_Query_MetaQuery" classname="Tests_Query_MetaQuery" file="/home/meng/Desktop/wptest/wordpress-develop/tests/phpunit/tests/query/metaQuery.php" line="8" assertions="1" time="0.126504"/>
        <testcase name="test_meta_query_no_value" class="Tests_Query_MetaQuery" classname="Tests_Query_MetaQuery" file="/home/meng/Desktop/wptest/wordpress-develop/tests/phpunit/tests/query/metaQuery.php" line="34" assertions="1" time="0.123721"/>
        <testcase name="test_meta_query_single_query_compare_default" class="Tests_Query_MetaQuery" classname="Tests_Query_MetaQuery" file="/home/meng/Desktop/wptest/wordpress-develop/tests/phpunit/tests/query/metaQuery.php" line="60" assertions="1" time="0.094979"/>
        <testcase name="test_meta_query_single_query_compare_equals" class="Tests_Query_MetaQuery" classname="Tests_Query_MetaQuery" file="/home/meng/Desktop/wptest/wordpress-develop/tests/phpunit/tests/query/metaQuery.php" line="84" assertions="1" time="0.138508"/>
        <testcase name="test_meta_query_single_query_compare_not_equals" class="Tests_Query_MetaQuery" classname="Tests_Query_MetaQuery" file="/home/meng/Desktop/wptest/wordpress-develop/tests/phpunit/tests/query/metaQuery.php" line="109" assertions="1" time="0.122433"/>
        <testcase name="test_meta_query_single_query_compare_arithmetic_comparisons" class="Tests_Query_MetaQuery" classname="Tests_Query_MetaQuery" file="/home/meng/Desktop/wptest/wordpress-develop/tests/phpunit/tests/query/metaQuery.php" line="136" assertions="4" time="0.135499"/>
        <testcase name="test_meta_query_single_query_compare_like" class="Tests_Query_MetaQuery" classname="Tests_Query_MetaQuery" file="/home/meng/Desktop/wptest/wordpress-develop/tests/phpunit/tests/query/metaQuery.php" line="222" assertions="1" time="0.098947"/>
        <testcase name="test_meta_query_single_query_compare_not_like" class="Tests_Query_MetaQuery" classname="Tests_Query_MetaQuery" file="/home/meng/Desktop/wptest/wordpress-develop/tests/phpunit/tests/query/metaQuery.php" line="247" assertions="1" time="0.125735"/>
        <testcase name="test_meta_query_single_query_compare_between_not_between" class="Tests_Query_MetaQuery" classname="Tests_Query_MetaQuery" file="/home/meng/Desktop/wptest/wordpress-develop/tests/phpunit/tests/query/metaQuery.php" line="274" assertions="2" time="0.123834"/>
        <testcase name="test_meta_query_single_query_compare_regexp_rlike" class="Tests_Query_MetaQuery" classname="Tests_Query_MetaQuery" file="/home/meng/Desktop/wptest/wordpress-develop/tests/phpunit/tests/query/metaQuery.php" line="322" assertions="2" time="0.097975"/>
        <testcase name="test_meta_query_single_query_compare_not_regexp" class="Tests_Query_MetaQuery" classname="Tests_Query_MetaQuery" file="/home/meng/Desktop/wptest/wordpress-develop/tests/phpunit/tests/query/metaQuery.php" line="367" assertions="1" time="0.101117"/>
        <testcase name="test_meta_query_relation_default" class="Tests_Query_MetaQuery" classname="Tests_Query_MetaQuery" file="/home/meng/Desktop/wptest/wordpress-develop/tests/phpunit/tests/query/metaQuery.php" line="393" assertions="1" time="0.119261"/>
        <testcase name="test_meta_query_relation_or" class="Tests_Query_MetaQuery" classname="Tests_Query_MetaQuery" file="/home/meng/Desktop/wptest/wordpress-develop/tests/phpunit/tests/query/metaQuery.php" line="425" assertions="1" time="0.200561"/>
        <testcase name="test_meta_query_relation_and" class="Tests_Query_MetaQuery" classname="Tests_Query_MetaQuery" file="/home/meng/Desktop/wptest/wordpress-develop/tests/phpunit/tests/query/metaQuery.php" line="473" assertions="2" time="0.239166"/>
        <testcase name="test_meta_query_compare_exists" class="Tests_Query_MetaQuery" classname="Tests_Query_MetaQuery" file="/home/meng/Desktop/wptest/wordpress-develop/tests/phpunit/tests/query/metaQuery.php" line="552" assertions="1" time="0.128490"/>
        <testcase name="test_meta_query_compare_exists_with_value_should_convert_to_equals" class="Tests_Query_MetaQuery" classname="Tests_Query_MetaQuery" file="/home/meng/Desktop/wptest/wordpress-develop/tests/phpunit/tests/query/metaQuery.php" line="575" assertions="1" time="0.128271"/>
        <testcase name="test_meta_query_compare_not_exists_should_ignore_value" class="Tests_Query_MetaQuery" classname="Tests_Query_MetaQuery" file="/home/meng/Desktop/wptest/wordpress-develop/tests/phpunit/tests/query/metaQuery.php" line="599" assertions="1" time="0.120648"/>
        <testcase name="test_meta_query_compare_not_exists" class="Tests_Query_MetaQuery" classname="Tests_Query_MetaQuery" file="/home/meng/Desktop/wptest/wordpress-develop/tests/phpunit/tests/query/metaQuery.php" line="623" assertions="3" time="0.220985"/>
        <testcase name="test_meta_query_compare_not_exists_with_another_condition_relation_or" class="Tests_Query_MetaQuery" classname="Tests_Query_MetaQuery" file="/home/meng/Desktop/wptest/wordpress-develop/tests/phpunit/tests/query/metaQuery.php" line="705" assertions="1" time="0.176545"/>
        <testcase name="test_meta_query_relation_or_compare_equals" class="Tests_Query_MetaQuery" classname="Tests_Query_MetaQuery" file="/home/meng/Desktop/wptest/wordpress-develop/tests/phpunit/tests/query/metaQuery.php" line="743" assertions="1" time="0.146300"/>
        <testcase name="test_meta_query_relation_or_compare_equals_different_keys" class="Tests_Query_MetaQuery" classname="Tests_Query_MetaQuery" file="/home/meng/Desktop/wptest/wordpress-develop/tests/phpunit/tests/query/metaQuery.php" line="778" assertions="1" time="0.179825"/>
        <testcase name="test_meta_query_relation_or_compare_equals_and_in" class="Tests_Query_MetaQuery" classname="Tests_Query_MetaQuery" file="/home/meng/Desktop/wptest/wordpress-develop/tests/phpunit/tests/query/metaQuery.php" line="813" assertions="1" time="0.155323"/>
        <testcase name="test_meta_query_relation_or_compare_equals_and_like" class="Tests_Query_MetaQuery" classname="Tests_Query_MetaQuery" file="/home/meng/Desktop/wptest/wordpress-develop/tests/phpunit/tests/query/metaQuery.php" line="848" assertions="1" time="0.152101"/>
        <testcase name="test_meta_query_relation_or_compare_equals_and_between" class="Tests_Query_MetaQuery" classname="Tests_Query_MetaQuery" file="/home/meng/Desktop/wptest/wordpress-develop/tests/phpunit/tests/query/metaQuery.php" line="883" assertions="1" time="0.140806"/>
        <testcase name="test_meta_query_relation_and_compare_in_same_keys" class="Tests_Query_MetaQuery" classname="Tests_Query_MetaQuery" file="/home/meng/Desktop/wptest/wordpress-develop/tests/phpunit/tests/query/metaQuery.php" line="919" assertions="1" time="0.178845"/>
        <testcase name="test_meta_query_relation_and_compare_in_different_keys" class="Tests_Query_MetaQuery" classname="Tests_Query_MetaQuery" file="/home/meng/Desktop/wptest/wordpress-develop/tests/phpunit/tests/query/metaQuery.php" line="956" assertions="1" time="0.170082"/>
        <testcase name="test_meta_query_relation_and_compare_not_equals" class="Tests_Query_MetaQuery" classname="Tests_Query_MetaQuery" file="/home/meng/Desktop/wptest/wordpress-develop/tests/phpunit/tests/query/metaQuery.php" line="993" assertions="1" time="0.163074"/>
        <testcase name="test_meta_query_relation_and_compare_not_equals_different_keys" class="Tests_Query_MetaQuery" classname="Tests_Query_MetaQuery" file="/home/meng/Desktop/wptest/wordpress-develop/tests/phpunit/tests/query/metaQuery.php" line="1029" assertions="1" time="0.150440"/>
        <testcase name="test_meta_query_relation_and_compare_not_equals_not_in" class="Tests_Query_MetaQuery" classname="Tests_Query_MetaQuery" file="/home/meng/Desktop/wptest/wordpress-develop/tests/phpunit/tests/query/metaQuery.php" line="1072" assertions="1" time="0.156277"/>
        <testcase name="test_meta_query_relation_and_compare_not_equals_and_not_like" class="Tests_Query_MetaQuery" classname="Tests_Query_MetaQuery" file="/home/meng/Desktop/wptest/wordpress-develop/tests/phpunit/tests/query/metaQuery.php" line="1108" assertions="1" time="0.149802"/>
        <testcase name="test_meta_query_decimal_results" class="Tests_Query_MetaQuery" classname="Tests_Query_MetaQuery" file="/home/meng/Desktop/wptest/wordpress-develop/tests/phpunit/tests/query/metaQuery.php" line="1144" assertions="10" time="0.182696"/>
        <testcase name="test_meta_vars_should_be_converted_to_meta_query" class="Tests_Query_MetaQuery" classname="Tests_Query_MetaQuery" file="/home/meng/Desktop/wptest/wordpress-develop/tests/phpunit/tests/query/metaQuery.php" line="1322" assertions="4" time="0.042575"/>
        <testcase name="test_meta_query_with_orderby_meta_value_relation_or" class="Tests_Query_MetaQuery" classname="Tests_Query_MetaQuery" file="/home/meng/Desktop/wptest/wordpress-develop/tests/phpunit/tests/query/metaQuery.php" line="1341" assertions="1" time="0.166241"/>
        <testcase name="test_meta_query_with_orderby_meta_value_relation_and" class="Tests_Query_MetaQuery" classname="Tests_Query_MetaQuery" file="/home/meng/Desktop/wptest/wordpress-develop/tests/phpunit/tests/query/metaQuery.php" line="1382" assertions="1" time="0.176545"/>
        <testcase name="test_meta_query_nested" class="Tests_Query_MetaQuery" classname="Tests_Query_MetaQuery" file="/home/meng/Desktop/wptest/wordpress-develop/tests/phpunit/tests/query/metaQuery.php" line="1427" assertions="1" time="0.132965"/>
        <testcase name="test_meta_query_nested_two_levels_deep" class="Tests_Query_MetaQuery" classname="Tests_Query_MetaQuery" file="/home/meng/Desktop/wptest/wordpress-develop/tests/phpunit/tests/query/metaQuery.php" line="1470" assertions="1" time="0.123148"/>
        <testcase name="test_meta_between_not_between" class="Tests_Query_MetaQuery" classname="Tests_Query_MetaQuery" file="/home/meng/Desktop/wptest/wordpress-develop/tests/phpunit/tests/query/metaQuery.php" line="1517" assertions="14" time="0.180984"/>
        <testcase name="test_meta_default_compare" class="Tests_Query_MetaQuery" classname="Tests_Query_MetaQuery" file="/home/meng/Desktop/wptest/wordpress-develop/tests/phpunit/tests/query/metaQuery.php" line="1565" assertions="8" time="0.198071"/>
        <testcase name="test_duplicate_posts_when_no_key" class="Tests_Query_MetaQuery" classname="Tests_Query_MetaQuery" file="/home/meng/Desktop/wptest/wordpress-develop/tests/phpunit/tests/query/metaQuery.php" line="1609" assertions="6" time="0.128867"/>
        <testcase name="test_empty_meta_value" class="Tests_Query_MetaQuery" classname="Tests_Query_MetaQuery" file="/home/meng/Desktop/wptest/wordpress-develop/tests/phpunit/tests/query/metaQuery.php" line="1640" assertions="40" time="0.241668"/>
        <testcase name="test_orderby_clause_key" class="Tests_Query_MetaQuery" classname="Tests_Query_MetaQuery" file="/home/meng/Desktop/wptest/wordpress-develop/tests/phpunit/tests/query/metaQuery.php" line="1719" assertions="1" time="0.121334"/>
        <testcase name="test_orderby_clause_key_as_secondary_sort" class="Tests_Query_MetaQuery" classname="Tests_Query_MetaQuery" file="/home/meng/Desktop/wptest/wordpress-develop/tests/phpunit/tests/query/metaQuery.php" line="1745" assertions="1" time="0.126580"/>
        <testcase name="test_orderby_more_than_one_clause_key" class="Tests_Query_MetaQuery" classname="Tests_Query_MetaQuery" file="/home/meng/Desktop/wptest/wordpress-develop/tests/phpunit/tests/query/metaQuery.php" line="1788" assertions="1" time="0.125543"/>
        <testcase name="test_duplicate_clause_keys_should_be_made_unique" class="Tests_Query_MetaQuery" classname="Tests_Query_MetaQuery" file="/home/meng/Desktop/wptest/wordpress-develop/tests/phpunit/tests/query/metaQuery.php" line="1824" assertions="1" time="0.044753"/>
        <testcase name="test_compare_key_like" class="Tests_Query_MetaQuery" classname="Tests_Query_MetaQuery" file="/home/meng/Desktop/wptest/wordpress-develop/tests/phpunit/tests/query/metaQuery.php" line="1855" assertions="1" time="0.128842"/>
        <testcase name="test_meta_compare_key_like" class="Tests_Query_MetaQuery" classname="Tests_Query_MetaQuery" file="/home/meng/Desktop/wptest/wordpress-develop/tests/phpunit/tests/query/metaQuery.php" line="1880" assertions="1" time="0.125835"/>
        <testcase name="test_compare_key_like_with_not_exists_compare" class="Tests_Query_MetaQuery" classname="Tests_Query_MetaQuery" file="/home/meng/Desktop/wptest/wordpress-develop/tests/phpunit/tests/query/metaQuery.php" line="1901" assertions="1" time="0.118927"/>
        <testcase name="test_compare_key_not_equals" class="Tests_Query_MetaQuery" classname="Tests_Query_MetaQuery" file="/home/meng/Desktop/wptest/wordpress-develop/tests/phpunit/tests/query/metaQuery.php" line="1929" assertions="1" time="0.134438"/>
        <testcase name="test_compare_key_not_like" class="Tests_Query_MetaQuery" classname="Tests_Query_MetaQuery" file="/home/meng/Desktop/wptest/wordpress-develop/tests/phpunit/tests/query/metaQuery.php" line="1956" assertions="1" time="0.137905"/>
        <testcase name="test_compare_key_in" class="Tests_Query_MetaQuery" classname="Tests_Query_MetaQuery" file="/home/meng/Desktop/wptest/wordpress-develop/tests/phpunit/tests/query/metaQuery.php" line="1983" assertions="1" time="0.123757"/>
        <testcase name="test_compare_key_not_in" class="Tests_Query_MetaQuery" classname="Tests_Query_MetaQuery" file="/home/meng/Desktop/wptest/wordpress-develop/tests/phpunit/tests/query/metaQuery.php" line="2008" assertions="1" time="0.122815"/>
        <testcase name="test_compare_key_not_exists" class="Tests_Query_MetaQuery" classname="Tests_Query_MetaQuery" file="/home/meng/Desktop/wptest/wordpress-develop/tests/phpunit/tests/query/metaQuery.php" line="2035" assertions="1" time="0.129906"/>
        <testcase name="test_compare_key_exists" class="Tests_Query_MetaQuery" classname="Tests_Query_MetaQuery" file="/home/meng/Desktop/wptest/wordpress-develop/tests/phpunit/tests/query/metaQuery.php" line="2062" assertions="1" time="0.143746"/>
        <testcase name="test_compare_key_regexp_rlike" class="Tests_Query_MetaQuery" classname="Tests_Query_MetaQuery" file="/home/meng/Desktop/wptest/wordpress-develop/tests/phpunit/tests/query/metaQuery.php" line="2089" assertions="2" time="0.126950"/>
        <testcase name="test_compare_key_not_regexp" class="Tests_Query_MetaQuery" classname="Tests_Query_MetaQuery" file="/home/meng/Desktop/wptest/wordpress-develop/tests/phpunit/tests/query/metaQuery.php" line="2130" assertions="2" time="0.129772"/>
      </testsuite>
      <testsuite name="Tests_Query_NoFoundRows" file="/home/meng/Desktop/wptest/wordpress-develop/tests/phpunit/tests/query/noFoundRows.php" tests="8" assertions="10" errors="0" failures="0" skipped="0" time="0.411615">
        <testcase name="test_no_found_rows_default" class="Tests_Query_NoFoundRows" classname="Tests_Query_NoFoundRows" file="/home/meng/Desktop/wptest/wordpress-develop/tests/phpunit/tests/query/noFoundRows.php" line="7" assertions="1" time="0.040902"/>
        <testcase name="test_no_found_rows_false" class="Tests_Query_NoFoundRows" classname="Tests_Query_NoFoundRows" file="/home/meng/Desktop/wptest/wordpress-develop/tests/phpunit/tests/query/noFoundRows.php" line="17" assertions="1" time="0.042381"/>
        <testcase name="test_no_found_rows_0" class="Tests_Query_NoFoundRows" classname="Tests_Query_NoFoundRows" file="/home/meng/Desktop/wptest/wordpress-develop/tests/phpunit/tests/query/noFoundRows.php" line="28" assertions="1" time="0.052244"/>
        <testcase name="test_no_found_rows_empty_string" class="Tests_Query_NoFoundRows" classname="Tests_Query_NoFoundRows" file="/home/meng/Desktop/wptest/wordpress-develop/tests/phpunit/tests/query/noFoundRows.php" line="39" assertions="1" time="0.041924"/>
        <testcase name="test_no_found_rows_true" class="Tests_Query_NoFoundRows" classname="Tests_Query_NoFoundRows" file="/home/meng/Desktop/wptest/wordpress-develop/tests/phpunit/tests/query/noFoundRows.php" line="50" assertions="1" time="0.043608"/>
        <testcase name="test_no_found_rows_non_bool_cast_to_true" class="Tests_Query_NoFoundRows" classname="Tests_Query_NoFoundRows" file="/home/meng/Desktop/wptest/wordpress-develop/tests/phpunit/tests/query/noFoundRows.php" line="61" assertions="1" time="0.043378"/>
        <testcase name="test_no_found_rows_default_with_nopaging_true" class="Tests_Query_NoFoundRows" classname="Tests_Query_NoFoundRows" file="/home/meng/Desktop/wptest/wordpress-develop/tests/phpunit/tests/query/noFoundRows.php" line="75" assertions="2" time="0.074496"/>
        <testcase name="test_no_found_rows_default_with_postsperpage_minus1" class="Tests_Query_NoFoundRows" classname="Tests_Query_NoFoundRows" file="/home/meng/Desktop/wptest/wordpress-develop/tests/phpunit/tests/query/noFoundRows.php" line="92" assertions="2" time="0.072682"/>
      </testsuite>
      <testsuite name="Tests_Query_ParseQuery" file="/home/meng/Desktop/wptest/wordpress-develop/tests/phpunit/tests/query/parseQuery.php" tests="8" assertions="8" errors="0" failures="0" skipped="0" time="0.326031">
        <testcase name="test_parse_query_s_array" class="Tests_Query_ParseQuery" classname="Tests_Query_ParseQuery" file="/home/meng/Desktop/wptest/wordpress-develop/tests/phpunit/tests/query/parseQuery.php" line="10" assertions="1" time="0.039485"/>
        <testcase name="test_parse_query_s_string" class="Tests_Query_ParseQuery" classname="Tests_Query_ParseQuery" file="/home/meng/Desktop/wptest/wordpress-develop/tests/phpunit/tests/query/parseQuery.php" line="21" assertions="1" time="0.041700"/>
        <testcase name="test_parse_query_s_float" class="Tests_Query_ParseQuery" classname="Tests_Query_ParseQuery" file="/home/meng/Desktop/wptest/wordpress-develop/tests/phpunit/tests/query/parseQuery.php" line="32" assertions="1" time="0.042259"/>
        <testcase name="test_parse_query_s_int" class="Tests_Query_ParseQuery" classname="Tests_Query_ParseQuery" file="/home/meng/Desktop/wptest/wordpress-develop/tests/phpunit/tests/query/parseQuery.php" line="43" assertions="1" time="0.037700"/>
        <testcase name="test_parse_query_s_bool" class="Tests_Query_ParseQuery" classname="Tests_Query_ParseQuery" file="/home/meng/Desktop/wptest/wordpress-develop/tests/phpunit/tests/query/parseQuery.php" line="54" assertions="1" time="0.042278"/>
        <testcase name="test_parse_query_p_negative_int" class="Tests_Query_ParseQuery" classname="Tests_Query_ParseQuery" file="/home/meng/Desktop/wptest/wordpress-develop/tests/phpunit/tests/query/parseQuery.php" line="68" assertions="1" time="0.042504"/>
        <testcase name="test_parse_query_p_array" class="Tests_Query_ParseQuery" classname="Tests_Query_ParseQuery" file="/home/meng/Desktop/wptest/wordpress-develop/tests/phpunit/tests/query/parseQuery.php" line="82" assertions="1" time="0.040519"/>
        <testcase name="test_parse_query_p_object" class="Tests_Query_ParseQuery" classname="Tests_Query_ParseQuery" file="/home/meng/Desktop/wptest/wordpress-develop/tests/phpunit/tests/query/parseQuery.php" line="96" assertions="1" time="0.039586"/>
      </testsuite>
      <testsuite name="Tests_Query_PostStatus" file="/home/meng/Desktop/wptest/wordpress-develop/tests/phpunit/tests/query/postStatus.php" tests="22" assertions="25" errors="0" failures="0" skipped="0" time="1.279334">
        <testcase name="test_any_should_not_include_statuses_where_exclude_from_search_is_true" class="Tests_Query_PostStatus" classname="Tests_Query_PostStatus" file="/home/meng/Desktop/wptest/wordpress-develop/tests/phpunit/tests/query/postStatus.php" line="48" assertions="1" time="0.054428"/>
        <testcase name="test_any_should_include_statuses_where_exclude_from_search_is_false" class="Tests_Query_PostStatus" classname="Tests_Query_PostStatus" file="/home/meng/Desktop/wptest/wordpress-develop/tests/phpunit/tests/query/postStatus.php" line="60" assertions="1" time="0.050064"/>
        <testcase name="test_private_should_be_included_if_perm_is_false" class="Tests_Query_PostStatus" classname="Tests_Query_PostStatus" file="/home/meng/Desktop/wptest/wordpress-develop/tests/phpunit/tests/query/postStatus.php" line="72" assertions="1" time="0.048212"/>
        <testcase name="test_private_should_not_be_included_for_non_author_if_perm_is_not_false" class="Tests_Query_PostStatus" classname="Tests_Query_PostStatus" file="/home/meng/Desktop/wptest/wordpress-develop/tests/phpunit/tests/query/postStatus.php" line="88" assertions="1" time="0.042172"/>
        <testcase name="test_private_should_be_included_only_for_current_user_if_perm_is_readable_and_user_cannot_read_others_posts" class="Tests_Query_PostStatus" classname="Tests_Query_PostStatus" file="/home/meng/Desktop/wptest/wordpress-develop/tests/phpunit/tests/query/postStatus.php" line="101" assertions="1" time="0.050830"/>
        <testcase name="test_private_should_be_included_for_all_users_if_perm_is_readable_and_user_can_read_others_posts" class="Tests_Query_PostStatus" classname="Tests_Query_PostStatus" file="/home/meng/Desktop/wptest/wordpress-develop/tests/phpunit/tests/query/postStatus.php" line="118" assertions="1" time="0.052427"/>
        <testcase name="test_private_should_be_included_only_for_current_user_if_perm_is_editable_and_user_cannot_read_others_posts" class="Tests_Query_PostStatus" classname="Tests_Query_PostStatus" file="/home/meng/Desktop/wptest/wordpress-develop/tests/phpunit/tests/query/postStatus.php" line="136" assertions="1" time="0.051898"/>
        <testcase name="test_private_should_be_included_for_all_users_if_perm_is_editable_and_user_can_read_others_posts" class="Tests_Query_PostStatus" classname="Tests_Query_PostStatus" file="/home/meng/Desktop/wptest/wordpress-develop/tests/phpunit/tests/query/postStatus.php" line="153" assertions="1" time="0.052548"/>
        <testcase name="test_all_public_post_stati_should_be_included_when_no_post_status_is_provided" class="Tests_Query_PostStatus" classname="Tests_Query_PostStatus" file="/home/meng/Desktop/wptest/wordpress-develop/tests/phpunit/tests/query/postStatus.php" line="171" assertions="2" time="0.043641"/>
        <testcase name="test_protected_should_not_be_included_when_not_in_the_admin" class="Tests_Query_PostStatus" classname="Tests_Query_PostStatus" file="/home/meng/Desktop/wptest/wordpress-develop/tests/phpunit/tests/query/postStatus.php" line="185" assertions="1" time="0.044103"/>
        <testcase name="test_protected_should_be_included_when_in_the_admin" class="Tests_Query_PostStatus" classname="Tests_Query_PostStatus" file="/home/meng/Desktop/wptest/wordpress-develop/tests/phpunit/tests/query/postStatus.php" line="197" assertions="1" time="0.042813"/>
        <testcase name="test_private_statuses_should_be_included_when_current_user_can_read_private_posts" class="Tests_Query_PostStatus" classname="Tests_Query_PostStatus" file="/home/meng/Desktop/wptest/wordpress-develop/tests/phpunit/tests/query/postStatus.php" line="217" assertions="2" time="0.052126"/>
        <testcase name="test_private_statuses_should_not_be_included_when_current_user_cannot_read_private_posts" class="Tests_Query_PostStatus" classname="Tests_Query_PostStatus" file="/home/meng/Desktop/wptest/wordpress-develop/tests/phpunit/tests/query/postStatus.php" line="232" assertions="2" time="0.054021"/>
        <testcase name="test_single_post_with_nonpublic_status_should_not_be_shown_to_logged_out_users" class="Tests_Query_PostStatus" classname="Tests_Query_PostStatus" file="/home/meng/Desktop/wptest/wordpress-develop/tests/phpunit/tests/query/postStatus.php" line="251" assertions="1" time="0.063446"/>
        <testcase name="test_single_post_with_nonpublic_status_should_not_be_shown_for_any_user" class="Tests_Query_PostStatus" classname="Tests_Query_PostStatus" file="/home/meng/Desktop/wptest/wordpress-develop/tests/phpunit/tests/query/postStatus.php" line="265" assertions="1" time="0.069869"/>
        <testcase name="test_single_post_with_nonpublic_and_protected_status_should_not_be_shown_for_user_who_cannot_edit_others_posts" class="Tests_Query_PostStatus" classname="Tests_Query_PostStatus" file="/home/meng/Desktop/wptest/wordpress-develop/tests/phpunit/tests/query/postStatus.php" line="286" assertions="1" time="0.066723"/>
        <testcase name="test_single_post_with_nonpublic_and_protected_status_should_be_shown_for_user_who_can_edit_others_posts" class="Tests_Query_PostStatus" classname="Tests_Query_PostStatus" file="/home/meng/Desktop/wptest/wordpress-develop/tests/phpunit/tests/query/postStatus.php" line="313" assertions="1" time="0.071344"/>
        <testcase name="test_single_post_with_nonpublic_and_private_status_should_not_be_shown_for_user_who_cannot_edit_others_posts" class="Tests_Query_PostStatus" classname="Tests_Query_PostStatus" file="/home/meng/Desktop/wptest/wordpress-develop/tests/phpunit/tests/query/postStatus.php" line="340" assertions="1" time="0.065881"/>
        <testcase name="test_single_post_with_nonpublic_and_private_status_should_be_shown_for_user_who_can_edit_others_posts" class="Tests_Query_PostStatus" classname="Tests_Query_PostStatus" file="/home/meng/Desktop/wptest/wordpress-develop/tests/phpunit/tests/query/postStatus.php" line="367" assertions="1" time="0.070495"/>
        <testcase name="test_single_post_with_nonexisting_status_should_not_be_shown_for_user_who_cannot_edit_others_posts" class="Tests_Query_PostStatus" classname="Tests_Query_PostStatus" file="/home/meng/Desktop/wptest/wordpress-develop/tests/phpunit/tests/query/postStatus.php" line="397" assertions="1" time="0.069290"/>
        <testcase name="test_single_post_with_nonexisting_status_should_be_shown_for_user_who_can_edit_others_posts" class="Tests_Query_PostStatus" classname="Tests_Query_PostStatus" file="/home/meng/Desktop/wptest/wordpress-develop/tests/phpunit/tests/query/postStatus.php" line="422" assertions="1" time="0.072098"/>
        <testcase name="test_specific_post_should_be_returned_if_trash_is_one_of_the_requested_post_statuses" class="Tests_Query_PostStatus" classname="Tests_Query_PostStatus" file="/home/meng/Desktop/wptest/wordpress-develop/tests/phpunit/tests/query/postStatus.php" line="447" assertions="1" time="0.090905"/>
      </testsuite>
      <testsuite name="Tests_Query_Results" file="/home/meng/Desktop/wptest/wordpress-develop/tests/phpunit/tests/query/results.php" tests="35" assertions="134" errors="0" failures="0" skipped="0" time="2.607139">
        <testcase name="test_query_default" class="Tests_Query_Results" classname="Tests_Query_Results" file="/home/meng/Desktop/wptest/wordpress-develop/tests/phpunit/tests/query/results.php" line="304" assertions="1" time="0.064311"/>
        <testcase name="test_query_tag_a" class="Tests_Query_Results" classname="Tests_Query_Results" file="/home/meng/Desktop/wptest/wordpress-develop/tests/phpunit/tests/query/results.php" line="324" assertions="5" time="0.056151"/>
        <testcase name="test_query_tag_b" class="Tests_Query_Results" classname="Tests_Query_Results" file="/home/meng/Desktop/wptest/wordpress-develop/tests/phpunit/tests/query/results.php" line="335" assertions="5" time="0.058076"/>
        <testcase name="test_query_tag_nun" class="Tests_Query_Results" classname="Tests_Query_Results" file="/home/meng/Desktop/wptest/wordpress-develop/tests/phpunit/tests/query/results.php" line="349" assertions="2" time="0.051027"/>
        <testcase name="test_query_tag_id" class="Tests_Query_Results" classname="Tests_Query_Results" file="/home/meng/Desktop/wptest/wordpress-develop/tests/phpunit/tests/query/results.php" line="357" assertions="5" time="0.054926"/>
        <testcase name="test_query_tag_slug__in" class="Tests_Query_Results" classname="Tests_Query_Results" file="/home/meng/Desktop/wptest/wordpress-develop/tests/phpunit/tests/query/results.php" line="369" assertions="7" time="0.063002"/>
        <testcase name="test_query_tag__in" class="Tests_Query_Results" classname="Tests_Query_Results" file="/home/meng/Desktop/wptest/wordpress-develop/tests/phpunit/tests/query/results.php" line="383" assertions="7" time="0.060189"/>
        <testcase name="test_query_tag__not_in" class="Tests_Query_Results" classname="Tests_Query_Results" file="/home/meng/Desktop/wptest/wordpress-develop/tests/phpunit/tests/query/results.php" line="398" assertions="1" time="0.062412"/>
        <testcase name="test_query_tag__in_but__not_in" class="Tests_Query_Results" classname="Tests_Query_Results" file="/home/meng/Desktop/wptest/wordpress-develop/tests/phpunit/tests/query/results.php" line="420" assertions="3" time="0.052301"/>
        <testcase name="test_query_category_name" class="Tests_Query_Results" classname="Tests_Query_Results" file="/home/meng/Desktop/wptest/wordpress-develop/tests/phpunit/tests/query/results.php" line="433" assertions="5" time="0.056526"/>
        <testcase name="test_query_cat" class="Tests_Query_Results" classname="Tests_Query_Results" file="/home/meng/Desktop/wptest/wordpress-develop/tests/phpunit/tests/query/results.php" line="444" assertions="5" time="0.076527"/>
        <testcase name="test_query_posts_per_page" class="Tests_Query_Results" classname="Tests_Query_Results" file="/home/meng/Desktop/wptest/wordpress-develop/tests/phpunit/tests/query/results.php" line="456" assertions="2" time="0.053308"/>
        <testcase name="test_query_offset" class="Tests_Query_Results" classname="Tests_Query_Results" file="/home/meng/Desktop/wptest/wordpress-develop/tests/phpunit/tests/query/results.php" line="471" assertions="2" time="0.059248"/>
        <testcase name="test_query_paged" class="Tests_Query_Results" classname="Tests_Query_Results" file="/home/meng/Desktop/wptest/wordpress-develop/tests/phpunit/tests/query/results.php" line="491" assertions="3" time="0.056651"/>
        <testcase name="test_query_paged_and_posts_per_page" class="Tests_Query_Results" classname="Tests_Query_Results" file="/home/meng/Desktop/wptest/wordpress-develop/tests/phpunit/tests/query/results.php" line="512" assertions="3" time="0.052664"/>
        <testcase name="test_query_post_parent__in" class="Tests_Query_Results" classname="Tests_Query_Results" file="/home/meng/Desktop/wptest/wordpress-develop/tests/phpunit/tests/query/results.php" line="530" assertions="4" time="0.069416"/>
        <testcase name="test_query_orderby_post_parent__in" class="Tests_Query_Results" classname="Tests_Query_Results" file="/home/meng/Desktop/wptest/wordpress-develop/tests/phpunit/tests/query/results.php" line="597" assertions="1" time="0.048746"/>
        <testcase name="test_query_orderby_post_parent__in_with_order_desc" class="Tests_Query_Results" classname="Tests_Query_Results" file="/home/meng/Desktop/wptest/wordpress-develop/tests/phpunit/tests/query/results.php" line="620" assertions="1" time="0.049920"/>
        <testcase name="test_query_orderby_post__in_with_no_order_specified" class="Tests_Query_Results" classname="Tests_Query_Results" file="/home/meng/Desktop/wptest/wordpress-develop/tests/phpunit/tests/query/results.php" line="639" assertions="1" time="0.041618"/>
        <testcase name="test_query_orderby_post__in_with_order_asc" class="Tests_Query_Results" classname="Tests_Query_Results" file="/home/meng/Desktop/wptest/wordpress-develop/tests/phpunit/tests/query/results.php" line="658" assertions="1" time="0.039789"/>
        <testcase name="test_query_orderby_post__in_with_order_desc" class="Tests_Query_Results" classname="Tests_Query_Results" file="/home/meng/Desktop/wptest/wordpress-develop/tests/phpunit/tests/query/results.php" line="678" assertions="1" time="0.041467"/>
        <testcase name="test_query_orderby_post_name__in_with_order_asc" class="Tests_Query_Results" classname="Tests_Query_Results" file="/home/meng/Desktop/wptest/wordpress-develop/tests/phpunit/tests/query/results.php" line="699" assertions="1" time="0.050632"/>
        <testcase name="test_query_orderby_post_name__in_with_order_desc" class="Tests_Query_Results" classname="Tests_Query_Results" file="/home/meng/Desktop/wptest/wordpress-develop/tests/phpunit/tests/query/results.php" line="716" assertions="1" time="0.049280"/>
        <testcase name="test_query_fields_integers" class="Tests_Query_Results" classname="Tests_Query_Results" file="/home/meng/Desktop/wptest/wordpress-develop/tests/phpunit/tests/query/results.php" line="735" assertions="7" time="0.043003"/>
        <testcase name="test_empty_post__in" class="Tests_Query_Results" classname="Tests_Query_Results" file="/home/meng/Desktop/wptest/wordpress-develop/tests/phpunit/tests/query/results.php" line="777" assertions="3" time="0.096871"/>
        <testcase name="test_exclude_from_search_empty" class="Tests_Query_Results" classname="Tests_Query_Results" file="/home/meng/Desktop/wptest/wordpress-develop/tests/phpunit/tests/query/results.php" line="789" assertions="4" time="0.063702"/>
        <testcase name="test_query_author_vars" class="Tests_Query_Results" classname="Tests_Query_Results" file="/home/meng/Desktop/wptest/wordpress-develop/tests/phpunit/tests/query/results.php" line="813" assertions="13" time="0.492327"/>
        <testcase name="test_query_is_date" class="Tests_Query_Results" classname="Tests_Query_Results" file="/home/meng/Desktop/wptest/wordpress-develop/tests/phpunit/tests/query/results.php" line="985" assertions="12" time="0.072981"/>
        <testcase name="test_query_is_date_with_bad_date" class="Tests_Query_Results" classname="Tests_Query_Results" file="/home/meng/Desktop/wptest/wordpress-develop/tests/phpunit/tests/query/results.php" line="1027" assertions="6" time="0.043046"/>
        <testcase name="test_perm_with_status_array" class="Tests_Query_Results" classname="Tests_Query_Results" file="/home/meng/Desktop/wptest/wordpress-develop/tests/phpunit/tests/query/results.php" line="1043" assertions="3" time="0.064854"/>
        <testcase name="test_post_password" class="Tests_Query_Results" classname="Tests_Query_Results" file="/home/meng/Desktop/wptest/wordpress-develop/tests/phpunit/tests/query/results.php" line="1062" assertions="11" time="0.156086"/>
        <testcase name="test_duplicate_slug_in_hierarchical_post_type" class="Tests_Query_Results" classname="Tests_Query_Results" file="/home/meng/Desktop/wptest/wordpress-develop/tests/phpunit/tests/query/results.php" line="1153" assertions="1" time="0.093538"/>
        <testcase name="test_child_post_in_hierarchical_post_type_with_default_permalinks" class="Tests_Query_Results" classname="Tests_Query_Results" file="/home/meng/Desktop/wptest/wordpress-develop/tests/phpunit/tests/query/results.php" line="1188" assertions="2" time="0.077674"/>
        <testcase name="test_title" class="Tests_Query_Results" classname="Tests_Query_Results" file="/home/meng/Desktop/wptest/wordpress-develop/tests/phpunit/tests/query/results.php" line="1216" assertions="3" time="0.069388"/>
        <testcase name="test_main_comments_feed_includes_attachment_comments" class="Tests_Query_Results" classname="Tests_Query_Results" file="/home/meng/Desktop/wptest/wordpress-develop/tests/phpunit/tests/query/results.php" line="1247" assertions="2" time="0.065483"/>
      </testsuite>
      <testsuite name="Tests_Query_Search" file="/home/meng/Desktop/wptest/wordpress-develop/tests/phpunit/tests/query/search.php" tests="21" assertions="27" errors="0" failures="0" skipped="0" time="1.731206">
        <testcase name="test_search_order_title_relevance" class="Tests_Query_Search" classname="Tests_Query_Search" file="/home/meng/Desktop/wptest/wordpress-develop/tests/phpunit/tests/query/search.php" line="36" assertions="1" time="0.168079"/>
        <testcase name="test_search_terms_query_var" class="Tests_Query_Search" classname="Tests_Query_Search" file="/home/meng/Desktop/wptest/wordpress-develop/tests/phpunit/tests/query/search.php" line="56" assertions="2" time="0.048353"/>
        <testcase name="test_filter_stopwords" class="Tests_Query_Search" classname="Tests_Query_Search" file="/home/meng/Desktop/wptest/wordpress-develop/tests/phpunit/tests/query/search.php" line="63" assertions="2" time="0.048280"/>
        <testcase name="test_disable_search_exclusion_prefix" class="Tests_Query_Search" classname="Tests_Query_Search" file="/home/meng/Desktop/wptest/wordpress-develop/tests/phpunit/tests/query/search.php" line="80" assertions="2" time="0.068842"/>
        <testcase name="test_change_search_exclusion_prefix" class="Tests_Query_Search" classname="Tests_Query_Search" file="/home/meng/Desktop/wptest/wordpress-develop/tests/phpunit/tests/query/search.php" line="105" assertions="2" time="0.068526"/>
        <testcase name="test_s_should_exclude_term_prefixed_with_dash" class="Tests_Query_Search" classname="Tests_Query_Search" file="/home/meng/Desktop/wptest/wordpress-develop/tests/phpunit/tests/query/search.php" line="135" assertions="1" time="0.100249"/>
        <testcase name="test_s_should_exclude_first_term_if_prefixed_with_dash" class="Tests_Query_Search" classname="Tests_Query_Search" file="/home/meng/Desktop/wptest/wordpress-develop/tests/phpunit/tests/query/search.php" line="162" assertions="1" time="0.097876"/>
        <testcase name="test_s_should_not_exclude_for_dashes_in_the_middle_of_words" class="Tests_Query_Search" classname="Tests_Query_Search" file="/home/meng/Desktop/wptest/wordpress-develop/tests/phpunit/tests/query/search.php" line="189" assertions="1" time="0.123289"/>
        <testcase name="test_s_should_not_exclude_for_dashes_between_words" class="Tests_Query_Search" classname="Tests_Query_Search" file="/home/meng/Desktop/wptest/wordpress-develop/tests/phpunit/tests/query/search.php" line="222" assertions="1" time="0.116689"/>
        <testcase name="test_search_orderby_should_be_empty_when_search_string_is_longer_than_6_words_and_exclusion_operator_is_used" class="Tests_Query_Search" classname="Tests_Query_Search" file="/home/meng/Desktop/wptest/wordpress-develop/tests/phpunit/tests/query/search.php" line="255" assertions="1" time="0.045212"/>
        <testcase name="test_s_zero" class="Tests_Query_Search" classname="Tests_Query_Search" file="/home/meng/Desktop/wptest/wordpress-develop/tests/phpunit/tests/query/search.php" line="269" assertions="1" time="0.096453"/>
        <testcase name="test_search_should_respect_suppress_filters" class="Tests_Query_Search" classname="Tests_Query_Search" file="/home/meng/Desktop/wptest/wordpress-develop/tests/phpunit/tests/query/search.php" line="301" assertions="1" time="0.048277"/>
        <testcase name="test_search_post_excerpt" class="Tests_Query_Search" classname="Tests_Query_Search" file="/home/meng/Desktop/wptest/wordpress-develop/tests/phpunit/tests/query/search.php" line="319" assertions="3" time="0.133520"/>
        <testcase name="test_search_order_title_before_excerpt_and_content" class="Tests_Query_Search" classname="Tests_Query_Search" file="/home/meng/Desktop/wptest/wordpress-develop/tests/phpunit/tests/query/search.php" line="372" assertions="1" time="0.125873"/>
        <testcase name="test_exclude_file_names_in_attachment_search_by_default" class="Tests_Query_Search" classname="Tests_Query_Search" file="/home/meng/Desktop/wptest/wordpress-develop/tests/phpunit/tests/query/search.php" line="417" assertions="1" time="0.060128"/>
        <testcase name="test_include_file_names_in_attachment_search_as_string" class="Tests_Query_Search" classname="Tests_Query_Search" file="/home/meng/Desktop/wptest/wordpress-develop/tests/phpunit/tests/query/search.php" line="446" assertions="1" time="0.062614"/>
        <testcase name="test_include_file_names_in_attachment_search_as_array" class="Tests_Query_Search" classname="Tests_Query_Search" file="/home/meng/Desktop/wptest/wordpress-develop/tests/phpunit/tests/query/search.php" line="476" assertions="1" time="0.060829"/>
        <testcase name="test_exclude_attachment_file_names_in_general_searches" class="Tests_Query_Search" classname="Tests_Query_Search" file="/home/meng/Desktop/wptest/wordpress-develop/tests/phpunit/tests/query/search.php" line="506" assertions="1" time="0.069850"/>
        <testcase name="test_include_file_names_in_attachment_search_with_meta_query" class="Tests_Query_Search" classname="Tests_Query_Search" file="/home/meng/Desktop/wptest/wordpress-develop/tests/phpunit/tests/query/search.php" line="534" assertions="1" time="0.063514"/>
        <testcase name="test_include_file_names_in_attachment_search_with_tax_query" class="Tests_Query_Search" classname="Tests_Query_Search" file="/home/meng/Desktop/wptest/wordpress-develop/tests/phpunit/tests/query/search.php" line="572" assertions="1" time="0.083412"/>
        <testcase name="test_filter_query_attachment_filenames_unhooks_itself" class="Tests_Query_Search" classname="Tests_Query_Search" file="/home/meng/Desktop/wptest/wordpress-develop/tests/phpunit/tests/query/search.php" line="612" assertions="1" time="0.041341"/>
      </testsuite>
      <testsuite name="Tests_Query_SetupPostdata" file="/home/meng/Desktop/wptest/wordpress-develop/tests/phpunit/tests/query/setupPostdata.php" tests="23" assertions="49" errors="0" failures="0" skipped="0" time="2.128926">
        <testcase name="test_id" class="Tests_Query_SetupPostdata" classname="Tests_Query_SetupPostdata" file="/home/meng/Desktop/wptest/wordpress-develop/tests/phpunit/tests/query/setupPostdata.php" line="28" assertions="2" time="0.070501"/>
        <testcase name="test_setup_by_id" class="Tests_Query_SetupPostdata" classname="Tests_Query_SetupPostdata" file="/home/meng/Desktop/wptest/wordpress-develop/tests/phpunit/tests/query/setupPostdata.php" line="39" assertions="1" time="0.065619"/>
        <testcase name="test_setup_by_fake_post" class="Tests_Query_SetupPostdata" classname="Tests_Query_SetupPostdata" file="/home/meng/Desktop/wptest/wordpress-develop/tests/phpunit/tests/query/setupPostdata.php" line="49" assertions="1" time="0.047134"/>
        <testcase name="test_setup_by_postish_object" class="Tests_Query_SetupPostdata" classname="Tests_Query_SetupPostdata" file="/home/meng/Desktop/wptest/wordpress-develop/tests/phpunit/tests/query/setupPostdata.php" line="61" assertions="1" time="0.067027"/>
        <testcase name="test_authordata" class="Tests_Query_SetupPostdata" classname="Tests_Query_SetupPostdata" file="/home/meng/Desktop/wptest/wordpress-develop/tests/phpunit/tests/query/setupPostdata.php" line="71" assertions="2" time="0.143262"/>
        <testcase name="test_currentday" class="Tests_Query_SetupPostdata" classname="Tests_Query_SetupPostdata" file="/home/meng/Desktop/wptest/wordpress-develop/tests/phpunit/tests/query/setupPostdata.php" line="84" assertions="1" time="0.065172"/>
        <testcase name="test_currentmonth" class="Tests_Query_SetupPostdata" classname="Tests_Query_SetupPostdata" file="/home/meng/Desktop/wptest/wordpress-develop/tests/phpunit/tests/query/setupPostdata.php" line="95" assertions="1" time="0.066362"/>
        <testcase name="test_secondary_query_post_vars" class="Tests_Query_SetupPostdata" classname="Tests_Query_SetupPostdata" file="/home/meng/Desktop/wptest/wordpress-develop/tests/phpunit/tests/query/setupPostdata.php" line="106" assertions="12" time="0.266633"/>
        <testcase name="test_single_page" class="Tests_Query_SetupPostdata" classname="Tests_Query_SetupPostdata" file="/home/meng/Desktop/wptest/wordpress-develop/tests/phpunit/tests/query/setupPostdata.php" line="158" assertions="3" time="0.072312"/>
        <testcase name="test_multi_page" class="Tests_Query_SetupPostdata" classname="Tests_Query_SetupPostdata" file="/home/meng/Desktop/wptest/wordpress-develop/tests/phpunit/tests/query/setupPostdata.php" line="171" assertions="3" time="0.069538"/>
        <testcase name="test_nextpage_at_start_of_content" class="Tests_Query_SetupPostdata" classname="Tests_Query_SetupPostdata" file="/home/meng/Desktop/wptest/wordpress-develop/tests/phpunit/tests/query/setupPostdata.php" line="187" assertions="3" time="0.072379"/>
        <testcase name="test_trim_nextpage_linebreaks" class="Tests_Query_SetupPostdata" classname="Tests_Query_SetupPostdata" file="/home/meng/Desktop/wptest/wordpress-develop/tests/phpunit/tests/query/setupPostdata.php" line="200" assertions="1" time="0.069277"/>
        <testcase name="test_secondary_query_nextpage" class="Tests_Query_SetupPostdata" classname="Tests_Query_SetupPostdata" file="/home/meng/Desktop/wptest/wordpress-develop/tests/phpunit/tests/query/setupPostdata.php" line="214" assertions="3" time="0.109551"/>
        <testcase name="test_page_from_wp_query" class="Tests_Query_SetupPostdata" classname="Tests_Query_SetupPostdata" file="/home/meng/Desktop/wptest/wordpress-develop/tests/phpunit/tests/query/setupPostdata.php" line="252" assertions="1" time="0.065165"/>
        <testcase name="test_page_when_on_page" class="Tests_Query_SetupPostdata" classname="Tests_Query_SetupPostdata" file="/home/meng/Desktop/wptest/wordpress-develop/tests/phpunit/tests/query/setupPostdata.php" line="267" assertions="1" time="0.068839"/>
        <testcase name="test_secondary_query_page" class="Tests_Query_SetupPostdata" classname="Tests_Query_SetupPostdata" file="/home/meng/Desktop/wptest/wordpress-develop/tests/phpunit/tests/query/setupPostdata.php" line="282" assertions="3" time="0.218055"/>
        <testcase name="test_more_when_on_setup_post" class="Tests_Query_SetupPostdata" classname="Tests_Query_SetupPostdata" file="/home/meng/Desktop/wptest/wordpress-develop/tests/phpunit/tests/query/setupPostdata.php" line="315" assertions="1" time="0.079451"/>
        <testcase name="test_more_when_on_single" class="Tests_Query_SetupPostdata" classname="Tests_Query_SetupPostdata" file="/home/meng/Desktop/wptest/wordpress-develop/tests/phpunit/tests/query/setupPostdata.php" line="328" assertions="1" time="0.101102"/>
        <testcase name="test_more_when_on_page" class="Tests_Query_SetupPostdata" classname="Tests_Query_SetupPostdata" file="/home/meng/Desktop/wptest/wordpress-develop/tests/phpunit/tests/query/setupPostdata.php" line="342" assertions="1" time="0.086555"/>
        <testcase name="test_more_when_on_feed" class="Tests_Query_SetupPostdata" classname="Tests_Query_SetupPostdata" file="/home/meng/Desktop/wptest/wordpress-develop/tests/phpunit/tests/query/setupPostdata.php" line="358" assertions="1" time="0.076024"/>
        <testcase name="test_secondary_query_more" class="Tests_Query_SetupPostdata" classname="Tests_Query_SetupPostdata" file="/home/meng/Desktop/wptest/wordpress-develop/tests/phpunit/tests/query/setupPostdata.php" line="370" assertions="3" time="0.088461"/>
        <testcase name="test_setup_postdata_with_the_content" class="Tests_Query_SetupPostdata" classname="Tests_Query_SetupPostdata" file="/home/meng/Desktop/wptest/wordpress-develop/tests/phpunit/tests/query/setupPostdata.php" line="404" assertions="2" time="0.095862"/>
        <testcase name="test_the_post_action" class="Tests_Query_SetupPostdata" classname="Tests_Query_SetupPostdata" file="/home/meng/Desktop/wptest/wordpress-develop/tests/phpunit/tests/query/setupPostdata.php" line="424" assertions="1" time="0.064645"/>
      </testsuite>
      <testsuite name="Tests_Query_Stickies" file="/home/meng/Desktop/wptest/wordpress-develop/tests/phpunit/tests/query/stickies.php" tests="5" assertions="9" errors="0" failures="0" skipped="0" time="0.309556">
        <testcase name="test_stickies_should_be_ignored_when_is_home_is_false" class="Tests_Query_Stickies" classname="Tests_Query_Stickies" file="/home/meng/Desktop/wptest/wordpress-develop/tests/phpunit/tests/query/stickies.php" line="28" assertions="1" time="0.045105"/>
        <testcase name="test_stickies_should_be_included_when_is_home_is_true" class="Tests_Query_Stickies" classname="Tests_Query_Stickies" file="/home/meng/Desktop/wptest/wordpress-develop/tests/phpunit/tests/query/stickies.php" line="46" assertions="3" time="0.068564"/>
        <testcase name="test_stickies_should_not_be_included_on_pages_other_than_1" class="Tests_Query_Stickies" classname="Tests_Query_Stickies" file="/home/meng/Desktop/wptest/wordpress-develop/tests/phpunit/tests/query/stickies.php" line="56" assertions="1" time="0.065335"/>
        <testcase name="test_stickies_should_not_be_included_when_ignore_sticky_posts_is_true" class="Tests_Query_Stickies" classname="Tests_Query_Stickies" file="/home/meng/Desktop/wptest/wordpress-develop/tests/phpunit/tests/query/stickies.php" line="65" assertions="1" time="0.061684"/>
        <testcase name="test_stickies_should_obey_post__not_in" class="Tests_Query_Stickies" classname="Tests_Query_Stickies" file="/home/meng/Desktop/wptest/wordpress-develop/tests/phpunit/tests/query/stickies.php" line="88" assertions="3" time="0.068868"/>
      </testsuite>
      <testsuite name="Tests_Query_TaxQuery" file="/home/meng/Desktop/wptest/wordpress-develop/tests/phpunit/tests/query/taxQuery.php" tests="36" assertions="45" errors="0" failures="0" skipped="0" time="4.945166">
        <testcase name="test_tax_query_single_query_single_term_field_slug" class="Tests_Query_TaxQuery" classname="Tests_Query_TaxQuery" file="/home/meng/Desktop/wptest/wordpress-develop/tests/phpunit/tests/query/taxQuery.php" line="8" assertions="1" time="0.121793"/>
        <testcase name="test_tax_query_single_query_single_term_field_name" class="Tests_Query_TaxQuery" classname="Tests_Query_TaxQuery" file="/home/meng/Desktop/wptest/wordpress-develop/tests/phpunit/tests/query/taxQuery.php" line="39" assertions="1" time="0.121198"/>
        <testcase name="test_field_name_should_work_for_names_with_spaces" class="Tests_Query_TaxQuery" classname="Tests_Query_TaxQuery" file="/home/meng/Desktop/wptest/wordpress-develop/tests/phpunit/tests/query/taxQuery.php" line="73" assertions="1" time="0.113577"/>
        <testcase name="test_tax_query_single_query_single_term_field_term_taxonomy_id" class="Tests_Query_TaxQuery" classname="Tests_Query_TaxQuery" file="/home/meng/Desktop/wptest/wordpress-develop/tests/phpunit/tests/query/taxQuery.php" line="104" assertions="1" time="0.118032"/>
        <testcase name="test_tax_query_single_query_single_term_field_term_id" class="Tests_Query_TaxQuery" classname="Tests_Query_TaxQuery" file="/home/meng/Desktop/wptest/wordpress-develop/tests/phpunit/tests/query/taxQuery.php" line="135" assertions="1" time="0.118303"/>
        <testcase name="test_tax_query_single_query_single_term_operator_in" class="Tests_Query_TaxQuery" classname="Tests_Query_TaxQuery" file="/home/meng/Desktop/wptest/wordpress-develop/tests/phpunit/tests/query/taxQuery.php" line="166" assertions="1" time="0.121784"/>
        <testcase name="test_tax_query_single_query_single_term_operator_not_in" class="Tests_Query_TaxQuery" classname="Tests_Query_TaxQuery" file="/home/meng/Desktop/wptest/wordpress-develop/tests/phpunit/tests/query/taxQuery.php" line="198" assertions="1" time="0.113815"/>
        <testcase name="test_tax_query_single_query_single_term_operator_and" class="Tests_Query_TaxQuery" classname="Tests_Query_TaxQuery" file="/home/meng/Desktop/wptest/wordpress-develop/tests/phpunit/tests/query/taxQuery.php" line="230" assertions="1" time="0.112422"/>
        <testcase name="test_tax_query_single_query_multiple_terms_operator_in" class="Tests_Query_TaxQuery" classname="Tests_Query_TaxQuery" file="/home/meng/Desktop/wptest/wordpress-develop/tests/phpunit/tests/query/taxQuery.php" line="262" assertions="1" time="0.168923"/>
        <testcase name="test_tax_query_single_query_multiple_terms_operator_not_in" class="Tests_Query_TaxQuery" classname="Tests_Query_TaxQuery" file="/home/meng/Desktop/wptest/wordpress-develop/tests/phpunit/tests/query/taxQuery.php" line="303" assertions="1" time="0.175023"/>
        <testcase name="test_tax_query_single_query_multiple_queries_operator_not_in" class="Tests_Query_TaxQuery" classname="Tests_Query_TaxQuery" file="/home/meng/Desktop/wptest/wordpress-develop/tests/phpunit/tests/query/taxQuery.php" line="347" assertions="1" time="0.163699"/>
        <testcase name="test_tax_query_single_query_multiple_terms_operator_and" class="Tests_Query_TaxQuery" classname="Tests_Query_TaxQuery" file="/home/meng/Desktop/wptest/wordpress-develop/tests/phpunit/tests/query/taxQuery.php" line="395" assertions="1" time="0.173562"/>
        <testcase name="test_tax_query_operator_not_exists" class="Tests_Query_TaxQuery" classname="Tests_Query_TaxQuery" file="/home/meng/Desktop/wptest/wordpress-develop/tests/phpunit/tests/query/taxQuery.php" line="439" assertions="1" time="0.157315"/>
        <testcase name="test_tax_query_operator_not_exists_combined" class="Tests_Query_TaxQuery" classname="Tests_Query_TaxQuery" file="/home/meng/Desktop/wptest/wordpress-develop/tests/phpunit/tests/query/taxQuery.php" line="473" assertions="1" time="0.183093"/>
        <testcase name="test_tax_query_operator_exists" class="Tests_Query_TaxQuery" classname="Tests_Query_TaxQuery" file="/home/meng/Desktop/wptest/wordpress-develop/tests/phpunit/tests/query/taxQuery.php" line="520" assertions="1" time="0.162928"/>
        <testcase name="test_tax_query_operator_exists_should_ignore_terms" class="Tests_Query_TaxQuery" classname="Tests_Query_TaxQuery" file="/home/meng/Desktop/wptest/wordpress-develop/tests/phpunit/tests/query/taxQuery.php" line="554" assertions="1" time="0.159051"/>
        <testcase name="test_tax_query_operator_exists_with_no_taxonomy" class="Tests_Query_TaxQuery" classname="Tests_Query_TaxQuery" file="/home/meng/Desktop/wptest/wordpress-develop/tests/phpunit/tests/query/taxQuery.php" line="589" assertions="1" time="0.153312"/>
        <testcase name="test_tax_query_multiple_queries_relation_and" class="Tests_Query_TaxQuery" classname="Tests_Query_TaxQuery" file="/home/meng/Desktop/wptest/wordpress-develop/tests/phpunit/tests/query/taxQuery.php" line="619" assertions="1" time="0.154574"/>
        <testcase name="test_tax_query_multiple_queries_relation_or" class="Tests_Query_TaxQuery" classname="Tests_Query_TaxQuery" file="/home/meng/Desktop/wptest/wordpress-develop/tests/phpunit/tests/query/taxQuery.php" line="665" assertions="1" time="0.169059"/>
        <testcase name="test_tax_query_multiple_queries_different_taxonomies" class="Tests_Query_TaxQuery" classname="Tests_Query_TaxQuery" file="/home/meng/Desktop/wptest/wordpress-develop/tests/phpunit/tests/query/taxQuery.php" line="711" assertions="1" time="0.153346"/>
        <testcase name="test_tax_query_two_nested_queries" class="Tests_Query_TaxQuery" classname="Tests_Query_TaxQuery" file="/home/meng/Desktop/wptest/wordpress-develop/tests/phpunit/tests/query/taxQuery.php" line="760" assertions="1" time="0.192237"/>
        <testcase name="test_tax_query_one_nested_query_one_first_order_query" class="Tests_Query_TaxQuery" classname="Tests_Query_TaxQuery" file="/home/meng/Desktop/wptest/wordpress-develop/tests/phpunit/tests/query/taxQuery.php" line="842" assertions="1" time="0.200737"/>
        <testcase name="test_tax_query_one_double_nested_query_one_first_order_query" class="Tests_Query_TaxQuery" classname="Tests_Query_TaxQuery" file="/home/meng/Desktop/wptest/wordpress-develop/tests/phpunit/tests/query/taxQuery.php" line="916" assertions="1" time="0.228280"/>
        <testcase name="test_tax_query_relation_or_both_clauses_empty_terms" class="Tests_Query_TaxQuery" classname="Tests_Query_TaxQuery" file="/home/meng/Desktop/wptest/wordpress-develop/tests/phpunit/tests/query/taxQuery.php" line="1001" assertions="1" time="0.102849"/>
        <testcase name="test_tax_query_relation_or_one_clause_empty_terms" class="Tests_Query_TaxQuery" classname="Tests_Query_TaxQuery" file="/home/meng/Desktop/wptest/wordpress-develop/tests/phpunit/tests/query/taxQuery.php" line="1036" assertions="1" time="0.100045"/>
        <testcase name="test_tax_query_include_children" class="Tests_Query_TaxQuery" classname="Tests_Query_TaxQuery" file="/home/meng/Desktop/wptest/wordpress-develop/tests/phpunit/tests/query/taxQuery.php" line="1066" assertions="6" time="0.240070"/>
        <testcase name="test_tax_query_taxonomy_with_attachments" class="Tests_Query_TaxQuery" classname="Tests_Query_TaxQuery" file="/home/meng/Desktop/wptest/wordpress-develop/tests/phpunit/tests/query/taxQuery.php" line="1206" assertions="1" time="0.077766"/>
        <testcase name="test_tax_query_no_taxonomy" class="Tests_Query_TaxQuery" classname="Tests_Query_TaxQuery" file="/home/meng/Desktop/wptest/wordpress-develop/tests/phpunit/tests/query/taxQuery.php" line="1246" assertions="3" time="0.087312"/>
        <testcase name="test_term_taxonomy_id_field_no_taxonomy" class="Tests_Query_TaxQuery" classname="Tests_Query_TaxQuery" file="/home/meng/Desktop/wptest/wordpress-develop/tests/phpunit/tests/query/taxQuery.php" line="1296" assertions="2" time="0.337811"/>
        <testcase name="test_populate_taxonomy_query_var_from_tax_query" class="Tests_Query_TaxQuery" classname="Tests_Query_TaxQuery" file="/home/meng/Desktop/wptest/wordpress-develop/tests/phpunit/tests/query/taxQuery.php" line="1381" assertions="1" time="0.073797"/>
        <testcase name="test_populate_taxonomy_query_var_from_tax_query_taxonomy_already_set" class="Tests_Query_TaxQuery" classname="Tests_Query_TaxQuery" file="/home/meng/Desktop/wptest/wordpress-develop/tests/phpunit/tests/query/taxQuery.php" line="1422" assertions="1" time="0.056663"/>
        <testcase name="test_populate_term_query_var_from_tax_query" class="Tests_Query_TaxQuery" classname="Tests_Query_TaxQuery" file="/home/meng/Desktop/wptest/wordpress-develop/tests/phpunit/tests/query/taxQuery.php" line="1449" assertions="1" time="0.056241"/>
        <testcase name="test_populate_term_id_query_var_from_tax_query" class="Tests_Query_TaxQuery" classname="Tests_Query_TaxQuery" file="/home/meng/Desktop/wptest/wordpress-develop/tests/phpunit/tests/query/taxQuery.php" line="1475" assertions="1" time="0.055353"/>
        <testcase name="test_populate_cat_category_name_query_var_from_tax_query" class="Tests_Query_TaxQuery" classname="Tests_Query_TaxQuery" file="/home/meng/Desktop/wptest/wordpress-develop/tests/phpunit/tests/query/taxQuery.php" line="1504" assertions="2" time="0.068317"/>
        <testcase name="test_populate_tag_id_query_var_from_tax_query" class="Tests_Query_TaxQuery" classname="Tests_Query_TaxQuery" file="/home/meng/Desktop/wptest/wordpress-develop/tests/phpunit/tests/query/taxQuery.php" line="1551" assertions="1" time="0.063261"/>
        <testcase name="test_tax_terms_should_not_be_double_escaped" class="Tests_Query_TaxQuery" classname="Tests_Query_TaxQuery" file="/home/meng/Desktop/wptest/wordpress-develop/tests/phpunit/tests/query/taxQuery.php" line="1597" assertions="1" time="0.089618"/>
      </testsuite>
      <testsuite name="Tests_Query_Vars" file="/home/meng/Desktop/wptest/wordpress-develop/tests/phpunit/tests/query/vars.php" tests="1" assertions="1" errors="0" failures="0" skipped="0" time="0.100706">
        <testcase name="testPublicQueryVarsAreAsExpected" class="Tests_Query_Vars" classname="Tests_Query_Vars" file="/home/meng/Desktop/wptest/wordpress-develop/tests/phpunit/tests/query/vars.php" line="14" assertions="1" time="0.100706"/>
      </testsuite>
      <testsuite name="Tests_Query_VerbosePageRules" file="/home/meng/Desktop/wptest/wordpress-develop/tests/phpunit/tests/query/verboseRewriteRules.php" tests="84" assertions="608" errors="0" failures="0" skipped="0" time="13.222234">
        <testcase name="test_home" class="Tests_Query_VerbosePageRules" classname="Tests_Query_VerbosePageRules" file="/home/meng/Desktop/wptest/wordpress-develop/tests/phpunit/tests/query/verboseRewriteRules.php" line="30" assertions="2" time="0.090022"/>
        <testcase name="test_page_on_front" class="Tests_Query_VerbosePageRules" classname="Tests_Query_VerbosePageRules" file="/home/meng/Desktop/wptest/wordpress-develop/tests/phpunit/tests/query/verboseRewriteRules.php" line="35" assertions="5" time="0.155213"/>
        <testcase name="test_404" class="Tests_Query_VerbosePageRules" classname="Tests_Query_VerbosePageRules" file="/home/meng/Desktop/wptest/wordpress-develop/tests/phpunit/tests/query/verboseRewriteRules.php" line="61" assertions="1" time="0.094164"/>
        <testcase name="test_permalink" class="Tests_Query_VerbosePageRules" classname="Tests_Query_VerbosePageRules" file="/home/meng/Desktop/wptest/wordpress-develop/tests/phpunit/tests/query/verboseRewriteRules.php" line="66" assertions="2" time="0.124540"/>
        <testcase name="test_post_comments_feed" class="Tests_Query_VerbosePageRules" classname="Tests_Query_VerbosePageRules" file="/home/meng/Desktop/wptest/wordpress-develop/tests/phpunit/tests/query/verboseRewriteRules.php" line="72" assertions="4" time="0.159501"/>
        <testcase name="test_post_comments_feed_with_no_comments" class="Tests_Query_VerbosePageRules" classname="Tests_Query_VerbosePageRules" file="/home/meng/Desktop/wptest/wordpress-develop/tests/phpunit/tests/query/verboseRewriteRules.php" line="80" assertions="4" time="0.173675"/>
        <testcase name="test_attachment_comments_feed" class="Tests_Query_VerbosePageRules" classname="Tests_Query_VerbosePageRules" file="/home/meng/Desktop/wptest/wordpress-develop/tests/phpunit/tests/query/verboseRewriteRules.php" line="86" assertions="5" time="0.128780"/>
        <testcase name="test_page" class="Tests_Query_VerbosePageRules" classname="Tests_Query_VerbosePageRules" file="/home/meng/Desktop/wptest/wordpress-develop/tests/phpunit/tests/query/verboseRewriteRules.php" line="93" assertions="2" time="0.107358"/>
        <testcase name="test_parent_page" class="Tests_Query_VerbosePageRules" classname="Tests_Query_VerbosePageRules" file="/home/meng/Desktop/wptest/wordpress-develop/tests/phpunit/tests/query/verboseRewriteRules.php" line="104" assertions="2" time="0.109529"/>
        <testcase name="test_child_page_1" class="Tests_Query_VerbosePageRules" classname="Tests_Query_VerbosePageRules" file="/home/meng/Desktop/wptest/wordpress-develop/tests/phpunit/tests/query/verboseRewriteRules.php" line="116" assertions="2" time="0.129082"/>
        <testcase name="test_child_page_2" class="Tests_Query_VerbosePageRules" classname="Tests_Query_VerbosePageRules" file="/home/meng/Desktop/wptest/wordpress-develop/tests/phpunit/tests/query/verboseRewriteRules.php" line="135" assertions="2" time="0.149418"/>
        <testcase name="test_page_trackback" class="Tests_Query_VerbosePageRules" classname="Tests_Query_VerbosePageRules" file="/home/meng/Desktop/wptest/wordpress-develop/tests/phpunit/tests/query/verboseRewriteRules.php" line="162" assertions="12" time="0.169065"/>
        <testcase name="test_page_feed" class="Tests_Query_VerbosePageRules" classname="Tests_Query_VerbosePageRules" file="/home/meng/Desktop/wptest/wordpress-develop/tests/phpunit/tests/query/verboseRewriteRules.php" line="200" assertions="15" time="0.207450"/>
        <testcase name="test_page_feed_with_no_comments" class="Tests_Query_VerbosePageRules" classname="Tests_Query_VerbosePageRules" file="/home/meng/Desktop/wptest/wordpress-develop/tests/phpunit/tests/query/verboseRewriteRules.php" line="238" assertions="15" time="0.163447"/>
        <testcase name="test_page_feed_atom" class="Tests_Query_VerbosePageRules" classname="Tests_Query_VerbosePageRules" file="/home/meng/Desktop/wptest/wordpress-develop/tests/phpunit/tests/query/verboseRewriteRules.php" line="276" assertions="15" time="0.213135"/>
        <testcase name="test_page_page_2" class="Tests_Query_VerbosePageRules" classname="Tests_Query_VerbosePageRules" file="/home/meng/Desktop/wptest/wordpress-develop/tests/phpunit/tests/query/verboseRewriteRules.php" line="316" assertions="4" time="0.114210"/>
        <testcase name="test_page_page_2_no_slash" class="Tests_Query_VerbosePageRules" classname="Tests_Query_VerbosePageRules" file="/home/meng/Desktop/wptest/wordpress-develop/tests/phpunit/tests/query/verboseRewriteRules.php" line="335" assertions="4" time="0.107742"/>
        <testcase name="test_pagination_of_posts_page" class="Tests_Query_VerbosePageRules" classname="Tests_Query_VerbosePageRules" file="/home/meng/Desktop/wptest/wordpress-develop/tests/phpunit/tests/query/verboseRewriteRules.php" line="354" assertions="3" time="0.114825"/>
        <testcase name="test_main_feed_2" class="Tests_Query_VerbosePageRules" classname="Tests_Query_VerbosePageRules" file="/home/meng/Desktop/wptest/wordpress-develop/tests/phpunit/tests/query/verboseRewriteRules.php" line="385" assertions="10" time="0.255571"/>
        <testcase name="test_main_feed" class="Tests_Query_VerbosePageRules" classname="Tests_Query_VerbosePageRules" file="/home/meng/Desktop/wptest/wordpress-develop/tests/phpunit/tests/query/verboseRewriteRules.php" line="403" assertions="3" time="0.157675"/>
        <testcase name="test_paged" class="Tests_Query_VerbosePageRules" classname="Tests_Query_VerbosePageRules" file="/home/meng/Desktop/wptest/wordpress-develop/tests/phpunit/tests/query/verboseRewriteRules.php" line="413" assertions="6" time="0.246594"/>
        <testcase name="test_main_comments_feed" class="Tests_Query_VerbosePageRules" classname="Tests_Query_VerbosePageRules" file="/home/meng/Desktop/wptest/wordpress-develop/tests/phpunit/tests/query/verboseRewriteRules.php" line="424" assertions="24" time="0.302940"/>
        <testcase name="test_search_feed" class="Tests_Query_VerbosePageRules" classname="Tests_Query_VerbosePageRules" file="/home/meng/Desktop/wptest/wordpress-develop/tests/phpunit/tests/query/verboseRewriteRules.php" line="450" assertions="20" time="0.185443"/>
        <testcase name="test_search_paged" class="Tests_Query_VerbosePageRules" classname="Tests_Query_VerbosePageRules" file="/home/meng/Desktop/wptest/wordpress-develop/tests/phpunit/tests/query/verboseRewriteRules.php" line="467" assertions="2" time="0.184568"/>
        <testcase name="test_search" class="Tests_Query_VerbosePageRules" classname="Tests_Query_VerbosePageRules" file="/home/meng/Desktop/wptest/wordpress-develop/tests/phpunit/tests/query/verboseRewriteRules.php" line="475" assertions="1" time="0.090359"/>
        <testcase name="test_search_encoded_chars" class="Tests_Query_VerbosePageRules" classname="Tests_Query_VerbosePageRules" file="/home/meng/Desktop/wptest/wordpress-develop/tests/phpunit/tests/query/verboseRewriteRules.php" line="483" assertions="1" time="0.087064"/>
        <testcase name="test_category_feed" class="Tests_Query_VerbosePageRules" classname="Tests_Query_VerbosePageRules" file="/home/meng/Desktop/wptest/wordpress-develop/tests/phpunit/tests/query/verboseRewriteRules.php" line="490" assertions="30" time="0.228392"/>
        <testcase name="test_category_paged" class="Tests_Query_VerbosePageRules" classname="Tests_Query_VerbosePageRules" file="/home/meng/Desktop/wptest/wordpress-develop/tests/phpunit/tests/query/verboseRewriteRules.php" line="514" assertions="3" time="0.189505"/>
        <testcase name="test_category" class="Tests_Query_VerbosePageRules" classname="Tests_Query_VerbosePageRules" file="/home/meng/Desktop/wptest/wordpress-develop/tests/phpunit/tests/query/verboseRewriteRules.php" line="522" assertions="2" time="0.109009"/>
        <testcase name="test_tag_feed" class="Tests_Query_VerbosePageRules" classname="Tests_Query_VerbosePageRules" file="/home/meng/Desktop/wptest/wordpress-develop/tests/phpunit/tests/query/verboseRewriteRules.php" line="535" assertions="30" time="0.215797"/>
        <testcase name="test_tag_paged" class="Tests_Query_VerbosePageRules" classname="Tests_Query_VerbosePageRules" file="/home/meng/Desktop/wptest/wordpress-develop/tests/phpunit/tests/query/verboseRewriteRules.php" line="558" assertions="3" time="0.196224"/>
        <testcase name="test_tag" class="Tests_Query_VerbosePageRules" classname="Tests_Query_VerbosePageRules" file="/home/meng/Desktop/wptest/wordpress-develop/tests/phpunit/tests/query/verboseRewriteRules.php" line="569" assertions="10" time="0.100133"/>
        <testcase name="test_author_feed" class="Tests_Query_VerbosePageRules" classname="Tests_Query_VerbosePageRules" file="/home/meng/Desktop/wptest/wordpress-develop/tests/phpunit/tests/query/verboseRewriteRules.php" line="594" assertions="30" time="0.270783"/>
        <testcase name="test_author_paged" class="Tests_Query_VerbosePageRules" classname="Tests_Query_VerbosePageRules" file="/home/meng/Desktop/wptest/wordpress-develop/tests/phpunit/tests/query/verboseRewriteRules.php" line="612" assertions="3" time="0.245954"/>
        <testcase name="test_author" class="Tests_Query_VerbosePageRules" classname="Tests_Query_VerbosePageRules" file="/home/meng/Desktop/wptest/wordpress-develop/tests/phpunit/tests/query/verboseRewriteRules.php" line="621" assertions="2" time="0.191460"/>
        <testcase name="test_author_with_no_posts" class="Tests_Query_VerbosePageRules" classname="Tests_Query_VerbosePageRules" file="/home/meng/Desktop/wptest/wordpress-develop/tests/phpunit/tests/query/verboseRewriteRules.php" line="628" assertions="2" time="0.158188"/>
        <testcase name="test_ymd_feed" class="Tests_Query_VerbosePageRules" classname="Tests_Query_VerbosePageRules" file="/home/meng/Desktop/wptest/wordpress-develop/tests/phpunit/tests/query/verboseRewriteRules.php" line="636" assertions="40" time="0.290065"/>
        <testcase name="test_ymd_paged" class="Tests_Query_VerbosePageRules" classname="Tests_Query_VerbosePageRules" file="/home/meng/Desktop/wptest/wordpress-develop/tests/phpunit/tests/query/verboseRewriteRules.php" line="654" assertions="4" time="0.184349"/>
        <testcase name="test_ymd" class="Tests_Query_VerbosePageRules" classname="Tests_Query_VerbosePageRules" file="/home/meng/Desktop/wptest/wordpress-develop/tests/phpunit/tests/query/verboseRewriteRules.php" line="662" assertions="3" time="0.126278"/>
        <testcase name="test_ym_feed" class="Tests_Query_VerbosePageRules" classname="Tests_Query_VerbosePageRules" file="/home/meng/Desktop/wptest/wordpress-develop/tests/phpunit/tests/query/verboseRewriteRules.php" line="670" assertions="40" time="0.273137"/>
        <testcase name="test_ym_paged" class="Tests_Query_VerbosePageRules" classname="Tests_Query_VerbosePageRules" file="/home/meng/Desktop/wptest/wordpress-develop/tests/phpunit/tests/query/verboseRewriteRules.php" line="688" assertions="4" time="0.180532"/>
        <testcase name="test_ym" class="Tests_Query_VerbosePageRules" classname="Tests_Query_VerbosePageRules" file="/home/meng/Desktop/wptest/wordpress-develop/tests/phpunit/tests/query/verboseRewriteRules.php" line="696" assertions="3" time="0.123460"/>
        <testcase name="test_y_feed" class="Tests_Query_VerbosePageRules" classname="Tests_Query_VerbosePageRules" file="/home/meng/Desktop/wptest/wordpress-develop/tests/phpunit/tests/query/verboseRewriteRules.php" line="704" assertions="40" time="0.263546"/>
        <testcase name="test_y_paged" class="Tests_Query_VerbosePageRules" classname="Tests_Query_VerbosePageRules" file="/home/meng/Desktop/wptest/wordpress-develop/tests/phpunit/tests/query/verboseRewriteRules.php" line="722" assertions="4" time="0.184498"/>
        <testcase name="test_y" class="Tests_Query_VerbosePageRules" classname="Tests_Query_VerbosePageRules" file="/home/meng/Desktop/wptest/wordpress-develop/tests/phpunit/tests/query/verboseRewriteRules.php" line="730" assertions="3" time="0.129031"/>
        <testcase name="test_post_trackback" class="Tests_Query_VerbosePageRules" classname="Tests_Query_VerbosePageRules" file="/home/meng/Desktop/wptest/wordpress-develop/tests/phpunit/tests/query/verboseRewriteRules.php" line="737" assertions="3" time="0.131963"/>
        <testcase name="test_post_comment_feed" class="Tests_Query_VerbosePageRules" classname="Tests_Query_VerbosePageRules" file="/home/meng/Desktop/wptest/wordpress-develop/tests/phpunit/tests/query/verboseRewriteRules.php" line="746" assertions="40" time="0.335765"/>
        <testcase name="test_post_paged_short" class="Tests_Query_VerbosePageRules" classname="Tests_Query_VerbosePageRules" file="/home/meng/Desktop/wptest/wordpress-develop/tests/phpunit/tests/query/verboseRewriteRules.php" line="765" assertions="2" time="0.126842"/>
        <testcase name="test_post_attachment" class="Tests_Query_VerbosePageRules" classname="Tests_Query_VerbosePageRules" file="/home/meng/Desktop/wptest/wordpress-develop/tests/phpunit/tests/query/verboseRewriteRules.php" line="780" assertions="3" time="0.114627"/>
        <testcase name="test_bad_dates" class="Tests_Query_VerbosePageRules" classname="Tests_Query_VerbosePageRules" file="/home/meng/Desktop/wptest/wordpress-develop/tests/phpunit/tests/query/verboseRewriteRules.php" line="798" assertions="3" time="0.104323"/>
        <testcase name="test_post_type_archive_with_tax_query" class="Tests_Query_VerbosePageRules" classname="Tests_Query_VerbosePageRules" file="/home/meng/Desktop/wptest/wordpress-develop/tests/phpunit/tests/query/verboseRewriteRules.php" line="806" assertions="6" time="0.166489"/>
        <testcase name="test_post_type_array" class="Tests_Query_VerbosePageRules" classname="Tests_Query_VerbosePageRules" file="/home/meng/Desktop/wptest/wordpress-develop/tests/phpunit/tests/query/verboseRewriteRules.php" line="851" assertions="6" time="0.137424"/>
        <testcase name="test_is_single" class="Tests_Query_VerbosePageRules" classname="Tests_Query_VerbosePageRules" file="/home/meng/Desktop/wptest/wordpress-develop/tests/phpunit/tests/query/verboseRewriteRules.php" line="883" assertions="8" time="0.113899"/>
        <testcase name="test_is_single_with_parent" class="Tests_Query_VerbosePageRules" classname="Tests_Query_VerbosePageRules" file="/home/meng/Desktop/wptest/wordpress-develop/tests/phpunit/tests/query/verboseRewriteRules.php" line="903" assertions="13" time="0.119767"/>
        <testcase name="test_is_single_with_slug_that_begins_with_a_number_that_clashes_with_another_post_id" class="Tests_Query_VerbosePageRules" classname="Tests_Query_VerbosePageRules" file="/home/meng/Desktop/wptest/wordpress-develop/tests/phpunit/tests/query/verboseRewriteRules.php" line="957" assertions="4" time="0.147972"/>
        <testcase name="test_is_single_with_slug_that_clashes_with_attachment" class="Tests_Query_VerbosePageRules" classname="Tests_Query_VerbosePageRules" file="/home/meng/Desktop/wptest/wordpress-develop/tests/phpunit/tests/query/verboseRewriteRules.php" line="980" assertions="4" time="0.158742"/>
        <testcase name="test_is_single_with_attachment" class="Tests_Query_VerbosePageRules" classname="Tests_Query_VerbosePageRules" file="/home/meng/Desktop/wptest/wordpress-develop/tests/phpunit/tests/query/verboseRewriteRules.php" line="1010" assertions="3" time="0.141255"/>
        <testcase name="test_is_page" class="Tests_Query_VerbosePageRules" classname="Tests_Query_VerbosePageRules" file="/home/meng/Desktop/wptest/wordpress-develop/tests/phpunit/tests/query/verboseRewriteRules.php" line="1030" assertions="8" time="0.109041"/>
        <testcase name="test_is_page_with_parent" class="Tests_Query_VerbosePageRules" classname="Tests_Query_VerbosePageRules" file="/home/meng/Desktop/wptest/wordpress-develop/tests/phpunit/tests/query/verboseRewriteRules.php" line="1050" assertions="13" time="0.124039"/>
        <testcase name="test_is_attachment" class="Tests_Query_VerbosePageRules" classname="Tests_Query_VerbosePageRules" file="/home/meng/Desktop/wptest/wordpress-develop/tests/phpunit/tests/query/verboseRewriteRules.php" line="1084" assertions="9" time="0.108412"/>
        <testcase name="test_is_attachment_with_slug_that_begins_with_a_number_that_clashes_with_a_page_ID" class="Tests_Query_VerbosePageRules" classname="Tests_Query_VerbosePageRules" file="/home/meng/Desktop/wptest/wordpress-develop/tests/phpunit/tests/query/verboseRewriteRules.php" line="1105" assertions="4" time="0.120611"/>
        <testcase name="test_is_author_with_nicename_that_begins_with_a_number_that_clashes_with_another_author_id" class="Tests_Query_VerbosePageRules" classname="Tests_Query_VerbosePageRules" file="/home/meng/Desktop/wptest/wordpress-develop/tests/phpunit/tests/query/verboseRewriteRules.php" line="1129" assertions="4" time="0.238544"/>
        <testcase name="test_is_category_with_slug_that_begins_with_a_number_that_clashes_with_another_category_id" class="Tests_Query_VerbosePageRules" classname="Tests_Query_VerbosePageRules" file="/home/meng/Desktop/wptest/wordpress-develop/tests/phpunit/tests/query/verboseRewriteRules.php" line="1152" assertions="4" time="0.117586"/>
        <testcase name="test_is_tag_with_slug_that_begins_with_a_number_that_clashes_with_another_tag_id" class="Tests_Query_VerbosePageRules" classname="Tests_Query_VerbosePageRules" file="/home/meng/Desktop/wptest/wordpress-develop/tests/phpunit/tests/query/verboseRewriteRules.php" line="1175" assertions="4" time="0.106967"/>
        <testcase name="test_is_page_with_page_id_zero_and_random_page_slug" class="Tests_Query_VerbosePageRules" classname="Tests_Query_VerbosePageRules" file="/home/meng/Desktop/wptest/wordpress-develop/tests/phpunit/tests/query/verboseRewriteRules.php" line="1198" assertions="3" time="0.110991"/>
        <testcase name="test_is_page_with_page_slug_that_begins_with_a_number_that_clashes_with_a_page_ID" class="Tests_Query_VerbosePageRules" classname="Tests_Query_VerbosePageRules" file="/home/meng/Desktop/wptest/wordpress-develop/tests/phpunit/tests/query/verboseRewriteRules.php" line="1220" assertions="4" time="0.127779"/>
        <testcase name="test_is_page_template" class="Tests_Query_VerbosePageRules" classname="Tests_Query_VerbosePageRules" file="/home/meng/Desktop/wptest/wordpress-develop/tests/phpunit/tests/query/verboseRewriteRules.php" line="1241" assertions="1" time="0.112250"/>
        <testcase name="test_is_page_template_default" class="Tests_Query_VerbosePageRules" classname="Tests_Query_VerbosePageRules" file="/home/meng/Desktop/wptest/wordpress-develop/tests/phpunit/tests/query/verboseRewriteRules.php" line="1251" assertions="2" time="0.121096"/>
        <testcase name="test_is_page_template_array" class="Tests_Query_VerbosePageRules" classname="Tests_Query_VerbosePageRules" file="/home/meng/Desktop/wptest/wordpress-develop/tests/phpunit/tests/query/verboseRewriteRules.php" line="1261" assertions="2" time="0.111160"/>
        <testcase name="test_is_page_template_other_post_type" class="Tests_Query_VerbosePageRules" classname="Tests_Query_VerbosePageRules" file="/home/meng/Desktop/wptest/wordpress-develop/tests/phpunit/tests/query/verboseRewriteRules.php" line="1272" assertions="2" time="0.130796"/>
        <testcase name="test_is_page_template_not_singular" class="Tests_Query_VerbosePageRules" classname="Tests_Query_VerbosePageRules" file="/home/meng/Desktop/wptest/wordpress-develop/tests/phpunit/tests/query/verboseRewriteRules.php" line="1283" assertions="4" time="0.213858"/>
        <testcase name="test_is_attachment_should_not_match_numeric_id_to_post_title_beginning_with_id" class="Tests_Query_VerbosePageRules" classname="Tests_Query_VerbosePageRules" file="/home/meng/Desktop/wptest/wordpress-develop/tests/phpunit/tests/query/verboseRewriteRules.php" line="1309" assertions="2" time="0.133350"/>
        <testcase name="test_is_attachment_should_not_match_numeric_id_to_post_name_beginning_with_id" class="Tests_Query_VerbosePageRules" classname="Tests_Query_VerbosePageRules" file="/home/meng/Desktop/wptest/wordpress-develop/tests/phpunit/tests/query/verboseRewriteRules.php" line="1334" assertions="2" time="0.130715"/>
        <testcase name="test_is_author_should_not_match_numeric_id_to_nickname_beginning_with_id" class="Tests_Query_VerbosePageRules" classname="Tests_Query_VerbosePageRules" file="/home/meng/Desktop/wptest/wordpress-develop/tests/phpunit/tests/query/verboseRewriteRules.php" line="1359" assertions="2" time="0.236470"/>
        <testcase name="test_is_author_should_not_match_numeric_id_to_user_nicename_beginning_with_id" class="Tests_Query_VerbosePageRules" classname="Tests_Query_VerbosePageRules" file="/home/meng/Desktop/wptest/wordpress-develop/tests/phpunit/tests/query/verboseRewriteRules.php" line="1382" assertions="2" time="0.237627"/>
        <testcase name="test_is_category_should_not_match_numeric_id_to_name_beginning_with_id" class="Tests_Query_VerbosePageRules" classname="Tests_Query_VerbosePageRules" file="/home/meng/Desktop/wptest/wordpress-develop/tests/phpunit/tests/query/verboseRewriteRules.php" line="1405" assertions="2" time="0.124443"/>
        <testcase name="test_is_category_should_not_match_numeric_id_to_slug_beginning_with_id" class="Tests_Query_VerbosePageRules" classname="Tests_Query_VerbosePageRules" file="/home/meng/Desktop/wptest/wordpress-develop/tests/phpunit/tests/query/verboseRewriteRules.php" line="1430" assertions="2" time="0.120767"/>
        <testcase name="test_is_tag_should_not_match_numeric_id_to_name_beginning_with_id" class="Tests_Query_VerbosePageRules" classname="Tests_Query_VerbosePageRules" file="/home/meng/Desktop/wptest/wordpress-develop/tests/phpunit/tests/query/verboseRewriteRules.php" line="1455" assertions="2" time="0.116499"/>
        <testcase name="test_is_tag_should_not_match_numeric_id_to_slug_beginning_with_id" class="Tests_Query_VerbosePageRules" classname="Tests_Query_VerbosePageRules" file="/home/meng/Desktop/wptest/wordpress-develop/tests/phpunit/tests/query/verboseRewriteRules.php" line="1480" assertions="2" time="0.108596"/>
        <testcase name="test_is_page_should_not_match_numeric_id_to_post_title_beginning_with_id" class="Tests_Query_VerbosePageRules" classname="Tests_Query_VerbosePageRules" file="/home/meng/Desktop/wptest/wordpress-develop/tests/phpunit/tests/query/verboseRewriteRules.php" line="1505" assertions="2" time="0.124613"/>
        <testcase name="test_is_page_should_not_match_numeric_id_to_post_name_beginning_with_id" class="Tests_Query_VerbosePageRules" classname="Tests_Query_VerbosePageRules" file="/home/meng/Desktop/wptest/wordpress-develop/tests/phpunit/tests/query/verboseRewriteRules.php" line="1530" assertions="2" time="0.122797"/>
        <testcase name="test_is_single_should_not_match_numeric_id_to_post_title_beginning_with_id" class="Tests_Query_VerbosePageRules" classname="Tests_Query_VerbosePageRules" file="/home/meng/Desktop/wptest/wordpress-develop/tests/phpunit/tests/query/verboseRewriteRules.php" line="1555" assertions="2" time="0.158848"/>
        <testcase name="test_is_single_should_not_match_numeric_id_to_post_name_beginning_with_id" class="Tests_Query_VerbosePageRules" classname="Tests_Query_VerbosePageRules" file="/home/meng/Desktop/wptest/wordpress-develop/tests/phpunit/tests/query/verboseRewriteRules.php" line="1580" assertions="2" time="0.159412"/>
        <testcase name="test_is_privacy_policy" class="Tests_Query_VerbosePageRules" classname="Tests_Query_VerbosePageRules" file="/home/meng/Desktop/wptest/wordpress-develop/tests/phpunit/tests/query/verboseRewriteRules.php" line="1606" assertions="3" time="0.114187"/>
      </testsuite>
      <testsuite name="Tests_REST_API" file="/home/meng/Desktop/wptest/wordpress-develop/tests/phpunit/tests/rest-api.php" tests="207" assertions="280" errors="0" failures="0" skipped="0" time="21.219517">
        <testcase name="test_rest_api_active" class="Tests_REST_API" classname="Tests_REST_API" file="/home/meng/Desktop/wptest/wordpress-develop/tests/phpunit/tests/rest-api.php" line="33" assertions="4" time="0.087679"/>
        <testcase name="test_init_action_added" class="Tests_REST_API" classname="Tests_REST_API" file="/home/meng/Desktop/wptest/wordpress-develop/tests/phpunit/tests/rest-api.php" line="44" assertions="1" time="0.080947"/>
        <testcase name="test_add_extra_api_taxonomy_arguments" class="Tests_REST_API" classname="Tests_REST_API" file="/home/meng/Desktop/wptest/wordpress-develop/tests/phpunit/tests/rest-api.php" line="48" assertions="6" time="0.085578"/>
        <testcase name="test_add_extra_api_post_type_arguments" class="Tests_REST_API" classname="Tests_REST_API" file="/home/meng/Desktop/wptest/wordpress-develop/tests/phpunit/tests/rest-api.php" line="60" assertions="9" time="0.084630"/>
        <testcase name="test_route_canonicalized" class="Tests_REST_API" classname="Tests_REST_API" file="/home/meng/Desktop/wptest/wordpress-develop/tests/phpunit/tests/rest-api.php" line="82" assertions="9" time="0.206129"/>
        <testcase name="test_route_canonicalized_multiple" class="Tests_REST_API" classname="Tests_REST_API" file="/home/meng/Desktop/wptest/wordpress-develop/tests/phpunit/tests/rest-api.php" line="118" assertions="11" time="0.084260"/>
        <testcase name="test_route_merge" class="Tests_REST_API" classname="Tests_REST_API" file="/home/meng/Desktop/wptest/wordpress-develop/tests/phpunit/tests/rest-api.php" line="161" assertions="1" time="0.087235"/>
        <testcase name="test_route_override" class="Tests_REST_API" classname="Tests_REST_API" file="/home/meng/Desktop/wptest/wordpress-develop/tests/phpunit/tests/rest-api.php" line="190" assertions="3" time="0.087384"/>
        <testcase name="test_route_reject_empty_namespace" class="Tests_REST_API" classname="Tests_REST_API" file="/home/meng/Desktop/wptest/wordpress-develop/tests/phpunit/tests/rest-api.php" line="228" assertions="2" time="0.083897"/>
        <testcase name="test_route_reject_empty_route" class="Tests_REST_API" classname="Tests_REST_API" file="/home/meng/Desktop/wptest/wordpress-develop/tests/phpunit/tests/rest-api.php" line="248" assertions="2" time="0.083758"/>
        <testcase name="test_rest_route_query_var" class="Tests_REST_API" classname="Tests_REST_API" file="/home/meng/Desktop/wptest/wordpress-develop/tests/phpunit/tests/rest-api.php" line="266" assertions="1" time="0.081907"/>
        <testcase name="test_route_method" class="Tests_REST_API" classname="Tests_REST_API" file="/home/meng/Desktop/wptest/wordpress-develop/tests/phpunit/tests/rest-api.php" line="271" assertions="1" time="0.202933"/>
        <testcase name="test_route_method_string" class="Tests_REST_API" classname="Tests_REST_API" file="/home/meng/Desktop/wptest/wordpress-develop/tests/phpunit/tests/rest-api.php" line="290" assertions="1" time="0.086438"/>
        <testcase name="test_route_method_array" class="Tests_REST_API" classname="Tests_REST_API" file="/home/meng/Desktop/wptest/wordpress-develop/tests/phpunit/tests/rest-api.php" line="309" assertions="1" time="0.085025"/>
        <testcase name="test_route_method_comma_separated" class="Tests_REST_API" classname="Tests_REST_API" file="/home/meng/Desktop/wptest/wordpress-develop/tests/phpunit/tests/rest-api.php" line="334" assertions="1" time="0.082897"/>
        <testcase name="test_options_request" class="Tests_REST_API" classname="Tests_REST_API" file="/home/meng/Desktop/wptest/wordpress-develop/tests/phpunit/tests/rest-api.php" line="356" assertions="2" time="0.087803"/>
        <testcase name="test_options_request_not_options" class="Tests_REST_API" classname="Tests_REST_API" file="/home/meng/Desktop/wptest/wordpress-develop/tests/phpunit/tests/rest-api.php" line="379" assertions="1" time="0.080579"/>
        <testcase name="test_rest_filter_response_fields_no_request_filter" class="Tests_REST_API" classname="Tests_REST_API" file="/home/meng/Desktop/wptest/wordpress-develop/tests/phpunit/tests/rest-api.php" line="399" assertions="1" time="0.085630"/>
        <testcase name="test_rest_filter_response_fields_single_field_filter" class="Tests_REST_API" classname="Tests_REST_API" file="/home/meng/Desktop/wptest/wordpress-develop/tests/phpunit/tests/rest-api.php" line="411" assertions="1" time="0.194734"/>
        <testcase name="test_rest_filter_response_fields_multi_field_filter" class="Tests_REST_API" classname="Tests_REST_API" file="/home/meng/Desktop/wptest/wordpress-develop/tests/phpunit/tests/rest-api.php" line="431" assertions="1" time="0.079376"/>
        <testcase name="test_rest_filter_response_fields_multi_field_filter_array" class="Tests_REST_API" classname="Tests_REST_API" file="/home/meng/Desktop/wptest/wordpress-develop/tests/phpunit/tests/rest-api.php" line="462" assertions="1" time="0.113035"/>
        <testcase name="test_rest_filter_response_fields_numeric_array" class="Tests_REST_API" classname="Tests_REST_API" file="/home/meng/Desktop/wptest/wordpress-develop/tests/phpunit/tests/rest-api.php" line="493" assertions="1" time="0.080917"/>
        <testcase name="test_rest_filter_response_fields_nested_field_filter" class="Tests_REST_API" classname="Tests_REST_API" file="/home/meng/Desktop/wptest/wordpress-develop/tests/phpunit/tests/rest-api.php" line="543" assertions="1" time="0.087049"/>
        <testcase name="test_rest_filter_response_fields_deeply_nested_field_filter" class="Tests_REST_API" classname="Tests_REST_API" file="/home/meng/Desktop/wptest/wordpress-develop/tests/phpunit/tests/rest-api.php" line="584" assertions="1" time="0.080881"/>
        <testcase name="test_rest_filter_response_fields_top_level_key" class="Tests_REST_API" classname="Tests_REST_API" file="/home/meng/Desktop/wptest/wordpress-develop/tests/phpunit/tests/rest-api.php" line="626" assertions="1" time="0.081636"/>
        <testcase name="test_rest_filter_response_fields_child_after_parent" class="Tests_REST_API" classname="Tests_REST_API" file="/home/meng/Desktop/wptest/wordpress-develop/tests/phpunit/tests/rest-api.php" line="658" assertions="1" time="0.206759"/>
        <testcase name="test_rest_filter_response_fields_include_all_specified_siblings" class="Tests_REST_API" classname="Tests_REST_API" file="/home/meng/Desktop/wptest/wordpress-develop/tests/phpunit/tests/rest-api.php" line="690" assertions="1" time="0.081773"/>
        <testcase name="test_rest_is_field_included" class="Tests_REST_API" classname="Tests_REST_API" file="/home/meng/Desktop/wptest/wordpress-develop/tests/phpunit/tests/rest-api.php" line="720" assertions="11" time="0.084730"/>
        <testcase name="test_rest_url_generation" class="Tests_REST_API" classname="Tests_REST_API" file="/home/meng/Desktop/wptest/wordpress-develop/tests/phpunit/tests/rest-api.php" line="745" assertions="3" time="0.109603"/>
        <testcase name="test_rest_url_scheme" class="Tests_REST_API" classname="Tests_REST_API" file="/home/meng/Desktop/wptest/wordpress-develop/tests/phpunit/tests/rest-api.php" line="762" assertions="6" time="0.094026"/>
        <testcase name="test_always_prepend_path_with_slash_in_rest_url_filter" class="Tests_REST_API" classname="Tests_REST_API" file="/home/meng/Desktop/wptest/wordpress-develop/tests/phpunit/tests/rest-api.php" line="803" assertions="3" time="0.086589"/>
        <testsuite name="Tests_REST_API::test_jsonp_callback_check" tests="10" assertions="10" errors="0" failures="0" skipped="0" time="1.143587">
          <testcase name="test_jsonp_callback_check with data set #0" class="Tests_REST_API" classname="Tests_REST_API" file="/home/meng/Desktop/wptest/wordpress-develop/tests/phpunit/tests/rest-api.php" line="848" assertions="1" time="0.088209"/>
          <testcase name="test_jsonp_callback_check with data set #1" class="Tests_REST_API" classname="Tests_REST_API" file="/home/meng/Desktop/wptest/wordpress-develop/tests/phpunit/tests/rest-api.php" line="848" assertions="1" time="0.201279"/>
          <testcase name="test_jsonp_callback_check with data set #2" class="Tests_REST_API" classname="Tests_REST_API" file="/home/meng/Desktop/wptest/wordpress-develop/tests/phpunit/tests/rest-api.php" line="848" assertions="1" time="0.090762"/>
          <testcase name="test_jsonp_callback_check with data set #3" class="Tests_REST_API" classname="Tests_REST_API" file="/home/meng/Desktop/wptest/wordpress-develop/tests/phpunit/tests/rest-api.php" line="848" assertions="1" time="0.085163"/>
          <testcase name="test_jsonp_callback_check with data set #4" class="Tests_REST_API" classname="Tests_REST_API" file="/home/meng/Desktop/wptest/wordpress-develop/tests/phpunit/tests/rest-api.php" line="848" assertions="1" time="0.085519"/>
          <testcase name="test_jsonp_callback_check with data set #5" class="Tests_REST_API" classname="Tests_REST_API" file="/home/meng/Desktop/wptest/wordpress-develop/tests/phpunit/tests/rest-api.php" line="848" assertions="1" time="0.084324"/>
          <testcase name="test_jsonp_callback_check with data set #6" class="Tests_REST_API" classname="Tests_REST_API" file="/home/meng/Desktop/wptest/wordpress-develop/tests/phpunit/tests/rest-api.php" line="848" assertions="1" time="0.084783"/>
          <testcase name="test_jsonp_callback_check with data set #7" class="Tests_REST_API" classname="Tests_REST_API" file="/home/meng/Desktop/wptest/wordpress-develop/tests/phpunit/tests/rest-api.php" line="848" assertions="1" time="0.090587"/>
          <testcase name="test_jsonp_callback_check with data set #8" class="Tests_REST_API" classname="Tests_REST_API" file="/home/meng/Desktop/wptest/wordpress-develop/tests/phpunit/tests/rest-api.php" line="848" assertions="1" time="0.089839"/>
          <testcase name="test_jsonp_callback_check with data set #9" class="Tests_REST_API" classname="Tests_REST_API" file="/home/meng/Desktop/wptest/wordpress-develop/tests/phpunit/tests/rest-api.php" line="848" assertions="1" time="0.243122"/>
        </testsuite>
        <testsuite name="Tests_REST_API::test_rest_parse_date" tests="15" assertions="15" errors="0" failures="0" skipped="0" time="1.493292">
          <testcase name="test_rest_parse_date with data set #0" class="Tests_REST_API" classname="Tests_REST_API" file="/home/meng/Desktop/wptest/wordpress-develop/tests/phpunit/tests/rest-api.php" line="880" assertions="1" time="0.080521"/>
          <testcase name="test_rest_parse_date with data set #1" class="Tests_REST_API" classname="Tests_REST_API" file="/home/meng/Desktop/wptest/wordpress-develop/tests/phpunit/tests/rest-api.php" line="880" assertions="1" time="0.082232"/>
          <testcase name="test_rest_parse_date with data set #2" class="Tests_REST_API" classname="Tests_REST_API" file="/home/meng/Desktop/wptest/wordpress-develop/tests/phpunit/tests/rest-api.php" line="880" assertions="1" time="0.088256"/>
          <testcase name="test_rest_parse_date with data set #3" class="Tests_REST_API" classname="Tests_REST_API" file="/home/meng/Desktop/wptest/wordpress-develop/tests/phpunit/tests/rest-api.php" line="880" assertions="1" time="0.085628"/>
          <testcase name="test_rest_parse_date with data set #4" class="Tests_REST_API" classname="Tests_REST_API" file="/home/meng/Desktop/wptest/wordpress-develop/tests/phpunit/tests/rest-api.php" line="880" assertions="1" time="0.083167"/>
          <testcase name="test_rest_parse_date with data set #5" class="Tests_REST_API" classname="Tests_REST_API" file="/home/meng/Desktop/wptest/wordpress-develop/tests/phpunit/tests/rest-api.php" line="880" assertions="1" time="0.084968"/>
          <testcase name="test_rest_parse_date with data set #6" class="Tests_REST_API" classname="Tests_REST_API" file="/home/meng/Desktop/wptest/wordpress-develop/tests/phpunit/tests/rest-api.php" line="880" assertions="1" time="0.206664"/>
          <testcase name="test_rest_parse_date with data set #7" class="Tests_REST_API" classname="Tests_REST_API" file="/home/meng/Desktop/wptest/wordpress-develop/tests/phpunit/tests/rest-api.php" line="880" assertions="1" time="0.084827"/>
          <testcase name="test_rest_parse_date with data set #8" class="Tests_REST_API" classname="Tests_REST_API" file="/home/meng/Desktop/wptest/wordpress-develop/tests/phpunit/tests/rest-api.php" line="880" assertions="1" time="0.084406"/>
          <testcase name="test_rest_parse_date with data set #9" class="Tests_REST_API" classname="Tests_REST_API" file="/home/meng/Desktop/wptest/wordpress-develop/tests/phpunit/tests/rest-api.php" line="880" assertions="1" time="0.082144"/>
          <testcase name="test_rest_parse_date with data set #10" class="Tests_REST_API" classname="Tests_REST_API" file="/home/meng/Desktop/wptest/wordpress-develop/tests/phpunit/tests/rest-api.php" line="880" assertions="1" time="0.086303"/>
          <testcase name="test_rest_parse_date with data set #11" class="Tests_REST_API" classname="Tests_REST_API" file="/home/meng/Desktop/wptest/wordpress-develop/tests/phpunit/tests/rest-api.php" line="880" assertions="1" time="0.081097"/>
          <testcase name="test_rest_parse_date with data set #12" class="Tests_REST_API" classname="Tests_REST_API" file="/home/meng/Desktop/wptest/wordpress-develop/tests/phpunit/tests/rest-api.php" line="880" assertions="1" time="0.082674"/>
          <testcase name="test_rest_parse_date with data set #13" class="Tests_REST_API" classname="Tests_REST_API" file="/home/meng/Desktop/wptest/wordpress-develop/tests/phpunit/tests/rest-api.php" line="880" assertions="1" time="0.197755"/>
          <testcase name="test_rest_parse_date with data set #14" class="Tests_REST_API" classname="Tests_REST_API" file="/home/meng/Desktop/wptest/wordpress-develop/tests/phpunit/tests/rest-api.php" line="880" assertions="1" time="0.082651"/>
        </testsuite>
        <testsuite name="Tests_REST_API::test_rest_parse_date_force_utc" tests="15" assertions="15" errors="0" failures="0" skipped="0" time="1.522179">
          <testcase name="test_rest_parse_date_force_utc with data set #0" class="Tests_REST_API" classname="Tests_REST_API" file="/home/meng/Desktop/wptest/wordpress-develop/tests/phpunit/tests/rest-api.php" line="912" assertions="1" time="0.080760"/>
          <testcase name="test_rest_parse_date_force_utc with data set #1" class="Tests_REST_API" classname="Tests_REST_API" file="/home/meng/Desktop/wptest/wordpress-develop/tests/phpunit/tests/rest-api.php" line="912" assertions="1" time="0.081952"/>
          <testcase name="test_rest_parse_date_force_utc with data set #2" class="Tests_REST_API" classname="Tests_REST_API" file="/home/meng/Desktop/wptest/wordpress-develop/tests/phpunit/tests/rest-api.php" line="912" assertions="1" time="0.088731"/>
          <testcase name="test_rest_parse_date_force_utc with data set #3" class="Tests_REST_API" classname="Tests_REST_API" file="/home/meng/Desktop/wptest/wordpress-develop/tests/phpunit/tests/rest-api.php" line="912" assertions="1" time="0.084924"/>
          <testcase name="test_rest_parse_date_force_utc with data set #4" class="Tests_REST_API" classname="Tests_REST_API" file="/home/meng/Desktop/wptest/wordpress-develop/tests/phpunit/tests/rest-api.php" line="912" assertions="1" time="0.084094"/>
          <testcase name="test_rest_parse_date_force_utc with data set #5" class="Tests_REST_API" classname="Tests_REST_API" file="/home/meng/Desktop/wptest/wordpress-develop/tests/phpunit/tests/rest-api.php" line="912" assertions="1" time="0.089168"/>
          <testcase name="test_rest_parse_date_force_utc with data set #6" class="Tests_REST_API" classname="Tests_REST_API" file="/home/meng/Desktop/wptest/wordpress-develop/tests/phpunit/tests/rest-api.php" line="912" assertions="1" time="0.228216"/>
          <testcase name="test_rest_parse_date_force_utc with data set #7" class="Tests_REST_API" classname="Tests_REST_API" file="/home/meng/Desktop/wptest/wordpress-develop/tests/phpunit/tests/rest-api.php" line="912" assertions="1" time="0.082584"/>
          <testcase name="test_rest_parse_date_force_utc with data set #8" class="Tests_REST_API" classname="Tests_REST_API" file="/home/meng/Desktop/wptest/wordpress-develop/tests/phpunit/tests/rest-api.php" line="912" assertions="1" time="0.082294"/>
          <testcase name="test_rest_parse_date_force_utc with data set #9" class="Tests_REST_API" classname="Tests_REST_API" file="/home/meng/Desktop/wptest/wordpress-develop/tests/phpunit/tests/rest-api.php" line="912" assertions="1" time="0.080908"/>
          <testcase name="test_rest_parse_date_force_utc with data set #10" class="Tests_REST_API" classname="Tests_REST_API" file="/home/meng/Desktop/wptest/wordpress-develop/tests/phpunit/tests/rest-api.php" line="912" assertions="1" time="0.087339"/>
          <testcase name="test_rest_parse_date_force_utc with data set #11" class="Tests_REST_API" classname="Tests_REST_API" file="/home/meng/Desktop/wptest/wordpress-develop/tests/phpunit/tests/rest-api.php" line="912" assertions="1" time="0.090216"/>
          <testcase name="test_rest_parse_date_force_utc with data set #12" class="Tests_REST_API" classname="Tests_REST_API" file="/home/meng/Desktop/wptest/wordpress-develop/tests/phpunit/tests/rest-api.php" line="912" assertions="1" time="0.082852"/>
          <testcase name="test_rest_parse_date_force_utc with data set #13" class="Tests_REST_API" classname="Tests_REST_API" file="/home/meng/Desktop/wptest/wordpress-develop/tests/phpunit/tests/rest-api.php" line="912" assertions="1" time="0.197456"/>
          <testcase name="test_rest_parse_date_force_utc with data set #14" class="Tests_REST_API" classname="Tests_REST_API" file="/home/meng/Desktop/wptest/wordpress-develop/tests/phpunit/tests/rest-api.php" line="912" assertions="1" time="0.080685"/>
        </testsuite>
        <testcase name="test_register_rest_route_without_server" class="Tests_REST_API" classname="Tests_REST_API" file="/home/meng/Desktop/wptest/wordpress-develop/tests/phpunit/tests/rest-api.php" line="920" assertions="1" time="0.124714"/>
        <testcase name="test_rest_preload_api_request_with_method" class="Tests_REST_API" classname="Tests_REST_API" file="/home/meng/Desktop/wptest/wordpress-develop/tests/phpunit/tests/rest-api.php" line="938" assertions="2" time="0.132332"/>
        <testcase name="test_rest_ensure_request_accepts_path_string" class="Tests_REST_API" classname="Tests_REST_API" file="/home/meng/Desktop/wptest/wordpress-develop/tests/phpunit/tests/rest-api.php" line="962" assertions="3" time="0.083348"/>
        <testsuite name="Tests_REST_API::test_rest_parse_embed_param" tests="15" assertions="15" errors="0" failures="0" skipped="0" time="1.479441">
          <testcase name="test_rest_parse_embed_param with data set #0" class="Tests_REST_API" classname="Tests_REST_API" file="/home/meng/Desktop/wptest/wordpress-develop/tests/phpunit/tests/rest-api.php" line="972" assertions="1" time="0.084434"/>
          <testcase name="test_rest_parse_embed_param with data set #1" class="Tests_REST_API" classname="Tests_REST_API" file="/home/meng/Desktop/wptest/wordpress-develop/tests/phpunit/tests/rest-api.php" line="972" assertions="1" time="0.202667"/>
          <testcase name="test_rest_parse_embed_param with data set #2" class="Tests_REST_API" classname="Tests_REST_API" file="/home/meng/Desktop/wptest/wordpress-develop/tests/phpunit/tests/rest-api.php" line="972" assertions="1" time="0.081801"/>
          <testcase name="test_rest_parse_embed_param with data set #3" class="Tests_REST_API" classname="Tests_REST_API" file="/home/meng/Desktop/wptest/wordpress-develop/tests/phpunit/tests/rest-api.php" line="972" assertions="1" time="0.083522"/>
          <testcase name="test_rest_parse_embed_param with data set #4" class="Tests_REST_API" classname="Tests_REST_API" file="/home/meng/Desktop/wptest/wordpress-develop/tests/phpunit/tests/rest-api.php" line="972" assertions="1" time="0.083995"/>
          <testcase name="test_rest_parse_embed_param with data set #5" class="Tests_REST_API" classname="Tests_REST_API" file="/home/meng/Desktop/wptest/wordpress-develop/tests/phpunit/tests/rest-api.php" line="972" assertions="1" time="0.082716"/>
          <testcase name="test_rest_parse_embed_param with data set #6" class="Tests_REST_API" classname="Tests_REST_API" file="/home/meng/Desktop/wptest/wordpress-develop/tests/phpunit/tests/rest-api.php" line="972" assertions="1" time="0.086983"/>
          <testcase name="test_rest_parse_embed_param with data set #7" class="Tests_REST_API" classname="Tests_REST_API" file="/home/meng/Desktop/wptest/wordpress-develop/tests/phpunit/tests/rest-api.php" line="972" assertions="1" time="0.080889"/>
          <testcase name="test_rest_parse_embed_param with data set #8" class="Tests_REST_API" classname="Tests_REST_API" file="/home/meng/Desktop/wptest/wordpress-develop/tests/phpunit/tests/rest-api.php" line="972" assertions="1" time="0.202560"/>
          <testcase name="test_rest_parse_embed_param with data set #9" class="Tests_REST_API" classname="Tests_REST_API" file="/home/meng/Desktop/wptest/wordpress-develop/tests/phpunit/tests/rest-api.php" line="972" assertions="1" time="0.079150"/>
          <testcase name="test_rest_parse_embed_param with data set #10" class="Tests_REST_API" classname="Tests_REST_API" file="/home/meng/Desktop/wptest/wordpress-develop/tests/phpunit/tests/rest-api.php" line="972" assertions="1" time="0.081520"/>
          <testcase name="test_rest_parse_embed_param with data set #11" class="Tests_REST_API" classname="Tests_REST_API" file="/home/meng/Desktop/wptest/wordpress-develop/tests/phpunit/tests/rest-api.php" line="972" assertions="1" time="0.083748"/>
          <testcase name="test_rest_parse_embed_param with data set #12" class="Tests_REST_API" classname="Tests_REST_API" file="/home/meng/Desktop/wptest/wordpress-develop/tests/phpunit/tests/rest-api.php" line="972" assertions="1" time="0.081628"/>
          <testcase name="test_rest_parse_embed_param with data set #13" class="Tests_REST_API" classname="Tests_REST_API" file="/home/meng/Desktop/wptest/wordpress-develop/tests/phpunit/tests/rest-api.php" line="972" assertions="1" time="0.084315"/>
          <testcase name="test_rest_parse_embed_param with data set #14" class="Tests_REST_API" classname="Tests_REST_API" file="/home/meng/Desktop/wptest/wordpress-develop/tests/phpunit/tests/rest-api.php" line="972" assertions="1" time="0.079513"/>
        </testsuite>
        <testsuite name="Tests_REST_API::test_rest_filter_response_by_context" tests="20" assertions="20" errors="0" failures="0" skipped="0" time="2.008679">
          <testcase name="test_rest_filter_response_by_context with data set &quot;default&quot;" class="Tests_REST_API" classname="Tests_REST_API" file="/home/meng/Desktop/wptest/wordpress-develop/tests/phpunit/tests/rest-api.php" line="1001" assertions="1" time="0.196146"/>
          <testcase name="test_rest_filter_response_by_context with data set &quot;keeps missing context&quot;" class="Tests_REST_API" classname="Tests_REST_API" file="/home/meng/Desktop/wptest/wordpress-develop/tests/phpunit/tests/rest-api.php" line="1001" assertions="1" time="0.084758"/>
          <testcase name="test_rest_filter_response_by_context with data set &quot;removes empty context&quot;" class="Tests_REST_API" classname="Tests_REST_API" file="/home/meng/Desktop/wptest/wordpress-develop/tests/phpunit/tests/rest-api.php" line="1001" assertions="1" time="0.084865"/>
          <testcase name="test_rest_filter_response_by_context with data set &quot;nested properties&quot;" class="Tests_REST_API" classname="Tests_REST_API" file="/home/meng/Desktop/wptest/wordpress-develop/tests/phpunit/tests/rest-api.php" line="1001" assertions="1" time="0.079745"/>
          <testcase name="test_rest_filter_response_by_context with data set &quot;grand child properties&quot;" class="Tests_REST_API" classname="Tests_REST_API" file="/home/meng/Desktop/wptest/wordpress-develop/tests/phpunit/tests/rest-api.php" line="1001" assertions="1" time="0.081890"/>
          <testcase name="test_rest_filter_response_by_context with data set &quot;array&quot;" class="Tests_REST_API" classname="Tests_REST_API" file="/home/meng/Desktop/wptest/wordpress-develop/tests/phpunit/tests/rest-api.php" line="1001" assertions="1" time="0.083397"/>
          <testcase name="test_rest_filter_response_by_context with data set &quot;additional properties&quot;" class="Tests_REST_API" classname="Tests_REST_API" file="/home/meng/Desktop/wptest/wordpress-develop/tests/phpunit/tests/rest-api.php" line="1001" assertions="1" time="0.080638"/>
          <testcase name="test_rest_filter_response_by_context with data set &quot;pattern properties&quot;" class="Tests_REST_API" classname="Tests_REST_API" file="/home/meng/Desktop/wptest/wordpress-develop/tests/phpunit/tests/rest-api.php" line="1001" assertions="1" time="0.197768"/>
          <testcase name="test_rest_filter_response_by_context with data set &quot;multiple types object&quot;" class="Tests_REST_API" classname="Tests_REST_API" file="/home/meng/Desktop/wptest/wordpress-develop/tests/phpunit/tests/rest-api.php" line="1001" assertions="1" time="0.081693"/>
          <testcase name="test_rest_filter_response_by_context with data set &quot;multiple types array&quot;" class="Tests_REST_API" classname="Tests_REST_API" file="/home/meng/Desktop/wptest/wordpress-develop/tests/phpunit/tests/rest-api.php" line="1001" assertions="1" time="0.085330"/>
          <testcase name="test_rest_filter_response_by_context with data set &quot;does not traverse missing context&quot;" class="Tests_REST_API" classname="Tests_REST_API" file="/home/meng/Desktop/wptest/wordpress-develop/tests/phpunit/tests/rest-api.php" line="1001" assertions="1" time="0.090211"/>
          <testcase name="test_rest_filter_response_by_context with data set &quot;object with no matching properties&quot;" class="Tests_REST_API" classname="Tests_REST_API" file="/home/meng/Desktop/wptest/wordpress-develop/tests/phpunit/tests/rest-api.php" line="1001" assertions="1" time="0.081912"/>
          <testcase name="test_rest_filter_response_by_context with data set &quot;array whose type does not match&quot;" class="Tests_REST_API" classname="Tests_REST_API" file="/home/meng/Desktop/wptest/wordpress-develop/tests/phpunit/tests/rest-api.php" line="1001" assertions="1" time="0.083261"/>
          <testcase name="test_rest_filter_response_by_context with data set &quot;array and object type passed object&quot;" class="Tests_REST_API" classname="Tests_REST_API" file="/home/meng/Desktop/wptest/wordpress-develop/tests/phpunit/tests/rest-api.php" line="1001" assertions="1" time="0.084506"/>
          <testcase name="test_rest_filter_response_by_context with data set &quot;array and object type passed array&quot;" class="Tests_REST_API" classname="Tests_REST_API" file="/home/meng/Desktop/wptest/wordpress-develop/tests/phpunit/tests/rest-api.php" line="1001" assertions="1" time="0.083883"/>
          <testcase name="test_rest_filter_response_by_context with data set &quot;anyOf applies the correct schema&quot;" class="Tests_REST_API" classname="Tests_REST_API" file="/home/meng/Desktop/wptest/wordpress-develop/tests/phpunit/tests/rest-api.php" line="1001" assertions="1" time="0.200723"/>
          <testcase name="test_rest_filter_response_by_context with data set &quot;anyOf is ignored if no valid schema is found&quot;" class="Tests_REST_API" classname="Tests_REST_API" file="/home/meng/Desktop/wptest/wordpress-develop/tests/phpunit/tests/rest-api.php" line="1001" assertions="1" time="0.083432"/>
          <testcase name="test_rest_filter_response_by_context with data set &quot;oneOf applies the correct schema&quot;" class="Tests_REST_API" classname="Tests_REST_API" file="/home/meng/Desktop/wptest/wordpress-develop/tests/phpunit/tests/rest-api.php" line="1001" assertions="1" time="0.080685"/>
          <testcase name="test_rest_filter_response_by_context with data set &quot;oneOf ignored if no valid schema was found&quot;" class="Tests_REST_API" classname="Tests_REST_API" file="/home/meng/Desktop/wptest/wordpress-develop/tests/phpunit/tests/rest-api.php" line="1001" assertions="1" time="0.081479"/>
          <testcase name="test_rest_filter_response_by_context with data set &quot;oneOf combined with base&quot;" class="Tests_REST_API" classname="Tests_REST_API" file="/home/meng/Desktop/wptest/wordpress-develop/tests/phpunit/tests/rest-api.php" line="1001" assertions="1" time="0.082357"/>
        </testsuite>
        <testcase name="test_register_route_with_invalid_namespace" class="Tests_REST_API" classname="Tests_REST_API" file="/home/meng/Desktop/wptest/wordpress-develop/tests/phpunit/tests/rest-api.php" line="1008" assertions="3" time="0.084930"/>
        <testcase name="test_register_route_with_missing_permission_callback_top_level_route" class="Tests_REST_API" classname="Tests_REST_API" file="/home/meng/Desktop/wptest/wordpress-develop/tests/phpunit/tests/rest-api.php" line="1029" assertions="2" time="0.083490"/>
        <testcase name="test_register_route_with_missing_permission_callback_single_wrapped_route" class="Tests_REST_API" classname="Tests_REST_API" file="/home/meng/Desktop/wptest/wordpress-develop/tests/phpunit/tests/rest-api.php" line="1046" assertions="2" time="0.199656"/>
        <testcase name="test_register_route_with_missing_permission_callback_multiple_wrapped_route" class="Tests_REST_API" classname="Tests_REST_API" file="/home/meng/Desktop/wptest/wordpress-develop/tests/phpunit/tests/rest-api.php" line="1066" assertions="2" time="0.079629"/>
        <testcase name="test_rest_ensure_response_accepts_wp_error_and_returns_wp_error" class="Tests_REST_API" classname="Tests_REST_API" file="/home/meng/Desktop/wptest/wordpress-develop/tests/phpunit/tests/rest-api.php" line="1757" assertions="1" time="0.091192"/>
        <testsuite name="Tests_REST_API::test_rest_ensure_response_returns_instance_of_wp_rest_response" tests="7" assertions="14" errors="0" failures="0" skipped="0" time="0.691446">
          <testcase name="test_rest_ensure_response_returns_instance_of_wp_rest_response with data set #0" class="Tests_REST_API" classname="Tests_REST_API" file="/home/meng/Desktop/wptest/wordpress-develop/tests/phpunit/tests/rest-api.php" line="1768" assertions="2" time="0.083495"/>
          <testcase name="test_rest_ensure_response_returns_instance_of_wp_rest_response with data set #1" class="Tests_REST_API" classname="Tests_REST_API" file="/home/meng/Desktop/wptest/wordpress-develop/tests/phpunit/tests/rest-api.php" line="1768" assertions="2" time="0.083643"/>
          <testcase name="test_rest_ensure_response_returns_instance_of_wp_rest_response with data set #2" class="Tests_REST_API" classname="Tests_REST_API" file="/home/meng/Desktop/wptest/wordpress-develop/tests/phpunit/tests/rest-api.php" line="1768" assertions="2" time="0.083560"/>
          <testcase name="test_rest_ensure_response_returns_instance_of_wp_rest_response with data set #3" class="Tests_REST_API" classname="Tests_REST_API" file="/home/meng/Desktop/wptest/wordpress-develop/tests/phpunit/tests/rest-api.php" line="1768" assertions="2" time="0.079734"/>
          <testcase name="test_rest_ensure_response_returns_instance_of_wp_rest_response with data set #4" class="Tests_REST_API" classname="Tests_REST_API" file="/home/meng/Desktop/wptest/wordpress-develop/tests/phpunit/tests/rest-api.php" line="1768" assertions="2" time="0.197514"/>
          <testcase name="test_rest_ensure_response_returns_instance_of_wp_rest_response with data set #5" class="Tests_REST_API" classname="Tests_REST_API" file="/home/meng/Desktop/wptest/wordpress-develop/tests/phpunit/tests/rest-api.php" line="1768" assertions="2" time="0.081381"/>
          <testcase name="test_rest_ensure_response_returns_instance_of_wp_rest_response with data set #6" class="Tests_REST_API" classname="Tests_REST_API" file="/home/meng/Desktop/wptest/wordpress-develop/tests/phpunit/tests/rest-api.php" line="1768" assertions="2" time="0.082119"/>
        </testsuite>
        <testcase name="test_rest_get_route_for_post_non_post" class="Tests_REST_API" classname="Tests_REST_API" file="/home/meng/Desktop/wptest/wordpress-develop/tests/phpunit/tests/rest-api.php" line="1794" assertions="1" time="0.081567"/>
        <testcase name="test_rest_get_route_for_post_invalid_post_type" class="Tests_REST_API" classname="Tests_REST_API" file="/home/meng/Desktop/wptest/wordpress-develop/tests/phpunit/tests/rest-api.php" line="1801" assertions="1" time="0.102381"/>
        <testcase name="test_rest_get_route_for_post_non_rest" class="Tests_REST_API" classname="Tests_REST_API" file="/home/meng/Desktop/wptest/wordpress-develop/tests/phpunit/tests/rest-api.php" line="1812" assertions="1" time="0.106349"/>
        <testcase name="test_rest_get_route_for_post_custom_controller" class="Tests_REST_API" classname="Tests_REST_API" file="/home/meng/Desktop/wptest/wordpress-develop/tests/phpunit/tests/rest-api.php" line="1820" assertions="1" time="0.098805"/>
        <testcase name="test_rest_get_route_for_post" class="Tests_REST_API" classname="Tests_REST_API" file="/home/meng/Desktop/wptest/wordpress-develop/tests/phpunit/tests/rest-api.php" line="1828" assertions="1" time="0.105771"/>
        <testcase name="test_rest_get_route_for_media" class="Tests_REST_API" classname="Tests_REST_API" file="/home/meng/Desktop/wptest/wordpress-develop/tests/phpunit/tests/rest-api.php" line="1836" assertions="1" time="0.224477"/>
        <testcase name="test_rest_get_route_for_post_id" class="Tests_REST_API" classname="Tests_REST_API" file="/home/meng/Desktop/wptest/wordpress-develop/tests/phpunit/tests/rest-api.php" line="1844" assertions="1" time="0.107790"/>
        <testcase name="test_rest_get_route_for_term_non_term" class="Tests_REST_API" classname="Tests_REST_API" file="/home/meng/Desktop/wptest/wordpress-develop/tests/phpunit/tests/rest-api.php" line="1852" assertions="1" time="0.085337"/>
        <testcase name="test_rest_get_route_for_term_invalid_term_type" class="Tests_REST_API" classname="Tests_REST_API" file="/home/meng/Desktop/wptest/wordpress-develop/tests/phpunit/tests/rest-api.php" line="1859" assertions="1" time="0.092030"/>
        <testcase name="test_rest_get_route_for_term_non_rest" class="Tests_REST_API" classname="Tests_REST_API" file="/home/meng/Desktop/wptest/wordpress-develop/tests/phpunit/tests/rest-api.php" line="1870" assertions="1" time="0.096432"/>
        <testcase name="test_rest_get_route_for_term" class="Tests_REST_API" classname="Tests_REST_API" file="/home/meng/Desktop/wptest/wordpress-develop/tests/phpunit/tests/rest-api.php" line="1878" assertions="1" time="0.094529"/>
        <testcase name="test_rest_get_route_for_category" class="Tests_REST_API" classname="Tests_REST_API" file="/home/meng/Desktop/wptest/wordpress-develop/tests/phpunit/tests/rest-api.php" line="1886" assertions="1" time="0.094996"/>
        <testcase name="test_rest_get_route_for_term_id" class="Tests_REST_API" classname="Tests_REST_API" file="/home/meng/Desktop/wptest/wordpress-develop/tests/phpunit/tests/rest-api.php" line="1894" assertions="1" time="0.213871"/>
        <testsuite name="Tests_REST_API::test_rest_is_object" tests="10" assertions="10" errors="0" failures="0" skipped="0" time="0.979157">
          <testcase name="test_rest_is_object with data set #0" class="Tests_REST_API" classname="Tests_REST_API" file="/home/meng/Desktop/wptest/wordpress-develop/tests/phpunit/tests/rest-api.php" line="1907" assertions="1" time="0.087678"/>
          <testcase name="test_rest_is_object with data set #1" class="Tests_REST_API" classname="Tests_REST_API" file="/home/meng/Desktop/wptest/wordpress-develop/tests/phpunit/tests/rest-api.php" line="1907" assertions="1" time="0.082808"/>
          <testcase name="test_rest_is_object with data set #2" class="Tests_REST_API" classname="Tests_REST_API" file="/home/meng/Desktop/wptest/wordpress-develop/tests/phpunit/tests/rest-api.php" line="1907" assertions="1" time="0.086834"/>
          <testcase name="test_rest_is_object with data set #3" class="Tests_REST_API" classname="Tests_REST_API" file="/home/meng/Desktop/wptest/wordpress-develop/tests/phpunit/tests/rest-api.php" line="1907" assertions="1" time="0.082413"/>
          <testcase name="test_rest_is_object with data set #4" class="Tests_REST_API" classname="Tests_REST_API" file="/home/meng/Desktop/wptest/wordpress-develop/tests/phpunit/tests/rest-api.php" line="1907" assertions="1" time="0.082098"/>
          <testcase name="test_rest_is_object with data set #5" class="Tests_REST_API" classname="Tests_REST_API" file="/home/meng/Desktop/wptest/wordpress-develop/tests/phpunit/tests/rest-api.php" line="1907" assertions="1" time="0.080736"/>
          <testcase name="test_rest_is_object with data set #6" class="Tests_REST_API" classname="Tests_REST_API" file="/home/meng/Desktop/wptest/wordpress-develop/tests/phpunit/tests/rest-api.php" line="1907" assertions="1" time="0.222667"/>
          <testcase name="test_rest_is_object with data set #7" class="Tests_REST_API" classname="Tests_REST_API" file="/home/meng/Desktop/wptest/wordpress-develop/tests/phpunit/tests/rest-api.php" line="1907" assertions="1" time="0.080996"/>
          <testcase name="test_rest_is_object with data set #8" class="Tests_REST_API" classname="Tests_REST_API" file="/home/meng/Desktop/wptest/wordpress-develop/tests/phpunit/tests/rest-api.php" line="1907" assertions="1" time="0.085110"/>
          <testcase name="test_rest_is_object with data set #9" class="Tests_REST_API" classname="Tests_REST_API" file="/home/meng/Desktop/wptest/wordpress-develop/tests/phpunit/tests/rest-api.php" line="1907" assertions="1" time="0.087817"/>
        </testsuite>
        <testsuite name="Tests_REST_API::test_rest_sanitize_object" tests="10" assertions="10" errors="0" failures="0" skipped="0" time="0.972073">
          <testcase name="test_rest_sanitize_object with data set #0" class="Tests_REST_API" classname="Tests_REST_API" file="/home/meng/Desktop/wptest/wordpress-develop/tests/phpunit/tests/rest-api.php" line="1970" assertions="1" time="0.083195"/>
          <testcase name="test_rest_sanitize_object with data set #1" class="Tests_REST_API" classname="Tests_REST_API" file="/home/meng/Desktop/wptest/wordpress-develop/tests/phpunit/tests/rest-api.php" line="1970" assertions="1" time="0.082073"/>
          <testcase name="test_rest_sanitize_object with data set #2" class="Tests_REST_API" classname="Tests_REST_API" file="/home/meng/Desktop/wptest/wordpress-develop/tests/phpunit/tests/rest-api.php" line="1970" assertions="1" time="0.088422"/>
          <testcase name="test_rest_sanitize_object with data set #3" class="Tests_REST_API" classname="Tests_REST_API" file="/home/meng/Desktop/wptest/wordpress-develop/tests/phpunit/tests/rest-api.php" line="1970" assertions="1" time="0.206607"/>
          <testcase name="test_rest_sanitize_object with data set #4" class="Tests_REST_API" classname="Tests_REST_API" file="/home/meng/Desktop/wptest/wordpress-develop/tests/phpunit/tests/rest-api.php" line="1970" assertions="1" time="0.080626"/>
          <testcase name="test_rest_sanitize_object with data set #5" class="Tests_REST_API" classname="Tests_REST_API" file="/home/meng/Desktop/wptest/wordpress-develop/tests/phpunit/tests/rest-api.php" line="1970" assertions="1" time="0.081730"/>
          <testcase name="test_rest_sanitize_object with data set #6" class="Tests_REST_API" classname="Tests_REST_API" file="/home/meng/Desktop/wptest/wordpress-develop/tests/phpunit/tests/rest-api.php" line="1970" assertions="1" time="0.088851"/>
          <testcase name="test_rest_sanitize_object with data set #7" class="Tests_REST_API" classname="Tests_REST_API" file="/home/meng/Desktop/wptest/wordpress-develop/tests/phpunit/tests/rest-api.php" line="1970" assertions="1" time="0.081019"/>
          <testcase name="test_rest_sanitize_object with data set #8" class="Tests_REST_API" classname="Tests_REST_API" file="/home/meng/Desktop/wptest/wordpress-develop/tests/phpunit/tests/rest-api.php" line="1970" assertions="1" time="0.083559"/>
          <testcase name="test_rest_sanitize_object with data set #9" class="Tests_REST_API" classname="Tests_REST_API" file="/home/meng/Desktop/wptest/wordpress-develop/tests/phpunit/tests/rest-api.php" line="1970" assertions="1" time="0.095991"/>
        </testsuite>
        <testsuite name="Tests_REST_API::test_rest_is_array" tests="12" assertions="12" errors="0" failures="0" skipped="0" time="1.234990">
          <testcase name="test_rest_is_array with data set #0" class="Tests_REST_API" classname="Tests_REST_API" file="/home/meng/Desktop/wptest/wordpress-develop/tests/phpunit/tests/rest-api.php" line="2028" assertions="1" time="0.083917"/>
          <testcase name="test_rest_is_array with data set #1" class="Tests_REST_API" classname="Tests_REST_API" file="/home/meng/Desktop/wptest/wordpress-develop/tests/phpunit/tests/rest-api.php" line="2028" assertions="1" time="0.203559"/>
          <testcase name="test_rest_is_array with data set #2" class="Tests_REST_API" classname="Tests_REST_API" file="/home/meng/Desktop/wptest/wordpress-develop/tests/phpunit/tests/rest-api.php" line="2028" assertions="1" time="0.084814"/>
          <testcase name="test_rest_is_array with data set #3" class="Tests_REST_API" classname="Tests_REST_API" file="/home/meng/Desktop/wptest/wordpress-develop/tests/phpunit/tests/rest-api.php" line="2028" assertions="1" time="0.083427"/>
          <testcase name="test_rest_is_array with data set #4" class="Tests_REST_API" classname="Tests_REST_API" file="/home/meng/Desktop/wptest/wordpress-develop/tests/phpunit/tests/rest-api.php" line="2028" assertions="1" time="0.087121"/>
          <testcase name="test_rest_is_array with data set #5" class="Tests_REST_API" classname="Tests_REST_API" file="/home/meng/Desktop/wptest/wordpress-develop/tests/phpunit/tests/rest-api.php" line="2028" assertions="1" time="0.082681"/>
          <testcase name="test_rest_is_array with data set #6" class="Tests_REST_API" classname="Tests_REST_API" file="/home/meng/Desktop/wptest/wordpress-develop/tests/phpunit/tests/rest-api.php" line="2028" assertions="1" time="0.082293"/>
          <testcase name="test_rest_is_array with data set #7" class="Tests_REST_API" classname="Tests_REST_API" file="/home/meng/Desktop/wptest/wordpress-develop/tests/phpunit/tests/rest-api.php" line="2028" assertions="1" time="0.080122"/>
          <testcase name="test_rest_is_array with data set #8" class="Tests_REST_API" classname="Tests_REST_API" file="/home/meng/Desktop/wptest/wordpress-develop/tests/phpunit/tests/rest-api.php" line="2028" assertions="1" time="0.203329"/>
          <testcase name="test_rest_is_array with data set #9" class="Tests_REST_API" classname="Tests_REST_API" file="/home/meng/Desktop/wptest/wordpress-develop/tests/phpunit/tests/rest-api.php" line="2028" assertions="1" time="0.080980"/>
          <testcase name="test_rest_is_array with data set #10" class="Tests_REST_API" classname="Tests_REST_API" file="/home/meng/Desktop/wptest/wordpress-develop/tests/phpunit/tests/rest-api.php" line="2028" assertions="1" time="0.081379"/>
          <testcase name="test_rest_is_array with data set #11" class="Tests_REST_API" classname="Tests_REST_API" file="/home/meng/Desktop/wptest/wordpress-develop/tests/phpunit/tests/rest-api.php" line="2028" assertions="1" time="0.081368"/>
        </testsuite>
        <testsuite name="Tests_REST_API::test_rest_sanitize_array" tests="13" assertions="13" errors="0" failures="0" skipped="0" time="1.340721">
          <testcase name="test_rest_sanitize_array with data set #0" class="Tests_REST_API" classname="Tests_REST_API" file="/home/meng/Desktop/wptest/wordpress-develop/tests/phpunit/tests/rest-api.php" line="2099" assertions="1" time="0.084882"/>
          <testcase name="test_rest_sanitize_array with data set #1" class="Tests_REST_API" classname="Tests_REST_API" file="/home/meng/Desktop/wptest/wordpress-develop/tests/phpunit/tests/rest-api.php" line="2099" assertions="1" time="0.090858"/>
          <testcase name="test_rest_sanitize_array with data set #2" class="Tests_REST_API" classname="Tests_REST_API" file="/home/meng/Desktop/wptest/wordpress-develop/tests/phpunit/tests/rest-api.php" line="2099" assertions="1" time="0.080212"/>
          <testcase name="test_rest_sanitize_array with data set #3" class="Tests_REST_API" classname="Tests_REST_API" file="/home/meng/Desktop/wptest/wordpress-develop/tests/phpunit/tests/rest-api.php" line="2099" assertions="1" time="0.205362"/>
          <testcase name="test_rest_sanitize_array with data set #4" class="Tests_REST_API" classname="Tests_REST_API" file="/home/meng/Desktop/wptest/wordpress-develop/tests/phpunit/tests/rest-api.php" line="2099" assertions="1" time="0.081948"/>
          <testcase name="test_rest_sanitize_array with data set #5" class="Tests_REST_API" classname="Tests_REST_API" file="/home/meng/Desktop/wptest/wordpress-develop/tests/phpunit/tests/rest-api.php" line="2099" assertions="1" time="0.083288"/>
          <testcase name="test_rest_sanitize_array with data set #6" class="Tests_REST_API" classname="Tests_REST_API" file="/home/meng/Desktop/wptest/wordpress-develop/tests/phpunit/tests/rest-api.php" line="2099" assertions="1" time="0.084020"/>
          <testcase name="test_rest_sanitize_array with data set #7" class="Tests_REST_API" classname="Tests_REST_API" file="/home/meng/Desktop/wptest/wordpress-develop/tests/phpunit/tests/rest-api.php" line="2099" assertions="1" time="0.078723"/>
          <testcase name="test_rest_sanitize_array with data set #8" class="Tests_REST_API" classname="Tests_REST_API" file="/home/meng/Desktop/wptest/wordpress-develop/tests/phpunit/tests/rest-api.php" line="2099" assertions="1" time="0.098220"/>
          <testcase name="test_rest_sanitize_array with data set #9" class="Tests_REST_API" classname="Tests_REST_API" file="/home/meng/Desktop/wptest/wordpress-develop/tests/phpunit/tests/rest-api.php" line="2099" assertions="1" time="0.083033"/>
          <testcase name="test_rest_sanitize_array with data set #10" class="Tests_REST_API" classname="Tests_REST_API" file="/home/meng/Desktop/wptest/wordpress-develop/tests/phpunit/tests/rest-api.php" line="2099" assertions="1" time="0.085318"/>
          <testcase name="test_rest_sanitize_array with data set #11" class="Tests_REST_API" classname="Tests_REST_API" file="/home/meng/Desktop/wptest/wordpress-develop/tests/phpunit/tests/rest-api.php" line="2099" assertions="1" time="0.202612"/>
          <testcase name="test_rest_sanitize_array with data set #12" class="Tests_REST_API" classname="Tests_REST_API" file="/home/meng/Desktop/wptest/wordpress-develop/tests/phpunit/tests/rest-api.php" line="2099" assertions="1" time="0.082245"/>
        </testsuite>
        <testsuite name="Tests_REST_API::test_rest_is_integer" tests="10" assertions="10" errors="0" failures="0" skipped="0" time="0.963263">
          <testcase name="test_rest_is_integer with data set #0" class="Tests_REST_API" classname="Tests_REST_API" file="/home/meng/Desktop/wptest/wordpress-develop/tests/phpunit/tests/rest-api.php" line="2169" assertions="1" time="0.082395"/>
          <testcase name="test_rest_is_integer with data set #1" class="Tests_REST_API" classname="Tests_REST_API" file="/home/meng/Desktop/wptest/wordpress-develop/tests/phpunit/tests/rest-api.php" line="2169" assertions="1" time="0.082237"/>
          <testcase name="test_rest_is_integer with data set #2" class="Tests_REST_API" classname="Tests_REST_API" file="/home/meng/Desktop/wptest/wordpress-develop/tests/phpunit/tests/rest-api.php" line="2169" assertions="1" time="0.091466"/>
          <testcase name="test_rest_is_integer with data set #3" class="Tests_REST_API" classname="Tests_REST_API" file="/home/meng/Desktop/wptest/wordpress-develop/tests/phpunit/tests/rest-api.php" line="2169" assertions="1" time="0.081779"/>
          <testcase name="test_rest_is_integer with data set #4" class="Tests_REST_API" classname="Tests_REST_API" file="/home/meng/Desktop/wptest/wordpress-develop/tests/phpunit/tests/rest-api.php" line="2169" assertions="1" time="0.082819"/>
          <testcase name="test_rest_is_integer with data set #5" class="Tests_REST_API" classname="Tests_REST_API" file="/home/meng/Desktop/wptest/wordpress-develop/tests/phpunit/tests/rest-api.php" line="2169" assertions="1" time="0.201597"/>
          <testcase name="test_rest_is_integer with data set #6" class="Tests_REST_API" classname="Tests_REST_API" file="/home/meng/Desktop/wptest/wordpress-develop/tests/phpunit/tests/rest-api.php" line="2169" assertions="1" time="0.084592"/>
          <testcase name="test_rest_is_integer with data set #7" class="Tests_REST_API" classname="Tests_REST_API" file="/home/meng/Desktop/wptest/wordpress-develop/tests/phpunit/tests/rest-api.php" line="2169" assertions="1" time="0.084828"/>
          <testcase name="test_rest_is_integer with data set #8" class="Tests_REST_API" classname="Tests_REST_API" file="/home/meng/Desktop/wptest/wordpress-develop/tests/phpunit/tests/rest-api.php" line="2169" assertions="1" time="0.084033"/>
          <testcase name="test_rest_is_integer with data set #9" class="Tests_REST_API" classname="Tests_REST_API" file="/home/meng/Desktop/wptest/wordpress-develop/tests/phpunit/tests/rest-api.php" line="2169" assertions="1" time="0.087517"/>
        </testsuite>
        <testsuite name="Tests_REST_API::test_get_best_type_for_value" tests="18" assertions="18" errors="0" failures="0" skipped="0" time="1.861245">
          <testcase name="test_get_best_type_for_value with data set #0" class="Tests_REST_API" classname="Tests_REST_API" file="/home/meng/Desktop/wptest/wordpress-develop/tests/phpunit/tests/rest-api.php" line="2233" assertions="1" time="0.080959"/>
          <testcase name="test_get_best_type_for_value with data set #1" class="Tests_REST_API" classname="Tests_REST_API" file="/home/meng/Desktop/wptest/wordpress-develop/tests/phpunit/tests/rest-api.php" line="2233" assertions="1" time="0.084913"/>
          <testcase name="test_get_best_type_for_value with data set #2" class="Tests_REST_API" classname="Tests_REST_API" file="/home/meng/Desktop/wptest/wordpress-develop/tests/phpunit/tests/rest-api.php" line="2233" assertions="1" time="0.207702"/>
          <testcase name="test_get_best_type_for_value with data set #3" class="Tests_REST_API" classname="Tests_REST_API" file="/home/meng/Desktop/wptest/wordpress-develop/tests/phpunit/tests/rest-api.php" line="2233" assertions="1" time="0.083101"/>
          <testcase name="test_get_best_type_for_value with data set #4" class="Tests_REST_API" classname="Tests_REST_API" file="/home/meng/Desktop/wptest/wordpress-develop/tests/phpunit/tests/rest-api.php" line="2233" assertions="1" time="0.083696"/>
          <testcase name="test_get_best_type_for_value with data set #5" class="Tests_REST_API" classname="Tests_REST_API" file="/home/meng/Desktop/wptest/wordpress-develop/tests/phpunit/tests/rest-api.php" line="2233" assertions="1" time="0.081551"/>
          <testcase name="test_get_best_type_for_value with data set #6" class="Tests_REST_API" classname="Tests_REST_API" file="/home/meng/Desktop/wptest/wordpress-develop/tests/phpunit/tests/rest-api.php" line="2233" assertions="1" time="0.093521"/>
          <testcase name="test_get_best_type_for_value with data set #7" class="Tests_REST_API" classname="Tests_REST_API" file="/home/meng/Desktop/wptest/wordpress-develop/tests/phpunit/tests/rest-api.php" line="2233" assertions="1" time="0.083563"/>
          <testcase name="test_get_best_type_for_value with data set #8" class="Tests_REST_API" classname="Tests_REST_API" file="/home/meng/Desktop/wptest/wordpress-develop/tests/phpunit/tests/rest-api.php" line="2233" assertions="1" time="0.080857"/>
          <testcase name="test_get_best_type_for_value with data set #9" class="Tests_REST_API" classname="Tests_REST_API" file="/home/meng/Desktop/wptest/wordpress-develop/tests/phpunit/tests/rest-api.php" line="2233" assertions="1" time="0.081856"/>
          <testcase name="test_get_best_type_for_value with data set #10" class="Tests_REST_API" classname="Tests_REST_API" file="/home/meng/Desktop/wptest/wordpress-develop/tests/phpunit/tests/rest-api.php" line="2233" assertions="1" time="0.201505"/>
          <testcase name="test_get_best_type_for_value with data set #11" class="Tests_REST_API" classname="Tests_REST_API" file="/home/meng/Desktop/wptest/wordpress-develop/tests/phpunit/tests/rest-api.php" line="2233" assertions="1" time="0.085064"/>
          <testcase name="test_get_best_type_for_value with data set #12" class="Tests_REST_API" classname="Tests_REST_API" file="/home/meng/Desktop/wptest/wordpress-develop/tests/phpunit/tests/rest-api.php" line="2233" assertions="1" time="0.080972"/>
          <testcase name="test_get_best_type_for_value with data set #13" class="Tests_REST_API" classname="Tests_REST_API" file="/home/meng/Desktop/wptest/wordpress-develop/tests/phpunit/tests/rest-api.php" line="2233" assertions="1" time="0.085112"/>
          <testcase name="test_get_best_type_for_value with data set #14" class="Tests_REST_API" classname="Tests_REST_API" file="/home/meng/Desktop/wptest/wordpress-develop/tests/phpunit/tests/rest-api.php" line="2233" assertions="1" time="0.082788"/>
          <testcase name="test_get_best_type_for_value with data set #15" class="Tests_REST_API" classname="Tests_REST_API" file="/home/meng/Desktop/wptest/wordpress-develop/tests/phpunit/tests/rest-api.php" line="2233" assertions="1" time="0.081476"/>
          <testcase name="test_get_best_type_for_value with data set #16" class="Tests_REST_API" classname="Tests_REST_API" file="/home/meng/Desktop/wptest/wordpress-develop/tests/phpunit/tests/rest-api.php" line="2233" assertions="1" time="0.083848"/>
          <testcase name="test_get_best_type_for_value with data set #17" class="Tests_REST_API" classname="Tests_REST_API" file="/home/meng/Desktop/wptest/wordpress-develop/tests/phpunit/tests/rest-api.php" line="2233" assertions="1" time="0.198761"/>
        </testsuite>
      </testsuite>
      <testsuite name="WP_Test_REST_Application_Passwords_Controller" file="/home/meng/Desktop/wptest/wordpress-develop/tests/phpunit/tests/rest-api/rest-application-passwords-controller.php" tests="51" assertions="689" errors="0" failures="0" skipped="0" time="6.612491">
        <testcase name="test_register_routes" class="WP_Test_REST_Application_Passwords_Controller" classname="WP_Test_REST_Application_Passwords_Controller" file="/home/meng/Desktop/wptest/wordpress-develop/tests/phpunit/tests/rest-api/rest-application-passwords-controller.php" line="75" assertions="8" time="0.094414"/>
        <testcase name="test_context_param" class="WP_Test_REST_Application_Passwords_Controller" classname="WP_Test_REST_Application_Passwords_Controller" file="/home/meng/Desktop/wptest/wordpress-develop/tests/phpunit/tests/rest-api/rest-application-passwords-controller.php" line="87" assertions="8" time="0.130747"/>
        <testcase name="test_disabled" class="WP_Test_REST_Application_Passwords_Controller" classname="WP_Test_REST_Application_Passwords_Controller" file="/home/meng/Desktop/wptest/wordpress-develop/tests/phpunit/tests/rest-api/rest-application-passwords-controller.php" line="110" assertions="8" time="0.091535"/>
        <testcase name="test_disabled_for_user" class="WP_Test_REST_Application_Passwords_Controller" classname="WP_Test_REST_Application_Passwords_Controller" file="/home/meng/Desktop/wptest/wordpress-develop/tests/phpunit/tests/rest-api/rest-application-passwords-controller.php" line="121" assertions="8" time="0.093908"/>
        <testcase name="test_get_items" class="WP_Test_REST_Application_Passwords_Controller" classname="WP_Test_REST_Application_Passwords_Controller" file="/home/meng/Desktop/wptest/wordpress-develop/tests/phpunit/tests/rest-api/rest-application-passwords-controller.php" line="132" assertions="20" time="0.122487"/>
        <testcase name="test_get_items_self_user_id_admin" class="WP_Test_REST_Application_Passwords_Controller" classname="WP_Test_REST_Application_Passwords_Controller" file="/home/meng/Desktop/wptest/wordpress-develop/tests/phpunit/tests/rest-api/rest-application-passwords-controller.php" line="145" assertions="20" time="0.124267"/>
        <testcase name="test_get_items_self_user_id_subscriber" class="WP_Test_REST_Application_Passwords_Controller" classname="WP_Test_REST_Application_Passwords_Controller" file="/home/meng/Desktop/wptest/wordpress-develop/tests/phpunit/tests/rest-api/rest-application-passwords-controller.php" line="158" assertions="20" time="0.243558"/>
        <testcase name="test_get_items_other_user_id" class="WP_Test_REST_Application_Passwords_Controller" classname="WP_Test_REST_Application_Passwords_Controller" file="/home/meng/Desktop/wptest/wordpress-develop/tests/phpunit/tests/rest-api/rest-application-passwords-controller.php" line="171" assertions="20" time="0.124077"/>
        <testcase name="test_get_items_other_user_id_invalid_permission" class="WP_Test_REST_Application_Passwords_Controller" classname="WP_Test_REST_Application_Passwords_Controller" file="/home/meng/Desktop/wptest/wordpress-develop/tests/phpunit/tests/rest-api/rest-application-passwords-controller.php" line="184" assertions="8" time="0.093902"/>
        <testcase name="test_get_items_logged_out" class="WP_Test_REST_Application_Passwords_Controller" classname="WP_Test_REST_Application_Passwords_Controller" file="/home/meng/Desktop/wptest/wordpress-develop/tests/phpunit/tests/rest-api/rest-application-passwords-controller.php" line="194" assertions="8" time="0.086729"/>
        <testcase name="test_get_items_invalid_user_id" class="WP_Test_REST_Application_Passwords_Controller" classname="WP_Test_REST_Application_Passwords_Controller" file="/home/meng/Desktop/wptest/wordpress-develop/tests/phpunit/tests/rest-api/rest-application-passwords-controller.php" line="202" assertions="8" time="0.092586"/>
        <testcase name="test_get_item" class="WP_Test_REST_Application_Passwords_Controller" classname="WP_Test_REST_Application_Passwords_Controller" file="/home/meng/Desktop/wptest/wordpress-develop/tests/phpunit/tests/rest-api/rest-application-passwords-controller.php" line="212" assertions="19" time="0.124257"/>
        <testcase name="test_get_item_self_user_id_admin" class="WP_Test_REST_Application_Passwords_Controller" classname="WP_Test_REST_Application_Passwords_Controller" file="/home/meng/Desktop/wptest/wordpress-develop/tests/phpunit/tests/rest-api/rest-application-passwords-controller.php" line="225" assertions="19" time="0.118582"/>
        <testcase name="test_get_item_self_user_id_subscriber" class="WP_Test_REST_Application_Passwords_Controller" classname="WP_Test_REST_Application_Passwords_Controller" file="/home/meng/Desktop/wptest/wordpress-develop/tests/phpunit/tests/rest-api/rest-application-passwords-controller.php" line="238" assertions="19" time="0.242470"/>
        <testcase name="test_get_item_other_user_id" class="WP_Test_REST_Application_Passwords_Controller" classname="WP_Test_REST_Application_Passwords_Controller" file="/home/meng/Desktop/wptest/wordpress-develop/tests/phpunit/tests/rest-api/rest-application-passwords-controller.php" line="251" assertions="19" time="0.116937"/>
        <testcase name="test_get_item_other_user_id_invalid_permission" class="WP_Test_REST_Application_Passwords_Controller" classname="WP_Test_REST_Application_Passwords_Controller" file="/home/meng/Desktop/wptest/wordpress-develop/tests/phpunit/tests/rest-api/rest-application-passwords-controller.php" line="264" assertions="8" time="0.128192"/>
        <testcase name="test_get_item_logged_out" class="WP_Test_REST_Application_Passwords_Controller" classname="WP_Test_REST_Application_Passwords_Controller" file="/home/meng/Desktop/wptest/wordpress-develop/tests/phpunit/tests/rest-api/rest-application-passwords-controller.php" line="276" assertions="8" time="0.117898"/>
        <testcase name="test_get_item_invalid_user_id" class="WP_Test_REST_Application_Passwords_Controller" classname="WP_Test_REST_Application_Passwords_Controller" file="/home/meng/Desktop/wptest/wordpress-develop/tests/phpunit/tests/rest-api/rest-application-passwords-controller.php" line="287" assertions="8" time="0.113800"/>
        <testcase name="test_get_item_invalid_password_uuid" class="WP_Test_REST_Application_Passwords_Controller" classname="WP_Test_REST_Application_Passwords_Controller" file="/home/meng/Desktop/wptest/wordpress-develop/tests/phpunit/tests/rest-api/rest-application-passwords-controller.php" line="299" assertions="8" time="0.091114"/>
        <testcase name="test_create_item" class="WP_Test_REST_Application_Passwords_Controller" classname="WP_Test_REST_Application_Passwords_Controller" file="/home/meng/Desktop/wptest/wordpress-develop/tests/phpunit/tests/rest-api/rest-application-passwords-controller.php" line="308" assertions="24" time="0.121494"/>
        <testcase name="test_create_item_self_user_id_admin" class="WP_Test_REST_Application_Passwords_Controller" classname="WP_Test_REST_Application_Passwords_Controller" file="/home/meng/Desktop/wptest/wordpress-develop/tests/phpunit/tests/rest-api/rest-application-passwords-controller.php" line="335" assertions="20" time="0.252679"/>
        <testcase name="test_create_item_self_user_id_subscriber" class="WP_Test_REST_Application_Passwords_Controller" classname="WP_Test_REST_Application_Passwords_Controller" file="/home/meng/Desktop/wptest/wordpress-develop/tests/phpunit/tests/rest-api/rest-application-passwords-controller.php" line="352" assertions="20" time="0.128394"/>
        <testcase name="test_create_item_other_user_id" class="WP_Test_REST_Application_Passwords_Controller" classname="WP_Test_REST_Application_Passwords_Controller" file="/home/meng/Desktop/wptest/wordpress-develop/tests/phpunit/tests/rest-api/rest-application-passwords-controller.php" line="369" assertions="20" time="0.128675"/>
        <testcase name="test_create_item_other_user_id_invalid_permission" class="WP_Test_REST_Application_Passwords_Controller" classname="WP_Test_REST_Application_Passwords_Controller" file="/home/meng/Desktop/wptest/wordpress-develop/tests/phpunit/tests/rest-api/rest-application-passwords-controller.php" line="386" assertions="8" time="0.098205"/>
        <testcase name="test_create_item_invalid_user_id" class="WP_Test_REST_Application_Passwords_Controller" classname="WP_Test_REST_Application_Passwords_Controller" file="/home/meng/Desktop/wptest/wordpress-develop/tests/phpunit/tests/rest-api/rest-application-passwords-controller.php" line="398" assertions="8" time="0.095881"/>
        <testcase name="test_update_item" class="WP_Test_REST_Application_Passwords_Controller" classname="WP_Test_REST_Application_Passwords_Controller" file="/home/meng/Desktop/wptest/wordpress-develop/tests/phpunit/tests/rest-api/rest-application-passwords-controller.php" line="410" assertions="20" time="0.140043"/>
        <testcase name="test_update_item_self_user_id_admin" class="WP_Test_REST_Application_Passwords_Controller" classname="WP_Test_REST_Application_Passwords_Controller" file="/home/meng/Desktop/wptest/wordpress-develop/tests/phpunit/tests/rest-api/rest-application-passwords-controller.php" line="426" assertions="20" time="0.144295"/>
        <testcase name="test_update_item_self_user_id_subscriber" class="WP_Test_REST_Application_Passwords_Controller" classname="WP_Test_REST_Application_Passwords_Controller" file="/home/meng/Desktop/wptest/wordpress-develop/tests/phpunit/tests/rest-api/rest-application-passwords-controller.php" line="442" assertions="20" time="0.253938"/>
        <testcase name="test_update_item_other_user_id" class="WP_Test_REST_Application_Passwords_Controller" classname="WP_Test_REST_Application_Passwords_Controller" file="/home/meng/Desktop/wptest/wordpress-develop/tests/phpunit/tests/rest-api/rest-application-passwords-controller.php" line="458" assertions="20" time="0.130641"/>
        <testcase name="test_update_item_other_user_id_invalid_permission" class="WP_Test_REST_Application_Passwords_Controller" classname="WP_Test_REST_Application_Passwords_Controller" file="/home/meng/Desktop/wptest/wordpress-develop/tests/phpunit/tests/rest-api/rest-application-passwords-controller.php" line="474" assertions="8" time="0.113536"/>
        <testcase name="test_update_item_logged_out" class="WP_Test_REST_Application_Passwords_Controller" classname="WP_Test_REST_Application_Passwords_Controller" file="/home/meng/Desktop/wptest/wordpress-develop/tests/phpunit/tests/rest-api/rest-application-passwords-controller.php" line="488" assertions="8" time="0.113817"/>
        <testcase name="test_update_item_invalid_user_id" class="WP_Test_REST_Application_Passwords_Controller" classname="WP_Test_REST_Application_Passwords_Controller" file="/home/meng/Desktop/wptest/wordpress-develop/tests/phpunit/tests/rest-api/rest-application-passwords-controller.php" line="501" assertions="8" time="0.114552"/>
        <testcase name="test_update_item_invalid_password_uuid" class="WP_Test_REST_Application_Passwords_Controller" classname="WP_Test_REST_Application_Passwords_Controller" file="/home/meng/Desktop/wptest/wordpress-develop/tests/phpunit/tests/rest-api/rest-application-passwords-controller.php" line="515" assertions="8" time="0.089102"/>
        <testcase name="test_update_item_cannot_overwrite_app_id" class="WP_Test_REST_Application_Passwords_Controller" classname="WP_Test_REST_Application_Passwords_Controller" file="/home/meng/Desktop/wptest/wordpress-develop/tests/phpunit/tests/rest-api/rest-application-passwords-controller.php" line="526" assertions="8" time="0.248965"/>
        <testcase name="test_delete_item" class="WP_Test_REST_Application_Passwords_Controller" classname="WP_Test_REST_Application_Passwords_Controller" file="/home/meng/Desktop/wptest/wordpress-develop/tests/phpunit/tests/rest-api/rest-application-passwords-controller.php" line="556" assertions="23" time="0.125602"/>
        <testcase name="test_delete_item_self_user_id_admin" class="WP_Test_REST_Application_Passwords_Controller" classname="WP_Test_REST_Application_Passwords_Controller" file="/home/meng/Desktop/wptest/wordpress-develop/tests/phpunit/tests/rest-api/rest-application-passwords-controller.php" line="575" assertions="19" time="0.119403"/>
        <testcase name="test_delete_item_self_user_id_subscriber" class="WP_Test_REST_Application_Passwords_Controller" classname="WP_Test_REST_Application_Passwords_Controller" file="/home/meng/Desktop/wptest/wordpress-develop/tests/phpunit/tests/rest-api/rest-application-passwords-controller.php" line="589" assertions="19" time="0.114493"/>
        <testcase name="test_delete_item_other_user_id" class="WP_Test_REST_Application_Passwords_Controller" classname="WP_Test_REST_Application_Passwords_Controller" file="/home/meng/Desktop/wptest/wordpress-develop/tests/phpunit/tests/rest-api/rest-application-passwords-controller.php" line="603" assertions="19" time="0.124251"/>
        <testcase name="test_delete_item_other_user_id_invalid_permission" class="WP_Test_REST_Application_Passwords_Controller" classname="WP_Test_REST_Application_Passwords_Controller" file="/home/meng/Desktop/wptest/wordpress-develop/tests/phpunit/tests/rest-api/rest-application-passwords-controller.php" line="617" assertions="8" time="0.121716"/>
        <testcase name="test_delete_item_logged_out" class="WP_Test_REST_Application_Passwords_Controller" classname="WP_Test_REST_Application_Passwords_Controller" file="/home/meng/Desktop/wptest/wordpress-develop/tests/phpunit/tests/rest-api/rest-application-passwords-controller.php" line="630" assertions="8" time="0.108340"/>
        <testcase name="test_delete_item_invalid_user_id" class="WP_Test_REST_Application_Passwords_Controller" classname="WP_Test_REST_Application_Passwords_Controller" file="/home/meng/Desktop/wptest/wordpress-develop/tests/phpunit/tests/rest-api/rest-application-passwords-controller.php" line="642" assertions="8" time="0.218731"/>
        <testcase name="test_delete_item_invalid_password_uuid" class="WP_Test_REST_Application_Passwords_Controller" classname="WP_Test_REST_Application_Passwords_Controller" file="/home/meng/Desktop/wptest/wordpress-develop/tests/phpunit/tests/rest-api/rest-application-passwords-controller.php" line="655" assertions="8" time="0.089435"/>
        <testcase name="test_delete_items" class="WP_Test_REST_Application_Passwords_Controller" classname="WP_Test_REST_Application_Passwords_Controller" file="/home/meng/Desktop/wptest/wordpress-develop/tests/phpunit/tests/rest-api/rest-application-passwords-controller.php" line="665" assertions="10" time="0.144963"/>
        <testcase name="test_delete_items_self_user_id_admin" class="WP_Test_REST_Application_Passwords_Controller" classname="WP_Test_REST_Application_Passwords_Controller" file="/home/meng/Desktop/wptest/wordpress-develop/tests/phpunit/tests/rest-api/rest-application-passwords-controller.php" line="684" assertions="6" time="0.115915"/>
        <testcase name="test_delete_items_self_user_id_subscriber" class="WP_Test_REST_Application_Passwords_Controller" classname="WP_Test_REST_Application_Passwords_Controller" file="/home/meng/Desktop/wptest/wordpress-develop/tests/phpunit/tests/rest-api/rest-application-passwords-controller.php" line="697" assertions="6" time="0.120161"/>
        <testcase name="test_delete_items_other_user_id" class="WP_Test_REST_Application_Passwords_Controller" classname="WP_Test_REST_Application_Passwords_Controller" file="/home/meng/Desktop/wptest/wordpress-develop/tests/phpunit/tests/rest-api/rest-application-passwords-controller.php" line="710" assertions="6" time="0.111792"/>
        <testcase name="test_delete_items_other_user_id_invalid_permission" class="WP_Test_REST_Application_Passwords_Controller" classname="WP_Test_REST_Application_Passwords_Controller" file="/home/meng/Desktop/wptest/wordpress-develop/tests/phpunit/tests/rest-api/rest-application-passwords-controller.php" line="723" assertions="8" time="0.099724"/>
        <testcase name="test_delete_items_logged_out" class="WP_Test_REST_Application_Passwords_Controller" classname="WP_Test_REST_Application_Passwords_Controller" file="/home/meng/Desktop/wptest/wordpress-develop/tests/phpunit/tests/rest-api/rest-application-passwords-controller.php" line="734" assertions="8" time="0.190150"/>
        <testcase name="test_delete_items_invalid_user_id" class="WP_Test_REST_Application_Passwords_Controller" classname="WP_Test_REST_Application_Passwords_Controller" file="/home/meng/Desktop/wptest/wordpress-develop/tests/phpunit/tests/rest-api/rest-application-passwords-controller.php" line="743" assertions="8" time="0.084496"/>
        <testcase name="test_prepare_item" class="WP_Test_REST_Application_Passwords_Controller" classname="WP_Test_REST_Application_Passwords_Controller" file="/home/meng/Desktop/wptest/wordpress-develop/tests/phpunit/tests/rest-api/rest-application-passwords-controller.php" line="754" assertions="49" time="0.118021"/>
        <testcase name="test_get_item_schema" class="WP_Test_REST_Application_Passwords_Controller" classname="WP_Test_REST_Application_Passwords_Controller" file="/home/meng/Desktop/wptest/wordpress-develop/tests/phpunit/tests/rest-api/rest-application-passwords-controller.php" line="848" assertions="12" time="0.079620"/>
      </testsuite>
      <testsuite name="WP_Test_REST_Attachments_Controller" file="/home/meng/Desktop/wptest/wordpress-develop/tests/phpunit/tests/rest-api/rest-attachments-controller.php" tests="94" assertions="1294" errors="0" failures="0" skipped="3" time="13.955002">
        <testcase name="test_register_routes" class="WP_Test_REST_Attachments_Controller" classname="WP_Test_REST_Attachments_Controller" file="/home/meng/Desktop/wptest/wordpress-develop/tests/phpunit/tests/rest-api/rest-attachments-controller.php" line="112" assertions="8" time="0.084008"/>
        <testsuite name="WP_Test_REST_Attachments_Controller::test_parse_disposition" tests="20" assertions="100" errors="0" failures="0" skipped="0" time="1.966195">
          <testcase name="test_parse_disposition with data set #0" class="WP_Test_REST_Attachments_Controller" classname="WP_Test_REST_Attachments_Controller" file="/home/meng/Desktop/wptest/wordpress-develop/tests/phpunit/tests/rest-api/rest-attachments-controller.php" line="155" assertions="5" time="0.080094"/>
          <testcase name="test_parse_disposition with data set #1" class="WP_Test_REST_Attachments_Controller" classname="WP_Test_REST_Attachments_Controller" file="/home/meng/Desktop/wptest/wordpress-develop/tests/phpunit/tests/rest-api/rest-attachments-controller.php" line="155" assertions="5" time="0.078274"/>
          <testcase name="test_parse_disposition with data set #2" class="WP_Test_REST_Attachments_Controller" classname="WP_Test_REST_Attachments_Controller" file="/home/meng/Desktop/wptest/wordpress-develop/tests/phpunit/tests/rest-api/rest-attachments-controller.php" line="155" assertions="5" time="0.185910"/>
          <testcase name="test_parse_disposition with data set #3" class="WP_Test_REST_Attachments_Controller" classname="WP_Test_REST_Attachments_Controller" file="/home/meng/Desktop/wptest/wordpress-develop/tests/phpunit/tests/rest-api/rest-attachments-controller.php" line="155" assertions="5" time="0.082628"/>
          <testcase name="test_parse_disposition with data set #4" class="WP_Test_REST_Attachments_Controller" classname="WP_Test_REST_Attachments_Controller" file="/home/meng/Desktop/wptest/wordpress-develop/tests/phpunit/tests/rest-api/rest-attachments-controller.php" line="155" assertions="5" time="0.078684"/>
          <testcase name="test_parse_disposition with data set #5" class="WP_Test_REST_Attachments_Controller" classname="WP_Test_REST_Attachments_Controller" file="/home/meng/Desktop/wptest/wordpress-develop/tests/phpunit/tests/rest-api/rest-attachments-controller.php" line="155" assertions="5" time="0.081913"/>
          <testcase name="test_parse_disposition with data set #6" class="WP_Test_REST_Attachments_Controller" classname="WP_Test_REST_Attachments_Controller" file="/home/meng/Desktop/wptest/wordpress-develop/tests/phpunit/tests/rest-api/rest-attachments-controller.php" line="155" assertions="5" time="0.090692"/>
          <testcase name="test_parse_disposition with data set #7" class="WP_Test_REST_Attachments_Controller" classname="WP_Test_REST_Attachments_Controller" file="/home/meng/Desktop/wptest/wordpress-develop/tests/phpunit/tests/rest-api/rest-attachments-controller.php" line="155" assertions="5" time="0.088131"/>
          <testcase name="test_parse_disposition with data set #8" class="WP_Test_REST_Attachments_Controller" classname="WP_Test_REST_Attachments_Controller" file="/home/meng/Desktop/wptest/wordpress-develop/tests/phpunit/tests/rest-api/rest-attachments-controller.php" line="155" assertions="5" time="0.081218"/>
          <testcase name="test_parse_disposition with data set #9" class="WP_Test_REST_Attachments_Controller" classname="WP_Test_REST_Attachments_Controller" file="/home/meng/Desktop/wptest/wordpress-develop/tests/phpunit/tests/rest-api/rest-attachments-controller.php" line="155" assertions="5" time="0.190920"/>
          <testcase name="test_parse_disposition with data set #10" class="WP_Test_REST_Attachments_Controller" classname="WP_Test_REST_Attachments_Controller" file="/home/meng/Desktop/wptest/wordpress-develop/tests/phpunit/tests/rest-api/rest-attachments-controller.php" line="155" assertions="5" time="0.078161"/>
          <testcase name="test_parse_disposition with data set #11" class="WP_Test_REST_Attachments_Controller" classname="WP_Test_REST_Attachments_Controller" file="/home/meng/Desktop/wptest/wordpress-develop/tests/phpunit/tests/rest-api/rest-attachments-controller.php" line="155" assertions="5" time="0.078315"/>
          <testcase name="test_parse_disposition with data set #12" class="WP_Test_REST_Attachments_Controller" classname="WP_Test_REST_Attachments_Controller" file="/home/meng/Desktop/wptest/wordpress-develop/tests/phpunit/tests/rest-api/rest-attachments-controller.php" line="155" assertions="5" time="0.078317"/>
          <testcase name="test_parse_disposition with data set #13" class="WP_Test_REST_Attachments_Controller" classname="WP_Test_REST_Attachments_Controller" file="/home/meng/Desktop/wptest/wordpress-develop/tests/phpunit/tests/rest-api/rest-attachments-controller.php" line="155" assertions="5" time="0.076189"/>
          <testcase name="test_parse_disposition with data set #14" class="WP_Test_REST_Attachments_Controller" classname="WP_Test_REST_Attachments_Controller" file="/home/meng/Desktop/wptest/wordpress-develop/tests/phpunit/tests/rest-api/rest-attachments-controller.php" line="155" assertions="5" time="0.078585"/>
          <testcase name="test_parse_disposition with data set #15" class="WP_Test_REST_Attachments_Controller" classname="WP_Test_REST_Attachments_Controller" file="/home/meng/Desktop/wptest/wordpress-develop/tests/phpunit/tests/rest-api/rest-attachments-controller.php" line="155" assertions="5" time="0.098866"/>
          <testcase name="test_parse_disposition with data set #16" class="WP_Test_REST_Attachments_Controller" classname="WP_Test_REST_Attachments_Controller" file="/home/meng/Desktop/wptest/wordpress-develop/tests/phpunit/tests/rest-api/rest-attachments-controller.php" line="155" assertions="5" time="0.084851"/>
          <testcase name="test_parse_disposition with data set #17" class="WP_Test_REST_Attachments_Controller" classname="WP_Test_REST_Attachments_Controller" file="/home/meng/Desktop/wptest/wordpress-develop/tests/phpunit/tests/rest-api/rest-attachments-controller.php" line="155" assertions="5" time="0.193804"/>
          <testcase name="test_parse_disposition with data set #18" class="WP_Test_REST_Attachments_Controller" classname="WP_Test_REST_Attachments_Controller" file="/home/meng/Desktop/wptest/wordpress-develop/tests/phpunit/tests/rest-api/rest-attachments-controller.php" line="155" assertions="5" time="0.080140"/>
          <testcase name="test_parse_disposition with data set #19" class="WP_Test_REST_Attachments_Controller" classname="WP_Test_REST_Attachments_Controller" file="/home/meng/Desktop/wptest/wordpress-develop/tests/phpunit/tests/rest-api/rest-attachments-controller.php" line="155" assertions="5" time="0.080503"/>
        </testsuite>
        <testcase name="test_context_param" class="WP_Test_REST_Attachments_Controller" classname="WP_Test_REST_Attachments_Controller" file="/home/meng/Desktop/wptest/wordpress-develop/tests/phpunit/tests/rest-api/rest-attachments-controller.php" line="161" assertions="10" time="0.130464"/>
        <testcase name="test_registered_query_params" class="WP_Test_REST_Attachments_Controller" classname="WP_Test_REST_Attachments_Controller" file="/home/meng/Desktop/wptest/wordpress-develop/tests/phpunit/tests/rest-api/rest-attachments-controller.php" line="184" assertions="8" time="0.094975"/>
        <testcase name="test_registered_get_item_params" class="WP_Test_REST_Attachments_Controller" classname="WP_Test_REST_Attachments_Controller" file="/home/meng/Desktop/wptest/wordpress-develop/tests/phpunit/tests/rest-api/rest-attachments-controller.php" line="226" assertions="5" time="0.110066"/>
        <testcase name="test_allow_header_sent_on_options_request" class="WP_Test_REST_Attachments_Controller" classname="WP_Test_REST_Attachments_Controller" file="/home/meng/Desktop/wptest/wordpress-develop/tests/phpunit/tests/rest-api/rest-attachments-controller.php" line="246" assertions="8" time="0.255261"/>
        <testcase name="test_get_items" class="WP_Test_REST_Attachments_Controller" classname="WP_Test_REST_Attachments_Controller" file="/home/meng/Desktop/wptest/wordpress-develop/tests/phpunit/tests/rest-api/rest-attachments-controller.php" line="273" assertions="93" time="0.231352"/>
        <testcase name="test_get_items_logged_in_editor" class="WP_Test_REST_Attachments_Controller" classname="WP_Test_REST_Attachments_Controller" file="/home/meng/Desktop/wptest/wordpress-develop/tests/phpunit/tests/rest-api/rest-attachments-controller.php" line="313" assertions="24" time="0.235921"/>
        <testcase name="test_get_items_media_type" class="WP_Test_REST_Attachments_Controller" classname="WP_Test_REST_Attachments_Controller" file="/home/meng/Desktop/wptest/wordpress-develop/tests/phpunit/tests/rest-api/rest-attachments-controller.php" line="352" assertions="18" time="0.201622"/>
        <testcase name="test_get_items_mime_type" class="WP_Test_REST_Attachments_Controller" classname="WP_Test_REST_Attachments_Controller" file="/home/meng/Desktop/wptest/wordpress-develop/tests/phpunit/tests/rest-api/rest-attachments-controller.php" line="375" assertions="18" time="0.210153"/>
        <testcase name="test_get_items_parent" class="WP_Test_REST_Attachments_Controller" classname="WP_Test_REST_Attachments_Controller" file="/home/meng/Desktop/wptest/wordpress-develop/tests/phpunit/tests/rest-api/rest-attachments-controller.php" line="398" assertions="30" time="0.275591"/>
        <testcase name="test_get_items_invalid_status_param_is_error_response" class="WP_Test_REST_Attachments_Controller" classname="WP_Test_REST_Attachments_Controller" file="/home/meng/Desktop/wptest/wordpress-develop/tests/phpunit/tests/rest-api/rest-attachments-controller.php" line="442" assertions="6" time="0.125642"/>
        <testcase name="test_get_items_private_status" class="WP_Test_REST_Attachments_Controller" classname="WP_Test_REST_Attachments_Controller" file="/home/meng/Desktop/wptest/wordpress-develop/tests/phpunit/tests/rest-api/rest-attachments-controller.php" line="461" assertions="15" time="0.311088"/>
        <testcase name="test_get_items_multiple_statuses" class="WP_Test_REST_Attachments_Controller" classname="WP_Test_REST_Attachments_Controller" file="/home/meng/Desktop/wptest/wordpress-develop/tests/phpunit/tests/rest-api/rest-attachments-controller.php" line="485" assertions="20" time="0.193317"/>
        <testcase name="test_get_items_invalid_date" class="WP_Test_REST_Attachments_Controller" classname="WP_Test_REST_Attachments_Controller" file="/home/meng/Desktop/wptest/wordpress-develop/tests/phpunit/tests/rest-api/rest-attachments-controller.php" line="524" assertions="8" time="0.096532"/>
        <testcase name="test_get_items_valid_date" class="WP_Test_REST_Attachments_Controller" classname="WP_Test_REST_Attachments_Controller" file="/home/meng/Desktop/wptest/wordpress-develop/tests/phpunit/tests/rest-api/rest-attachments-controller.php" line="532" assertions="11" time="0.184763"/>
        <testcase name="test_get_item" class="WP_Test_REST_Attachments_Controller" classname="WP_Test_REST_Attachments_Controller" file="/home/meng/Desktop/wptest/wordpress-develop/tests/phpunit/tests/rest-api/rest-attachments-controller.php" line="569" assertions="47" time="0.150454"/>
        <testcase name="test_get_item_sizes" class="WP_Test_REST_Attachments_Controller" classname="WP_Test_REST_Attachments_Controller" file="/home/meng/Desktop/wptest/wordpress-develop/tests/phpunit/tests/rest-api/rest-attachments-controller.php" line="589" assertions="0" time="0.000563">
          <skipped/>
        </testcase>
        <testcase name="test_get_item_sizes_with_no_url" class="WP_Test_REST_Attachments_Controller" classname="WP_Test_REST_Attachments_Controller" file="/home/meng/Desktop/wptest/wordpress-develop/tests/phpunit/tests/rest-api/rest-attachments-controller.php" line="620" assertions="0" time="0.000505">
          <skipped/>
        </testcase>
        <testcase name="test_get_item_private_post_not_authenticated" class="WP_Test_REST_Attachments_Controller" classname="WP_Test_REST_Attachments_Controller" file="/home/meng/Desktop/wptest/wordpress-develop/tests/phpunit/tests/rest-api/rest-attachments-controller.php" line="646" assertions="5" time="0.127760"/>
        <testcase name="test_get_item_inherit_status_with_invalid_parent" class="WP_Test_REST_Attachments_Controller" classname="WP_Test_REST_Attachments_Controller" file="/home/meng/Desktop/wptest/wordpress-develop/tests/phpunit/tests/rest-api/rest-attachments-controller.php" line="662" assertions="10" time="0.249003"/>
        <testcase name="test_get_item_auto_status_with_invalid_parent_not_authenticated_returns_error" class="WP_Test_REST_Attachments_Controller" classname="WP_Test_REST_Attachments_Controller" file="/home/meng/Desktop/wptest/wordpress-develop/tests/phpunit/tests/rest-api/rest-attachments-controller.php" line="679" assertions="8" time="0.105106"/>
        <testcase name="test_create_item" class="WP_Test_REST_Attachments_Controller" classname="WP_Test_REST_Attachments_Controller" file="/home/meng/Desktop/wptest/wordpress-develop/tests/phpunit/tests/rest-api/rest-attachments-controller.php" line="695" assertions="20" time="0.152387"/>
        <testcase name="test_create_item_default_filename_title" class="WP_Test_REST_Attachments_Controller" classname="WP_Test_REST_Attachments_Controller" file="/home/meng/Desktop/wptest/wordpress-develop/tests/phpunit/tests/rest-api/rest-attachments-controller.php" line="724" assertions="12" time="0.147792"/>
        <testcase name="test_create_item_with_files" class="WP_Test_REST_Attachments_Controller" classname="WP_Test_REST_Attachments_Controller" file="/home/meng/Desktop/wptest/wordpress-develop/tests/phpunit/tests/rest-api/rest-attachments-controller.php" line="744" assertions="11" time="0.149563"/>
        <testcase name="test_create_item_with_upload_files_role" class="WP_Test_REST_Attachments_Controller" classname="WP_Test_REST_Attachments_Controller" file="/home/meng/Desktop/wptest/wordpress-develop/tests/phpunit/tests/rest-api/rest-attachments-controller.php" line="762" assertions="11" time="0.162609"/>
        <testcase name="test_create_item_empty_body" class="WP_Test_REST_Attachments_Controller" classname="WP_Test_REST_Attachments_Controller" file="/home/meng/Desktop/wptest/wordpress-develop/tests/phpunit/tests/rest-api/rest-attachments-controller.php" line="780" assertions="8" time="0.104378"/>
        <testcase name="test_create_item_missing_content_type" class="WP_Test_REST_Attachments_Controller" classname="WP_Test_REST_Attachments_Controller" file="/home/meng/Desktop/wptest/wordpress-develop/tests/phpunit/tests/rest-api/rest-attachments-controller.php" line="787" assertions="8" time="0.224789"/>
        <testcase name="test_create_item_missing_content_disposition" class="WP_Test_REST_Attachments_Controller" classname="WP_Test_REST_Attachments_Controller" file="/home/meng/Desktop/wptest/wordpress-develop/tests/phpunit/tests/rest-api/rest-attachments-controller.php" line="795" assertions="8" time="0.095801"/>
        <testcase name="test_create_item_bad_md5_header" class="WP_Test_REST_Attachments_Controller" classname="WP_Test_REST_Attachments_Controller" file="/home/meng/Desktop/wptest/wordpress-develop/tests/phpunit/tests/rest-api/rest-attachments-controller.php" line="804" assertions="8" time="0.097720"/>
        <testcase name="test_create_item_with_files_bad_md5_header" class="WP_Test_REST_Attachments_Controller" classname="WP_Test_REST_Attachments_Controller" file="/home/meng/Desktop/wptest/wordpress-develop/tests/phpunit/tests/rest-api/rest-attachments-controller.php" line="815" assertions="8" time="0.116676"/>
        <testcase name="test_create_item_invalid_upload_files_capability" class="WP_Test_REST_Attachments_Controller" classname="WP_Test_REST_Attachments_Controller" file="/home/meng/Desktop/wptest/wordpress-develop/tests/phpunit/tests/rest-api/rest-attachments-controller.php" line="833" assertions="8" time="0.101309"/>
        <testcase name="test_create_item_invalid_edit_permissions" class="WP_Test_REST_Attachments_Controller" classname="WP_Test_REST_Attachments_Controller" file="/home/meng/Desktop/wptest/wordpress-develop/tests/phpunit/tests/rest-api/rest-attachments-controller.php" line="840" assertions="8" time="0.161118"/>
        <testcase name="test_create_item_invalid_upload_permissions" class="WP_Test_REST_Attachments_Controller" classname="WP_Test_REST_Attachments_Controller" file="/home/meng/Desktop/wptest/wordpress-develop/tests/phpunit/tests/rest-api/rest-attachments-controller.php" line="849" assertions="8" time="0.136145"/>
        <testcase name="test_create_item_invalid_post_type" class="WP_Test_REST_Attachments_Controller" classname="WP_Test_REST_Attachments_Controller" file="/home/meng/Desktop/wptest/wordpress-develop/tests/phpunit/tests/rest-api/rest-attachments-controller.php" line="858" assertions="8" time="0.239606"/>
        <testcase name="test_create_item_alt_text" class="WP_Test_REST_Attachments_Controller" classname="WP_Test_REST_Attachments_Controller" file="/home/meng/Desktop/wptest/wordpress-develop/tests/phpunit/tests/rest-api/rest-attachments-controller.php" line="876" assertions="11" time="0.171478"/>
        <testcase name="test_create_item_unsafe_alt_text" class="WP_Test_REST_Attachments_Controller" classname="WP_Test_REST_Attachments_Controller" file="/home/meng/Desktop/wptest/wordpress-develop/tests/phpunit/tests/rest-api/rest-attachments-controller.php" line="889" assertions="11" time="0.164939"/>
        <testcase name="test_create_item_ensure_relative_path" class="WP_Test_REST_Attachments_Controller" classname="WP_Test_REST_Attachments_Controller" file="/home/meng/Desktop/wptest/wordpress-develop/tests/phpunit/tests/rest-api/rest-attachments-controller.php" line="904" assertions="11" time="0.150427"/>
        <testcase name="test_update_item" class="WP_Test_REST_Attachments_Controller" classname="WP_Test_REST_Attachments_Controller" file="/home/meng/Desktop/wptest/wordpress-develop/tests/phpunit/tests/rest-api/rest-attachments-controller.php" line="915" assertions="22" time="0.163357"/>
        <testcase name="test_update_item_parent" class="WP_Test_REST_Attachments_Controller" classname="WP_Test_REST_Attachments_Controller" file="/home/meng/Desktop/wptest/wordpress-develop/tests/phpunit/tests/rest-api/rest-attachments-controller.php" line="944" assertions="16" time="0.206017"/>
        <testcase name="test_update_item_invalid_permissions" class="WP_Test_REST_Attachments_Controller" classname="WP_Test_REST_Attachments_Controller" file="/home/meng/Desktop/wptest/wordpress-develop/tests/phpunit/tests/rest-api/rest-attachments-controller.php" line="969" assertions="8" time="0.246292"/>
        <testcase name="test_update_item_invalid_post_type" class="WP_Test_REST_Attachments_Controller" classname="WP_Test_REST_Attachments_Controller" file="/home/meng/Desktop/wptest/wordpress-develop/tests/phpunit/tests/rest-api/rest-attachments-controller.php" line="986" assertions="8" time="0.129059"/>
        <testcase name="test_update_item_with_existing_inherit_status" class="WP_Test_REST_Attachments_Controller" classname="WP_Test_REST_Attachments_Controller" file="/home/meng/Desktop/wptest/wordpress-develop/tests/phpunit/tests/rest-api/rest-attachments-controller.php" line="1013" assertions="16" time="0.178004"/>
        <testcase name="test_update_item_with_new_inherit_status" class="WP_Test_REST_Attachments_Controller" classname="WP_Test_REST_Attachments_Controller" file="/home/meng/Desktop/wptest/wordpress-develop/tests/phpunit/tests/rest-api/rest-attachments-controller.php" line="1037" assertions="8" time="0.107992"/>
        <testsuite name="WP_Test_REST_Attachments_Controller::test_post_roundtrip_as_author" tests="4" assertions="164" errors="0" failures="0" skipped="0" time="0.959424">
          <testcase name="test_post_roundtrip_as_author with data set #0" class="WP_Test_REST_Attachments_Controller" classname="WP_Test_REST_Attachments_Controller" file="/home/meng/Desktop/wptest/wordpress-develop/tests/phpunit/tests/rest-api/rest-attachments-controller.php" line="1227" assertions="41" time="0.208742"/>
          <testcase name="test_post_roundtrip_as_author with data set #1" class="WP_Test_REST_Attachments_Controller" classname="WP_Test_REST_Attachments_Controller" file="/home/meng/Desktop/wptest/wordpress-develop/tests/phpunit/tests/rest-api/rest-attachments-controller.php" line="1227" assertions="41" time="0.212405"/>
          <testcase name="test_post_roundtrip_as_author with data set #2" class="WP_Test_REST_Attachments_Controller" classname="WP_Test_REST_Attachments_Controller" file="/home/meng/Desktop/wptest/wordpress-develop/tests/phpunit/tests/rest-api/rest-attachments-controller.php" line="1227" assertions="41" time="0.201868"/>
          <testcase name="test_post_roundtrip_as_author with data set #3" class="WP_Test_REST_Attachments_Controller" classname="WP_Test_REST_Attachments_Controller" file="/home/meng/Desktop/wptest/wordpress-develop/tests/phpunit/tests/rest-api/rest-attachments-controller.php" line="1227" assertions="41" time="0.336409"/>
        </testsuite>
        <testcase name="test_attachment_roundtrip_as_editor_unfiltered_html" class="WP_Test_REST_Attachments_Controller" classname="WP_Test_REST_Attachments_Controller" file="/home/meng/Desktop/wptest/wordpress-develop/tests/phpunit/tests/rest-api/rest-attachments-controller.php" line="1233" assertions="41" time="0.206745"/>
        <testcase name="test_attachment_roundtrip_as_superadmin_unfiltered_html" class="WP_Test_REST_Attachments_Controller" classname="WP_Test_REST_Attachments_Controller" file="/home/meng/Desktop/wptest/wordpress-develop/tests/phpunit/tests/rest-api/rest-attachments-controller.php" line="1284" assertions="41" time="0.201589"/>
        <testcase name="test_delete_item" class="WP_Test_REST_Attachments_Controller" classname="WP_Test_REST_Attachments_Controller" file="/home/meng/Desktop/wptest/wordpress-develop/tests/phpunit/tests/rest-api/rest-attachments-controller.php" line="1310" assertions="10" time="0.147371"/>
        <testcase name="test_delete_item_no_trash" class="WP_Test_REST_Attachments_Controller" classname="WP_Test_REST_Attachments_Controller" file="/home/meng/Desktop/wptest/wordpress-develop/tests/phpunit/tests/rest-api/rest-attachments-controller.php" line="1326" assertions="13" time="0.118900"/>
        <testcase name="test_delete_item_invalid_delete_permissions" class="WP_Test_REST_Attachments_Controller" classname="WP_Test_REST_Attachments_Controller" file="/home/meng/Desktop/wptest/wordpress-develop/tests/phpunit/tests/rest-api/rest-attachments-controller.php" line="1351" assertions="8" time="0.110544"/>
        <testcase name="test_prepare_item" class="WP_Test_REST_Attachments_Controller" classname="WP_Test_REST_Attachments_Controller" file="/home/meng/Desktop/wptest/wordpress-develop/tests/phpunit/tests/rest-api/rest-attachments-controller.php" line="1367" assertions="85" time="0.130794"/>
        <testcase name="test_prepare_item_limit_fields" class="WP_Test_REST_Attachments_Controller" classname="WP_Test_REST_Attachments_Controller" file="/home/meng/Desktop/wptest/wordpress-develop/tests/phpunit/tests/rest-api/rest-attachments-controller.php" line="1386" assertions="11" time="0.242719"/>
        <testcase name="test_get_item_schema" class="WP_Test_REST_Attachments_Controller" classname="WP_Test_REST_Attachments_Controller" file="/home/meng/Desktop/wptest/wordpress-develop/tests/phpunit/tests/rest-api/rest-attachments-controller.php" line="1412" assertions="40" time="0.085270"/>
        <testcase name="test_get_additional_field_registration" class="WP_Test_REST_Attachments_Controller" classname="WP_Test_REST_Attachments_Controller" file="/home/meng/Desktop/wptest/wordpress-develop/tests/phpunit/tests/rest-api/rest-attachments-controller.php" line="1453" assertions="13" time="0.122700"/>
        <testcase name="test_additional_field_update_errors" class="WP_Test_REST_Attachments_Controller" classname="WP_Test_REST_Attachments_Controller" file="/home/meng/Desktop/wptest/wordpress-develop/tests/phpunit/tests/rest-api/rest-attachments-controller.php" line="1496" assertions="8" time="0.115287"/>
        <testcase name="test_search_item_by_filename" class="WP_Test_REST_Attachments_Controller" classname="WP_Test_REST_Attachments_Controller" file="/home/meng/Desktop/wptest/wordpress-develop/tests/phpunit/tests/rest-api/rest-attachments-controller.php" line="1540" assertions="12" time="0.156317"/>
        <testcase name="test_links_exist" class="WP_Test_REST_Attachments_Controller" classname="WP_Test_REST_Attachments_Controller" file="/home/meng/Desktop/wptest/wordpress-develop/tests/phpunit/tests/rest-api/rest-attachments-controller.php" line="1578" assertions="15" time="0.137588"/>
        <testcase name="test_publish_action_ldo_not_registered" class="WP_Test_REST_Attachments_Controller" classname="WP_Test_REST_Attachments_Controller" file="/home/meng/Desktop/wptest/wordpress-develop/tests/phpunit/tests/rest-api/rest-attachments-controller.php" line="1599" assertions="8" time="0.254441"/>
        <testcase name="test_publish_action_link_does_not_exists" class="WP_Test_REST_Attachments_Controller" classname="WP_Test_REST_Attachments_Controller" file="/home/meng/Desktop/wptest/wordpress-develop/tests/phpunit/tests/rest-api/rest-attachments-controller.php" line="1611" assertions="11" time="0.142006"/>
        <testcase name="test_rest_insert_attachment_hooks_fire_once_on_create" class="WP_Test_REST_Attachments_Controller" classname="WP_Test_REST_Attachments_Controller" file="/home/meng/Desktop/wptest/wordpress-develop/tests/phpunit/tests/rest-api/rest-attachments-controller.php" line="1761" assertions="13" time="0.156774"/>
        <testcase name="test_rest_insert_attachment_hooks_fire_once_on_update" class="WP_Test_REST_Attachments_Controller" classname="WP_Test_REST_Attachments_Controller" file="/home/meng/Desktop/wptest/wordpress-develop/tests/phpunit/tests/rest-api/rest-attachments-controller.php" line="1791" assertions="16" time="0.198431"/>
        <testcase name="test_create_item_with_meta_values" class="WP_Test_REST_Attachments_Controller" classname="WP_Test_REST_Attachments_Controller" file="/home/meng/Desktop/wptest/wordpress-develop/tests/phpunit/tests/rest-api/rest-attachments-controller.php" line="1818" assertions="12" time="0.193488"/>
        <testcase name="test_edit_image_returns_error_if_logged_out" class="WP_Test_REST_Attachments_Controller" classname="WP_Test_REST_Attachments_Controller" file="/home/meng/Desktop/wptest/wordpress-develop/tests/phpunit/tests/rest-api/rest-attachments-controller.php" line="1855" assertions="8" time="0.134375"/>
        <testcase name="test_edit_image_returns_error_if_cannot_upload" class="WP_Test_REST_Attachments_Controller" classname="WP_Test_REST_Attachments_Controller" file="/home/meng/Desktop/wptest/wordpress-develop/tests/phpunit/tests/rest-api/rest-attachments-controller.php" line="1867" assertions="8" time="0.220765"/>
        <testcase name="test_edit_image_returns_error_if_cannot_edit" class="WP_Test_REST_Attachments_Controller" classname="WP_Test_REST_Attachments_Controller" file="/home/meng/Desktop/wptest/wordpress-develop/tests/phpunit/tests/rest-api/rest-attachments-controller.php" line="1883" assertions="8" time="0.295330"/>
        <testcase name="test_edit_image_returns_error_if_no_attachment" class="WP_Test_REST_Attachments_Controller" classname="WP_Test_REST_Attachments_Controller" file="/home/meng/Desktop/wptest/wordpress-develop/tests/phpunit/tests/rest-api/rest-attachments-controller.php" line="1896" assertions="8" time="0.120324"/>
        <testcase name="test_edit_image_returns_error_if_unsupported_mime_type" class="WP_Test_REST_Attachments_Controller" classname="WP_Test_REST_Attachments_Controller" file="/home/meng/Desktop/wptest/wordpress-develop/tests/phpunit/tests/rest-api/rest-attachments-controller.php" line="1909" assertions="8" time="0.153349"/>
        <testcase name="test_edit_image_returns_error_if_no_edits" class="WP_Test_REST_Attachments_Controller" classname="WP_Test_REST_Attachments_Controller" file="/home/meng/Desktop/wptest/wordpress-develop/tests/phpunit/tests/rest-api/rest-attachments-controller.php" line="1928" assertions="8" time="0.117287"/>
        <testcase name="test_edit_image_rotate" class="WP_Test_REST_Attachments_Controller" classname="WP_Test_REST_Attachments_Controller" file="/home/meng/Desktop/wptest/wordpress-develop/tests/phpunit/tests/rest-api/rest-attachments-controller.php" line="1941" assertions="10" time="0.122203"/>
        <testcase name="test_edit_image_crop" class="WP_Test_REST_Attachments_Controller" classname="WP_Test_REST_Attachments_Controller" file="/home/meng/Desktop/wptest/wordpress-develop/tests/phpunit/tests/rest-api/rest-attachments-controller.php" line="1965" assertions="10" time="0.129801"/>
        <testcase name="test_edit_image" class="WP_Test_REST_Attachments_Controller" classname="WP_Test_REST_Attachments_Controller" file="/home/meng/Desktop/wptest/wordpress-develop/tests/phpunit/tests/rest-api/rest-attachments-controller.php" line="2002" assertions="0" time="0.000852">
          <skipped/>
        </testcase>
        <testcase name="test_edit_image_returns_error_if_mismatched_src" class="WP_Test_REST_Attachments_Controller" classname="WP_Test_REST_Attachments_Controller" file="/home/meng/Desktop/wptest/wordpress-develop/tests/phpunit/tests/rest-api/rest-attachments-controller.php" line="2028" assertions="16" time="0.232528"/>
      </testsuite>
      <testsuite name="WP_REST_Block_Directory_Controller_Test" file="/home/meng/Desktop/wptest/wordpress-develop/tests/phpunit/tests/rest-api/rest-block-directory-controller.php" tests="12" assertions="82" errors="0" failures="1" skipped="4" time="1.537571">
        <testcase name="test_register_routes" class="WP_REST_Block_Directory_Controller_Test" classname="WP_REST_Block_Directory_Controller_Test" file="/home/meng/Desktop/wptest/wordpress-develop/tests/phpunit/tests/rest-api/rest-block-directory-controller.php" line="49" assertions="5" time="0.094492"/>
        <testcase name="test_context_param" class="WP_REST_Block_Directory_Controller_Test" classname="WP_REST_Block_Directory_Controller_Test" file="/home/meng/Desktop/wptest/wordpress-develop/tests/phpunit/tests/rest-api/rest-block-directory-controller.php" line="58" assertions="7" time="0.095511"/>
        <testcase name="test_get_items" class="WP_REST_Block_Directory_Controller_Test" classname="WP_REST_Block_Directory_Controller_Test" file="/home/meng/Desktop/wptest/wordpress-develop/tests/phpunit/tests/rest-api/rest-block-directory-controller.php" line="70" assertions="6" time="0.228073"/>
        <testcase name="test_get_items_wdotorg_unavailable" class="WP_REST_Block_Directory_Controller_Test" classname="WP_REST_Block_Directory_Controller_Test" file="/home/meng/Desktop/wptest/wordpress-develop/tests/phpunit/tests/rest-api/rest-block-directory-controller.php" line="84" assertions="9" time="0.114576">
          <failure type="PHPUnit\Framework\ExpectationFailedException">WP_REST_Block_Directory_Controller_Test::test_get_items_wdotorg_unavailable
Failed asserting that exception of type "PHPUnit_Framework_Error_Warning" is thrown.

</failure>
        </testcase>
        <testcase name="test_get_items_logged_out" class="WP_REST_Block_Directory_Controller_Test" classname="WP_REST_Block_Directory_Controller_Test" file="/home/meng/Desktop/wptest/wordpress-develop/tests/phpunit/tests/rest-api/rest-block-directory-controller.php" line="100" assertions="6" time="0.097732"/>
        <testcase name="test_get_items_no_results" class="WP_REST_Block_Directory_Controller_Test" classname="WP_REST_Block_Directory_Controller_Test" file="/home/meng/Desktop/wptest/wordpress-develop/tests/phpunit/tests/rest-api/rest-block-directory-controller.php" line="110" assertions="6" time="0.375096"/>
        <testcase name="test_get_item" class="WP_REST_Block_Directory_Controller_Test" classname="WP_REST_Block_Directory_Controller_Test" file="/home/meng/Desktop/wptest/wordpress-develop/tests/phpunit/tests/rest-api/rest-block-directory-controller.php" line="123" assertions="4" time="0.089258">
          <skipped/>
        </testcase>
        <testcase name="test_create_item" class="WP_REST_Block_Directory_Controller_Test" classname="WP_REST_Block_Directory_Controller_Test" file="/home/meng/Desktop/wptest/wordpress-develop/tests/phpunit/tests/rest-api/rest-block-directory-controller.php" line="127" assertions="4" time="0.092634">
          <skipped/>
        </testcase>
        <testcase name="test_update_item" class="WP_REST_Block_Directory_Controller_Test" classname="WP_REST_Block_Directory_Controller_Test" file="/home/meng/Desktop/wptest/wordpress-develop/tests/phpunit/tests/rest-api/rest-block-directory-controller.php" line="131" assertions="4" time="0.089599">
          <skipped/>
        </testcase>
        <testcase name="test_delete_item" class="WP_REST_Block_Directory_Controller_Test" classname="WP_REST_Block_Directory_Controller_Test" file="/home/meng/Desktop/wptest/wordpress-develop/tests/phpunit/tests/rest-api/rest-block-directory-controller.php" line="135" assertions="4" time="0.083043">
          <skipped/>
        </testcase>
        <testcase name="test_prepare_item" class="WP_REST_Block_Directory_Controller_Test" classname="WP_REST_Block_Directory_Controller_Test" file="/home/meng/Desktop/wptest/wordpress-develop/tests/phpunit/tests/rest-api/rest-block-directory-controller.php" line="142" assertions="6" time="0.085075"/>
        <testcase name="test_get_item_schema" class="WP_REST_Block_Directory_Controller_Test" classname="WP_REST_Block_Directory_Controller_Test" file="/home/meng/Desktop/wptest/wordpress-develop/tests/phpunit/tests/rest-api/rest-block-directory-controller.php" line="175" assertions="21" time="0.092483"/>
      </testsuite>
      <testsuite name="REST_Block_Renderer_Controller_Test" file="/home/meng/Desktop/wptest/wordpress-develop/tests/phpunit/tests/rest-api/rest-block-renderer-controller.php" tests="22" assertions="139" errors="0" failures="0" skipped="6" time="2.369147">
        <testcase name="test_register_routes" class="REST_Block_Renderer_Controller_Test" classname="REST_Block_Renderer_Controller_Test" file="/home/meng/Desktop/wptest/wordpress-develop/tests/phpunit/tests/rest-api/rest-block-renderer-controller.php" line="263" assertions="6" time="0.088044"/>
        <testcase name="test_get_item_without_permissions" class="REST_Block_Renderer_Controller_Test" classname="REST_Block_Renderer_Controller_Test" file="/home/meng/Desktop/wptest/wordpress-develop/tests/phpunit/tests/rest-api/rest-block-renderer-controller.php" line="278" assertions="8" time="0.089845"/>
        <testcase name="test_get_item_with_invalid_context" class="REST_Block_Renderer_Controller_Test" classname="REST_Block_Renderer_Controller_Test" file="/home/meng/Desktop/wptest/wordpress-develop/tests/phpunit/tests/rest-api/rest-block-renderer-controller.php" line="294" assertions="8" time="0.092484"/>
        <testcase name="test_get_item_invalid_block_name" class="REST_Block_Renderer_Controller_Test" classname="REST_Block_Renderer_Controller_Test" file="/home/meng/Desktop/wptest/wordpress-develop/tests/phpunit/tests/rest-api/rest-block-renderer-controller.php" line="310" assertions="8" time="0.090442"/>
        <testcase name="test_get_item_invalid_attribute" class="REST_Block_Renderer_Controller_Test" classname="REST_Block_Renderer_Controller_Test" file="/home/meng/Desktop/wptest/wordpress-develop/tests/phpunit/tests/rest-api/rest-block-renderer-controller.php" line="327" assertions="5" time="0.089144"/>
        <testcase name="test_get_item_unrecognized_attribute" class="REST_Block_Renderer_Controller_Test" classname="REST_Block_Renderer_Controller_Test" file="/home/meng/Desktop/wptest/wordpress-develop/tests/phpunit/tests/rest-api/rest-block-renderer-controller.php" line="348" assertions="5" time="0.088198"/>
        <testcase name="test_get_item_default_attributes" class="REST_Block_Renderer_Controller_Test" classname="REST_Block_Renderer_Controller_Test" file="/home/meng/Desktop/wptest/wordpress-develop/tests/phpunit/tests/rest-api/rest-block-renderer-controller.php" line="369" assertions="7" time="0.208307"/>
        <testcase name="test_get_item" class="REST_Block_Renderer_Controller_Test" classname="REST_Block_Renderer_Controller_Test" file="/home/meng/Desktop/wptest/wordpress-develop/tests/phpunit/tests/rest-api/rest-block-renderer-controller.php" line="401" assertions="7" time="0.097076"/>
        <testcase name="test_get_item_with_pre_render_block_filter" class="REST_Block_Renderer_Controller_Test" classname="REST_Block_Renderer_Controller_Test" file="/home/meng/Desktop/wptest/wordpress-develop/tests/phpunit/tests/rest-api/rest-block-renderer-controller.php" line="434" assertions="6" time="0.094726"/>
        <testcase name="test_get_item_with_post_context" class="REST_Block_Renderer_Controller_Test" classname="REST_Block_Renderer_Controller_Test" file="/home/meng/Desktop/wptest/wordpress-develop/tests/phpunit/tests/rest-api/rest-block-renderer-controller.php" line="467" assertions="8" time="0.100670"/>
        <testcase name="test_get_item_post_request" class="REST_Block_Renderer_Controller_Test" classname="REST_Block_Renderer_Controller_Test" file="/home/meng/Desktop/wptest/wordpress-develop/tests/phpunit/tests/rest-api/rest-block-renderer-controller.php" line="497" assertions="6" time="0.089848"/>
        <testcase name="test_get_item_without_permissions_invalid_post" class="REST_Block_Renderer_Controller_Test" classname="REST_Block_Renderer_Controller_Test" file="/home/meng/Desktop/wptest/wordpress-develop/tests/phpunit/tests/rest-api/rest-block-renderer-controller.php" line="516" assertions="8" time="0.091036"/>
        <testcase name="test_get_item_without_permissions_cannot_edit_post" class="REST_Block_Renderer_Controller_Test" classname="REST_Block_Renderer_Controller_Test" file="/home/meng/Desktop/wptest/wordpress-develop/tests/phpunit/tests/rest-api/rest-block-renderer-controller.php" line="534" assertions="8" time="0.089592"/>
        <testcase name="test_get_item_non_dynamic_block" class="REST_Block_Renderer_Controller_Test" classname="REST_Block_Renderer_Controller_Test" file="/home/meng/Desktop/wptest/wordpress-develop/tests/phpunit/tests/rest-api/rest-block-renderer-controller.php" line="550" assertions="8" time="0.216161"/>
        <testcase name="test_get_sanitized_attributes_for_dynamic_block_with_boolean_attributes" class="REST_Block_Renderer_Controller_Test" classname="REST_Block_Renderer_Controller_Test" file="/home/meng/Desktop/wptest/wordpress-develop/tests/phpunit/tests/rest-api/rest-block-renderer-controller.php" line="563" assertions="6" time="0.104604"/>
        <testcase name="test_get_item_schema" class="REST_Block_Renderer_Controller_Test" classname="REST_Block_Renderer_Controller_Test" file="/home/meng/Desktop/wptest/wordpress-develop/tests/phpunit/tests/rest-api/rest-block-renderer-controller.php" line="594" assertions="11" time="0.083755"/>
        <testcase name="test_update_item" class="REST_Block_Renderer_Controller_Test" classname="REST_Block_Renderer_Controller_Test" file="/home/meng/Desktop/wptest/wordpress-develop/tests/phpunit/tests/rest-api/rest-block-renderer-controller.php" line="617" assertions="4" time="0.082723">
          <skipped/>
        </testcase>
        <testcase name="test_create_item" class="REST_Block_Renderer_Controller_Test" classname="REST_Block_Renderer_Controller_Test" file="/home/meng/Desktop/wptest/wordpress-develop/tests/phpunit/tests/rest-api/rest-block-renderer-controller.php" line="624" assertions="4" time="0.087732">
          <skipped/>
        </testcase>
        <testcase name="test_delete_item" class="REST_Block_Renderer_Controller_Test" classname="REST_Block_Renderer_Controller_Test" file="/home/meng/Desktop/wptest/wordpress-develop/tests/phpunit/tests/rest-api/rest-block-renderer-controller.php" line="631" assertions="4" time="0.088703">
          <skipped/>
        </testcase>
        <testcase name="test_get_items" class="REST_Block_Renderer_Controller_Test" classname="REST_Block_Renderer_Controller_Test" file="/home/meng/Desktop/wptest/wordpress-develop/tests/phpunit/tests/rest-api/rest-block-renderer-controller.php" line="638" assertions="4" time="0.095003">
          <skipped/>
        </testcase>
        <testcase name="test_context_param" class="REST_Block_Renderer_Controller_Test" classname="REST_Block_Renderer_Controller_Test" file="/home/meng/Desktop/wptest/wordpress-develop/tests/phpunit/tests/rest-api/rest-block-renderer-controller.php" line="645" assertions="4" time="0.211595">
          <skipped/>
        </testcase>
        <testcase name="test_prepare_item" class="REST_Block_Renderer_Controller_Test" classname="REST_Block_Renderer_Controller_Test" file="/home/meng/Desktop/wptest/wordpress-develop/tests/phpunit/tests/rest-api/rest-block-renderer-controller.php" line="652" assertions="4" time="0.089459">
          <skipped/>
        </testcase>
      </testsuite>
      <testsuite name="REST_Block_Type_Controller_Test" file="/home/meng/Desktop/wptest/wordpress-develop/tests/phpunit/tests/rest-api/rest-block-type-controller.php" tests="19" assertions="241" errors="0" failures="0" skipped="0" time="2.184382">
        <testcase name="test_register_routes" class="REST_Block_Type_Controller_Test" classname="REST_Block_Type_Controller_Test" file="/home/meng/Desktop/wptest/wordpress-develop/tests/phpunit/tests/rest-api/rest-block-type-controller.php" line="76" assertions="10" time="0.093855"/>
        <testcase name="test_context_param" class="REST_Block_Type_Controller_Test" classname="REST_Block_Type_Controller_Test" file="/home/meng/Desktop/wptest/wordpress-develop/tests/phpunit/tests/rest-api/rest-block-type-controller.php" line="89" assertions="9" time="0.099351"/>
        <testcase name="test_get_items" class="REST_Block_Type_Controller_Test" classname="REST_Block_Type_Controller_Test" file="/home/meng/Desktop/wptest/wordpress-develop/tests/phpunit/tests/rest-api/rest-block-type-controller.php" line="107" assertions="22" time="0.111031"/>
        <testcase name="test_get_item" class="REST_Block_Type_Controller_Test" classname="REST_Block_Type_Controller_Test" file="/home/meng/Desktop/wptest/wordpress-develop/tests/phpunit/tests/rest-api/rest-block-type-controller.php" line="121" assertions="21" time="0.112647"/>
        <testcase name="test_get_item_with_styles" class="REST_Block_Type_Controller_Test" classname="REST_Block_Type_Controller_Test" file="/home/meng/Desktop/wptest/wordpress-develop/tests/phpunit/tests/rest-api/rest-block-type-controller.php" line="133" assertions="8" time="0.109784"/>
        <testcase name="test_get_item_with_styles_merge" class="REST_Block_Type_Controller_Test" classname="REST_Block_Type_Controller_Test" file="/home/meng/Desktop/wptest/wordpress-develop/tests/phpunit/tests/rest-api/rest-block-type-controller.php" line="153" assertions="8" time="0.234127"/>
        <testcase name="test_get_block_invalid_name" class="REST_Block_Type_Controller_Test" classname="REST_Block_Type_Controller_Test" file="/home/meng/Desktop/wptest/wordpress-develop/tests/phpunit/tests/rest-api/rest-block-type-controller.php" line="194" assertions="8" time="0.098454"/>
        <testcase name="test_get_item_invalid" class="REST_Block_Type_Controller_Test" classname="REST_Block_Type_Controller_Test" file="/home/meng/Desktop/wptest/wordpress-develop/tests/phpunit/tests/rest-api/rest-block-type-controller.php" line="206" assertions="26" time="0.134634"/>
        <testcase name="test_get_item_defaults" class="REST_Block_Type_Controller_Test" classname="REST_Block_Type_Controller_Test" file="/home/meng/Desktop/wptest/wordpress-develop/tests/phpunit/tests/rest-api/rest-block-type-controller.php" line="257" assertions="27" time="0.117038"/>
        <testcase name="test_get_item_schema" class="REST_Block_Type_Controller_Test" classname="REST_Block_Type_Controller_Test" file="/home/meng/Desktop/wptest/wordpress-develop/tests/phpunit/tests/rest-api/rest-block-type-controller.php" line="309" assertions="26" time="0.101912"/>
        <testcase name="test_get_items_wrong_permission" class="REST_Block_Type_Controller_Test" classname="REST_Block_Type_Controller_Test" file="/home/meng/Desktop/wptest/wordpress-develop/tests/phpunit/tests/rest-api/rest-block-type-controller.php" line="341" assertions="8" time="0.098347"/>
        <testcase name="test_get_item_wrong_permission" class="REST_Block_Type_Controller_Test" classname="REST_Block_Type_Controller_Test" file="/home/meng/Desktop/wptest/wordpress-develop/tests/phpunit/tests/rest-api/rest-block-type-controller.php" line="351" assertions="8" time="0.113409"/>
        <testcase name="test_get_items_no_permission" class="REST_Block_Type_Controller_Test" classname="REST_Block_Type_Controller_Test" file="/home/meng/Desktop/wptest/wordpress-develop/tests/phpunit/tests/rest-api/rest-block-type-controller.php" line="361" assertions="8" time="0.224068"/>
        <testcase name="test_get_item_no_permission" class="REST_Block_Type_Controller_Test" classname="REST_Block_Type_Controller_Test" file="/home/meng/Desktop/wptest/wordpress-develop/tests/phpunit/tests/rest-api/rest-block-type-controller.php" line="371" assertions="8" time="0.093824"/>
        <testcase name="test_prepare_item" class="REST_Block_Type_Controller_Test" classname="REST_Block_Type_Controller_Test" file="/home/meng/Desktop/wptest/wordpress-develop/tests/phpunit/tests/rest-api/rest-block-type-controller.php" line="381" assertions="23" time="0.087817"/>
        <testcase name="test_prepare_item_limit_fields" class="REST_Block_Type_Controller_Test" classname="REST_Block_Type_Controller_Test" file="/home/meng/Desktop/wptest/wordpress-develop/tests/phpunit/tests/rest-api/rest-block-type-controller.php" line="399" assertions="9" time="0.093063"/>
        <testcase name="test_create_item" class="REST_Block_Type_Controller_Test" classname="REST_Block_Type_Controller_Test" file="/home/meng/Desktop/wptest/wordpress-develop/tests/phpunit/tests/rest-api/rest-block-type-controller.php" line="472" assertions="4" time="0.095148"/>
        <testcase name="test_update_item" class="REST_Block_Type_Controller_Test" classname="REST_Block_Type_Controller_Test" file="/home/meng/Desktop/wptest/wordpress-develop/tests/phpunit/tests/rest-api/rest-block-type-controller.php" line="477" assertions="4" time="0.083731"/>
        <testcase name="test_delete_item" class="REST_Block_Type_Controller_Test" classname="REST_Block_Type_Controller_Test" file="/home/meng/Desktop/wptest/wordpress-develop/tests/phpunit/tests/rest-api/rest-block-type-controller.php" line="482" assertions="4" time="0.082142"/>
      </testsuite>
      <testsuite name="REST_Blocks_Controller_Test" file="/home/meng/Desktop/wptest/wordpress-develop/tests/phpunit/tests/rest-api/rest-blocks-controller.php" tests="16" assertions="24" errors="0" failures="0" skipped="0" time="1.411339">
        <testsuite name="REST_Blocks_Controller_Test::test_capabilities" tests="15" assertions="22" errors="0" failures="0" skipped="0" time="1.349684">
          <testcase name="test_capabilities with data set #0" class="REST_Blocks_Controller_Test" classname="REST_Blocks_Controller_Test" file="/home/meng/Desktop/wptest/wordpress-develop/tests/phpunit/tests/rest-api/rest-blocks-controller.php" line="117" assertions="1" time="0.250506"/>
          <testcase name="test_capabilities with data set #1" class="REST_Blocks_Controller_Test" classname="REST_Blocks_Controller_Test" file="/home/meng/Desktop/wptest/wordpress-develop/tests/phpunit/tests/rest-api/rest-blocks-controller.php" line="117" assertions="1" time="0.079664"/>
          <testcase name="test_capabilities with data set #2" class="REST_Blocks_Controller_Test" classname="REST_Blocks_Controller_Test" file="/home/meng/Desktop/wptest/wordpress-develop/tests/phpunit/tests/rest-api/rest-blocks-controller.php" line="117" assertions="1" time="0.050987"/>
          <testcase name="test_capabilities with data set #3" class="REST_Blocks_Controller_Test" classname="REST_Blocks_Controller_Test" file="/home/meng/Desktop/wptest/wordpress-develop/tests/phpunit/tests/rest-api/rest-blocks-controller.php" line="117" assertions="1" time="0.046601"/>
          <testcase name="test_capabilities with data set #4" class="REST_Blocks_Controller_Test" classname="REST_Blocks_Controller_Test" file="/home/meng/Desktop/wptest/wordpress-develop/tests/phpunit/tests/rest-api/rest-blocks-controller.php" line="117" assertions="1" time="0.061640"/>
          <testcase name="test_capabilities with data set #5" class="REST_Blocks_Controller_Test" classname="REST_Blocks_Controller_Test" file="/home/meng/Desktop/wptest/wordpress-develop/tests/phpunit/tests/rest-api/rest-blocks-controller.php" line="117" assertions="1" time="0.065077"/>
          <testcase name="test_capabilities with data set #6" class="REST_Blocks_Controller_Test" classname="REST_Blocks_Controller_Test" file="/home/meng/Desktop/wptest/wordpress-develop/tests/phpunit/tests/rest-api/rest-blocks-controller.php" line="117" assertions="1" time="0.065804"/>
          <testcase name="test_capabilities with data set #7" class="REST_Blocks_Controller_Test" classname="REST_Blocks_Controller_Test" file="/home/meng/Desktop/wptest/wordpress-develop/tests/phpunit/tests/rest-api/rest-blocks-controller.php" line="117" assertions="1" time="0.049003"/>
          <testcase name="test_capabilities with data set #8" class="REST_Blocks_Controller_Test" classname="REST_Blocks_Controller_Test" file="/home/meng/Desktop/wptest/wordpress-develop/tests/phpunit/tests/rest-api/rest-blocks-controller.php" line="117" assertions="2" time="0.143954"/>
          <testcase name="test_capabilities with data set #9" class="REST_Blocks_Controller_Test" classname="REST_Blocks_Controller_Test" file="/home/meng/Desktop/wptest/wordpress-develop/tests/phpunit/tests/rest-api/rest-blocks-controller.php" line="117" assertions="2" time="0.154442"/>
          <testcase name="test_capabilities with data set #10" class="REST_Blocks_Controller_Test" classname="REST_Blocks_Controller_Test" file="/home/meng/Desktop/wptest/wordpress-develop/tests/phpunit/tests/rest-api/rest-blocks-controller.php" line="117" assertions="2" time="0.086259"/>
          <testcase name="test_capabilities with data set #11" class="REST_Blocks_Controller_Test" classname="REST_Blocks_Controller_Test" file="/home/meng/Desktop/wptest/wordpress-develop/tests/phpunit/tests/rest-api/rest-blocks-controller.php" line="117" assertions="2" time="0.112601"/>
          <testcase name="test_capabilities with data set #12" class="REST_Blocks_Controller_Test" classname="REST_Blocks_Controller_Test" file="/home/meng/Desktop/wptest/wordpress-develop/tests/phpunit/tests/rest-api/rest-blocks-controller.php" line="117" assertions="2" time="0.064144"/>
          <testcase name="test_capabilities with data set #13" class="REST_Blocks_Controller_Test" classname="REST_Blocks_Controller_Test" file="/home/meng/Desktop/wptest/wordpress-develop/tests/phpunit/tests/rest-api/rest-blocks-controller.php" line="117" assertions="2" time="0.061969"/>
          <testcase name="test_capabilities with data set #14" class="REST_Blocks_Controller_Test" classname="REST_Blocks_Controller_Test" file="/home/meng/Desktop/wptest/wordpress-develop/tests/phpunit/tests/rest-api/rest-blocks-controller.php" line="117" assertions="2" time="0.057034"/>
        </testsuite>
        <testcase name="test_content" class="REST_Blocks_Controller_Test" classname="REST_Blocks_Controller_Test" file="/home/meng/Desktop/wptest/wordpress-develop/tests/phpunit/tests/rest-api/rest-blocks-controller.php" line="208" assertions="2" time="0.061655"/>
      </testsuite>
      <testsuite name="WP_Test_REST_Categories_Controller" file="/home/meng/Desktop/wptest/wordpress-develop/tests/phpunit/tests/rest-api/rest-categories-controller.php" tests="61" assertions="1840" errors="0" failures="0" skipped="0" time="10.032850">
        <testcase name="test_register_routes" class="WP_Test_REST_Categories_Controller" classname="WP_Test_REST_Categories_Controller" file="/home/meng/Desktop/wptest/wordpress-develop/tests/phpunit/tests/rest-api/rest-categories-controller.php" line="109" assertions="6" time="0.099101"/>
        <testcase name="test_context_param" class="WP_Test_REST_Categories_Controller" classname="WP_Test_REST_Categories_Controller" file="/home/meng/Desktop/wptest/wordpress-develop/tests/phpunit/tests/rest-api/rest-categories-controller.php" line="115" assertions="10" time="0.113429"/>
        <testcase name="test_registered_query_params" class="WP_Test_REST_Categories_Controller" classname="WP_Test_REST_Categories_Controller" file="/home/meng/Desktop/wptest/wordpress-develop/tests/phpunit/tests/rest-api/rest-categories-controller.php" line="131" assertions="7" time="0.089755"/>
        <testcase name="test_get_items" class="WP_Test_REST_Categories_Controller" classname="WP_Test_REST_Categories_Controller" file="/home/meng/Desktop/wptest/wordpress-develop/tests/phpunit/tests/rest-api/rest-categories-controller.php" line="156" assertions="133" time="0.269290"/>
        <testcase name="test_get_items_invalid_permission_for_context" class="WP_Test_REST_Categories_Controller" classname="WP_Test_REST_Categories_Controller" file="/home/meng/Desktop/wptest/wordpress-develop/tests/phpunit/tests/rest-api/rest-categories-controller.php" line="163" assertions="8" time="0.092651"/>
        <testcase name="test_get_items_hide_empty_arg" class="WP_Test_REST_Categories_Controller" classname="WP_Test_REST_Categories_Controller" file="/home/meng/Desktop/wptest/wordpress-develop/tests/phpunit/tests/rest-api/rest-categories-controller.php" line="172" assertions="146" time="0.491484"/>
        <testcase name="test_get_items_parent_zero_arg" class="WP_Test_REST_Categories_Controller" classname="WP_Test_REST_Categories_Controller" file="/home/meng/Desktop/wptest/wordpress-develop/tests/phpunit/tests/rest-api/rest-categories-controller.php" line="197" assertions="135" time="0.346206"/>
        <testcase name="test_get_items_parent_zero_arg_string" class="WP_Test_REST_Categories_Controller" classname="WP_Test_REST_Categories_Controller" file="/home/meng/Desktop/wptest/wordpress-develop/tests/phpunit/tests/rest-api/rest-categories-controller.php" line="229" assertions="135" time="0.338787"/>
        <testcase name="test_get_items_by_parent_non_found" class="WP_Test_REST_Categories_Controller" classname="WP_Test_REST_Categories_Controller" file="/home/meng/Desktop/wptest/wordpress-develop/tests/phpunit/tests/rest-api/rest-categories-controller.php" line="261" assertions="7" time="0.113252"/>
        <testcase name="test_get_items_invalid_page" class="WP_Test_REST_Categories_Controller" classname="WP_Test_REST_Categories_Controller" file="/home/meng/Desktop/wptest/wordpress-develop/tests/phpunit/tests/rest-api/rest-categories-controller.php" line="274" assertions="9" time="0.091439"/>
        <testcase name="test_get_items_include_query" class="WP_Test_REST_Categories_Controller" classname="WP_Test_REST_Categories_Controller" file="/home/meng/Desktop/wptest/wordpress-develop/tests/phpunit/tests/rest-api/rest-categories-controller.php" line="284" assertions="26" time="0.163945"/>
        <testcase name="test_get_items_exclude_query" class="WP_Test_REST_Categories_Controller" classname="WP_Test_REST_Categories_Controller" file="/home/meng/Desktop/wptest/wordpress-develop/tests/phpunit/tests/rest-api/rest-categories-controller.php" line="305" assertions="262" time="0.586264"/>
        <testcase name="test_get_items_orderby_args" class="WP_Test_REST_Categories_Controller" classname="WP_Test_REST_Categories_Controller" file="/home/meng/Desktop/wptest/wordpress-develop/tests/phpunit/tests/rest-api/rest-categories-controller.php" line="325" assertions="24" time="0.158457"/>
        <testcase name="test_get_items_orderby_id" class="WP_Test_REST_Categories_Controller" classname="WP_Test_REST_Categories_Controller" file="/home/meng/Desktop/wptest/wordpress-develop/tests/phpunit/tests/rest-api/rest-categories-controller.php" line="356" assertions="139" time="0.339266"/>
        <testcase name="test_get_items_orderby_slugs" class="WP_Test_REST_Categories_Controller" classname="WP_Test_REST_Categories_Controller" file="/home/meng/Desktop/wptest/wordpress-develop/tests/phpunit/tests/rest-api/rest-categories-controller.php" line="392" assertions="21" time="0.155823"/>
        <testcase name="test_get_items_post_args" class="WP_Test_REST_Categories_Controller" classname="WP_Test_REST_Categories_Controller" file="/home/meng/Desktop/wptest/wordpress-develop/tests/phpunit/tests/rest-api/rest-categories-controller.php" line="433" assertions="20" time="0.192448"/>
        <testcase name="test_get_items_post_ordered_by_description" class="WP_Test_REST_Categories_Controller" classname="WP_Test_REST_Categories_Controller" file="/home/meng/Desktop/wptest/wordpress-develop/tests/phpunit/tests/rest-api/rest-categories-controller.php" line="449" assertions="36" time="0.212583"/>
        <testcase name="test_get_items_post_ordered_by_id" class="WP_Test_REST_Categories_Controller" classname="WP_Test_REST_Categories_Controller" file="/home/meng/Desktop/wptest/wordpress-develop/tests/phpunit/tests/rest-api/rest-categories-controller.php" line="475" assertions="20" time="0.183336"/>
        <testcase name="test_get_items_custom_tax_post_args" class="WP_Test_REST_Categories_Controller" classname="WP_Test_REST_Categories_Controller" file="/home/meng/Desktop/wptest/wordpress-develop/tests/phpunit/tests/rest-api/rest-categories-controller.php" line="490" assertions="16" time="0.291981"/>
        <testcase name="test_get_items_search_args" class="WP_Test_REST_Categories_Controller" classname="WP_Test_REST_Categories_Controller" file="/home/meng/Desktop/wptest/wordpress-develop/tests/phpunit/tests/rest-api/rest-categories-controller.php" line="525" assertions="15" time="0.145094"/>
        <testcase name="test_get_items_slug_arg" class="WP_Test_REST_Categories_Controller" classname="WP_Test_REST_Categories_Controller" file="/home/meng/Desktop/wptest/wordpress-develop/tests/phpunit/tests/rest-api/rest-categories-controller.php" line="549" assertions="12" time="0.129420"/>
        <testcase name="test_get_terms_parent_arg" class="WP_Test_REST_Categories_Controller" classname="WP_Test_REST_Categories_Controller" file="/home/meng/Desktop/wptest/wordpress-develop/tests/phpunit/tests/rest-api/rest-categories-controller.php" line="562" assertions="12" time="0.132515"/>
        <testcase name="test_get_terms_invalid_parent_arg" class="WP_Test_REST_Categories_Controller" classname="WP_Test_REST_Categories_Controller" file="/home/meng/Desktop/wptest/wordpress-develop/tests/phpunit/tests/rest-api/rest-categories-controller.php" line="579" assertions="8" time="0.097596"/>
        <testcase name="test_get_terms_private_taxonomy" class="WP_Test_REST_Categories_Controller" classname="WP_Test_REST_Categories_Controller" file="/home/meng/Desktop/wptest/wordpress-develop/tests/phpunit/tests/rest-api/rest-categories-controller.php" line="586" assertions="8" time="0.113555"/>
        <testcase name="test_get_terms_invalid_taxonomy" class="WP_Test_REST_Categories_Controller" classname="WP_Test_REST_Categories_Controller" file="/home/meng/Desktop/wptest/wordpress-develop/tests/phpunit/tests/rest-api/rest-categories-controller.php" line="606" assertions="8" time="0.088175"/>
        <testcase name="test_get_terms_pagination_headers" class="WP_Test_REST_Categories_Controller" classname="WP_Test_REST_Categories_Controller" file="/home/meng/Desktop/wptest/wordpress-develop/tests/phpunit/tests/rest-api/rest-categories-controller.php" line="612" assertions="117" time="0.399595"/>
        <testcase name="test_get_items_per_page_exceeds_number_of_items" class="WP_Test_REST_Categories_Controller" classname="WP_Test_REST_Categories_Controller" file="/home/meng/Desktop/wptest/wordpress-develop/tests/phpunit/tests/rest-api/rest-categories-controller.php" line="693" assertions="132" time="0.271372"/>
        <testcase name="test_get_item" class="WP_Test_REST_Categories_Controller" classname="WP_Test_REST_Categories_Controller" file="/home/meng/Desktop/wptest/wordpress-develop/tests/phpunit/tests/rest-api/rest-categories-controller.php" line="714" assertions="20" time="0.095578"/>
        <testcase name="test_get_item_meta" class="WP_Test_REST_Categories_Controller" classname="WP_Test_REST_Categories_Controller" file="/home/meng/Desktop/wptest/wordpress-develop/tests/phpunit/tests/rest-api/rest-categories-controller.php" line="723" assertions="17" time="0.098733"/>
        <testcase name="test_get_item_meta_registered_for_different_taxonomy" class="WP_Test_REST_Categories_Controller" classname="WP_Test_REST_Categories_Controller" file="/home/meng/Desktop/wptest/wordpress-develop/tests/phpunit/tests/rest-api/rest-categories-controller.php" line="743" assertions="10" time="0.096363"/>
        <testcase name="test_get_term_invalid_taxonomy" class="WP_Test_REST_Categories_Controller" classname="WP_Test_REST_Categories_Controller" file="/home/meng/Desktop/wptest/wordpress-develop/tests/phpunit/tests/rest-api/rest-categories-controller.php" line="753" assertions="8" time="0.093323"/>
        <testcase name="test_get_term_invalid_term" class="WP_Test_REST_Categories_Controller" classname="WP_Test_REST_Categories_Controller" file="/home/meng/Desktop/wptest/wordpress-develop/tests/phpunit/tests/rest-api/rest-categories-controller.php" line="759" assertions="8" time="0.090377"/>
        <testcase name="test_get_item_invalid_permission_for_context" class="WP_Test_REST_Categories_Controller" classname="WP_Test_REST_Categories_Controller" file="/home/meng/Desktop/wptest/wordpress-develop/tests/phpunit/tests/rest-api/rest-categories-controller.php" line="765" assertions="8" time="0.217018"/>
        <testcase name="test_get_term_private_taxonomy" class="WP_Test_REST_Categories_Controller" classname="WP_Test_REST_Categories_Controller" file="/home/meng/Desktop/wptest/wordpress-develop/tests/phpunit/tests/rest-api/rest-categories-controller.php" line="774" assertions="8" time="0.101168"/>
        <testcase name="test_get_item_incorrect_taxonomy" class="WP_Test_REST_Categories_Controller" classname="WP_Test_REST_Categories_Controller" file="/home/meng/Desktop/wptest/wordpress-develop/tests/phpunit/tests/rest-api/rest-categories-controller.php" line="788" assertions="8" time="0.103187"/>
        <testcase name="test_create_item" class="WP_Test_REST_Categories_Controller" classname="WP_Test_REST_Categories_Controller" file="/home/meng/Desktop/wptest/wordpress-develop/tests/phpunit/tests/rest-api/rest-categories-controller.php" line="802" assertions="14" time="0.113176"/>
        <testcase name="test_create_item_term_already_exists" class="WP_Test_REST_Categories_Controller" classname="WP_Test_REST_Categories_Controller" file="/home/meng/Desktop/wptest/wordpress-develop/tests/phpunit/tests/rest-api/rest-categories-controller.php" line="822" assertions="7" time="0.142304"/>
        <testcase name="test_create_item_invalid_taxonomy" class="WP_Test_REST_Categories_Controller" classname="WP_Test_REST_Categories_Controller" file="/home/meng/Desktop/wptest/wordpress-develop/tests/phpunit/tests/rest-api/rest-categories-controller.php" line="839" assertions="8" time="0.102745"/>
        <testcase name="test_create_item_incorrect_permissions" class="WP_Test_REST_Categories_Controller" classname="WP_Test_REST_Categories_Controller" file="/home/meng/Desktop/wptest/wordpress-develop/tests/phpunit/tests/rest-api/rest-categories-controller.php" line="848" assertions="8" time="0.214547"/>
        <testcase name="test_create_item_incorrect_permissions_contributor" class="WP_Test_REST_Categories_Controller" classname="WP_Test_REST_Categories_Controller" file="/home/meng/Desktop/wptest/wordpress-develop/tests/phpunit/tests/rest-api/rest-categories-controller.php" line="857" assertions="8" time="0.095785"/>
        <testcase name="test_create_item_missing_arguments" class="WP_Test_REST_Categories_Controller" classname="WP_Test_REST_Categories_Controller" file="/home/meng/Desktop/wptest/wordpress-develop/tests/phpunit/tests/rest-api/rest-categories-controller.php" line="866" assertions="8" time="0.096675"/>
        <testcase name="test_create_item_with_parent" class="WP_Test_REST_Categories_Controller" classname="WP_Test_REST_Categories_Controller" file="/home/meng/Desktop/wptest/wordpress-develop/tests/phpunit/tests/rest-api/rest-categories-controller.php" line="874" assertions="12" time="0.125070"/>
        <testcase name="test_create_item_invalid_parent" class="WP_Test_REST_Categories_Controller" classname="WP_Test_REST_Categories_Controller" file="/home/meng/Desktop/wptest/wordpress-develop/tests/phpunit/tests/rest-api/rest-categories-controller.php" line="888" assertions="8" time="0.148957"/>
        <testcase name="test_create_item_with_no_parent" class="WP_Test_REST_Categories_Controller" classname="WP_Test_REST_Categories_Controller" file="/home/meng/Desktop/wptest/wordpress-develop/tests/phpunit/tests/rest-api/rest-categories-controller.php" line="900" assertions="11" time="0.115029"/>
        <testcase name="test_update_item" class="WP_Test_REST_Categories_Controller" classname="WP_Test_REST_Categories_Controller" file="/home/meng/Desktop/wptest/wordpress-develop/tests/phpunit/tests/rest-api/rest-categories-controller.php" line="914" assertions="15" time="0.138475"/>
        <testcase name="test_update_item_invalid_taxonomy" class="WP_Test_REST_Categories_Controller" classname="WP_Test_REST_Categories_Controller" file="/home/meng/Desktop/wptest/wordpress-develop/tests/phpunit/tests/rest-api/rest-categories-controller.php" line="948" assertions="8" time="0.221168"/>
        <testcase name="test_update_item_invalid_term" class="WP_Test_REST_Categories_Controller" classname="WP_Test_REST_Categories_Controller" file="/home/meng/Desktop/wptest/wordpress-develop/tests/phpunit/tests/rest-api/rest-categories-controller.php" line="957" assertions="8" time="0.091039"/>
        <testcase name="test_update_item_incorrect_permissions" class="WP_Test_REST_Categories_Controller" classname="WP_Test_REST_Categories_Controller" file="/home/meng/Desktop/wptest/wordpress-develop/tests/phpunit/tests/rest-api/rest-categories-controller.php" line="966" assertions="8" time="0.109751"/>
        <testcase name="test_update_item_parent" class="WP_Test_REST_Categories_Controller" classname="WP_Test_REST_Categories_Controller" file="/home/meng/Desktop/wptest/wordpress-develop/tests/phpunit/tests/rest-api/rest-categories-controller.php" line="977" assertions="11" time="0.143195"/>
        <testcase name="test_update_item_remove_parent" class="WP_Test_REST_Categories_Controller" classname="WP_Test_REST_Categories_Controller" file="/home/meng/Desktop/wptest/wordpress-develop/tests/phpunit/tests/rest-api/rest-categories-controller.php" line="992" assertions="11" time="0.142148"/>
        <testcase name="test_update_item_invalid_parent" class="WP_Test_REST_Categories_Controller" classname="WP_Test_REST_Categories_Controller" file="/home/meng/Desktop/wptest/wordpress-develop/tests/phpunit/tests/rest-api/rest-categories-controller.php" line="1019" assertions="8" time="0.112218"/>
        <testcase name="test_delete_item" class="WP_Test_REST_Categories_Controller" classname="WP_Test_REST_Categories_Controller" file="/home/meng/Desktop/wptest/wordpress-develop/tests/phpunit/tests/rest-api/rest-categories-controller.php" line="1030" assertions="11" time="0.146683"/>
        <testcase name="test_delete_item_no_trash" class="WP_Test_REST_Categories_Controller" classname="WP_Test_REST_Categories_Controller" file="/home/meng/Desktop/wptest/wordpress-develop/tests/phpunit/tests/rest-api/rest-categories-controller.php" line="1044" assertions="12" time="0.249994"/>
        <testcase name="test_delete_item_invalid_taxonomy" class="WP_Test_REST_Categories_Controller" classname="WP_Test_REST_Categories_Controller" file="/home/meng/Desktop/wptest/wordpress-develop/tests/phpunit/tests/rest-api/rest-categories-controller.php" line="1058" assertions="8" time="0.088862"/>
        <testcase name="test_delete_item_invalid_term" class="WP_Test_REST_Categories_Controller" classname="WP_Test_REST_Categories_Controller" file="/home/meng/Desktop/wptest/wordpress-develop/tests/phpunit/tests/rest-api/rest-categories-controller.php" line="1066" assertions="8" time="0.097563"/>
        <testcase name="test_delete_item_incorrect_permissions" class="WP_Test_REST_Categories_Controller" classname="WP_Test_REST_Categories_Controller" file="/home/meng/Desktop/wptest/wordpress-develop/tests/phpunit/tests/rest-api/rest-categories-controller.php" line="1074" assertions="8" time="0.105505"/>
        <testcase name="test_prepare_item" class="WP_Test_REST_Categories_Controller" classname="WP_Test_REST_Categories_Controller" file="/home/meng/Desktop/wptest/wordpress-develop/tests/phpunit/tests/rest-api/rest-categories-controller.php" line="1083" assertions="19" time="0.098723"/>
        <testcase name="test_prepare_item_limit_fields" class="WP_Test_REST_Categories_Controller" classname="WP_Test_REST_Categories_Controller" file="/home/meng/Desktop/wptest/wordpress-develop/tests/phpunit/tests/rest-api/rest-categories-controller.php" line="1093" assertions="9" time="0.087400"/>
        <testcase name="test_prepare_taxonomy_term_child" class="WP_Test_REST_Categories_Controller" classname="WP_Test_REST_Categories_Controller" file="/home/meng/Desktop/wptest/wordpress-develop/tests/phpunit/tests/rest-api/rest-categories-controller.php" line="1108" assertions="23" time="0.112426"/>
        <testcase name="test_get_item_schema" class="WP_Test_REST_Categories_Controller" classname="WP_Test_REST_Categories_Controller" file="/home/meng/Desktop/wptest/wordpress-develop/tests/phpunit/tests/rest-api/rest-categories-controller.php" line="1128" assertions="17" time="0.215750"/>
        <testcase name="test_get_additional_field_registration" class="WP_Test_REST_Categories_Controller" classname="WP_Test_REST_Categories_Controller" file="/home/meng/Desktop/wptest/wordpress-develop/tests/phpunit/tests/rest-api/rest-categories-controller.php" line="1146" assertions="13" time="0.115096"/>
      </testsuite>
      <testsuite name="WP_Test_REST_Comments_Controller" file="/home/meng/Desktop/wptest/wordpress-develop/tests/phpunit/tests/rest-api/rest-comments-controller.php" tests="142" assertions="2985" errors="0" failures="0" skipped="0" time="23.503034">
        <testcase name="test_register_routes" class="WP_Test_REST_Comments_Controller" classname="WP_Test_REST_Comments_Controller" file="/home/meng/Desktop/wptest/wordpress-develop/tests/phpunit/tests/rest-api/rest-comments-controller.php" line="161" assertions="8" time="0.083772"/>
        <testcase name="test_context_param" class="WP_Test_REST_Comments_Controller" classname="WP_Test_REST_Comments_Controller" file="/home/meng/Desktop/wptest/wordpress-develop/tests/phpunit/tests/rest-api/rest-comments-controller.php" line="170" assertions="10" time="0.094780"/>
        <testcase name="test_registered_query_params" class="WP_Test_REST_Comments_Controller" classname="WP_Test_REST_Comments_Controller" file="/home/meng/Desktop/wptest/wordpress-develop/tests/phpunit/tests/rest-api/rest-comments-controller.php" line="185" assertions="7" time="0.088217"/>
        <testcase name="test_get_items" class="WP_Test_REST_Comments_Controller" classname="WP_Test_REST_Comments_Controller" file="/home/meng/Desktop/wptest/wordpress-develop/tests/phpunit/tests/rest-api/rest-comments-controller.php" line="218" assertions="97" time="0.345444"/>
        <testcase name="test_get_items_with_password" class="WP_Test_REST_Comments_Controller" classname="WP_Test_REST_Comments_Controller" file="/home/meng/Desktop/wptest/wordpress-develop/tests/phpunit/tests/rest-api/rest-comments-controller.php" line="232" assertions="10" time="0.247509"/>
        <testcase name="test_get_items_with_password_without_post" class="WP_Test_REST_Comments_Controller" classname="WP_Test_REST_Comments_Controller" file="/home/meng/Desktop/wptest/wordpress-develop/tests/phpunit/tests/rest-api/rest-comments-controller.php" line="256" assertions="34" time="0.188759"/>
        <testcase name="test_get_items_with_password_with_multiple_post" class="WP_Test_REST_Comments_Controller" classname="WP_Test_REST_Comments_Controller" file="/home/meng/Desktop/wptest/wordpress-develop/tests/phpunit/tests/rest-api/rest-comments-controller.php" line="279" assertions="8" time="0.105408"/>
        <testcase name="test_get_password_items_without_edit_post_permission" class="WP_Test_REST_Comments_Controller" classname="WP_Test_REST_Comments_Controller" file="/home/meng/Desktop/wptest/wordpress-develop/tests/phpunit/tests/rest-api/rest-comments-controller.php" line="297" assertions="34" time="0.181552"/>
        <testcase name="test_get_password_items_with_edit_post_permission" class="WP_Test_REST_Comments_Controller" classname="WP_Test_REST_Comments_Controller" file="/home/meng/Desktop/wptest/wordpress-develop/tests/phpunit/tests/rest-api/rest-comments-controller.php" line="316" assertions="37" time="0.202436"/>
        <testcase name="test_get_items_without_private_post_permission" class="WP_Test_REST_Comments_Controller" classname="WP_Test_REST_Comments_Controller" file="/home/meng/Desktop/wptest/wordpress-develop/tests/phpunit/tests/rest-api/rest-comments-controller.php" line="335" assertions="34" time="0.182234"/>
        <testcase name="test_get_items_with_private_post_permission" class="WP_Test_REST_Comments_Controller" classname="WP_Test_REST_Comments_Controller" file="/home/meng/Desktop/wptest/wordpress-develop/tests/phpunit/tests/rest-api/rest-comments-controller.php" line="354" assertions="37" time="0.203614"/>
        <testcase name="test_get_items_with_invalid_post" class="WP_Test_REST_Comments_Controller" classname="WP_Test_REST_Comments_Controller" file="/home/meng/Desktop/wptest/wordpress-develop/tests/phpunit/tests/rest-api/rest-comments-controller.php" line="373" assertions="34" time="0.320994"/>
        <testcase name="test_get_items_with_invalid_post_permission" class="WP_Test_REST_Comments_Controller" classname="WP_Test_REST_Comments_Controller" file="/home/meng/Desktop/wptest/wordpress-develop/tests/phpunit/tests/rest-api/rest-comments-controller.php" line="394" assertions="36" time="0.200513"/>
        <testcase name="test_get_items_no_permission_for_context" class="WP_Test_REST_Comments_Controller" classname="WP_Test_REST_Comments_Controller" file="/home/meng/Desktop/wptest/wordpress-develop/tests/phpunit/tests/rest-api/rest-comments-controller.php" line="415" assertions="8" time="0.097530"/>
        <testcase name="test_get_items_no_post" class="WP_Test_REST_Comments_Controller" classname="WP_Test_REST_Comments_Controller" file="/home/meng/Desktop/wptest/wordpress-develop/tests/phpunit/tests/rest-api/rest-comments-controller.php" line="424" assertions="11" time="0.128307"/>
        <testcase name="test_get_items_no_permission_for_no_post" class="WP_Test_REST_Comments_Controller" classname="WP_Test_REST_Comments_Controller" file="/home/meng/Desktop/wptest/wordpress-develop/tests/phpunit/tests/rest-api/rest-comments-controller.php" line="437" assertions="8" time="0.094112"/>
        <testcase name="test_get_items_edit_context" class="WP_Test_REST_Comments_Controller" classname="WP_Test_REST_Comments_Controller" file="/home/meng/Desktop/wptest/wordpress-develop/tests/phpunit/tests/rest-api/rest-comments-controller.php" line="446" assertions="36" time="0.176157"/>
        <testcase name="test_get_items_for_post" class="WP_Test_REST_Comments_Controller" classname="WP_Test_REST_Comments_Controller" file="/home/meng/Desktop/wptest/wordpress-develop/tests/phpunit/tests/rest-api/rest-comments-controller.php" line="455" assertions="13" time="0.283425"/>
        <testcase name="test_get_items_include_query" class="WP_Test_REST_Comments_Controller" classname="WP_Test_REST_Comments_Controller" file="/home/meng/Desktop/wptest/wordpress-develop/tests/phpunit/tests/rest-api/rest-comments-controller.php" line="473" assertions="30" time="0.171047"/>
        <testcase name="test_get_items_exclude_query" class="WP_Test_REST_Comments_Controller" classname="WP_Test_REST_Comments_Controller" file="/home/meng/Desktop/wptest/wordpress-develop/tests/phpunit/tests/rest-api/rest-comments-controller.php" line="513" assertions="74" time="0.279163"/>
        <testcase name="test_get_items_offset_query" class="WP_Test_REST_Comments_Controller" classname="WP_Test_REST_Comments_Controller" file="/home/meng/Desktop/wptest/wordpress-develop/tests/phpunit/tests/rest-api/rest-comments-controller.php" line="544" assertions="113" time="0.389903"/>
        <testcase name="test_get_items_order_query" class="WP_Test_REST_Comments_Controller" classname="WP_Test_REST_Comments_Controller" file="/home/meng/Desktop/wptest/wordpress-develop/tests/phpunit/tests/rest-api/rest-comments-controller.php" line="569" assertions="72" time="0.292359"/>
        <testcase name="test_get_items_private_post_no_permissions" class="WP_Test_REST_Comments_Controller" classname="WP_Test_REST_Comments_Controller" file="/home/meng/Desktop/wptest/wordpress-develop/tests/phpunit/tests/rest-api/rest-comments-controller.php" line="598" assertions="8" time="0.117548"/>
        <testcase name="test_get_items_author_arg" class="WP_Test_REST_Comments_Controller" classname="WP_Test_REST_Comments_Controller" file="/home/meng/Desktop/wptest/wordpress-develop/tests/phpunit/tests/rest-api/rest-comments-controller.php" line="609" assertions="30" time="0.179027"/>
        <testcase name="test_get_items_author_exclude_arg" class="WP_Test_REST_Comments_Controller" classname="WP_Test_REST_Comments_Controller" file="/home/meng/Desktop/wptest/wordpress-develop/tests/phpunit/tests/rest-api/rest-comments-controller.php" line="652" assertions="311" time="0.971649"/>
        <testcase name="test_get_items_parent_arg" class="WP_Test_REST_Comments_Controller" classname="WP_Test_REST_Comments_Controller" file="/home/meng/Desktop/wptest/wordpress-develop/tests/phpunit/tests/rest-api/rest-comments-controller.php" line="707" assertions="132" time="0.450577"/>
        <testcase name="test_get_items_parent_exclude_arg" class="WP_Test_REST_Comments_Controller" classname="WP_Test_REST_Comments_Controller" file="/home/meng/Desktop/wptest/wordpress-develop/tests/phpunit/tests/rest-api/rest-comments-controller.php" line="743" assertions="320" time="0.860436"/>
        <testcase name="test_get_items_search_query" class="WP_Test_REST_Comments_Controller" classname="WP_Test_REST_Comments_Controller" file="/home/meng/Desktop/wptest/wordpress-develop/tests/phpunit/tests/rest-api/rest-comments-controller.php" line="779" assertions="105" time="0.369640"/>
        <testcase name="test_get_comments_pagination_headers" class="WP_Test_REST_Comments_Controller" classname="WP_Test_REST_Comments_Controller" file="/home/meng/Desktop/wptest/wordpress-develop/tests/phpunit/tests/rest-api/rest-comments-controller.php" line="806" assertions="92" time="0.322929"/>
        <testcase name="test_get_comments_invalid_date" class="WP_Test_REST_Comments_Controller" classname="WP_Test_REST_Comments_Controller" file="/home/meng/Desktop/wptest/wordpress-develop/tests/phpunit/tests/rest-api/rest-comments-controller.php" line="889" assertions="8" time="0.095461"/>
        <testcase name="test_get_comments_valid_date" class="WP_Test_REST_Comments_Controller" classname="WP_Test_REST_Comments_Controller" file="/home/meng/Desktop/wptest/wordpress-develop/tests/phpunit/tests/rest-api/rest-comments-controller.php" line="897" assertions="10" time="0.125755"/>
        <testcase name="test_get_item" class="WP_Test_REST_Comments_Controller" classname="WP_Test_REST_Comments_Controller" file="/home/meng/Desktop/wptest/wordpress-develop/tests/phpunit/tests/rest-api/rest-comments-controller.php" line="926" assertions="26" time="0.231333"/>
        <testcase name="test_prepare_item" class="WP_Test_REST_Comments_Controller" classname="WP_Test_REST_Comments_Controller" file="/home/meng/Desktop/wptest/wordpress-develop/tests/phpunit/tests/rest-api/rest-comments-controller.php" line="936" assertions="26" time="0.107715"/>
        <testcase name="test_prepare_item_limit_fields" class="WP_Test_REST_Comments_Controller" classname="WP_Test_REST_Comments_Controller" file="/home/meng/Desktop/wptest/wordpress-develop/tests/phpunit/tests/rest-api/rest-comments-controller.php" line="953" assertions="8" time="0.098103"/>
        <testcase name="test_get_comment_author_avatar_urls" class="WP_Test_REST_Comments_Controller" classname="WP_Test_REST_Comments_Controller" file="/home/meng/Desktop/wptest/wordpress-develop/tests/phpunit/tests/rest-api/rest-comments-controller.php" line="971" assertions="11" time="0.102170"/>
        <testcase name="test_get_comment_invalid_id" class="WP_Test_REST_Comments_Controller" classname="WP_Test_REST_Comments_Controller" file="/home/meng/Desktop/wptest/wordpress-develop/tests/phpunit/tests/rest-api/rest-comments-controller.php" line="987" assertions="8" time="0.090886"/>
        <testcase name="test_get_comment_invalid_context" class="WP_Test_REST_Comments_Controller" classname="WP_Test_REST_Comments_Controller" file="/home/meng/Desktop/wptest/wordpress-develop/tests/phpunit/tests/rest-api/rest-comments-controller.php" line="994" assertions="8" time="0.089249"/>
        <testcase name="test_get_comment_invalid_post_id" class="WP_Test_REST_Comments_Controller" classname="WP_Test_REST_Comments_Controller" file="/home/meng/Desktop/wptest/wordpress-develop/tests/phpunit/tests/rest-api/rest-comments-controller.php" line="1003" assertions="8" time="0.097268"/>
        <testcase name="test_get_comment_invalid_post_id_as_admin" class="WP_Test_REST_Comments_Controller" classname="WP_Test_REST_Comments_Controller" file="/home/meng/Desktop/wptest/wordpress-develop/tests/phpunit/tests/rest-api/rest-comments-controller.php" line="1018" assertions="8" time="0.227328"/>
        <testcase name="test_get_comment_not_approved" class="WP_Test_REST_Comments_Controller" classname="WP_Test_REST_Comments_Controller" file="/home/meng/Desktop/wptest/wordpress-develop/tests/phpunit/tests/rest-api/rest-comments-controller.php" line="1033" assertions="8" time="0.096286"/>
        <testcase name="test_get_comment_not_approved_same_user" class="WP_Test_REST_Comments_Controller" classname="WP_Test_REST_Comments_Controller" file="/home/meng/Desktop/wptest/wordpress-develop/tests/phpunit/tests/rest-api/rest-comments-controller.php" line="1041" assertions="9" time="0.107656"/>
        <testcase name="test_get_comment_with_children_link" class="WP_Test_REST_Comments_Controller" classname="WP_Test_REST_Comments_Controller" file="/home/meng/Desktop/wptest/wordpress-develop/tests/phpunit/tests/rest-api/rest-comments-controller.php" line="1049" assertions="11" time="0.122949"/>
        <testcase name="test_get_comment_without_children_link" class="WP_Test_REST_Comments_Controller" classname="WP_Test_REST_Comments_Controller" file="/home/meng/Desktop/wptest/wordpress-develop/tests/phpunit/tests/rest-api/rest-comments-controller.php" line="1073" assertions="10" time="0.109455"/>
        <testcase name="test_get_comment_with_password_without_edit_post_permission" class="WP_Test_REST_Comments_Controller" classname="WP_Test_REST_Comments_Controller" file="/home/meng/Desktop/wptest/wordpress-develop/tests/phpunit/tests/rest-api/rest-comments-controller.php" line="1088" assertions="8" time="0.103698"/>
        <testcase name="test_get_comment_with_password_with_valid_password" class="WP_Test_REST_Comments_Controller" classname="WP_Test_REST_Comments_Controller" file="/home/meng/Desktop/wptest/wordpress-develop/tests/phpunit/tests/rest-api/rest-comments-controller.php" line="1106" assertions="8" time="0.241977"/>
        <testcase name="test_create_item" class="WP_Test_REST_Comments_Controller" classname="WP_Test_REST_Comments_Controller" file="/home/meng/Desktop/wptest/wordpress-develop/tests/phpunit/tests/rest-api/rest-comments-controller.php" line="1123" assertions="30" time="0.141666"/>
        <testsuite name="WP_Test_REST_Comments_Controller::test_create_comment_date" tests="4" assertions="56" errors="0" failures="0" skipped="0" time="0.532169">
          <testcase name="test_create_comment_date with data set &quot;set date without timezone&quot;" class="WP_Test_REST_Comments_Controller" classname="WP_Test_REST_Comments_Controller" file="/home/meng/Desktop/wptest/wordpress-develop/tests/phpunit/tests/rest-api/rest-comments-controller.php" line="1197" assertions="14" time="0.124942"/>
          <testcase name="test_create_comment_date with data set &quot;set date_gmt without timezone&quot;" class="WP_Test_REST_Comments_Controller" classname="WP_Test_REST_Comments_Controller" file="/home/meng/Desktop/wptest/wordpress-develop/tests/phpunit/tests/rest-api/rest-comments-controller.php" line="1197" assertions="14" time="0.127812"/>
          <testcase name="test_create_comment_date with data set &quot;set date with timezone&quot;" class="WP_Test_REST_Comments_Controller" classname="WP_Test_REST_Comments_Controller" file="/home/meng/Desktop/wptest/wordpress-develop/tests/phpunit/tests/rest-api/rest-comments-controller.php" line="1197" assertions="14" time="0.156877"/>
          <testcase name="test_create_comment_date with data set &quot;set date_gmt with timezone&quot;" class="WP_Test_REST_Comments_Controller" classname="WP_Test_REST_Comments_Controller" file="/home/meng/Desktop/wptest/wordpress-develop/tests/phpunit/tests/rest-api/rest-comments-controller.php" line="1197" assertions="14" time="0.122538"/>
        </testsuite>
        <testcase name="test_create_item_using_accepted_content_raw_value" class="WP_Test_REST_Comments_Controller" classname="WP_Test_REST_Comments_Controller" file="/home/meng/Desktop/wptest/wordpress-develop/tests/phpunit/tests/rest-api/rest-comments-controller.php" line="1228" assertions="10" time="0.118410"/>
        <testcase name="test_create_item_error_from_filter" class="WP_Test_REST_Comments_Controller" classname="WP_Test_REST_Comments_Controller" file="/home/meng/Desktop/wptest/wordpress-develop/tests/phpunit/tests/rest-api/rest-comments-controller.php" line="1253" assertions="8" time="0.236799"/>
        <testcase name="test_create_comment_missing_required_author_name" class="WP_Test_REST_Comments_Controller" classname="WP_Test_REST_Comments_Controller" file="/home/meng/Desktop/wptest/wordpress-develop/tests/phpunit/tests/rest-api/rest-comments-controller.php" line="1279" assertions="8" time="0.098759"/>
        <testcase name="test_create_comment_empty_required_author_name" class="WP_Test_REST_Comments_Controller" classname="WP_Test_REST_Comments_Controller" file="/home/meng/Desktop/wptest/wordpress-develop/tests/phpunit/tests/rest-api/rest-comments-controller.php" line="1298" assertions="8" time="0.096460"/>
        <testcase name="test_create_comment_missing_required_author_email" class="WP_Test_REST_Comments_Controller" classname="WP_Test_REST_Comments_Controller" file="/home/meng/Desktop/wptest/wordpress-develop/tests/phpunit/tests/rest-api/rest-comments-controller.php" line="1318" assertions="8" time="0.105650"/>
        <testcase name="test_create_comment_empty_required_author_email" class="WP_Test_REST_Comments_Controller" classname="WP_Test_REST_Comments_Controller" file="/home/meng/Desktop/wptest/wordpress-develop/tests/phpunit/tests/rest-api/rest-comments-controller.php" line="1337" assertions="8" time="0.101695"/>
        <testcase name="test_create_comment_author_email_too_short" class="WP_Test_REST_Comments_Controller" classname="WP_Test_REST_Comments_Controller" file="/home/meng/Desktop/wptest/wordpress-develop/tests/phpunit/tests/rest-api/rest-comments-controller.php" line="1357" assertions="9" time="0.096528"/>
        <testcase name="test_create_item_invalid_no_content" class="WP_Test_REST_Comments_Controller" classname="WP_Test_REST_Comments_Controller" file="/home/meng/Desktop/wptest/wordpress-develop/tests/phpunit/tests/rest-api/rest-comments-controller.php" line="1378" assertions="12" time="0.107389"/>
        <testcase name="test_create_item_invalid_only_spaces_content" class="WP_Test_REST_Comments_Controller" classname="WP_Test_REST_Comments_Controller" file="/home/meng/Desktop/wptest/wordpress-develop/tests/phpunit/tests/rest-api/rest-comments-controller.php" line="1404" assertions="8" time="0.229332"/>
        <testcase name="test_create_item_allows_0_as_content" class="WP_Test_REST_Comments_Controller" classname="WP_Test_REST_Comments_Controller" file="/home/meng/Desktop/wptest/wordpress-develop/tests/phpunit/tests/rest-api/rest-comments-controller.php" line="1426" assertions="10" time="0.117380"/>
        <testcase name="test_create_item_allow_empty_comment_filter" class="WP_Test_REST_Comments_Controller" classname="WP_Test_REST_Comments_Controller" file="/home/meng/Desktop/wptest/wordpress-develop/tests/phpunit/tests/rest-api/rest-comments-controller.php" line="1449" assertions="10" time="0.113413"/>
        <testcase name="test_create_item_invalid_date" class="WP_Test_REST_Comments_Controller" classname="WP_Test_REST_Comments_Controller" file="/home/meng/Desktop/wptest/wordpress-develop/tests/phpunit/tests/rest-api/rest-comments-controller.php" line="1471" assertions="8" time="0.091764"/>
        <testcase name="test_create_item_assign_different_user" class="WP_Test_REST_Comments_Controller" classname="WP_Test_REST_Comments_Controller" file="/home/meng/Desktop/wptest/wordpress-develop/tests/phpunit/tests/rest-api/rest-comments-controller.php" line="1492" assertions="12" time="0.196453"/>
        <testcase name="test_create_comment_without_type" class="WP_Test_REST_Comments_Controller" classname="WP_Test_REST_Comments_Controller" file="/home/meng/Desktop/wptest/wordpress-develop/tests/phpunit/tests/rest-api/rest-comments-controller.php" line="1523" assertions="17" time="0.159196"/>
        <testcase name="test_create_comment_with_invalid_type" class="WP_Test_REST_Comments_Controller" classname="WP_Test_REST_Comments_Controller" file="/home/meng/Desktop/wptest/wordpress-develop/tests/phpunit/tests/rest-api/rest-comments-controller.php" line="1561" assertions="8" time="0.255870"/>
        <testcase name="test_create_comment_invalid_email" class="WP_Test_REST_Comments_Controller" classname="WP_Test_REST_Comments_Controller" file="/home/meng/Desktop/wptest/wordpress-develop/tests/phpunit/tests/rest-api/rest-comments-controller.php" line="1585" assertions="8" time="0.125004"/>
        <testcase name="test_create_item_current_user" class="WP_Test_REST_Comments_Controller" classname="WP_Test_REST_Comments_Controller" file="/home/meng/Desktop/wptest/wordpress-develop/tests/phpunit/tests/rest-api/rest-comments-controller.php" line="1608" assertions="14" time="0.198835"/>
        <testcase name="test_create_comment_other_user" class="WP_Test_REST_Comments_Controller" classname="WP_Test_REST_Comments_Controller" file="/home/meng/Desktop/wptest/wordpress-develop/tests/phpunit/tests/rest-api/rest-comments-controller.php" line="1644" assertions="14" time="0.125161"/>
        <testcase name="test_create_comment_other_user_without_permission" class="WP_Test_REST_Comments_Controller" classname="WP_Test_REST_Comments_Controller" file="/home/meng/Desktop/wptest/wordpress-develop/tests/phpunit/tests/rest-api/rest-comments-controller.php" line="1669" assertions="8" time="0.103175"/>
        <testcase name="test_create_comment_invalid_post" class="WP_Test_REST_Comments_Controller" classname="WP_Test_REST_Comments_Controller" file="/home/meng/Desktop/wptest/wordpress-develop/tests/phpunit/tests/rest-api/rest-comments-controller.php" line="1689" assertions="8" time="0.096784"/>
        <testcase name="test_create_comment_status_without_permission" class="WP_Test_REST_Comments_Controller" classname="WP_Test_REST_Comments_Controller" file="/home/meng/Desktop/wptest/wordpress-develop/tests/phpunit/tests/rest-api/rest-comments-controller.php" line="1709" assertions="8" time="0.098877"/>
        <testcase name="test_create_comment_with_status_IP_and_user_agent" class="WP_Test_REST_Comments_Controller" classname="WP_Test_REST_Comments_Controller" file="/home/meng/Desktop/wptest/wordpress-develop/tests/phpunit/tests/rest-api/rest-comments-controller.php" line="1730" assertions="12" time="0.279860"/>
        <testcase name="test_create_comment_user_agent_header" class="WP_Test_REST_Comments_Controller" classname="WP_Test_REST_Comments_Controller" file="/home/meng/Desktop/wptest/wordpress-develop/tests/phpunit/tests/rest-api/rest-comments-controller.php" line="1759" assertions="10" time="0.118699"/>
        <testcase name="test_create_comment_author_ip" class="WP_Test_REST_Comments_Controller" classname="WP_Test_REST_Comments_Controller" file="/home/meng/Desktop/wptest/wordpress-develop/tests/phpunit/tests/rest-api/rest-comments-controller.php" line="1784" assertions="9" time="0.130460"/>
        <testcase name="test_create_comment_invalid_author_IP" class="WP_Test_REST_Comments_Controller" classname="WP_Test_REST_Comments_Controller" file="/home/meng/Desktop/wptest/wordpress-develop/tests/phpunit/tests/rest-api/rest-comments-controller.php" line="1805" assertions="8" time="0.097936"/>
        <testcase name="test_create_comment_author_ip_no_permission" class="WP_Test_REST_Comments_Controller" classname="WP_Test_REST_Comments_Controller" file="/home/meng/Desktop/wptest/wordpress-develop/tests/phpunit/tests/rest-api/rest-comments-controller.php" line="1825" assertions="8" time="0.096804"/>
        <testcase name="test_create_comment_author_ip_defaults_to_remote_addr" class="WP_Test_REST_Comments_Controller" classname="WP_Test_REST_Comments_Controller" file="/home/meng/Desktop/wptest/wordpress-develop/tests/phpunit/tests/rest-api/rest-comments-controller.php" line="1844" assertions="9" time="0.119480"/>
        <testcase name="test_create_comment_no_post_id" class="WP_Test_REST_Comments_Controller" classname="WP_Test_REST_Comments_Controller" file="/home/meng/Desktop/wptest/wordpress-develop/tests/phpunit/tests/rest-api/rest-comments-controller.php" line="1866" assertions="8" time="0.095318"/>
        <testcase name="test_create_comment_no_post_id_no_permission" class="WP_Test_REST_Comments_Controller" classname="WP_Test_REST_Comments_Controller" file="/home/meng/Desktop/wptest/wordpress-develop/tests/phpunit/tests/rest-api/rest-comments-controller.php" line="1886" assertions="8" time="0.234450"/>
        <testcase name="test_create_comment_invalid_post_id" class="WP_Test_REST_Comments_Controller" classname="WP_Test_REST_Comments_Controller" file="/home/meng/Desktop/wptest/wordpress-develop/tests/phpunit/tests/rest-api/rest-comments-controller.php" line="1905" assertions="8" time="0.094021"/>
        <testcase name="test_create_comment_draft_post" class="WP_Test_REST_Comments_Controller" classname="WP_Test_REST_Comments_Controller" file="/home/meng/Desktop/wptest/wordpress-develop/tests/phpunit/tests/rest-api/rest-comments-controller.php" line="1925" assertions="8" time="0.097874"/>
        <testcase name="test_create_comment_trash_post" class="WP_Test_REST_Comments_Controller" classname="WP_Test_REST_Comments_Controller" file="/home/meng/Desktop/wptest/wordpress-develop/tests/phpunit/tests/rest-api/rest-comments-controller.php" line="1945" assertions="8" time="0.099722"/>
        <testcase name="test_create_comment_private_post_invalid_permission" class="WP_Test_REST_Comments_Controller" classname="WP_Test_REST_Comments_Controller" file="/home/meng/Desktop/wptest/wordpress-develop/tests/phpunit/tests/rest-api/rest-comments-controller.php" line="1966" assertions="8" time="0.101654"/>
        <testcase name="test_create_comment_password_post_invalid_permission" class="WP_Test_REST_Comments_Controller" classname="WP_Test_REST_Comments_Controller" file="/home/meng/Desktop/wptest/wordpress-develop/tests/phpunit/tests/rest-api/rest-comments-controller.php" line="1986" assertions="8" time="0.097024"/>
        <testcase name="test_create_item_duplicate" class="WP_Test_REST_Comments_Controller" classname="WP_Test_REST_Comments_Controller" file="/home/meng/Desktop/wptest/wordpress-develop/tests/phpunit/tests/rest-api/rest-comments-controller.php" line="2006" assertions="5" time="0.229431"/>
        <testcase name="test_create_comment_closed" class="WP_Test_REST_Comments_Controller" classname="WP_Test_REST_Comments_Controller" file="/home/meng/Desktop/wptest/wordpress-develop/tests/phpunit/tests/rest-api/rest-comments-controller.php" line="2033" assertions="5" time="0.160092"/>
        <testcase name="test_create_comment_require_login" class="WP_Test_REST_Comments_Controller" classname="WP_Test_REST_Comments_Controller" file="/home/meng/Desktop/wptest/wordpress-develop/tests/phpunit/tests/rest-api/rest-comments-controller.php" line="2054" assertions="6" time="0.090392"/>
        <testcase name="test_create_item_invalid_author" class="WP_Test_REST_Comments_Controller" classname="WP_Test_REST_Comments_Controller" file="/home/meng/Desktop/wptest/wordpress-develop/tests/phpunit/tests/rest-api/rest-comments-controller.php" line="2068" assertions="8" time="0.097141"/>
        <testcase name="test_create_item_pull_author_info" class="WP_Test_REST_Comments_Controller" classname="WP_Test_REST_Comments_Controller" file="/home/meng/Desktop/wptest/wordpress-develop/tests/phpunit/tests/rest-api/rest-comments-controller.php" line="2085" assertions="13" time="0.119204"/>
        <testcase name="test_create_comment_two_times" class="WP_Test_REST_Comments_Controller" classname="WP_Test_REST_Comments_Controller" file="/home/meng/Desktop/wptest/wordpress-develop/tests/phpunit/tests/rest-api/rest-comments-controller.php" line="2108" assertions="10" time="0.133990"/>
        <testcase name="test_allow_anonymous_comments_null" class="WP_Test_REST_Comments_Controller" classname="WP_Test_REST_Comments_Controller" file="/home/meng/Desktop/wptest/wordpress-develop/tests/phpunit/tests/rest-api/rest-comments-controller.php" line="2147" assertions="8" time="0.091827"/>
        <testcase name="test_create_comment_author_name_too_long" class="WP_Test_REST_Comments_Controller" classname="WP_Test_REST_Comments_Controller" file="/home/meng/Desktop/wptest/wordpress-develop/tests/phpunit/tests/rest-api/rest-comments-controller.php" line="2172" assertions="8" time="0.236467"/>
        <testcase name="test_create_comment_author_email_too_long" class="WP_Test_REST_Comments_Controller" classname="WP_Test_REST_Comments_Controller" file="/home/meng/Desktop/wptest/wordpress-develop/tests/phpunit/tests/rest-api/rest-comments-controller.php" line="2196" assertions="8" time="0.098379"/>
        <testcase name="test_create_comment_author_url_too_long" class="WP_Test_REST_Comments_Controller" classname="WP_Test_REST_Comments_Controller" file="/home/meng/Desktop/wptest/wordpress-develop/tests/phpunit/tests/rest-api/rest-comments-controller.php" line="2220" assertions="8" time="0.103993"/>
        <testcase name="test_create_comment_content_too_long" class="WP_Test_REST_Comments_Controller" classname="WP_Test_REST_Comments_Controller" file="/home/meng/Desktop/wptest/wordpress-develop/tests/phpunit/tests/rest-api/rest-comments-controller.php" line="2244" assertions="8" time="0.360179"/>
        <testcase name="test_create_comment_without_password" class="WP_Test_REST_Comments_Controller" classname="WP_Test_REST_Comments_Controller" file="/home/meng/Desktop/wptest/wordpress-develop/tests/phpunit/tests/rest-api/rest-comments-controller.php" line="2265" assertions="8" time="0.100755"/>
        <testcase name="test_create_comment_with_password" class="WP_Test_REST_Comments_Controller" classname="WP_Test_REST_Comments_Controller" file="/home/meng/Desktop/wptest/wordpress-develop/tests/phpunit/tests/rest-api/rest-comments-controller.php" line="2285" assertions="9" time="0.119845"/>
        <testcase name="test_update_item" class="WP_Test_REST_Comments_Controller" classname="WP_Test_REST_Comments_Controller" file="/home/meng/Desktop/wptest/wordpress-develop/tests/phpunit/tests/rest-api/rest-comments-controller.php" line="2305" assertions="18" time="0.157945"/>
        <testsuite name="WP_Test_REST_Comments_Controller::test_update_comment_date" tests="4" assertions="44" errors="0" failures="0" skipped="0" time="0.607998">
          <testcase name="test_update_comment_date with data set &quot;set date without timezone&quot;" class="WP_Test_REST_Comments_Controller" classname="WP_Test_REST_Comments_Controller" file="/home/meng/Desktop/wptest/wordpress-develop/tests/phpunit/tests/rest-api/rest-comments-controller.php" line="2345" assertions="11" time="0.247213"/>
          <testcase name="test_update_comment_date with data set &quot;set date_gmt without timezone&quot;" class="WP_Test_REST_Comments_Controller" classname="WP_Test_REST_Comments_Controller" file="/home/meng/Desktop/wptest/wordpress-develop/tests/phpunit/tests/rest-api/rest-comments-controller.php" line="2345" assertions="11" time="0.124465"/>
          <testcase name="test_update_comment_date with data set &quot;set date with timezone&quot;" class="WP_Test_REST_Comments_Controller" classname="WP_Test_REST_Comments_Controller" file="/home/meng/Desktop/wptest/wordpress-develop/tests/phpunit/tests/rest-api/rest-comments-controller.php" line="2345" assertions="11" time="0.122978"/>
          <testcase name="test_update_comment_date with data set &quot;set date_gmt with timezone&quot;" class="WP_Test_REST_Comments_Controller" classname="WP_Test_REST_Comments_Controller" file="/home/meng/Desktop/wptest/wordpress-develop/tests/phpunit/tests/rest-api/rest-comments-controller.php" line="2345" assertions="11" time="0.113342"/>
        </testsuite>
        <testcase name="test_update_item_no_content" class="WP_Test_REST_Comments_Controller" classname="WP_Test_REST_Comments_Controller" file="/home/meng/Desktop/wptest/wordpress-develop/tests/phpunit/tests/rest-api/rest-comments-controller.php" line="2376" assertions="12" time="0.152779"/>
        <testcase name="test_update_item_no_change" class="WP_Test_REST_Comments_Controller" classname="WP_Test_REST_Comments_Controller" file="/home/meng/Desktop/wptest/wordpress-develop/tests/phpunit/tests/rest-api/rest-comments-controller.php" line="2395" assertions="12" time="0.136751"/>
        <testcase name="test_update_comment_status" class="WP_Test_REST_Comments_Controller" classname="WP_Test_REST_Comments_Controller" file="/home/meng/Desktop/wptest/wordpress-develop/tests/phpunit/tests/rest-api/rest-comments-controller.php" line="2412" assertions="10" time="0.254401"/>
        <testcase name="test_update_comment_field_does_not_use_default_values" class="WP_Test_REST_Comments_Controller" classname="WP_Test_REST_Comments_Controller" file="/home/meng/Desktop/wptest/wordpress-develop/tests/phpunit/tests/rest-api/rest-comments-controller.php" line="2439" assertions="11" time="0.125826"/>
        <testcase name="test_update_comment_date_gmt" class="WP_Test_REST_Comments_Controller" classname="WP_Test_REST_Comments_Controller" file="/home/meng/Desktop/wptest/wordpress-develop/tests/phpunit/tests/rest-api/rest-comments-controller.php" line="2468" assertions="10" time="0.121401"/>
        <testcase name="test_update_comment_author_email_only" class="WP_Test_REST_Comments_Controller" classname="WP_Test_REST_Comments_Controller" file="/home/meng/Desktop/wptest/wordpress-develop/tests/phpunit/tests/rest-api/rest-comments-controller.php" line="2489" assertions="8" time="0.120257"/>
        <testcase name="test_update_comment_empty_author_name" class="WP_Test_REST_Comments_Controller" classname="WP_Test_REST_Comments_Controller" file="/home/meng/Desktop/wptest/wordpress-develop/tests/phpunit/tests/rest-api/rest-comments-controller.php" line="2508" assertions="8" time="0.119560"/>
        <testcase name="test_update_comment_author_name_only" class="WP_Test_REST_Comments_Controller" classname="WP_Test_REST_Comments_Controller" file="/home/meng/Desktop/wptest/wordpress-develop/tests/phpunit/tests/rest-api/rest-comments-controller.php" line="2528" assertions="8" time="0.121679"/>
        <testcase name="test_update_comment_empty_author_email" class="WP_Test_REST_Comments_Controller" classname="WP_Test_REST_Comments_Controller" file="/home/meng/Desktop/wptest/wordpress-develop/tests/phpunit/tests/rest-api/rest-comments-controller.php" line="2547" assertions="8" time="0.120802"/>
        <testcase name="test_update_comment_author_email_too_short" class="WP_Test_REST_Comments_Controller" classname="WP_Test_REST_Comments_Controller" file="/home/meng/Desktop/wptest/wordpress-develop/tests/phpunit/tests/rest-api/rest-comments-controller.php" line="2567" assertions="9" time="0.226340"/>
        <testcase name="test_update_comment_invalid_type" class="WP_Test_REST_Comments_Controller" classname="WP_Test_REST_Comments_Controller" file="/home/meng/Desktop/wptest/wordpress-develop/tests/phpunit/tests/rest-api/rest-comments-controller.php" line="2587" assertions="8" time="0.094590"/>
        <testcase name="test_update_comment_with_raw_property" class="WP_Test_REST_Comments_Controller" classname="WP_Test_REST_Comments_Controller" file="/home/meng/Desktop/wptest/wordpress-develop/tests/phpunit/tests/rest-api/rest-comments-controller.php" line="2602" assertions="9" time="0.116284"/>
        <testcase name="test_update_item_invalid_date" class="WP_Test_REST_Comments_Controller" classname="WP_Test_REST_Comments_Controller" file="/home/meng/Desktop/wptest/wordpress-develop/tests/phpunit/tests/rest-api/rest-comments-controller.php" line="2624" assertions="8" time="0.095087"/>
        <testcase name="test_update_item_invalid_date_gmt" class="WP_Test_REST_Comments_Controller" classname="WP_Test_REST_Comments_Controller" file="/home/meng/Desktop/wptest/wordpress-develop/tests/phpunit/tests/rest-api/rest-comments-controller.php" line="2640" assertions="8" time="0.094198"/>
        <testcase name="test_update_comment_invalid_id" class="WP_Test_REST_Comments_Controller" classname="WP_Test_REST_Comments_Controller" file="/home/meng/Desktop/wptest/wordpress-develop/tests/phpunit/tests/rest-api/rest-comments-controller.php" line="2656" assertions="8" time="0.098585"/>
        <testcase name="test_update_comment_invalid_post_id" class="WP_Test_REST_Comments_Controller" classname="WP_Test_REST_Comments_Controller" file="/home/meng/Desktop/wptest/wordpress-develop/tests/phpunit/tests/rest-api/rest-comments-controller.php" line="2671" assertions="8" time="0.093214"/>
        <testcase name="test_update_comment_invalid_permission" class="WP_Test_REST_Comments_Controller" classname="WP_Test_REST_Comments_Controller" file="/home/meng/Desktop/wptest/wordpress-develop/tests/phpunit/tests/rest-api/rest-comments-controller.php" line="2681" assertions="8" time="0.226400"/>
        <testcase name="test_update_comment_when_can_moderate_comments" class="WP_Test_REST_Comments_Controller" classname="WP_Test_REST_Comments_Controller" file="/home/meng/Desktop/wptest/wordpress-develop/tests/phpunit/tests/rest-api/rest-comments-controller.php" line="2699" assertions="11" time="0.124507"/>
        <testcase name="test_update_comment_private_post_invalid_permission" class="WP_Test_REST_Comments_Controller" classname="WP_Test_REST_Comments_Controller" file="/home/meng/Desktop/wptest/wordpress-develop/tests/phpunit/tests/rest-api/rest-comments-controller.php" line="2722" assertions="8" time="0.113413"/>
        <testcase name="test_update_comment_with_children_link" class="WP_Test_REST_Comments_Controller" classname="WP_Test_REST_Comments_Controller" file="/home/meng/Desktop/wptest/wordpress-develop/tests/phpunit/tests/rest-api/rest-comments-controller.php" line="2745" assertions="23" time="0.187548"/>
        <testcase name="test_update_comment_author_name_too_long" class="WP_Test_REST_Comments_Controller" classname="WP_Test_REST_Comments_Controller" file="/home/meng/Desktop/wptest/wordpress-develop/tests/phpunit/tests/rest-api/rest-comments-controller.php" line="2787" assertions="8" time="0.097642"/>
        <testcase name="test_update_comment_author_email_too_long" class="WP_Test_REST_Comments_Controller" classname="WP_Test_REST_Comments_Controller" file="/home/meng/Desktop/wptest/wordpress-develop/tests/phpunit/tests/rest-api/rest-comments-controller.php" line="2807" assertions="8" time="0.108108"/>
        <testcase name="test_update_comment_author_url_too_long" class="WP_Test_REST_Comments_Controller" classname="WP_Test_REST_Comments_Controller" file="/home/meng/Desktop/wptest/wordpress-develop/tests/phpunit/tests/rest-api/rest-comments-controller.php" line="2827" assertions="8" time="0.099658"/>
        <testcase name="test_update_comment_content_too_long" class="WP_Test_REST_Comments_Controller" classname="WP_Test_REST_Comments_Controller" file="/home/meng/Desktop/wptest/wordpress-develop/tests/phpunit/tests/rest-api/rest-comments-controller.php" line="2847" assertions="8" time="0.489296"/>
        <testcase name="test_update_comment_is_wp_error" class="WP_Test_REST_Comments_Controller" classname="WP_Test_REST_Comments_Controller" file="/home/meng/Desktop/wptest/wordpress-develop/tests/phpunit/tests/rest-api/rest-comments-controller.php" line="2866" assertions="8" time="0.109241"/>
        <testcase name="test_comment_roundtrip_as_editor" class="WP_Test_REST_Comments_Controller" classname="WP_Test_REST_Comments_Controller" file="/home/meng/Desktop/wptest/wordpress-develop/tests/phpunit/tests/rest-api/rest-comments-controller.php" line="2944" assertions="30" time="0.156221"/>
        <testcase name="test_comment_roundtrip_as_editor_unfiltered_html" class="WP_Test_REST_Comments_Controller" classname="WP_Test_REST_Comments_Controller" file="/home/meng/Desktop/wptest/wordpress-develop/tests/phpunit/tests/rest-api/rest-comments-controller.php" line="2965" assertions="30" time="0.148404"/>
        <testcase name="test_comment_roundtrip_as_superadmin" class="WP_Test_REST_Comments_Controller" classname="WP_Test_REST_Comments_Controller" file="/home/meng/Desktop/wptest/wordpress-develop/tests/phpunit/tests/rest-api/rest-comments-controller.php" line="3005" assertions="30" time="0.147975"/>
        <testcase name="test_comment_roundtrip_as_superadmin_unfiltered_html" class="WP_Test_REST_Comments_Controller" classname="WP_Test_REST_Comments_Controller" file="/home/meng/Desktop/wptest/wordpress-develop/tests/phpunit/tests/rest-api/rest-comments-controller.php" line="3026" assertions="30" time="0.154438"/>
        <testcase name="test_delete_item" class="WP_Test_REST_Comments_Controller" classname="WP_Test_REST_Comments_Controller" file="/home/meng/Desktop/wptest/wordpress-develop/tests/phpunit/tests/rest-api/rest-comments-controller.php" line="3047" assertions="10" time="0.260064"/>
        <testcase name="test_delete_item_skip_trash" class="WP_Test_REST_Comments_Controller" classname="WP_Test_REST_Comments_Controller" file="/home/meng/Desktop/wptest/wordpress-develop/tests/phpunit/tests/rest-api/rest-comments-controller.php" line="3067" assertions="11" time="0.117481"/>
        <testcase name="test_delete_item_already_trashed" class="WP_Test_REST_Comments_Controller" classname="WP_Test_REST_Comments_Controller" file="/home/meng/Desktop/wptest/wordpress-develop/tests/phpunit/tests/rest-api/rest-comments-controller.php" line="3088" assertions="13" time="0.123146"/>
        <testcase name="test_delete_comment_invalid_id" class="WP_Test_REST_Comments_Controller" classname="WP_Test_REST_Comments_Controller" file="/home/meng/Desktop/wptest/wordpress-develop/tests/phpunit/tests/rest-api/rest-comments-controller.php" line="3107" assertions="8" time="0.100822"/>
        <testcase name="test_delete_comment_without_permission" class="WP_Test_REST_Comments_Controller" classname="WP_Test_REST_Comments_Controller" file="/home/meng/Desktop/wptest/wordpress-develop/tests/phpunit/tests/rest-api/rest-comments-controller.php" line="3115" assertions="8" time="0.098277"/>
        <testcase name="test_delete_child_comment_link" class="WP_Test_REST_Comments_Controller" classname="WP_Test_REST_Comments_Controller" file="/home/meng/Desktop/wptest/wordpress-develop/tests/phpunit/tests/rest-api/rest-comments-controller.php" line="3123" assertions="16" time="0.145587"/>
        <testcase name="test_get_item_schema" class="WP_Test_REST_Comments_Controller" classname="WP_Test_REST_Comments_Controller" file="/home/meng/Desktop/wptest/wordpress-develop/tests/phpunit/tests/rest-api/rest-comments-controller.php" line="3154" assertions="28" time="0.101182"/>
        <testcase name="test_get_item_schema_show_avatar" class="WP_Test_REST_Comments_Controller" classname="WP_Test_REST_Comments_Controller" file="/home/meng/Desktop/wptest/wordpress-develop/tests/phpunit/tests/rest-api/rest-comments-controller.php" line="3185" assertions="7" time="0.240408"/>
        <testcase name="test_get_additional_field_registration" class="WP_Test_REST_Comments_Controller" classname="WP_Test_REST_Comments_Controller" file="/home/meng/Desktop/wptest/wordpress-develop/tests/phpunit/tests/rest-api/rest-comments-controller.php" line="3196" assertions="22" time="0.184600"/>
        <testcase name="test_additional_field_update_errors" class="WP_Test_REST_Comments_Controller" classname="WP_Test_REST_Comments_Controller" file="/home/meng/Desktop/wptest/wordpress-develop/tests/phpunit/tests/rest-api/rest-comments-controller.php" line="3256" assertions="8" time="0.110304"/>
        <testcase name="test_check_read_post_permission_with_invalid_post_type" class="WP_Test_REST_Comments_Controller" classname="WP_Test_REST_Comments_Controller" file="/home/meng/Desktop/wptest/wordpress-develop/tests/phpunit/tests/rest-api/rest-comments-controller.php" line="3349" assertions="7" time="0.172521"/>
      </testsuite>
      <testsuite name="WP_Test_REST_Controller" file="/home/meng/Desktop/wptest/wordpress-develop/tests/phpunit/tests/rest-api/rest-controller.php" tests="26" assertions="99" errors="0" failures="0" skipped="0" time="1.214453">
        <testcase name="test_validate_schema_type_integer" class="WP_Test_REST_Controller" classname="WP_Test_REST_Controller" file="/home/meng/Desktop/wptest/wordpress-develop/tests/phpunit/tests/rest-api/rest-controller.php" line="62" assertions="3" time="0.045055"/>
        <testcase name="test_validate_schema_type_boolean" class="WP_Test_REST_Controller" classname="WP_Test_REST_Controller" file="/home/meng/Desktop/wptest/wordpress-develop/tests/phpunit/tests/rest-api/rest-controller.php" line="74" assertions="20" time="0.046073"/>
        <testcase name="test_validate_schema_type_string" class="WP_Test_REST_Controller" classname="WP_Test_REST_Controller" file="/home/meng/Desktop/wptest/wordpress-develop/tests/phpunit/tests/rest-api/rest-controller.php" line="148" assertions="3" time="0.049205"/>
        <testcase name="test_validate_schema_enum" class="WP_Test_REST_Controller" classname="WP_Test_REST_Controller" file="/home/meng/Desktop/wptest/wordpress-develop/tests/phpunit/tests/rest-api/rest-controller.php" line="160" assertions="3" time="0.044891"/>
        <testcase name="test_validate_schema_format_email" class="WP_Test_REST_Controller" classname="WP_Test_REST_Controller" file="/home/meng/Desktop/wptest/wordpress-develop/tests/phpunit/tests/rest-api/rest-controller.php" line="172" assertions="3" time="0.046035"/>
        <testcase name="test_validate_schema_format_hex_color" class="WP_Test_REST_Controller" classname="WP_Test_REST_Controller" file="/home/meng/Desktop/wptest/wordpress-develop/tests/phpunit/tests/rest-api/rest-controller.php" line="187" assertions="3" time="0.047090"/>
        <testcase name="test_validate_schema_format_date_time" class="WP_Test_REST_Controller" classname="WP_Test_REST_Controller" file="/home/meng/Desktop/wptest/wordpress-develop/tests/phpunit/tests/rest-api/rest-controller.php" line="199" assertions="3" time="0.044921"/>
        <testcase name="test_validate_schema_format_uuid" class="WP_Test_REST_Controller" classname="WP_Test_REST_Controller" file="/home/meng/Desktop/wptest/wordpress-develop/tests/phpunit/tests/rest-api/rest-controller.php" line="214" assertions="3" time="0.047842"/>
        <testcase name="test_get_endpoint_args_for_item_schema" class="WP_Test_REST_Controller" classname="WP_Test_REST_Controller" file="/home/meng/Desktop/wptest/wordpress-develop/tests/phpunit/tests/rest-api/rest-controller.php" line="228" assertions="13" time="0.041920"/>
        <testcase name="test_get_endpoint_args_for_item_schema_description" class="WP_Test_REST_Controller" classname="WP_Test_REST_Controller" file="/home/meng/Desktop/wptest/wordpress-develop/tests/phpunit/tests/rest-api/rest-controller.php" line="247" assertions="2" time="0.046189"/>
        <testcase name="test_get_endpoint_args_for_item_schema_arg_options" class="WP_Test_REST_Controller" classname="WP_Test_REST_Controller" file="/home/meng/Desktop/wptest/wordpress-develop/tests/phpunit/tests/rest-api/rest-controller.php" line="255" assertions="2" time="0.047960"/>
        <testcase name="test_get_endpoint_args_for_item_schema_default_value" class="WP_Test_REST_Controller" classname="WP_Test_REST_Controller" file="/home/meng/Desktop/wptest/wordpress-develop/tests/phpunit/tests/rest-api/rest-controller.php" line="264" assertions="1" time="0.044372"/>
        <testcase name="test_get_endpoint_args_for_item_schema_arg_properties" class="WP_Test_REST_Controller" classname="WP_Test_REST_Controller" file="/home/meng/Desktop/wptest/wordpress-develop/tests/phpunit/tests/rest-api/rest-controller.php" line="275" assertions="20" time="0.044720"/>
        <testsuite name="WP_Test_REST_Controller::test_get_fields_for_response" tests="2" assertions="4" errors="0" failures="0" skipped="0" time="0.091802">
          <testcase name="test_get_fields_for_response with data set #0" class="WP_Test_REST_Controller" classname="WP_Test_REST_Controller" file="/home/meng/Desktop/wptest/wordpress-develop/tests/phpunit/tests/rest-api/rest-controller.php" line="315" assertions="2" time="0.046051"/>
          <testcase name="test_get_fields_for_response with data set #1" class="WP_Test_REST_Controller" classname="WP_Test_REST_Controller" file="/home/meng/Desktop/wptest/wordpress-develop/tests/phpunit/tests/rest-api/rest-controller.php" line="315" assertions="2" time="0.045751"/>
        </testsuite>
        <testcase name="test_get_fields_for_response_filters_by_context" class="WP_Test_REST_Controller" classname="WP_Test_REST_Controller" file="/home/meng/Desktop/wptest/wordpress-develop/tests/phpunit/tests/rest-api/rest-controller.php" line="372" assertions="2" time="0.046464"/>
        <testcase name="test_filtering_fields_for_response_by_context_returns_fields_with_no_context" class="WP_Test_REST_Controller" classname="WP_Test_REST_Controller" file="/home/meng/Desktop/wptest/wordpress-develop/tests/phpunit/tests/rest-api/rest-controller.php" line="407" assertions="1" time="0.042918"/>
        <testcase name="test_filtering_fields_for_response_by_context_returns_fields_with_no_schema" class="WP_Test_REST_Controller" classname="WP_Test_REST_Controller" file="/home/meng/Desktop/wptest/wordpress-develop/tests/phpunit/tests/rest-api/rest-controller.php" line="435" assertions="1" time="0.045003"/>
        <testcase name="test_get_public_item_schema_with_properties" class="WP_Test_REST_Controller" classname="WP_Test_REST_Controller" file="/home/meng/Desktop/wptest/wordpress-develop/tests/phpunit/tests/rest-api/rest-controller.php" line="463" assertions="2" time="0.039884"/>
        <testcase name="test_get_public_item_schema_no_properties" class="WP_Test_REST_Controller" classname="WP_Test_REST_Controller" file="/home/meng/Desktop/wptest/wordpress-develop/tests/phpunit/tests/rest-api/rest-controller.php" line="476" assertions="2" time="0.044142"/>
        <testcase name="test_add_additional_fields_to_object_respects_fields_param" class="WP_Test_REST_Controller" classname="WP_Test_REST_Controller" file="/home/meng/Desktop/wptest/wordpress-develop/tests/phpunit/tests/rest-api/rest-controller.php" line="493" assertions="3" time="0.045654"/>
        <testsuite name="WP_Test_REST_Controller::test_filter_nested_registered_rest_fields" tests="5" assertions="5" errors="0" failures="0" skipped="0" time="0.262313">
          <testcase name="test_filter_nested_registered_rest_fields with data set #0" class="WP_Test_REST_Controller" classname="WP_Test_REST_Controller" file="/home/meng/Desktop/wptest/wordpress-develop/tests/phpunit/tests/rest-api/rest-controller.php" line="538" assertions="1" time="0.088702"/>
          <testcase name="test_filter_nested_registered_rest_fields with data set #1" class="WP_Test_REST_Controller" classname="WP_Test_REST_Controller" file="/home/meng/Desktop/wptest/wordpress-develop/tests/phpunit/tests/rest-api/rest-controller.php" line="538" assertions="1" time="0.041788"/>
          <testcase name="test_filter_nested_registered_rest_fields with data set #2" class="WP_Test_REST_Controller" classname="WP_Test_REST_Controller" file="/home/meng/Desktop/wptest/wordpress-develop/tests/phpunit/tests/rest-api/rest-controller.php" line="538" assertions="1" time="0.044111"/>
          <testcase name="test_filter_nested_registered_rest_fields with data set #3" class="WP_Test_REST_Controller" classname="WP_Test_REST_Controller" file="/home/meng/Desktop/wptest/wordpress-develop/tests/phpunit/tests/rest-api/rest-controller.php" line="538" assertions="1" time="0.044459"/>
          <testcase name="test_filter_nested_registered_rest_fields with data set #4" class="WP_Test_REST_Controller" classname="WP_Test_REST_Controller" file="/home/meng/Desktop/wptest/wordpress-develop/tests/phpunit/tests/rest-api/rest-controller.php" line="538" assertions="1" time="0.043253"/>
        </testsuite>
      </testsuite>
      <testsuite name="WP_Test_REST_Pages_Controller" file="/home/meng/Desktop/wptest/wordpress-develop/tests/phpunit/tests/rest-api/rest-pages-controller.php" tests="32" assertions="561" errors="0" failures="0" skipped="0" time="5.521629">
        <testcase name="test_register_routes" class="WP_Test_REST_Pages_Controller" classname="WP_Test_REST_Pages_Controller" file="/home/meng/Desktop/wptest/wordpress-develop/tests/phpunit/tests/rest-api/rest-pages-controller.php" line="39" assertions="9" time="0.097629"/>
        <testcase name="test_context_param" class="WP_Test_REST_Pages_Controller" classname="WP_Test_REST_Pages_Controller" file="/home/meng/Desktop/wptest/wordpress-develop/tests/phpunit/tests/rest-api/rest-pages-controller.php" line="47" assertions="11" time="0.263849"/>
        <testcase name="test_registered_query_params" class="WP_Test_REST_Pages_Controller" classname="WP_Test_REST_Pages_Controller" file="/home/meng/Desktop/wptest/wordpress-develop/tests/phpunit/tests/rest-api/rest-pages-controller.php" line="63" assertions="8" time="0.103360"/>
        <testcase name="test_get_items" class="WP_Test_REST_Pages_Controller" classname="WP_Test_REST_Pages_Controller" file="/home/meng/Desktop/wptest/wordpress-develop/tests/phpunit/tests/rest-api/rest-pages-controller.php" line="94" assertions="14" time="0.151380"/>
        <testcase name="test_get_items_parent_query" class="WP_Test_REST_Pages_Controller" classname="WP_Test_REST_Pages_Controller" file="/home/meng/Desktop/wptest/wordpress-develop/tests/phpunit/tests/rest-api/rest-pages-controller.php" line="114" assertions="34" time="0.205420"/>
        <testcase name="test_get_items_parents_query" class="WP_Test_REST_Pages_Controller" classname="WP_Test_REST_Pages_Controller" file="/home/meng/Desktop/wptest/wordpress-develop/tests/phpunit/tests/rest-api/rest-pages-controller.php" line="148" assertions="50" time="0.271007"/>
        <testcase name="test_get_items_parent_exclude_query" class="WP_Test_REST_Pages_Controller" classname="WP_Test_REST_Pages_Controller" file="/home/meng/Desktop/wptest/wordpress-develop/tests/phpunit/tests/rest-api/rest-pages-controller.php" line="190" assertions="33" time="0.199469"/>
        <testcase name="test_get_items_menu_order_query" class="WP_Test_REST_Pages_Controller" classname="WP_Test_REST_Pages_Controller" file="/home/meng/Desktop/wptest/wordpress-develop/tests/phpunit/tests/rest-api/rest-pages-controller.php" line="224" assertions="72" time="0.449565"/>
        <testcase name="test_get_items_min_max_pages_query" class="WP_Test_REST_Pages_Controller" classname="WP_Test_REST_Pages_Controller" file="/home/meng/Desktop/wptest/wordpress-develop/tests/phpunit/tests/rest-api/rest-pages-controller.php" line="283" assertions="15" time="0.102666"/>
        <testcase name="test_get_items_private_filter_query_var" class="WP_Test_REST_Pages_Controller" classname="WP_Test_REST_Pages_Controller" file="/home/meng/Desktop/wptest/wordpress-develop/tests/phpunit/tests/rest-api/rest-pages-controller.php" line="300" assertions="18" time="0.185978"/>
        <testcase name="test_get_items_invalid_date" class="WP_Test_REST_Pages_Controller" classname="WP_Test_REST_Pages_Controller" file="/home/meng/Desktop/wptest/wordpress-develop/tests/phpunit/tests/rest-api/rest-pages-controller.php" line="328" assertions="9" time="0.097419"/>
        <testcase name="test_get_items_valid_date" class="WP_Test_REST_Pages_Controller" classname="WP_Test_REST_Pages_Controller" file="/home/meng/Desktop/wptest/wordpress-develop/tests/phpunit/tests/rest-api/rest-pages-controller.php" line="336" assertions="14" time="0.165877"/>
        <testcase name="test_get_item" class="WP_Test_REST_Pages_Controller" classname="WP_Test_REST_Pages_Controller" file="/home/meng/Desktop/wptest/wordpress-develop/tests/phpunit/tests/rest-api/rest-pages-controller.php" line="364" assertions="5" time="0.099393"/>
        <testcase name="test_get_item_invalid_post_type" class="WP_Test_REST_Pages_Controller" classname="WP_Test_REST_Pages_Controller" file="/home/meng/Desktop/wptest/wordpress-develop/tests/phpunit/tests/rest-api/rest-pages-controller.php" line="368" assertions="6" time="0.258716"/>
        <testcase name="test_create_item" class="WP_Test_REST_Pages_Controller" classname="WP_Test_REST_Pages_Controller" file="/home/meng/Desktop/wptest/wordpress-develop/tests/phpunit/tests/rest-api/rest-pages-controller.php" line="375" assertions="5" time="0.087547"/>
        <testcase name="test_create_item_with_template" class="WP_Test_REST_Pages_Controller" classname="WP_Test_REST_Pages_Controller" file="/home/meng/Desktop/wptest/wordpress-develop/tests/phpunit/tests/rest-api/rest-pages-controller.php" line="379" assertions="15" time="0.143760"/>
        <testcase name="test_create_page_with_parent" class="WP_Test_REST_Pages_Controller" classname="WP_Test_REST_Pages_Controller" file="/home/meng/Desktop/wptest/wordpress-develop/tests/phpunit/tests/rest-api/rest-pages-controller.php" line="397" assertions="18" time="0.162971"/>
        <testcase name="test_create_page_with_invalid_parent" class="WP_Test_REST_Pages_Controller" classname="WP_Test_REST_Pages_Controller" file="/home/meng/Desktop/wptest/wordpress-develop/tests/phpunit/tests/rest-api/rest-pages-controller.php" line="425" assertions="9" time="0.101718"/>
        <testcase name="test_update_item" class="WP_Test_REST_Pages_Controller" classname="WP_Test_REST_Pages_Controller" file="/home/meng/Desktop/wptest/wordpress-develop/tests/phpunit/tests/rest-api/rest-pages-controller.php" line="440" assertions="5" time="0.087401"/>
        <testcase name="test_delete_item" class="WP_Test_REST_Pages_Controller" classname="WP_Test_REST_Pages_Controller" file="/home/meng/Desktop/wptest/wordpress-develop/tests/phpunit/tests/rest-api/rest-pages-controller.php" line="444" assertions="15" time="0.168000"/>
        <testcase name="test_prepare_item" class="WP_Test_REST_Pages_Controller" classname="WP_Test_REST_Pages_Controller" file="/home/meng/Desktop/wptest/wordpress-develop/tests/phpunit/tests/rest-api/rest-pages-controller.php" line="463" assertions="5" time="0.223521"/>
        <testcase name="test_prepare_item_limit_fields" class="WP_Test_REST_Pages_Controller" classname="WP_Test_REST_Pages_Controller" file="/home/meng/Desktop/wptest/wordpress-develop/tests/phpunit/tests/rest-api/rest-pages-controller.php" line="467" assertions="14" time="0.125770"/>
        <testcase name="test_get_pages_params" class="WP_Test_REST_Pages_Controller" classname="WP_Test_REST_Pages_Controller" file="/home/meng/Desktop/wptest/wordpress-develop/tests/phpunit/tests/rest-api/rest-pages-controller.php" line="490" assertions="38" time="0.289965"/>
        <testcase name="test_update_page_menu_order" class="WP_Test_REST_Pages_Controller" classname="WP_Test_REST_Pages_Controller" file="/home/meng/Desktop/wptest/wordpress-develop/tests/phpunit/tests/rest-api/rest-pages-controller.php" line="520" assertions="13" time="0.169966"/>
        <testcase name="test_update_page_menu_order_to_zero" class="WP_Test_REST_Pages_Controller" classname="WP_Test_REST_Pages_Controller" file="/home/meng/Desktop/wptest/wordpress-develop/tests/phpunit/tests/rest-api/rest-pages-controller.php" line="543" assertions="13" time="0.166867"/>
        <testcase name="test_update_page_parent_non_zero" class="WP_Test_REST_Pages_Controller" classname="WP_Test_REST_Pages_Controller" file="/home/meng/Desktop/wptest/wordpress-develop/tests/phpunit/tests/rest-api/rest-pages-controller.php" line="567" assertions="14" time="0.184820"/>
        <testcase name="test_update_page_parent_zero" class="WP_Test_REST_Pages_Controller" classname="WP_Test_REST_Pages_Controller" file="/home/meng/Desktop/wptest/wordpress-develop/tests/phpunit/tests/rest-api/rest-pages-controller.php" line="590" assertions="13" time="0.187236"/>
        <testcase name="test_get_page_with_password" class="WP_Test_REST_Pages_Controller" classname="WP_Test_REST_Pages_Controller" file="/home/meng/Desktop/wptest/wordpress-develop/tests/phpunit/tests/rest-api/rest-pages-controller.php" line="614" assertions="15" time="0.289413"/>
        <testcase name="test_get_page_with_password_using_password" class="WP_Test_REST_Pages_Controller" classname="WP_Test_REST_Pages_Controller" file="/home/meng/Desktop/wptest/wordpress-develop/tests/phpunit/tests/rest-api/rest-pages-controller.php" line="632" assertions="15" time="0.134896"/>
        <testcase name="test_get_page_with_password_using_incorrect_password" class="WP_Test_REST_Pages_Controller" classname="WP_Test_REST_Pages_Controller" file="/home/meng/Desktop/wptest/wordpress-develop/tests/phpunit/tests/rest-api/rest-pages-controller.php" line="654" assertions="9" time="0.119823"/>
        <testcase name="test_get_page_with_password_without_permission" class="WP_Test_REST_Pages_Controller" classname="WP_Test_REST_Pages_Controller" file="/home/meng/Desktop/wptest/wordpress-develop/tests/phpunit/tests/rest-api/rest-pages-controller.php" line="670" assertions="15" time="0.129488"/>
        <testcase name="test_get_item_schema" class="WP_Test_REST_Pages_Controller" classname="WP_Test_REST_Pages_Controller" file="/home/meng/Desktop/wptest/wordpress-develop/tests/phpunit/tests/rest-api/rest-pages-controller.php" line="688" assertions="32" time="0.096740"/>
      </testsuite>
      <testsuite name="WP_REST_Plugins_Controller_Test" file="/home/meng/Desktop/wptest/wordpress-develop/tests/phpunit/tests/rest-api/rest-plugins-controller.php" tests="36" assertions="317" errors="0" failures="1" skipped="0" time="6.916761">
        <testcase name="test_register_routes" class="WP_REST_Plugins_Controller_Test" classname="WP_REST_Plugins_Controller_Test" file="/home/meng/Desktop/wptest/wordpress-develop/tests/phpunit/tests/rest-api/rest-plugins-controller.php" line="96" assertions="6" time="0.086305"/>
        <testcase name="test_context_param" class="WP_REST_Plugins_Controller_Test" classname="WP_REST_Plugins_Controller_Test" file="/home/meng/Desktop/wptest/wordpress-develop/tests/phpunit/tests/rest-api/rest-plugins-controller.php" line="105" assertions="10" time="0.230738"/>
        <testcase name="test_get_items" class="WP_REST_Plugins_Controller_Test" classname="WP_REST_Plugins_Controller_Test" file="/home/meng/Desktop/wptest/wordpress-develop/tests/phpunit/tests/rest-api/rest-plugins-controller.php" line="123" assertions="23" time="0.173261"/>
        <testcase name="test_get_items_search" class="WP_REST_Plugins_Controller_Test" classname="WP_REST_Plugins_Controller_Test" file="/home/meng/Desktop/wptest/wordpress-develop/tests/phpunit/tests/rest-api/rest-plugins-controller.php" line="139" assertions="7" time="0.118736"/>
        <testcase name="test_get_items_status" class="WP_REST_Plugins_Controller_Test" classname="WP_REST_Plugins_Controller_Test" file="/home/meng/Desktop/wptest/wordpress-develop/tests/phpunit/tests/rest-api/rest-plugins-controller.php" line="157" assertions="10" time="0.181665"/>
        <testcase name="test_get_items_status_multiple" class="WP_REST_Plugins_Controller_Test" classname="WP_REST_Plugins_Controller_Test" file="/home/meng/Desktop/wptest/wordpress-develop/tests/phpunit/tests/rest-api/rest-plugins-controller.php" line="175" assertions="10" time="0.191517"/>
        <testcase name="test_get_items_logged_out" class="WP_REST_Plugins_Controller_Test" classname="WP_REST_Plugins_Controller_Test" file="/home/meng/Desktop/wptest/wordpress-develop/tests/phpunit/tests/rest-api/rest-plugins-controller.php" line="210" assertions="5" time="0.091424"/>
        <testcase name="test_get_items_insufficient_permissions" class="WP_REST_Plugins_Controller_Test" classname="WP_REST_Plugins_Controller_Test" file="/home/meng/Desktop/wptest/wordpress-develop/tests/phpunit/tests/rest-api/rest-plugins-controller.php" line="218" assertions="5" time="0.098001"/>
        <testcase name="test_get_items_does_not_exclude_network_only_plugin_if_not_active_on_single_site" class="WP_REST_Plugins_Controller_Test" classname="WP_REST_Plugins_Controller_Test" file="/home/meng/Desktop/wptest/wordpress-develop/tests/phpunit/tests/rest-api/rest-plugins-controller.php" line="271" assertions="23" time="0.313478"/>
        <testcase name="test_get_item" class="WP_REST_Plugins_Controller_Test" classname="WP_REST_Plugins_Controller_Test" file="/home/meng/Desktop/wptest/wordpress-develop/tests/phpunit/tests/rest-api/rest-plugins-controller.php" line="303" assertions="19" time="0.114887"/>
        <testcase name="test_get_item_logged_out" class="WP_REST_Plugins_Controller_Test" classname="WP_REST_Plugins_Controller_Test" file="/home/meng/Desktop/wptest/wordpress-develop/tests/phpunit/tests/rest-api/rest-plugins-controller.php" line="315" assertions="5" time="0.087361"/>
        <testcase name="test_get_item_insufficient_permissions" class="WP_REST_Plugins_Controller_Test" classname="WP_REST_Plugins_Controller_Test" file="/home/meng/Desktop/wptest/wordpress-develop/tests/phpunit/tests/rest-api/rest-plugins-controller.php" line="323" assertions="5" time="0.102157"/>
        <testcase name="test_get_item_invalid_plugin" class="WP_REST_Plugins_Controller_Test" classname="WP_REST_Plugins_Controller_Test" file="/home/meng/Desktop/wptest/wordpress-develop/tests/phpunit/tests/rest-api/rest-plugins-controller.php" line="359" assertions="5" time="0.099697"/>
        <testcase name="test_create_item" class="WP_REST_Plugins_Controller_Test" classname="WP_REST_Plugins_Controller_Test" file="/home/meng/Desktop/wptest/wordpress-develop/tests/phpunit/tests/rest-api/rest-plugins-controller.php" line="368" assertions="9" time="0.710422"/>
        <testcase name="test_create_item_and_activate" class="WP_REST_Plugins_Controller_Test" classname="WP_REST_Plugins_Controller_Test" file="/home/meng/Desktop/wptest/wordpress-develop/tests/phpunit/tests/rest-api/rest-plugins-controller.php" line="388" assertions="10" time="0.847095"/>
        <testcase name="test_create_item_and_activate_errors_if_no_permission_to_activate_plugin" class="WP_REST_Plugins_Controller_Test" classname="WP_REST_Plugins_Controller_Test" file="/home/meng/Desktop/wptest/wordpress-develop/tests/phpunit/tests/rest-api/rest-plugins-controller.php" line="414" assertions="7" time="0.659024"/>
        <testcase name="test_create_item_and_network_activate_rejected_if_not_multisite" class="WP_REST_Plugins_Controller_Test" classname="WP_REST_Plugins_Controller_Test" file="/home/meng/Desktop/wptest/wordpress-develop/tests/phpunit/tests/rest-api/rest-plugins-controller.php" line="440" assertions="6" time="0.097881"/>
        <testcase name="test_create_item_logged_out" class="WP_REST_Plugins_Controller_Test" classname="WP_REST_Plugins_Controller_Test" file="/home/meng/Desktop/wptest/wordpress-develop/tests/phpunit/tests/rest-api/rest-plugins-controller.php" line="488" assertions="5" time="0.106292"/>
        <testcase name="test_create_item_insufficient_permissions" class="WP_REST_Plugins_Controller_Test" classname="WP_REST_Plugins_Controller_Test" file="/home/meng/Desktop/wptest/wordpress-develop/tests/phpunit/tests/rest-api/rest-plugins-controller.php" line="499" assertions="5" time="0.100515"/>
        <testcase name="test_create_item_wdotorg_unreachable" class="WP_REST_Plugins_Controller_Test" classname="WP_REST_Plugins_Controller_Test" file="/home/meng/Desktop/wptest/wordpress-develop/tests/phpunit/tests/rest-api/rest-plugins-controller.php" line="526" assertions="9" time="0.112257">
          <failure type="PHPUnit\Framework\ExpectationFailedException">WP_REST_Plugins_Controller_Test::test_create_item_wdotorg_unreachable
Failed asserting that exception of type "PHPUnit_Framework_Error_Warning" is thrown.

</failure>
        </testcase>
        <testcase name="test_create_item_unknown_plugin" class="WP_REST_Plugins_Controller_Test" classname="WP_REST_Plugins_Controller_Test" file="/home/meng/Desktop/wptest/wordpress-develop/tests/phpunit/tests/rest-api/rest-plugins-controller.php" line="542" assertions="8" time="0.232491"/>
        <testcase name="test_update_item" class="WP_REST_Plugins_Controller_Test" classname="WP_REST_Plugins_Controller_Test" file="/home/meng/Desktop/wptest/wordpress-develop/tests/phpunit/tests/rest-api/rest-plugins-controller.php" line="557" assertions="6" time="0.278833"/>
        <testcase name="test_update_item_logged_out" class="WP_REST_Plugins_Controller_Test" classname="WP_REST_Plugins_Controller_Test" file="/home/meng/Desktop/wptest/wordpress-develop/tests/phpunit/tests/rest-api/rest-plugins-controller.php" line="570" assertions="5" time="0.090698"/>
        <testcase name="test_update_item_insufficient_permissions" class="WP_REST_Plugins_Controller_Test" classname="WP_REST_Plugins_Controller_Test" file="/home/meng/Desktop/wptest/wordpress-develop/tests/phpunit/tests/rest-api/rest-plugins-controller.php" line="580" assertions="5" time="0.094354"/>
        <testcase name="test_update_item_activate_plugin" class="WP_REST_Plugins_Controller_Test" classname="WP_REST_Plugins_Controller_Test" file="/home/meng/Desktop/wptest/wordpress-develop/tests/phpunit/tests/rest-api/rest-plugins-controller.php" line="606" assertions="7" time="0.133920"/>
        <testcase name="test_update_item_activate_plugin_fails_if_no_activate_cap" class="WP_REST_Plugins_Controller_Test" classname="WP_REST_Plugins_Controller_Test" file="/home/meng/Desktop/wptest/wordpress-develop/tests/phpunit/tests/rest-api/rest-plugins-controller.php" line="621" assertions="8" time="0.096062"/>
        <testcase name="test_update_item_network_activate_plugin_rejected_if_not_multisite" class="WP_REST_Plugins_Controller_Test" classname="WP_REST_Plugins_Controller_Test" file="/home/meng/Desktop/wptest/wordpress-develop/tests/phpunit/tests/rest-api/rest-plugins-controller.php" line="637" assertions="6" time="0.094243"/>
        <testcase name="test_update_item_activate_network_only_plugin_on_non_multisite" class="WP_REST_Plugins_Controller_Test" classname="WP_REST_Plugins_Controller_Test" file="/home/meng/Desktop/wptest/wordpress-develop/tests/phpunit/tests/rest-api/rest-plugins-controller.php" line="716" assertions="7" time="0.135447"/>
        <testcase name="test_update_item_deactivate_plugin" class="WP_REST_Plugins_Controller_Test" classname="WP_REST_Plugins_Controller_Test" file="/home/meng/Desktop/wptest/wordpress-develop/tests/phpunit/tests/rest-api/rest-plugins-controller.php" line="765" assertions="7" time="0.287154"/>
        <testcase name="test_update_item_deactivate_plugin_fails_if_no_deactivate_cap" class="WP_REST_Plugins_Controller_Test" classname="WP_REST_Plugins_Controller_Test" file="/home/meng/Desktop/wptest/wordpress-develop/tests/phpunit/tests/rest-api/rest-plugins-controller.php" line="781" assertions="8" time="0.116329"/>
        <testcase name="test_delete_item" class="WP_REST_Plugins_Controller_Test" classname="WP_REST_Plugins_Controller_Test" file="/home/meng/Desktop/wptest/wordpress-develop/tests/phpunit/tests/rest-api/rest-plugins-controller.php" line="831" assertions="10" time="0.128681"/>
        <testcase name="test_delete_item_logged_out" class="WP_REST_Plugins_Controller_Test" classname="WP_REST_Plugins_Controller_Test" file="/home/meng/Desktop/wptest/wordpress-develop/tests/phpunit/tests/rest-api/rest-plugins-controller.php" line="848" assertions="5" time="0.088285"/>
        <testcase name="test_delete_item_insufficient_permissions" class="WP_REST_Plugins_Controller_Test" classname="WP_REST_Plugins_Controller_Test" file="/home/meng/Desktop/wptest/wordpress-develop/tests/phpunit/tests/rest-api/rest-plugins-controller.php" line="858" assertions="5" time="0.098602"/>
        <testcase name="test_delete_item_active_plugin" class="WP_REST_Plugins_Controller_Test" classname="WP_REST_Plugins_Controller_Test" file="/home/meng/Desktop/wptest/wordpress-develop/tests/phpunit/tests/rest-api/rest-plugins-controller.php" line="897" assertions="6" time="0.114987"/>
        <testcase name="test_prepare_item" class="WP_REST_Plugins_Controller_Test" classname="WP_REST_Plugins_Controller_Test" file="/home/meng/Desktop/wptest/wordpress-develop/tests/phpunit/tests/rest-api/rest-plugins-controller.php" line="911" assertions="21" time="0.129000"/>
        <testcase name="test_get_item_schema" class="WP_REST_Plugins_Controller_Test" classname="WP_REST_Plugins_Controller_Test" file="/home/meng/Desktop/wptest/wordpress-develop/tests/phpunit/tests/rest-api/rest-plugins-controller.php" line="962" assertions="19" time="0.274963"/>
      </testsuite>
      <testsuite name="WP_Test_REST_Post_Meta_Fields" file="/home/meng/Desktop/wptest/wordpress-develop/tests/phpunit/tests/rest-api/rest-post-meta-fields.php" tests="116" assertions="433" errors="0" failures="0" skipped="0" time="23.952317">
        <testcase name="test_get_value" class="WP_Test_REST_Post_Meta_Fields" classname="WP_Test_REST_Post_Meta_Fields" file="/home/meng/Desktop/wptest/wordpress-develop/tests/phpunit/tests/rest-api/rest-post-meta-fields.php" line="264" assertions="4" time="0.141982"/>
        <testcase name="test_get_multi_value" class="WP_Test_REST_Post_Meta_Fields" classname="WP_Test_REST_Post_Meta_Fields" file="/home/meng/Desktop/wptest/wordpress-develop/tests/phpunit/tests/rest-api/rest-post-meta-fields.php" line="283" assertions="7" time="0.175226"/>
        <testcase name="test_get_unregistered" class="WP_Test_REST_Post_Meta_Fields" classname="WP_Test_REST_Post_Meta_Fields" file="/home/meng/Desktop/wptest/wordpress-develop/tests/phpunit/tests/rest-api/rest-post-meta-fields.php" line="310" assertions="2" time="0.130447"/>
        <testcase name="test_get_registered_no_api_access" class="WP_Test_REST_Post_Meta_Fields" classname="WP_Test_REST_Post_Meta_Fields" file="/home/meng/Desktop/wptest/wordpress-develop/tests/phpunit/tests/rest-api/rest-post-meta-fields.php" line="325" assertions="2" time="0.132865"/>
        <testcase name="test_get_registered_api_disabled" class="WP_Test_REST_Post_Meta_Fields" classname="WP_Test_REST_Post_Meta_Fields" file="/home/meng/Desktop/wptest/wordpress-develop/tests/phpunit/tests/rest-api/rest-post-meta-fields.php" line="340" assertions="2" time="0.126117"/>
        <testcase name="test_get_value_types" class="WP_Test_REST_Post_Meta_Fields" classname="WP_Test_REST_Post_Meta_Fields" file="/home/meng/Desktop/wptest/wordpress-develop/tests/phpunit/tests/rest-api/rest-post-meta-fields.php" line="352" assertions="10" time="0.306146"/>
        <testcase name="test_get_value_custom_name" class="WP_Test_REST_Post_Meta_Fields" classname="WP_Test_REST_Post_Meta_Fields" file="/home/meng/Desktop/wptest/wordpress-develop/tests/phpunit/tests/rest-api/rest-post-meta-fields.php" line="410" assertions="4" time="0.128866"/>
        <testcase name="test_set_value" class="WP_Test_REST_Post_Meta_Fields" classname="WP_Test_REST_Post_Meta_Fields" file="/home/meng/Desktop/wptest/wordpress-develop/tests/phpunit/tests/rest-api/rest-post-meta-fields.php" line="429" assertions="7" time="0.253916"/>
        <testcase name="test_set_duplicate_single_value" class="WP_Test_REST_Post_Meta_Fields" classname="WP_Test_REST_Post_Meta_Fields" file="/home/meng/Desktop/wptest/wordpress-develop/tests/phpunit/tests/rest-api/rest-post-meta-fields.php" line="461" assertions="6" time="0.245579"/>
        <testcase name="test_set_value_unauthenticated" class="WP_Test_REST_Post_Meta_Fields" classname="WP_Test_REST_Post_Meta_Fields" file="/home/meng/Desktop/wptest/wordpress-develop/tests/phpunit/tests/rest-api/rest-post-meta-fields.php" line="492" assertions="5" time="0.133836"/>
        <testcase name="test_set_value_blocked" class="WP_Test_REST_Post_Meta_Fields" classname="WP_Test_REST_Post_Meta_Fields" file="/home/meng/Desktop/wptest/wordpress-develop/tests/phpunit/tests/rest-api/rest-post-meta-fields.php" line="514" assertions="5" time="0.344028"/>
        <testcase name="test_set_value_db_error" class="WP_Test_REST_Post_Meta_Fields" classname="WP_Test_REST_Post_Meta_Fields" file="/home/meng/Desktop/wptest/wordpress-develop/tests/phpunit/tests/rest-api/rest-post-meta-fields.php" line="534" assertions="4" time="0.198918"/>
        <testcase name="test_set_value_invalid_type" class="WP_Test_REST_Post_Meta_Fields" classname="WP_Test_REST_Post_Meta_Fields" file="/home/meng/Desktop/wptest/wordpress-develop/tests/phpunit/tests/rest-api/rest-post-meta-fields.php" line="561" assertions="2" time="0.225957"/>
        <testcase name="test_set_value_multiple" class="WP_Test_REST_Post_Meta_Fields" classname="WP_Test_REST_Post_Meta_Fields" file="/home/meng/Desktop/wptest/wordpress-develop/tests/phpunit/tests/rest-api/rest-post-meta-fields.php" line="579" assertions="10" time="0.311303"/>
        <testcase name="test_set_value_remove_one" class="WP_Test_REST_Post_Meta_Fields" classname="WP_Test_REST_Post_Meta_Fields" file="/home/meng/Desktop/wptest/wordpress-develop/tests/phpunit/tests/rest-api/rest-post-meta-fields.php" line="623" assertions="5" time="0.248509"/>
        <testcase name="test_set_value_multiple_unauthenticated" class="WP_Test_REST_Post_Meta_Fields" classname="WP_Test_REST_Post_Meta_Fields" file="/home/meng/Desktop/wptest/wordpress-develop/tests/phpunit/tests/rest-api/rest-post-meta-fields.php" line="651" assertions="6" time="0.110720"/>
        <testcase name="test_set_value_invalid_value" class="WP_Test_REST_Post_Meta_Fields" classname="WP_Test_REST_Post_Meta_Fields" file="/home/meng/Desktop/wptest/wordpress-develop/tests/phpunit/tests/rest-api/rest-post-meta-fields.php" line="673" assertions="4" time="0.333891"/>
        <testcase name="test_set_value_invalid_value_multiple" class="WP_Test_REST_Post_Meta_Fields" classname="WP_Test_REST_Post_Meta_Fields" file="/home/meng/Desktop/wptest/wordpress-develop/tests/phpunit/tests/rest-api/rest-post-meta-fields.php" line="698" assertions="4" time="0.216691"/>
        <testcase name="test_set_value_sanitized" class="WP_Test_REST_Post_Meta_Fields" classname="WP_Test_REST_Post_Meta_Fields" file="/home/meng/Desktop/wptest/wordpress-develop/tests/phpunit/tests/rest-api/rest-post-meta-fields.php" line="723" assertions="1" time="0.257646"/>
        <testcase name="test_set_value_csv" class="WP_Test_REST_Post_Meta_Fields" classname="WP_Test_REST_Post_Meta_Fields" file="/home/meng/Desktop/wptest/wordpress-develop/tests/phpunit/tests/rest-api/rest-post-meta-fields.php" line="749" assertions="1" time="0.240373"/>
        <testcase name="test_set_value_multiple_blocked" class="WP_Test_REST_Post_Meta_Fields" classname="WP_Test_REST_Post_Meta_Fields" file="/home/meng/Desktop/wptest/wordpress-develop/tests/phpunit/tests/rest-api/rest-post-meta-fields.php" line="778" assertions="5" time="0.207274"/>
        <testcase name="test_add_multi_value_db_error" class="WP_Test_REST_Post_Meta_Fields" classname="WP_Test_REST_Post_Meta_Fields" file="/home/meng/Desktop/wptest/wordpress-develop/tests/phpunit/tests/rest-api/rest-post-meta-fields.php" line="795" assertions="5" time="0.321971"/>
        <testcase name="test_set_value_single_custom_schema" class="WP_Test_REST_Post_Meta_Fields" classname="WP_Test_REST_Post_Meta_Fields" file="/home/meng/Desktop/wptest/wordpress-develop/tests/phpunit/tests/rest-api/rest-post-meta-fields.php" line="828" assertions="7" time="0.229541"/>
        <testcase name="test_set_value_multiple_custom_schema" class="WP_Test_REST_Post_Meta_Fields" classname="WP_Test_REST_Post_Meta_Fields" file="/home/meng/Desktop/wptest/wordpress-develop/tests/phpunit/tests/rest-api/rest-post-meta-fields.php" line="857" assertions="10" time="0.281448"/>
        <testcase name="test_set_value_custom_name" class="WP_Test_REST_Post_Meta_Fields" classname="WP_Test_REST_Post_Meta_Fields" file="/home/meng/Desktop/wptest/wordpress-develop/tests/phpunit/tests/rest-api/rest-post-meta-fields.php" line="901" assertions="7" time="0.221367"/>
        <testcase name="test_set_value_custom_name_multiple" class="WP_Test_REST_Post_Meta_Fields" classname="WP_Test_REST_Post_Meta_Fields" file="/home/meng/Desktop/wptest/wordpress-develop/tests/phpunit/tests/rest-api/rest-post-meta-fields.php" line="930" assertions="10" time="0.302214"/>
        <testcase name="test_set_value_invalid_meta_string_request_type" class="WP_Test_REST_Post_Meta_Fields" classname="WP_Test_REST_Post_Meta_Fields" file="/home/meng/Desktop/wptest/wordpress-develop/tests/phpunit/tests/rest-api/rest-post-meta-fields.php" line="974" assertions="6" time="0.167144"/>
        <testcase name="test_set_value_invalid_meta_float_request_type" class="WP_Test_REST_Post_Meta_Fields" classname="WP_Test_REST_Post_Meta_Fields" file="/home/meng/Desktop/wptest/wordpress-develop/tests/phpunit/tests/rest-api/rest-post-meta-fields.php" line="1004" assertions="6" time="0.297892"/>
        <testcase name="test_remove_multi_value_db_error" class="WP_Test_REST_Post_Meta_Fields" classname="WP_Test_REST_Post_Meta_Fields" file="/home/meng/Desktop/wptest/wordpress-develop/tests/phpunit/tests/rest-api/rest-post-meta-fields.php" line="1030" assertions="5" time="0.220665"/>
        <testcase name="test_delete_value" class="WP_Test_REST_Post_Meta_Fields" classname="WP_Test_REST_Post_Meta_Fields" file="/home/meng/Desktop/wptest/wordpress-develop/tests/phpunit/tests/rest-api/rest-post-meta-fields.php" line="1061" assertions="3" time="0.249067"/>
        <testcase name="test_delete_value_blocked" class="WP_Test_REST_Post_Meta_Fields" classname="WP_Test_REST_Post_Meta_Fields" file="/home/meng/Desktop/wptest/wordpress-develop/tests/phpunit/tests/rest-api/rest-post-meta-fields.php" line="1086" assertions="6" time="0.234639"/>
        <testcase name="test_delete_value_db_error" class="WP_Test_REST_Post_Meta_Fields" classname="WP_Test_REST_Post_Meta_Fields" file="/home/meng/Desktop/wptest/wordpress-develop/tests/phpunit/tests/rest-api/rest-post-meta-fields.php" line="1111" assertions="5" time="0.220970"/>
        <testcase name="test_delete_value_custom_name" class="WP_Test_REST_Post_Meta_Fields" classname="WP_Test_REST_Post_Meta_Fields" file="/home/meng/Desktop/wptest/wordpress-develop/tests/phpunit/tests/rest-api/rest-post-meta-fields.php" line="1140" assertions="3" time="0.244805"/>
        <testcase name="test_get_schema" class="WP_Test_REST_Post_Meta_Fields" classname="WP_Test_REST_Post_Meta_Fields" file="/home/meng/Desktop/wptest/wordpress-develop/tests/phpunit/tests/rest-api/rest-post-meta-fields.php" line="1162" assertions="13" time="0.227365"/>
        <testsuite name="WP_Test_REST_Post_Meta_Fields::test_get_subtype_meta_value" tests="8" assertions="38" errors="0" failures="0" skipped="0" time="1.052139">
          <testcase name="test_get_subtype_meta_value with data set #0" class="WP_Test_REST_Post_Meta_Fields" classname="WP_Test_REST_Post_Meta_Fields" file="/home/meng/Desktop/wptest/wordpress-develop/tests/phpunit/tests/rest-api/rest-post-meta-fields.php" line="1194" assertions="5" time="0.105545"/>
          <testcase name="test_get_subtype_meta_value with data set #1" class="WP_Test_REST_Post_Meta_Fields" classname="WP_Test_REST_Post_Meta_Fields" file="/home/meng/Desktop/wptest/wordpress-develop/tests/phpunit/tests/rest-api/rest-post-meta-fields.php" line="1194" assertions="5" time="0.112083"/>
          <testcase name="test_get_subtype_meta_value with data set #2" class="WP_Test_REST_Post_Meta_Fields" classname="WP_Test_REST_Post_Meta_Fields" file="/home/meng/Desktop/wptest/wordpress-develop/tests/phpunit/tests/rest-api/rest-post-meta-fields.php" line="1194" assertions="5" time="0.114249"/>
          <testcase name="test_get_subtype_meta_value with data set #3" class="WP_Test_REST_Post_Meta_Fields" classname="WP_Test_REST_Post_Meta_Fields" file="/home/meng/Desktop/wptest/wordpress-develop/tests/phpunit/tests/rest-api/rest-post-meta-fields.php" line="1194" assertions="5" time="0.108137"/>
          <testcase name="test_get_subtype_meta_value with data set #4" class="WP_Test_REST_Post_Meta_Fields" classname="WP_Test_REST_Post_Meta_Fields" file="/home/meng/Desktop/wptest/wordpress-develop/tests/phpunit/tests/rest-api/rest-post-meta-fields.php" line="1194" assertions="4" time="0.123212"/>
          <testcase name="test_get_subtype_meta_value with data set #5" class="WP_Test_REST_Post_Meta_Fields" classname="WP_Test_REST_Post_Meta_Fields" file="/home/meng/Desktop/wptest/wordpress-develop/tests/phpunit/tests/rest-api/rest-post-meta-fields.php" line="1194" assertions="4" time="0.243734"/>
          <testcase name="test_get_subtype_meta_value with data set #6" class="WP_Test_REST_Post_Meta_Fields" classname="WP_Test_REST_Post_Meta_Fields" file="/home/meng/Desktop/wptest/wordpress-develop/tests/phpunit/tests/rest-api/rest-post-meta-fields.php" line="1194" assertions="5" time="0.124279"/>
          <testcase name="test_get_subtype_meta_value with data set #7" class="WP_Test_REST_Post_Meta_Fields" classname="WP_Test_REST_Post_Meta_Fields" file="/home/meng/Desktop/wptest/wordpress-develop/tests/phpunit/tests/rest-api/rest-post-meta-fields.php" line="1194" assertions="5" time="0.120900"/>
        </testsuite>
        <testsuite name="WP_Test_REST_Post_Meta_Fields::test_set_subtype_meta_value" tests="8" assertions="42" errors="0" failures="0" skipped="0" time="1.855814">
          <testcase name="test_set_subtype_meta_value with data set #0" class="WP_Test_REST_Post_Meta_Fields" classname="WP_Test_REST_Post_Meta_Fields" file="/home/meng/Desktop/wptest/wordpress-develop/tests/phpunit/tests/rest-api/rest-post-meta-fields.php" line="1247" assertions="6" time="0.207882"/>
          <testcase name="test_set_subtype_meta_value with data set #1" class="WP_Test_REST_Post_Meta_Fields" classname="WP_Test_REST_Post_Meta_Fields" file="/home/meng/Desktop/wptest/wordpress-develop/tests/phpunit/tests/rest-api/rest-post-meta-fields.php" line="1247" assertions="6" time="0.192273"/>
          <testcase name="test_set_subtype_meta_value with data set #2" class="WP_Test_REST_Post_Meta_Fields" classname="WP_Test_REST_Post_Meta_Fields" file="/home/meng/Desktop/wptest/wordpress-develop/tests/phpunit/tests/rest-api/rest-post-meta-fields.php" line="1247" assertions="2" time="0.297369"/>
          <testcase name="test_set_subtype_meta_value with data set #3" class="WP_Test_REST_Post_Meta_Fields" classname="WP_Test_REST_Post_Meta_Fields" file="/home/meng/Desktop/wptest/wordpress-develop/tests/phpunit/tests/rest-api/rest-post-meta-fields.php" line="1247" assertions="6" time="0.208794"/>
          <testcase name="test_set_subtype_meta_value with data set #4" class="WP_Test_REST_Post_Meta_Fields" classname="WP_Test_REST_Post_Meta_Fields" file="/home/meng/Desktop/wptest/wordpress-develop/tests/phpunit/tests/rest-api/rest-post-meta-fields.php" line="1247" assertions="5" time="0.235499"/>
          <testcase name="test_set_subtype_meta_value with data set #5" class="WP_Test_REST_Post_Meta_Fields" classname="WP_Test_REST_Post_Meta_Fields" file="/home/meng/Desktop/wptest/wordpress-develop/tests/phpunit/tests/rest-api/rest-post-meta-fields.php" line="1247" assertions="5" time="0.236190"/>
          <testcase name="test_set_subtype_meta_value with data set #6" class="WP_Test_REST_Post_Meta_Fields" classname="WP_Test_REST_Post_Meta_Fields" file="/home/meng/Desktop/wptest/wordpress-develop/tests/phpunit/tests/rest-api/rest-post-meta-fields.php" line="1247" assertions="6" time="0.240593"/>
          <testcase name="test_set_subtype_meta_value with data set #7" class="WP_Test_REST_Post_Meta_Fields" classname="WP_Test_REST_Post_Meta_Fields" file="/home/meng/Desktop/wptest/wordpress-develop/tests/phpunit/tests/rest-api/rest-post-meta-fields.php" line="1247" assertions="6" time="0.237214"/>
        </testsuite>
        <testsuite name="WP_Test_REST_Post_Meta_Fields::test_update_value_return_success_with_same_value" tests="6" assertions="6" errors="0" failures="0" skipped="0" time="1.510551">
          <testcase name="test_update_value_return_success_with_same_value with data set #0" class="WP_Test_REST_Post_Meta_Fields" classname="WP_Test_REST_Post_Meta_Fields" file="/home/meng/Desktop/wptest/wordpress-develop/tests/phpunit/tests/rest-api/rest-post-meta-fields.php" line="1319" assertions="1" time="0.359103"/>
          <testcase name="test_update_value_return_success_with_same_value with data set #1" class="WP_Test_REST_Post_Meta_Fields" classname="WP_Test_REST_Post_Meta_Fields" file="/home/meng/Desktop/wptest/wordpress-develop/tests/phpunit/tests/rest-api/rest-post-meta-fields.php" line="1319" assertions="1" time="0.235402"/>
          <testcase name="test_update_value_return_success_with_same_value with data set #2" class="WP_Test_REST_Post_Meta_Fields" classname="WP_Test_REST_Post_Meta_Fields" file="/home/meng/Desktop/wptest/wordpress-develop/tests/phpunit/tests/rest-api/rest-post-meta-fields.php" line="1319" assertions="1" time="0.231211"/>
          <testcase name="test_update_value_return_success_with_same_value with data set #3" class="WP_Test_REST_Post_Meta_Fields" classname="WP_Test_REST_Post_Meta_Fields" file="/home/meng/Desktop/wptest/wordpress-develop/tests/phpunit/tests/rest-api/rest-post-meta-fields.php" line="1319" assertions="1" time="0.223204"/>
          <testcase name="test_update_value_return_success_with_same_value with data set #4" class="WP_Test_REST_Post_Meta_Fields" classname="WP_Test_REST_Post_Meta_Fields" file="/home/meng/Desktop/wptest/wordpress-develop/tests/phpunit/tests/rest-api/rest-post-meta-fields.php" line="1319" assertions="1" time="0.230410"/>
          <testcase name="test_update_value_return_success_with_same_value with data set #5" class="WP_Test_REST_Post_Meta_Fields" classname="WP_Test_REST_Post_Meta_Fields" file="/home/meng/Desktop/wptest/wordpress-develop/tests/phpunit/tests/rest-api/rest-post-meta-fields.php" line="1319" assertions="1" time="0.231221"/>
        </testsuite>
        <testcase name="test_slashed_meta_key" class="WP_Test_REST_Post_Meta_Fields" classname="WP_Test_REST_Post_Meta_Fields" file="/home/meng/Desktop/wptest/wordpress-develop/tests/phpunit/tests/rest-api/rest-post-meta-fields.php" line="1352" assertions="2" time="0.240973"/>
        <testcase name="test_object_single" class="WP_Test_REST_Post_Meta_Fields" classname="WP_Test_REST_Post_Meta_Fields" file="/home/meng/Desktop/wptest/wordpress-develop/tests/phpunit/tests/rest-api/rest-post-meta-fields.php" line="1368" assertions="5" time="0.225445"/>
        <testcase name="test_object_multiple" class="WP_Test_REST_Post_Meta_Fields" classname="WP_Test_REST_Post_Meta_Fields" file="/home/meng/Desktop/wptest/wordpress-develop/tests/phpunit/tests/rest-api/rest-post-meta-fields.php" line="1416" assertions="11" time="0.249093"/>
        <testcase name="test_array_single" class="WP_Test_REST_Post_Meta_Fields" classname="WP_Test_REST_Post_Meta_Fields" file="/home/meng/Desktop/wptest/wordpress-develop/tests/phpunit/tests/rest-api/rest-post-meta-fields.php" line="1480" assertions="3" time="0.230221"/>
        <testcase name="test_array_of_objects_multiple" class="WP_Test_REST_Post_Meta_Fields" classname="WP_Test_REST_Post_Meta_Fields" file="/home/meng/Desktop/wptest/wordpress-develop/tests/phpunit/tests/rest-api/rest-post-meta-fields.php" line="1522" assertions="7" time="0.231751"/>
        <testcase name="test_php_objects_returned_as_null" class="WP_Test_REST_Post_Meta_Fields" classname="WP_Test_REST_Post_Meta_Fields" file="/home/meng/Desktop/wptest/wordpress-develop/tests/phpunit/tests/rest-api/rest-post-meta-fields.php" line="1640" assertions="2" time="0.124882"/>
        <testcase name="test_php_objects_returned_as_null_multiple" class="WP_Test_REST_Post_Meta_Fields" classname="WP_Test_REST_Post_Meta_Fields" file="/home/meng/Desktop/wptest/wordpress-develop/tests/phpunit/tests/rest-api/rest-post-meta-fields.php" line="1675" assertions="4" time="0.263277"/>
        <testcase name="test_php_jsonserializable_object_returns_value" class="WP_Test_REST_Post_Meta_Fields" classname="WP_Test_REST_Post_Meta_Fields" file="/home/meng/Desktop/wptest/wordpress-develop/tests/phpunit/tests/rest-api/rest-post-meta-fields.php" line="1713" assertions="2" time="0.128514"/>
        <testcase name="test_updating_meta_to_null_for_key_with_existing_php_object_does_not_delete_meta_value" class="WP_Test_REST_Post_Meta_Fields" classname="WP_Test_REST_Post_Meta_Fields" file="/home/meng/Desktop/wptest/wordpress-develop/tests/phpunit/tests/rest-api/rest-post-meta-fields.php" line="1748" assertions="1" time="0.201958"/>
        <testcase name="test_updating_non_single_meta_to_null_for_key_with_existing_php_object_does_not_set_meta_value_to_null" class="WP_Test_REST_Post_Meta_Fields" classname="WP_Test_REST_Post_Meta_Fields" file="/home/meng/Desktop/wptest/wordpress-develop/tests/phpunit/tests/rest-api/rest-post-meta-fields.php" line="1790" assertions="1" time="0.232197"/>
        <testcase name="test_object_rejects_additional_properties_by_default" class="WP_Test_REST_Post_Meta_Fields" classname="WP_Test_REST_Post_Meta_Fields" file="/home/meng/Desktop/wptest/wordpress-develop/tests/phpunit/tests/rest-api/rest-post-meta-fields.php" line="1836" assertions="1" time="0.217514"/>
        <testcase name="test_object_allows_additional_properties_if_explicitly_set" class="WP_Test_REST_Post_Meta_Fields" classname="WP_Test_REST_Post_Meta_Fields" file="/home/meng/Desktop/wptest/wordpress-develop/tests/phpunit/tests/rest-api/rest-post-meta-fields.php" line="1877" assertions="3" time="0.359155"/>
        <testcase name="test_object_allows_additional_properties_and_uses_its_schema" class="WP_Test_REST_Post_Meta_Fields" classname="WP_Test_REST_Post_Meta_Fields" file="/home/meng/Desktop/wptest/wordpress-develop/tests/phpunit/tests/rest-api/rest-post-meta-fields.php" line="1924" assertions="1" time="0.202244"/>
        <testcase name="test_invalid_meta_value_are_set_to_null_in_response" class="WP_Test_REST_Post_Meta_Fields" classname="WP_Test_REST_Post_Meta_Fields" file="/home/meng/Desktop/wptest/wordpress-develop/tests/phpunit/tests/rest-api/rest-post-meta-fields.php" line="1970" assertions="1" time="0.135215"/>
        <testsuite name="WP_Test_REST_Post_Meta_Fields::test_meta_values_are_not_set_to_null_in_response_if_type_safely_serializable" tests="15" assertions="15" errors="0" failures="0" skipped="0" time="2.083505">
          <testcase name="test_meta_values_are_not_set_to_null_in_response_if_type_safely_serializable with data set #0" class="WP_Test_REST_Post_Meta_Fields" classname="WP_Test_REST_Post_Meta_Fields" file="/home/meng/Desktop/wptest/wordpress-develop/tests/phpunit/tests/rest-api/rest-post-meta-fields.php" line="1999" assertions="1" time="0.119458"/>
          <testcase name="test_meta_values_are_not_set_to_null_in_response_if_type_safely_serializable with data set #1" class="WP_Test_REST_Post_Meta_Fields" classname="WP_Test_REST_Post_Meta_Fields" file="/home/meng/Desktop/wptest/wordpress-develop/tests/phpunit/tests/rest-api/rest-post-meta-fields.php" line="1999" assertions="1" time="0.122289"/>
          <testcase name="test_meta_values_are_not_set_to_null_in_response_if_type_safely_serializable with data set #2" class="WP_Test_REST_Post_Meta_Fields" classname="WP_Test_REST_Post_Meta_Fields" file="/home/meng/Desktop/wptest/wordpress-develop/tests/phpunit/tests/rest-api/rest-post-meta-fields.php" line="1999" assertions="1" time="0.118436"/>
          <testcase name="test_meta_values_are_not_set_to_null_in_response_if_type_safely_serializable with data set #3" class="WP_Test_REST_Post_Meta_Fields" classname="WP_Test_REST_Post_Meta_Fields" file="/home/meng/Desktop/wptest/wordpress-develop/tests/phpunit/tests/rest-api/rest-post-meta-fields.php" line="1999" assertions="1" time="0.246321"/>
          <testcase name="test_meta_values_are_not_set_to_null_in_response_if_type_safely_serializable with data set #4" class="WP_Test_REST_Post_Meta_Fields" classname="WP_Test_REST_Post_Meta_Fields" file="/home/meng/Desktop/wptest/wordpress-develop/tests/phpunit/tests/rest-api/rest-post-meta-fields.php" line="1999" assertions="1" time="0.123402"/>
          <testcase name="test_meta_values_are_not_set_to_null_in_response_if_type_safely_serializable with data set #5" class="WP_Test_REST_Post_Meta_Fields" classname="WP_Test_REST_Post_Meta_Fields" file="/home/meng/Desktop/wptest/wordpress-develop/tests/phpunit/tests/rest-api/rest-post-meta-fields.php" line="1999" assertions="1" time="0.120525"/>
          <testcase name="test_meta_values_are_not_set_to_null_in_response_if_type_safely_serializable with data set #6" class="WP_Test_REST_Post_Meta_Fields" classname="WP_Test_REST_Post_Meta_Fields" file="/home/meng/Desktop/wptest/wordpress-develop/tests/phpunit/tests/rest-api/rest-post-meta-fields.php" line="1999" assertions="1" time="0.123700"/>
          <testcase name="test_meta_values_are_not_set_to_null_in_response_if_type_safely_serializable with data set #7" class="WP_Test_REST_Post_Meta_Fields" classname="WP_Test_REST_Post_Meta_Fields" file="/home/meng/Desktop/wptest/wordpress-develop/tests/phpunit/tests/rest-api/rest-post-meta-fields.php" line="1999" assertions="1" time="0.119574"/>
          <testcase name="test_meta_values_are_not_set_to_null_in_response_if_type_safely_serializable with data set #8" class="WP_Test_REST_Post_Meta_Fields" classname="WP_Test_REST_Post_Meta_Fields" file="/home/meng/Desktop/wptest/wordpress-develop/tests/phpunit/tests/rest-api/rest-post-meta-fields.php" line="1999" assertions="1" time="0.119774"/>
          <testcase name="test_meta_values_are_not_set_to_null_in_response_if_type_safely_serializable with data set #9" class="WP_Test_REST_Post_Meta_Fields" classname="WP_Test_REST_Post_Meta_Fields" file="/home/meng/Desktop/wptest/wordpress-develop/tests/phpunit/tests/rest-api/rest-post-meta-fields.php" line="1999" assertions="1" time="0.248538"/>
          <testcase name="test_meta_values_are_not_set_to_null_in_response_if_type_safely_serializable with data set #10" class="WP_Test_REST_Post_Meta_Fields" classname="WP_Test_REST_Post_Meta_Fields" file="/home/meng/Desktop/wptest/wordpress-develop/tests/phpunit/tests/rest-api/rest-post-meta-fields.php" line="1999" assertions="1" time="0.121122"/>
          <testcase name="test_meta_values_are_not_set_to_null_in_response_if_type_safely_serializable with data set #11" class="WP_Test_REST_Post_Meta_Fields" classname="WP_Test_REST_Post_Meta_Fields" file="/home/meng/Desktop/wptest/wordpress-develop/tests/phpunit/tests/rest-api/rest-post-meta-fields.php" line="1999" assertions="1" time="0.122168"/>
          <testcase name="test_meta_values_are_not_set_to_null_in_response_if_type_safely_serializable with data set #12" class="WP_Test_REST_Post_Meta_Fields" classname="WP_Test_REST_Post_Meta_Fields" file="/home/meng/Desktop/wptest/wordpress-develop/tests/phpunit/tests/rest-api/rest-post-meta-fields.php" line="1999" assertions="1" time="0.120870"/>
          <testcase name="test_meta_values_are_not_set_to_null_in_response_if_type_safely_serializable with data set #13" class="WP_Test_REST_Post_Meta_Fields" classname="WP_Test_REST_Post_Meta_Fields" file="/home/meng/Desktop/wptest/wordpress-develop/tests/phpunit/tests/rest-api/rest-post-meta-fields.php" line="1999" assertions="1" time="0.118755"/>
          <testcase name="test_meta_values_are_not_set_to_null_in_response_if_type_safely_serializable with data set #14" class="WP_Test_REST_Post_Meta_Fields" classname="WP_Test_REST_Post_Meta_Fields" file="/home/meng/Desktop/wptest/wordpress-develop/tests/phpunit/tests/rest-api/rest-post-meta-fields.php" line="1999" assertions="1" time="0.138573"/>
        </testsuite>
        <testcase name="test_update_multi_meta_value_object" class="WP_Test_REST_Post_Meta_Fields" classname="WP_Test_REST_Post_Meta_Fields" file="/home/meng/Desktop/wptest/wordpress-develop/tests/phpunit/tests/rest-api/rest-post-meta-fields.php" line="2041" assertions="8" time="0.375842"/>
        <testcase name="test_update_multi_meta_value_array" class="WP_Test_REST_Post_Meta_Fields" classname="WP_Test_REST_Post_Meta_Fields" file="/home/meng/Desktop/wptest/wordpress-develop/tests/phpunit/tests/rest-api/rest-post-meta-fields.php" line="2109" assertions="8" time="0.245111"/>
        <testcase name="test_update_meta_with_unchanged_array_values" class="WP_Test_REST_Post_Meta_Fields" classname="WP_Test_REST_Post_Meta_Fields" file="/home/meng/Desktop/wptest/wordpress-develop/tests/phpunit/tests/rest-api/rest-post-meta-fields.php" line="2162" assertions="2" time="0.249377"/>
        <testcase name="test_update_meta_with_unchanged_object_values" class="WP_Test_REST_Post_Meta_Fields" classname="WP_Test_REST_Post_Meta_Fields" file="/home/meng/Desktop/wptest/wordpress-develop/tests/phpunit/tests/rest-api/rest-post-meta-fields.php" line="2203" assertions="2" time="0.230323"/>
        <testcase name="test_register_meta_issues_doing_it_wrong_when_show_in_rest_is_true" class="WP_Test_REST_Post_Meta_Fields" classname="WP_Test_REST_Post_Meta_Fields" file="/home/meng/Desktop/wptest/wordpress-develop/tests/phpunit/tests/rest-api/rest-post-meta-fields.php" line="2246" assertions="2" time="0.090597"/>
        <testcase name="test_register_meta_issues_doing_it_wrong_when_show_in_rest_omits_schema" class="WP_Test_REST_Post_Meta_Fields" classname="WP_Test_REST_Post_Meta_Fields" file="/home/meng/Desktop/wptest/wordpress-develop/tests/phpunit/tests/rest-api/rest-post-meta-fields.php" line="2264" assertions="2" time="0.089005"/>
        <testcase name="test_register_meta_issues_doing_it_wrong_when_show_in_rest_omits_schema_items" class="WP_Test_REST_Post_Meta_Fields" classname="WP_Test_REST_Post_Meta_Fields" file="/home/meng/Desktop/wptest/wordpress-develop/tests/phpunit/tests/rest-api/rest-post-meta-fields.php" line="2284" assertions="2" time="0.224897"/>
        <testcase name="test_update_array_of_ints_meta" class="WP_Test_REST_Post_Meta_Fields" classname="WP_Test_REST_Post_Meta_Fields" file="/home/meng/Desktop/wptest/wordpress-develop/tests/phpunit/tests/rest-api/rest-post-meta-fields.php" line="2306" assertions="1" time="0.297399"/>
        <testcase name="test_update_array_of_ints_meta_stored_strings_are_updated" class="WP_Test_REST_Post_Meta_Fields" classname="WP_Test_REST_Post_Meta_Fields" file="/home/meng/Desktop/wptest/wordpress-develop/tests/phpunit/tests/rest-api/rest-post-meta-fields.php" line="2341" assertions="3" time="0.257995"/>
        <testcase name="test_update_array_of_ints_meta_string_request_data_is_set_as_ints" class="WP_Test_REST_Post_Meta_Fields" classname="WP_Test_REST_Post_Meta_Fields" file="/home/meng/Desktop/wptest/wordpress-develop/tests/phpunit/tests/rest-api/rest-post-meta-fields.php" line="2380" assertions="2" time="0.222868"/>
        <testcase name="test_update_array_of_ints_meta_string_request_data_and_string_stored_data" class="WP_Test_REST_Post_Meta_Fields" classname="WP_Test_REST_Post_Meta_Fields" file="/home/meng/Desktop/wptest/wordpress-develop/tests/phpunit/tests/rest-api/rest-post-meta-fields.php" line="2417" assertions="2" time="0.236217"/>
        <testcase name="test_update_array_of_bools_meta" class="WP_Test_REST_Post_Meta_Fields" classname="WP_Test_REST_Post_Meta_Fields" file="/home/meng/Desktop/wptest/wordpress-develop/tests/phpunit/tests/rest-api/rest-post-meta-fields.php" line="2454" assertions="1" time="0.410988"/>
        <testcase name="test_update_array_of_bools_meta_stored_strings_are_updated" class="WP_Test_REST_Post_Meta_Fields" classname="WP_Test_REST_Post_Meta_Fields" file="/home/meng/Desktop/wptest/wordpress-develop/tests/phpunit/tests/rest-api/rest-post-meta-fields.php" line="2489" assertions="3" time="0.271070"/>
        <testcase name="test_update_array_of_bools_meta_string_request_data_is_set_as_bools" class="WP_Test_REST_Post_Meta_Fields" classname="WP_Test_REST_Post_Meta_Fields" file="/home/meng/Desktop/wptest/wordpress-develop/tests/phpunit/tests/rest-api/rest-post-meta-fields.php" line="2529" assertions="2" time="0.231934"/>
        <testcase name="test_update_array_of_bools_meta_string_request_data_and_string_stored_data" class="WP_Test_REST_Post_Meta_Fields" classname="WP_Test_REST_Post_Meta_Fields" file="/home/meng/Desktop/wptest/wordpress-develop/tests/phpunit/tests/rest-api/rest-post-meta-fields.php" line="2566" assertions="2" time="0.230694"/>
        <testcase name="test_update_array_of_bools_with_string_values_stored_and_opposite_request_data" class="WP_Test_REST_Post_Meta_Fields" classname="WP_Test_REST_Post_Meta_Fields" file="/home/meng/Desktop/wptest/wordpress-develop/tests/phpunit/tests/rest-api/rest-post-meta-fields.php" line="2603" assertions="2" time="0.235044"/>
        <testcase name="test_boolean_meta_update_to_false_stores_0" class="WP_Test_REST_Post_Meta_Fields" classname="WP_Test_REST_Post_Meta_Fields" file="/home/meng/Desktop/wptest/wordpress-develop/tests/phpunit/tests/rest-api/rest-post-meta-fields.php" line="2640" assertions="2" time="0.256802"/>
        <testcase name="test_update_multi_meta_value_handles_integer_types" class="WP_Test_REST_Post_Meta_Fields" classname="WP_Test_REST_Post_Meta_Fields" file="/home/meng/Desktop/wptest/wordpress-develop/tests/phpunit/tests/rest-api/rest-post-meta-fields.php" line="2675" assertions="4" time="0.383244"/>
        <testcase name="test_update_multi_meta_value_handles_boolean_types" class="WP_Test_REST_Post_Meta_Fields" classname="WP_Test_REST_Post_Meta_Fields" file="/home/meng/Desktop/wptest/wordpress-develop/tests/phpunit/tests/rest-api/rest-post-meta-fields.php" line="2711" assertions="4" time="0.256118"/>
        <testcase name="test_update_multi_meta_value_handles_object_types" class="WP_Test_REST_Post_Meta_Fields" classname="WP_Test_REST_Post_Meta_Fields" file="/home/meng/Desktop/wptest/wordpress-develop/tests/phpunit/tests/rest-api/rest-post-meta-fields.php" line="2748" assertions="4" time="0.264123"/>
        <testsuite name="WP_Test_REST_Post_Meta_Fields::test_get_default_value" tests="9" assertions="45" errors="0" failures="0" skipped="0" time="1.302834">
          <testcase name="test_get_default_value with data set #0" class="WP_Test_REST_Post_Meta_Fields" classname="WP_Test_REST_Post_Meta_Fields" file="/home/meng/Desktop/wptest/wordpress-develop/tests/phpunit/tests/rest-api/rest-post-meta-fields.php" line="2803" assertions="5" time="0.132752"/>
          <testcase name="test_get_default_value with data set #1" class="WP_Test_REST_Post_Meta_Fields" classname="WP_Test_REST_Post_Meta_Fields" file="/home/meng/Desktop/wptest/wordpress-develop/tests/phpunit/tests/rest-api/rest-post-meta-fields.php" line="2803" assertions="5" time="0.138844"/>
          <testcase name="test_get_default_value with data set #2" class="WP_Test_REST_Post_Meta_Fields" classname="WP_Test_REST_Post_Meta_Fields" file="/home/meng/Desktop/wptest/wordpress-develop/tests/phpunit/tests/rest-api/rest-post-meta-fields.php" line="2803" assertions="5" time="0.122047"/>
          <testcase name="test_get_default_value with data set #3" class="WP_Test_REST_Post_Meta_Fields" classname="WP_Test_REST_Post_Meta_Fields" file="/home/meng/Desktop/wptest/wordpress-develop/tests/phpunit/tests/rest-api/rest-post-meta-fields.php" line="2803" assertions="5" time="0.249058"/>
          <testcase name="test_get_default_value with data set #4" class="WP_Test_REST_Post_Meta_Fields" classname="WP_Test_REST_Post_Meta_Fields" file="/home/meng/Desktop/wptest/wordpress-develop/tests/phpunit/tests/rest-api/rest-post-meta-fields.php" line="2803" assertions="5" time="0.121142"/>
          <testcase name="test_get_default_value with data set #5" class="WP_Test_REST_Post_Meta_Fields" classname="WP_Test_REST_Post_Meta_Fields" file="/home/meng/Desktop/wptest/wordpress-develop/tests/phpunit/tests/rest-api/rest-post-meta-fields.php" line="2803" assertions="5" time="0.140516"/>
          <testcase name="test_get_default_value with data set #6" class="WP_Test_REST_Post_Meta_Fields" classname="WP_Test_REST_Post_Meta_Fields" file="/home/meng/Desktop/wptest/wordpress-develop/tests/phpunit/tests/rest-api/rest-post-meta-fields.php" line="2803" assertions="5" time="0.125020"/>
          <testcase name="test_get_default_value with data set #7" class="WP_Test_REST_Post_Meta_Fields" classname="WP_Test_REST_Post_Meta_Fields" file="/home/meng/Desktop/wptest/wordpress-develop/tests/phpunit/tests/rest-api/rest-post-meta-fields.php" line="2803" assertions="5" time="0.141555"/>
          <testcase name="test_get_default_value with data set &quot;array of objects&quot;" class="WP_Test_REST_Post_Meta_Fields" classname="WP_Test_REST_Post_Meta_Fields" file="/home/meng/Desktop/wptest/wordpress-develop/tests/phpunit/tests/rest-api/rest-post-meta-fields.php" line="2803" assertions="5" time="0.131900"/>
        </testsuite>
        <testcase name="test_set_default_in_schema" class="WP_Test_REST_Post_Meta_Fields" classname="WP_Test_REST_Post_Meta_Fields" file="/home/meng/Desktop/wptest/wordpress-develop/tests/phpunit/tests/rest-api/rest-post-meta-fields.php" line="2968" assertions="1" time="0.257608"/>
        <testcase name="test_default_is_added_to_schema" class="WP_Test_REST_Post_Meta_Fields" classname="WP_Test_REST_Post_Meta_Fields" file="/home/meng/Desktop/wptest/wordpress-develop/tests/phpunit/tests/rest-api/rest-post-meta-fields.php" line="2990" assertions="2" time="0.098401"/>
      </testsuite>
      <testsuite name="WP_Test_REST_Post_Statuses_Controller" file="/home/meng/Desktop/wptest/wordpress-develop/tests/phpunit/tests/rest-api/rest-post-statuses-controller.php" tests="16" assertions="139" errors="0" failures="0" skipped="0" time="1.935568">
        <testcase name="test_register_routes" class="WP_Test_REST_Post_Statuses_Controller" classname="WP_Test_REST_Post_Statuses_Controller" file="/home/meng/Desktop/wptest/wordpress-develop/tests/phpunit/tests/rest-api/rest-post-statuses-controller.php" line="14" assertions="6" time="0.082341"/>
        <testcase name="test_context_param" class="WP_Test_REST_Post_Statuses_Controller" classname="WP_Test_REST_Post_Statuses_Controller" file="/home/meng/Desktop/wptest/wordpress-develop/tests/phpunit/tests/rest-api/rest-post-statuses-controller.php" line="20" assertions="9" time="0.090456"/>
        <testcase name="test_get_items" class="WP_Test_REST_Post_Statuses_Controller" classname="WP_Test_REST_Post_Statuses_Controller" file="/home/meng/Desktop/wptest/wordpress-develop/tests/phpunit/tests/rest-api/rest-post-statuses-controller.php" line="35" assertions="7" time="0.091009"/>
        <testcase name="test_get_items_logged_in" class="WP_Test_REST_Post_Statuses_Controller" classname="WP_Test_REST_Post_Statuses_Controller" file="/home/meng/Desktop/wptest/wordpress-develop/tests/phpunit/tests/rest-api/rest-post-statuses-controller.php" line="45" assertions="12" time="0.161745"/>
        <testcase name="test_get_items_unauthorized_context" class="WP_Test_REST_Post_Statuses_Controller" classname="WP_Test_REST_Post_Statuses_Controller" file="/home/meng/Desktop/wptest/wordpress-develop/tests/phpunit/tests/rest-api/rest-post-statuses-controller.php" line="67" assertions="8" time="0.216748"/>
        <testcase name="test_get_item" class="WP_Test_REST_Post_Statuses_Controller" classname="WP_Test_REST_Post_Statuses_Controller" file="/home/meng/Desktop/wptest/wordpress-develop/tests/phpunit/tests/rest-api/rest-post-statuses-controller.php" line="74" assertions="15" time="0.152653"/>
        <testcase name="test_get_item_invalid_status" class="WP_Test_REST_Post_Statuses_Controller" classname="WP_Test_REST_Post_Statuses_Controller" file="/home/meng/Desktop/wptest/wordpress-develop/tests/phpunit/tests/rest-api/rest-post-statuses-controller.php" line="83" assertions="8" time="0.089129"/>
        <testcase name="test_get_item_invalid_access" class="WP_Test_REST_Post_Statuses_Controller" classname="WP_Test_REST_Post_Statuses_Controller" file="/home/meng/Desktop/wptest/wordpress-develop/tests/phpunit/tests/rest-api/rest-post-statuses-controller.php" line="89" assertions="8" time="0.094419"/>
        <testcase name="test_get_item_invalid_internal" class="WP_Test_REST_Post_Statuses_Controller" classname="WP_Test_REST_Post_Statuses_Controller" file="/home/meng/Desktop/wptest/wordpress-develop/tests/phpunit/tests/rest-api/rest-post-statuses-controller.php" line="96" assertions="8" time="0.169786"/>
        <testcase name="test_create_item" class="WP_Test_REST_Post_Statuses_Controller" classname="WP_Test_REST_Post_Statuses_Controller" file="/home/meng/Desktop/wptest/wordpress-develop/tests/phpunit/tests/rest-api/rest-post-statuses-controller.php" line="105" assertions="5" time="0.100517"/>
        <testcase name="test_update_item" class="WP_Test_REST_Post_Statuses_Controller" classname="WP_Test_REST_Post_Statuses_Controller" file="/home/meng/Desktop/wptest/wordpress-develop/tests/phpunit/tests/rest-api/rest-post-statuses-controller.php" line="112" assertions="5" time="0.093583"/>
        <testcase name="test_delete_item" class="WP_Test_REST_Post_Statuses_Controller" classname="WP_Test_REST_Post_Statuses_Controller" file="/home/meng/Desktop/wptest/wordpress-develop/tests/phpunit/tests/rest-api/rest-post-statuses-controller.php" line="119" assertions="5" time="0.232794"/>
        <testcase name="test_prepare_item" class="WP_Test_REST_Post_Statuses_Controller" classname="WP_Test_REST_Post_Statuses_Controller" file="/home/meng/Desktop/wptest/wordpress-develop/tests/phpunit/tests/rest-api/rest-post-statuses-controller.php" line="126" assertions="14" time="0.086309"/>
        <testcase name="test_prepare_item_limit_fields" class="WP_Test_REST_Post_Statuses_Controller" classname="WP_Test_REST_Post_Statuses_Controller" file="/home/meng/Desktop/wptest/wordpress-develop/tests/phpunit/tests/rest-api/rest-post-statuses-controller.php" line="135" assertions="6" time="0.081022"/>
        <testcase name="test_get_item_schema" class="WP_Test_REST_Post_Statuses_Controller" classname="WP_Test_REST_Post_Statuses_Controller" file="/home/meng/Desktop/wptest/wordpress-develop/tests/phpunit/tests/rest-api/rest-post-statuses-controller.php" line="151" assertions="14" time="0.093065"/>
        <testcase name="test_get_additional_field_registration" class="WP_Test_REST_Post_Statuses_Controller" classname="WP_Test_REST_Post_Statuses_Controller" file="/home/meng/Desktop/wptest/wordpress-develop/tests/phpunit/tests/rest-api/rest-post-statuses-controller.php" line="167" assertions="9" time="0.099993"/>
      </testsuite>
      <testsuite name="WP_Test_REST_Post_Types_Controller" file="/home/meng/Desktop/wptest/wordpress-develop/tests/phpunit/tests/rest-api/rest-post-types-controller.php" tests="16" assertions="203" errors="0" failures="0" skipped="0" time="1.706937">
        <testcase name="test_register_routes" class="WP_Test_REST_Post_Types_Controller" classname="WP_Test_REST_Post_Types_Controller" file="/home/meng/Desktop/wptest/wordpress-develop/tests/phpunit/tests/rest-api/rest-post-types-controller.php" line="14" assertions="6" time="0.081311"/>
        <testcase name="test_context_param" class="WP_Test_REST_Post_Types_Controller" classname="WP_Test_REST_Post_Types_Controller" file="/home/meng/Desktop/wptest/wordpress-develop/tests/phpunit/tests/rest-api/rest-post-types-controller.php" line="20" assertions="9" time="0.097553"/>
        <testcase name="test_get_items" class="WP_Test_REST_Post_Types_Controller" classname="WP_Test_REST_Post_Types_Controller" file="/home/meng/Desktop/wptest/wordpress-develop/tests/phpunit/tests/rest-api/rest-post-types-controller.php" line="35" assertions="40" time="0.224723"/>
        <testcase name="test_get_items_invalid_permission_for_context" class="WP_Test_REST_Post_Types_Controller" classname="WP_Test_REST_Post_Types_Controller" file="/home/meng/Desktop/wptest/wordpress-develop/tests/phpunit/tests/rest-api/rest-post-types-controller.php" line="49" assertions="8" time="0.085247"/>
        <testcase name="test_get_item" class="WP_Test_REST_Post_Types_Controller" classname="WP_Test_REST_Post_Types_Controller" file="/home/meng/Desktop/wptest/wordpress-develop/tests/phpunit/tests/rest-api/rest-post-types-controller.php" line="57" assertions="20" time="0.085105"/>
        <testcase name="test_get_item_page" class="WP_Test_REST_Post_Types_Controller" classname="WP_Test_REST_Post_Types_Controller" file="/home/meng/Desktop/wptest/wordpress-develop/tests/phpunit/tests/rest-api/rest-post-types-controller.php" line="65" assertions="20" time="0.089237"/>
        <testcase name="test_get_item_invalid_type" class="WP_Test_REST_Post_Types_Controller" classname="WP_Test_REST_Post_Types_Controller" file="/home/meng/Desktop/wptest/wordpress-develop/tests/phpunit/tests/rest-api/rest-post-types-controller.php" line="73" assertions="8" time="0.087187"/>
        <testcase name="test_get_item_edit_context" class="WP_Test_REST_Post_Types_Controller" classname="WP_Test_REST_Post_Types_Controller" file="/home/meng/Desktop/wptest/wordpress-develop/tests/phpunit/tests/rest-api/rest-post-types-controller.php" line="79" assertions="19" time="0.152435"/>
        <testcase name="test_get_item_invalid_permission_for_context" class="WP_Test_REST_Post_Types_Controller" classname="WP_Test_REST_Post_Types_Controller" file="/home/meng/Desktop/wptest/wordpress-develop/tests/phpunit/tests/rest-api/rest-post-types-controller.php" line="88" assertions="8" time="0.082384"/>
        <testcase name="test_create_item" class="WP_Test_REST_Post_Types_Controller" classname="WP_Test_REST_Post_Types_Controller" file="/home/meng/Desktop/wptest/wordpress-develop/tests/phpunit/tests/rest-api/rest-post-types-controller.php" line="96" assertions="5" time="0.209370"/>
        <testcase name="test_update_item" class="WP_Test_REST_Post_Types_Controller" classname="WP_Test_REST_Post_Types_Controller" file="/home/meng/Desktop/wptest/wordpress-develop/tests/phpunit/tests/rest-api/rest-post-types-controller.php" line="103" assertions="5" time="0.080337"/>
        <testcase name="test_delete_item" class="WP_Test_REST_Post_Types_Controller" classname="WP_Test_REST_Post_Types_Controller" file="/home/meng/Desktop/wptest/wordpress-develop/tests/phpunit/tests/rest-api/rest-post-types-controller.php" line="110" assertions="5" time="0.094326"/>
        <testcase name="test_prepare_item" class="WP_Test_REST_Post_Types_Controller" classname="WP_Test_REST_Post_Types_Controller" file="/home/meng/Desktop/wptest/wordpress-develop/tests/phpunit/tests/rest-api/rest-post-types-controller.php" line="117" assertions="18" time="0.081263"/>
        <testcase name="test_prepare_item_limit_fields" class="WP_Test_REST_Post_Types_Controller" classname="WP_Test_REST_Post_Types_Controller" file="/home/meng/Desktop/wptest/wordpress-develop/tests/phpunit/tests/rest-api/rest-post-types-controller.php" line="126" assertions="7" time="0.081705"/>
        <testcase name="test_get_item_schema" class="WP_Test_REST_Post_Types_Controller" classname="WP_Test_REST_Post_Types_Controller" file="/home/meng/Desktop/wptest/wordpress-develop/tests/phpunit/tests/rest-api/rest-post-types-controller.php" line="142" assertions="16" time="0.085175"/>
        <testcase name="test_get_additional_field_registration" class="WP_Test_REST_Post_Types_Controller" classname="WP_Test_REST_Post_Types_Controller" file="/home/meng/Desktop/wptest/wordpress-develop/tests/phpunit/tests/rest-api/rest-post-types-controller.php" line="160" assertions="9" time="0.089579"/>
      </testsuite>
      <testsuite name="WP_Test_REST_Posts_Controller" file="/home/meng/Desktop/wptest/wordpress-develop/tests/phpunit/tests/rest-api/rest-posts-controller.php" tests="238" assertions="9300" errors="0" failures="0" skipped="0" time="48.207394">
        <testcase name="test_register_routes" class="WP_Test_REST_Posts_Controller" classname="WP_Test_REST_Posts_Controller" file="/home/meng/Desktop/wptest/wordpress-develop/tests/phpunit/tests/rest-api/rest-posts-controller.php" line="143" assertions="8" time="0.090489"/>
        <testcase name="test_context_param" class="WP_Test_REST_Posts_Controller" classname="WP_Test_REST_Posts_Controller" file="/home/meng/Desktop/wptest/wordpress-develop/tests/phpunit/tests/rest-api/rest-posts-controller.php" line="152" assertions="10" time="0.092683"/>
        <testcase name="test_registered_query_params" class="WP_Test_REST_Posts_Controller" classname="WP_Test_REST_Posts_Controller" file="/home/meng/Desktop/wptest/wordpress-develop/tests/phpunit/tests/rest-api/rest-posts-controller.php" line="167" assertions="7" time="0.085450"/>
        <testcase name="test_registered_get_item_params" class="WP_Test_REST_Posts_Controller" classname="WP_Test_REST_Posts_Controller" file="/home/meng/Desktop/wptest/wordpress-develop/tests/phpunit/tests/rest-api/rest-posts-controller.php" line="201" assertions="5" time="0.082705"/>
        <testcase name="test_allow_header_sent_on_options_request" class="WP_Test_REST_Posts_Controller" classname="WP_Test_REST_Posts_Controller" file="/home/meng/Desktop/wptest/wordpress-develop/tests/phpunit/tests/rest-api/rest-posts-controller.php" line="213" assertions="8" time="0.108506"/>
        <testcase name="test_get_items" class="WP_Test_REST_Posts_Controller" classname="WP_Test_REST_Posts_Controller" file="/home/meng/Desktop/wptest/wordpress-develop/tests/phpunit/tests/rest-api/rest-posts-controller.php" line="233" assertions="539" time="0.389896"/>
        <testcase name="test_get_items_empty_query" class="WP_Test_REST_Posts_Controller" classname="WP_Test_REST_Posts_Controller" file="/home/meng/Desktop/wptest/wordpress-develop/tests/phpunit/tests/rest-api/rest-posts-controller.php" line="245" assertions="7" time="0.227635"/>
        <testcase name="test_get_items_author_query" class="WP_Test_REST_Posts_Controller" classname="WP_Test_REST_Posts_Controller" file="/home/meng/Desktop/wptest/wordpress-develop/tests/phpunit/tests/rest-api/rest-posts-controller.php" line="258" assertions="300" time="0.801514"/>
        <testcase name="test_get_items_author_exclude_query" class="WP_Test_REST_Posts_Controller" classname="WP_Test_REST_Posts_Controller" file="/home/meng/Desktop/wptest/wordpress-develop/tests/phpunit/tests/rest-api/rest-posts-controller.php" line="290" assertions="768" time="1.779870"/>
        <testcase name="test_get_items_include_query" class="WP_Test_REST_Posts_Controller" classname="WP_Test_REST_Posts_Controller" file="/home/meng/Desktop/wptest/wordpress-develop/tests/phpunit/tests/rest-api/rest-posts-controller.php" line="332" assertions="50" time="0.226830"/>
        <testcase name="test_get_items_orderby_author_query" class="WP_Test_REST_Posts_Controller" classname="WP_Test_REST_Posts_Controller" file="/home/meng/Desktop/wptest/wordpress-develop/tests/phpunit/tests/rest-api/rest-posts-controller.php" line="371" assertions="38" time="0.220522"/>
        <testcase name="test_get_items_orderby_modified_query" class="WP_Test_REST_Posts_Controller" classname="WP_Test_REST_Posts_Controller" file="/home/meng/Desktop/wptest/wordpress-develop/tests/phpunit/tests/rest-api/rest-posts-controller.php" line="406" assertions="35" time="0.255294"/>
        <testcase name="test_get_items_orderby_parent_query" class="WP_Test_REST_Posts_Controller" classname="WP_Test_REST_Posts_Controller" file="/home/meng/Desktop/wptest/wordpress-develop/tests/phpunit/tests/rest-api/rest-posts-controller.php" line="430" assertions="31" time="0.207055"/>
        <testcase name="test_get_items_exclude_query" class="WP_Test_REST_Posts_Controller" classname="WP_Test_REST_Posts_Controller" file="/home/meng/Desktop/wptest/wordpress-develop/tests/phpunit/tests/rest-api/rest-posts-controller.php" line="468" assertions="257" time="0.837319"/>
        <testcase name="test_get_items_search_query" class="WP_Test_REST_Posts_Controller" classname="WP_Test_REST_Posts_Controller" file="/home/meng/Desktop/wptest/wordpress-develop/tests/phpunit/tests/rest-api/rest-posts-controller.php" line="498" assertions="265" time="0.691530"/>
        <testcase name="test_get_items_slug_query" class="WP_Test_REST_Posts_Controller" classname="WP_Test_REST_Posts_Controller" file="/home/meng/Desktop/wptest/wordpress-develop/tests/phpunit/tests/rest-api/rest-posts-controller.php" line="520" assertions="16" time="0.174594"/>
        <testcase name="test_get_items_multiple_slugs_array_query" class="WP_Test_REST_Posts_Controller" classname="WP_Test_REST_Posts_Controller" file="/home/meng/Desktop/wptest/wordpress-develop/tests/phpunit/tests/rest-api/rest-posts-controller.php" line="543" assertions="24" time="0.215566"/>
        <testcase name="test_get_items_multiple_slugs_string_query" class="WP_Test_REST_Posts_Controller" classname="WP_Test_REST_Posts_Controller" file="/home/meng/Desktop/wptest/wordpress-develop/tests/phpunit/tests/rest-api/rest-posts-controller.php" line="577" assertions="24" time="0.219606"/>
        <testcase name="test_get_items_status_query" class="WP_Test_REST_Posts_Controller" classname="WP_Test_REST_Posts_Controller" file="/home/meng/Desktop/wptest/wordpress-develop/tests/phpunit/tests/rest-api/rest-posts-controller.php" line="611" assertions="262" time="0.678786"/>
        <testcase name="test_get_items_multiple_statuses_string_query" class="WP_Test_REST_Posts_Controller" classname="WP_Test_REST_Posts_Controller" file="/home/meng/Desktop/wptest/wordpress-develop/tests/phpunit/tests/rest-api/rest-posts-controller.php" line="637" assertions="26" time="0.341147"/>
        <testcase name="test_get_items_multiple_statuses_array_query" class="WP_Test_REST_Posts_Controller" classname="WP_Test_REST_Posts_Controller" file="/home/meng/Desktop/wptest/wordpress-develop/tests/phpunit/tests/rest-api/rest-posts-controller.php" line="660" assertions="26" time="0.220939"/>
        <testcase name="test_get_items_multiple_statuses_one_invalid_query" class="WP_Test_REST_Posts_Controller" classname="WP_Test_REST_Posts_Controller" file="/home/meng/Desktop/wptest/wordpress-develop/tests/phpunit/tests/rest-api/rest-posts-controller.php" line="683" assertions="8" time="0.095255"/>
        <testcase name="test_get_items_multiple_statuses_custom_role_one_invalid_query" class="WP_Test_REST_Posts_Controller" classname="WP_Test_REST_Posts_Controller" file="/home/meng/Desktop/wptest/wordpress-develop/tests/phpunit/tests/rest-api/rest-posts-controller.php" line="694" assertions="8" time="0.119298"/>
        <testcase name="test_get_items_invalid_status_query" class="WP_Test_REST_Posts_Controller" classname="WP_Test_REST_Posts_Controller" file="/home/meng/Desktop/wptest/wordpress-develop/tests/phpunit/tests/rest-api/rest-posts-controller.php" line="706" assertions="8" time="0.093732"/>
        <testcase name="test_get_items_status_without_permissions" class="WP_Test_REST_Posts_Controller" classname="WP_Test_REST_Posts_Controller" file="/home/meng/Desktop/wptest/wordpress-develop/tests/phpunit/tests/rest-api/rest-posts-controller.php" line="715" assertions="96" time="0.313402"/>
        <testcase name="test_get_items_order_and_orderby" class="WP_Test_REST_Posts_Controller" classname="WP_Test_REST_Posts_Controller" file="/home/meng/Desktop/wptest/wordpress-develop/tests/phpunit/tests/rest-api/rest-posts-controller.php" line="735" assertions="84" time="0.380032"/>
        <testcase name="test_get_items_with_orderby_include_without_include_param" class="WP_Test_REST_Posts_Controller" classname="WP_Test_REST_Posts_Controller" file="/home/meng/Desktop/wptest/wordpress-develop/tests/phpunit/tests/rest-api/rest-posts-controller.php" line="790" assertions="8" time="0.261650"/>
        <testcase name="test_get_items_with_orderby_id" class="WP_Test_REST_Posts_Controller" classname="WP_Test_REST_Posts_Controller" file="/home/meng/Desktop/wptest/wordpress-develop/tests/phpunit/tests/rest-api/rest-posts-controller.php" line="801" assertions="34" time="0.229147"/>
        <testcase name="test_get_items_with_orderby_slug" class="WP_Test_REST_Posts_Controller" classname="WP_Test_REST_Posts_Controller" file="/home/meng/Desktop/wptest/wordpress-develop/tests/phpunit/tests/rest-api/rest-posts-controller.php" line="835" assertions="25" time="0.177694"/>
        <testcase name="test_get_items_with_orderby_slugs" class="WP_Test_REST_Posts_Controller" classname="WP_Test_REST_Posts_Controller" file="/home/meng/Desktop/wptest/wordpress-develop/tests/phpunit/tests/rest-api/rest-posts-controller.php" line="864" assertions="32" time="0.238671"/>
        <testcase name="test_get_items_with_orderby_relevance" class="WP_Test_REST_Posts_Controller" classname="WP_Test_REST_Posts_Controller" file="/home/meng/Desktop/wptest/wordpress-develop/tests/phpunit/tests/rest-api/rest-posts-controller.php" line="888" assertions="27" time="0.241300"/>
        <testcase name="test_get_items_with_orderby_relevance_two_terms" class="WP_Test_REST_Posts_Controller" classname="WP_Test_REST_Posts_Controller" file="/home/meng/Desktop/wptest/wordpress-develop/tests/phpunit/tests/rest-api/rest-posts-controller.php" line="916" assertions="27" time="0.210132"/>
        <testcase name="test_get_items_with_orderby_relevance_missing_search" class="WP_Test_REST_Posts_Controller" classname="WP_Test_REST_Posts_Controller" file="/home/meng/Desktop/wptest/wordpress-develop/tests/phpunit/tests/rest-api/rest-posts-controller.php" line="944" assertions="8" time="0.229765"/>
        <testcase name="test_get_items_offset_query" class="WP_Test_REST_Posts_Controller" classname="WP_Test_REST_Posts_Controller" file="/home/meng/Desktop/wptest/wordpress-develop/tests/phpunit/tests/rest-api/rest-posts-controller.php" line="951" assertions="278" time="0.738152"/>
        <testcase name="test_get_items_tags_query" class="WP_Test_REST_Posts_Controller" classname="WP_Test_REST_Posts_Controller" file="/home/meng/Desktop/wptest/wordpress-develop/tests/phpunit/tests/rest-api/rest-posts-controller.php" line="974" assertions="15" time="0.156743"/>
        <testcase name="test_get_items_tags_exclude_query" class="WP_Test_REST_Posts_Controller" classname="WP_Test_REST_Posts_Controller" file="/home/meng/Desktop/wptest/wordpress-develop/tests/phpunit/tests/rest-api/rest-posts-controller.php" line="989" assertions="265" time="0.746075"/>
        <testcase name="test_get_items_tags_and_categories_query" class="WP_Test_REST_Posts_Controller" classname="WP_Test_REST_Posts_Controller" file="/home/meng/Desktop/wptest/wordpress-develop/tests/phpunit/tests/rest-api/rest-posts-controller.php" line="1012" assertions="18" time="0.188594"/>
        <testcase name="test_get_items_tags_or_categories_query" class="WP_Test_REST_Posts_Controller" classname="WP_Test_REST_Posts_Controller" file="/home/meng/Desktop/wptest/wordpress-develop/tests/phpunit/tests/rest-api/rest-posts-controller.php" line="1037" assertions="24" time="0.217673"/>
        <testcase name="test_get_items_tags_and_categories_exclude_query" class="WP_Test_REST_Posts_Controller" classname="WP_Test_REST_Posts_Controller" file="/home/meng/Desktop/wptest/wordpress-develop/tests/phpunit/tests/rest-api/rest-posts-controller.php" line="1059" assertions="19" time="0.209703"/>
        <testcase name="test_get_items_tags_or_categories_exclude_query" class="WP_Test_REST_Posts_Controller" classname="WP_Test_REST_Posts_Controller" file="/home/meng/Desktop/wptest/wordpress-develop/tests/phpunit/tests/rest-api/rest-posts-controller.php" line="1086" assertions="265" time="0.917583"/>
        <testcase name="test_get_items_relation_with_no_tax_query" class="WP_Test_REST_Posts_Controller" classname="WP_Test_REST_Posts_Controller" file="/home/meng/Desktop/wptest/wordpress-develop/tests/phpunit/tests/rest-api/rest-posts-controller.php" line="1119" assertions="16" time="0.136230"/>
        <testcase name="test_get_items_sticky" class="WP_Test_REST_Posts_Controller" classname="WP_Test_REST_Posts_Controller" file="/home/meng/Desktop/wptest/wordpress-develop/tests/phpunit/tests/rest-api/rest-posts-controller.php" line="1130" assertions="19" time="0.157652"/>
        <testcase name="test_get_items_sticky_with_include" class="WP_Test_REST_Posts_Controller" classname="WP_Test_REST_Posts_Controller" file="/home/meng/Desktop/wptest/wordpress-develop/tests/phpunit/tests/rest-api/rest-posts-controller.php" line="1151" assertions="22" time="0.169329"/>
        <testcase name="test_get_items_sticky_no_sticky_posts" class="WP_Test_REST_Posts_Controller" classname="WP_Test_REST_Posts_Controller" file="/home/meng/Desktop/wptest/wordpress-develop/tests/phpunit/tests/rest-api/rest-posts-controller.php" line="1187" assertions="9" time="0.108685"/>
        <testcase name="test_get_items_sticky_with_include_no_sticky_posts" class="WP_Test_REST_Posts_Controller" classname="WP_Test_REST_Posts_Controller" file="/home/meng/Desktop/wptest/wordpress-develop/tests/phpunit/tests/rest-api/rest-posts-controller.php" line="1203" assertions="9" time="0.107629"/>
        <testcase name="test_get_items_not_sticky" class="WP_Test_REST_Posts_Controller" classname="WP_Test_REST_Posts_Controller" file="/home/meng/Desktop/wptest/wordpress-develop/tests/phpunit/tests/rest-api/rest-posts-controller.php" line="1222" assertions="249" time="0.801976"/>
        <testcase name="test_get_items_not_sticky_with_exclude" class="WP_Test_REST_Posts_Controller" classname="WP_Test_REST_Posts_Controller" file="/home/meng/Desktop/wptest/wordpress-develop/tests/phpunit/tests/rest-api/rest-posts-controller.php" line="1244" assertions="251" time="0.672698"/>
        <testcase name="test_get_items_not_sticky_with_exclude_no_sticky_posts" class="WP_Test_REST_Posts_Controller" classname="WP_Test_REST_Posts_Controller" file="/home/meng/Desktop/wptest/wordpress-develop/tests/phpunit/tests/rest-api/rest-posts-controller.php" line="1270" assertions="259" time="0.650193"/>
        <testcase name="test_get_items_pagination_headers" class="WP_Test_REST_Posts_Controller" classname="WP_Test_REST_Posts_Controller" file="/home/meng/Desktop/wptest/wordpress-develop/tests/phpunit/tests/rest-api/rest-posts-controller.php" line="1296" assertions="242" time="0.662138"/>
        <testcase name="test_get_items_status_draft_permissions" class="WP_Test_REST_Posts_Controller" classname="WP_Test_REST_Posts_Controller" file="/home/meng/Desktop/wptest/wordpress-develop/tests/phpunit/tests/rest-api/rest-posts-controller.php" line="1394" assertions="22" time="0.157976"/>
        <testcase name="test_get_items_status_private_permissions" class="WP_Test_REST_Posts_Controller" classname="WP_Test_REST_Posts_Controller" file="/home/meng/Desktop/wptest/wordpress-develop/tests/phpunit/tests/rest-api/rest-posts-controller.php" line="1424" assertions="20" time="0.158587"/>
        <testcase name="test_get_items_invalid_per_page" class="WP_Test_REST_Posts_Controller" classname="WP_Test_REST_Posts_Controller" file="/home/meng/Desktop/wptest/wordpress-develop/tests/phpunit/tests/rest-api/rest-posts-controller.php" line="1446" assertions="8" time="0.097718"/>
        <testcase name="test_get_items_invalid_max_pages" class="WP_Test_REST_Posts_Controller" classname="WP_Test_REST_Posts_Controller" file="/home/meng/Desktop/wptest/wordpress-develop/tests/phpunit/tests/rest-api/rest-posts-controller.php" line="1456" assertions="8" time="0.257139"/>
        <testcase name="test_get_items_invalid_context" class="WP_Test_REST_Posts_Controller" classname="WP_Test_REST_Posts_Controller" file="/home/meng/Desktop/wptest/wordpress-develop/tests/phpunit/tests/rest-api/rest-posts-controller.php" line="1464" assertions="8" time="0.091046"/>
        <testcase name="test_get_items_invalid_date" class="WP_Test_REST_Posts_Controller" classname="WP_Test_REST_Posts_Controller" file="/home/meng/Desktop/wptest/wordpress-develop/tests/phpunit/tests/rest-api/rest-posts-controller.php" line="1471" assertions="8" time="0.096275"/>
        <testcase name="test_get_items_valid_date" class="WP_Test_REST_Posts_Controller" classname="WP_Test_REST_Posts_Controller" file="/home/meng/Desktop/wptest/wordpress-develop/tests/phpunit/tests/rest-api/rest-posts-controller.php" line="1479" assertions="15" time="0.198925"/>
        <testcase name="test_get_items_all_post_formats" class="WP_Test_REST_Posts_Controller" classname="WP_Test_REST_Posts_Controller" file="/home/meng/Desktop/wptest/wordpress-develop/tests/phpunit/tests/rest-api/rest-posts-controller.php" line="1493" assertions="7" time="0.092687"/>
        <testcase name="test_get_item" class="WP_Test_REST_Posts_Controller" classname="WP_Test_REST_Posts_Controller" file="/home/meng/Desktop/wptest/wordpress-develop/tests/phpunit/tests/rest-api/rest-posts-controller.php" line="1503" assertions="59" time="0.123715"/>
        <testcase name="test_get_item_links" class="WP_Test_REST_Posts_Controller" classname="WP_Test_REST_Posts_Controller" file="/home/meng/Desktop/wptest/wordpress-develop/tests/phpunit/tests/rest-api/rest-posts-controller.php" line="1510" assertions="34" time="0.257037"/>
        <testcase name="test_get_item_links_predecessor" class="WP_Test_REST_Posts_Controller" classname="WP_Test_REST_Posts_Controller" file="/home/meng/Desktop/wptest/wordpress-develop/tests/phpunit/tests/rest-api/rest-posts-controller.php" line="1558" assertions="19" time="0.157695"/>
        <testcase name="test_get_item_links_no_author" class="WP_Test_REST_Posts_Controller" classname="WP_Test_REST_Posts_Controller" file="/home/meng/Desktop/wptest/wordpress-develop/tests/phpunit/tests/rest-api/rest-posts-controller.php" line="1580" assertions="25" time="0.170491"/>
        <testcase name="test_get_post_draft_status_not_authenicated" class="WP_Test_REST_Posts_Controller" classname="WP_Test_REST_Posts_Controller" file="/home/meng/Desktop/wptest/wordpress-develop/tests/phpunit/tests/rest-api/rest-posts-controller.php" line="1597" assertions="8" time="0.110704"/>
        <testcase name="test_get_post_invalid_id" class="WP_Test_REST_Posts_Controller" classname="WP_Test_REST_Posts_Controller" file="/home/meng/Desktop/wptest/wordpress-develop/tests/phpunit/tests/rest-api/rest-posts-controller.php" line="1612" assertions="8" time="0.095837"/>
        <testcase name="test_get_post_list_context_with_permission" class="WP_Test_REST_Posts_Controller" classname="WP_Test_REST_Posts_Controller" file="/home/meng/Desktop/wptest/wordpress-develop/tests/phpunit/tests/rest-api/rest-posts-controller.php" line="1619" assertions="559" time="0.450414"/>
        <testcase name="test_get_post_list_context_without_permission" class="WP_Test_REST_Posts_Controller" classname="WP_Test_REST_Posts_Controller" file="/home/meng/Desktop/wptest/wordpress-develop/tests/phpunit/tests/rest-api/rest-posts-controller.php" line="1634" assertions="8" time="0.098123"/>
        <testcase name="test_get_post_context_without_permission" class="WP_Test_REST_Posts_Controller" classname="WP_Test_REST_Posts_Controller" file="/home/meng/Desktop/wptest/wordpress-develop/tests/phpunit/tests/rest-api/rest-posts-controller.php" line="1648" assertions="8" time="0.229880"/>
        <testcase name="test_get_post_with_password" class="WP_Test_REST_Posts_Controller" classname="WP_Test_REST_Posts_Controller" file="/home/meng/Desktop/wptest/wordpress-develop/tests/phpunit/tests/rest-api/rest-posts-controller.php" line="1662" assertions="61" time="0.157798"/>
        <testcase name="test_get_post_with_password_using_password" class="WP_Test_REST_Posts_Controller" classname="WP_Test_REST_Posts_Controller" file="/home/meng/Desktop/wptest/wordpress-develop/tests/phpunit/tests/rest-api/rest-posts-controller.php" line="1681" assertions="61" time="0.144789"/>
        <testcase name="test_get_post_with_password_using_incorrect_password" class="WP_Test_REST_Posts_Controller" classname="WP_Test_REST_Posts_Controller" file="/home/meng/Desktop/wptest/wordpress-develop/tests/phpunit/tests/rest-api/rest-posts-controller.php" line="1705" assertions="8" time="0.127080"/>
        <testcase name="test_get_post_with_password_without_permission" class="WP_Test_REST_Posts_Controller" classname="WP_Test_REST_Posts_Controller" file="/home/meng/Desktop/wptest/wordpress-develop/tests/phpunit/tests/rest-api/rest-posts-controller.php" line="1721" assertions="61" time="0.144434"/>
        <testcase name="test_get_post_should_not_have_block_version_when_context_view" class="WP_Test_REST_Posts_Controller" classname="WP_Test_REST_Posts_Controller" file="/home/meng/Desktop/wptest/wordpress-develop/tests/phpunit/tests/rest-api/rest-posts-controller.php" line="1745" assertions="13" time="0.138168"/>
        <testcase name="test_get_post_should_have_block_version_indicate_block_content_when_context_edit" class="WP_Test_REST_Posts_Controller" classname="WP_Test_REST_Posts_Controller" file="/home/meng/Desktop/wptest/wordpress-develop/tests/phpunit/tests/rest-api/rest-posts-controller.php" line="1763" assertions="14" time="0.152726"/>
        <testcase name="test_get_post_should_have_block_version_indicate_no_block_content_when_context_edit" class="WP_Test_REST_Posts_Controller" classname="WP_Test_REST_Posts_Controller" file="/home/meng/Desktop/wptest/wordpress-develop/tests/phpunit/tests/rest-api/rest-posts-controller.php" line="1784" assertions="14" time="0.278425"/>
        <testcase name="test_get_item_read_permission_custom_post_status_not_authenticated" class="WP_Test_REST_Posts_Controller" classname="WP_Test_REST_Posts_Controller" file="/home/meng/Desktop/wptest/wordpress-develop/tests/phpunit/tests/rest-api/rest-posts-controller.php" line="1800" assertions="15" time="0.182585"/>
        <testcase name="test_prepare_item" class="WP_Test_REST_Posts_Controller" classname="WP_Test_REST_Posts_Controller" file="/home/meng/Desktop/wptest/wordpress-develop/tests/phpunit/tests/rest-api/rest-posts-controller.php" line="1829" assertions="61" time="0.126657"/>
        <testcase name="test_prepare_item_limit_fields" class="WP_Test_REST_Posts_Controller" classname="WP_Test_REST_Posts_Controller" file="/home/meng/Desktop/wptest/wordpress-develop/tests/phpunit/tests/rest-api/rest-posts-controller.php" line="1839" assertions="14" time="0.100140"/>
        <testcase name="test_prepare_item_filters_content_when_needed" class="WP_Test_REST_Posts_Controller" classname="WP_Test_REST_Posts_Controller" file="/home/meng/Desktop/wptest/wordpress-develop/tests/phpunit/tests/rest-api/rest-posts-controller.php" line="1860" assertions="15" time="0.099480"/>
        <testcase name="test_prepare_item_skips_content_filter_if_not_needed" class="WP_Test_REST_Posts_Controller" classname="WP_Test_REST_Posts_Controller" file="/home/meng/Desktop/wptest/wordpress-develop/tests/phpunit/tests/rest-api/rest-posts-controller.php" line="1896" assertions="15" time="0.099722"/>
        <testcase name="test_create_item" class="WP_Test_REST_Posts_Controller" classname="WP_Test_REST_Posts_Controller" file="/home/meng/Desktop/wptest/wordpress-develop/tests/phpunit/tests/rest-api/rest-posts-controller.php" line="1929" assertions="66" time="0.294478"/>
        <testsuite name="WP_Test_REST_Posts_Controller::test_create_post_date" tests="14" assertions="266" errors="0" failures="0" skipped="0" time="2.352347">
          <testcase name="test_create_post_date with data set &quot;set date without timezone, status=draft&quot;" class="WP_Test_REST_Posts_Controller" classname="WP_Test_REST_Posts_Controller" file="/home/meng/Desktop/wptest/wordpress-develop/tests/phpunit/tests/rest-api/rest-posts-controller.php" line="2014" assertions="19" time="0.143179"/>
          <testcase name="test_create_post_date with data set &quot;set date without timezone, status=publish&quot;" class="WP_Test_REST_Posts_Controller" classname="WP_Test_REST_Posts_Controller" file="/home/meng/Desktop/wptest/wordpress-develop/tests/phpunit/tests/rest-api/rest-posts-controller.php" line="2014" assertions="19" time="0.143176"/>
          <testcase name="test_create_post_date with data set &quot;set date without timezone, status=future&quot;" class="WP_Test_REST_Posts_Controller" classname="WP_Test_REST_Posts_Controller" file="/home/meng/Desktop/wptest/wordpress-develop/tests/phpunit/tests/rest-api/rest-posts-controller.php" line="2014" assertions="19" time="0.160594"/>
          <testcase name="test_create_post_date with data set &quot;set date without timezone, status=pending&quot;" class="WP_Test_REST_Posts_Controller" classname="WP_Test_REST_Posts_Controller" file="/home/meng/Desktop/wptest/wordpress-develop/tests/phpunit/tests/rest-api/rest-posts-controller.php" line="2014" assertions="19" time="0.139747"/>
          <testcase name="test_create_post_date with data set &quot;set date without timezone, status=private&quot;" class="WP_Test_REST_Posts_Controller" classname="WP_Test_REST_Posts_Controller" file="/home/meng/Desktop/wptest/wordpress-develop/tests/phpunit/tests/rest-api/rest-posts-controller.php" line="2014" assertions="19" time="0.136470"/>
          <testcase name="test_create_post_date with data set &quot;set date_gmt without timezone, status=draft&quot;" class="WP_Test_REST_Posts_Controller" classname="WP_Test_REST_Posts_Controller" file="/home/meng/Desktop/wptest/wordpress-develop/tests/phpunit/tests/rest-api/rest-posts-controller.php" line="2014" assertions="19" time="0.142240"/>
          <testcase name="test_create_post_date with data set &quot;set date_gmt without timezone, status=publish&quot;" class="WP_Test_REST_Posts_Controller" classname="WP_Test_REST_Posts_Controller" file="/home/meng/Desktop/wptest/wordpress-develop/tests/phpunit/tests/rest-api/rest-posts-controller.php" line="2014" assertions="19" time="0.292021"/>
          <testcase name="test_create_post_date with data set &quot;set date_gmt without timezone, status=future&quot;" class="WP_Test_REST_Posts_Controller" classname="WP_Test_REST_Posts_Controller" file="/home/meng/Desktop/wptest/wordpress-develop/tests/phpunit/tests/rest-api/rest-posts-controller.php" line="2014" assertions="19" time="0.151398"/>
          <testcase name="test_create_post_date with data set &quot;set date_gmt without timezone, status=pending&quot;" class="WP_Test_REST_Posts_Controller" classname="WP_Test_REST_Posts_Controller" file="/home/meng/Desktop/wptest/wordpress-develop/tests/phpunit/tests/rest-api/rest-posts-controller.php" line="2014" assertions="19" time="0.139704"/>
          <testcase name="test_create_post_date with data set &quot;set date_gmt without timezone, status=private&quot;" class="WP_Test_REST_Posts_Controller" classname="WP_Test_REST_Posts_Controller" file="/home/meng/Desktop/wptest/wordpress-develop/tests/phpunit/tests/rest-api/rest-posts-controller.php" line="2014" assertions="19" time="0.170621"/>
          <testcase name="test_create_post_date with data set &quot;set date with timezone, status=draft&quot;" class="WP_Test_REST_Posts_Controller" classname="WP_Test_REST_Posts_Controller" file="/home/meng/Desktop/wptest/wordpress-develop/tests/phpunit/tests/rest-api/rest-posts-controller.php" line="2014" assertions="19" time="0.139115"/>
          <testcase name="test_create_post_date with data set &quot;set date with timezone, status=publish&quot;" class="WP_Test_REST_Posts_Controller" classname="WP_Test_REST_Posts_Controller" file="/home/meng/Desktop/wptest/wordpress-develop/tests/phpunit/tests/rest-api/rest-posts-controller.php" line="2014" assertions="19" time="0.163084"/>
          <testcase name="test_create_post_date with data set &quot;set date_gmt with timezone, status=draft&quot;" class="WP_Test_REST_Posts_Controller" classname="WP_Test_REST_Posts_Controller" file="/home/meng/Desktop/wptest/wordpress-develop/tests/phpunit/tests/rest-api/rest-posts-controller.php" line="2014" assertions="19" time="0.274332"/>
          <testcase name="test_create_post_date with data set &quot;set date_gmt with timezone, status=publish&quot;" class="WP_Test_REST_Posts_Controller" classname="WP_Test_REST_Posts_Controller" file="/home/meng/Desktop/wptest/wordpress-develop/tests/phpunit/tests/rest-api/rest-posts-controller.php" line="2014" assertions="19" time="0.156666"/>
        </testsuite>
        <testcase name="test_create_item_with_template" class="WP_Test_REST_Posts_Controller" classname="WP_Test_REST_Posts_Controller" file="/home/meng/Desktop/wptest/wordpress-develop/tests/phpunit/tests/rest-api/rest-posts-controller.php" line="2048" assertions="17" time="0.156419"/>
        <testcase name="test_create_item_with_template_none_available" class="WP_Test_REST_Posts_Controller" classname="WP_Test_REST_Posts_Controller" file="/home/meng/Desktop/wptest/wordpress-develop/tests/phpunit/tests/rest-api/rest-posts-controller.php" line="2080" assertions="8" time="0.102540"/>
        <testcase name="test_create_item_with_template_none" class="WP_Test_REST_Posts_Controller" classname="WP_Test_REST_Posts_Controller" file="/home/meng/Desktop/wptest/wordpress-develop/tests/phpunit/tests/rest-api/rest-posts-controller.php" line="2098" assertions="16" time="0.162418"/>
        <testcase name="test_rest_create_item" class="WP_Test_REST_Posts_Controller" classname="WP_Test_REST_Posts_Controller" file="/home/meng/Desktop/wptest/wordpress-develop/tests/phpunit/tests/rest-api/rest-posts-controller.php" line="2120" assertions="66" time="0.162217"/>
        <testcase name="test_create_post_invalid_id" class="WP_Test_REST_Posts_Controller" classname="WP_Test_REST_Posts_Controller" file="/home/meng/Desktop/wptest/wordpress-develop/tests/phpunit/tests/rest-api/rest-posts-controller.php" line="2132" assertions="8" time="0.093739"/>
        <testcase name="test_create_post_as_contributor" class="WP_Test_REST_Posts_Controller" classname="WP_Test_REST_Posts_Controller" file="/home/meng/Desktop/wptest/wordpress-develop/tests/phpunit/tests/rest-api/rest-posts-controller.php" line="2147" assertions="69" time="0.286169"/>
        <testcase name="test_create_post_sticky" class="WP_Test_REST_Posts_Controller" classname="WP_Test_REST_Posts_Controller" file="/home/meng/Desktop/wptest/wordpress-develop/tests/phpunit/tests/rest-api/rest-posts-controller.php" line="2175" assertions="16" time="0.141836"/>
        <testcase name="test_create_post_sticky_as_contributor" class="WP_Test_REST_Posts_Controller" classname="WP_Test_REST_Posts_Controller" file="/home/meng/Desktop/wptest/wordpress-develop/tests/phpunit/tests/rest-api/rest-posts-controller.php" line="2193" assertions="8" time="0.091824"/>
        <testcase name="test_create_post_other_author_without_permission" class="WP_Test_REST_Posts_Controller" classname="WP_Test_REST_Posts_Controller" file="/home/meng/Desktop/wptest/wordpress-develop/tests/phpunit/tests/rest-api/rest-posts-controller.php" line="2209" assertions="8" time="0.101832"/>
        <testcase name="test_create_post_without_permission" class="WP_Test_REST_Posts_Controller" classname="WP_Test_REST_Posts_Controller" file="/home/meng/Desktop/wptest/wordpress-develop/tests/phpunit/tests/rest-api/rest-posts-controller.php" line="2224" assertions="8" time="0.103289"/>
        <testcase name="test_create_post_draft" class="WP_Test_REST_Posts_Controller" classname="WP_Test_REST_Posts_Controller" file="/home/meng/Desktop/wptest/wordpress-develop/tests/phpunit/tests/rest-api/rest-posts-controller.php" line="2239" assertions="18" time="0.133553"/>
        <testcase name="test_create_post_private" class="WP_Test_REST_Posts_Controller" classname="WP_Test_REST_Posts_Controller" file="/home/meng/Desktop/wptest/wordpress-develop/tests/phpunit/tests/rest-api/rest-posts-controller.php" line="2263" assertions="16" time="0.270383"/>
        <testcase name="test_create_post_private_without_permission" class="WP_Test_REST_Posts_Controller" classname="WP_Test_REST_Posts_Controller" file="/home/meng/Desktop/wptest/wordpress-develop/tests/phpunit/tests/rest-api/rest-posts-controller.php" line="2281" assertions="8" time="0.105109"/>
        <testcase name="test_create_post_publish_without_permission" class="WP_Test_REST_Posts_Controller" classname="WP_Test_REST_Posts_Controller" file="/home/meng/Desktop/wptest/wordpress-develop/tests/phpunit/tests/rest-api/rest-posts-controller.php" line="2303" assertions="8" time="0.102835"/>
        <testcase name="test_create_post_invalid_status" class="WP_Test_REST_Posts_Controller" classname="WP_Test_REST_Posts_Controller" file="/home/meng/Desktop/wptest/wordpress-develop/tests/phpunit/tests/rest-api/rest-posts-controller.php" line="2324" assertions="8" time="0.093111"/>
        <testcase name="test_create_post_with_format" class="WP_Test_REST_Posts_Controller" classname="WP_Test_REST_Posts_Controller" file="/home/meng/Desktop/wptest/wordpress-develop/tests/phpunit/tests/rest-api/rest-posts-controller.php" line="2339" assertions="16" time="0.169259"/>
        <testcase name="test_create_post_with_standard_format" class="WP_Test_REST_Posts_Controller" classname="WP_Test_REST_Posts_Controller" file="/home/meng/Desktop/wptest/wordpress-develop/tests/phpunit/tests/rest-api/rest-posts-controller.php" line="2357" assertions="16" time="0.150464"/>
        <testcase name="test_create_post_with_invalid_format" class="WP_Test_REST_Posts_Controller" classname="WP_Test_REST_Posts_Controller" file="/home/meng/Desktop/wptest/wordpress-develop/tests/phpunit/tests/rest-api/rest-posts-controller.php" line="2375" assertions="8" time="0.095080"/>
        <testcase name="test_create_post_with_unsupported_format" class="WP_Test_REST_Posts_Controller" classname="WP_Test_REST_Posts_Controller" file="/home/meng/Desktop/wptest/wordpress-develop/tests/phpunit/tests/rest-api/rest-posts-controller.php" line="2395" assertions="16" time="0.300349"/>
        <testcase name="test_create_update_post_with_featured_media" class="WP_Test_REST_Posts_Controller" classname="WP_Test_REST_Posts_Controller" file="/home/meng/Desktop/wptest/wordpress-develop/tests/phpunit/tests/rest-api/rest-posts-controller.php" line="2412" assertions="29" time="0.250617"/>
        <testcase name="test_create_post_invalid_author" class="WP_Test_REST_Posts_Controller" classname="WP_Test_REST_Posts_Controller" file="/home/meng/Desktop/wptest/wordpress-develop/tests/phpunit/tests/rest-api/rest-posts-controller.php" line="2452" assertions="8" time="0.096347"/>
        <testcase name="test_create_post_invalid_author_without_permission" class="WP_Test_REST_Posts_Controller" classname="WP_Test_REST_Posts_Controller" file="/home/meng/Desktop/wptest/wordpress-develop/tests/phpunit/tests/rest-api/rest-posts-controller.php" line="2467" assertions="8" time="0.098087"/>
        <testcase name="test_create_post_with_password" class="WP_Test_REST_Posts_Controller" classname="WP_Test_REST_Posts_Controller" file="/home/meng/Desktop/wptest/wordpress-develop/tests/phpunit/tests/rest-api/rest-posts-controller.php" line="2482" assertions="15" time="0.143276"/>
        <testcase name="test_create_post_with_falsey_password" class="WP_Test_REST_Posts_Controller" classname="WP_Test_REST_Posts_Controller" file="/home/meng/Desktop/wptest/wordpress-develop/tests/phpunit/tests/rest-api/rest-posts-controller.php" line="2498" assertions="15" time="0.146158"/>
        <testcase name="test_create_post_with_empty_string_password_and_sticky" class="WP_Test_REST_Posts_Controller" classname="WP_Test_REST_Posts_Controller" file="/home/meng/Desktop/wptest/wordpress-develop/tests/phpunit/tests/rest-api/rest-posts-controller.php" line="2514" assertions="16" time="0.144858"/>
        <testcase name="test_create_post_with_password_and_sticky_fails" class="WP_Test_REST_Posts_Controller" classname="WP_Test_REST_Posts_Controller" file="/home/meng/Desktop/wptest/wordpress-develop/tests/phpunit/tests/rest-api/rest-posts-controller.php" line="2532" assertions="8" time="0.225973"/>
        <testcase name="test_create_post_custom_date" class="WP_Test_REST_Posts_Controller" classname="WP_Test_REST_Posts_Controller" file="/home/meng/Desktop/wptest/wordpress-develop/tests/phpunit/tests/rest-api/rest-posts-controller.php" line="2548" assertions="16" time="0.144572"/>
        <testcase name="test_create_post_custom_date_with_timezone" class="WP_Test_REST_Posts_Controller" classname="WP_Test_REST_Posts_Controller" file="/home/meng/Desktop/wptest/wordpress-develop/tests/phpunit/tests/rest-api/rest-posts-controller.php" line="2567" assertions="18" time="0.163045"/>
        <testcase name="test_create_post_with_db_error" class="WP_Test_REST_Posts_Controller" classname="WP_Test_REST_Posts_Controller" file="/home/meng/Desktop/wptest/wordpress-develop/tests/phpunit/tests/rest-api/rest-posts-controller.php" line="2590" assertions="8" time="0.121536"/>
        <testcase name="test_create_post_with_invalid_date" class="WP_Test_REST_Posts_Controller" classname="WP_Test_REST_Posts_Controller" file="/home/meng/Desktop/wptest/wordpress-develop/tests/phpunit/tests/rest-api/rest-posts-controller.php" line="2612" assertions="8" time="0.092381"/>
        <testcase name="test_create_post_with_invalid_date_gmt" class="WP_Test_REST_Posts_Controller" classname="WP_Test_REST_Posts_Controller" file="/home/meng/Desktop/wptest/wordpress-develop/tests/phpunit/tests/rest-api/rest-posts-controller.php" line="2627" assertions="8" time="0.090118"/>
        <testcase name="test_create_post_with_quotes_in_title" class="WP_Test_REST_Posts_Controller" classname="WP_Test_REST_Posts_Controller" file="/home/meng/Desktop/wptest/wordpress-develop/tests/phpunit/tests/rest-api/rest-posts-controller.php" line="2642" assertions="15" time="0.276613"/>
        <testcase name="test_create_post_with_categories" class="WP_Test_REST_Posts_Controller" classname="WP_Test_REST_Posts_Controller" file="/home/meng/Desktop/wptest/wordpress-develop/tests/phpunit/tests/rest-api/rest-posts-controller.php" line="2658" assertions="15" time="0.160064"/>
        <testcase name="test_create_post_with_categories_as_csv" class="WP_Test_REST_Posts_Controller" classname="WP_Test_REST_Posts_Controller" file="/home/meng/Desktop/wptest/wordpress-develop/tests/phpunit/tests/rest-api/rest-posts-controller.php" line="2679" assertions="15" time="0.182383"/>
        <testcase name="test_create_post_with_invalid_categories" class="WP_Test_REST_Posts_Controller" classname="WP_Test_REST_Posts_Controller" file="/home/meng/Desktop/wptest/wordpress-develop/tests/phpunit/tests/rest-api/rest-posts-controller.php" line="2698" assertions="15" time="0.144459"/>
        <testcase name="test_create_post_with_categories_that_cannot_be_assigned_by_current_user" class="WP_Test_REST_Posts_Controller" classname="WP_Test_REST_Posts_Controller" file="/home/meng/Desktop/wptest/wordpress-develop/tests/phpunit/tests/rest-api/rest-posts-controller.php" line="2720" assertions="8" time="0.116017"/>
        <testcase name="test_update_item" class="WP_Test_REST_Posts_Controller" classname="WP_Test_REST_Posts_Controller" file="/home/meng/Desktop/wptest/wordpress-develop/tests/phpunit/tests/rest-api/rest-posts-controller.php" line="2749" assertions="73" time="0.166258"/>
        <testcase name="test_update_item_no_change" class="WP_Test_REST_Posts_Controller" classname="WP_Test_REST_Posts_Controller" file="/home/meng/Desktop/wptest/wordpress-develop/tests/phpunit/tests/rest-api/rest-posts-controller.php" line="2770" assertions="122" time="0.234003"/>
        <testcase name="test_rest_update_post" class="WP_Test_REST_Posts_Controller" classname="WP_Test_REST_Posts_Controller" file="/home/meng/Desktop/wptest/wordpress-develop/tests/phpunit/tests/rest-api/rest-posts-controller.php" line="2787" assertions="73" time="0.302140"/>
        <testcase name="test_rest_update_post_with_empty_date" class="WP_Test_REST_Posts_Controller" classname="WP_Test_REST_Posts_Controller" file="/home/meng/Desktop/wptest/wordpress-develop/tests/phpunit/tests/rest-api/rest-posts-controller.php" line="2815" assertions="137" time="0.271732"/>
        <testcase name="test_rest_update_post_raw" class="WP_Test_REST_Posts_Controller" classname="WP_Test_REST_Posts_Controller" file="/home/meng/Desktop/wptest/wordpress-develop/tests/phpunit/tests/rest-api/rest-posts-controller.php" line="2870" assertions="73" time="0.171456"/>
        <testcase name="test_update_post_without_extra_params" class="WP_Test_REST_Posts_Controller" classname="WP_Test_REST_Posts_Controller" file="/home/meng/Desktop/wptest/wordpress-develop/tests/phpunit/tests/rest-api/rest-posts-controller.php" line="2891" assertions="63" time="0.160192"/>
        <testcase name="test_update_post_without_permission" class="WP_Test_REST_Posts_Controller" classname="WP_Test_REST_Posts_Controller" file="/home/meng/Desktop/wptest/wordpress-develop/tests/phpunit/tests/rest-api/rest-posts-controller.php" line="2906" assertions="8" time="0.101978"/>
        <testcase name="test_update_post_sticky_as_contributor" class="WP_Test_REST_Posts_Controller" classname="WP_Test_REST_Posts_Controller" file="/home/meng/Desktop/wptest/wordpress-develop/tests/phpunit/tests/rest-api/rest-posts-controller.php" line="2923" assertions="8" time="0.099065"/>
        <testcase name="test_update_post_invalid_id" class="WP_Test_REST_Posts_Controller" classname="WP_Test_REST_Posts_Controller" file="/home/meng/Desktop/wptest/wordpress-develop/tests/phpunit/tests/rest-api/rest-posts-controller.php" line="2939" assertions="8" time="0.254929"/>
        <testcase name="test_update_post_invalid_route" class="WP_Test_REST_Posts_Controller" classname="WP_Test_REST_Posts_Controller" file="/home/meng/Desktop/wptest/wordpress-develop/tests/phpunit/tests/rest-api/rest-posts-controller.php" line="2948" assertions="8" time="0.093720"/>
        <testcase name="test_update_post_with_format" class="WP_Test_REST_Posts_Controller" classname="WP_Test_REST_Posts_Controller" file="/home/meng/Desktop/wptest/wordpress-develop/tests/phpunit/tests/rest-api/rest-posts-controller.php" line="2957" assertions="16" time="0.170284"/>
        <testcase name="test_update_post_with_standard_format" class="WP_Test_REST_Posts_Controller" classname="WP_Test_REST_Posts_Controller" file="/home/meng/Desktop/wptest/wordpress-develop/tests/phpunit/tests/rest-api/rest-posts-controller.php" line="2975" assertions="16" time="0.158613"/>
        <testcase name="test_update_post_with_invalid_format" class="WP_Test_REST_Posts_Controller" classname="WP_Test_REST_Posts_Controller" file="/home/meng/Desktop/wptest/wordpress-develop/tests/phpunit/tests/rest-api/rest-posts-controller.php" line="2993" assertions="8" time="0.100809"/>
        <testcase name="test_update_post_with_unsupported_format" class="WP_Test_REST_Posts_Controller" classname="WP_Test_REST_Posts_Controller" file="/home/meng/Desktop/wptest/wordpress-develop/tests/phpunit/tests/rest-api/rest-posts-controller.php" line="3013" assertions="16" time="0.172606"/>
        <testcase name="test_update_post_ignore_readonly" class="WP_Test_REST_Posts_Controller" classname="WP_Test_REST_Posts_Controller" file="/home/meng/Desktop/wptest/wordpress-develop/tests/phpunit/tests/rest-api/rest-posts-controller.php" line="3030" assertions="18" time="0.167666"/>
        <testsuite name="WP_Test_REST_Posts_Controller::test_update_post_date" tests="14" assertions="266" errors="0" failures="0" skipped="0" time="2.896589">
          <testcase name="test_update_post_date with data set &quot;set date without timezone, status=draft&quot;" class="WP_Test_REST_Posts_Controller" classname="WP_Test_REST_Posts_Controller" file="/home/meng/Desktop/wptest/wordpress-develop/tests/phpunit/tests/rest-api/rest-posts-controller.php" line="3061" assertions="19" time="0.314836"/>
          <testcase name="test_update_post_date with data set &quot;set date without timezone, status=publish&quot;" class="WP_Test_REST_Posts_Controller" classname="WP_Test_REST_Posts_Controller" file="/home/meng/Desktop/wptest/wordpress-develop/tests/phpunit/tests/rest-api/rest-posts-controller.php" line="3061" assertions="19" time="0.178306"/>
          <testcase name="test_update_post_date with data set &quot;set date without timezone, status=future&quot;" class="WP_Test_REST_Posts_Controller" classname="WP_Test_REST_Posts_Controller" file="/home/meng/Desktop/wptest/wordpress-develop/tests/phpunit/tests/rest-api/rest-posts-controller.php" line="3061" assertions="19" time="0.180931"/>
          <testcase name="test_update_post_date with data set &quot;set date without timezone, status=pending&quot;" class="WP_Test_REST_Posts_Controller" classname="WP_Test_REST_Posts_Controller" file="/home/meng/Desktop/wptest/wordpress-develop/tests/phpunit/tests/rest-api/rest-posts-controller.php" line="3061" assertions="19" time="0.170751"/>
          <testcase name="test_update_post_date with data set &quot;set date without timezone, status=private&quot;" class="WP_Test_REST_Posts_Controller" classname="WP_Test_REST_Posts_Controller" file="/home/meng/Desktop/wptest/wordpress-develop/tests/phpunit/tests/rest-api/rest-posts-controller.php" line="3061" assertions="19" time="0.173659"/>
          <testcase name="test_update_post_date with data set &quot;set date_gmt without timezone, status=draft&quot;" class="WP_Test_REST_Posts_Controller" classname="WP_Test_REST_Posts_Controller" file="/home/meng/Desktop/wptest/wordpress-develop/tests/phpunit/tests/rest-api/rest-posts-controller.php" line="3061" assertions="19" time="0.166662"/>
          <testcase name="test_update_post_date with data set &quot;set date_gmt without timezone, status=publish&quot;" class="WP_Test_REST_Posts_Controller" classname="WP_Test_REST_Posts_Controller" file="/home/meng/Desktop/wptest/wordpress-develop/tests/phpunit/tests/rest-api/rest-posts-controller.php" line="3061" assertions="19" time="0.181754"/>
          <testcase name="test_update_post_date with data set &quot;set date_gmt without timezone, status=future&quot;" class="WP_Test_REST_Posts_Controller" classname="WP_Test_REST_Posts_Controller" file="/home/meng/Desktop/wptest/wordpress-develop/tests/phpunit/tests/rest-api/rest-posts-controller.php" line="3061" assertions="19" time="0.328123"/>
          <testcase name="test_update_post_date with data set &quot;set date_gmt without timezone, status=pending&quot;" class="WP_Test_REST_Posts_Controller" classname="WP_Test_REST_Posts_Controller" file="/home/meng/Desktop/wptest/wordpress-develop/tests/phpunit/tests/rest-api/rest-posts-controller.php" line="3061" assertions="19" time="0.176999"/>
          <testcase name="test_update_post_date with data set &quot;set date_gmt without timezone, status=private&quot;" class="WP_Test_REST_Posts_Controller" classname="WP_Test_REST_Posts_Controller" file="/home/meng/Desktop/wptest/wordpress-develop/tests/phpunit/tests/rest-api/rest-posts-controller.php" line="3061" assertions="19" time="0.191435"/>
          <testcase name="test_update_post_date with data set &quot;set date with timezone, status=draft&quot;" class="WP_Test_REST_Posts_Controller" classname="WP_Test_REST_Posts_Controller" file="/home/meng/Desktop/wptest/wordpress-develop/tests/phpunit/tests/rest-api/rest-posts-controller.php" line="3061" assertions="19" time="0.165287"/>
          <testcase name="test_update_post_date with data set &quot;set date with timezone, status=publish&quot;" class="WP_Test_REST_Posts_Controller" classname="WP_Test_REST_Posts_Controller" file="/home/meng/Desktop/wptest/wordpress-develop/tests/phpunit/tests/rest-api/rest-posts-controller.php" line="3061" assertions="19" time="0.176808"/>
          <testcase name="test_update_post_date with data set &quot;set date_gmt with timezone, status=draft&quot;" class="WP_Test_REST_Posts_Controller" classname="WP_Test_REST_Posts_Controller" file="/home/meng/Desktop/wptest/wordpress-develop/tests/phpunit/tests/rest-api/rest-posts-controller.php" line="3061" assertions="19" time="0.174881"/>
          <testcase name="test_update_post_date with data set &quot;set date_gmt with timezone, status=publish&quot;" class="WP_Test_REST_Posts_Controller" classname="WP_Test_REST_Posts_Controller" file="/home/meng/Desktop/wptest/wordpress-develop/tests/phpunit/tests/rest-api/rest-posts-controller.php" line="3061" assertions="19" time="0.316157"/>
        </testsuite>
        <testcase name="test_update_post_with_invalid_date" class="WP_Test_REST_Posts_Controller" classname="WP_Test_REST_Posts_Controller" file="/home/meng/Desktop/wptest/wordpress-develop/tests/phpunit/tests/rest-api/rest-posts-controller.php" line="3092" assertions="8" time="0.091674"/>
        <testcase name="test_update_post_with_invalid_date_gmt" class="WP_Test_REST_Posts_Controller" classname="WP_Test_REST_Posts_Controller" file="/home/meng/Desktop/wptest/wordpress-develop/tests/phpunit/tests/rest-api/rest-posts-controller.php" line="3107" assertions="8" time="0.099991"/>
        <testcase name="test_empty_post_date_gmt_shimmed_using_post_date" class="WP_Test_REST_Posts_Controller" classname="WP_Test_REST_Posts_Controller" file="/home/meng/Desktop/wptest/wordpress-develop/tests/phpunit/tests/rest-api/rest-posts-controller.php" line="3122" assertions="33" time="0.203754"/>
        <testcase name="test_update_post_slug" class="WP_Test_REST_Posts_Controller" classname="WP_Test_REST_Posts_Controller" file="/home/meng/Desktop/wptest/wordpress-develop/tests/phpunit/tests/rest-api/rest-posts-controller.php" line="3174" assertions="16" time="0.170306"/>
        <testcase name="test_update_post_slug_accented_chars" class="WP_Test_REST_Posts_Controller" classname="WP_Test_REST_Posts_Controller" file="/home/meng/Desktop/wptest/wordpress-develop/tests/phpunit/tests/rest-api/rest-posts-controller.php" line="3192" assertions="16" time="0.163966"/>
        <testcase name="test_update_post_sticky" class="WP_Test_REST_Posts_Controller" classname="WP_Test_REST_Posts_Controller" file="/home/meng/Desktop/wptest/wordpress-develop/tests/phpunit/tests/rest-api/rest-posts-controller.php" line="3210" assertions="28" time="0.225998"/>
        <testcase name="test_update_post_excerpt" class="WP_Test_REST_Posts_Controller" classname="WP_Test_REST_Posts_Controller" file="/home/meng/Desktop/wptest/wordpress-develop/tests/phpunit/tests/rest-api/rest-posts-controller.php" line="3243" assertions="14" time="0.289637"/>
        <testcase name="test_update_post_empty_excerpt" class="WP_Test_REST_Posts_Controller" classname="WP_Test_REST_Posts_Controller" file="/home/meng/Desktop/wptest/wordpress-develop/tests/phpunit/tests/rest-api/rest-posts-controller.php" line="3258" assertions="14" time="0.165165"/>
        <testcase name="test_update_post_content" class="WP_Test_REST_Posts_Controller" classname="WP_Test_REST_Posts_Controller" file="/home/meng/Desktop/wptest/wordpress-develop/tests/phpunit/tests/rest-api/rest-posts-controller.php" line="3273" assertions="14" time="0.172294"/>
        <testcase name="test_update_post_empty_content" class="WP_Test_REST_Posts_Controller" classname="WP_Test_REST_Posts_Controller" file="/home/meng/Desktop/wptest/wordpress-develop/tests/phpunit/tests/rest-api/rest-posts-controller.php" line="3288" assertions="14" time="0.172891"/>
        <testcase name="test_update_post_with_empty_password" class="WP_Test_REST_Posts_Controller" classname="WP_Test_REST_Posts_Controller" file="/home/meng/Desktop/wptest/wordpress-develop/tests/phpunit/tests/rest-api/rest-posts-controller.php" line="3303" assertions="15" time="0.188707"/>
        <testcase name="test_update_post_with_password_and_sticky_fails" class="WP_Test_REST_Posts_Controller" classname="WP_Test_REST_Posts_Controller" file="/home/meng/Desktop/wptest/wordpress-develop/tests/phpunit/tests/rest-api/rest-posts-controller.php" line="3325" assertions="8" time="0.105664"/>
        <testcase name="test_update_stick_post_with_password_fails" class="WP_Test_REST_Posts_Controller" classname="WP_Test_REST_Posts_Controller" file="/home/meng/Desktop/wptest/wordpress-develop/tests/phpunit/tests/rest-api/rest-posts-controller.php" line="3341" assertions="8" time="0.101822"/>
        <testcase name="test_update_password_protected_post_with_sticky_fails" class="WP_Test_REST_Posts_Controller" classname="WP_Test_REST_Posts_Controller" file="/home/meng/Desktop/wptest/wordpress-develop/tests/phpunit/tests/rest-api/rest-posts-controller.php" line="3358" assertions="8" time="0.285088"/>
        <testcase name="test_update_post_with_quotes_in_title" class="WP_Test_REST_Posts_Controller" classname="WP_Test_REST_Posts_Controller" file="/home/meng/Desktop/wptest/wordpress-develop/tests/phpunit/tests/rest-api/rest-posts-controller.php" line="3380" assertions="15" time="0.164374"/>
        <testcase name="test_update_post_with_categories" class="WP_Test_REST_Posts_Controller" classname="WP_Test_REST_Posts_Controller" file="/home/meng/Desktop/wptest/wordpress-develop/tests/phpunit/tests/rest-api/rest-posts-controller.php" line="3395" assertions="22" time="0.200217"/>
        <testcase name="test_update_post_with_empty_categories" class="WP_Test_REST_Posts_Controller" classname="WP_Test_REST_Posts_Controller" file="/home/meng/Desktop/wptest/wordpress-develop/tests/phpunit/tests/rest-api/rest-posts-controller.php" line="3432" assertions="15" time="0.171712"/>
        <testcase name="test_update_post_with_categories_that_cannot_be_assigned_by_current_user" class="WP_Test_REST_Posts_Controller" classname="WP_Test_REST_Posts_Controller" file="/home/meng/Desktop/wptest/wordpress-develop/tests/phpunit/tests/rest-api/rest-posts-controller.php" line="3454" assertions="8" time="0.120059"/>
        <testcase name="test_update_item_with_template" class="WP_Test_REST_Posts_Controller" classname="WP_Test_REST_Posts_Controller" file="/home/meng/Desktop/wptest/wordpress-develop/tests/phpunit/tests/rest-api/rest-posts-controller.php" line="3479" assertions="17" time="0.172812"/>
        <testcase name="test_update_item_with_template_none" class="WP_Test_REST_Posts_Controller" classname="WP_Test_REST_Posts_Controller" file="/home/meng/Desktop/wptest/wordpress-develop/tests/phpunit/tests/rest-api/rest-posts-controller.php" line="3509" assertions="17" time="0.296225"/>
        <testcase name="test_update_item_with_same_template_that_no_longer_exists" class="WP_Test_REST_Posts_Controller" classname="WP_Test_REST_Posts_Controller" file="/home/meng/Desktop/wptest/wordpress-develop/tests/phpunit/tests/rest-api/rest-posts-controller.php" line="3543" assertions="17" time="0.157259"/>
        <testsuite name="WP_Test_REST_Posts_Controller::test_post_roundtrip_as_author" tests="4" assertions="180" errors="0" failures="0" skipped="0" time="0.815983">
          <testcase name="test_post_roundtrip_as_author with data set #0" class="WP_Test_REST_Posts_Controller" classname="WP_Test_REST_Posts_Controller" file="/home/meng/Desktop/wptest/wordpress-develop/tests/phpunit/tests/rest-api/rest-posts-controller.php" line="3714" assertions="45" time="0.200427"/>
          <testcase name="test_post_roundtrip_as_author with data set #1" class="WP_Test_REST_Posts_Controller" classname="WP_Test_REST_Posts_Controller" file="/home/meng/Desktop/wptest/wordpress-develop/tests/phpunit/tests/rest-api/rest-posts-controller.php" line="3714" assertions="45" time="0.197808"/>
          <testcase name="test_post_roundtrip_as_author with data set #2" class="WP_Test_REST_Posts_Controller" classname="WP_Test_REST_Posts_Controller" file="/home/meng/Desktop/wptest/wordpress-develop/tests/phpunit/tests/rest-api/rest-posts-controller.php" line="3714" assertions="45" time="0.207670"/>
          <testcase name="test_post_roundtrip_as_author with data set #3" class="WP_Test_REST_Posts_Controller" classname="WP_Test_REST_Posts_Controller" file="/home/meng/Desktop/wptest/wordpress-develop/tests/phpunit/tests/rest-api/rest-posts-controller.php" line="3714" assertions="45" time="0.210078"/>
        </testsuite>
        <testcase name="test_post_roundtrip_as_editor_unfiltered_html" class="WP_Test_REST_Posts_Controller" classname="WP_Test_REST_Posts_Controller" file="/home/meng/Desktop/wptest/wordpress-develop/tests/phpunit/tests/rest-api/rest-posts-controller.php" line="3721" assertions="45" time="0.207414"/>
        <testcase name="test_post_roundtrip_as_superadmin_unfiltered_html" class="WP_Test_REST_Posts_Controller" classname="WP_Test_REST_Posts_Controller" file="/home/meng/Desktop/wptest/wordpress-develop/tests/phpunit/tests/rest-api/rest-posts-controller.php" line="3773" assertions="45" time="0.362622"/>
        <testcase name="test_delete_item" class="WP_Test_REST_Posts_Controller" classname="WP_Test_REST_Posts_Controller" file="/home/meng/Desktop/wptest/wordpress-develop/tests/phpunit/tests/rest-api/rest-posts-controller.php" line="3800" assertions="16" time="0.181798"/>
        <testcase name="test_delete_item_skip_trash" class="WP_Test_REST_Posts_Controller" classname="WP_Test_REST_Posts_Controller" file="/home/meng/Desktop/wptest/wordpress-develop/tests/phpunit/tests/rest-api/rest-posts-controller.php" line="3815" assertions="15" time="0.151386"/>
        <testcase name="test_delete_item_already_trashed" class="WP_Test_REST_Posts_Controller" classname="WP_Test_REST_Posts_Controller" file="/home/meng/Desktop/wptest/wordpress-develop/tests/phpunit/tests/rest-api/rest-posts-controller.php" line="3830" assertions="18" time="0.193967"/>
        <testcase name="test_delete_post_invalid_id" class="WP_Test_REST_Posts_Controller" classname="WP_Test_REST_Posts_Controller" file="/home/meng/Desktop/wptest/wordpress-develop/tests/phpunit/tests/rest-api/rest-posts-controller.php" line="3842" assertions="8" time="0.092818"/>
        <testcase name="test_delete_post_invalid_post_type" class="WP_Test_REST_Posts_Controller" classname="WP_Test_REST_Posts_Controller" file="/home/meng/Desktop/wptest/wordpress-develop/tests/phpunit/tests/rest-api/rest-posts-controller.php" line="3851" assertions="8" time="0.108084"/>
        <testcase name="test_delete_post_without_permission" class="WP_Test_REST_Posts_Controller" classname="WP_Test_REST_Posts_Controller" file="/home/meng/Desktop/wptest/wordpress-develop/tests/phpunit/tests/rest-api/rest-posts-controller.php" line="3862" assertions="8" time="0.242101"/>
        <testcase name="test_register_post_type_invalid_controller" class="WP_Test_REST_Posts_Controller" classname="WP_Test_REST_Posts_Controller" file="/home/meng/Desktop/wptest/wordpress-develop/tests/phpunit/tests/rest-api/rest-posts-controller.php" line="3871" assertions="6" time="0.137513"/>
        <testcase name="test_get_item_schema" class="WP_Test_REST_Posts_Controller" classname="WP_Test_REST_Posts_Controller" file="/home/meng/Desktop/wptest/wordpress-develop/tests/phpunit/tests/rest-api/rest-posts-controller.php" line="3887" assertions="33" time="0.092012"/>
        <testcase name="test_get_item_schema_issues_doing_it_wrong_when_taxonomy_name_is_already_set_in_properties" class="WP_Test_REST_Posts_Controller" classname="WP_Test_REST_Posts_Controller" file="/home/meng/Desktop/wptest/wordpress-develop/tests/phpunit/tests/rest-api/rest-posts-controller.php" line="3924" assertions="6" time="0.098721"/>
        <testcase name="test_get_post_view_context_properties" class="WP_Test_REST_Posts_Controller" classname="WP_Test_REST_Posts_Controller" file="/home/meng/Desktop/wptest/wordpress-develop/tests/phpunit/tests/rest-api/rest-posts-controller.php" line="3938" assertions="13" time="0.107027"/>
        <testcase name="test_get_post_edit_context_properties" class="WP_Test_REST_Posts_Controller" classname="WP_Test_REST_Posts_Controller" file="/home/meng/Desktop/wptest/wordpress-develop/tests/phpunit/tests/rest-api/rest-posts-controller.php" line="3974" assertions="13" time="0.121148"/>
        <testcase name="test_get_post_embed_context_properties" class="WP_Test_REST_Posts_Controller" classname="WP_Test_REST_Posts_Controller" file="/home/meng/Desktop/wptest/wordpress-develop/tests/phpunit/tests/rest-api/rest-posts-controller.php" line="4015" assertions="13" time="0.231894"/>
        <testcase name="test_status_array_enum_args" class="WP_Test_REST_Posts_Controller" classname="WP_Test_REST_Posts_Controller" file="/home/meng/Desktop/wptest/wordpress-develop/tests/phpunit/tests/rest-api/rest-posts-controller.php" line="4037" assertions="38" time="0.105760"/>
        <testcase name="test_get_additional_field_registration" class="WP_Test_REST_Posts_Controller" classname="WP_Test_REST_Posts_Controller" file="/home/meng/Desktop/wptest/wordpress-develop/tests/phpunit/tests/rest-api/rest-posts-controller.php" line="4067" assertions="40" time="0.249045"/>
        <testcase name="test_get_additional_field_registration_null_schema" class="WP_Test_REST_Posts_Controller" classname="WP_Test_REST_Posts_Controller" file="/home/meng/Desktop/wptest/wordpress-develop/tests/phpunit/tests/rest-api/rest-posts-controller.php" line="4130" assertions="31" time="0.161368"/>
        <testcase name="test_additional_field_update_errors" class="WP_Test_REST_Posts_Controller" classname="WP_Test_REST_Posts_Controller" file="/home/meng/Desktop/wptest/wordpress-develop/tests/phpunit/tests/rest-api/rest-posts-controller.php" line="4163" assertions="8" time="0.139675"/>
        <testcase name="test_publish_action_ldo_registered" class="WP_Test_REST_Posts_Controller" classname="WP_Test_REST_Posts_Controller" file="/home/meng/Desktop/wptest/wordpress-develop/tests/phpunit/tests/rest-api/rest-posts-controller.php" line="4210" assertions="8" time="0.095129"/>
        <testcase name="test_sticky_action_ldo_registered_for_posts" class="WP_Test_REST_Posts_Controller" classname="WP_Test_REST_Posts_Controller" file="/home/meng/Desktop/wptest/wordpress-develop/tests/phpunit/tests/rest-api/rest-posts-controller.php" line="4221" assertions="8" time="0.218423"/>
        <testcase name="test_sticky_action_ldo_not_registered_for_non_posts" class="WP_Test_REST_Posts_Controller" classname="WP_Test_REST_Posts_Controller" file="/home/meng/Desktop/wptest/wordpress-develop/tests/phpunit/tests/rest-api/rest-posts-controller.php" line="4232" assertions="8" time="0.086348"/>
        <testcase name="test_author_action_ldo_registered_for_post_types_with_author_support" class="WP_Test_REST_Posts_Controller" classname="WP_Test_REST_Posts_Controller" file="/home/meng/Desktop/wptest/wordpress-develop/tests/phpunit/tests/rest-api/rest-posts-controller.php" line="4243" assertions="8" time="0.090308"/>
        <testcase name="test_author_action_ldo_not_registered_for_post_types_without_author_support" class="WP_Test_REST_Posts_Controller" classname="WP_Test_REST_Posts_Controller" file="/home/meng/Desktop/wptest/wordpress-develop/tests/phpunit/tests/rest-api/rest-posts-controller.php" line="4254" assertions="9" time="0.099135"/>
        <testcase name="test_term_action_ldos_registered" class="WP_Test_REST_Posts_Controller" classname="WP_Test_REST_Posts_Controller" file="/home/meng/Desktop/wptest/wordpress-develop/tests/phpunit/tests/rest-api/rest-posts-controller.php" line="4273" assertions="15" time="0.089685"/>
        <testcase name="test_action_links_only_available_in_edit_context" class="WP_Test_REST_Posts_Controller" classname="WP_Test_REST_Posts_Controller" file="/home/meng/Desktop/wptest/wordpress-develop/tests/phpunit/tests/rest-api/rest-posts-controller.php" line="4292" assertions="15" time="0.150073"/>
        <testcase name="test_publish_action_link_exists_for_author" class="WP_Test_REST_Posts_Controller" classname="WP_Test_REST_Posts_Controller" file="/home/meng/Desktop/wptest/wordpress-develop/tests/phpunit/tests/rest-api/rest-posts-controller.php" line="4307" assertions="15" time="0.141760"/>
        <testcase name="test_publish_action_link_does_not_exist_for_contributor" class="WP_Test_REST_Posts_Controller" classname="WP_Test_REST_Posts_Controller" file="/home/meng/Desktop/wptest/wordpress-develop/tests/phpunit/tests/rest-api/rest-posts-controller.php" line="4322" assertions="6" time="0.252399"/>
        <testcase name="test_sticky_action_exists_for_editor" class="WP_Test_REST_Posts_Controller" classname="WP_Test_REST_Posts_Controller" file="/home/meng/Desktop/wptest/wordpress-develop/tests/phpunit/tests/rest-api/rest-posts-controller.php" line="4337" assertions="15" time="0.140076"/>
        <testcase name="test_sticky_action_does_not_exist_for_author" class="WP_Test_REST_Posts_Controller" classname="WP_Test_REST_Posts_Controller" file="/home/meng/Desktop/wptest/wordpress-develop/tests/phpunit/tests/rest-api/rest-posts-controller.php" line="4352" assertions="15" time="0.145533"/>
        <testcase name="test_sticky_action_does_not_exist_for_non_post_posts" class="WP_Test_REST_Posts_Controller" classname="WP_Test_REST_Posts_Controller" file="/home/meng/Desktop/wptest/wordpress-develop/tests/phpunit/tests/rest-api/rest-posts-controller.php" line="4367" assertions="6" time="0.111197"/>
        <testcase name="test_assign_author_action_exists_for_editor" class="WP_Test_REST_Posts_Controller" classname="WP_Test_REST_Posts_Controller" file="/home/meng/Desktop/wptest/wordpress-develop/tests/phpunit/tests/rest-api/rest-posts-controller.php" line="4388" assertions="15" time="0.137433"/>
        <testcase name="test_assign_author_action_does_not_exist_for_author" class="WP_Test_REST_Posts_Controller" classname="WP_Test_REST_Posts_Controller" file="/home/meng/Desktop/wptest/wordpress-develop/tests/phpunit/tests/rest-api/rest-posts-controller.php" line="4403" assertions="15" time="0.138084"/>
        <testcase name="test_assign_author_action_does_not_exist_for_post_types_without_author_support" class="WP_Test_REST_Posts_Controller" classname="WP_Test_REST_Posts_Controller" file="/home/meng/Desktop/wptest/wordpress-develop/tests/phpunit/tests/rest-api/rest-posts-controller.php" line="4418" assertions="15" time="0.138734"/>
        <testcase name="test_create_term_action_exists_for_editor" class="WP_Test_REST_Posts_Controller" classname="WP_Test_REST_Posts_Controller" file="/home/meng/Desktop/wptest/wordpress-develop/tests/phpunit/tests/rest-api/rest-posts-controller.php" line="4435" assertions="17" time="0.269566"/>
        <testcase name="test_create_term_action_non_hierarchical_exists_for_author" class="WP_Test_REST_Posts_Controller" classname="WP_Test_REST_Posts_Controller" file="/home/meng/Desktop/wptest/wordpress-develop/tests/phpunit/tests/rest-api/rest-posts-controller.php" line="4452" assertions="15" time="0.137844"/>
        <testcase name="test_create_term_action_hierarchical_does_not_exists_for_author" class="WP_Test_REST_Posts_Controller" classname="WP_Test_REST_Posts_Controller" file="/home/meng/Desktop/wptest/wordpress-develop/tests/phpunit/tests/rest-api/rest-posts-controller.php" line="4467" assertions="15" time="0.142782"/>
        <testcase name="test_assign_term_action_exists_for_contributor" class="WP_Test_REST_Posts_Controller" classname="WP_Test_REST_Posts_Controller" file="/home/meng/Desktop/wptest/wordpress-develop/tests/phpunit/tests/rest-api/rest-posts-controller.php" line="4482" assertions="16" time="0.133814"/>
        <testcase name="test_assign_unfiltered_html_action_superadmin" class="WP_Test_REST_Posts_Controller" classname="WP_Test_REST_Posts_Controller" file="/home/meng/Desktop/wptest/wordpress-develop/tests/phpunit/tests/rest-api/rest-posts-controller.php" line="4503" assertions="13" time="0.136843"/>
        <testcase name="test_assign_unfiltered_html_action_editor" class="WP_Test_REST_Posts_Controller" classname="WP_Test_REST_Posts_Controller" file="/home/meng/Desktop/wptest/wordpress-develop/tests/phpunit/tests/rest-api/rest-posts-controller.php" line="4515" assertions="13" time="0.138774"/>
        <testcase name="test_assign_unfiltered_html_action_author" class="WP_Test_REST_Posts_Controller" classname="WP_Test_REST_Posts_Controller" file="/home/meng/Desktop/wptest/wordpress-develop/tests/phpunit/tests/rest-api/rest-posts-controller.php" line="4532" assertions="5" time="0.248102"/>
        <testcase name="test_generated_permalink_template_generated_slug_for_non_viewable_posts" class="WP_Test_REST_Posts_Controller" classname="WP_Test_REST_Posts_Controller" file="/home/meng/Desktop/wptest/wordpress-develop/tests/phpunit/tests/rest-api/rest-posts-controller.php" line="4545" assertions="14" time="0.153438"/>
        <testcase name="test_generated_permalink_template_generated_slug_for_posts" class="WP_Test_REST_Posts_Controller" classname="WP_Test_REST_Posts_Controller" file="/home/meng/Desktop/wptest/wordpress-develop/tests/phpunit/tests/rest-api/rest-posts-controller.php" line="4579" assertions="10" time="0.160692"/>
        <testcase name="test_putting_same_publish_date_does_not_remove_floating_date" class="WP_Test_REST_Posts_Controller" classname="WP_Test_REST_Posts_Controller" file="/home/meng/Desktop/wptest/wordpress-develop/tests/phpunit/tests/rest-api/rest-posts-controller.php" line="4616" assertions="27" time="0.206730"/>
        <testcase name="test_putting_different_publish_date_removes_floating_date" class="WP_Test_REST_Posts_Controller" classname="WP_Test_REST_Posts_Controller" file="/home/meng/Desktop/wptest/wordpress-develop/tests/phpunit/tests/rest-api/rest-posts-controller.php" line="4651" assertions="26" time="0.217585"/>
        <testcase name="test_publishing_post_with_same_date_removes_floating_date" class="WP_Test_REST_Posts_Controller" classname="WP_Test_REST_Posts_Controller" file="/home/meng/Desktop/wptest/wordpress-develop/tests/phpunit/tests/rest-api/rest-posts-controller.php" line="4693" assertions="27" time="0.212152"/>
        <testcase name="test_get_for_post_type_reuses_same_instance" class="WP_Test_REST_Posts_Controller" classname="WP_Test_REST_Posts_Controller" file="/home/meng/Desktop/wptest/wordpress-develop/tests/phpunit/tests/rest-api/rest-posts-controller.php" line="4735" assertions="5" time="0.224475"/>
        <testcase name="test_get_for_post_type_returns_null_if_post_type_does_not_show_in_rest" class="WP_Test_REST_Posts_Controller" classname="WP_Test_REST_Posts_Controller" file="/home/meng/Desktop/wptest/wordpress-develop/tests/phpunit/tests/rest-api/rest-posts-controller.php" line="4745" assertions="5" time="0.086083"/>
        <testcase name="test_get_for_post_type_returns_null_if_class_does_not_exist" class="WP_Test_REST_Posts_Controller" classname="WP_Test_REST_Posts_Controller" file="/home/meng/Desktop/wptest/wordpress-develop/tests/phpunit/tests/rest-api/rest-posts-controller.php" line="4759" assertions="5" time="0.082132"/>
        <testcase name="test_get_for_post_type_returns_null_if_class_does_not_subclass_rest_controller" class="WP_Test_REST_Posts_Controller" classname="WP_Test_REST_Posts_Controller" file="/home/meng/Desktop/wptest/wordpress-develop/tests/phpunit/tests/rest-api/rest-posts-controller.php" line="4774" assertions="5" time="0.083933"/>
        <testcase name="test_get_for_post_type_returns_posts_controller_if_custom_class_not_specified" class="WP_Test_REST_Posts_Controller" classname="WP_Test_REST_Posts_Controller" file="/home/meng/Desktop/wptest/wordpress-develop/tests/phpunit/tests/rest-api/rest-posts-controller.php" line="4789" assertions="5" time="0.082961"/>
        <testcase name="test_get_for_post_type_returns_provided_controller_class" class="WP_Test_REST_Posts_Controller" classname="WP_Test_REST_Posts_Controller" file="/home/meng/Desktop/wptest/wordpress-develop/tests/phpunit/tests/rest-api/rest-posts-controller.php" line="4806" assertions="5" time="0.081452"/>
        <testcase name="test_get_for_post_type_returns_null_for_invalid_provided_controller" class="WP_Test_REST_Posts_Controller" classname="WP_Test_REST_Posts_Controller" file="/home/meng/Desktop/wptest/wordpress-develop/tests/phpunit/tests/rest-api/rest-posts-controller.php" line="4816" assertions="5" time="0.088486"/>
        <testcase name="test_get_for_post_type_returns_null_for_controller_class_mismatch" class="WP_Test_REST_Posts_Controller" classname="WP_Test_REST_Posts_Controller" file="/home/meng/Desktop/wptest/wordpress-develop/tests/phpunit/tests/rest-api/rest-posts-controller.php" line="4831" assertions="5" time="0.219437"/>
        <testcase name="test_rest_post_type_item_schema_filter_change_property" class="WP_Test_REST_Posts_Controller" classname="WP_Test_REST_Posts_Controller" file="/home/meng/Desktop/wptest/wordpress-develop/tests/phpunit/tests/rest-api/rest-posts-controller.php" line="4847" assertions="9" time="0.094270"/>
        <testcase name="test_rest_post_type_item_schema_filter_add_property_triggers_doing_it_wrong" class="WP_Test_REST_Posts_Controller" classname="WP_Test_REST_Posts_Controller" file="/home/meng/Desktop/wptest/wordpress-develop/tests/phpunit/tests/rest-api/rest-posts-controller.php" line="4868" assertions="6" time="0.088459"/>
      </testsuite>
      <testsuite name="WP_Test_REST_Request_Validation" file="/home/meng/Desktop/wptest/wordpress-develop/tests/phpunit/tests/rest-api/rest-request-validation.php" tests="8" assertions="32" errors="0" failures="0" skipped="0" time="0.317453">
        <testcase name="test_validate_within_min_max_range_inclusive" class="WP_Test_REST_Request_Validation" classname="WP_Test_REST_Request_Validation" file="/home/meng/Desktop/wptest/wordpress-develop/tests/phpunit/tests/rest-api/rest-request-validation.php" line="14" assertions="4" time="0.042925"/>
        <testcase name="test_validate_within_min_max_range_min_exclusive" class="WP_Test_REST_Request_Validation" classname="WP_Test_REST_Request_Validation" file="/home/meng/Desktop/wptest/wordpress-develop/tests/phpunit/tests/rest-api/rest-request-validation.php" line="38" assertions="6" time="0.037551"/>
        <testcase name="test_validate_within_min_max_range_max_exclusive" class="WP_Test_REST_Request_Validation" classname="WP_Test_REST_Request_Validation" file="/home/meng/Desktop/wptest/wordpress-develop/tests/phpunit/tests/rest-api/rest-request-validation.php" line="67" assertions="6" time="0.039476"/>
        <testcase name="test_validate_within_min_max_range_both_exclusive" class="WP_Test_REST_Request_Validation" classname="WP_Test_REST_Request_Validation" file="/home/meng/Desktop/wptest/wordpress-develop/tests/phpunit/tests/rest-api/rest-request-validation.php" line="96" assertions="6" time="0.037986"/>
        <testcase name="test_validate_greater_than_min_inclusive" class="WP_Test_REST_Request_Validation" classname="WP_Test_REST_Request_Validation" file="/home/meng/Desktop/wptest/wordpress-develop/tests/phpunit/tests/rest-api/rest-request-validation.php" line="126" assertions="2" time="0.041053"/>
        <testcase name="test_validate_greater_than_min_exclusive" class="WP_Test_REST_Request_Validation" classname="WP_Test_REST_Request_Validation" file="/home/meng/Desktop/wptest/wordpress-develop/tests/phpunit/tests/rest-api/rest-request-validation.php" line="145" assertions="3" time="0.043488"/>
        <testcase name="test_validate_less_than_max_inclusive" class="WP_Test_REST_Request_Validation" classname="WP_Test_REST_Request_Validation" file="/home/meng/Desktop/wptest/wordpress-develop/tests/phpunit/tests/rest-api/rest-request-validation.php" line="167" assertions="2" time="0.037294"/>
        <testcase name="test_validate_less_than_max_exclusive" class="WP_Test_REST_Request_Validation" classname="WP_Test_REST_Request_Validation" file="/home/meng/Desktop/wptest/wordpress-develop/tests/phpunit/tests/rest-api/rest-request-validation.php" line="186" assertions="3" time="0.037680"/>
      </testsuite>
      <testsuite name="Tests_REST_Request" file="/home/meng/Desktop/wptest/wordpress-develop/tests/phpunit/tests/rest-api/rest-request.php" tests="62" assertions="161" errors="0" failures="0" skipped="0" time="2.421924">
        <testcase name="test_header" class="Tests_REST_Request" classname="Tests_REST_Request" file="/home/meng/Desktop/wptest/wordpress-develop/tests/phpunit/tests/rest-api/rest-request.php" line="21" assertions="1" time="0.040659"/>
        <testcase name="test_header_missing" class="Tests_REST_Request" classname="Tests_REST_Request" file="/home/meng/Desktop/wptest/wordpress-develop/tests/phpunit/tests/rest-api/rest-request.php" line="29" assertions="2" time="0.037095"/>
        <testcase name="test_remove_header" class="Tests_REST_Request" classname="Tests_REST_Request" file="/home/meng/Desktop/wptest/wordpress-develop/tests/phpunit/tests/rest-api/rest-request.php" line="34" assertions="2" time="0.042695"/>
        <testcase name="test_header_multiple" class="Tests_REST_Request" classname="Tests_REST_Request" file="/home/meng/Desktop/wptest/wordpress-develop/tests/phpunit/tests/rest-api/rest-request.php" line="42" assertions="2" time="0.038190"/>
        <testsuite name="Tests_REST_Request::test_header_canonicalization" tests="6" assertions="6" errors="0" failures="0" skipped="0" time="0.226045">
          <testcase name="test_header_canonicalization with data set #0" class="Tests_REST_Request" classname="Tests_REST_Request" file="/home/meng/Desktop/wptest/wordpress-develop/tests/phpunit/tests/rest-api/rest-request.php" line="68" assertions="1" time="0.037364"/>
          <testcase name="test_header_canonicalization with data set #1" class="Tests_REST_Request" classname="Tests_REST_Request" file="/home/meng/Desktop/wptest/wordpress-develop/tests/phpunit/tests/rest-api/rest-request.php" line="68" assertions="1" time="0.038666"/>
          <testcase name="test_header_canonicalization with data set #2" class="Tests_REST_Request" classname="Tests_REST_Request" file="/home/meng/Desktop/wptest/wordpress-develop/tests/phpunit/tests/rest-api/rest-request.php" line="68" assertions="1" time="0.038200"/>
          <testcase name="test_header_canonicalization with data set #3" class="Tests_REST_Request" classname="Tests_REST_Request" file="/home/meng/Desktop/wptest/wordpress-develop/tests/phpunit/tests/rest-api/rest-request.php" line="68" assertions="1" time="0.039511"/>
          <testcase name="test_header_canonicalization with data set #4" class="Tests_REST_Request" classname="Tests_REST_Request" file="/home/meng/Desktop/wptest/wordpress-develop/tests/phpunit/tests/rest-api/rest-request.php" line="68" assertions="1" time="0.035675"/>
          <testcase name="test_header_canonicalization with data set #5" class="Tests_REST_Request" classname="Tests_REST_Request" file="/home/meng/Desktop/wptest/wordpress-develop/tests/phpunit/tests/rest-api/rest-request.php" line="68" assertions="1" time="0.036629"/>
        </testsuite>
        <testsuite name="Tests_REST_Request::test_content_type_parsing" tests="3" assertions="15" errors="0" failures="0" skipped="0" time="0.115309">
          <testcase name="test_content_type_parsing with data set #0" class="Tests_REST_Request" classname="Tests_REST_Request" file="/home/meng/Desktop/wptest/wordpress-develop/tests/phpunit/tests/rest-api/rest-request.php" line="92" assertions="5" time="0.037525"/>
          <testcase name="test_content_type_parsing with data set #1" class="Tests_REST_Request" classname="Tests_REST_Request" file="/home/meng/Desktop/wptest/wordpress-develop/tests/phpunit/tests/rest-api/rest-request.php" line="92" assertions="5" time="0.038119"/>
          <testcase name="test_content_type_parsing with data set #2" class="Tests_REST_Request" classname="Tests_REST_Request" file="/home/meng/Desktop/wptest/wordpress-develop/tests/phpunit/tests/rest-api/rest-request.php" line="92" assertions="5" time="0.039665"/>
        </testsuite>
        <testcase name="test_parameter_order" class="Tests_REST_Request" classname="Tests_REST_Request" file="/home/meng/Desktop/wptest/wordpress-develop/tests/phpunit/tests/rest-api/rest-request.php" line="141" assertions="6" time="0.037404"/>
        <testcase name="test_parameter_order_post" class="Tests_REST_Request" classname="Tests_REST_Request" file="/home/meng/Desktop/wptest/wordpress-develop/tests/phpunit/tests/rest-api/rest-request.php" line="160" assertions="6" time="0.040504"/>
        <testsuite name="Tests_REST_Request::test_alternate_json_content_type" tests="6" assertions="12" errors="0" failures="0" skipped="0" time="0.224544">
          <testcase name="test_alternate_json_content_type with data set #0" class="Tests_REST_Request" classname="Tests_REST_Request" file="/home/meng/Desktop/wptest/wordpress-develop/tests/phpunit/tests/rest-api/rest-request.php" line="200" assertions="2" time="0.039786"/>
          <testcase name="test_alternate_json_content_type with data set #1" class="Tests_REST_Request" classname="Tests_REST_Request" file="/home/meng/Desktop/wptest/wordpress-develop/tests/phpunit/tests/rest-api/rest-request.php" line="200" assertions="2" time="0.035731"/>
          <testcase name="test_alternate_json_content_type with data set #2" class="Tests_REST_Request" classname="Tests_REST_Request" file="/home/meng/Desktop/wptest/wordpress-develop/tests/phpunit/tests/rest-api/rest-request.php" line="200" assertions="2" time="0.036502"/>
          <testcase name="test_alternate_json_content_type with data set #3" class="Tests_REST_Request" classname="Tests_REST_Request" file="/home/meng/Desktop/wptest/wordpress-develop/tests/phpunit/tests/rest-api/rest-request.php" line="200" assertions="2" time="0.038926"/>
          <testcase name="test_alternate_json_content_type with data set #4" class="Tests_REST_Request" classname="Tests_REST_Request" file="/home/meng/Desktop/wptest/wordpress-develop/tests/phpunit/tests/rest-api/rest-request.php" line="200" assertions="2" time="0.035947"/>
          <testcase name="test_alternate_json_content_type with data set #5" class="Tests_REST_Request" classname="Tests_REST_Request" file="/home/meng/Desktop/wptest/wordpress-develop/tests/phpunit/tests/rest-api/rest-request.php" line="200" assertions="2" time="0.037652"/>
        </testsuite>
        <testsuite name="Tests_REST_Request::test_is_json_content_type" tests="6" assertions="6" errors="0" failures="0" skipped="0" time="0.220408">
          <testcase name="test_is_json_content_type with data set #0" class="Tests_REST_Request" classname="Tests_REST_Request" file="/home/meng/Desktop/wptest/wordpress-develop/tests/phpunit/tests/rest-api/rest-request.php" line="230" assertions="1" time="0.036082"/>
          <testcase name="test_is_json_content_type with data set #1" class="Tests_REST_Request" classname="Tests_REST_Request" file="/home/meng/Desktop/wptest/wordpress-develop/tests/phpunit/tests/rest-api/rest-request.php" line="230" assertions="1" time="0.037688"/>
          <testcase name="test_is_json_content_type with data set #2" class="Tests_REST_Request" classname="Tests_REST_Request" file="/home/meng/Desktop/wptest/wordpress-develop/tests/phpunit/tests/rest-api/rest-request.php" line="230" assertions="1" time="0.036563"/>
          <testcase name="test_is_json_content_type with data set #3" class="Tests_REST_Request" classname="Tests_REST_Request" file="/home/meng/Desktop/wptest/wordpress-develop/tests/phpunit/tests/rest-api/rest-request.php" line="230" assertions="1" time="0.037213"/>
          <testcase name="test_is_json_content_type with data set #4" class="Tests_REST_Request" classname="Tests_REST_Request" file="/home/meng/Desktop/wptest/wordpress-develop/tests/phpunit/tests/rest-api/rest-request.php" line="230" assertions="1" time="0.035837"/>
          <testcase name="test_is_json_content_type with data set #5" class="Tests_REST_Request" classname="Tests_REST_Request" file="/home/meng/Desktop/wptest/wordpress-develop/tests/phpunit/tests/rest-api/rest-request.php" line="230" assertions="1" time="0.037025"/>
        </testsuite>
        <testcase name="test_content_type_cache" class="Tests_REST_Request" classname="Tests_REST_Request" file="/home/meng/Desktop/wptest/wordpress-develop/tests/phpunit/tests/rest-api/rest-request.php" line="242" assertions="6" time="0.037893"/>
        <testcase name="test_parameter_order_json" class="Tests_REST_Request" classname="Tests_REST_Request" file="/home/meng/Desktop/wptest/wordpress-develop/tests/phpunit/tests/rest-api/rest-request.php" line="262" assertions="6" time="0.037789"/>
        <testcase name="test_parameter_order_json_invalid" class="Tests_REST_Request" classname="Tests_REST_Request" file="/home/meng/Desktop/wptest/wordpress-develop/tests/phpunit/tests/rest-api/rest-request.php" line="281" assertions="6" time="0.041293"/>
        <testsuite name="Tests_REST_Request::test_non_post_body_parameters" tests="3" assertions="9" errors="0" failures="0" skipped="0" time="0.114903">
          <testcase name="test_non_post_body_parameters with data set #0" class="Tests_REST_Request" classname="Tests_REST_Request" file="/home/meng/Desktop/wptest/wordpress-develop/tests/phpunit/tests/rest-api/rest-request.php" line="320" assertions="3" time="0.039868"/>
          <testcase name="test_non_post_body_parameters with data set #1" class="Tests_REST_Request" classname="Tests_REST_Request" file="/home/meng/Desktop/wptest/wordpress-develop/tests/phpunit/tests/rest-api/rest-request.php" line="320" assertions="3" time="0.037435"/>
          <testcase name="test_non_post_body_parameters with data set #2" class="Tests_REST_Request" classname="Tests_REST_Request" file="/home/meng/Desktop/wptest/wordpress-develop/tests/phpunit/tests/rest-api/rest-request.php" line="320" assertions="3" time="0.037600"/>
        </testsuite>
        <testcase name="test_parameters_for_json_put" class="Tests_REST_Request" classname="Tests_REST_Request" file="/home/meng/Desktop/wptest/wordpress-develop/tests/phpunit/tests/rest-api/rest-request.php" line="340" assertions="3" time="0.037071"/>
        <testcase name="test_parameters_for_json_post" class="Tests_REST_Request" classname="Tests_REST_Request" file="/home/meng/Desktop/wptest/wordpress-develop/tests/phpunit/tests/rest-api/rest-request.php" line="362" assertions="3" time="0.037077"/>
        <testcase name="test_parameter_merging" class="Tests_REST_Request" classname="Tests_REST_Request" file="/home/meng/Desktop/wptest/wordpress-develop/tests/phpunit/tests/rest-api/rest-request.php" line="384" assertions="1" time="0.035760"/>
        <testcase name="test_parameter_merging_with_numeric_keys" class="Tests_REST_Request" classname="Tests_REST_Request" file="/home/meng/Desktop/wptest/wordpress-develop/tests/phpunit/tests/rest-api/rest-request.php" line="399" assertions="1" time="0.035885"/>
        <testcase name="test_sanitize_params" class="Tests_REST_Request" classname="Tests_REST_Request" file="/home/meng/Desktop/wptest/wordpress-develop/tests/phpunit/tests/rest-api/rest-request.php" line="413" assertions="2" time="0.036439"/>
        <testcase name="test_sanitize_params_error" class="Tests_REST_Request" classname="Tests_REST_Request" file="/home/meng/Desktop/wptest/wordpress-develop/tests/phpunit/tests/rest-api/rest-request.php" line="440" assertions="2" time="0.039413"/>
        <testcase name="test_sanitize_params_with_null_callback" class="Tests_REST_Request" classname="Tests_REST_Request" file="/home/meng/Desktop/wptest/wordpress-develop/tests/phpunit/tests/rest-api/rest-request.php" line="465" assertions="1" time="0.036264"/>
        <testcase name="test_sanitize_params_with_false_callback" class="Tests_REST_Request" classname="Tests_REST_Request" file="/home/meng/Desktop/wptest/wordpress-develop/tests/phpunit/tests/rest-api/rest-request.php" line="487" assertions="1" time="0.038570"/>
        <testcase name="test_has_valid_params_required_flag" class="Tests_REST_Request" classname="Tests_REST_Request" file="/home/meng/Desktop/wptest/wordpress-develop/tests/phpunit/tests/rest-api/rest-request.php" line="509" assertions="2" time="0.036492"/>
        <testcase name="test_has_valid_params_required_flag_multiple" class="Tests_REST_Request" classname="Tests_REST_Request" file="/home/meng/Desktop/wptest/wordpress-develop/tests/phpunit/tests/rest-api/rest-request.php" line="526" assertions="4" time="0.036379"/>
        <testcase name="test_has_valid_params_validate_callback" class="Tests_REST_Request" classname="Tests_REST_Request" file="/home/meng/Desktop/wptest/wordpress-develop/tests/phpunit/tests/rest-api/rest-request.php" line="551" assertions="2" time="0.045928"/>
        <testcase name="test_has_valid_params_json_error" class="Tests_REST_Request" classname="Tests_REST_Request" file="/home/meng/Desktop/wptest/wordpress-develop/tests/phpunit/tests/rest-api/rest-request.php" line="574" assertions="3" time="0.043156"/>
        <testcase name="test_has_valid_params_empty_json_no_error" class="Tests_REST_Request" classname="Tests_REST_Request" file="/home/meng/Desktop/wptest/wordpress-develop/tests/phpunit/tests/rest-api/rest-request.php" line="586" assertions="1" time="0.040160"/>
        <testcase name="test_has_multiple_invalid_params_validate_callback" class="Tests_REST_Request" classname="Tests_REST_Request" file="/home/meng/Desktop/wptest/wordpress-develop/tests/phpunit/tests/rest-api/rest-request.php" line="594" assertions="4" time="0.037275"/>
        <testcase name="test_invalid_params_error_response_format" class="Tests_REST_Request" classname="Tests_REST_Request" file="/home/meng/Desktop/wptest/wordpress-develop/tests/phpunit/tests/rest-api/rest-request.php" line="626" assertions="3" time="0.037137"/>
        <testsuite name="Tests_REST_Request::test_from_url" tests="2" assertions="8" errors="0" failures="0" skipped="0" time="0.084392">
          <testcase name="test_from_url with data set #0" class="Tests_REST_Request" classname="Tests_REST_Request" file="/home/meng/Desktop/wptest/wordpress-develop/tests/phpunit/tests/rest-api/rest-request.php" line="675" assertions="4" time="0.039995"/>
          <testcase name="test_from_url with data set #1" class="Tests_REST_Request" classname="Tests_REST_Request" file="/home/meng/Desktop/wptest/wordpress-develop/tests/phpunit/tests/rest-api/rest-request.php" line="675" assertions="4" time="0.044397"/>
        </testsuite>
        <testsuite name="Tests_REST_Request::test_from_url_invalid" tests="2" assertions="4" errors="0" failures="0" skipped="0" time="0.106007">
          <testcase name="test_from_url_invalid with data set #0" class="Tests_REST_Request" classname="Tests_REST_Request" file="/home/meng/Desktop/wptest/wordpress-develop/tests/phpunit/tests/rest-api/rest-request.php" line="693" assertions="2" time="0.055906"/>
          <testcase name="test_from_url_invalid with data set #1" class="Tests_REST_Request" classname="Tests_REST_Request" file="/home/meng/Desktop/wptest/wordpress-develop/tests/phpunit/tests/rest-api/rest-request.php" line="693" assertions="2" time="0.050101"/>
        </testsuite>
        <testcase name="test_set_param" class="Tests_REST_Request" classname="Tests_REST_Request" file="/home/meng/Desktop/wptest/wordpress-develop/tests/phpunit/tests/rest-api/rest-request.php" line="704" assertions="1" time="0.046785"/>
        <testcase name="test_set_param_follows_parameter_order" class="Tests_REST_Request" classname="Tests_REST_Request" file="/home/meng/Desktop/wptest/wordpress-develop/tests/phpunit/tests/rest-api/rest-request.php" line="710" assertions="4" time="0.041014"/>
        <testcase name="test_set_param_updates_param_in_json_and_query" class="Tests_REST_Request" classname="Tests_REST_Request" file="/home/meng/Desktop/wptest/wordpress-develop/tests/phpunit/tests/rest-api/rest-request.php" line="738" assertions="4" time="0.038705"/>
        <testcase name="test_set_param_updates_param_if_already_exists_in_query" class="Tests_REST_Request" classname="Tests_REST_Request" file="/home/meng/Desktop/wptest/wordpress-develop/tests/phpunit/tests/rest-api/rest-request.php" line="765" assertions="5" time="0.039781"/>
        <testcase name="test_set_param_to_null_updates_param_in_json_and_query" class="Tests_REST_Request" classname="Tests_REST_Request" file="/home/meng/Desktop/wptest/wordpress-develop/tests/phpunit/tests/rest-api/rest-request.php" line="799" assertions="4" time="0.039154"/>
        <testcase name="test_set_param_from_null_updates_param_in_json_and_query_with_null" class="Tests_REST_Request" classname="Tests_REST_Request" file="/home/meng/Desktop/wptest/wordpress-develop/tests/phpunit/tests/rest-api/rest-request.php" line="826" assertions="4" time="0.039121"/>
        <testcase name="test_set_param_with_invalid_json" class="Tests_REST_Request" classname="Tests_REST_Request" file="/home/meng/Desktop/wptest/wordpress-develop/tests/phpunit/tests/rest-api/rest-request.php" line="853" assertions="2" time="0.042034"/>
        <testcase name="test_route_level_validate_callback" class="Tests_REST_Request" classname="Tests_REST_Request" file="/home/meng/Desktop/wptest/wordpress-develop/tests/phpunit/tests/rest-api/rest-request.php" line="867" assertions="2" time="0.042119"/>
        <testcase name="test_route_level_validate_callback_no_parameter_callbacks" class="Tests_REST_Request" classname="Tests_REST_Request" file="/home/meng/Desktop/wptest/wordpress-develop/tests/phpunit/tests/rest-api/rest-request.php" line="891" assertions="2" time="0.037850"/>
        <testcase name="test_route_level_validate_callback_is_not_executed_if_parameter_validation_fails" class="Tests_REST_Request" classname="Tests_REST_Request" file="/home/meng/Desktop/wptest/wordpress-develop/tests/phpunit/tests/rest-api/rest-request.php" line="910" assertions="3" time="0.037224"/>
      </testsuite>
      <testsuite name="WP_Test_REST_Revisions_Controller" file="/home/meng/Desktop/wptest/wordpress-develop/tests/phpunit/tests/rest-api/rest-revisions-controller.php" tests="39" assertions="409" errors="0" failures="0" skipped="0" time="4.898291">
        <testcase name="test_register_routes" class="WP_Test_REST_Revisions_Controller" classname="WP_Test_REST_Revisions_Controller" file="/home/meng/Desktop/wptest/wordpress-develop/tests/phpunit/tests/rest-api/rest-revisions-controller.php" line="100" assertions="8" time="0.084091"/>
        <testcase name="test_context_param" class="WP_Test_REST_Revisions_Controller" classname="WP_Test_REST_Revisions_Controller" file="/home/meng/Desktop/wptest/wordpress-develop/tests/phpunit/tests/rest-api/rest-revisions-controller.php" line="108" assertions="8" time="0.094420"/>
        <testcase name="test_get_items" class="WP_Test_REST_Revisions_Controller" classname="WP_Test_REST_Revisions_Controller" file="/home/meng/Desktop/wptest/wordpress-develop/tests/phpunit/tests/rest-api/rest-revisions-controller.php" line="123" assertions="55" time="0.133032"/>
        <testcase name="test_get_items_no_permission" class="WP_Test_REST_Revisions_Controller" classname="WP_Test_REST_Revisions_Controller" file="/home/meng/Desktop/wptest/wordpress-develop/tests/phpunit/tests/rest-api/rest-revisions-controller.php" line="142" assertions="12" time="0.099715"/>
        <testcase name="test_get_items_missing_parent" class="WP_Test_REST_Revisions_Controller" classname="WP_Test_REST_Revisions_Controller" file="/home/meng/Desktop/wptest/wordpress-develop/tests/phpunit/tests/rest-api/rest-revisions-controller.php" line="153" assertions="8" time="0.254092"/>
        <testcase name="test_get_items_invalid_parent_post_type" class="WP_Test_REST_Revisions_Controller" classname="WP_Test_REST_Revisions_Controller" file="/home/meng/Desktop/wptest/wordpress-develop/tests/phpunit/tests/rest-api/rest-revisions-controller.php" line="160" assertions="8" time="0.101858"/>
        <testcase name="test_get_item" class="WP_Test_REST_Revisions_Controller" classname="WP_Test_REST_Revisions_Controller" file="/home/meng/Desktop/wptest/wordpress-develop/tests/phpunit/tests/rest-api/rest-revisions-controller.php" line="167" assertions="21" time="0.103044"/>
        <testcase name="test_get_item_embed_context" class="WP_Test_REST_Revisions_Controller" classname="WP_Test_REST_Revisions_Controller" file="/home/meng/Desktop/wptest/wordpress-develop/tests/phpunit/tests/rest-api/rest-revisions-controller.php" line="192" assertions="6" time="0.104408"/>
        <testcase name="test_get_item_no_permission" class="WP_Test_REST_Revisions_Controller" classname="WP_Test_REST_Revisions_Controller" file="/home/meng/Desktop/wptest/wordpress-develop/tests/phpunit/tests/rest-api/rest-revisions-controller.php" line="210" assertions="12" time="0.098391"/>
        <testcase name="test_get_item_missing_parent" class="WP_Test_REST_Revisions_Controller" classname="WP_Test_REST_Revisions_Controller" file="/home/meng/Desktop/wptest/wordpress-develop/tests/phpunit/tests/rest-api/rest-revisions-controller.php" line="221" assertions="8" time="0.101446"/>
        <testcase name="test_get_item_invalid_parent_post_type" class="WP_Test_REST_Revisions_Controller" classname="WP_Test_REST_Revisions_Controller" file="/home/meng/Desktop/wptest/wordpress-develop/tests/phpunit/tests/rest-api/rest-revisions-controller.php" line="228" assertions="8" time="0.100424"/>
        <testcase name="test_delete_item" class="WP_Test_REST_Revisions_Controller" classname="WP_Test_REST_Revisions_Controller" file="/home/meng/Desktop/wptest/wordpress-develop/tests/phpunit/tests/rest-api/rest-revisions-controller.php" line="235" assertions="9" time="0.233000"/>
        <testcase name="test_delete_item_parent_check" class="WP_Test_REST_Revisions_Controller" classname="WP_Test_REST_Revisions_Controller" file="/home/meng/Desktop/wptest/wordpress-develop/tests/phpunit/tests/rest-api/rest-revisions-controller.php" line="247" assertions="9" time="0.091925"/>
        <testcase name="test_delete_item_remove_do_not_allow" class="WP_Test_REST_Revisions_Controller" classname="WP_Test_REST_Revisions_Controller" file="/home/meng/Desktop/wptest/wordpress-develop/tests/phpunit/tests/rest-api/rest-revisions-controller.php" line="259" assertions="7" time="0.108074"/>
        <testcase name="test_delete_item_cannot_delete_parent" class="WP_Test_REST_Revisions_Controller" classname="WP_Test_REST_Revisions_Controller" file="/home/meng/Desktop/wptest/wordpress-develop/tests/phpunit/tests/rest-api/rest-revisions-controller.php" line="272" assertions="9" time="0.094961"/>
        <testcase name="test_delete_item_no_trash" class="WP_Test_REST_Revisions_Controller" classname="WP_Test_REST_Revisions_Controller" file="/home/meng/Desktop/wptest/wordpress-develop/tests/phpunit/tests/rest-api/rest-revisions-controller.php" line="285" assertions="13" time="0.098263"/>
        <testcase name="test_delete_item_no_permission" class="WP_Test_REST_Revisions_Controller" classname="WP_Test_REST_Revisions_Controller" file="/home/meng/Desktop/wptest/wordpress-develop/tests/phpunit/tests/rest-api/rest-revisions-controller.php" line="300" assertions="8" time="0.110095"/>
        <testcase name="test_prepare_item" class="WP_Test_REST_Revisions_Controller" classname="WP_Test_REST_Revisions_Controller" file="/home/meng/Desktop/wptest/wordpress-develop/tests/phpunit/tests/rest-api/rest-revisions-controller.php" line="307" assertions="19" time="0.245398"/>
        <testcase name="test_prepare_item_limit_fields" class="WP_Test_REST_Revisions_Controller" classname="WP_Test_REST_Revisions_Controller" file="/home/meng/Desktop/wptest/wordpress-develop/tests/phpunit/tests/rest-api/rest-revisions-controller.php" line="315" assertions="5" time="0.090323"/>
        <testcase name="test_get_item_schema" class="WP_Test_REST_Revisions_Controller" classname="WP_Test_REST_Revisions_Controller" file="/home/meng/Desktop/wptest/wordpress-develop/tests/phpunit/tests/rest-api/rest-revisions-controller.php" line="332" assertions="17" time="0.093338"/>
        <testcase name="test_create_item" class="WP_Test_REST_Revisions_Controller" classname="WP_Test_REST_Revisions_Controller" file="/home/meng/Desktop/wptest/wordpress-develop/tests/phpunit/tests/rest-api/rest-revisions-controller.php" line="352" assertions="8" time="0.094912"/>
        <testcase name="test_update_item" class="WP_Test_REST_Revisions_Controller" classname="WP_Test_REST_Revisions_Controller" file="/home/meng/Desktop/wptest/wordpress-develop/tests/phpunit/tests/rest-api/rest-revisions-controller.php" line="358" assertions="8" time="0.086067"/>
        <testcase name="test_get_additional_field_registration" class="WP_Test_REST_Revisions_Controller" classname="WP_Test_REST_Revisions_Controller" file="/home/meng/Desktop/wptest/wordpress-develop/tests/phpunit/tests/rest-api/rest-revisions-controller.php" line="364" assertions="8" time="0.103410"/>
        <testcase name="test_get_item_sets_up_postdata" class="WP_Test_REST_Revisions_Controller" classname="WP_Test_REST_Revisions_Controller" file="/home/meng/Desktop/wptest/wordpress-develop/tests/phpunit/tests/rest-api/rest-revisions-controller.php" line="448" assertions="7" time="0.094233"/>
        <testcase name="test_get_items_pagination_header_of_the_first_page" class="WP_Test_REST_Revisions_Controller" classname="WP_Test_REST_Revisions_Controller" file="/home/meng/Desktop/wptest/wordpress-develop/tests/phpunit/tests/rest-api/rest-revisions-controller.php" line="465" assertions="12" time="0.249158"/>
        <testcase name="test_get_items_pagination_header_of_the_last_page" class="WP_Test_REST_Revisions_Controller" classname="WP_Test_REST_Revisions_Controller" file="/home/meng/Desktop/wptest/wordpress-develop/tests/phpunit/tests/rest-api/rest-revisions-controller.php" line="500" assertions="10" time="0.105286"/>
        <testcase name="test_get_items_invalid_per_page_should_error" class="WP_Test_REST_Revisions_Controller" classname="WP_Test_REST_Revisions_Controller" file="/home/meng/Desktop/wptest/wordpress-develop/tests/phpunit/tests/rest-api/rest-revisions-controller.php" line="534" assertions="8" time="0.096981"/>
        <testcase name="test_get_items_out_of_bounds_page_should_error" class="WP_Test_REST_Revisions_Controller" classname="WP_Test_REST_Revisions_Controller" file="/home/meng/Desktop/wptest/wordpress-develop/tests/phpunit/tests/rest-api/rest-revisions-controller.php" line="552" assertions="8" time="0.110296"/>
        <testcase name="test_get_items_invalid_max_pages_should_error" class="WP_Test_REST_Revisions_Controller" classname="WP_Test_REST_Revisions_Controller" file="/home/meng/Desktop/wptest/wordpress-develop/tests/phpunit/tests/rest-api/rest-revisions-controller.php" line="577" assertions="8" time="0.110219"/>
        <testcase name="test_get_items_search_query" class="WP_Test_REST_Revisions_Controller" classname="WP_Test_REST_Revisions_Controller" file="/home/meng/Desktop/wptest/wordpress-develop/tests/phpunit/tests/rest-api/rest-revisions-controller.php" line="601" assertions="8" time="0.116382"/>
        <testcase name="test_get_items_default_query_should_fetch_all_revisons" class="WP_Test_REST_Revisions_Controller" classname="WP_Test_REST_Revisions_Controller" file="/home/meng/Desktop/wptest/wordpress-develop/tests/phpunit/tests/rest-api/rest-revisions-controller.php" line="621" assertions="9" time="0.127330"/>
        <testcase name="test_get_items_offset_should_not_work_without_per_page" class="WP_Test_REST_Revisions_Controller" classname="WP_Test_REST_Revisions_Controller" file="/home/meng/Desktop/wptest/wordpress-develop/tests/phpunit/tests/rest-api/rest-revisions-controller.php" line="636" assertions="9" time="0.253408"/>
        <testcase name="test_get_items_offset_should_work_with_per_page" class="WP_Test_REST_Revisions_Controller" classname="WP_Test_REST_Revisions_Controller" file="/home/meng/Desktop/wptest/wordpress-develop/tests/phpunit/tests/rest-api/rest-revisions-controller.php" line="653" assertions="8" time="0.108914"/>
        <testcase name="test_get_items_offset_should_take_priority_over_page" class="WP_Test_REST_Revisions_Controller" classname="WP_Test_REST_Revisions_Controller" file="/home/meng/Desktop/wptest/wordpress-develop/tests/phpunit/tests/rest-api/rest-revisions-controller.php" line="676" assertions="8" time="0.110094"/>
        <testcase name="test_get_items_total_revisions_offset_should_return_empty_data" class="WP_Test_REST_Revisions_Controller" classname="WP_Test_REST_Revisions_Controller" file="/home/meng/Desktop/wptest/wordpress-develop/tests/phpunit/tests/rest-api/rest-revisions-controller.php" line="701" assertions="8" time="0.107349"/>
        <testcase name="test_get_items_out_of_bound_offset_should_error" class="WP_Test_REST_Revisions_Controller" classname="WP_Test_REST_Revisions_Controller" file="/home/meng/Desktop/wptest/wordpress-develop/tests/phpunit/tests/rest-api/rest-revisions-controller.php" line="725" assertions="8" time="0.112277"/>
        <testcase name="test_get_items_impossible_high_number_offset_should_error" class="WP_Test_REST_Revisions_Controller" classname="WP_Test_REST_Revisions_Controller" file="/home/meng/Desktop/wptest/wordpress-develop/tests/phpunit/tests/rest-api/rest-revisions-controller.php" line="749" assertions="8" time="0.103641"/>
        <testcase name="test_get_items_invalid_offset_should_error" class="WP_Test_REST_Revisions_Controller" classname="WP_Test_REST_Revisions_Controller" file="/home/meng/Desktop/wptest/wordpress-develop/tests/phpunit/tests/rest-api/rest-revisions-controller.php" line="773" assertions="8" time="0.106889"/>
        <testcase name="test_get_items_out_of_bounds_page_should_not_error_if_offset" class="WP_Test_REST_Revisions_Controller" classname="WP_Test_REST_Revisions_Controller" file="/home/meng/Desktop/wptest/wordpress-develop/tests/phpunit/tests/rest-api/rest-revisions-controller.php" line="798" assertions="8" time="0.261146"/>
      </testsuite>
      <testsuite name="WP_Test_REST_Schema_Sanitization" file="/home/meng/Desktop/wptest/wordpress-develop/tests/phpunit/tests/rest-api/rest-schema-sanitization.php" tests="41" assertions="116" errors="0" failures="1" skipped="0" time="1.661778">
        <testcase name="test_type_number" class="WP_Test_REST_Schema_Sanitization" classname="WP_Test_REST_Schema_Sanitization" file="/home/meng/Desktop/wptest/wordpress-develop/tests/phpunit/tests/rest-api/rest-schema-sanitization.php" line="14" assertions="5" time="0.038399"/>
        <testcase name="test_type_integer" class="WP_Test_REST_Schema_Sanitization" classname="WP_Test_REST_Schema_Sanitization" file="/home/meng/Desktop/wptest/wordpress-develop/tests/phpunit/tests/rest-api/rest-schema-sanitization.php" line="25" assertions="5" time="0.037953"/>
        <testcase name="test_type_string" class="WP_Test_REST_Schema_Sanitization" classname="WP_Test_REST_Schema_Sanitization" file="/home/meng/Desktop/wptest/wordpress-develop/tests/phpunit/tests/rest-api/rest-schema-sanitization.php" line="36" assertions="4" time="0.037566"/>
        <testcase name="test_type_boolean" class="WP_Test_REST_Schema_Sanitization" classname="WP_Test_REST_Schema_Sanitization" file="/home/meng/Desktop/wptest/wordpress-develop/tests/phpunit/tests/rest-api/rest-schema-sanitization.php" line="46" assertions="7" time="0.037996"/>
        <testcase name="test_format_email" class="WP_Test_REST_Schema_Sanitization" classname="WP_Test_REST_Schema_Sanitization" file="/home/meng/Desktop/wptest/wordpress-develop/tests/phpunit/tests/rest-api/rest-schema-sanitization.php" line="59" assertions="3" time="0.036322"/>
        <testcase name="test_format_ip" class="WP_Test_REST_Schema_Sanitization" classname="WP_Test_REST_Schema_Sanitization" file="/home/meng/Desktop/wptest/wordpress-develop/tests/phpunit/tests/rest-api/rest-schema-sanitization.php" line="69" assertions="3" time="0.037887"/>
        <testcase name="test_format_hex_color" class="WP_Test_REST_Schema_Sanitization" classname="WP_Test_REST_Schema_Sanitization" file="/home/meng/Desktop/wptest/wordpress-develop/tests/phpunit/tests/rest-api/rest-schema-sanitization.php" line="83" assertions="3" time="0.037443"/>
        <testcase name="test_format_uuid" class="WP_Test_REST_Schema_Sanitization" classname="WP_Test_REST_Schema_Sanitization" file="/home/meng/Desktop/wptest/wordpress-develop/tests/phpunit/tests/rest-api/rest-schema-sanitization.php" line="96" assertions="3" time="0.037481"/>
        <testcase name="test_type_array" class="WP_Test_REST_Schema_Sanitization" classname="WP_Test_REST_Schema_Sanitization" file="/home/meng/Desktop/wptest/wordpress-develop/tests/phpunit/tests/rest-api/rest-schema-sanitization.php" line="109" assertions="2" time="0.037092"/>
        <testcase name="test_type_array_nested" class="WP_Test_REST_Schema_Sanitization" classname="WP_Test_REST_Schema_Sanitization" file="/home/meng/Desktop/wptest/wordpress-develop/tests/phpunit/tests/rest-api/rest-schema-sanitization.php" line="120" assertions="2" time="0.043387"/>
        <testcase name="test_type_array_as_csv" class="WP_Test_REST_Schema_Sanitization" classname="WP_Test_REST_Schema_Sanitization" file="/home/meng/Desktop/wptest/wordpress-develop/tests/phpunit/tests/rest-api/rest-schema-sanitization.php" line="134" assertions="3" time="0.044718"/>
        <testcase name="test_type_array_with_enum" class="WP_Test_REST_Schema_Sanitization" classname="WP_Test_REST_Schema_Sanitization" file="/home/meng/Desktop/wptest/wordpress-develop/tests/phpunit/tests/rest-api/rest-schema-sanitization.php" line="146" assertions="2" time="0.042880"/>
        <testcase name="test_type_array_with_enum_as_csv" class="WP_Test_REST_Schema_Sanitization" classname="WP_Test_REST_Schema_Sanitization" file="/home/meng/Desktop/wptest/wordpress-develop/tests/phpunit/tests/rest-api/rest-schema-sanitization.php" line="158" assertions="3" time="0.039232"/>
        <testcase name="test_type_array_is_associative" class="WP_Test_REST_Schema_Sanitization" classname="WP_Test_REST_Schema_Sanitization" file="/home/meng/Desktop/wptest/wordpress-develop/tests/phpunit/tests/rest-api/rest-schema-sanitization.php" line="171" assertions="1" time="0.044234"/>
        <testcase name="test_type_object" class="WP_Test_REST_Schema_Sanitization" classname="WP_Test_REST_Schema_Sanitization" file="/home/meng/Desktop/wptest/wordpress-develop/tests/phpunit/tests/rest-api/rest-schema-sanitization.php" line="190" assertions="3" time="0.041875"/>
        <testcase name="test_type_object_strips_additional_properties" class="WP_Test_REST_Schema_Sanitization" classname="WP_Test_REST_Schema_Sanitization" file="/home/meng/Desktop/wptest/wordpress-develop/tests/phpunit/tests/rest-api/rest-schema-sanitization.php" line="216" assertions="3" time="0.042784"/>
        <testsuite name="WP_Test_REST_Schema_Sanitization::test_type_object_pattern_properties" tests="8" assertions="8" errors="0" failures="0" skipped="0" time="0.320682">
          <testcase name="test_type_object_pattern_properties with data set #0" class="WP_Test_REST_Schema_Sanitization" classname="WP_Test_REST_Schema_Sanitization" file="/home/meng/Desktop/wptest/wordpress-develop/tests/phpunit/tests/rest-api/rest-schema-sanitization.php" line="249" assertions="1" time="0.038300"/>
          <testcase name="test_type_object_pattern_properties with data set #1" class="WP_Test_REST_Schema_Sanitization" classname="WP_Test_REST_Schema_Sanitization" file="/home/meng/Desktop/wptest/wordpress-develop/tests/phpunit/tests/rest-api/rest-schema-sanitization.php" line="249" assertions="1" time="0.038989"/>
          <testcase name="test_type_object_pattern_properties with data set #2" class="WP_Test_REST_Schema_Sanitization" classname="WP_Test_REST_Schema_Sanitization" file="/home/meng/Desktop/wptest/wordpress-develop/tests/phpunit/tests/rest-api/rest-schema-sanitization.php" line="249" assertions="1" time="0.040981"/>
          <testcase name="test_type_object_pattern_properties with data set #3" class="WP_Test_REST_Schema_Sanitization" classname="WP_Test_REST_Schema_Sanitization" file="/home/meng/Desktop/wptest/wordpress-develop/tests/phpunit/tests/rest-api/rest-schema-sanitization.php" line="249" assertions="1" time="0.039550"/>
          <testcase name="test_type_object_pattern_properties with data set #4" class="WP_Test_REST_Schema_Sanitization" classname="WP_Test_REST_Schema_Sanitization" file="/home/meng/Desktop/wptest/wordpress-develop/tests/phpunit/tests/rest-api/rest-schema-sanitization.php" line="249" assertions="1" time="0.038436"/>
          <testcase name="test_type_object_pattern_properties with data set #5" class="WP_Test_REST_Schema_Sanitization" classname="WP_Test_REST_Schema_Sanitization" file="/home/meng/Desktop/wptest/wordpress-develop/tests/phpunit/tests/rest-api/rest-schema-sanitization.php" line="249" assertions="1" time="0.038856"/>
          <testcase name="test_type_object_pattern_properties with data set #6" class="WP_Test_REST_Schema_Sanitization" classname="WP_Test_REST_Schema_Sanitization" file="/home/meng/Desktop/wptest/wordpress-develop/tests/phpunit/tests/rest-api/rest-schema-sanitization.php" line="249" assertions="1" time="0.040521"/>
          <testcase name="test_type_object_pattern_properties with data set #7" class="WP_Test_REST_Schema_Sanitization" classname="WP_Test_REST_Schema_Sanitization" file="/home/meng/Desktop/wptest/wordpress-develop/tests/phpunit/tests/rest-api/rest-schema-sanitization.php" line="249" assertions="1" time="0.045049"/>
        </testsuite>
        <testcase name="test_type_object_nested" class="WP_Test_REST_Schema_Sanitization" classname="WP_Test_REST_Schema_Sanitization" file="/home/meng/Desktop/wptest/wordpress-develop/tests/phpunit/tests/rest-api/rest-schema-sanitization.php" line="336" assertions="3" time="0.044620"/>
        <testcase name="test_type_object_stdclass" class="WP_Test_REST_Schema_Sanitization" classname="WP_Test_REST_Schema_Sanitization" file="/home/meng/Desktop/wptest/wordpress-develop/tests/phpunit/tests/rest-api/rest-schema-sanitization.php" line="391" assertions="1" time="0.040596"/>
        <testcase name="test_type_object_accepts_empty_string" class="WP_Test_REST_Schema_Sanitization" classname="WP_Test_REST_Schema_Sanitization" file="/home/meng/Desktop/wptest/wordpress-develop/tests/phpunit/tests/rest-api/rest-schema-sanitization.php" line="406" assertions="1" time="0.042570"/>
        <testcase name="test_type_unknown" class="WP_Test_REST_Schema_Sanitization" classname="WP_Test_REST_Schema_Sanitization" file="/home/meng/Desktop/wptest/wordpress-develop/tests/phpunit/tests/rest-api/rest-schema-sanitization.php" line="410" assertions="4" time="0.044371"/>
        <testcase name="test_no_type" class="WP_Test_REST_Schema_Sanitization" classname="WP_Test_REST_Schema_Sanitization" file="/home/meng/Desktop/wptest/wordpress-develop/tests/phpunit/tests/rest-api/rest-schema-sanitization.php" line="421" assertions="4" time="0.043113"/>
        <testcase name="test_nullable_date" class="WP_Test_REST_Schema_Sanitization" classname="WP_Test_REST_Schema_Sanitization" file="/home/meng/Desktop/wptest/wordpress-develop/tests/phpunit/tests/rest-api/rest-schema-sanitization.php" line="432" assertions="3" time="0.040751"/>
        <testcase name="test_format_validation_is_skipped_if_non_string_type" class="WP_Test_REST_Schema_Sanitization" classname="WP_Test_REST_Schema_Sanitization" file="/home/meng/Desktop/wptest/wordpress-develop/tests/phpunit/tests/rest-api/rest-schema-sanitization.php" line="446" assertions="2" time="0.038363"/>
        <testcase name="test_format_validation_is_applied_if_missing_type" class="WP_Test_REST_Schema_Sanitization" classname="WP_Test_REST_Schema_Sanitization" file="/home/meng/Desktop/wptest/wordpress-develop/tests/phpunit/tests/rest-api/rest-schema-sanitization.php" line="458" assertions="3" time="0.041211">
          <failure type="PHPUnit\Framework\ExpectationFailedException">WP_Test_REST_Schema_Sanitization::test_format_validation_is_applied_if_missing_type
Failed asserting that exception of type "PHPUnit_Framework_Error_Notice" is thrown.

</failure>
        </testcase>
        <testcase name="test_format_validation_is_applied_if_unknown_type" class="WP_Test_REST_Schema_Sanitization" classname="WP_Test_REST_Schema_Sanitization" file="/home/meng/Desktop/wptest/wordpress-develop/tests/phpunit/tests/rest-api/rest-schema-sanitization.php" line="475" assertions="3" time="0.042253"/>
        <testcase name="test_object_or_string" class="WP_Test_REST_Schema_Sanitization" classname="WP_Test_REST_Schema_Sanitization" file="/home/meng/Desktop/wptest/wordpress-develop/tests/phpunit/tests/rest-api/rest-schema-sanitization.php" line="486" assertions="3" time="0.039778"/>
        <testcase name="test_object_or_bool" class="WP_Test_REST_Schema_Sanitization" classname="WP_Test_REST_Schema_Sanitization" file="/home/meng/Desktop/wptest/wordpress-develop/tests/phpunit/tests/rest-api/rest-schema-sanitization.php" line="501" assertions="13" time="0.039231"/>
        <testcase name="test_multi_type_with_no_known_types" class="WP_Test_REST_Schema_Sanitization" classname="WP_Test_REST_Schema_Sanitization" file="/home/meng/Desktop/wptest/wordpress-develop/tests/phpunit/tests/rest-api/rest-schema-sanitization.php" line="533" assertions="2" time="0.040807"/>
        <testcase name="test_multi_type_with_some_unknown_types" class="WP_Test_REST_Schema_Sanitization" classname="WP_Test_REST_Schema_Sanitization" file="/home/meng/Desktop/wptest/wordpress-develop/tests/phpunit/tests/rest-api/rest-schema-sanitization.php" line="547" assertions="2" time="0.040990"/>
        <testcase name="test_multi_type_returns_null_if_no_valid_type" class="WP_Test_REST_Schema_Sanitization" classname="WP_Test_REST_Schema_Sanitization" file="/home/meng/Desktop/wptest/wordpress-develop/tests/phpunit/tests/rest-api/rest-schema-sanitization.php" line="561" assertions="1" time="0.040296"/>
        <testcase name="test_unique_items_after_sanitization" class="WP_Test_REST_Schema_Sanitization" classname="WP_Test_REST_Schema_Sanitization" file="/home/meng/Desktop/wptest/wordpress-develop/tests/phpunit/tests/rest-api/rest-schema-sanitization.php" line="572" assertions="2" time="0.038172"/>
        <testcase name="test_any_of" class="WP_Test_REST_Schema_Sanitization" classname="WP_Test_REST_Schema_Sanitization" file="/home/meng/Desktop/wptest/wordpress-develop/tests/phpunit/tests/rest-api/rest-schema-sanitization.php" line="594" assertions="4" time="0.041627"/>
        <testcase name="test_one_of" class="WP_Test_REST_Schema_Sanitization" classname="WP_Test_REST_Schema_Sanitization" file="/home/meng/Desktop/wptest/wordpress-develop/tests/phpunit/tests/rest-api/rest-schema-sanitization.php" line="617" assertions="5" time="0.045098"/>
      </testsuite>
      <testsuite name="WP_Test_REST_Schema_Initialization" file="/home/meng/Desktop/wptest/wordpress-develop/tests/phpunit/tests/rest-api/rest-schema-setup.php" tests="2" assertions="71" errors="0" failures="0" skipped="0" time="1.097527">
        <testcase name="test_expected_routes_in_schema" class="WP_Test_REST_Schema_Initialization" classname="WP_Test_REST_Schema_Initialization" file="/home/meng/Desktop/wptest/wordpress-develop/tests/phpunit/tests/rest-api/rest-schema-setup.php" line="74" assertions="3" time="0.082803"/>
        <testcase name="test_build_wp_api_client_fixtures" class="WP_Test_REST_Schema_Initialization" classname="WP_Test_REST_Schema_Initialization" file="/home/meng/Desktop/wptest/wordpress-develop/tests/phpunit/tests/rest-api/rest-schema-setup.php" line="155" assertions="68" time="1.014724"/>
      </testsuite>
      <testsuite name="WP_Test_REST_Schema_Validation" file="/home/meng/Desktop/wptest/wordpress-develop/tests/phpunit/tests/rest-api/rest-schema-validation.php" tests="161" assertions="283" errors="0" failures="1" skipped="0" time="6.695766">
        <testcase name="test_type_number" class="WP_Test_REST_Schema_Validation" classname="WP_Test_REST_Schema_Validation" file="/home/meng/Desktop/wptest/wordpress-develop/tests/phpunit/tests/rest-api/rest-schema-validation.php" line="14" assertions="5" time="0.042368"/>
        <testcase name="test_type_integer" class="WP_Test_REST_Schema_Validation" classname="WP_Test_REST_Schema_Validation" file="/home/meng/Desktop/wptest/wordpress-develop/tests/phpunit/tests/rest-api/rest-schema-validation.php" line="27" assertions="5" time="0.040431"/>
        <testcase name="test_type_string" class="WP_Test_REST_Schema_Validation" classname="WP_Test_REST_Schema_Validation" file="/home/meng/Desktop/wptest/wordpress-develop/tests/phpunit/tests/rest-api/rest-schema-validation.php" line="40" assertions="4" time="0.038431"/>
        <testcase name="test_type_boolean" class="WP_Test_REST_Schema_Validation" classname="WP_Test_REST_Schema_Validation" file="/home/meng/Desktop/wptest/wordpress-develop/tests/phpunit/tests/rest-api/rest-schema-validation.php" line="50" assertions="9" time="0.040462"/>
        <testcase name="test_format_email" class="WP_Test_REST_Schema_Validation" classname="WP_Test_REST_Schema_Validation" file="/home/meng/Desktop/wptest/wordpress-develop/tests/phpunit/tests/rest-api/rest-schema-validation.php" line="65" assertions="3" time="0.039291"/>
        <testcase name="test_format_hex_color" class="WP_Test_REST_Schema_Validation" classname="WP_Test_REST_Schema_Validation" file="/home/meng/Desktop/wptest/wordpress-develop/tests/phpunit/tests/rest-api/rest-schema-validation.php" line="78" assertions="3" time="0.042364"/>
        <testcase name="test_format_uuid" class="WP_Test_REST_Schema_Validation" classname="WP_Test_REST_Schema_Validation" file="/home/meng/Desktop/wptest/wordpress-develop/tests/phpunit/tests/rest-api/rest-schema-validation.php" line="91" assertions="3" time="0.039730"/>
        <testcase name="test_format_date_time" class="WP_Test_REST_Schema_Validation" classname="WP_Test_REST_Schema_Validation" file="/home/meng/Desktop/wptest/wordpress-develop/tests/phpunit/tests/rest-api/rest-schema-validation.php" line="101" assertions="6" time="0.038734"/>
        <testcase name="test_format_ip" class="WP_Test_REST_Schema_Validation" classname="WP_Test_REST_Schema_Validation" file="/home/meng/Desktop/wptest/wordpress-develop/tests/phpunit/tests/rest-api/rest-schema-validation.php" line="114" assertions="15" time="0.043234"/>
        <testcase name="test_format_validation_is_skipped_if_non_string_type" class="WP_Test_REST_Schema_Validation" classname="WP_Test_REST_Schema_Validation" file="/home/meng/Desktop/wptest/wordpress-develop/tests/phpunit/tests/rest-api/rest-schema-validation.php" line="143" assertions="2" time="0.040491"/>
        <testcase name="test_format_validation_is_applied_if_missing_type" class="WP_Test_REST_Schema_Validation" classname="WP_Test_REST_Schema_Validation" file="/home/meng/Desktop/wptest/wordpress-develop/tests/phpunit/tests/rest-api/rest-schema-validation.php" line="158" assertions="3" time="0.040224">
          <failure type="PHPUnit\Framework\ExpectationFailedException">WP_Test_REST_Schema_Validation::test_format_validation_is_applied_if_missing_type
Failed asserting that exception of type "PHPUnit_Framework_Error_Notice" is thrown.

</failure>
        </testcase>
        <testcase name="test_format_validation_is_applied_if_unknown_type" class="WP_Test_REST_Schema_Validation" classname="WP_Test_REST_Schema_Validation" file="/home/meng/Desktop/wptest/wordpress-develop/tests/phpunit/tests/rest-api/rest-schema-validation.php" line="175" assertions="3" time="0.038758"/>
        <testcase name="test_type_array" class="WP_Test_REST_Schema_Validation" classname="WP_Test_REST_Schema_Validation" file="/home/meng/Desktop/wptest/wordpress-develop/tests/phpunit/tests/rest-api/rest-schema-validation.php" line="186" assertions="3" time="0.041192"/>
        <testcase name="test_type_array_nested" class="WP_Test_REST_Schema_Validation" classname="WP_Test_REST_Schema_Validation" file="/home/meng/Desktop/wptest/wordpress-develop/tests/phpunit/tests/rest-api/rest-schema-validation.php" line="198" assertions="1" time="0.046104"/>
        <testcase name="test_type_array_as_csv" class="WP_Test_REST_Schema_Validation" classname="WP_Test_REST_Schema_Validation" file="/home/meng/Desktop/wptest/wordpress-develop/tests/phpunit/tests/rest-api/rest-schema-validation.php" line="211" assertions="5" time="0.053184"/>
        <testcase name="test_type_array_with_enum" class="WP_Test_REST_Schema_Validation" classname="WP_Test_REST_Schema_Validation" file="/home/meng/Desktop/wptest/wordpress-develop/tests/phpunit/tests/rest-api/rest-schema-validation.php" line="225" assertions="2" time="0.069262"/>
        <testcase name="test_type_array_with_enum_as_csv" class="WP_Test_REST_Schema_Validation" classname="WP_Test_REST_Schema_Validation" file="/home/meng/Desktop/wptest/wordpress-develop/tests/phpunit/tests/rest-api/rest-schema-validation.php" line="237" assertions="4" time="0.060221"/>
        <testcase name="test_type_array_is_associative" class="WP_Test_REST_Schema_Validation" classname="WP_Test_REST_Schema_Validation" file="/home/meng/Desktop/wptest/wordpress-develop/tests/phpunit/tests/rest-api/rest-schema-validation.php" line="251" assertions="1" time="0.052629"/>
        <testcase name="test_type_object" class="WP_Test_REST_Schema_Validation" classname="WP_Test_REST_Schema_Validation" file="/home/meng/Desktop/wptest/wordpress-develop/tests/phpunit/tests/rest-api/rest-schema-validation.php" line="269" assertions="3" time="0.039930"/>
        <testsuite name="WP_Test_REST_Schema_Validation::test_type_object_pattern_properties" tests="9" assertions="9" errors="0" failures="0" skipped="0" time="0.398691">
          <testcase name="test_type_object_pattern_properties with data set #0" class="WP_Test_REST_Schema_Validation" classname="WP_Test_REST_Schema_Validation" file="/home/meng/Desktop/wptest/wordpress-develop/tests/phpunit/tests/rest-api/rest-schema-validation.php" line="300" assertions="1" time="0.049084"/>
          <testcase name="test_type_object_pattern_properties with data set #1" class="WP_Test_REST_Schema_Validation" classname="WP_Test_REST_Schema_Validation" file="/home/meng/Desktop/wptest/wordpress-develop/tests/phpunit/tests/rest-api/rest-schema-validation.php" line="300" assertions="1" time="0.048478"/>
          <testcase name="test_type_object_pattern_properties with data set #2" class="WP_Test_REST_Schema_Validation" classname="WP_Test_REST_Schema_Validation" file="/home/meng/Desktop/wptest/wordpress-develop/tests/phpunit/tests/rest-api/rest-schema-validation.php" line="300" assertions="1" time="0.043092"/>
          <testcase name="test_type_object_pattern_properties with data set #3" class="WP_Test_REST_Schema_Validation" classname="WP_Test_REST_Schema_Validation" file="/home/meng/Desktop/wptest/wordpress-develop/tests/phpunit/tests/rest-api/rest-schema-validation.php" line="300" assertions="1" time="0.038268"/>
          <testcase name="test_type_object_pattern_properties with data set #4" class="WP_Test_REST_Schema_Validation" classname="WP_Test_REST_Schema_Validation" file="/home/meng/Desktop/wptest/wordpress-develop/tests/phpunit/tests/rest-api/rest-schema-validation.php" line="300" assertions="1" time="0.051101"/>
          <testcase name="test_type_object_pattern_properties with data set #5" class="WP_Test_REST_Schema_Validation" classname="WP_Test_REST_Schema_Validation" file="/home/meng/Desktop/wptest/wordpress-develop/tests/phpunit/tests/rest-api/rest-schema-validation.php" line="300" assertions="1" time="0.039497"/>
          <testcase name="test_type_object_pattern_properties with data set #6" class="WP_Test_REST_Schema_Validation" classname="WP_Test_REST_Schema_Validation" file="/home/meng/Desktop/wptest/wordpress-develop/tests/phpunit/tests/rest-api/rest-schema-validation.php" line="300" assertions="1" time="0.043467"/>
          <testcase name="test_type_object_pattern_properties with data set #7" class="WP_Test_REST_Schema_Validation" classname="WP_Test_REST_Schema_Validation" file="/home/meng/Desktop/wptest/wordpress-develop/tests/phpunit/tests/rest-api/rest-schema-validation.php" line="300" assertions="1" time="0.046265"/>
          <testcase name="test_type_object_pattern_properties with data set #8" class="WP_Test_REST_Schema_Validation" classname="WP_Test_REST_Schema_Validation" file="/home/meng/Desktop/wptest/wordpress-develop/tests/phpunit/tests/rest-api/rest-schema-validation.php" line="300" assertions="1" time="0.039439"/>
        </testsuite>
        <testcase name="test_type_object_additional_properties_false" class="WP_Test_REST_Schema_Validation" classname="WP_Test_REST_Schema_Validation" file="/home/meng/Desktop/wptest/wordpress-develop/tests/phpunit/tests/rest-api/rest-schema-validation.php" line="392" assertions="2" time="0.044451"/>
        <testcase name="test_type_object_nested" class="WP_Test_REST_Schema_Validation" classname="WP_Test_REST_Schema_Validation" file="/home/meng/Desktop/wptest/wordpress-develop/tests/phpunit/tests/rest-api/rest-schema-validation.php" line="414" assertions="3" time="0.040580"/>
        <testcase name="test_type_object_stdclass" class="WP_Test_REST_Schema_Validation" classname="WP_Test_REST_Schema_Validation" file="/home/meng/Desktop/wptest/wordpress-develop/tests/phpunit/tests/rest-api/rest-schema-validation.php" line="452" assertions="1" time="0.046035"/>
        <testcase name="test_type_object_allows_empty_string" class="WP_Test_REST_Schema_Validation" classname="WP_Test_REST_Schema_Validation" file="/home/meng/Desktop/wptest/wordpress-develop/tests/phpunit/tests/rest-api/rest-schema-validation.php" line="467" assertions="1" time="0.040144"/>
        <testcase name="test_type_unknown" class="WP_Test_REST_Schema_Validation" classname="WP_Test_REST_Schema_Validation" file="/home/meng/Desktop/wptest/wordpress-develop/tests/phpunit/tests/rest-api/rest-schema-validation.php" line="471" assertions="4" time="0.041522"/>
        <testcase name="test_type_null" class="WP_Test_REST_Schema_Validation" classname="WP_Test_REST_Schema_Validation" file="/home/meng/Desktop/wptest/wordpress-develop/tests/phpunit/tests/rest-api/rest-schema-validation.php" line="482" assertions="3" time="0.062465"/>
        <testcase name="test_nullable_date" class="WP_Test_REST_Schema_Validation" classname="WP_Test_REST_Schema_Validation" file="/home/meng/Desktop/wptest/wordpress-develop/tests/phpunit/tests/rest-api/rest-schema-validation.php" line="488" assertions="4" time="0.042145"/>
        <testcase name="test_object_or_string" class="WP_Test_REST_Schema_Validation" classname="WP_Test_REST_Schema_Validation" file="/home/meng/Desktop/wptest/wordpress-develop/tests/phpunit/tests/rest-api/rest-schema-validation.php" line="502" assertions="4" time="0.038550"/>
        <testcase name="test_null_or_integer" class="WP_Test_REST_Schema_Validation" classname="WP_Test_REST_Schema_Validation" file="/home/meng/Desktop/wptest/wordpress-develop/tests/phpunit/tests/rest-api/rest-schema-validation.php" line="523" assertions="5" time="0.041363"/>
        <testsuite name="WP_Test_REST_Schema_Validation::test_numeric_multiple_of" tests="7" assertions="7" errors="0" failures="0" skipped="0" time="0.314334">
          <testcase name="test_numeric_multiple_of with data set #0" class="WP_Test_REST_Schema_Validation" classname="WP_Test_REST_Schema_Validation" file="/home/meng/Desktop/wptest/wordpress-develop/tests/phpunit/tests/rest-api/rest-schema-validation.php" line="548" assertions="1" time="0.045667"/>
          <testcase name="test_numeric_multiple_of with data set #1" class="WP_Test_REST_Schema_Validation" classname="WP_Test_REST_Schema_Validation" file="/home/meng/Desktop/wptest/wordpress-develop/tests/phpunit/tests/rest-api/rest-schema-validation.php" line="548" assertions="1" time="0.054806"/>
          <testcase name="test_numeric_multiple_of with data set #2" class="WP_Test_REST_Schema_Validation" classname="WP_Test_REST_Schema_Validation" file="/home/meng/Desktop/wptest/wordpress-develop/tests/phpunit/tests/rest-api/rest-schema-validation.php" line="548" assertions="1" time="0.038653"/>
          <testcase name="test_numeric_multiple_of with data set #3" class="WP_Test_REST_Schema_Validation" classname="WP_Test_REST_Schema_Validation" file="/home/meng/Desktop/wptest/wordpress-develop/tests/phpunit/tests/rest-api/rest-schema-validation.php" line="548" assertions="1" time="0.046681"/>
          <testcase name="test_numeric_multiple_of with data set #4" class="WP_Test_REST_Schema_Validation" classname="WP_Test_REST_Schema_Validation" file="/home/meng/Desktop/wptest/wordpress-develop/tests/phpunit/tests/rest-api/rest-schema-validation.php" line="548" assertions="1" time="0.043692"/>
          <testcase name="test_numeric_multiple_of with data set #5" class="WP_Test_REST_Schema_Validation" classname="WP_Test_REST_Schema_Validation" file="/home/meng/Desktop/wptest/wordpress-develop/tests/phpunit/tests/rest-api/rest-schema-validation.php" line="548" assertions="1" time="0.040808"/>
          <testcase name="test_numeric_multiple_of with data set #6" class="WP_Test_REST_Schema_Validation" classname="WP_Test_REST_Schema_Validation" file="/home/meng/Desktop/wptest/wordpress-develop/tests/phpunit/tests/rest-api/rest-schema-validation.php" line="548" assertions="1" time="0.044027"/>
        </testsuite>
        <testcase name="test_multi_type_with_no_known_types" class="WP_Test_REST_Schema_Validation" classname="WP_Test_REST_Schema_Validation" file="/home/meng/Desktop/wptest/wordpress-develop/tests/phpunit/tests/rest-api/rest-schema-validation.php" line="578" assertions="2" time="0.051949"/>
        <testcase name="test_multi_type_with_some_unknown_types" class="WP_Test_REST_Schema_Validation" classname="WP_Test_REST_Schema_Validation" file="/home/meng/Desktop/wptest/wordpress-develop/tests/phpunit/tests/rest-api/rest-schema-validation.php" line="592" assertions="2" time="0.045286"/>
        <testcase name="test_string_min_length" class="WP_Test_REST_Schema_Validation" classname="WP_Test_REST_Schema_Validation" file="/home/meng/Desktop/wptest/wordpress-develop/tests/phpunit/tests/rest-api/rest-schema-validation.php" line="606" assertions="6" time="0.046413"/>
        <testcase name="test_string_max_length" class="WP_Test_REST_Schema_Validation" classname="WP_Test_REST_Schema_Validation" file="/home/meng/Desktop/wptest/wordpress-develop/tests/phpunit/tests/rest-api/rest-schema-validation.php" line="630" assertions="6" time="0.043377"/>
        <testsuite name="WP_Test_REST_Schema_Validation::test_property_is_required" tests="3" assertions="3" errors="0" failures="0" skipped="0" time="0.128753">
          <testcase name="test_property_is_required with data set #0" class="WP_Test_REST_Schema_Validation" classname="WP_Test_REST_Schema_Validation" file="/home/meng/Desktop/wptest/wordpress-develop/tests/phpunit/tests/rest-api/rest-schema-validation.php" line="656" assertions="1" time="0.042239"/>
          <testcase name="test_property_is_required with data set #1" class="WP_Test_REST_Schema_Validation" classname="WP_Test_REST_Schema_Validation" file="/home/meng/Desktop/wptest/wordpress-develop/tests/phpunit/tests/rest-api/rest-schema-validation.php" line="656" assertions="1" time="0.042992"/>
          <testcase name="test_property_is_required with data set #2" class="WP_Test_REST_Schema_Validation" classname="WP_Test_REST_Schema_Validation" file="/home/meng/Desktop/wptest/wordpress-develop/tests/phpunit/tests/rest-api/rest-schema-validation.php" line="656" assertions="1" time="0.043522"/>
        </testsuite>
        <testsuite name="WP_Test_REST_Schema_Validation::test_property_is_required_v4" tests="3" assertions="3" errors="0" failures="0" skipped="0" time="0.136375">
          <testcase name="test_property_is_required_v4 with data set #0" class="WP_Test_REST_Schema_Validation" classname="WP_Test_REST_Schema_Validation" file="/home/meng/Desktop/wptest/wordpress-develop/tests/phpunit/tests/rest-api/rest-schema-validation.php" line="684" assertions="1" time="0.041327"/>
          <testcase name="test_property_is_required_v4 with data set #1" class="WP_Test_REST_Schema_Validation" classname="WP_Test_REST_Schema_Validation" file="/home/meng/Desktop/wptest/wordpress-develop/tests/phpunit/tests/rest-api/rest-schema-validation.php" line="684" assertions="1" time="0.049446"/>
          <testcase name="test_property_is_required_v4 with data set #2" class="WP_Test_REST_Schema_Validation" classname="WP_Test_REST_Schema_Validation" file="/home/meng/Desktop/wptest/wordpress-develop/tests/phpunit/tests/rest-api/rest-schema-validation.php" line="684" assertions="1" time="0.045602"/>
        </testsuite>
        <testsuite name="WP_Test_REST_Schema_Validation::test_nested_property_is_required" tests="3" assertions="3" errors="0" failures="0" skipped="0" time="0.123577">
          <testcase name="test_nested_property_is_required with data set #0" class="WP_Test_REST_Schema_Validation" classname="WP_Test_REST_Schema_Validation" file="/home/meng/Desktop/wptest/wordpress-develop/tests/phpunit/tests/rest-api/rest-schema-validation.php" line="726" assertions="1" time="0.041216"/>
          <testcase name="test_nested_property_is_required with data set #1" class="WP_Test_REST_Schema_Validation" classname="WP_Test_REST_Schema_Validation" file="/home/meng/Desktop/wptest/wordpress-develop/tests/phpunit/tests/rest-api/rest-schema-validation.php" line="726" assertions="1" time="0.041670"/>
          <testcase name="test_nested_property_is_required with data set #2" class="WP_Test_REST_Schema_Validation" classname="WP_Test_REST_Schema_Validation" file="/home/meng/Desktop/wptest/wordpress-develop/tests/phpunit/tests/rest-api/rest-schema-validation.php" line="726" assertions="1" time="0.040691"/>
        </testsuite>
        <testsuite name="WP_Test_REST_Schema_Validation::test_nested_property_is_required_v4" tests="3" assertions="3" errors="0" failures="0" skipped="0" time="0.136515">
          <testcase name="test_nested_property_is_required_v4 with data set #0" class="WP_Test_REST_Schema_Validation" classname="WP_Test_REST_Schema_Validation" file="/home/meng/Desktop/wptest/wordpress-develop/tests/phpunit/tests/rest-api/rest-schema-validation.php" line="759" assertions="1" time="0.044303"/>
          <testcase name="test_nested_property_is_required_v4 with data set #1" class="WP_Test_REST_Schema_Validation" classname="WP_Test_REST_Schema_Validation" file="/home/meng/Desktop/wptest/wordpress-develop/tests/phpunit/tests/rest-api/rest-schema-validation.php" line="759" assertions="1" time="0.046690"/>
          <testcase name="test_nested_property_is_required_v4 with data set #2" class="WP_Test_REST_Schema_Validation" classname="WP_Test_REST_Schema_Validation" file="/home/meng/Desktop/wptest/wordpress-develop/tests/phpunit/tests/rest-api/rest-schema-validation.php" line="759" assertions="1" time="0.045522"/>
        </testsuite>
        <testsuite name="WP_Test_REST_Schema_Validation::test_deeply_nested_v3_required_property" tests="5" assertions="5" errors="0" failures="0" skipped="0" time="0.197903">
          <testcase name="test_deeply_nested_v3_required_property with data set #0" class="WP_Test_REST_Schema_Validation" classname="WP_Test_REST_Schema_Validation" file="/home/meng/Desktop/wptest/wordpress-develop/tests/phpunit/tests/rest-api/rest-schema-validation.php" line="818" assertions="1" time="0.039096"/>
          <testcase name="test_deeply_nested_v3_required_property with data set #1" class="WP_Test_REST_Schema_Validation" classname="WP_Test_REST_Schema_Validation" file="/home/meng/Desktop/wptest/wordpress-develop/tests/phpunit/tests/rest-api/rest-schema-validation.php" line="818" assertions="1" time="0.041436"/>
          <testcase name="test_deeply_nested_v3_required_property with data set #2" class="WP_Test_REST_Schema_Validation" classname="WP_Test_REST_Schema_Validation" file="/home/meng/Desktop/wptest/wordpress-develop/tests/phpunit/tests/rest-api/rest-schema-validation.php" line="818" assertions="1" time="0.038246"/>
          <testcase name="test_deeply_nested_v3_required_property with data set #3" class="WP_Test_REST_Schema_Validation" classname="WP_Test_REST_Schema_Validation" file="/home/meng/Desktop/wptest/wordpress-develop/tests/phpunit/tests/rest-api/rest-schema-validation.php" line="818" assertions="1" time="0.037174"/>
          <testcase name="test_deeply_nested_v3_required_property with data set #4" class="WP_Test_REST_Schema_Validation" classname="WP_Test_REST_Schema_Validation" file="/home/meng/Desktop/wptest/wordpress-develop/tests/phpunit/tests/rest-api/rest-schema-validation.php" line="818" assertions="1" time="0.041951"/>
        </testsuite>
        <testsuite name="WP_Test_REST_Schema_Validation::test_deeply_nested_v4_required_property" tests="5" assertions="5" errors="0" failures="0" skipped="0" time="0.198273">
          <testcase name="test_deeply_nested_v4_required_property with data set #0" class="WP_Test_REST_Schema_Validation" classname="WP_Test_REST_Schema_Validation" file="/home/meng/Desktop/wptest/wordpress-develop/tests/phpunit/tests/rest-api/rest-schema-validation.php" line="858" assertions="1" time="0.039051"/>
          <testcase name="test_deeply_nested_v4_required_property with data set #1" class="WP_Test_REST_Schema_Validation" classname="WP_Test_REST_Schema_Validation" file="/home/meng/Desktop/wptest/wordpress-develop/tests/phpunit/tests/rest-api/rest-schema-validation.php" line="858" assertions="1" time="0.037032"/>
          <testcase name="test_deeply_nested_v4_required_property with data set #2" class="WP_Test_REST_Schema_Validation" classname="WP_Test_REST_Schema_Validation" file="/home/meng/Desktop/wptest/wordpress-develop/tests/phpunit/tests/rest-api/rest-schema-validation.php" line="858" assertions="1" time="0.038224"/>
          <testcase name="test_deeply_nested_v4_required_property with data set #3" class="WP_Test_REST_Schema_Validation" classname="WP_Test_REST_Schema_Validation" file="/home/meng/Desktop/wptest/wordpress-develop/tests/phpunit/tests/rest-api/rest-schema-validation.php" line="858" assertions="1" time="0.039450"/>
          <testcase name="test_deeply_nested_v4_required_property with data set #4" class="WP_Test_REST_Schema_Validation" classname="WP_Test_REST_Schema_Validation" file="/home/meng/Desktop/wptest/wordpress-develop/tests/phpunit/tests/rest-api/rest-schema-validation.php" line="858" assertions="1" time="0.044516"/>
        </testsuite>
        <testsuite name="WP_Test_REST_Schema_Validation::test_deeply_nested_mixed_version_required_property" tests="5" assertions="5" errors="0" failures="0" skipped="0" time="0.197707">
          <testcase name="test_deeply_nested_mixed_version_required_property with data set #0" class="WP_Test_REST_Schema_Validation" classname="WP_Test_REST_Schema_Validation" file="/home/meng/Desktop/wptest/wordpress-develop/tests/phpunit/tests/rest-api/rest-schema-validation.php" line="898" assertions="1" time="0.040147"/>
          <testcase name="test_deeply_nested_mixed_version_required_property with data set #1" class="WP_Test_REST_Schema_Validation" classname="WP_Test_REST_Schema_Validation" file="/home/meng/Desktop/wptest/wordpress-develop/tests/phpunit/tests/rest-api/rest-schema-validation.php" line="898" assertions="1" time="0.037908"/>
          <testcase name="test_deeply_nested_mixed_version_required_property with data set #2" class="WP_Test_REST_Schema_Validation" classname="WP_Test_REST_Schema_Validation" file="/home/meng/Desktop/wptest/wordpress-develop/tests/phpunit/tests/rest-api/rest-schema-validation.php" line="898" assertions="1" time="0.038283"/>
          <testcase name="test_deeply_nested_mixed_version_required_property with data set #3" class="WP_Test_REST_Schema_Validation" classname="WP_Test_REST_Schema_Validation" file="/home/meng/Desktop/wptest/wordpress-develop/tests/phpunit/tests/rest-api/rest-schema-validation.php" line="898" assertions="1" time="0.042612"/>
          <testcase name="test_deeply_nested_mixed_version_required_property with data set #4" class="WP_Test_REST_Schema_Validation" classname="WP_Test_REST_Schema_Validation" file="/home/meng/Desktop/wptest/wordpress-develop/tests/phpunit/tests/rest-api/rest-schema-validation.php" line="898" assertions="1" time="0.038757"/>
        </testsuite>
        <testcase name="test_object_min_properties" class="WP_Test_REST_Schema_Validation" classname="WP_Test_REST_Schema_Validation" file="/home/meng/Desktop/wptest/wordpress-develop/tests/phpunit/tests/rest-api/rest-schema-validation.php" line="979" assertions="4" time="0.039161"/>
        <testcase name="test_object_max_properties" class="WP_Test_REST_Schema_Validation" classname="WP_Test_REST_Schema_Validation" file="/home/meng/Desktop/wptest/wordpress-develop/tests/phpunit/tests/rest-api/rest-schema-validation.php" line="1002" assertions="4" time="0.039313"/>
        <testcase name="test_string_pattern" class="WP_Test_REST_Schema_Validation" classname="WP_Test_REST_Schema_Validation" file="/home/meng/Desktop/wptest/wordpress-develop/tests/phpunit/tests/rest-api/rest-schema-validation.php" line="1034" assertions="2" time="0.039008"/>
        <testcase name="test_string_pattern_with_escaped_delimiter" class="WP_Test_REST_Schema_Validation" classname="WP_Test_REST_Schema_Validation" file="/home/meng/Desktop/wptest/wordpress-develop/tests/phpunit/tests/rest-api/rest-schema-validation.php" line="1047" assertions="2" time="0.038154"/>
        <testcase name="test_string_pattern_with_utf8" class="WP_Test_REST_Schema_Validation" classname="WP_Test_REST_Schema_Validation" file="/home/meng/Desktop/wptest/wordpress-develop/tests/phpunit/tests/rest-api/rest-schema-validation.php" line="1060" assertions="2" time="0.038310"/>
        <testcase name="test_array_min_items" class="WP_Test_REST_Schema_Validation" classname="WP_Test_REST_Schema_Validation" file="/home/meng/Desktop/wptest/wordpress-develop/tests/phpunit/tests/rest-api/rest-schema-validation.php" line="1073" assertions="4" time="0.038907"/>
        <testcase name="test_array_max_items" class="WP_Test_REST_Schema_Validation" classname="WP_Test_REST_Schema_Validation" file="/home/meng/Desktop/wptest/wordpress-develop/tests/phpunit/tests/rest-api/rest-schema-validation.php" line="1091" assertions="4" time="0.039283"/>
        <testsuite name="WP_Test_REST_Schema_Validation::test_unique_items" tests="36" assertions="36" errors="0" failures="0" skipped="0" time="1.500496">
          <testcase name="test_unique_items with data set #0" class="WP_Test_REST_Schema_Validation" classname="WP_Test_REST_Schema_Validation" file="/home/meng/Desktop/wptest/wordpress-develop/tests/phpunit/tests/rest-api/rest-schema-validation.php" line="1111" assertions="1" time="0.044984"/>
          <testcase name="test_unique_items with data set #1" class="WP_Test_REST_Schema_Validation" classname="WP_Test_REST_Schema_Validation" file="/home/meng/Desktop/wptest/wordpress-develop/tests/phpunit/tests/rest-api/rest-schema-validation.php" line="1111" assertions="1" time="0.040907"/>
          <testcase name="test_unique_items with data set #2" class="WP_Test_REST_Schema_Validation" classname="WP_Test_REST_Schema_Validation" file="/home/meng/Desktop/wptest/wordpress-develop/tests/phpunit/tests/rest-api/rest-schema-validation.php" line="1111" assertions="1" time="0.041684"/>
          <testcase name="test_unique_items with data set #3" class="WP_Test_REST_Schema_Validation" classname="WP_Test_REST_Schema_Validation" file="/home/meng/Desktop/wptest/wordpress-develop/tests/phpunit/tests/rest-api/rest-schema-validation.php" line="1111" assertions="1" time="0.048817"/>
          <testcase name="test_unique_items with data set #4" class="WP_Test_REST_Schema_Validation" classname="WP_Test_REST_Schema_Validation" file="/home/meng/Desktop/wptest/wordpress-develop/tests/phpunit/tests/rest-api/rest-schema-validation.php" line="1111" assertions="1" time="0.043884"/>
          <testcase name="test_unique_items with data set #5" class="WP_Test_REST_Schema_Validation" classname="WP_Test_REST_Schema_Validation" file="/home/meng/Desktop/wptest/wordpress-develop/tests/phpunit/tests/rest-api/rest-schema-validation.php" line="1111" assertions="1" time="0.057842"/>
          <testcase name="test_unique_items with data set #6" class="WP_Test_REST_Schema_Validation" classname="WP_Test_REST_Schema_Validation" file="/home/meng/Desktop/wptest/wordpress-develop/tests/phpunit/tests/rest-api/rest-schema-validation.php" line="1111" assertions="1" time="0.047268"/>
          <testcase name="test_unique_items with data set #7" class="WP_Test_REST_Schema_Validation" classname="WP_Test_REST_Schema_Validation" file="/home/meng/Desktop/wptest/wordpress-develop/tests/phpunit/tests/rest-api/rest-schema-validation.php" line="1111" assertions="1" time="0.046538"/>
          <testcase name="test_unique_items with data set #8" class="WP_Test_REST_Schema_Validation" classname="WP_Test_REST_Schema_Validation" file="/home/meng/Desktop/wptest/wordpress-develop/tests/phpunit/tests/rest-api/rest-schema-validation.php" line="1111" assertions="1" time="0.040558"/>
          <testcase name="test_unique_items with data set #9" class="WP_Test_REST_Schema_Validation" classname="WP_Test_REST_Schema_Validation" file="/home/meng/Desktop/wptest/wordpress-develop/tests/phpunit/tests/rest-api/rest-schema-validation.php" line="1111" assertions="1" time="0.038122"/>
          <testcase name="test_unique_items with data set #10" class="WP_Test_REST_Schema_Validation" classname="WP_Test_REST_Schema_Validation" file="/home/meng/Desktop/wptest/wordpress-develop/tests/phpunit/tests/rest-api/rest-schema-validation.php" line="1111" assertions="1" time="0.042107"/>
          <testcase name="test_unique_items with data set #11" class="WP_Test_REST_Schema_Validation" classname="WP_Test_REST_Schema_Validation" file="/home/meng/Desktop/wptest/wordpress-develop/tests/phpunit/tests/rest-api/rest-schema-validation.php" line="1111" assertions="1" time="0.045453"/>
          <testcase name="test_unique_items with data set #12" class="WP_Test_REST_Schema_Validation" classname="WP_Test_REST_Schema_Validation" file="/home/meng/Desktop/wptest/wordpress-develop/tests/phpunit/tests/rest-api/rest-schema-validation.php" line="1111" assertions="1" time="0.044474"/>
          <testcase name="test_unique_items with data set #13" class="WP_Test_REST_Schema_Validation" classname="WP_Test_REST_Schema_Validation" file="/home/meng/Desktop/wptest/wordpress-develop/tests/phpunit/tests/rest-api/rest-schema-validation.php" line="1111" assertions="1" time="0.039971"/>
          <testcase name="test_unique_items with data set #14" class="WP_Test_REST_Schema_Validation" classname="WP_Test_REST_Schema_Validation" file="/home/meng/Desktop/wptest/wordpress-develop/tests/phpunit/tests/rest-api/rest-schema-validation.php" line="1111" assertions="1" time="0.039529"/>
          <testcase name="test_unique_items with data set #15" class="WP_Test_REST_Schema_Validation" classname="WP_Test_REST_Schema_Validation" file="/home/meng/Desktop/wptest/wordpress-develop/tests/phpunit/tests/rest-api/rest-schema-validation.php" line="1111" assertions="1" time="0.039419"/>
          <testcase name="test_unique_items with data set #16" class="WP_Test_REST_Schema_Validation" classname="WP_Test_REST_Schema_Validation" file="/home/meng/Desktop/wptest/wordpress-develop/tests/phpunit/tests/rest-api/rest-schema-validation.php" line="1111" assertions="1" time="0.040203"/>
          <testcase name="test_unique_items with data set #17" class="WP_Test_REST_Schema_Validation" classname="WP_Test_REST_Schema_Validation" file="/home/meng/Desktop/wptest/wordpress-develop/tests/phpunit/tests/rest-api/rest-schema-validation.php" line="1111" assertions="1" time="0.038486"/>
          <testcase name="test_unique_items with data set #18" class="WP_Test_REST_Schema_Validation" classname="WP_Test_REST_Schema_Validation" file="/home/meng/Desktop/wptest/wordpress-develop/tests/phpunit/tests/rest-api/rest-schema-validation.php" line="1111" assertions="1" time="0.038977"/>
          <testcase name="test_unique_items with data set #19" class="WP_Test_REST_Schema_Validation" classname="WP_Test_REST_Schema_Validation" file="/home/meng/Desktop/wptest/wordpress-develop/tests/phpunit/tests/rest-api/rest-schema-validation.php" line="1111" assertions="1" time="0.041582"/>
          <testcase name="test_unique_items with data set #20" class="WP_Test_REST_Schema_Validation" classname="WP_Test_REST_Schema_Validation" file="/home/meng/Desktop/wptest/wordpress-develop/tests/phpunit/tests/rest-api/rest-schema-validation.php" line="1111" assertions="1" time="0.043280"/>
          <testcase name="test_unique_items with data set #21" class="WP_Test_REST_Schema_Validation" classname="WP_Test_REST_Schema_Validation" file="/home/meng/Desktop/wptest/wordpress-develop/tests/phpunit/tests/rest-api/rest-schema-validation.php" line="1111" assertions="1" time="0.040802"/>
          <testcase name="test_unique_items with data set #22" class="WP_Test_REST_Schema_Validation" classname="WP_Test_REST_Schema_Validation" file="/home/meng/Desktop/wptest/wordpress-develop/tests/phpunit/tests/rest-api/rest-schema-validation.php" line="1111" assertions="1" time="0.038333"/>
          <testcase name="test_unique_items with data set #23" class="WP_Test_REST_Schema_Validation" classname="WP_Test_REST_Schema_Validation" file="/home/meng/Desktop/wptest/wordpress-develop/tests/phpunit/tests/rest-api/rest-schema-validation.php" line="1111" assertions="1" time="0.042349"/>
          <testcase name="test_unique_items with data set #24" class="WP_Test_REST_Schema_Validation" classname="WP_Test_REST_Schema_Validation" file="/home/meng/Desktop/wptest/wordpress-develop/tests/phpunit/tests/rest-api/rest-schema-validation.php" line="1111" assertions="1" time="0.038538"/>
          <testcase name="test_unique_items with data set #25" class="WP_Test_REST_Schema_Validation" classname="WP_Test_REST_Schema_Validation" file="/home/meng/Desktop/wptest/wordpress-develop/tests/phpunit/tests/rest-api/rest-schema-validation.php" line="1111" assertions="1" time="0.038421"/>
          <testcase name="test_unique_items with data set #26" class="WP_Test_REST_Schema_Validation" classname="WP_Test_REST_Schema_Validation" file="/home/meng/Desktop/wptest/wordpress-develop/tests/phpunit/tests/rest-api/rest-schema-validation.php" line="1111" assertions="1" time="0.038336"/>
          <testcase name="test_unique_items with data set #27" class="WP_Test_REST_Schema_Validation" classname="WP_Test_REST_Schema_Validation" file="/home/meng/Desktop/wptest/wordpress-develop/tests/phpunit/tests/rest-api/rest-schema-validation.php" line="1111" assertions="1" time="0.038082"/>
          <testcase name="test_unique_items with data set #28" class="WP_Test_REST_Schema_Validation" classname="WP_Test_REST_Schema_Validation" file="/home/meng/Desktop/wptest/wordpress-develop/tests/phpunit/tests/rest-api/rest-schema-validation.php" line="1111" assertions="1" time="0.037689"/>
          <testcase name="test_unique_items with data set #29" class="WP_Test_REST_Schema_Validation" classname="WP_Test_REST_Schema_Validation" file="/home/meng/Desktop/wptest/wordpress-develop/tests/phpunit/tests/rest-api/rest-schema-validation.php" line="1111" assertions="1" time="0.038182"/>
          <testcase name="test_unique_items with data set #30" class="WP_Test_REST_Schema_Validation" classname="WP_Test_REST_Schema_Validation" file="/home/meng/Desktop/wptest/wordpress-develop/tests/phpunit/tests/rest-api/rest-schema-validation.php" line="1111" assertions="1" time="0.037364"/>
          <testcase name="test_unique_items with data set #31" class="WP_Test_REST_Schema_Validation" classname="WP_Test_REST_Schema_Validation" file="/home/meng/Desktop/wptest/wordpress-develop/tests/phpunit/tests/rest-api/rest-schema-validation.php" line="1111" assertions="1" time="0.037898"/>
          <testcase name="test_unique_items with data set #32" class="WP_Test_REST_Schema_Validation" classname="WP_Test_REST_Schema_Validation" file="/home/meng/Desktop/wptest/wordpress-develop/tests/phpunit/tests/rest-api/rest-schema-validation.php" line="1111" assertions="1" time="0.037517"/>
          <testcase name="test_unique_items with data set #33" class="WP_Test_REST_Schema_Validation" classname="WP_Test_REST_Schema_Validation" file="/home/meng/Desktop/wptest/wordpress-develop/tests/phpunit/tests/rest-api/rest-schema-validation.php" line="1111" assertions="1" time="0.053024"/>
          <testcase name="test_unique_items with data set #34" class="WP_Test_REST_Schema_Validation" classname="WP_Test_REST_Schema_Validation" file="/home/meng/Desktop/wptest/wordpress-develop/tests/phpunit/tests/rest-api/rest-schema-validation.php" line="1111" assertions="1" time="0.040173"/>
          <testcase name="test_unique_items with data set #35" class="WP_Test_REST_Schema_Validation" classname="WP_Test_REST_Schema_Validation" file="/home/meng/Desktop/wptest/wordpress-develop/tests/phpunit/tests/rest-api/rest-schema-validation.php" line="1111" assertions="1" time="0.039704"/>
        </testsuite>
        <testcase name="test_unique_items_deep_objects" class="WP_Test_REST_Schema_Validation" classname="WP_Test_REST_Schema_Validation" file="/home/meng/Desktop/wptest/wordpress-develop/tests/phpunit/tests/rest-api/rest-schema-validation.php" line="1166" assertions="2" time="0.045690"/>
        <testcase name="test_unique_items_deep_arrays" class="WP_Test_REST_Schema_Validation" classname="WP_Test_REST_Schema_Validation" file="/home/meng/Desktop/wptest/wordpress-develop/tests/phpunit/tests/rest-api/rest-schema-validation.php" line="1212" assertions="2" time="0.041971"/>
        <testcase name="test_string_or_integer" class="WP_Test_REST_Schema_Validation" classname="WP_Test_REST_Schema_Validation" file="/home/meng/Desktop/wptest/wordpress-develop/tests/phpunit/tests/rest-api/rest-schema-validation.php" line="1244" assertions="5" time="0.038520"/>
        <testsuite name="WP_Test_REST_Schema_Validation::test_any_of" tests="11" assertions="11" errors="0" failures="0" skipped="0" time="0.441114">
          <testcase name="test_any_of with data set &quot;anyOf: first anyOf valid&quot;" class="WP_Test_REST_Schema_Validation" classname="WP_Test_REST_Schema_Validation" file="/home/meng/Desktop/wptest/wordpress-develop/tests/phpunit/tests/rest-api/rest-schema-validation.php" line="1265" assertions="1" time="0.038454"/>
          <testcase name="test_any_of with data set &quot;anyOf: second anyOf valid&quot;" class="WP_Test_REST_Schema_Validation" classname="WP_Test_REST_Schema_Validation" file="/home/meng/Desktop/wptest/wordpress-develop/tests/phpunit/tests/rest-api/rest-schema-validation.php" line="1265" assertions="1" time="0.040616"/>
          <testcase name="test_any_of with data set &quot;anyOf: both anyOf valid&quot;" class="WP_Test_REST_Schema_Validation" classname="WP_Test_REST_Schema_Validation" file="/home/meng/Desktop/wptest/wordpress-develop/tests/phpunit/tests/rest-api/rest-schema-validation.php" line="1265" assertions="1" time="0.040522"/>
          <testcase name="test_any_of with data set &quot;anyOf: neither anyOf valid&quot;" class="WP_Test_REST_Schema_Validation" classname="WP_Test_REST_Schema_Validation" file="/home/meng/Desktop/wptest/wordpress-develop/tests/phpunit/tests/rest-api/rest-schema-validation.php" line="1265" assertions="1" time="0.039337"/>
          <testcase name="test_any_of with data set &quot;anyOf with base schema: mismatch base schema&quot;" class="WP_Test_REST_Schema_Validation" classname="WP_Test_REST_Schema_Validation" file="/home/meng/Desktop/wptest/wordpress-develop/tests/phpunit/tests/rest-api/rest-schema-validation.php" line="1265" assertions="1" time="0.036810"/>
          <testcase name="test_any_of with data set &quot;anyOf with base schema: one anyOf valid&quot;" class="WP_Test_REST_Schema_Validation" classname="WP_Test_REST_Schema_Validation" file="/home/meng/Desktop/wptest/wordpress-develop/tests/phpunit/tests/rest-api/rest-schema-validation.php" line="1265" assertions="1" time="0.038359"/>
          <testcase name="test_any_of with data set &quot;anyOf with base schema: both anyOf invalid&quot;" class="WP_Test_REST_Schema_Validation" classname="WP_Test_REST_Schema_Validation" file="/home/meng/Desktop/wptest/wordpress-develop/tests/phpunit/tests/rest-api/rest-schema-validation.php" line="1265" assertions="1" time="0.044734"/>
          <testcase name="test_any_of with data set &quot;anyOf complex types: first anyOf valid (complex)&quot;" class="WP_Test_REST_Schema_Validation" classname="WP_Test_REST_Schema_Validation" file="/home/meng/Desktop/wptest/wordpress-develop/tests/phpunit/tests/rest-api/rest-schema-validation.php" line="1265" assertions="1" time="0.042419"/>
          <testcase name="test_any_of with data set &quot;anyOf complex types: second anyOf valid (complex)&quot;" class="WP_Test_REST_Schema_Validation" classname="WP_Test_REST_Schema_Validation" file="/home/meng/Desktop/wptest/wordpress-develop/tests/phpunit/tests/rest-api/rest-schema-validation.php" line="1265" assertions="1" time="0.038486"/>
          <testcase name="test_any_of with data set &quot;anyOf complex types: both anyOf valid (complex)&quot;" class="WP_Test_REST_Schema_Validation" classname="WP_Test_REST_Schema_Validation" file="/home/meng/Desktop/wptest/wordpress-develop/tests/phpunit/tests/rest-api/rest-schema-validation.php" line="1265" assertions="1" time="0.039270"/>
          <testcase name="test_any_of with data set &quot;anyOf complex types: neither anyOf valid (complex)&quot;" class="WP_Test_REST_Schema_Validation" classname="WP_Test_REST_Schema_Validation" file="/home/meng/Desktop/wptest/wordpress-develop/tests/phpunit/tests/rest-api/rest-schema-validation.php" line="1265" assertions="1" time="0.042107"/>
        </testsuite>
        <testsuite name="WP_Test_REST_Schema_Validation::test_one_of" tests="19" assertions="19" errors="0" failures="0" skipped="0" time="0.714813">
          <testcase name="test_one_of with data set &quot;oneOf: first oneOf valid&quot;" class="WP_Test_REST_Schema_Validation" classname="WP_Test_REST_Schema_Validation" file="/home/meng/Desktop/wptest/wordpress-develop/tests/phpunit/tests/rest-api/rest-schema-validation.php" line="1316" assertions="1" time="0.037187"/>
          <testcase name="test_one_of with data set &quot;oneOf: second oneOf valid&quot;" class="WP_Test_REST_Schema_Validation" classname="WP_Test_REST_Schema_Validation" file="/home/meng/Desktop/wptest/wordpress-develop/tests/phpunit/tests/rest-api/rest-schema-validation.php" line="1316" assertions="1" time="0.036265"/>
          <testcase name="test_one_of with data set &quot;oneOf: both oneOf valid&quot;" class="WP_Test_REST_Schema_Validation" classname="WP_Test_REST_Schema_Validation" file="/home/meng/Desktop/wptest/wordpress-develop/tests/phpunit/tests/rest-api/rest-schema-validation.php" line="1316" assertions="1" time="0.036733"/>
          <testcase name="test_one_of with data set &quot;oneOf: neither oneOf valid&quot;" class="WP_Test_REST_Schema_Validation" classname="WP_Test_REST_Schema_Validation" file="/home/meng/Desktop/wptest/wordpress-develop/tests/phpunit/tests/rest-api/rest-schema-validation.php" line="1316" assertions="1" time="0.036865"/>
          <testcase name="test_one_of with data set &quot;oneOf with base schema: mismatch base schema&quot;" class="WP_Test_REST_Schema_Validation" classname="WP_Test_REST_Schema_Validation" file="/home/meng/Desktop/wptest/wordpress-develop/tests/phpunit/tests/rest-api/rest-schema-validation.php" line="1316" assertions="1" time="0.039516"/>
          <testcase name="test_one_of with data set &quot;oneOf with base schema: one oneOf valid&quot;" class="WP_Test_REST_Schema_Validation" classname="WP_Test_REST_Schema_Validation" file="/home/meng/Desktop/wptest/wordpress-develop/tests/phpunit/tests/rest-api/rest-schema-validation.php" line="1316" assertions="1" time="0.036558"/>
          <testcase name="test_one_of with data set &quot;oneOf with base schema: both oneOf valid&quot;" class="WP_Test_REST_Schema_Validation" classname="WP_Test_REST_Schema_Validation" file="/home/meng/Desktop/wptest/wordpress-develop/tests/phpunit/tests/rest-api/rest-schema-validation.php" line="1316" assertions="1" time="0.037316"/>
          <testcase name="test_one_of with data set &quot;oneOf complex types: first oneOf valid (complex)&quot;" class="WP_Test_REST_Schema_Validation" classname="WP_Test_REST_Schema_Validation" file="/home/meng/Desktop/wptest/wordpress-develop/tests/phpunit/tests/rest-api/rest-schema-validation.php" line="1316" assertions="1" time="0.035824"/>
          <testcase name="test_one_of with data set &quot;oneOf complex types: second oneOf valid (complex)&quot;" class="WP_Test_REST_Schema_Validation" classname="WP_Test_REST_Schema_Validation" file="/home/meng/Desktop/wptest/wordpress-develop/tests/phpunit/tests/rest-api/rest-schema-validation.php" line="1316" assertions="1" time="0.036923"/>
          <testcase name="test_one_of with data set &quot;oneOf complex types: both oneOf valid (complex)&quot;" class="WP_Test_REST_Schema_Validation" classname="WP_Test_REST_Schema_Validation" file="/home/meng/Desktop/wptest/wordpress-develop/tests/phpunit/tests/rest-api/rest-schema-validation.php" line="1316" assertions="1" time="0.043938"/>
          <testcase name="test_one_of with data set &quot;oneOf complex types: neither oneOf valid (complex)&quot;" class="WP_Test_REST_Schema_Validation" classname="WP_Test_REST_Schema_Validation" file="/home/meng/Desktop/wptest/wordpress-develop/tests/phpunit/tests/rest-api/rest-schema-validation.php" line="1316" assertions="1" time="0.038435"/>
          <testcase name="test_one_of with data set &quot;oneOf with required: both invalid - invalid&quot;" class="WP_Test_REST_Schema_Validation" classname="WP_Test_REST_Schema_Validation" file="/home/meng/Desktop/wptest/wordpress-develop/tests/phpunit/tests/rest-api/rest-schema-validation.php" line="1316" assertions="1" time="0.039051"/>
          <testcase name="test_one_of with data set &quot;oneOf with required: first valid - valid&quot;" class="WP_Test_REST_Schema_Validation" classname="WP_Test_REST_Schema_Validation" file="/home/meng/Desktop/wptest/wordpress-develop/tests/phpunit/tests/rest-api/rest-schema-validation.php" line="1316" assertions="1" time="0.038093"/>
          <testcase name="test_one_of with data set &quot;oneOf with required: second valid - valid&quot;" class="WP_Test_REST_Schema_Validation" classname="WP_Test_REST_Schema_Validation" file="/home/meng/Desktop/wptest/wordpress-develop/tests/phpunit/tests/rest-api/rest-schema-validation.php" line="1316" assertions="1" time="0.036947"/>
          <testcase name="test_one_of with data set &quot;oneOf with required: both valid - invalid&quot;" class="WP_Test_REST_Schema_Validation" classname="WP_Test_REST_Schema_Validation" file="/home/meng/Desktop/wptest/wordpress-develop/tests/phpunit/tests/rest-api/rest-schema-validation.php" line="1316" assertions="1" time="0.036315"/>
          <testcase name="test_one_of with data set &quot;oneOf with missing optional property: first oneOf valid&quot;" class="WP_Test_REST_Schema_Validation" classname="WP_Test_REST_Schema_Validation" file="/home/meng/Desktop/wptest/wordpress-develop/tests/phpunit/tests/rest-api/rest-schema-validation.php" line="1316" assertions="1" time="0.037310"/>
          <testcase name="test_one_of with data set &quot;oneOf with missing optional property: second oneOf valid&quot;" class="WP_Test_REST_Schema_Validation" classname="WP_Test_REST_Schema_Validation" file="/home/meng/Desktop/wptest/wordpress-develop/tests/phpunit/tests/rest-api/rest-schema-validation.php" line="1316" assertions="1" time="0.037499"/>
          <testcase name="test_one_of with data set &quot;oneOf with missing optional property: both oneOf valid&quot;" class="WP_Test_REST_Schema_Validation" classname="WP_Test_REST_Schema_Validation" file="/home/meng/Desktop/wptest/wordpress-develop/tests/phpunit/tests/rest-api/rest-schema-validation.php" line="1316" assertions="1" time="0.036381"/>
          <testcase name="test_one_of with data set &quot;oneOf with missing optional property: neither oneOf valid&quot;" class="WP_Test_REST_Schema_Validation" classname="WP_Test_REST_Schema_Validation" file="/home/meng/Desktop/wptest/wordpress-develop/tests/phpunit/tests/rest-api/rest-schema-validation.php" line="1316" assertions="1" time="0.037657"/>
        </testsuite>
        <testsuite name="WP_Test_REST_Schema_Validation::test_combining_operation_error_message" tests="10" assertions="20" errors="0" failures="0" skipped="0" time="0.377576">
          <testcase name="test_combining_operation_error_message with data set #0" class="WP_Test_REST_Schema_Validation" classname="WP_Test_REST_Schema_Validation" file="/home/meng/Desktop/wptest/wordpress-develop/tests/phpunit/tests/rest-api/rest-schema-validation.php" line="1368" assertions="2" time="0.036587"/>
          <testcase name="test_combining_operation_error_message with data set #1" class="WP_Test_REST_Schema_Validation" classname="WP_Test_REST_Schema_Validation" file="/home/meng/Desktop/wptest/wordpress-develop/tests/phpunit/tests/rest-api/rest-schema-validation.php" line="1368" assertions="2" time="0.036784"/>
          <testcase name="test_combining_operation_error_message with data set #2" class="WP_Test_REST_Schema_Validation" classname="WP_Test_REST_Schema_Validation" file="/home/meng/Desktop/wptest/wordpress-develop/tests/phpunit/tests/rest-api/rest-schema-validation.php" line="1368" assertions="2" time="0.037548"/>
          <testcase name="test_combining_operation_error_message with data set #3" class="WP_Test_REST_Schema_Validation" classname="WP_Test_REST_Schema_Validation" file="/home/meng/Desktop/wptest/wordpress-develop/tests/phpunit/tests/rest-api/rest-schema-validation.php" line="1368" assertions="2" time="0.036278"/>
          <testcase name="test_combining_operation_error_message with data set #4" class="WP_Test_REST_Schema_Validation" classname="WP_Test_REST_Schema_Validation" file="/home/meng/Desktop/wptest/wordpress-develop/tests/phpunit/tests/rest-api/rest-schema-validation.php" line="1368" assertions="2" time="0.039736"/>
          <testcase name="test_combining_operation_error_message with data set #5" class="WP_Test_REST_Schema_Validation" classname="WP_Test_REST_Schema_Validation" file="/home/meng/Desktop/wptest/wordpress-develop/tests/phpunit/tests/rest-api/rest-schema-validation.php" line="1368" assertions="2" time="0.039862"/>
          <testcase name="test_combining_operation_error_message with data set #6" class="WP_Test_REST_Schema_Validation" classname="WP_Test_REST_Schema_Validation" file="/home/meng/Desktop/wptest/wordpress-develop/tests/phpunit/tests/rest-api/rest-schema-validation.php" line="1368" assertions="2" time="0.037130"/>
          <testcase name="test_combining_operation_error_message with data set #7" class="WP_Test_REST_Schema_Validation" classname="WP_Test_REST_Schema_Validation" file="/home/meng/Desktop/wptest/wordpress-develop/tests/phpunit/tests/rest-api/rest-schema-validation.php" line="1368" assertions="2" time="0.039098"/>
          <testcase name="test_combining_operation_error_message with data set #8" class="WP_Test_REST_Schema_Validation" classname="WP_Test_REST_Schema_Validation" file="/home/meng/Desktop/wptest/wordpress-develop/tests/phpunit/tests/rest-api/rest-schema-validation.php" line="1368" assertions="2" time="0.037704"/>
          <testcase name="test_combining_operation_error_message with data set #9" class="WP_Test_REST_Schema_Validation" classname="WP_Test_REST_Schema_Validation" file="/home/meng/Desktop/wptest/wordpress-develop/tests/phpunit/tests/rest-api/rest-schema-validation.php" line="1368" assertions="2" time="0.036849"/>
        </testsuite>
      </testsuite>
      <testsuite name="WP_Test_REST_Search_Controller" file="/home/meng/Desktop/wptest/wordpress-develop/tests/phpunit/tests/rest-api/rest-search-controller.php" tests="35" assertions="583" errors="0" failures="0" skipped="0" time="4.167445">
        <testcase name="test_register_routes" class="WP_Test_REST_Search_Controller" classname="WP_Test_REST_Search_Controller" file="/home/meng/Desktop/wptest/wordpress-develop/tests/phpunit/tests/rest-api/rest-search-controller.php" line="128" assertions="6" time="0.084495"/>
        <testcase name="test_context_param" class="WP_Test_REST_Search_Controller" classname="WP_Test_REST_Search_Controller" file="/home/meng/Desktop/wptest/wordpress-develop/tests/phpunit/tests/rest-api/rest-search-controller.php" line="138" assertions="7" time="0.079408"/>
        <testcase name="test_get_items" class="WP_Test_REST_Search_Controller" classname="WP_Test_REST_Search_Controller" file="/home/meng/Desktop/wptest/wordpress-develop/tests/phpunit/tests/rest-api/rest-search-controller.php" line="149" assertions="49" time="0.292945"/>
        <testcase name="test_get_items_with_limit" class="WP_Test_REST_Search_Controller" classname="WP_Test_REST_Search_Controller" file="/home/meng/Desktop/wptest/wordpress-develop/tests/phpunit/tests/rest-api/rest-search-controller.php" line="170" assertions="16" time="0.096934"/>
        <testcase name="test_get_items_search_type_post" class="WP_Test_REST_Search_Controller" classname="WP_Test_REST_Search_Controller" file="/home/meng/Desktop/wptest/wordpress-develop/tests/phpunit/tests/rest-api/rest-search-controller.php" line="184" assertions="49" time="0.142255"/>
        <testcase name="test_get_items_search_type_post_subtype_post" class="WP_Test_REST_Search_Controller" classname="WP_Test_REST_Search_Controller" file="/home/meng/Desktop/wptest/wordpress-develop/tests/phpunit/tests/rest-api/rest-search-controller.php" line="206" assertions="37" time="0.123403"/>
        <testcase name="test_get_items_search_type_post_subtype_page" class="WP_Test_REST_Search_Controller" classname="WP_Test_REST_Search_Controller" file="/home/meng/Desktop/wptest/wordpress-develop/tests/phpunit/tests/rest-api/rest-search-controller.php" line="228" assertions="19" time="0.104785"/>
        <testcase name="test_get_items_search_type_invalid" class="WP_Test_REST_Search_Controller" classname="WP_Test_REST_Search_Controller" file="/home/meng/Desktop/wptest/wordpress-develop/tests/phpunit/tests/rest-api/rest-search-controller.php" line="247" assertions="8" time="0.087778"/>
        <testcase name="test_get_items_search_type_post_subtype_invalid" class="WP_Test_REST_Search_Controller" classname="WP_Test_REST_Search_Controller" file="/home/meng/Desktop/wptest/wordpress-develop/tests/phpunit/tests/rest-api/rest-search-controller.php" line="261" assertions="8" time="0.082148"/>
        <testcase name="test_get_items_search_posts_and_pages" class="WP_Test_REST_Search_Controller" classname="WP_Test_REST_Search_Controller" file="/home/meng/Desktop/wptest/wordpress-develop/tests/phpunit/tests/rest-api/rest-search-controller.php" line="276" assertions="49" time="0.275888"/>
        <testcase name="test_get_items_search_for_footitle" class="WP_Test_REST_Search_Controller" classname="WP_Test_REST_Search_Controller" file="/home/meng/Desktop/wptest/wordpress-develop/tests/phpunit/tests/rest-api/rest-search-controller.php" line="299" assertions="31" time="0.118782"/>
        <testcase name="test_get_items_search_for_foocontent" class="WP_Test_REST_Search_Controller" classname="WP_Test_REST_Search_Controller" file="/home/meng/Desktop/wptest/wordpress-develop/tests/phpunit/tests/rest-api/rest-search-controller.php" line="320" assertions="25" time="0.110611"/>
        <testcase name="test_get_item" class="WP_Test_REST_Search_Controller" classname="WP_Test_REST_Search_Controller" file="/home/meng/Desktop/wptest/wordpress-develop/tests/phpunit/tests/rest-api/rest-search-controller.php" line="338" assertions="5" time="0.081197"/>
        <testcase name="test_create_item" class="WP_Test_REST_Search_Controller" classname="WP_Test_REST_Search_Controller" file="/home/meng/Desktop/wptest/wordpress-develop/tests/phpunit/tests/rest-api/rest-search-controller.php" line="348" assertions="5" time="0.079464"/>
        <testcase name="test_update_item" class="WP_Test_REST_Search_Controller" classname="WP_Test_REST_Search_Controller" file="/home/meng/Desktop/wptest/wordpress-develop/tests/phpunit/tests/rest-api/rest-search-controller.php" line="358" assertions="5" time="0.077100"/>
        <testcase name="test_delete_item" class="WP_Test_REST_Search_Controller" classname="WP_Test_REST_Search_Controller" file="/home/meng/Desktop/wptest/wordpress-develop/tests/phpunit/tests/rest-api/rest-search-controller.php" line="368" assertions="5" time="0.080827"/>
        <testcase name="test_prepare_item" class="WP_Test_REST_Search_Controller" classname="WP_Test_REST_Search_Controller" file="/home/meng/Desktop/wptest/wordpress-develop/tests/phpunit/tests/rest-api/rest-search-controller.php" line="378" assertions="37" time="0.260500"/>
        <testcase name="test_prepare_item_limit_fields" class="WP_Test_REST_Search_Controller" classname="WP_Test_REST_Search_Controller" file="/home/meng/Desktop/wptest/wordpress-develop/tests/phpunit/tests/rest-api/rest-search-controller.php" line="399" assertions="37" time="0.122211"/>
        <testcase name="test_get_item_schema" class="WP_Test_REST_Search_Controller" classname="WP_Test_REST_Search_Controller" file="/home/meng/Desktop/wptest/wordpress-develop/tests/phpunit/tests/rest-api/rest-search-controller.php" line="425" assertions="10" time="0.081682"/>
        <testcase name="test_non_public_post_type" class="WP_Test_REST_Search_Controller" classname="WP_Test_REST_Search_Controller" file="/home/meng/Desktop/wptest/wordpress-develop/tests/phpunit/tests/rest-api/rest-search-controller.php" line="441" assertions="8" time="0.081703"/>
        <testcase name="test_custom_search_handler_get_items" class="WP_Test_REST_Search_Controller" classname="WP_Test_REST_Search_Controller" file="/home/meng/Desktop/wptest/wordpress-develop/tests/phpunit/tests/rest-api/rest-search-controller.php" line="454" assertions="23" time="0.105048"/>
        <testcase name="test_custom_search_handler_prepare_item" class="WP_Test_REST_Search_Controller" classname="WP_Test_REST_Search_Controller" file="/home/meng/Desktop/wptest/wordpress-develop/tests/phpunit/tests/rest-api/rest-search-controller.php" line="483" assertions="6" time="0.084081"/>
        <testcase name="test_custom_search_handler_prepare_item_limit_fields" class="WP_Test_REST_Search_Controller" classname="WP_Test_REST_Search_Controller" file="/home/meng/Desktop/wptest/wordpress-develop/tests/phpunit/tests/rest-api/rest-search-controller.php" line="509" assertions="6" time="0.087064"/>
        <testcase name="test_custom_search_handler_get_collection_params" class="WP_Test_REST_Search_Controller" classname="WP_Test_REST_Search_Controller" file="/home/meng/Desktop/wptest/wordpress-develop/tests/phpunit/tests/rest-api/rest-search-controller.php" line="537" assertions="7" time="0.227685"/>
        <testcase name="test_search_result_links_are_embedded" class="WP_Test_REST_Search_Controller" classname="WP_Test_REST_Search_Controller" file="/home/meng/Desktop/wptest/wordpress-develop/tests/phpunit/tests/rest-api/rest-search-controller.php" line="549" assertions="22" time="0.115355"/>
        <testcase name="test_get_items_search_type_term" class="WP_Test_REST_Search_Controller" classname="WP_Test_REST_Search_Controller" file="/home/meng/Desktop/wptest/wordpress-develop/tests/phpunit/tests/rest-api/rest-search-controller.php" line="565" assertions="16" time="0.096823"/>
        <testcase name="test_get_items_search_type_term_subtype_category" class="WP_Test_REST_Search_Controller" classname="WP_Test_REST_Search_Controller" file="/home/meng/Desktop/wptest/wordpress-develop/tests/phpunit/tests/rest-api/rest-search-controller.php" line="588" assertions="13" time="0.098590"/>
        <testcase name="test_get_items_search_term_subtype_invalid" class="WP_Test_REST_Search_Controller" classname="WP_Test_REST_Search_Controller" file="/home/meng/Desktop/wptest/wordpress-develop/tests/phpunit/tests/rest-api/rest-search-controller.php" line="612" assertions="8" time="0.088963"/>
        <testcase name="test_get_items_search_categories_and_tags" class="WP_Test_REST_Search_Controller" classname="WP_Test_REST_Search_Controller" file="/home/meng/Desktop/wptest/wordpress-develop/tests/phpunit/tests/rest-api/rest-search-controller.php" line="629" assertions="16" time="0.100104"/>
        <testcase name="test_get_items_search_for_test_category" class="WP_Test_REST_Search_Controller" classname="WP_Test_REST_Search_Controller" file="/home/meng/Desktop/wptest/wordpress-develop/tests/phpunit/tests/rest-api/rest-search-controller.php" line="653" assertions="10" time="0.095073"/>
        <testcase name="test_get_items_search_for_test_tag" class="WP_Test_REST_Search_Controller" classname="WP_Test_REST_Search_Controller" file="/home/meng/Desktop/wptest/wordpress-develop/tests/phpunit/tests/rest-api/rest-search-controller.php" line="676" assertions="10" time="0.233570"/>
        <testcase name="test_get_items_search_for_missing_term" class="WP_Test_REST_Search_Controller" classname="WP_Test_REST_Search_Controller" file="/home/meng/Desktop/wptest/wordpress-develop/tests/phpunit/tests/rest-api/rest-search-controller.php" line="699" assertions="7" time="0.087037"/>
        <testcase name="test_get_items_search_type_post_format" class="WP_Test_REST_Search_Controller" classname="WP_Test_REST_Search_Controller" file="/home/meng/Desktop/wptest/wordpress-develop/tests/phpunit/tests/rest-api/rest-search-controller.php" line="717" assertions="8" time="0.100459"/>
        <testcase name="test_get_items_search_for_test_post_format" class="WP_Test_REST_Search_Controller" classname="WP_Test_REST_Search_Controller" file="/home/meng/Desktop/wptest/wordpress-develop/tests/phpunit/tests/rest-api/rest-search-controller.php" line="736" assertions="8" time="0.092605"/>
        <testcase name="test_get_items_search_for_missing_post_format" class="WP_Test_REST_Search_Controller" classname="WP_Test_REST_Search_Controller" file="/home/meng/Desktop/wptest/wordpress-develop/tests/phpunit/tests/rest-api/rest-search-controller.php" line="758" assertions="7" time="0.090872"/>
      </testsuite>
      <testsuite name="Tests_REST_Server" file="/home/meng/Desktop/wptest/wordpress-develop/tests/phpunit/tests/rest-api/rest-server.php" tests="87" assertions="223" errors="0" failures="0" skipped="0" time="9.854210">
        <testcase name="test_envelope" class="Tests_REST_Server" classname="Tests_REST_Server" file="/home/meng/Desktop/wptest/wordpress-develop/tests/phpunit/tests/rest-api/rest-server.php" line="31" assertions="7" time="0.080433"/>
        <testcase name="test_default_param" class="Tests_REST_Server" classname="Tests_REST_Server" file="/home/meng/Desktop/wptest/wordpress-develop/tests/phpunit/tests/rest-api/rest-server.php" line="63" assertions="1" time="0.079411"/>
        <testcase name="test_default_param_is_overridden" class="Tests_REST_Server" classname="Tests_REST_Server" file="/home/meng/Desktop/wptest/wordpress-develop/tests/phpunit/tests/rest-api/rest-server.php" line="86" assertions="1" time="0.221968"/>
        <testcase name="test_optional_param" class="Tests_REST_Server" classname="Tests_REST_Server" file="/home/meng/Desktop/wptest/wordpress-develop/tests/phpunit/tests/rest-api/rest-server.php" line="110" assertions="3" time="0.078864"/>
        <testcase name="test_no_zero_param" class="Tests_REST_Server" classname="Tests_REST_Server" file="/home/meng/Desktop/wptest/wordpress-develop/tests/phpunit/tests/rest-api/rest-server.php" line="132" assertions="1" time="0.077501"/>
        <testcase name="test_head_request_handled_by_get" class="Tests_REST_Server" classname="Tests_REST_Server" file="/home/meng/Desktop/wptest/wordpress-develop/tests/phpunit/tests/rest-api/rest-server.php" line="152" assertions="1" time="0.077138"/>
        <testcase name="test_explicit_head_callback" class="Tests_REST_Server" classname="Tests_REST_Server" file="/home/meng/Desktop/wptest/wordpress-develop/tests/phpunit/tests/rest-api/rest-server.php" line="173" assertions="1" time="0.080834"/>
        <testcase name="test_url_params_no_numeric_keys" class="Tests_REST_Server" classname="Tests_REST_Server" file="/home/meng/Desktop/wptest/wordpress-develop/tests/phpunit/tests/rest-api/rest-server.php" line="195" assertions="1" time="0.078431"/>
        <testcase name="test_rest_route_capability_authorization_fails" class="Tests_REST_Server" classname="Tests_REST_Server" file="/home/meng/Desktop/wptest/wordpress-develop/tests/phpunit/tests/rest-api/rest-server.php" line="221" assertions="1" time="0.079335"/>
        <testcase name="test_rest_route_capability_authorization" class="Tests_REST_Server" classname="Tests_REST_Server" file="/home/meng/Desktop/wptest/wordpress-develop/tests/phpunit/tests/rest-api/rest-server.php" line="243" assertions="1" time="0.290609"/>
        <testcase name="test_allow_header_sent" class="Tests_REST_Server" classname="Tests_REST_Server" file="/home/meng/Desktop/wptest/wordpress-develop/tests/phpunit/tests/rest-api/rest-server.php" line="270" assertions="2" time="0.087815"/>
        <testcase name="test_allow_header_sent_with_multiple_methods" class="Tests_REST_Server" classname="Tests_REST_Server" file="/home/meng/Desktop/wptest/wordpress-develop/tests/phpunit/tests/rest-api/rest-server.php" line="298" assertions="2" time="0.081722"/>
        <testcase name="test_allow_header_send_only_permitted_methods" class="Tests_REST_Server" classname="Tests_REST_Server" file="/home/meng/Desktop/wptest/wordpress-develop/tests/phpunit/tests/rest-api/rest-server.php" line="338" assertions="2" time="0.080375"/>
        <testcase name="test_allow_header_sent_on_options_request" class="Tests_REST_Server" classname="Tests_REST_Server" file="/home/meng/Desktop/wptest/wordpress-develop/tests/phpunit/tests/rest-api/rest-server.php" line="373" assertions="1" time="0.089315"/>
        <testcase name="test_error_to_response" class="Tests_REST_Server" classname="Tests_REST_Server" file="/home/meng/Desktop/wptest/wordpress-develop/tests/phpunit/tests/rest-api/rest-server.php" line="405" assertions="4" time="0.076984"/>
        <testcase name="test_error_to_response_with_status" class="Tests_REST_Server" classname="Tests_REST_Server" file="/home/meng/Desktop/wptest/wordpress-develop/tests/phpunit/tests/rest-api/rest-server.php" line="422" assertions="4" time="0.084320"/>
        <testcase name="test_error_to_response_to_error" class="Tests_REST_Server" classname="Tests_REST_Server" file="/home/meng/Desktop/wptest/wordpress-develop/tests/phpunit/tests/rest-api/rest-server.php" line="438" assertions="7" time="0.218917"/>
        <testcase name="test_rest_error" class="Tests_REST_Server" classname="Tests_REST_Server" file="/home/meng/Desktop/wptest/wordpress-develop/tests/phpunit/tests/rest-api/rest-server.php" line="459" assertions="1" time="0.076827"/>
        <testcase name="test_json_error_with_status" class="Tests_REST_Server" classname="Tests_REST_Server" file="/home/meng/Desktop/wptest/wordpress-develop/tests/phpunit/tests/rest-api/rest-server.php" line="470" assertions="2" time="0.079347"/>
        <testcase name="test_response_to_data_links" class="Tests_REST_Server" classname="Tests_REST_Server" file="/home/meng/Desktop/wptest/wordpress-develop/tests/phpunit/tests/rest-api/rest-server.php" line="490" assertions="3" time="0.074753"/>
        <testcase name="test_link_embedding" class="Tests_REST_Server" classname="Tests_REST_Server" file="/home/meng/Desktop/wptest/wordpress-develop/tests/phpunit/tests/rest-api/rest-server.php" line="510" assertions="7" time="0.084665"/>
        <testcase name="test_link_curies" class="Tests_REST_Server" classname="Tests_REST_Server" file="/home/meng/Desktop/wptest/wordpress-develop/tests/phpunit/tests/rest-api/rest-server.php" line="543" assertions="2" time="0.076140"/>
        <testcase name="test_custom_curie_link" class="Tests_REST_Server" classname="Tests_REST_Server" file="/home/meng/Desktop/wptest/wordpress-develop/tests/phpunit/tests/rest-api/rest-server.php" line="554" assertions="2" time="0.081683"/>
        <testcase name="test_link_embedding_self" class="Tests_REST_Server" classname="Tests_REST_Server" file="/home/meng/Desktop/wptest/wordpress-develop/tests/phpunit/tests/rest-api/rest-server.php" line="586" assertions="1" time="0.235536"/>
        <testcase name="test_link_embedding_self_non_embeddable" class="Tests_REST_Server" classname="Tests_REST_Server" file="/home/meng/Desktop/wptest/wordpress-develop/tests/phpunit/tests/rest-api/rest-server.php" line="610" assertions="1" time="0.077406"/>
        <testcase name="test_link_embedding_params" class="Tests_REST_Server" classname="Tests_REST_Server" file="/home/meng/Desktop/wptest/wordpress-develop/tests/phpunit/tests/rest-api/rest-server.php" line="633" assertions="3" time="0.082654"/>
        <testcase name="test_link_embedding_error" class="Tests_REST_Server" classname="Tests_REST_Server" file="/home/meng/Desktop/wptest/wordpress-develop/tests/phpunit/tests/rest-api/rest-server.php" line="661" assertions="6" time="0.086964"/>
        <testcase name="test_link_embedding_clears_cache" class="Tests_REST_Server" classname="Tests_REST_Server" file="/home/meng/Desktop/wptest/wordpress-develop/tests/phpunit/tests/rest-api/rest-server.php" line="695" assertions="5" time="0.179639"/>
        <testcase name="test_link_embedding_cache" class="Tests_REST_Server" classname="Tests_REST_Server" file="/home/meng/Desktop/wptest/wordpress-develop/tests/phpunit/tests/rest-api/rest-server.php" line="721" assertions="4" time="0.096622"/>
        <testcase name="test_link_embedding_cache_collection" class="Tests_REST_Server" classname="Tests_REST_Server" file="/home/meng/Desktop/wptest/wordpress-develop/tests/phpunit/tests/rest-api/rest-server.php" line="753" assertions="4" time="0.105548"/>
        <testcase name="test_link_embedding_without_links" class="Tests_REST_Server" classname="Tests_REST_Server" file="/home/meng/Desktop/wptest/wordpress-develop/tests/phpunit/tests/rest-api/rest-server.php" line="797" assertions="3" time="0.228229"/>
        <testcase name="test_removing_links" class="Tests_REST_Server" classname="Tests_REST_Server" file="/home/meng/Desktop/wptest/wordpress-develop/tests/phpunit/tests/rest-api/rest-server.php" line="823" assertions="3" time="0.076906"/>
        <testcase name="test_removing_links_for_href" class="Tests_REST_Server" classname="Tests_REST_Server" file="/home/meng/Desktop/wptest/wordpress-develop/tests/phpunit/tests/rest-api/rest-server.php" line="842" assertions="3" time="0.078212"/>
        <testsuite name="Tests_REST_Server::test_response_to_data_embedding" tests="9" assertions="9" errors="0" failures="0" skipped="0" time="0.901118">
          <testcase name="test_response_to_data_embedding with data set #0" class="Tests_REST_Server" classname="Tests_REST_Server" file="/home/meng/Desktop/wptest/wordpress-develop/tests/phpunit/tests/rest-api/rest-server.php" line="863" assertions="1" time="0.082859"/>
          <testcase name="test_response_to_data_embedding with data set #1" class="Tests_REST_Server" classname="Tests_REST_Server" file="/home/meng/Desktop/wptest/wordpress-develop/tests/phpunit/tests/rest-api/rest-server.php" line="863" assertions="1" time="0.081778"/>
          <testcase name="test_response_to_data_embedding with data set #2" class="Tests_REST_Server" classname="Tests_REST_Server" file="/home/meng/Desktop/wptest/wordpress-develop/tests/phpunit/tests/rest-api/rest-server.php" line="863" assertions="1" time="0.088298"/>
          <testcase name="test_response_to_data_embedding with data set #3" class="Tests_REST_Server" classname="Tests_REST_Server" file="/home/meng/Desktop/wptest/wordpress-develop/tests/phpunit/tests/rest-api/rest-server.php" line="863" assertions="1" time="0.082473"/>
          <testcase name="test_response_to_data_embedding with data set #4" class="Tests_REST_Server" classname="Tests_REST_Server" file="/home/meng/Desktop/wptest/wordpress-develop/tests/phpunit/tests/rest-api/rest-server.php" line="863" assertions="1" time="0.220671"/>
          <testcase name="test_response_to_data_embedding with data set #5" class="Tests_REST_Server" classname="Tests_REST_Server" file="/home/meng/Desktop/wptest/wordpress-develop/tests/phpunit/tests/rest-api/rest-server.php" line="863" assertions="1" time="0.097804"/>
          <testcase name="test_response_to_data_embedding with data set #6" class="Tests_REST_Server" classname="Tests_REST_Server" file="/home/meng/Desktop/wptest/wordpress-develop/tests/phpunit/tests/rest-api/rest-server.php" line="863" assertions="1" time="0.085178"/>
          <testcase name="test_response_to_data_embedding with data set #7" class="Tests_REST_Server" classname="Tests_REST_Server" file="/home/meng/Desktop/wptest/wordpress-develop/tests/phpunit/tests/rest-api/rest-server.php" line="863" assertions="1" time="0.080453"/>
          <testcase name="test_response_to_data_embedding with data set #8" class="Tests_REST_Server" classname="Tests_REST_Server" file="/home/meng/Desktop/wptest/wordpress-develop/tests/phpunit/tests/rest-api/rest-server.php" line="863" assertions="1" time="0.081604"/>
        </testsuite>
        <testcase name="test_get_index" class="Tests_REST_Server" classname="Tests_REST_Server" file="/home/meng/Desktop/wptest/wordpress-develop/tests/phpunit/tests/rest-api/rest-server.php" line="920" assertions="16" time="0.080476"/>
        <testcase name="test_get_namespace_index" class="Tests_REST_Server" classname="Tests_REST_Server" file="/home/meng/Desktop/wptest/wordpress-develop/tests/phpunit/tests/rest-api/rest-server.php" line="964" assertions="4" time="0.085398"/>
        <testcase name="test_get_namespaces" class="Tests_REST_Server" classname="Tests_REST_Server" file="/home/meng/Desktop/wptest/wordpress-develop/tests/phpunit/tests/rest-api/rest-server.php" line="1007" assertions="2" time="0.216712"/>
        <testcase name="test_get_data_for_non_variable_route_includes_links" class="Tests_REST_Server" classname="Tests_REST_Server" file="/home/meng/Desktop/wptest/wordpress-develop/tests/phpunit/tests/rest-api/rest-server.php" line="1038" assertions="1" time="0.081557"/>
        <testcase name="test_x_robot_tag_header_on_requests" class="Tests_REST_Server" classname="Tests_REST_Server" file="/home/meng/Desktop/wptest/wordpress-develop/tests/phpunit/tests/rest-api/rest-server.php" line="1058" assertions="1" time="0.115873"/>
        <testcase name="test_rest_enable_filter_is_deprecated" class="Tests_REST_Server" classname="Tests_REST_Server" file="/home/meng/Desktop/wptest/wordpress-develop/tests/phpunit/tests/rest-api/rest-server.php" line="1071" assertions="2" time="0.114941"/>
        <testcase name="test_link_header_on_requests" class="Tests_REST_Server" classname="Tests_REST_Server" file="/home/meng/Desktop/wptest/wordpress-develop/tests/phpunit/tests/rest-api/rest-server.php" line="1081" assertions="1" time="0.109498"/>
        <testcase name="test_nocache_headers_on_authenticated_requests" class="Tests_REST_Server" classname="Tests_REST_Server" file="/home/meng/Desktop/wptest/wordpress-develop/tests/phpunit/tests/rest-api/rest-server.php" line="1092" assertions="5" time="0.312938"/>
        <testcase name="test_no_nocache_headers_on_unauthenticated_requests" class="Tests_REST_Server" classname="Tests_REST_Server" file="/home/meng/Desktop/wptest/wordpress-develop/tests/phpunit/tests/rest-api/rest-server.php" line="1113" assertions="3" time="0.177606"/>
        <testcase name="test_serve_request_url_params_are_unslashed" class="Tests_REST_Server" classname="Tests_REST_Server" file="/home/meng/Desktop/wptest/wordpress-develop/tests/phpunit/tests/rest-api/rest-server.php" line="1125" assertions="1" time="0.084065"/>
        <testcase name="test_serve_request_query_params_are_unslashed" class="Tests_REST_Server" classname="Tests_REST_Server" file="/home/meng/Desktop/wptest/wordpress-develop/tests/phpunit/tests/rest-api/rest-server.php" line="1146" assertions="1" time="0.091031"/>
        <testcase name="test_serve_request_body_params_are_unslashed" class="Tests_REST_Server" classname="Tests_REST_Server" file="/home/meng/Desktop/wptest/wordpress-develop/tests/phpunit/tests/rest-api/rest-server.php" line="1174" assertions="1" time="0.080995"/>
        <testcase name="test_serve_request_json_params_are_unslashed" class="Tests_REST_Server" classname="Tests_REST_Server" file="/home/meng/Desktop/wptest/wordpress-develop/tests/phpunit/tests/rest-api/rest-server.php" line="1203" assertions="1" time="0.088630"/>
        <testcase name="test_serve_request_file_params_are_unslashed" class="Tests_REST_Server" classname="Tests_REST_Server" file="/home/meng/Desktop/wptest/wordpress-develop/tests/phpunit/tests/rest-api/rest-server.php" line="1231" assertions="1" time="0.225854"/>
        <testcase name="test_serve_request_headers_are_unslashed" class="Tests_REST_Server" classname="Tests_REST_Server" file="/home/meng/Desktop/wptest/wordpress-develop/tests/phpunit/tests/rest-api/rest-server.php" line="1259" assertions="1" time="0.081490"/>
        <testcase name="test_rest_send_refreshed_nonce_invalid_nonce" class="Tests_REST_Server" classname="Tests_REST_Server" file="/home/meng/Desktop/wptest/wordpress-develop/tests/phpunit/tests/rest-api/rest-server.php" line="1291" assertions="1" time="0.147221"/>
        <testsuite name="Tests_REST_Server::test_rest_send_refreshed_nonce" tests="4" assertions="4" errors="0" failures="0" skipped="0" time="0.713752">
          <testcase name="test_rest_send_refreshed_nonce with data set #0" class="Tests_REST_Server" classname="Tests_REST_Server" file="/home/meng/Desktop/wptest/wordpress-develop/tests/phpunit/tests/rest-api/rest-server.php" line="1313" assertions="1" time="0.182346"/>
          <testcase name="test_rest_send_refreshed_nonce with data set #1" class="Tests_REST_Server" classname="Tests_REST_Server" file="/home/meng/Desktop/wptest/wordpress-develop/tests/phpunit/tests/rest-api/rest-server.php" line="1313" assertions="1" time="0.170951"/>
          <testcase name="test_rest_send_refreshed_nonce with data set #2" class="Tests_REST_Server" classname="Tests_REST_Server" file="/home/meng/Desktop/wptest/wordpress-develop/tests/phpunit/tests/rest-api/rest-server.php" line="1313" assertions="1" time="0.106997"/>
          <testcase name="test_rest_send_refreshed_nonce with data set #3" class="Tests_REST_Server" classname="Tests_REST_Server" file="/home/meng/Desktop/wptest/wordpress-develop/tests/phpunit/tests/rest-api/rest-server.php" line="1313" assertions="1" time="0.253458"/>
        </testsuite>
        <testcase name="test_rest_validate_before_sanitization" class="Tests_REST_Server" classname="Tests_REST_Server" file="/home/meng/Desktop/wptest/wordpress-develop/tests/phpunit/tests/rest-api/rest-server.php" line="1337" assertions="1" time="0.077246"/>
        <testcase name="test_does_not_echo_body_for_null_responses" class="Tests_REST_Server" classname="Tests_REST_Server" file="/home/meng/Desktop/wptest/wordpress-develop/tests/phpunit/tests/rest-api/rest-server.php" line="1373" assertions="2" time="0.082300"/>
        <testcase name="test_does_not_echo_body_for_responses_with_204_status" class="Tests_REST_Server" classname="Tests_REST_Server" file="/home/meng/Desktop/wptest/wordpress-develop/tests/phpunit/tests/rest-api/rest-server.php" line="1395" assertions="2" time="0.085324"/>
        <testcase name="test_http_authorization_header_substitution" class="Tests_REST_Server" classname="Tests_REST_Server" file="/home/meng/Desktop/wptest/wordpress-develop/tests/phpunit/tests/rest-api/rest-server.php" line="1417" assertions="1" time="0.077455"/>
        <testcase name="test_redirect_http_authorization_header_substitution" class="Tests_REST_Server" classname="Tests_REST_Server" file="/home/meng/Desktop/wptest/wordpress-develop/tests/phpunit/tests/rest-api/rest-server.php" line="1430" assertions="1" time="0.076417"/>
        <testcase name="test_redirect_http_authorization_with_http_authorization_header_substitution" class="Tests_REST_Server" classname="Tests_REST_Server" file="/home/meng/Desktop/wptest/wordpress-develop/tests/phpunit/tests/rest-api/rest-server.php" line="1443" assertions="1" time="0.077644"/>
        <testcase name="test_redirect_http_authorization_with_empty_http_authorization_header_substitution" class="Tests_REST_Server" classname="Tests_REST_Server" file="/home/meng/Desktop/wptest/wordpress-develop/tests/phpunit/tests/rest-api/rest-server.php" line="1459" assertions="1" time="0.221425"/>
        <testcase name="test_get_routes_respects_namespace_parameter" class="Tests_REST_Server" classname="Tests_REST_Server" file="/home/meng/Desktop/wptest/wordpress-develop/tests/phpunit/tests/rest-api/rest-server.php" line="1475" assertions="3" time="0.076218"/>
        <testcase name="test_get_routes_no_namespace_overriding" class="Tests_REST_Server" classname="Tests_REST_Server" file="/home/meng/Desktop/wptest/wordpress-develop/tests/phpunit/tests/rest-api/rest-server.php" line="1486" assertions="1" time="0.079545"/>
        <testcase name="test_no_route" class="Tests_REST_Server" classname="Tests_REST_Server" file="/home/meng/Desktop/wptest/wordpress-develop/tests/phpunit/tests/rest-api/rest-server.php" line="1519" assertions="5" time="0.080357"/>
        <testcase name="test_invalid_handler" class="Tests_REST_Server" classname="Tests_REST_Server" file="/home/meng/Desktop/wptest/wordpress-develop/tests/phpunit/tests/rest-api/rest-server.php" line="1533" assertions="7" time="0.078811"/>
        <testcase name="test_callbacks_are_not_executed_if_request_validation_fails" class="Tests_REST_Server" classname="Tests_REST_Server" file="/home/meng/Desktop/wptest/wordpress-develop/tests/phpunit/tests/rest-api/rest-server.php" line="1559" assertions="6" time="0.085991"/>
        <testcase name="test_filters_are_executed_if_request_validation_fails" class="Tests_REST_Server" classname="Tests_REST_Server" file="/home/meng/Desktop/wptest/wordpress-develop/tests/phpunit/tests/rest-api/rest-server.php" line="1589" assertions="7" time="0.085027"/>
        <testsuite name="Tests_REST_Server::test_batch_v1_optin" tests="6" assertions="12" errors="0" failures="0" skipped="0" time="0.673713">
          <testcase name="test_batch_v1_optin with data set &quot;missing&quot;" class="Tests_REST_Server" classname="Tests_REST_Server" file="/home/meng/Desktop/wptest/wordpress-develop/tests/phpunit/tests/rest-api/rest-server.php" line="1624" assertions="2" time="0.228333"/>
          <testcase name="test_batch_v1_optin with data set &quot;invalid type&quot;" class="Tests_REST_Server" classname="Tests_REST_Server" file="/home/meng/Desktop/wptest/wordpress-develop/tests/phpunit/tests/rest-api/rest-server.php" line="1624" assertions="2" time="0.088461"/>
          <testcase name="test_batch_v1_optin with data set &quot;invalid type string&quot;" class="Tests_REST_Server" classname="Tests_REST_Server" file="/home/meng/Desktop/wptest/wordpress-develop/tests/phpunit/tests/rest-api/rest-server.php" line="1624" assertions="2" time="0.097419"/>
          <testcase name="test_batch_v1_optin with data set &quot;wrong version&quot;" class="Tests_REST_Server" classname="Tests_REST_Server" file="/home/meng/Desktop/wptest/wordpress-develop/tests/phpunit/tests/rest-api/rest-server.php" line="1624" assertions="2" time="0.086525"/>
          <testcase name="test_batch_v1_optin with data set &quot;false version&quot;" class="Tests_REST_Server" classname="Tests_REST_Server" file="/home/meng/Desktop/wptest/wordpress-develop/tests/phpunit/tests/rest-api/rest-server.php" line="1624" assertions="2" time="0.087345"/>
          <testcase name="test_batch_v1_optin with data set &quot;valid&quot;" class="Tests_REST_Server" classname="Tests_REST_Server" file="/home/meng/Desktop/wptest/wordpress-develop/tests/phpunit/tests/rest-api/rest-server.php" line="1624" assertions="2" time="0.085630"/>
        </testsuite>
        <testcase name="test_batch_v1_pre_validation" class="Tests_REST_Server" classname="Tests_REST_Server" file="/home/meng/Desktop/wptest/wordpress-develop/tests/phpunit/tests/rest-api/rest-server.php" line="1679" assertions="7" time="0.086196"/>
        <testcase name="test_batch_v1_pre_validation_all_successful" class="Tests_REST_Server" classname="Tests_REST_Server" file="/home/meng/Desktop/wptest/wordpress-develop/tests/phpunit/tests/rest-api/rest-server.php" line="1738" assertions="5" time="0.234349"/>
        <testcase name="test_batch_v1" class="Tests_REST_Server" classname="Tests_REST_Server" file="/home/meng/Desktop/wptest/wordpress-develop/tests/phpunit/tests/rest-api/rest-server.php" line="1792" assertions="8" time="0.084441"/>
        <testcase name="test_batch_v1_partial_error" class="Tests_REST_Server" classname="Tests_REST_Server" file="/home/meng/Desktop/wptest/wordpress-develop/tests/phpunit/tests/rest-api/rest-server.php" line="1840" assertions="6" time="0.091466"/>
        <testcase name="test_batch_v1_max_requests" class="Tests_REST_Server" classname="Tests_REST_Server" file="/home/meng/Desktop/wptest/wordpress-develop/tests/phpunit/tests/rest-api/rest-server.php" line="1898" assertions="1" time="0.120216"/>
        <testcase name="test_get_data_for_route_includes_permitted_schema_keywords" class="Tests_REST_Server" classname="Tests_REST_Server" file="/home/meng/Desktop/wptest/wordpress-develop/tests/phpunit/tests/rest-api/rest-server.php" line="1937" assertions="1" time="0.085811"/>
      </testsuite>
      <testsuite name="WP_Test_REST_Settings_Controller" file="/home/meng/Desktop/wptest/wordpress-develop/tests/phpunit/tests/rest-api/rest-settings-controller.php" tests="31" assertions="210" errors="0" failures="0" skipped="0" time="3.537288">
        <testcase name="test_register_routes" class="WP_Test_REST_Settings_Controller" classname="WP_Test_REST_Settings_Controller" file="/home/meng/Desktop/wptest/wordpress-develop/tests/phpunit/tests/rest-api/rest-settings-controller.php" line="60" assertions="5" time="0.088482"/>
        <testcase name="test_get_item" class="WP_Test_REST_Settings_Controller" classname="WP_Test_REST_Settings_Controller" file="/home/meng/Desktop/wptest/wordpress-develop/tests/phpunit/tests/rest-api/rest-settings-controller.php" line="65" assertions="5" time="0.226293"/>
        <testcase name="test_context_param" class="WP_Test_REST_Settings_Controller" classname="WP_Test_REST_Settings_Controller" file="/home/meng/Desktop/wptest/wordpress-develop/tests/phpunit/tests/rest-api/rest-settings-controller.php" line="73" assertions="4" time="0.076143"/>
        <testcase name="test_get_item_is_not_public_not_authenticated" class="WP_Test_REST_Settings_Controller" classname="WP_Test_REST_Settings_Controller" file="/home/meng/Desktop/wptest/wordpress-develop/tests/phpunit/tests/rest-api/rest-settings-controller.php" line="76" assertions="5" time="0.080779"/>
        <testcase name="test_get_item_is_not_public_no_permission" class="WP_Test_REST_Settings_Controller" classname="WP_Test_REST_Settings_Controller" file="/home/meng/Desktop/wptest/wordpress-develop/tests/phpunit/tests/rest-api/rest-settings-controller.php" line="82" assertions="5" time="0.083711"/>
        <testcase name="test_get_items" class="WP_Test_REST_Settings_Controller" classname="WP_Test_REST_Settings_Controller" file="/home/meng/Desktop/wptest/wordpress-develop/tests/phpunit/tests/rest-api/rest-settings-controller.php" line="89" assertions="6" time="0.097181"/>
        <testcase name="test_get_item_value_is_cast_to_type" class="WP_Test_REST_Settings_Controller" classname="WP_Test_REST_Settings_Controller" file="/home/meng/Desktop/wptest/wordpress-develop/tests/phpunit/tests/rest-api/rest-settings-controller.php" line="124" assertions="6" time="0.087031"/>
        <testcase name="test_get_item_with_custom_setting" class="WP_Test_REST_Settings_Controller" classname="WP_Test_REST_Settings_Controller" file="/home/meng/Desktop/wptest/wordpress-develop/tests/phpunit/tests/rest-api/rest-settings-controller.php" line="135" assertions="8" time="0.095290"/>
        <testcase name="test_get_item_with_custom_array_setting" class="WP_Test_REST_Settings_Controller" classname="WP_Test_REST_Settings_Controller" file="/home/meng/Desktop/wptest/wordpress-develop/tests/phpunit/tests/rest-api/rest-settings-controller.php" line="169" assertions="8" time="0.253495"/>
        <testcase name="test_get_item_with_custom_object_setting" class="WP_Test_REST_Settings_Controller" classname="WP_Test_REST_Settings_Controller" file="/home/meng/Desktop/wptest/wordpress-develop/tests/phpunit/tests/rest-api/rest-settings-controller.php" line="217" assertions="7" time="0.115727"/>
        <testcase name="test_get_item_with_filter" class="WP_Test_REST_Settings_Controller" classname="WP_Test_REST_Settings_Controller" file="/home/meng/Desktop/wptest/wordpress-develop/tests/phpunit/tests/rest-api/rest-settings-controller.php" line="278" assertions="9" time="0.098207"/>
        <testcase name="test_get_item_with_invalid_value_array_in_options" class="WP_Test_REST_Settings_Controller" classname="WP_Test_REST_Settings_Controller" file="/home/meng/Desktop/wptest/wordpress-develop/tests/phpunit/tests/rest-api/rest-settings-controller.php" line="323" assertions="5" time="0.090189"/>
        <testcase name="test_get_item_with_invalid_object_array_in_options" class="WP_Test_REST_Settings_Controller" classname="WP_Test_REST_Settings_Controller" file="/home/meng/Desktop/wptest/wordpress-develop/tests/phpunit/tests/rest-api/rest-settings-controller.php" line="349" assertions="5" time="0.092046"/>
        <testcase name="test_create_item" class="WP_Test_REST_Settings_Controller" classname="WP_Test_REST_Settings_Controller" file="/home/meng/Desktop/wptest/wordpress-develop/tests/phpunit/tests/rest-api/rest-settings-controller.php" line="376" assertions="4" time="0.080317"/>
        <testcase name="test_update_item" class="WP_Test_REST_Settings_Controller" classname="WP_Test_REST_Settings_Controller" file="/home/meng/Desktop/wptest/wordpress-develop/tests/phpunit/tests/rest-api/rest-settings-controller.php" line="379" assertions="7" time="0.234093"/>
        <testcase name="test_update_item_with_array" class="WP_Test_REST_Settings_Controller" classname="WP_Test_REST_Settings_Controller" file="/home/meng/Desktop/wptest/wordpress-develop/tests/phpunit/tests/rest-api/rest-settings-controller.php" line="400" assertions="12" time="0.111508"/>
        <testcase name="test_update_item_with_nested_object" class="WP_Test_REST_Settings_Controller" classname="WP_Test_REST_Settings_Controller" file="/home/meng/Desktop/wptest/wordpress-develop/tests/phpunit/tests/rest-api/rest-settings-controller.php" line="445" assertions="8" time="0.086790"/>
        <testcase name="test_update_item_with_object" class="WP_Test_REST_Settings_Controller" classname="WP_Test_REST_Settings_Controller" file="/home/meng/Desktop/wptest/wordpress-develop/tests/phpunit/tests/rest-api/rest-settings-controller.php" line="488" assertions="16" time="0.117306"/>
        <testcase name="test_update_item_with_filter" class="WP_Test_REST_Settings_Controller" classname="WP_Test_REST_Settings_Controller" file="/home/meng/Desktop/wptest/wordpress-develop/tests/phpunit/tests/rest-api/rest-settings-controller.php" line="547" assertions="14" time="0.105477"/>
        <testcase name="test_update_item_with_invalid_type" class="WP_Test_REST_Settings_Controller" classname="WP_Test_REST_Settings_Controller" file="/home/meng/Desktop/wptest/wordpress-develop/tests/phpunit/tests/rest-api/rest-settings-controller.php" line="578" assertions="8" time="0.086082"/>
        <testcase name="test_update_item_with_integer" class="WP_Test_REST_Settings_Controller" classname="WP_Test_REST_Settings_Controller" file="/home/meng/Desktop/wptest/wordpress-develop/tests/phpunit/tests/rest-api/rest-settings-controller.php" line="586" assertions="5" time="0.092098"/>
        <testcase name="test_update_item_with_invalid_float_for_integer" class="WP_Test_REST_Settings_Controller" classname="WP_Test_REST_Settings_Controller" file="/home/meng/Desktop/wptest/wordpress-develop/tests/phpunit/tests/rest-api/rest-settings-controller.php" line="594" assertions="8" time="0.232065"/>
        <testcase name="test_update_item_with_null" class="WP_Test_REST_Settings_Controller" classname="WP_Test_REST_Settings_Controller" file="/home/meng/Desktop/wptest/wordpress-develop/tests/phpunit/tests/rest-api/rest-settings-controller.php" line="605" assertions="6" time="0.094747"/>
        <testcase name="test_update_item_with_invalid_enum" class="WP_Test_REST_Settings_Controller" classname="WP_Test_REST_Settings_Controller" file="/home/meng/Desktop/wptest/wordpress-develop/tests/phpunit/tests/rest-api/rest-settings-controller.php" line="618" assertions="8" time="0.090923"/>
        <testcase name="test_update_item_with_invalid_stored_value_in_options" class="WP_Test_REST_Settings_Controller" classname="WP_Test_REST_Settings_Controller" file="/home/meng/Desktop/wptest/wordpress-develop/tests/phpunit/tests/rest-api/rest-settings-controller.php" line="628" assertions="8" time="0.093041"/>
        <testcase name="test_delete_item" class="WP_Test_REST_Settings_Controller" classname="WP_Test_REST_Settings_Controller" file="/home/meng/Desktop/wptest/wordpress-develop/tests/phpunit/tests/rest-api/rest-settings-controller.php" line="649" assertions="5" time="0.091583"/>
        <testcase name="test_prepare_item" class="WP_Test_REST_Settings_Controller" classname="WP_Test_REST_Settings_Controller" file="/home/meng/Desktop/wptest/wordpress-develop/tests/phpunit/tests/rest-api/rest-settings-controller.php" line="656" assertions="4" time="0.076501"/>
        <testcase name="test_get_item_schema" class="WP_Test_REST_Settings_Controller" classname="WP_Test_REST_Settings_Controller" file="/home/meng/Desktop/wptest/wordpress-develop/tests/phpunit/tests/rest-api/rest-settings-controller.php" line="659" assertions="4" time="0.078549"/>
        <testcase name="test_register_setting_issues_doing_it_wrong_when_show_in_rest_is_true" class="WP_Test_REST_Settings_Controller" classname="WP_Test_REST_Settings_Controller" file="/home/meng/Desktop/wptest/wordpress-develop/tests/phpunit/tests/rest-api/rest-settings-controller.php" line="665" assertions="5" time="0.225105"/>
        <testcase name="test_register_setting_issues_doing_it_wrong_when_show_in_rest_omits_schema" class="WP_Test_REST_Settings_Controller" classname="WP_Test_REST_Settings_Controller" file="/home/meng/Desktop/wptest/wordpress-develop/tests/phpunit/tests/rest-api/rest-settings-controller.php" line="681" assertions="5" time="0.076530"/>
        <testcase name="test_register_setting_issues_doing_it_wrong_when_show_in_rest_omits_schema_items" class="WP_Test_REST_Settings_Controller" classname="WP_Test_REST_Settings_Controller" file="/home/meng/Desktop/wptest/wordpress-develop/tests/phpunit/tests/rest-api/rest-settings-controller.php" line="699" assertions="5" time="0.079998"/>
      </testsuite>
      <testsuite name="WP_Test_REST_Site_Health_Controller" file="/home/meng/Desktop/wptest/wordpress-develop/tests/phpunit/tests/rest-api/rest-site-health-controller.php" tests="4" assertions="13" errors="0" failures="0" skipped="0" time="0.475430">
        <testcase name="test_logged_out" class="WP_Test_REST_Site_Health_Controller" classname="WP_Test_REST_Site_Health_Controller" file="/home/meng/Desktop/wptest/wordpress-develop/tests/phpunit/tests/rest-api/rest-site-health-controller.php" line="69" assertions="4" time="0.088691"/>
        <testcase name="test_insufficient_caps" class="WP_Test_REST_Site_Health_Controller" classname="WP_Test_REST_Site_Health_Controller" file="/home/meng/Desktop/wptest/wordpress-develop/tests/phpunit/tests/rest-api/rest-site-health-controller.php" line="74" assertions="4" time="0.044157"/>
        <testcase name="test_custom_capability" class="WP_Test_REST_Site_Health_Controller" classname="WP_Test_REST_Site_Health_Controller" file="/home/meng/Desktop/wptest/wordpress-develop/tests/phpunit/tests/rest-api/rest-site-health-controller.php" line="83" assertions="4" time="0.045887"/>
        <testcase name="test" class="WP_Test_REST_Site_Health_Controller" classname="WP_Test_REST_Site_Health_Controller" file="/home/meng/Desktop/wptest/wordpress-develop/tests/phpunit/tests/rest-api/rest-site-health-controller.php" line="97" assertions="1" time="0.296695"/>
      </testsuite>
      <testsuite name="WP_Test_REST_Tags_Controller" file="/home/meng/Desktop/wptest/wordpress-develop/tests/phpunit/tests/rest-api/rest-tags-controller.php" tests="62" assertions="1557" errors="0" failures="0" skipped="0" time="9.276186">
        <testcase name="test_register_routes" class="WP_Test_REST_Tags_Controller" classname="WP_Test_REST_Tags_Controller" file="/home/meng/Desktop/wptest/wordpress-develop/tests/phpunit/tests/rest-api/rest-tags-controller.php" line="127" assertions="6" time="0.090876"/>
        <testcase name="test_context_param" class="WP_Test_REST_Tags_Controller" classname="WP_Test_REST_Tags_Controller" file="/home/meng/Desktop/wptest/wordpress-develop/tests/phpunit/tests/rest-api/rest-tags-controller.php" line="133" assertions="10" time="0.100912"/>
        <testcase name="test_registered_query_params" class="WP_Test_REST_Tags_Controller" classname="WP_Test_REST_Tags_Controller" file="/home/meng/Desktop/wptest/wordpress-develop/tests/phpunit/tests/rest-api/rest-tags-controller.php" line="149" assertions="7" time="0.084900"/>
        <testcase name="test_get_items" class="WP_Test_REST_Tags_Controller" classname="WP_Test_REST_Tags_Controller" file="/home/meng/Desktop/wptest/wordpress-develop/tests/phpunit/tests/rest-api/rest-tags-controller.php" line="174" assertions="137" time="0.404258"/>
        <testcase name="test_get_items_invalid_permission_for_context" class="WP_Test_REST_Tags_Controller" classname="WP_Test_REST_Tags_Controller" file="/home/meng/Desktop/wptest/wordpress-develop/tests/phpunit/tests/rest-api/rest-tags-controller.php" line="183" assertions="8" time="0.084752"/>
        <testcase name="test_get_items_hide_empty_arg" class="WP_Test_REST_Tags_Controller" classname="WP_Test_REST_Tags_Controller" file="/home/meng/Desktop/wptest/wordpress-develop/tests/phpunit/tests/rest-api/rest-tags-controller.php" line="192" assertions="20" time="0.156712"/>
        <testcase name="test_get_items_include_query" class="WP_Test_REST_Tags_Controller" classname="WP_Test_REST_Tags_Controller" file="/home/meng/Desktop/wptest/wordpress-develop/tests/phpunit/tests/rest-api/rest-tags-controller.php" line="213" assertions="30" time="0.141277"/>
        <testcase name="test_get_items_exclude_query" class="WP_Test_REST_Tags_Controller" classname="WP_Test_REST_Tags_Controller" file="/home/meng/Desktop/wptest/wordpress-develop/tests/phpunit/tests/rest-api/rest-tags-controller.php" line="239" assertions="266" time="0.432670"/>
        <testcase name="test_get_items_offset_query" class="WP_Test_REST_Tags_Controller" classname="WP_Test_REST_Tags_Controller" file="/home/meng/Desktop/wptest/wordpress-develop/tests/phpunit/tests/rest-api/rest-tags-controller.php" line="264" assertions="146" time="0.275779"/>
        <testcase name="test_get_items_orderby_args" class="WP_Test_REST_Tags_Controller" classname="WP_Test_REST_Tags_Controller" file="/home/meng/Desktop/wptest/wordpress-develop/tests/phpunit/tests/rest-api/rest-tags-controller.php" line="288" assertions="28" time="0.135087"/>
        <testcase name="test_get_items_orderby_id" class="WP_Test_REST_Tags_Controller" classname="WP_Test_REST_Tags_Controller" file="/home/meng/Desktop/wptest/wordpress-develop/tests/phpunit/tests/rest-api/rest-tags-controller.php" line="324" assertions="139" time="0.449012"/>
        <testcase name="test_get_items_orderby_slugs" class="WP_Test_REST_Tags_Controller" classname="WP_Test_REST_Tags_Controller" file="/home/meng/Desktop/wptest/wordpress-develop/tests/phpunit/tests/rest-api/rest-tags-controller.php" line="360" assertions="21" time="0.126775"/>
        <testcase name="test_get_items_post_args" class="WP_Test_REST_Tags_Controller" classname="WP_Test_REST_Tags_Controller" file="/home/meng/Desktop/wptest/wordpress-develop/tests/phpunit/tests/rest-api/rest-tags-controller.php" line="376" assertions="20" time="0.157019"/>
        <testcase name="test_get_terms_post_args_paging" class="WP_Test_REST_Tags_Controller" classname="WP_Test_REST_Tags_Controller" file="/home/meng/Desktop/wptest/wordpress-develop/tests/phpunit/tests/rest-api/rest-tags-controller.php" line="400" assertions="6" time="0.125364"/>
        <testcase name="test_get_items_post_empty" class="WP_Test_REST_Tags_Controller" classname="WP_Test_REST_Tags_Controller" file="/home/meng/Desktop/wptest/wordpress-develop/tests/phpunit/tests/rest-api/rest-tags-controller.php" line="433" assertions="7" time="0.116694"/>
        <testcase name="test_get_items_custom_tax_post_args" class="WP_Test_REST_Tags_Controller" classname="WP_Test_REST_Tags_Controller" file="/home/meng/Desktop/wptest/wordpress-develop/tests/phpunit/tests/rest-api/rest-tags-controller.php" line="445" assertions="16" time="0.160121"/>
        <testcase name="test_get_items_search_args" class="WP_Test_REST_Tags_Controller" classname="WP_Test_REST_Tags_Controller" file="/home/meng/Desktop/wptest/wordpress-develop/tests/phpunit/tests/rest-api/rest-tags-controller.php" line="481" assertions="15" time="0.277829"/>
        <testcase name="test_get_items_slug_arg" class="WP_Test_REST_Tags_Controller" classname="WP_Test_REST_Tags_Controller" file="/home/meng/Desktop/wptest/wordpress-develop/tests/phpunit/tests/rest-api/rest-tags-controller.php" line="505" assertions="12" time="0.117664"/>
        <testcase name="test_get_items_slug_array_arg" class="WP_Test_REST_Tags_Controller" classname="WP_Test_REST_Tags_Controller" file="/home/meng/Desktop/wptest/wordpress-develop/tests/phpunit/tests/rest-api/rest-tags-controller.php" line="518" assertions="19" time="0.138677"/>
        <testcase name="test_get_items_slug_csv_arg" class="WP_Test_REST_Tags_Controller" classname="WP_Test_REST_Tags_Controller" file="/home/meng/Desktop/wptest/wordpress-develop/tests/phpunit/tests/rest-api/rest-tags-controller.php" line="541" assertions="19" time="0.142730"/>
        <testcase name="test_get_terms_private_taxonomy" class="WP_Test_REST_Tags_Controller" classname="WP_Test_REST_Tags_Controller" file="/home/meng/Desktop/wptest/wordpress-develop/tests/phpunit/tests/rest-api/rest-tags-controller.php" line="557" assertions="8" time="0.099222"/>
        <testcase name="test_get_terms_pagination_headers" class="WP_Test_REST_Tags_Controller" classname="WP_Test_REST_Tags_Controller" file="/home/meng/Desktop/wptest/wordpress-develop/tests/phpunit/tests/rest-api/rest-tags-controller.php" line="577" assertions="113" time="0.242917"/>
        <testcase name="test_get_items_invalid_context" class="WP_Test_REST_Tags_Controller" classname="WP_Test_REST_Tags_Controller" file="/home/meng/Desktop/wptest/wordpress-develop/tests/phpunit/tests/rest-api/rest-tags-controller.php" line="654" assertions="8" time="0.084114"/>
        <testcase name="test_get_item" class="WP_Test_REST_Tags_Controller" classname="WP_Test_REST_Tags_Controller" file="/home/meng/Desktop/wptest/wordpress-develop/tests/phpunit/tests/rest-api/rest-tags-controller.php" line="661" assertions="20" time="0.253926"/>
        <testcase name="test_get_item_meta" class="WP_Test_REST_Tags_Controller" classname="WP_Test_REST_Tags_Controller" file="/home/meng/Desktop/wptest/wordpress-develop/tests/phpunit/tests/rest-api/rest-tags-controller.php" line="672" assertions="17" time="0.102581"/>
        <testcase name="test_get_item_meta_registered_for_different_taxonomy" class="WP_Test_REST_Tags_Controller" classname="WP_Test_REST_Tags_Controller" file="/home/meng/Desktop/wptest/wordpress-develop/tests/phpunit/tests/rest-api/rest-tags-controller.php" line="694" assertions="10" time="0.110680"/>
        <testcase name="test_get_term_invalid_term" class="WP_Test_REST_Tags_Controller" classname="WP_Test_REST_Tags_Controller" file="/home/meng/Desktop/wptest/wordpress-develop/tests/phpunit/tests/rest-api/rest-tags-controller.php" line="706" assertions="8" time="0.091906"/>
        <testcase name="test_get_item_invalid_permission_for_context" class="WP_Test_REST_Tags_Controller" classname="WP_Test_REST_Tags_Controller" file="/home/meng/Desktop/wptest/wordpress-develop/tests/phpunit/tests/rest-api/rest-tags-controller.php" line="712" assertions="8" time="0.099522"/>
        <testcase name="test_get_term_private_taxonomy" class="WP_Test_REST_Tags_Controller" classname="WP_Test_REST_Tags_Controller" file="/home/meng/Desktop/wptest/wordpress-develop/tests/phpunit/tests/rest-api/rest-tags-controller.php" line="723" assertions="8" time="0.099259"/>
        <testcase name="test_get_item_incorrect_taxonomy" class="WP_Test_REST_Tags_Controller" classname="WP_Test_REST_Tags_Controller" file="/home/meng/Desktop/wptest/wordpress-develop/tests/phpunit/tests/rest-api/rest-tags-controller.php" line="737" assertions="8" time="0.099206"/>
        <testcase name="test_create_item" class="WP_Test_REST_Tags_Controller" classname="WP_Test_REST_Tags_Controller" file="/home/meng/Desktop/wptest/wordpress-develop/tests/phpunit/tests/rest-api/rest-tags-controller.php" line="751" assertions="14" time="0.256801"/>
        <testcase name="test_create_item_contributor" class="WP_Test_REST_Tags_Controller" classname="WP_Test_REST_Tags_Controller" file="/home/meng/Desktop/wptest/wordpress-develop/tests/phpunit/tests/rest-api/rest-tags-controller.php" line="768" assertions="14" time="0.108844"/>
        <testcase name="test_create_item_incorrect_permissions" class="WP_Test_REST_Tags_Controller" classname="WP_Test_REST_Tags_Controller" file="/home/meng/Desktop/wptest/wordpress-develop/tests/phpunit/tests/rest-api/rest-tags-controller.php" line="785" assertions="8" time="0.094159"/>
        <testcase name="test_create_item_missing_arguments" class="WP_Test_REST_Tags_Controller" classname="WP_Test_REST_Tags_Controller" file="/home/meng/Desktop/wptest/wordpress-develop/tests/phpunit/tests/rest-api/rest-tags-controller.php" line="794" assertions="8" time="0.087547"/>
        <testcase name="test_create_item_parent_non_hierarchical_taxonomy" class="WP_Test_REST_Tags_Controller" classname="WP_Test_REST_Tags_Controller" file="/home/meng/Desktop/wptest/wordpress-develop/tests/phpunit/tests/rest-api/rest-tags-controller.php" line="802" assertions="8" time="0.091761"/>
        <testcase name="test_create_item_with_meta" class="WP_Test_REST_Tags_Controller" classname="WP_Test_REST_Tags_Controller" file="/home/meng/Desktop/wptest/wordpress-develop/tests/phpunit/tests/rest-api/rest-tags-controller.php" line="812" assertions="13" time="0.118436"/>
        <testcase name="test_create_item_with_meta_wrong_id" class="WP_Test_REST_Tags_Controller" classname="WP_Test_REST_Tags_Controller" file="/home/meng/Desktop/wptest/wordpress-develop/tests/phpunit/tests/rest-api/rest-tags-controller.php" line="827" assertions="14" time="0.116960"/>
        <testcase name="test_update_item" class="WP_Test_REST_Tags_Controller" classname="WP_Test_REST_Tags_Controller" file="/home/meng/Desktop/wptest/wordpress-develop/tests/phpunit/tests/rest-api/rest-tags-controller.php" line="846" assertions="15" time="0.277216"/>
        <testcase name="test_update_item_no_change" class="WP_Test_REST_Tags_Controller" classname="WP_Test_REST_Tags_Controller" file="/home/meng/Desktop/wptest/wordpress-develop/tests/phpunit/tests/rest-api/rest-tags-controller.php" line="880" assertions="19" time="0.156747"/>
        <testcase name="test_update_item_invalid_term" class="WP_Test_REST_Tags_Controller" classname="WP_Test_REST_Tags_Controller" file="/home/meng/Desktop/wptest/wordpress-develop/tests/phpunit/tests/rest-api/rest-tags-controller.php" line="899" assertions="8" time="0.086019"/>
        <testcase name="test_update_item_incorrect_permissions" class="WP_Test_REST_Tags_Controller" classname="WP_Test_REST_Tags_Controller" file="/home/meng/Desktop/wptest/wordpress-develop/tests/phpunit/tests/rest-api/rest-tags-controller.php" line="908" assertions="8" time="0.105409"/>
        <testcase name="test_update_item_with_edit_term_cap_granted" class="WP_Test_REST_Tags_Controller" classname="WP_Test_REST_Tags_Controller" file="/home/meng/Desktop/wptest/wordpress-develop/tests/phpunit/tests/rest-api/rest-tags-controller.php" line="922" assertions="10" time="0.107803"/>
        <testcase name="test_update_item_with_edit_term_cap_revoked" class="WP_Test_REST_Tags_Controller" classname="WP_Test_REST_Tags_Controller" file="/home/meng/Desktop/wptest/wordpress-develop/tests/phpunit/tests/rest-api/rest-tags-controller.php" line="949" assertions="8" time="0.098081"/>
        <testcase name="test_update_item_parent_non_hierarchical_taxonomy" class="WP_Test_REST_Tags_Controller" classname="WP_Test_REST_Tags_Controller" file="/home/meng/Desktop/wptest/wordpress-develop/tests/phpunit/tests/rest-api/rest-tags-controller.php" line="971" assertions="8" time="0.102853"/>
        <testcase name="test_tag_roundtrip_as_editor" class="WP_Test_REST_Tags_Controller" classname="WP_Test_REST_Tags_Controller" file="/home/meng/Desktop/wptest/wordpress-develop/tests/phpunit/tests/rest-api/rest-tags-controller.php" line="1020" assertions="24" time="0.275227"/>
        <testcase name="test_tag_roundtrip_as_editor_html" class="WP_Test_REST_Tags_Controller" classname="WP_Test_REST_Tags_Controller" file="/home/meng/Desktop/wptest/wordpress-develop/tests/phpunit/tests/rest-api/rest-tags-controller.php" line="1036" assertions="24" time="0.120449"/>
        <testcase name="test_tag_roundtrip_as_superadmin" class="WP_Test_REST_Tags_Controller" classname="WP_Test_REST_Tags_Controller" file="/home/meng/Desktop/wptest/wordpress-develop/tests/phpunit/tests/rest-api/rest-tags-controller.php" line="1066" assertions="24" time="0.124155"/>
        <testcase name="test_tag_roundtrip_as_superadmin_html" class="WP_Test_REST_Tags_Controller" classname="WP_Test_REST_Tags_Controller" file="/home/meng/Desktop/wptest/wordpress-develop/tests/phpunit/tests/rest-api/rest-tags-controller.php" line="1082" assertions="24" time="0.119694"/>
        <testcase name="test_delete_item" class="WP_Test_REST_Tags_Controller" classname="WP_Test_REST_Tags_Controller" file="/home/meng/Desktop/wptest/wordpress-develop/tests/phpunit/tests/rest-api/rest-tags-controller.php" line="1098" assertions="11" time="0.122618"/>
        <testcase name="test_delete_item_no_trash" class="WP_Test_REST_Tags_Controller" classname="WP_Test_REST_Tags_Controller" file="/home/meng/Desktop/wptest/wordpress-develop/tests/phpunit/tests/rest-api/rest-tags-controller.php" line="1112" assertions="12" time="0.105762"/>
        <testcase name="test_delete_item_invalid_term" class="WP_Test_REST_Tags_Controller" classname="WP_Test_REST_Tags_Controller" file="/home/meng/Desktop/wptest/wordpress-develop/tests/phpunit/tests/rest-api/rest-tags-controller.php" line="1126" assertions="8" time="0.237297"/>
        <testcase name="test_delete_item_incorrect_permissions" class="WP_Test_REST_Tags_Controller" classname="WP_Test_REST_Tags_Controller" file="/home/meng/Desktop/wptest/wordpress-develop/tests/phpunit/tests/rest-api/rest-tags-controller.php" line="1134" assertions="8" time="0.107718"/>
        <testcase name="test_delete_item_with_delete_term_cap_granted" class="WP_Test_REST_Tags_Controller" classname="WP_Test_REST_Tags_Controller" file="/home/meng/Desktop/wptest/wordpress-develop/tests/phpunit/tests/rest-api/rest-tags-controller.php" line="1147" assertions="11" time="0.110307"/>
        <testcase name="test_delete_item_with_delete_term_cap_revoked" class="WP_Test_REST_Tags_Controller" classname="WP_Test_REST_Tags_Controller" file="/home/meng/Desktop/wptest/wordpress-develop/tests/phpunit/tests/rest-api/rest-tags-controller.php" line="1175" assertions="8" time="0.100906"/>
        <testcase name="test_prepare_item" class="WP_Test_REST_Tags_Controller" classname="WP_Test_REST_Tags_Controller" file="/home/meng/Desktop/wptest/wordpress-develop/tests/phpunit/tests/rest-api/rest-tags-controller.php" line="1197" assertions="19" time="0.111004"/>
        <testcase name="test_prepare_item_limit_fields" class="WP_Test_REST_Tags_Controller" classname="WP_Test_REST_Tags_Controller" file="/home/meng/Desktop/wptest/wordpress-develop/tests/phpunit/tests/rest-api/rest-tags-controller.php" line="1207" assertions="9" time="0.094988"/>
        <testcase name="test_get_item_schema" class="WP_Test_REST_Tags_Controller" classname="WP_Test_REST_Tags_Controller" file="/home/meng/Desktop/wptest/wordpress-develop/tests/phpunit/tests/rest-api/rest-tags-controller.php" line="1222" assertions="16" time="0.084857"/>
        <testcase name="test_get_item_schema_non_hierarchical" class="WP_Test_REST_Tags_Controller" classname="WP_Test_REST_Tags_Controller" file="/home/meng/Desktop/wptest/wordpress-develop/tests/phpunit/tests/rest-api/rest-tags-controller.php" line="1239" assertions="8" time="0.247845"/>
        <testcase name="test_get_additional_field_registration" class="WP_Test_REST_Tags_Controller" classname="WP_Test_REST_Tags_Controller" file="/home/meng/Desktop/wptest/wordpress-develop/tests/phpunit/tests/rest-api/rest-tags-controller.php" line="1248" assertions="13" time="0.109325"/>
        <testcase name="test_additional_field_update_errors" class="WP_Test_REST_Tags_Controller" classname="WP_Test_REST_Tags_Controller" file="/home/meng/Desktop/wptest/wordpress-develop/tests/phpunit/tests/rest-api/rest-tags-controller.php" line="1283" assertions="8" time="0.104071"/>
        <testcase name="test_object_term_queries_are_cached" class="WP_Test_REST_Tags_Controller" classname="WP_Test_REST_Tags_Controller" file="/home/meng/Desktop/wptest/wordpress-develop/tests/phpunit/tests/rest-api/rest-tags-controller.php" line="1324" assertions="16" time="0.163256"/>
        <testcase name="test_editable_response_uses_edit_context" class="WP_Test_REST_Tags_Controller" classname="WP_Test_REST_Tags_Controller" file="/home/meng/Desktop/wptest/wordpress-develop/tests/phpunit/tests/rest-api/rest-tags-controller.php" line="1352" assertions="19" time="0.125631"/>
      </testsuite>
      <testsuite name="WP_Test_REST_Taxonomies_Controller" file="/home/meng/Desktop/wptest/wordpress-develop/tests/phpunit/tests/rest-api/rest-taxonomies-controller.php" tests="22" assertions="228" errors="0" failures="0" skipped="0" time="2.409118">
        <testcase name="test_register_routes" class="WP_Test_REST_Taxonomies_Controller" classname="WP_Test_REST_Taxonomies_Controller" file="/home/meng/Desktop/wptest/wordpress-develop/tests/phpunit/tests/rest-api/rest-taxonomies-controller.php" line="28" assertions="6" time="0.080517"/>
        <testcase name="test_context_param" class="WP_Test_REST_Taxonomies_Controller" classname="WP_Test_REST_Taxonomies_Controller" file="/home/meng/Desktop/wptest/wordpress-develop/tests/phpunit/tests/rest-api/rest-taxonomies-controller.php" line="35" assertions="9" time="0.084955"/>
        <testcase name="test_get_items" class="WP_Test_REST_Taxonomies_Controller" classname="WP_Test_REST_Taxonomies_Controller" file="/home/meng/Desktop/wptest/wordpress-develop/tests/phpunit/tests/rest-api/rest-taxonomies-controller.php" line="50" assertions="16" time="0.228538"/>
        <testcase name="test_get_items_context_edit" class="WP_Test_REST_Taxonomies_Controller" classname="WP_Test_REST_Taxonomies_Controller" file="/home/meng/Desktop/wptest/wordpress-develop/tests/phpunit/tests/rest-api/rest-taxonomies-controller.php" line="65" assertions="16" time="0.094948"/>
        <testcase name="test_get_items_invalid_permission_for_context" class="WP_Test_REST_Taxonomies_Controller" classname="WP_Test_REST_Taxonomies_Controller" file="/home/meng/Desktop/wptest/wordpress-develop/tests/phpunit/tests/rest-api/rest-taxonomies-controller.php" line="82" assertions="8" time="0.084370"/>
        <testcase name="test_get_taxonomies_for_type" class="WP_Test_REST_Taxonomies_Controller" classname="WP_Test_REST_Taxonomies_Controller" file="/home/meng/Desktop/wptest/wordpress-develop/tests/phpunit/tests/rest-api/rest-taxonomies-controller.php" line="90" assertions="10" time="0.087359"/>
        <testcase name="test_get_taxonomies_for_invalid_type" class="WP_Test_REST_Taxonomies_Controller" classname="WP_Test_REST_Taxonomies_Controller" file="/home/meng/Desktop/wptest/wordpress-develop/tests/phpunit/tests/rest-api/rest-taxonomies-controller.php" line="97" assertions="6" time="0.085293"/>
        <testcase name="test_get_item" class="WP_Test_REST_Taxonomies_Controller" classname="WP_Test_REST_Taxonomies_Controller" file="/home/meng/Desktop/wptest/wordpress-develop/tests/phpunit/tests/rest-api/rest-taxonomies-controller.php" line="106" assertions="19" time="0.085647"/>
        <testcase name="test_get_item_edit_context" class="WP_Test_REST_Taxonomies_Controller" classname="WP_Test_REST_Taxonomies_Controller" file="/home/meng/Desktop/wptest/wordpress-develop/tests/phpunit/tests/rest-api/rest-taxonomies-controller.php" line="112" assertions="24" time="0.150703"/>
        <testcase name="test_get_item_invalid_permission_for_context" class="WP_Test_REST_Taxonomies_Controller" classname="WP_Test_REST_Taxonomies_Controller" file="/home/meng/Desktop/wptest/wordpress-develop/tests/phpunit/tests/rest-api/rest-taxonomies-controller.php" line="121" assertions="8" time="0.252636"/>
        <testcase name="test_get_invalid_taxonomy" class="WP_Test_REST_Taxonomies_Controller" classname="WP_Test_REST_Taxonomies_Controller" file="/home/meng/Desktop/wptest/wordpress-develop/tests/phpunit/tests/rest-api/rest-taxonomies-controller.php" line="129" assertions="8" time="0.086633"/>
        <testcase name="test_get_non_public_taxonomy_not_authenticated" class="WP_Test_REST_Taxonomies_Controller" classname="WP_Test_REST_Taxonomies_Controller" file="/home/meng/Desktop/wptest/wordpress-develop/tests/phpunit/tests/rest-api/rest-taxonomies-controller.php" line="135" assertions="8" time="0.084787"/>
        <testcase name="test_get_non_public_taxonomy_no_permission" class="WP_Test_REST_Taxonomies_Controller" classname="WP_Test_REST_Taxonomies_Controller" file="/home/meng/Desktop/wptest/wordpress-develop/tests/phpunit/tests/rest-api/rest-taxonomies-controller.php" line="143" assertions="8" time="0.095084"/>
        <testcase name="test_create_item" class="WP_Test_REST_Taxonomies_Controller" classname="WP_Test_REST_Taxonomies_Controller" file="/home/meng/Desktop/wptest/wordpress-develop/tests/phpunit/tests/rest-api/rest-taxonomies-controller.php" line="152" assertions="5" time="0.082487"/>
        <testcase name="test_update_item" class="WP_Test_REST_Taxonomies_Controller" classname="WP_Test_REST_Taxonomies_Controller" file="/home/meng/Desktop/wptest/wordpress-develop/tests/phpunit/tests/rest-api/rest-taxonomies-controller.php" line="159" assertions="5" time="0.081096"/>
        <testcase name="test_delete_item" class="WP_Test_REST_Taxonomies_Controller" classname="WP_Test_REST_Taxonomies_Controller" file="/home/meng/Desktop/wptest/wordpress-develop/tests/phpunit/tests/rest-api/rest-taxonomies-controller.php" line="166" assertions="5" time="0.089403"/>
        <testcase name="test_prepare_item" class="WP_Test_REST_Taxonomies_Controller" classname="WP_Test_REST_Taxonomies_Controller" file="/home/meng/Desktop/wptest/wordpress-develop/tests/phpunit/tests/rest-api/rest-taxonomies-controller.php" line="173" assertions="23" time="0.239693"/>
        <testcase name="test_prepare_item_limit_fields" class="WP_Test_REST_Taxonomies_Controller" classname="WP_Test_REST_Taxonomies_Controller" file="/home/meng/Desktop/wptest/wordpress-develop/tests/phpunit/tests/rest-api/rest-taxonomies-controller.php" line="182" assertions="7" time="0.090357"/>
        <testcase name="test_object_types_is_an_array_if_object_type_is_unregistered" class="WP_Test_REST_Taxonomies_Controller" classname="WP_Test_REST_Taxonomies_Controller" file="/home/meng/Desktop/wptest/wordpress-develop/tests/phpunit/tests/rest-api/rest-taxonomies-controller.php" line="201" assertions="11" time="0.085025"/>
        <testcase name="test_get_item_schema" class="WP_Test_REST_Taxonomies_Controller" classname="WP_Test_REST_Taxonomies_Controller" file="/home/meng/Desktop/wptest/wordpress-develop/tests/phpunit/tests/rest-api/rest-taxonomies-controller.php" line="217" assertions="16" time="0.081672"/>
        <testcase name="test_get_for_taxonomy_reuses_same_instance" class="WP_Test_REST_Taxonomies_Controller" classname="WP_Test_REST_Taxonomies_Controller" file="/home/meng/Desktop/wptest/wordpress-develop/tests/phpunit/tests/rest-api/rest-taxonomies-controller.php" line="297" assertions="5" time="0.078929"/>
        <testcase name="test_get_for_taxonomy_returns_terms_controller_if_custom_class_not_specified" class="WP_Test_REST_Taxonomies_Controller" classname="WP_Test_REST_Taxonomies_Controller" file="/home/meng/Desktop/wptest/wordpress-develop/tests/phpunit/tests/rest-api/rest-taxonomies-controller.php" line="307" assertions="5" time="0.078986"/>
      </testsuite>
      <testsuite name="WP_Test_REST_Term_Meta_Fields" file="/home/meng/Desktop/wptest/wordpress-develop/tests/phpunit/tests/rest-api/rest-term-meta-fields.php" tests="51" assertions="266" errors="0" failures="0" skipped="0" time="8.986481">
        <testcase name="test_get_value" class="WP_Test_REST_Term_Meta_Fields" classname="WP_Test_REST_Term_Meta_Fields" file="/home/meng/Desktop/wptest/wordpress-develop/tests/phpunit/tests/rest-api/rest-term-meta-fields.php" line="211" assertions="4" time="0.100103"/>
        <testcase name="test_get_multi_value" class="WP_Test_REST_Term_Meta_Fields" classname="WP_Test_REST_Term_Meta_Fields" file="/home/meng/Desktop/wptest/wordpress-develop/tests/phpunit/tests/rest-api/rest-term-meta-fields.php" line="230" assertions="7" time="0.274061"/>
        <testcase name="test_get_unregistered" class="WP_Test_REST_Term_Meta_Fields" classname="WP_Test_REST_Term_Meta_Fields" file="/home/meng/Desktop/wptest/wordpress-develop/tests/phpunit/tests/rest-api/rest-term-meta-fields.php" line="257" assertions="2" time="0.096013"/>
        <testcase name="test_get_registered_no_api_access" class="WP_Test_REST_Term_Meta_Fields" classname="WP_Test_REST_Term_Meta_Fields" file="/home/meng/Desktop/wptest/wordpress-develop/tests/phpunit/tests/rest-api/rest-term-meta-fields.php" line="272" assertions="2" time="0.098756"/>
        <testcase name="test_get_registered_api_disabled" class="WP_Test_REST_Term_Meta_Fields" classname="WP_Test_REST_Term_Meta_Fields" file="/home/meng/Desktop/wptest/wordpress-develop/tests/phpunit/tests/rest-api/rest-term-meta-fields.php" line="287" assertions="2" time="0.098218"/>
        <testcase name="test_get_value_types" class="WP_Test_REST_Term_Meta_Fields" classname="WP_Test_REST_Term_Meta_Fields" file="/home/meng/Desktop/wptest/wordpress-develop/tests/phpunit/tests/rest-api/rest-term-meta-fields.php" line="299" assertions="10" time="0.134230"/>
        <testcase name="test_get_value_custom_name" class="WP_Test_REST_Term_Meta_Fields" classname="WP_Test_REST_Term_Meta_Fields" file="/home/meng/Desktop/wptest/wordpress-develop/tests/phpunit/tests/rest-api/rest-term-meta-fields.php" line="357" assertions="4" time="0.260443"/>
        <testcase name="test_set_value" class="WP_Test_REST_Term_Meta_Fields" classname="WP_Test_REST_Term_Meta_Fields" file="/home/meng/Desktop/wptest/wordpress-develop/tests/phpunit/tests/rest-api/rest-term-meta-fields.php" line="376" assertions="7" time="0.176320"/>
        <testcase name="test_set_duplicate_single_value" class="WP_Test_REST_Term_Meta_Fields" classname="WP_Test_REST_Term_Meta_Fields" file="/home/meng/Desktop/wptest/wordpress-develop/tests/phpunit/tests/rest-api/rest-term-meta-fields.php" line="408" assertions="6" time="0.175086"/>
        <testcase name="test_set_value_unauthenticated" class="WP_Test_REST_Term_Meta_Fields" classname="WP_Test_REST_Term_Meta_Fields" file="/home/meng/Desktop/wptest/wordpress-develop/tests/phpunit/tests/rest-api/rest-term-meta-fields.php" line="439" assertions="5" time="0.091028"/>
        <testcase name="test_set_value_blocked" class="WP_Test_REST_Term_Meta_Fields" classname="WP_Test_REST_Term_Meta_Fields" file="/home/meng/Desktop/wptest/wordpress-develop/tests/phpunit/tests/rest-api/rest-term-meta-fields.php" line="461" assertions="5" time="0.163084"/>
        <testcase name="test_set_value_db_error" class="WP_Test_REST_Term_Meta_Fields" classname="WP_Test_REST_Term_Meta_Fields" file="/home/meng/Desktop/wptest/wordpress-develop/tests/phpunit/tests/rest-api/rest-term-meta-fields.php" line="481" assertions="4" time="0.178010"/>
        <testcase name="test_set_value_invalid_type" class="WP_Test_REST_Term_Meta_Fields" classname="WP_Test_REST_Term_Meta_Fields" file="/home/meng/Desktop/wptest/wordpress-develop/tests/phpunit/tests/rest-api/rest-term-meta-fields.php" line="508" assertions="2" time="0.316207"/>
        <testcase name="test_set_value_multiple" class="WP_Test_REST_Term_Meta_Fields" classname="WP_Test_REST_Term_Meta_Fields" file="/home/meng/Desktop/wptest/wordpress-develop/tests/phpunit/tests/rest-api/rest-term-meta-fields.php" line="526" assertions="10" time="0.210432"/>
        <testcase name="test_set_value_remove_one" class="WP_Test_REST_Term_Meta_Fields" classname="WP_Test_REST_Term_Meta_Fields" file="/home/meng/Desktop/wptest/wordpress-develop/tests/phpunit/tests/rest-api/rest-term-meta-fields.php" line="570" assertions="5" time="0.177778"/>
        <testcase name="test_set_value_multiple_unauthenticated" class="WP_Test_REST_Term_Meta_Fields" classname="WP_Test_REST_Term_Meta_Fields" file="/home/meng/Desktop/wptest/wordpress-develop/tests/phpunit/tests/rest-api/rest-term-meta-fields.php" line="598" assertions="6" time="0.090178"/>
        <testcase name="test_set_value_invalid_value" class="WP_Test_REST_Term_Meta_Fields" classname="WP_Test_REST_Term_Meta_Fields" file="/home/meng/Desktop/wptest/wordpress-develop/tests/phpunit/tests/rest-api/rest-term-meta-fields.php" line="620" assertions="4" time="0.164248"/>
        <testcase name="test_set_value_invalid_value_multiple" class="WP_Test_REST_Term_Meta_Fields" classname="WP_Test_REST_Term_Meta_Fields" file="/home/meng/Desktop/wptest/wordpress-develop/tests/phpunit/tests/rest-api/rest-term-meta-fields.php" line="645" assertions="4" time="0.161930"/>
        <testcase name="test_set_value_sanitized" class="WP_Test_REST_Term_Meta_Fields" classname="WP_Test_REST_Term_Meta_Fields" file="/home/meng/Desktop/wptest/wordpress-develop/tests/phpunit/tests/rest-api/rest-term-meta-fields.php" line="670" assertions="1" time="0.321727"/>
        <testcase name="test_set_value_csv" class="WP_Test_REST_Term_Meta_Fields" classname="WP_Test_REST_Term_Meta_Fields" file="/home/meng/Desktop/wptest/wordpress-develop/tests/phpunit/tests/rest-api/rest-term-meta-fields.php" line="696" assertions="1" time="0.204226"/>
        <testcase name="test_set_value_multiple_blocked" class="WP_Test_REST_Term_Meta_Fields" classname="WP_Test_REST_Term_Meta_Fields" file="/home/meng/Desktop/wptest/wordpress-develop/tests/phpunit/tests/rest-api/rest-term-meta-fields.php" line="725" assertions="5" time="0.174842"/>
        <testcase name="test_add_multi_value_db_error" class="WP_Test_REST_Term_Meta_Fields" classname="WP_Test_REST_Term_Meta_Fields" file="/home/meng/Desktop/wptest/wordpress-develop/tests/phpunit/tests/rest-api/rest-term-meta-fields.php" line="742" assertions="5" time="0.170631"/>
        <testcase name="test_set_value_single_custom_schema" class="WP_Test_REST_Term_Meta_Fields" classname="WP_Test_REST_Term_Meta_Fields" file="/home/meng/Desktop/wptest/wordpress-develop/tests/phpunit/tests/rest-api/rest-term-meta-fields.php" line="775" assertions="7" time="0.176579"/>
        <testcase name="test_set_value_multiple_custom_schema" class="WP_Test_REST_Term_Meta_Fields" classname="WP_Test_REST_Term_Meta_Fields" file="/home/meng/Desktop/wptest/wordpress-develop/tests/phpunit/tests/rest-api/rest-term-meta-fields.php" line="804" assertions="10" time="0.211205"/>
        <testcase name="test_set_value_custom_name" class="WP_Test_REST_Term_Meta_Fields" classname="WP_Test_REST_Term_Meta_Fields" file="/home/meng/Desktop/wptest/wordpress-develop/tests/phpunit/tests/rest-api/rest-term-meta-fields.php" line="848" assertions="7" time="0.327728"/>
        <testcase name="test_set_value_custom_name_multiple" class="WP_Test_REST_Term_Meta_Fields" classname="WP_Test_REST_Term_Meta_Fields" file="/home/meng/Desktop/wptest/wordpress-develop/tests/phpunit/tests/rest-api/rest-term-meta-fields.php" line="877" assertions="10" time="0.212374"/>
        <testcase name="test_set_value_invalid_meta_string_request_type" class="WP_Test_REST_Term_Meta_Fields" classname="WP_Test_REST_Term_Meta_Fields" file="/home/meng/Desktop/wptest/wordpress-develop/tests/phpunit/tests/rest-api/rest-term-meta-fields.php" line="921" assertions="6" time="0.167859"/>
        <testcase name="test_set_value_invalid_meta_float_request_type" class="WP_Test_REST_Term_Meta_Fields" classname="WP_Test_REST_Term_Meta_Fields" file="/home/meng/Desktop/wptest/wordpress-develop/tests/phpunit/tests/rest-api/rest-term-meta-fields.php" line="951" assertions="6" time="0.162982"/>
        <testcase name="test_remove_multi_value_db_error" class="WP_Test_REST_Term_Meta_Fields" classname="WP_Test_REST_Term_Meta_Fields" file="/home/meng/Desktop/wptest/wordpress-develop/tests/phpunit/tests/rest-api/rest-term-meta-fields.php" line="977" assertions="5" time="0.168398"/>
        <testcase name="test_delete_value" class="WP_Test_REST_Term_Meta_Fields" classname="WP_Test_REST_Term_Meta_Fields" file="/home/meng/Desktop/wptest/wordpress-develop/tests/phpunit/tests/rest-api/rest-term-meta-fields.php" line="1008" assertions="3" time="0.181722"/>
        <testcase name="test_delete_value_blocked" class="WP_Test_REST_Term_Meta_Fields" classname="WP_Test_REST_Term_Meta_Fields" file="/home/meng/Desktop/wptest/wordpress-develop/tests/phpunit/tests/rest-api/rest-term-meta-fields.php" line="1033" assertions="6" time="0.319723"/>
        <testcase name="test_delete_value_db_error" class="WP_Test_REST_Term_Meta_Fields" classname="WP_Test_REST_Term_Meta_Fields" file="/home/meng/Desktop/wptest/wordpress-develop/tests/phpunit/tests/rest-api/rest-term-meta-fields.php" line="1058" assertions="5" time="0.173699"/>
        <testcase name="test_delete_value_custom_name" class="WP_Test_REST_Term_Meta_Fields" classname="WP_Test_REST_Term_Meta_Fields" file="/home/meng/Desktop/wptest/wordpress-develop/tests/phpunit/tests/rest-api/rest-term-meta-fields.php" line="1087" assertions="3" time="0.173039"/>
        <testcase name="test_get_schema" class="WP_Test_REST_Term_Meta_Fields" classname="WP_Test_REST_Term_Meta_Fields" file="/home/meng/Desktop/wptest/wordpress-develop/tests/phpunit/tests/rest-api/rest-term-meta-fields.php" line="1109" assertions="13" time="0.088368"/>
        <testsuite name="WP_Test_REST_Term_Meta_Fields::test_get_subtype_meta_value" tests="8" assertions="38" errors="0" failures="0" skipped="0" time="0.962799">
          <testcase name="test_get_subtype_meta_value with data set #0" class="WP_Test_REST_Term_Meta_Fields" classname="WP_Test_REST_Term_Meta_Fields" file="/home/meng/Desktop/wptest/wordpress-develop/tests/phpunit/tests/rest-api/rest-term-meta-fields.php" line="1140" assertions="5" time="0.096774"/>
          <testcase name="test_get_subtype_meta_value with data set #1" class="WP_Test_REST_Term_Meta_Fields" classname="WP_Test_REST_Term_Meta_Fields" file="/home/meng/Desktop/wptest/wordpress-develop/tests/phpunit/tests/rest-api/rest-term-meta-fields.php" line="1140" assertions="5" time="0.096772"/>
          <testcase name="test_get_subtype_meta_value with data set #2" class="WP_Test_REST_Term_Meta_Fields" classname="WP_Test_REST_Term_Meta_Fields" file="/home/meng/Desktop/wptest/wordpress-develop/tests/phpunit/tests/rest-api/rest-term-meta-fields.php" line="1140" assertions="5" time="0.099481"/>
          <testcase name="test_get_subtype_meta_value with data set #3" class="WP_Test_REST_Term_Meta_Fields" classname="WP_Test_REST_Term_Meta_Fields" file="/home/meng/Desktop/wptest/wordpress-develop/tests/phpunit/tests/rest-api/rest-term-meta-fields.php" line="1140" assertions="5" time="0.268905"/>
          <testcase name="test_get_subtype_meta_value with data set #4" class="WP_Test_REST_Term_Meta_Fields" classname="WP_Test_REST_Term_Meta_Fields" file="/home/meng/Desktop/wptest/wordpress-develop/tests/phpunit/tests/rest-api/rest-term-meta-fields.php" line="1140" assertions="4" time="0.097603"/>
          <testcase name="test_get_subtype_meta_value with data set #5" class="WP_Test_REST_Term_Meta_Fields" classname="WP_Test_REST_Term_Meta_Fields" file="/home/meng/Desktop/wptest/wordpress-develop/tests/phpunit/tests/rest-api/rest-term-meta-fields.php" line="1140" assertions="4" time="0.097102"/>
          <testcase name="test_get_subtype_meta_value with data set #6" class="WP_Test_REST_Term_Meta_Fields" classname="WP_Test_REST_Term_Meta_Fields" file="/home/meng/Desktop/wptest/wordpress-develop/tests/phpunit/tests/rest-api/rest-term-meta-fields.php" line="1140" assertions="5" time="0.106451"/>
          <testcase name="test_get_subtype_meta_value with data set #7" class="WP_Test_REST_Term_Meta_Fields" classname="WP_Test_REST_Term_Meta_Fields" file="/home/meng/Desktop/wptest/wordpress-develop/tests/phpunit/tests/rest-api/rest-term-meta-fields.php" line="1140" assertions="5" time="0.099711"/>
        </testsuite>
        <testsuite name="WP_Test_REST_Term_Meta_Fields::test_set_subtype_meta_value" tests="8" assertions="42" errors="0" failures="0" skipped="0" time="1.723495">
          <testcase name="test_set_subtype_meta_value with data set #0" class="WP_Test_REST_Term_Meta_Fields" classname="WP_Test_REST_Term_Meta_Fields" file="/home/meng/Desktop/wptest/wordpress-develop/tests/phpunit/tests/rest-api/rest-term-meta-fields.php" line="1192" assertions="6" time="0.174954"/>
          <testcase name="test_set_subtype_meta_value with data set #1" class="WP_Test_REST_Term_Meta_Fields" classname="WP_Test_REST_Term_Meta_Fields" file="/home/meng/Desktop/wptest/wordpress-develop/tests/phpunit/tests/rest-api/rest-term-meta-fields.php" line="1192" assertions="6" time="0.329051"/>
          <testcase name="test_set_subtype_meta_value with data set #2" class="WP_Test_REST_Term_Meta_Fields" classname="WP_Test_REST_Term_Meta_Fields" file="/home/meng/Desktop/wptest/wordpress-develop/tests/phpunit/tests/rest-api/rest-term-meta-fields.php" line="1192" assertions="2" time="0.167536"/>
          <testcase name="test_set_subtype_meta_value with data set #3" class="WP_Test_REST_Term_Meta_Fields" classname="WP_Test_REST_Term_Meta_Fields" file="/home/meng/Desktop/wptest/wordpress-develop/tests/phpunit/tests/rest-api/rest-term-meta-fields.php" line="1192" assertions="6" time="0.177834"/>
          <testcase name="test_set_subtype_meta_value with data set #4" class="WP_Test_REST_Term_Meta_Fields" classname="WP_Test_REST_Term_Meta_Fields" file="/home/meng/Desktop/wptest/wordpress-develop/tests/phpunit/tests/rest-api/rest-term-meta-fields.php" line="1192" assertions="5" time="0.199125"/>
          <testcase name="test_set_subtype_meta_value with data set #5" class="WP_Test_REST_Term_Meta_Fields" classname="WP_Test_REST_Term_Meta_Fields" file="/home/meng/Desktop/wptest/wordpress-develop/tests/phpunit/tests/rest-api/rest-term-meta-fields.php" line="1192" assertions="5" time="0.182622"/>
          <testcase name="test_set_subtype_meta_value with data set #6" class="WP_Test_REST_Term_Meta_Fields" classname="WP_Test_REST_Term_Meta_Fields" file="/home/meng/Desktop/wptest/wordpress-develop/tests/phpunit/tests/rest-api/rest-term-meta-fields.php" line="1192" assertions="6" time="0.174396"/>
          <testcase name="test_set_subtype_meta_value with data set #7" class="WP_Test_REST_Term_Meta_Fields" classname="WP_Test_REST_Term_Meta_Fields" file="/home/meng/Desktop/wptest/wordpress-develop/tests/phpunit/tests/rest-api/rest-term-meta-fields.php" line="1192" assertions="6" time="0.317977"/>
        </testsuite>
        <testcase name="test_get_default_value" class="WP_Test_REST_Term_Meta_Fields" classname="WP_Test_REST_Term_Meta_Fields" file="/home/meng/Desktop/wptest/wordpress-develop/tests/phpunit/tests/rest-api/rest-term-meta-fields.php" line="1261" assertions="4" time="0.098960"/>
      </testsuite>
      <testsuite name="WP_Test_REST_Themes_Controller" file="/home/meng/Desktop/wptest/wordpress-develop/tests/phpunit/tests/rest-api/rest-themes-controller.php" tests="67" assertions="479" errors="0" failures="0" skipped="0" time="8.890072">
        <testcase name="test_register_routes" class="WP_Test_REST_Themes_Controller" classname="WP_Test_REST_Themes_Controller" file="/home/meng/Desktop/wptest/wordpress-develop/tests/phpunit/tests/rest-api/rest-themes-controller.php" line="136" assertions="5" time="0.103340"/>
        <testcase name="test_get_items" class="WP_Test_REST_Themes_Controller" classname="WP_Test_REST_Themes_Controller" file="/home/meng/Desktop/wptest/wordpress-develop/tests/phpunit/tests/rest-api/rest-themes-controller.php" line="146" assertions="10" time="0.106934"/>
        <testcase name="test_get_items_logged_out" class="WP_Test_REST_Themes_Controller" classname="WP_Test_REST_Themes_Controller" file="/home/meng/Desktop/wptest/wordpress-develop/tests/phpunit/tests/rest-api/rest-themes-controller.php" line="175" assertions="8" time="0.101946"/>
        <testcase name="test_get_items_no_permission" class="WP_Test_REST_Themes_Controller" classname="WP_Test_REST_Themes_Controller" file="/home/meng/Desktop/wptest/wordpress-develop/tests/phpunit/tests/rest-api/rest-themes-controller.php" line="186" assertions="8" time="0.106584"/>
        <testcase name="test_get_item_single_post_type_cap" class="WP_Test_REST_Themes_Controller" classname="WP_Test_REST_Themes_Controller" file="/home/meng/Desktop/wptest/wordpress-develop/tests/phpunit/tests/rest-api/rest-themes-controller.php" line="195" assertions="5" time="0.181246"/>
        <testcase name="test_prepare_item" class="WP_Test_REST_Themes_Controller" classname="WP_Test_REST_Themes_Controller" file="/home/meng/Desktop/wptest/wordpress-develop/tests/phpunit/tests/rest-api/rest-themes-controller.php" line="209" assertions="9" time="0.259492"/>
        <testcase name="test_get_item_schema" class="WP_Test_REST_Themes_Controller" classname="WP_Test_REST_Themes_Controller" file="/home/meng/Desktop/wptest/wordpress-develop/tests/phpunit/tests/rest-api/rest-themes-controller.php" line="220" assertions="54" time="0.103297"/>
        <testcase name="test_theme_author" class="WP_Test_REST_Themes_Controller" classname="WP_Test_REST_Themes_Controller" file="/home/meng/Desktop/wptest/wordpress-develop/tests/phpunit/tests/rest-api/rest-themes-controller.php" line="289" assertions="7" time="0.105339"/>
        <testcase name="test_theme_author_uri" class="WP_Test_REST_Themes_Controller" classname="WP_Test_REST_Themes_Controller" file="/home/meng/Desktop/wptest/wordpress-develop/tests/phpunit/tests/rest-api/rest-themes-controller.php" line="303" assertions="7" time="0.103536"/>
        <testcase name="test_theme_description" class="WP_Test_REST_Themes_Controller" classname="WP_Test_REST_Themes_Controller" file="/home/meng/Desktop/wptest/wordpress-develop/tests/phpunit/tests/rest-api/rest-themes-controller.php" line="314" assertions="7" time="0.105287"/>
        <testcase name="test_theme_requires_php" class="WP_Test_REST_Themes_Controller" classname="WP_Test_REST_Themes_Controller" file="/home/meng/Desktop/wptest/wordpress-develop/tests/phpunit/tests/rest-api/rest-themes-controller.php" line="331" assertions="6" time="0.105339"/>
        <testcase name="test_theme_requires_wp" class="WP_Test_REST_Themes_Controller" classname="WP_Test_REST_Themes_Controller" file="/home/meng/Desktop/wptest/wordpress-develop/tests/phpunit/tests/rest-api/rest-themes-controller.php" line="341" assertions="6" time="0.257018"/>
        <testcase name="test_theme_name" class="WP_Test_REST_Themes_Controller" classname="WP_Test_REST_Themes_Controller" file="/home/meng/Desktop/wptest/wordpress-develop/tests/phpunit/tests/rest-api/rest-themes-controller.php" line="351" assertions="7" time="0.106604"/>
        <testcase name="test_theme_screenshot" class="WP_Test_REST_Themes_Controller" classname="WP_Test_REST_Themes_Controller" file="/home/meng/Desktop/wptest/wordpress-develop/tests/phpunit/tests/rest-api/rest-themes-controller.php" line="362" assertions="6" time="0.111778"/>
        <testcase name="test_theme_stylesheet" class="WP_Test_REST_Themes_Controller" classname="WP_Test_REST_Themes_Controller" file="/home/meng/Desktop/wptest/wordpress-develop/tests/phpunit/tests/rest-api/rest-themes-controller.php" line="372" assertions="6" time="0.118511"/>
        <testcase name="test_theme_tags" class="WP_Test_REST_Themes_Controller" classname="WP_Test_REST_Themes_Controller" file="/home/meng/Desktop/wptest/wordpress-develop/tests/phpunit/tests/rest-api/rest-themes-controller.php" line="382" assertions="7" time="0.112154"/>
        <testcase name="test_theme_template" class="WP_Test_REST_Themes_Controller" classname="WP_Test_REST_Themes_Controller" file="/home/meng/Desktop/wptest/wordpress-develop/tests/phpunit/tests/rest-api/rest-themes-controller.php" line="393" assertions="6" time="0.109840"/>
        <testcase name="test_theme_textdomain" class="WP_Test_REST_Themes_Controller" classname="WP_Test_REST_Themes_Controller" file="/home/meng/Desktop/wptest/wordpress-develop/tests/phpunit/tests/rest-api/rest-themes-controller.php" line="403" assertions="6" time="0.114761"/>
        <testcase name="test_theme_theme_uri" class="WP_Test_REST_Themes_Controller" classname="WP_Test_REST_Themes_Controller" file="/home/meng/Desktop/wptest/wordpress-develop/tests/phpunit/tests/rest-api/rest-themes-controller.php" line="410" assertions="7" time="0.260725"/>
        <testcase name="test_theme_version" class="WP_Test_REST_Themes_Controller" classname="WP_Test_REST_Themes_Controller" file="/home/meng/Desktop/wptest/wordpress-develop/tests/phpunit/tests/rest-api/rest-themes-controller.php" line="421" assertions="6" time="0.109374"/>
        <testcase name="test_theme_supports_disable_custom_colors_false" class="WP_Test_REST_Themes_Controller" classname="WP_Test_REST_Themes_Controller" file="/home/meng/Desktop/wptest/wordpress-develop/tests/phpunit/tests/rest-api/rest-themes-controller.php" line="431" assertions="7" time="0.104916"/>
        <testcase name="test_theme_supports_disable_custom_colors_true" class="WP_Test_REST_Themes_Controller" classname="WP_Test_REST_Themes_Controller" file="/home/meng/Desktop/wptest/wordpress-develop/tests/phpunit/tests/rest-api/rest-themes-controller.php" line="443" assertions="6" time="0.108483"/>
        <testcase name="test_theme_supports_disable_custom_font_sizes_false" class="WP_Test_REST_Themes_Controller" classname="WP_Test_REST_Themes_Controller" file="/home/meng/Desktop/wptest/wordpress-develop/tests/phpunit/tests/rest-api/rest-themes-controller.php" line="455" assertions="7" time="0.106835"/>
        <testcase name="test_theme_supports_disable_custom_font_sizes_true" class="WP_Test_REST_Themes_Controller" classname="WP_Test_REST_Themes_Controller" file="/home/meng/Desktop/wptest/wordpress-develop/tests/phpunit/tests/rest-api/rest-themes-controller.php" line="467" assertions="6" time="0.107754"/>
        <testcase name="test_theme_supports_editor_font_sizes_false" class="WP_Test_REST_Themes_Controller" classname="WP_Test_REST_Themes_Controller" file="/home/meng/Desktop/wptest/wordpress-develop/tests/phpunit/tests/rest-api/rest-themes-controller.php" line="479" assertions="7" time="0.111827"/>
        <testcase name="test_theme_supports_editor_font_sizes_array" class="WP_Test_REST_Themes_Controller" classname="WP_Test_REST_Themes_Controller" file="/home/meng/Desktop/wptest/wordpress-develop/tests/phpunit/tests/rest-api/rest-themes-controller.php" line="491" assertions="7" time="0.263883"/>
        <testcase name="test_theme_supports_editor_color_palette_false" class="WP_Test_REST_Themes_Controller" classname="WP_Test_REST_Themes_Controller" file="/home/meng/Desktop/wptest/wordpress-develop/tests/phpunit/tests/rest-api/rest-themes-controller.php" line="509" assertions="7" time="0.112819"/>
        <testcase name="test_theme_supports_editor_color_palette_array" class="WP_Test_REST_Themes_Controller" classname="WP_Test_REST_Themes_Controller" file="/home/meng/Desktop/wptest/wordpress-develop/tests/phpunit/tests/rest-api/rest-themes-controller.php" line="521" assertions="6" time="0.122529"/>
        <testcase name="test_theme_supports_enable_automatic_feed_links" class="WP_Test_REST_Themes_Controller" classname="WP_Test_REST_Themes_Controller" file="/home/meng/Desktop/wptest/wordpress-develop/tests/phpunit/tests/rest-api/rest-themes-controller.php" line="538" assertions="6" time="0.110185"/>
        <testcase name="test_theme_supports_does_not_enable_automatic_feed_links" class="WP_Test_REST_Themes_Controller" classname="WP_Test_REST_Themes_Controller" file="/home/meng/Desktop/wptest/wordpress-develop/tests/phpunit/tests/rest-api/rest-themes-controller.php" line="550" assertions="7" time="0.110848"/>
        <testcase name="test_theme_does_not_support_custom_logo" class="WP_Test_REST_Themes_Controller" classname="WP_Test_REST_Themes_Controller" file="/home/meng/Desktop/wptest/wordpress-develop/tests/phpunit/tests/rest-api/rest-themes-controller.php" line="562" assertions="7" time="0.107451"/>
        <testcase name="test_theme_supports_custom_logo" class="WP_Test_REST_Themes_Controller" classname="WP_Test_REST_Themes_Controller" file="/home/meng/Desktop/wptest/wordpress-develop/tests/phpunit/tests/rest-api/rest-themes-controller.php" line="574" assertions="6" time="0.110178"/>
        <testcase name="test_theme_does_not_support_custom_header" class="WP_Test_REST_Themes_Controller" classname="WP_Test_REST_Themes_Controller" file="/home/meng/Desktop/wptest/wordpress-develop/tests/phpunit/tests/rest-api/rest-themes-controller.php" line="594" assertions="7" time="0.256250"/>
        <testcase name="test_theme_supports_custom_header" class="WP_Test_REST_Themes_Controller" classname="WP_Test_REST_Themes_Controller" file="/home/meng/Desktop/wptest/wordpress-develop/tests/phpunit/tests/rest-api/rest-themes-controller.php" line="606" assertions="6" time="0.107636"/>
        <testcase name="test_theme_does_not_support_custom_background" class="WP_Test_REST_Themes_Controller" classname="WP_Test_REST_Themes_Controller" file="/home/meng/Desktop/wptest/wordpress-develop/tests/phpunit/tests/rest-api/rest-themes-controller.php" line="642" assertions="7" time="0.112224"/>
        <testcase name="test_theme_supports_custom_background" class="WP_Test_REST_Themes_Controller" classname="WP_Test_REST_Themes_Controller" file="/home/meng/Desktop/wptest/wordpress-develop/tests/phpunit/tests/rest-api/rest-themes-controller.php" line="654" assertions="6" time="0.118950"/>
        <testcase name="test_theme_does_not_support_html5" class="WP_Test_REST_Themes_Controller" classname="WP_Test_REST_Themes_Controller" file="/home/meng/Desktop/wptest/wordpress-develop/tests/phpunit/tests/rest-api/rest-themes-controller.php" line="686" assertions="7" time="0.106145"/>
        <testcase name="test_theme_supports_html5" class="WP_Test_REST_Themes_Controller" classname="WP_Test_REST_Themes_Controller" file="/home/meng/Desktop/wptest/wordpress-develop/tests/phpunit/tests/rest-api/rest-themes-controller.php" line="698" assertions="6" time="0.107791"/>
        <testcase name="test_theme_cannot_manage_title_tag" class="WP_Test_REST_Themes_Controller" classname="WP_Test_REST_Themes_Controller" file="/home/meng/Desktop/wptest/wordpress-develop/tests/phpunit/tests/rest-api/rest-themes-controller.php" line="719" assertions="7" time="0.259146"/>
        <testcase name="test_theme_can_manage_title_tag" class="WP_Test_REST_Themes_Controller" classname="WP_Test_REST_Themes_Controller" file="/home/meng/Desktop/wptest/wordpress-develop/tests/phpunit/tests/rest-api/rest-themes-controller.php" line="731" assertions="6" time="0.107637"/>
        <testcase name="test_theme_cannot_manage_selective_refresh_for_widgets" class="WP_Test_REST_Themes_Controller" classname="WP_Test_REST_Themes_Controller" file="/home/meng/Desktop/wptest/wordpress-develop/tests/phpunit/tests/rest-api/rest-themes-controller.php" line="743" assertions="7" time="0.112145"/>
        <testcase name="test_theme_can_manage_selective_refresh_for_widgets" class="WP_Test_REST_Themes_Controller" classname="WP_Test_REST_Themes_Controller" file="/home/meng/Desktop/wptest/wordpress-develop/tests/phpunit/tests/rest-api/rest-themes-controller.php" line="755" assertions="6" time="0.123492"/>
        <testcase name="test_theme_no_wp_block_styles" class="WP_Test_REST_Themes_Controller" classname="WP_Test_REST_Themes_Controller" file="/home/meng/Desktop/wptest/wordpress-develop/tests/phpunit/tests/rest-api/rest-themes-controller.php" line="767" assertions="7" time="0.113421"/>
        <testcase name="test_theme_wp_block_styles_optin" class="WP_Test_REST_Themes_Controller" classname="WP_Test_REST_Themes_Controller" file="/home/meng/Desktop/wptest/wordpress-develop/tests/phpunit/tests/rest-api/rest-themes-controller.php" line="779" assertions="6" time="0.109095"/>
        <testcase name="test_theme_no_align_wide" class="WP_Test_REST_Themes_Controller" classname="WP_Test_REST_Themes_Controller" file="/home/meng/Desktop/wptest/wordpress-develop/tests/phpunit/tests/rest-api/rest-themes-controller.php" line="791" assertions="7" time="0.111788"/>
        <testcase name="test_theme_align_wide_optin" class="WP_Test_REST_Themes_Controller" classname="WP_Test_REST_Themes_Controller" file="/home/meng/Desktop/wptest/wordpress-develop/tests/phpunit/tests/rest-api/rest-themes-controller.php" line="803" assertions="6" time="0.260267"/>
        <testcase name="test_theme_no_editor_styles" class="WP_Test_REST_Themes_Controller" classname="WP_Test_REST_Themes_Controller" file="/home/meng/Desktop/wptest/wordpress-develop/tests/phpunit/tests/rest-api/rest-themes-controller.php" line="815" assertions="7" time="0.107705"/>
        <testcase name="test_theme_editor_styles_optin" class="WP_Test_REST_Themes_Controller" classname="WP_Test_REST_Themes_Controller" file="/home/meng/Desktop/wptest/wordpress-develop/tests/phpunit/tests/rest-api/rest-themes-controller.php" line="827" assertions="6" time="0.111125"/>
        <testcase name="test_theme_no_dark_editor_style" class="WP_Test_REST_Themes_Controller" classname="WP_Test_REST_Themes_Controller" file="/home/meng/Desktop/wptest/wordpress-develop/tests/phpunit/tests/rest-api/rest-themes-controller.php" line="839" assertions="7" time="0.107499"/>
        <testcase name="test_theme_dark_editor_style_optin" class="WP_Test_REST_Themes_Controller" classname="WP_Test_REST_Themes_Controller" file="/home/meng/Desktop/wptest/wordpress-develop/tests/phpunit/tests/rest-api/rest-themes-controller.php" line="851" assertions="6" time="0.106643"/>
        <testcase name="test_theme_no_disable_custom_gradients" class="WP_Test_REST_Themes_Controller" classname="WP_Test_REST_Themes_Controller" file="/home/meng/Desktop/wptest/wordpress-develop/tests/phpunit/tests/rest-api/rest-themes-controller.php" line="863" assertions="7" time="0.106834"/>
        <testcase name="test_theme_disable_custom_gradients" class="WP_Test_REST_Themes_Controller" classname="WP_Test_REST_Themes_Controller" file="/home/meng/Desktop/wptest/wordpress-develop/tests/phpunit/tests/rest-api/rest-themes-controller.php" line="875" assertions="6" time="0.111774"/>
        <testcase name="test_theme_supports_editor_gradient_presets_array" class="WP_Test_REST_Themes_Controller" classname="WP_Test_REST_Themes_Controller" file="/home/meng/Desktop/wptest/wordpress-develop/tests/phpunit/tests/rest-api/rest-themes-controller.php" line="887" assertions="6" time="0.259939"/>
        <testcase name="test_theme_supports_formats" class="WP_Test_REST_Themes_Controller" classname="WP_Test_REST_Themes_Controller" file="/home/meng/Desktop/wptest/wordpress-develop/tests/phpunit/tests/rest-api/rest-themes-controller.php" line="906" assertions="7" time="0.105773"/>
        <testcase name="test_theme_supports_formats_non_default" class="WP_Test_REST_Themes_Controller" classname="WP_Test_REST_Themes_Controller" file="/home/meng/Desktop/wptest/wordpress-develop/tests/phpunit/tests/rest-api/rest-themes-controller.php" line="920" assertions="7" time="0.114238"/>
        <testcase name="test_theme_supports_responsive_embeds_false" class="WP_Test_REST_Themes_Controller" classname="WP_Test_REST_Themes_Controller" file="/home/meng/Desktop/wptest/wordpress-develop/tests/phpunit/tests/rest-api/rest-themes-controller.php" line="934" assertions="7" time="0.105451"/>
        <testcase name="test_theme_supports_responsive_embeds_true" class="WP_Test_REST_Themes_Controller" classname="WP_Test_REST_Themes_Controller" file="/home/meng/Desktop/wptest/wordpress-develop/tests/phpunit/tests/rest-api/rest-themes-controller.php" line="949" assertions="6" time="0.106263"/>
        <testcase name="test_theme_supports_post_thumbnails_false" class="WP_Test_REST_Themes_Controller" classname="WP_Test_REST_Themes_Controller" file="/home/meng/Desktop/wptest/wordpress-develop/tests/phpunit/tests/rest-api/rest-themes-controller.php" line="963" assertions="7" time="0.118254"/>
        <testcase name="test_theme_supports_post_thumbnails_true" class="WP_Test_REST_Themes_Controller" classname="WP_Test_REST_Themes_Controller" file="/home/meng/Desktop/wptest/wordpress-develop/tests/phpunit/tests/rest-api/rest-themes-controller.php" line="978" assertions="6" time="0.116019"/>
        <testcase name="test_theme_supports_post_thumbnails_array" class="WP_Test_REST_Themes_Controller" classname="WP_Test_REST_Themes_Controller" file="/home/meng/Desktop/wptest/wordpress-develop/tests/phpunit/tests/rest-api/rest-themes-controller.php" line="992" assertions="6" time="0.268131"/>
        <testcase name="test_variadic_theme_support" class="WP_Test_REST_Themes_Controller" classname="WP_Test_REST_Themes_Controller" file="/home/meng/Desktop/wptest/wordpress-develop/tests/phpunit/tests/rest-api/rest-themes-controller.php" line="1004" assertions="6" time="0.115771"/>
        <testcase name="test_get_additional_field_registration" class="WP_Test_REST_Themes_Controller" classname="WP_Test_REST_Themes_Controller" file="/home/meng/Desktop/wptest/wordpress-develop/tests/phpunit/tests/rest-api/rest-themes-controller.php" line="1032" assertions="9" time="0.110882"/>
        <testcase name="test_create_item" class="WP_Test_REST_Themes_Controller" classname="WP_Test_REST_Themes_Controller" file="/home/meng/Desktop/wptest/wordpress-develop/tests/phpunit/tests/rest-api/rest-themes-controller.php" line="1078" assertions="4" time="0.098965"/>
        <testcase name="test_update_item" class="WP_Test_REST_Themes_Controller" classname="WP_Test_REST_Themes_Controller" file="/home/meng/Desktop/wptest/wordpress-develop/tests/phpunit/tests/rest-api/rest-themes-controller.php" line="1083" assertions="4" time="0.106092"/>
        <testcase name="test_get_item" class="WP_Test_REST_Themes_Controller" classname="WP_Test_REST_Themes_Controller" file="/home/meng/Desktop/wptest/wordpress-develop/tests/phpunit/tests/rest-api/rest-themes-controller.php" line="1088" assertions="4" time="0.094367"/>
        <testcase name="test_delete_item" class="WP_Test_REST_Themes_Controller" classname="WP_Test_REST_Themes_Controller" file="/home/meng/Desktop/wptest/wordpress-develop/tests/phpunit/tests/rest-api/rest-themes-controller.php" line="1093" assertions="4" time="0.103389"/>
        <testcase name="test_context_param" class="WP_Test_REST_Themes_Controller" classname="WP_Test_REST_Themes_Controller" file="/home/meng/Desktop/wptest/wordpress-develop/tests/phpunit/tests/rest-api/rest-themes-controller.php" line="1098" assertions="4" time="0.248157"/>
      </testsuite>
      <testsuite name="WP_Test_REST_Users_Controller" file="/home/meng/Desktop/wptest/wordpress-develop/tests/phpunit/tests/rest-api/rest-users-controller.php" tests="111" assertions="1820" errors="0" failures="0" skipped="0" time="20.866639">
        <testcase name="test_register_routes" class="WP_Test_REST_Users_Controller" classname="WP_Test_REST_Users_Controller" file="/home/meng/Desktop/wptest/wordpress-develop/tests/phpunit/tests/rest-api/rest-users-controller.php" line="156" assertions="11" time="0.102045"/>
        <testcase name="test_context_param" class="WP_Test_REST_Users_Controller" classname="WP_Test_REST_Users_Controller" file="/home/meng/Desktop/wptest/wordpress-develop/tests/phpunit/tests/rest-api/rest-users-controller.php" line="166" assertions="10" time="0.104231"/>
        <testcase name="test_registered_query_params" class="WP_Test_REST_Users_Controller" classname="WP_Test_REST_Users_Controller" file="/home/meng/Desktop/wptest/wordpress-develop/tests/phpunit/tests/rest-api/rest-users-controller.php" line="181" assertions="7" time="0.089411"/>
        <testcase name="test_get_items" class="WP_Test_REST_Users_Controller" classname="WP_Test_REST_Users_Controller" file="/home/meng/Desktop/wptest/wordpress-develop/tests/phpunit/tests/rest-api/rest-users-controller.php" line="206" assertions="45" time="0.141742"/>
        <testcase name="test_get_items_with_edit_context" class="WP_Test_REST_Users_Controller" classname="WP_Test_REST_Users_Controller" file="/home/meng/Desktop/wptest/wordpress-develop/tests/phpunit/tests/rest-api/rest-users-controller.php" line="221" assertions="45" time="0.159912"/>
        <testcase name="test_get_items_with_edit_context_without_permission" class="WP_Test_REST_Users_Controller" classname="WP_Test_REST_Users_Controller" file="/home/meng/Desktop/wptest/wordpress-develop/tests/phpunit/tests/rest-api/rest-users-controller.php" line="236" assertions="6" time="0.244628"/>
        <testcase name="test_get_items_unauthenticated_includes_authors_of_post_types_shown_in_rest" class="WP_Test_REST_Users_Controller" classname="WP_Test_REST_Users_Controller" file="/home/meng/Desktop/wptest/wordpress-develop/tests/phpunit/tests/rest-api/rest-users-controller.php" line="255" assertions="48" time="0.120679"/>
        <testcase name="test_get_items_unauthenticated_does_not_include_authors_of_post_types_not_shown_in_rest" class="WP_Test_REST_Users_Controller" classname="WP_Test_REST_Users_Controller" file="/home/meng/Desktop/wptest/wordpress-develop/tests/phpunit/tests/rest-api/rest-users-controller.php" line="286" assertions="13" time="0.113136"/>
        <testcase name="test_get_items_unauthenticated_does_not_include_users_without_published_posts" class="WP_Test_REST_Users_Controller" classname="WP_Test_REST_Users_Controller" file="/home/meng/Desktop/wptest/wordpress-develop/tests/phpunit/tests/rest-api/rest-users-controller.php" line="296" assertions="13" time="0.106588"/>
        <testcase name="test_get_items_pagination_headers" class="WP_Test_REST_Users_Controller" classname="WP_Test_REST_Users_Controller" file="/home/meng/Desktop/wptest/wordpress-develop/tests/phpunit/tests/rest-api/rest-users-controller.php" line="306" assertions="71" time="0.273126"/>
        <testcase name="test_get_items_per_page" class="WP_Test_REST_Users_Controller" classname="WP_Test_REST_Users_Controller" file="/home/meng/Desktop/wptest/wordpress-develop/tests/phpunit/tests/rest-api/rest-users-controller.php" line="385" assertions="38" time="0.312474"/>
        <testcase name="test_get_items_page" class="WP_Test_REST_Users_Controller" classname="WP_Test_REST_Users_Controller" file="/home/meng/Desktop/wptest/wordpress-develop/tests/phpunit/tests/rest-api/rest-users-controller.php" line="398" assertions="18" time="0.121586"/>
        <testcase name="test_get_items_orderby_name" class="WP_Test_REST_Users_Controller" classname="WP_Test_REST_Users_Controller" file="/home/meng/Desktop/wptest/wordpress-develop/tests/phpunit/tests/rest-api/rest-users-controller.php" line="417" assertions="12" time="0.304419"/>
        <testcase name="test_get_items_orderby_url" class="WP_Test_REST_Users_Controller" classname="WP_Test_REST_Users_Controller" file="/home/meng/Desktop/wptest/wordpress-develop/tests/phpunit/tests/rest-api/rest-users-controller.php" line="441" assertions="12" time="0.250238"/>
        <testcase name="test_get_items_orderby_slug" class="WP_Test_REST_Users_Controller" classname="WP_Test_REST_Users_Controller" file="/home/meng/Desktop/wptest/wordpress-develop/tests/phpunit/tests/rest-api/rest-users-controller.php" line="466" assertions="12" time="0.253011"/>
        <testcase name="test_get_items_orderby_slugs" class="WP_Test_REST_Users_Controller" classname="WP_Test_REST_Users_Controller" file="/home/meng/Desktop/wptest/wordpress-develop/tests/phpunit/tests/rest-api/rest-users-controller.php" line="491" assertions="14" time="0.295652"/>
        <testcase name="test_get_items_orderby_email" class="WP_Test_REST_Users_Controller" classname="WP_Test_REST_Users_Controller" file="/home/meng/Desktop/wptest/wordpress-develop/tests/phpunit/tests/rest-api/rest-users-controller.php" line="509" assertions="12" time="0.396871"/>
        <testcase name="test_get_items_orderby_email_unauthenticated" class="WP_Test_REST_Users_Controller" classname="WP_Test_REST_Users_Controller" file="/home/meng/Desktop/wptest/wordpress-develop/tests/phpunit/tests/rest-api/rest-users-controller.php" line="534" assertions="8" time="0.092543"/>
        <testcase name="test_get_items_orderby_registered_date_unauthenticated" class="WP_Test_REST_Users_Controller" classname="WP_Test_REST_Users_Controller" file="/home/meng/Desktop/wptest/wordpress-develop/tests/phpunit/tests/rest-api/rest-users-controller.php" line="542" assertions="8" time="0.095773"/>
        <testcase name="test_get_items_invalid_order" class="WP_Test_REST_Users_Controller" classname="WP_Test_REST_Users_Controller" file="/home/meng/Desktop/wptest/wordpress-develop/tests/phpunit/tests/rest-api/rest-users-controller.php" line="550" assertions="8" time="0.095011"/>
        <testcase name="test_get_items_invalid_orderby" class="WP_Test_REST_Users_Controller" classname="WP_Test_REST_Users_Controller" file="/home/meng/Desktop/wptest/wordpress-develop/tests/phpunit/tests/rest-api/rest-users-controller.php" line="557" assertions="8" time="0.087875"/>
        <testcase name="test_get_items_offset" class="WP_Test_REST_Users_Controller" classname="WP_Test_REST_Users_Controller" file="/home/meng/Desktop/wptest/wordpress-develop/tests/phpunit/tests/rest-api/rest-users-controller.php" line="564" assertions="80" time="0.243347"/>
        <testcase name="test_get_items_include_query" class="WP_Test_REST_Users_Controller" classname="WP_Test_REST_Users_Controller" file="/home/meng/Desktop/wptest/wordpress-develop/tests/phpunit/tests/rest-api/rest-users-controller.php" line="589" assertions="24" time="0.430504"/>
        <testcase name="test_get_items_exclude_query" class="WP_Test_REST_Users_Controller" classname="WP_Test_REST_Users_Controller" file="/home/meng/Desktop/wptest/wordpress-develop/tests/phpunit/tests/rest-api/rest-users-controller.php" line="625" assertions="140" time="0.467218"/>
        <testcase name="test_get_items_search" class="WP_Test_REST_Users_Controller" classname="WP_Test_REST_Users_Controller" file="/home/meng/Desktop/wptest/wordpress-develop/tests/phpunit/tests/rest-api/rest-users-controller.php" line="652" assertions="15" time="0.283594"/>
        <testcase name="test_get_items_slug_query" class="WP_Test_REST_Users_Controller" classname="WP_Test_REST_Users_Controller" file="/home/meng/Desktop/wptest/wordpress-develop/tests/phpunit/tests/rest-api/rest-users-controller.php" line="682" assertions="9" time="0.223108"/>
        <testcase name="test_get_items_slug_array_query" class="WP_Test_REST_Users_Controller" classname="WP_Test_REST_Users_Controller" file="/home/meng/Desktop/wptest/wordpress-develop/tests/phpunit/tests/rest-api/rest-users-controller.php" line="706" assertions="13" time="0.367876"/>
        <testcase name="test_get_items_slug_csv_query" class="WP_Test_REST_Users_Controller" classname="WP_Test_REST_Users_Controller" file="/home/meng/Desktop/wptest/wordpress-develop/tests/phpunit/tests/rest-api/rest-users-controller.php" line="752" assertions="13" time="0.380758"/>
        <testcase name="test_get_items_roles" class="WP_Test_REST_Users_Controller" classname="WP_Test_REST_Users_Controller" file="/home/meng/Desktop/wptest/wordpress-develop/tests/phpunit/tests/rest-api/rest-users-controller.php" line="795" assertions="27" time="0.411148"/>
        <testcase name="test_get_items_invalid_roles" class="WP_Test_REST_Users_Controller" classname="WP_Test_REST_Users_Controller" file="/home/meng/Desktop/wptest/wordpress-develop/tests/phpunit/tests/rest-api/rest-users-controller.php" line="838" assertions="12" time="0.177059"/>
        <testcase name="test_get_items_who_author_query" class="WP_Test_REST_Users_Controller" classname="WP_Test_REST_Users_Controller" file="/home/meng/Desktop/wptest/wordpress-develop/tests/phpunit/tests/rest-api/rest-users-controller.php" line="863" assertions="12" time="0.114229"/>
        <testcase name="test_get_items_who_invalid_query" class="WP_Test_REST_Users_Controller" classname="WP_Test_REST_Users_Controller" file="/home/meng/Desktop/wptest/wordpress-develop/tests/phpunit/tests/rest-api/rest-users-controller.php" line="882" assertions="8" time="0.092446"/>
        <testcase name="test_get_items_who_unauthorized_query" class="WP_Test_REST_Users_Controller" classname="WP_Test_REST_Users_Controller" file="/home/meng/Desktop/wptest/wordpress-develop/tests/phpunit/tests/rest-api/rest-users-controller.php" line="895" assertions="8" time="0.101858"/>
        <testcase name="test_get_item" class="WP_Test_REST_Users_Controller" classname="WP_Test_REST_Users_Controller" file="/home/meng/Desktop/wptest/wordpress-develop/tests/phpunit/tests/rest-api/rest-users-controller.php" line="904" assertions="26" time="0.171174"/>
        <testcase name="test_prepare_item" class="WP_Test_REST_Users_Controller" classname="WP_Test_REST_Users_Controller" file="/home/meng/Desktop/wptest/wordpress-develop/tests/phpunit/tests/rest-api/rest-users-controller.php" line="914" assertions="26" time="0.250588"/>
        <testcase name="test_prepare_item_limit_fields" class="WP_Test_REST_Users_Controller" classname="WP_Test_REST_Users_Controller" file="/home/meng/Desktop/wptest/wordpress-develop/tests/phpunit/tests/rest-api/rest-users-controller.php" line="924" assertions="7" time="0.089933"/>
        <testcase name="test_get_user_avatar_urls" class="WP_Test_REST_Users_Controller" classname="WP_Test_REST_Users_Controller" file="/home/meng/Desktop/wptest/wordpress-develop/tests/phpunit/tests/rest-api/rest-users-controller.php" line="941" assertions="10" time="0.110979"/>
        <testcase name="test_get_user_invalid_id" class="WP_Test_REST_Users_Controller" classname="WP_Test_REST_Users_Controller" file="/home/meng/Desktop/wptest/wordpress-develop/tests/phpunit/tests/rest-api/rest-users-controller.php" line="958" assertions="8" time="0.094490"/>
        <testcase name="test_get_user_empty_capabilities" class="WP_Test_REST_Users_Controller" classname="WP_Test_REST_Users_Controller" file="/home/meng/Desktop/wptest/wordpress-develop/tests/phpunit/tests/rest-api/rest-users-controller.php" line="967" assertions="8" time="0.163147"/>
        <testcase name="test_cannot_get_item_without_permission" class="WP_Test_REST_Users_Controller" classname="WP_Test_REST_Users_Controller" file="/home/meng/Desktop/wptest/wordpress-develop/tests/phpunit/tests/rest-api/rest-users-controller.php" line="996" assertions="8" time="0.095829"/>
        <testcase name="test_can_get_item_author_of_rest_true_public_true_unauthenticated" class="WP_Test_REST_Users_Controller" classname="WP_Test_REST_Users_Controller" file="/home/meng/Desktop/wptest/wordpress-develop/tests/phpunit/tests/rest-api/rest-users-controller.php" line="1004" assertions="7" time="0.249335"/>
        <testcase name="test_can_get_item_author_of_rest_true_public_true_authenticated" class="WP_Test_REST_Users_Controller" classname="WP_Test_REST_Users_Controller" file="/home/meng/Desktop/wptest/wordpress-develop/tests/phpunit/tests/rest-api/rest-users-controller.php" line="1010" assertions="7" time="0.096315"/>
        <testcase name="test_can_get_item_author_of_rest_true_public_false" class="WP_Test_REST_Users_Controller" classname="WP_Test_REST_Users_Controller" file="/home/meng/Desktop/wptest/wordpress-develop/tests/phpunit/tests/rest-api/rest-users-controller.php" line="1018" assertions="7" time="0.094698"/>
        <testcase name="test_cannot_get_item_author_of_rest_false_public_true_unauthenticated" class="WP_Test_REST_Users_Controller" classname="WP_Test_REST_Users_Controller" file="/home/meng/Desktop/wptest/wordpress-develop/tests/phpunit/tests/rest-api/rest-users-controller.php" line="1024" assertions="8" time="0.100187"/>
        <testcase name="test_cannot_get_item_author_of_rest_false_public_true_without_permission" class="WP_Test_REST_Users_Controller" classname="WP_Test_REST_Users_Controller" file="/home/meng/Desktop/wptest/wordpress-develop/tests/phpunit/tests/rest-api/rest-users-controller.php" line="1030" assertions="8" time="0.100979"/>
        <testcase name="test_cannot_get_item_author_of_rest_false_public_false" class="WP_Test_REST_Users_Controller" classname="WP_Test_REST_Users_Controller" file="/home/meng/Desktop/wptest/wordpress-develop/tests/phpunit/tests/rest-api/rest-users-controller.php" line="1038" assertions="8" time="0.089497"/>
        <testcase name="test_can_get_item_author_of_post" class="WP_Test_REST_Users_Controller" classname="WP_Test_REST_Users_Controller" file="/home/meng/Desktop/wptest/wordpress-develop/tests/phpunit/tests/rest-api/rest-users-controller.php" line="1044" assertions="7" time="0.250084"/>
        <testcase name="test_cannot_get_item_author_of_draft" class="WP_Test_REST_Users_Controller" classname="WP_Test_REST_Users_Controller" file="/home/meng/Desktop/wptest/wordpress-develop/tests/phpunit/tests/rest-api/rest-users-controller.php" line="1050" assertions="8" time="0.091017"/>
        <testcase name="test_get_item_published_author_post" class="WP_Test_REST_Users_Controller" classname="WP_Test_REST_Users_Controller" file="/home/meng/Desktop/wptest/wordpress-develop/tests/phpunit/tests/rest-api/rest-users-controller.php" line="1056" assertions="26" time="0.176578"/>
        <testcase name="test_get_item_published_author_pages" class="WP_Test_REST_Users_Controller" classname="WP_Test_REST_Users_Controller" file="/home/meng/Desktop/wptest/wordpress-develop/tests/phpunit/tests/rest-api/rest-users-controller.php" line="1076" assertions="27" time="0.176351"/>
        <testcase name="test_get_user_with_edit_context" class="WP_Test_REST_Users_Controller" classname="WP_Test_REST_Users_Controller" file="/home/meng/Desktop/wptest/wordpress-develop/tests/phpunit/tests/rest-api/rest-users-controller.php" line="1100" assertions="26" time="0.178745"/>
        <testcase name="test_get_item_published_author_wrong_context" class="WP_Test_REST_Users_Controller" classname="WP_Test_REST_Users_Controller" file="/home/meng/Desktop/wptest/wordpress-develop/tests/phpunit/tests/rest-api/rest-users-controller.php" line="1111" assertions="8" time="0.172094"/>
        <testcase name="test_get_current_user" class="WP_Test_REST_Users_Controller" classname="WP_Test_REST_Users_Controller" file="/home/meng/Desktop/wptest/wordpress-develop/tests/phpunit/tests/rest-api/rest-users-controller.php" line="1132" assertions="30" time="0.253697"/>
        <testcase name="test_get_current_user_without_permission" class="WP_Test_REST_Users_Controller" classname="WP_Test_REST_Users_Controller" file="/home/meng/Desktop/wptest/wordpress-develop/tests/phpunit/tests/rest-api/rest-users-controller.php" line="1147" assertions="8" time="0.086959"/>
        <testcase name="test_create_item" class="WP_Test_REST_Users_Controller" classname="WP_Test_REST_Users_Controller" file="/home/meng/Desktop/wptest/wordpress-develop/tests/phpunit/tests/rest-api/rest-users-controller.php" line="1155" assertions="29" time="0.185891"/>
        <testcase name="test_create_item_invalid_username" class="WP_Test_REST_Users_Controller" classname="WP_Test_REST_Users_Controller" file="/home/meng/Desktop/wptest/wordpress-develop/tests/phpunit/tests/rest-api/rest-users-controller.php" line="1183" assertions="11" time="0.093583"/>
        <testcase name="test_create_item_illegal_username" class="WP_Test_REST_Users_Controller" classname="WP_Test_REST_Users_Controller" file="/home/meng/Desktop/wptest/wordpress-develop/tests/phpunit/tests/rest-api/rest-users-controller.php" line="1231" assertions="11" time="0.099579"/>
        <testcase name="test_json_create_user" class="WP_Test_REST_Users_Controller" classname="WP_Test_REST_Users_Controller" file="/home/meng/Desktop/wptest/wordpress-develop/tests/phpunit/tests/rest-api/rest-users-controller.php" line="1398" assertions="27" time="0.168470"/>
        <testcase name="test_create_user_without_permission" class="WP_Test_REST_Users_Controller" classname="WP_Test_REST_Users_Controller" file="/home/meng/Desktop/wptest/wordpress-develop/tests/phpunit/tests/rest-api/rest-users-controller.php" line="1417" assertions="8" time="0.239837"/>
        <testcase name="test_create_user_invalid_id" class="WP_Test_REST_Users_Controller" classname="WP_Test_REST_Users_Controller" file="/home/meng/Desktop/wptest/wordpress-develop/tests/phpunit/tests/rest-api/rest-users-controller.php" line="1434" assertions="8" time="0.107182"/>
        <testcase name="test_create_user_invalid_email" class="WP_Test_REST_Users_Controller" classname="WP_Test_REST_Users_Controller" file="/home/meng/Desktop/wptest/wordpress-develop/tests/phpunit/tests/rest-api/rest-users-controller.php" line="1454" assertions="8" time="0.102978"/>
        <testcase name="test_create_user_invalid_role" class="WP_Test_REST_Users_Controller" classname="WP_Test_REST_Users_Controller" file="/home/meng/Desktop/wptest/wordpress-develop/tests/phpunit/tests/rest-api/rest-users-controller.php" line="1473" assertions="8" time="0.093330"/>
        <testcase name="test_update_item" class="WP_Test_REST_Users_Controller" classname="WP_Test_REST_Users_Controller" file="/home/meng/Desktop/wptest/wordpress-develop/tests/phpunit/tests/rest-api/rest-users-controller.php" line="1493" assertions="32" time="0.178823"/>
        <testcase name="test_update_item_no_change" class="WP_Test_REST_Users_Controller" classname="WP_Test_REST_Users_Controller" file="/home/meng/Desktop/wptest/wordpress-develop/tests/phpunit/tests/rest-api/rest-users-controller.php" line="1540" assertions="10" time="0.163352"/>
        <testcase name="test_update_item_existing_email" class="WP_Test_REST_Users_Controller" classname="WP_Test_REST_Users_Controller" file="/home/meng/Desktop/wptest/wordpress-develop/tests/phpunit/tests/rest-api/rest-users-controller.php" line="1559" assertions="6" time="0.378856"/>
        <testcase name="test_update_item_existing_email_case" class="WP_Test_REST_Users_Controller" classname="WP_Test_REST_Users_Controller" file="/home/meng/Desktop/wptest/wordpress-develop/tests/phpunit/tests/rest-api/rest-users-controller.php" line="1587" assertions="8" time="0.126595"/>
        <testcase name="test_update_item_existing_email_case_not_own" class="WP_Test_REST_Users_Controller" classname="WP_Test_REST_Users_Controller" file="/home/meng/Desktop/wptest/wordpress-develop/tests/phpunit/tests/rest-api/rest-users-controller.php" line="1606" assertions="6" time="0.098358"/>
        <testcase name="test_update_item_invalid_locale" class="WP_Test_REST_Users_Controller" classname="WP_Test_REST_Users_Controller" file="/home/meng/Desktop/wptest/wordpress-develop/tests/phpunit/tests/rest-api/rest-users-controller.php" line="1623" assertions="6" time="0.148000"/>
        <testcase name="test_update_item_en_US_locale" class="WP_Test_REST_Users_Controller" classname="WP_Test_REST_Users_Controller" file="/home/meng/Desktop/wptest/wordpress-develop/tests/phpunit/tests/rest-api/rest-users-controller.php" line="1642" assertions="27" time="0.180377"/>
        <testcase name="test_update_item_empty_locale" class="WP_Test_REST_Users_Controller" classname="WP_Test_REST_Users_Controller" file="/home/meng/Desktop/wptest/wordpress-develop/tests/phpunit/tests/rest-api/rest-users-controller.php" line="1666" assertions="28" time="0.193128"/>
        <testcase name="test_update_item_username_attempt" class="WP_Test_REST_Users_Controller" classname="WP_Test_REST_Users_Controller" file="/home/meng/Desktop/wptest/wordpress-develop/tests/phpunit/tests/rest-api/rest-users-controller.php" line="1690" assertions="6" time="0.378488"/>
        <testcase name="test_update_item_existing_nicename" class="WP_Test_REST_Users_Controller" classname="WP_Test_REST_Users_Controller" file="/home/meng/Desktop/wptest/wordpress-develop/tests/phpunit/tests/rest-api/rest-users-controller.php" line="1715" assertions="6" time="0.215922"/>
        <testcase name="test_json_update_user" class="WP_Test_REST_Users_Controller" classname="WP_Test_REST_Users_Controller" file="/home/meng/Desktop/wptest/wordpress-develop/tests/phpunit/tests/rest-api/rest-users-controller.php" line="1740" assertions="31" time="0.191456"/>
        <testcase name="test_update_user_role" class="WP_Test_REST_Users_Controller" classname="WP_Test_REST_Users_Controller" file="/home/meng/Desktop/wptest/wordpress-develop/tests/phpunit/tests/rest-api/rest-users-controller.php" line="1785" assertions="10" time="0.201884"/>
        <testcase name="test_update_user_multiple_roles" class="WP_Test_REST_Users_Controller" classname="WP_Test_REST_Users_Controller" file="/home/meng/Desktop/wptest/wordpress-develop/tests/phpunit/tests/rest-api/rest-users-controller.php" line="1806" assertions="10" time="0.212326"/>
        <testcase name="test_update_user_role_invalid_privilege_escalation" class="WP_Test_REST_Users_Controller" classname="WP_Test_REST_Users_Controller" file="/home/meng/Desktop/wptest/wordpress-develop/tests/phpunit/tests/rest-api/rest-users-controller.php" line="1827" assertions="16" time="0.112329"/>
        <testcase name="test_update_user_role_invalid_privilege_deescalation" class="WP_Test_REST_Users_Controller" classname="WP_Test_REST_Users_Controller" file="/home/meng/Desktop/wptest/wordpress-develop/tests/phpunit/tests/rest-api/rest-users-controller.php" line="1852" assertions="16" time="0.339081"/>
        <testcase name="test_update_user_role_invalid_role" class="WP_Test_REST_Users_Controller" classname="WP_Test_REST_Users_Controller" file="/home/meng/Desktop/wptest/wordpress-develop/tests/phpunit/tests/rest-api/rest-users-controller.php" line="1912" assertions="16" time="0.109368"/>
        <testcase name="test_update_user_without_permission" class="WP_Test_REST_Users_Controller" classname="WP_Test_REST_Users_Controller" file="/home/meng/Desktop/wptest/wordpress-develop/tests/phpunit/tests/rest-api/rest-users-controller.php" line="1938" assertions="12" time="0.104465"/>
        <testcase name="test_update_user_invalid_id" class="WP_Test_REST_Users_Controller" classname="WP_Test_REST_Users_Controller" file="/home/meng/Desktop/wptest/wordpress-develop/tests/phpunit/tests/rest-api/rest-users-controller.php" line="1962" assertions="8" time="0.100466"/>
        <testcase name="test_update_item_only_roles_as_editor" class="WP_Test_REST_Users_Controller" classname="WP_Test_REST_Users_Controller" file="/home/meng/Desktop/wptest/wordpress-develop/tests/phpunit/tests/rest-api/rest-users-controller.php" line="1985" assertions="8" time="0.165247"/>
        <testcase name="test_update_item_only_roles_as_site_administrator" class="WP_Test_REST_Users_Controller" classname="WP_Test_REST_Users_Controller" file="/home/meng/Desktop/wptest/wordpress-develop/tests/phpunit/tests/rest-api/rest-users-controller.php" line="2003" assertions="8" time="0.183117"/>
        <testcase name="test_update_item_including_roles_and_other_params" class="WP_Test_REST_Users_Controller" classname="WP_Test_REST_Users_Controller" file="/home/meng/Desktop/wptest/wordpress-develop/tests/phpunit/tests/rest-api/rest-users-controller.php" line="2024" assertions="8" time="0.366846"/>
        <testcase name="test_update_item_invalid_password" class="WP_Test_REST_Users_Controller" classname="WP_Test_REST_Users_Controller" file="/home/meng/Desktop/wptest/wordpress-develop/tests/phpunit/tests/rest-api/rest-users-controller.php" line="2054" assertions="12" time="0.110668"/>
        <testcase name="test_user_roundtrip_as_editor" class="WP_Test_REST_Users_Controller" classname="WP_Test_REST_Users_Controller" file="/home/meng/Desktop/wptest/wordpress-develop/tests/phpunit/tests/rest-api/rest-users-controller.php" line="2143" assertions="21" time="0.186354"/>
        <testcase name="test_user_roundtrip_as_editor_html" class="WP_Test_REST_Users_Controller" classname="WP_Test_REST_Users_Controller" file="/home/meng/Desktop/wptest/wordpress-develop/tests/phpunit/tests/rest-api/rest-users-controller.php" line="2170" assertions="21" time="0.184404"/>
        <testcase name="test_user_roundtrip_as_superadmin" class="WP_Test_REST_Users_Controller" classname="WP_Test_REST_Users_Controller" file="/home/meng/Desktop/wptest/wordpress-develop/tests/phpunit/tests/rest-api/rest-users-controller.php" line="2222" assertions="42" time="0.293520"/>
        <testcase name="test_user_roundtrip_as_superadmin_html" class="WP_Test_REST_Users_Controller" classname="WP_Test_REST_Users_Controller" file="/home/meng/Desktop/wptest/wordpress-develop/tests/phpunit/tests/rest-api/rest-users-controller.php" line="2251" assertions="42" time="0.279323"/>
        <testcase name="test_delete_item" class="WP_Test_REST_Users_Controller" classname="WP_Test_REST_Users_Controller" file="/home/meng/Desktop/wptest/wordpress-develop/tests/phpunit/tests/rest-api/rest-users-controller.php" line="2280" assertions="9" time="0.355861"/>
        <testcase name="test_delete_item_no_trash" class="WP_Test_REST_Users_Controller" classname="WP_Test_REST_Users_Controller" file="/home/meng/Desktop/wptest/wordpress-develop/tests/phpunit/tests/rest-api/rest-users-controller.php" line="2305" assertions="13" time="0.169305"/>
        <testcase name="test_delete_current_item" class="WP_Test_REST_Users_Controller" classname="WP_Test_REST_Users_Controller" file="/home/meng/Desktop/wptest/wordpress-develop/tests/phpunit/tests/rest-api/rest-users-controller.php" line="2335" assertions="9" time="0.207712"/>
        <testcase name="test_delete_current_item_no_trash" class="WP_Test_REST_Users_Controller" classname="WP_Test_REST_Users_Controller" file="/home/meng/Desktop/wptest/wordpress-develop/tests/phpunit/tests/rest-api/rest-users-controller.php" line="2364" assertions="13" time="0.180700"/>
        <testcase name="test_delete_user_without_permission" class="WP_Test_REST_Users_Controller" classname="WP_Test_REST_Users_Controller" file="/home/meng/Desktop/wptest/wordpress-develop/tests/phpunit/tests/rest-api/rest-users-controller.php" line="2397" assertions="12" time="0.190223"/>
        <testcase name="test_delete_user_invalid_id" class="WP_Test_REST_Users_Controller" classname="WP_Test_REST_Users_Controller" file="/home/meng/Desktop/wptest/wordpress-develop/tests/phpunit/tests/rest-api/rest-users-controller.php" line="2419" assertions="8" time="0.105422"/>
        <testcase name="test_delete_user_reassign" class="WP_Test_REST_Users_Controller" classname="WP_Test_REST_Users_Controller" file="/home/meng/Desktop/wptest/wordpress-develop/tests/phpunit/tests/rest-api/rest-users-controller.php" line="2432" assertions="9" time="0.446796"/>
        <testcase name="test_delete_user_invalid_reassign_id" class="WP_Test_REST_Users_Controller" classname="WP_Test_REST_Users_Controller" file="/home/meng/Desktop/wptest/wordpress-develop/tests/phpunit/tests/rest-api/rest-users-controller.php" line="2469" assertions="8" time="0.171692"/>
        <testcase name="test_delete_user_invalid_reassign_passed_as_string" class="WP_Test_REST_Users_Controller" classname="WP_Test_REST_Users_Controller" file="/home/meng/Desktop/wptest/wordpress-develop/tests/phpunit/tests/rest-api/rest-users-controller.php" line="2490" assertions="8" time="0.170760"/>
        <testcase name="test_delete_user_reassign_passed_as_boolean_false_trashes_post" class="WP_Test_REST_Users_Controller" classname="WP_Test_REST_Users_Controller" file="/home/meng/Desktop/wptest/wordpress-develop/tests/phpunit/tests/rest-api/rest-users-controller.php" line="2505" assertions="7" time="0.241854"/>
        <testcase name="test_delete_user_reassign_passed_as_string_false_trashes_post" class="WP_Test_REST_Users_Controller" classname="WP_Test_REST_Users_Controller" file="/home/meng/Desktop/wptest/wordpress-develop/tests/phpunit/tests/rest-api/rest-users-controller.php" line="2533" assertions="7" time="0.241010"/>
        <testcase name="test_delete_user_reassign_passed_as_empty_string_trashes_post" class="WP_Test_REST_Users_Controller" classname="WP_Test_REST_Users_Controller" file="/home/meng/Desktop/wptest/wordpress-develop/tests/phpunit/tests/rest-api/rest-users-controller.php" line="2561" assertions="7" time="0.256927"/>
        <testcase name="test_delete_user_reassign_passed_as_0_reassigns_author" class="WP_Test_REST_Users_Controller" classname="WP_Test_REST_Users_Controller" file="/home/meng/Desktop/wptest/wordpress-develop/tests/phpunit/tests/rest-api/rest-users-controller.php" line="2589" assertions="7" time="0.358410"/>
        <testcase name="test_get_item_schema" class="WP_Test_REST_Users_Controller" classname="WP_Test_REST_Users_Controller" file="/home/meng/Desktop/wptest/wordpress-develop/tests/phpunit/tests/rest-api/rest-users-controller.php" line="2617" assertions="26" time="0.097208"/>
        <testcase name="test_get_item_schema_show_avatar" class="WP_Test_REST_Users_Controller" classname="WP_Test_REST_Users_Controller" file="/home/meng/Desktop/wptest/wordpress-develop/tests/phpunit/tests/rest-api/rest-users-controller.php" line="2646" assertions="7" time="0.104396"/>
        <testcase name="test_get_additional_field_registration" class="WP_Test_REST_Users_Controller" classname="WP_Test_REST_Users_Controller" file="/home/meng/Desktop/wptest/wordpress-develop/tests/phpunit/tests/rest-api/rest-users-controller.php" line="2663" assertions="18" time="0.230235"/>
        <testcase name="test_additional_field_update_errors" class="WP_Test_REST_Users_Controller" classname="WP_Test_REST_Users_Controller" file="/home/meng/Desktop/wptest/wordpress-develop/tests/phpunit/tests/rest-api/rest-users-controller.php" line="2725" assertions="8" time="0.123748"/>
        <testsuite name="WP_Test_REST_Users_Controller::test_get_default_value" tests="6" assertions="60" errors="0" failures="0" skipped="0" time="0.774005">
          <testcase name="test_get_default_value with data set #0" class="WP_Test_REST_Users_Controller" classname="WP_Test_REST_Users_Controller" file="/home/meng/Desktop/wptest/wordpress-develop/tests/phpunit/tests/rest-api/rest-users-controller.php" line="2897" assertions="10" time="0.104770"/>
          <testcase name="test_get_default_value with data set #1" class="WP_Test_REST_Users_Controller" classname="WP_Test_REST_Users_Controller" file="/home/meng/Desktop/wptest/wordpress-develop/tests/phpunit/tests/rest-api/rest-users-controller.php" line="2897" assertions="10" time="0.273236"/>
          <testcase name="test_get_default_value with data set #2" class="WP_Test_REST_Users_Controller" classname="WP_Test_REST_Users_Controller" file="/home/meng/Desktop/wptest/wordpress-develop/tests/phpunit/tests/rest-api/rest-users-controller.php" line="2897" assertions="10" time="0.099635"/>
          <testcase name="test_get_default_value with data set #3" class="WP_Test_REST_Users_Controller" classname="WP_Test_REST_Users_Controller" file="/home/meng/Desktop/wptest/wordpress-develop/tests/phpunit/tests/rest-api/rest-users-controller.php" line="2897" assertions="10" time="0.100323"/>
          <testcase name="test_get_default_value with data set #4" class="WP_Test_REST_Users_Controller" classname="WP_Test_REST_Users_Controller" file="/home/meng/Desktop/wptest/wordpress-develop/tests/phpunit/tests/rest-api/rest-users-controller.php" line="2897" assertions="10" time="0.099096"/>
          <testcase name="test_get_default_value with data set #5" class="WP_Test_REST_Users_Controller" classname="WP_Test_REST_Users_Controller" file="/home/meng/Desktop/wptest/wordpress-develop/tests/phpunit/tests/rest-api/rest-users-controller.php" line="2897" assertions="10" time="0.096945"/>
        </testsuite>
      </testsuite>
      <testsuite name="Tests_Rewrite" file="/home/meng/Desktop/wptest/wordpress-develop/tests/phpunit/tests/rewrite.php" tests="20" assertions="51" errors="0" failures="0" skipped="0" time="2.092103">
        <testcase name="test_add_rule" class="Tests_Rewrite" classname="Tests_Rewrite" file="/home/meng/Desktop/wptest/wordpress-develop/tests/phpunit/tests/rewrite.php" line="31" assertions="1" time="0.070687"/>
        <testcase name="test_add_rule_redirect_array" class="Tests_Rewrite" classname="Tests_Rewrite" file="/home/meng/Desktop/wptest/wordpress-develop/tests/phpunit/tests/rewrite.php" line="49" assertions="1" time="0.083941"/>
        <testcase name="test_add_rule_top" class="Tests_Rewrite" classname="Tests_Rewrite" file="/home/meng/Desktop/wptest/wordpress-develop/tests/phpunit/tests/rewrite.php" line="73" assertions="1" time="0.068418"/>
        <testcase name="test_url_to_postid" class="Tests_Rewrite" classname="Tests_Rewrite" file="/home/meng/Desktop/wptest/wordpress-develop/tests/phpunit/tests/rewrite.php" line="88" assertions="2" time="0.118704"/>
        <testcase name="test_url_to_postid_set_url_scheme_https_to_http" class="Tests_Rewrite" classname="Tests_Rewrite" file="/home/meng/Desktop/wptest/wordpress-develop/tests/phpunit/tests/rewrite.php" line="97" assertions="2" time="0.117956"/>
        <testcase name="test_url_to_postid_set_url_scheme_http_to_https" class="Tests_Rewrite" classname="Tests_Rewrite" file="/home/meng/Desktop/wptest/wordpress-develop/tests/phpunit/tests/rewrite.php" line="107" assertions="2" time="0.111758"/>
        <testcase name="test_url_to_postid_custom_post_type" class="Tests_Rewrite" classname="Tests_Rewrite" file="/home/meng/Desktop/wptest/wordpress-develop/tests/phpunit/tests/rewrite.php" line="173" assertions="1" time="0.092008"/>
        <testcase name="test_url_to_postid_hierarchical" class="Tests_Rewrite" classname="Tests_Rewrite" file="/home/meng/Desktop/wptest/wordpress-develop/tests/phpunit/tests/rewrite.php" line="185" assertions="2" time="0.104033"/>
        <testcase name="test_url_to_postid_hierarchical_with_matching_leaves" class="Tests_Rewrite" classname="Tests_Rewrite" file="/home/meng/Desktop/wptest/wordpress-develop/tests/phpunit/tests/rewrite.php" line="205" assertions="4" time="0.149112"/>
        <testcase name="test_url_to_postid_home_has_path" class="Tests_Rewrite" classname="Tests_Rewrite" file="/home/meng/Desktop/wptest/wordpress-develop/tests/phpunit/tests/rewrite.php" line="248" assertions="9" time="0.147876"/>
        <testcase name="test_parse_request_home_path" class="Tests_Rewrite" classname="Tests_Rewrite" file="/home/meng/Desktop/wptest/wordpress-develop/tests/phpunit/tests/rewrite.php" line="274" assertions="2" time="0.095120"/>
        <testcase name="test_parse_request_home_path_with_regex_character" class="Tests_Rewrite" classname="Tests_Rewrite" file="/home/meng/Desktop/wptest/wordpress-develop/tests/phpunit/tests/rewrite.php" line="294" assertions="4" time="0.105488"/>
        <testcase name="test_parse_request_home_path_non_public_type" class="Tests_Rewrite" classname="Tests_Rewrite" file="/home/meng/Desktop/wptest/wordpress-develop/tests/phpunit/tests/rewrite.php" line="331" assertions="1" time="0.074257"/>
        <testcase name="test_url_to_postid_dupe_path" class="Tests_Rewrite" classname="Tests_Rewrite" file="/home/meng/Desktop/wptest/wordpress-develop/tests/phpunit/tests/rewrite.php" line="343" assertions="4" time="0.117923"/>
        <testcase name="test_url_to_postid_home_url_collision" class="Tests_Rewrite" classname="Tests_Rewrite" file="/home/meng/Desktop/wptest/wordpress-develop/tests/phpunit/tests/rewrite.php" line="363" assertions="1" time="0.103354"/>
        <testcase name="test_url_to_postid_with_post_slug_that_clashes_with_a_trashed_page" class="Tests_Rewrite" classname="Tests_Rewrite" file="/home/meng/Desktop/wptest/wordpress-develop/tests/phpunit/tests/rewrite.php" line="405" assertions="1" time="0.115043"/>
        <testcase name="test_url_to_postid_static_front_page" class="Tests_Rewrite" classname="Tests_Rewrite" file="/home/meng/Desktop/wptest/wordpress-develop/tests/phpunit/tests/rewrite.php" line="422" assertions="6" time="0.092787"/>
        <testcase name="test_url_to_postid_should_bail_when_host_does_not_match" class="Tests_Rewrite" classname="Tests_Rewrite" file="/home/meng/Desktop/wptest/wordpress-develop/tests/phpunit/tests/rewrite.php" line="442" assertions="2" time="0.107252"/>
        <testcase name="test_parse_request_with_post_slug_that_clashes_with_a_trashed_page" class="Tests_Rewrite" classname="Tests_Rewrite" file="/home/meng/Desktop/wptest/wordpress-develop/tests/phpunit/tests/rewrite.php" line="456" assertions="2" time="0.132895"/>
        <testcase name="test_flush_rules_does_not_delete_option" class="Tests_Rewrite" classname="Tests_Rewrite" file="/home/meng/Desktop/wptest/wordpress-develop/tests/phpunit/tests/rewrite.php" line="476" assertions="3" time="0.083491"/>
      </testsuite>
      <testsuite name="Tests_Rewrite_AddRewriteEndpoint" file="/home/meng/Desktop/wptest/wordpress-develop/tests/phpunit/tests/rewrite/addRewriteEndpoint.php" tests="8" assertions="17" errors="0" failures="0" skipped="0" time="0.524302">
        <testcase name="test_should_register_query_using_name_param_by_default" class="Tests_Rewrite_AddRewriteEndpoint" classname="Tests_Rewrite_AddRewriteEndpoint" file="/home/meng/Desktop/wptest/wordpress-develop/tests/phpunit/tests/rewrite/addRewriteEndpoint.php" line="33" assertions="1" time="0.052209"/>
        <testcase name="test_should_register_query_using_name_param_if_null_is_passed_as_query_var" class="Tests_Rewrite_AddRewriteEndpoint" classname="Tests_Rewrite_AddRewriteEndpoint" file="/home/meng/Desktop/wptest/wordpress-develop/tests/phpunit/tests/rewrite/addRewriteEndpoint.php" line="38" assertions="1" time="0.062899"/>
        <testcase name="test_should_register_query_using_query_var_param_if_not_null" class="Tests_Rewrite_AddRewriteEndpoint" classname="Tests_Rewrite_AddRewriteEndpoint" file="/home/meng/Desktop/wptest/wordpress-develop/tests/phpunit/tests/rewrite/addRewriteEndpoint.php" line="43" assertions="1" time="0.050796"/>
        <testcase name="test_should_register_query_var_using_name_param_if_true_is_passed_as_query_var" class="Tests_Rewrite_AddRewriteEndpoint" classname="Tests_Rewrite_AddRewriteEndpoint" file="/home/meng/Desktop/wptest/wordpress-develop/tests/phpunit/tests/rewrite/addRewriteEndpoint.php" line="51" assertions="1" time="0.049850"/>
        <testcase name="test_should_not_register_query_var_if_query_var_param_is_false" class="Tests_Rewrite_AddRewriteEndpoint" classname="Tests_Rewrite_AddRewriteEndpoint" file="/home/meng/Desktop/wptest/wordpress-develop/tests/phpunit/tests/rewrite/addRewriteEndpoint.php" line="59" assertions="1" time="0.051226"/>
        <testcase name="test_is_home_should_be_false_when_visiting_custom_endpoint_without_a_registered_query_var_and_page_on_front_is_set" class="Tests_Rewrite_AddRewriteEndpoint" classname="Tests_Rewrite_AddRewriteEndpoint" file="/home/meng/Desktop/wptest/wordpress-develop/tests/phpunit/tests/rewrite/addRewriteEndpoint.php" line="68" assertions="4" time="0.086935"/>
        <testcase name="test_permalink_endpoint_only_applies_on_permalink" class="Tests_Rewrite_AddRewriteEndpoint" classname="Tests_Rewrite_AddRewriteEndpoint" file="/home/meng/Desktop/wptest/wordpress-develop/tests/phpunit/tests/rewrite/addRewriteEndpoint.php" line="82" assertions="4" time="0.084975"/>
        <testcase name="test_page_endpoint_only_applies_on_page" class="Tests_Rewrite_AddRewriteEndpoint" classname="Tests_Rewrite_AddRewriteEndpoint" file="/home/meng/Desktop/wptest/wordpress-develop/tests/phpunit/tests/rewrite/addRewriteEndpoint.php" line="97" assertions="4" time="0.085412"/>
      </testsuite>
      <testsuite name="Tests_Rewrite_AddRewriteRule" file="/home/meng/Desktop/wptest/wordpress-develop/tests/phpunit/tests/rewrite/addRewriteRule.php" tests="2" assertions="2" errors="0" failures="0" skipped="0" time="0.127424">
        <testcase name="test_add_rewrite_rule_redirect" class="Tests_Rewrite_AddRewriteRule" classname="Tests_Rewrite_AddRewriteRule" file="/home/meng/Desktop/wptest/wordpress-develop/tests/phpunit/tests/rewrite/addRewriteRule.php" line="17" assertions="1" time="0.064192"/>
        <testcase name="test_add_rewrite_rule_redirect_array" class="Tests_Rewrite_AddRewriteRule" classname="Tests_Rewrite_AddRewriteRule" file="/home/meng/Desktop/wptest/wordpress-develop/tests/phpunit/tests/rewrite/addRewriteRule.php" line="34" assertions="1" time="0.063232"/>
      </testsuite>
      <testsuite name="Tests_Rewrite_NumericSlugs" file="/home/meng/Desktop/wptest/wordpress-develop/tests/phpunit/tests/rewrite/numericSlugs.php" tests="23" assertions="34" errors="0" failures="0" skipped="0" time="3.531442">
        <testcase name="test_go_to_year_segment_collision_without_title" class="Tests_Rewrite_NumericSlugs" classname="Tests_Rewrite_NumericSlugs" file="/home/meng/Desktop/wptest/wordpress-develop/tests/phpunit/tests/rewrite/numericSlugs.php" line="23" assertions="2" time="0.155698"/>
        <testcase name="test_url_to_postid_year_segment_collision_without_title" class="Tests_Rewrite_NumericSlugs" classname="Tests_Rewrite_NumericSlugs" file="/home/meng/Desktop/wptest/wordpress-develop/tests/phpunit/tests/rewrite/numericSlugs.php" line="53" assertions="1" time="0.150863"/>
        <testcase name="test_go_to_year_segment_collision_with_title" class="Tests_Rewrite_NumericSlugs" classname="Tests_Rewrite_NumericSlugs" file="/home/meng/Desktop/wptest/wordpress-develop/tests/phpunit/tests/rewrite/numericSlugs.php" line="81" assertions="2" time="0.151553"/>
        <testcase name="test_url_to_postid_year_segment_collision_with_title" class="Tests_Rewrite_NumericSlugs" classname="Tests_Rewrite_NumericSlugs" file="/home/meng/Desktop/wptest/wordpress-develop/tests/phpunit/tests/rewrite/numericSlugs.php" line="99" assertions="1" time="0.140930"/>
        <testcase name="test_go_to_month_segment_collision_without_title" class="Tests_Rewrite_NumericSlugs" classname="Tests_Rewrite_NumericSlugs" file="/home/meng/Desktop/wptest/wordpress-develop/tests/phpunit/tests/rewrite/numericSlugs.php" line="115" assertions="2" time="0.148154"/>
        <testcase name="test_url_to_postid_month_segment_collision_without_title" class="Tests_Rewrite_NumericSlugs" classname="Tests_Rewrite_NumericSlugs" file="/home/meng/Desktop/wptest/wordpress-develop/tests/phpunit/tests/rewrite/numericSlugs.php" line="134" assertions="1" time="0.141777"/>
        <testcase name="test_go_to_month_segment_collision_without_title_no_leading_zero" class="Tests_Rewrite_NumericSlugs" classname="Tests_Rewrite_NumericSlugs" file="/home/meng/Desktop/wptest/wordpress-develop/tests/phpunit/tests/rewrite/numericSlugs.php" line="151" assertions="2" time="0.152233"/>
        <testcase name="test_url_to_postid_month_segment_collision_without_title_no_leading_zero" class="Tests_Rewrite_NumericSlugs" classname="Tests_Rewrite_NumericSlugs" file="/home/meng/Desktop/wptest/wordpress-develop/tests/phpunit/tests/rewrite/numericSlugs.php" line="170" assertions="1" time="0.142046"/>
        <testcase name="test_go_to_month_segment_collision_with_title" class="Tests_Rewrite_NumericSlugs" classname="Tests_Rewrite_NumericSlugs" file="/home/meng/Desktop/wptest/wordpress-develop/tests/phpunit/tests/rewrite/numericSlugs.php" line="187" assertions="2" time="0.157746"/>
        <testcase name="test_url_to_postid_month_segment_collision_with_title" class="Tests_Rewrite_NumericSlugs" classname="Tests_Rewrite_NumericSlugs" file="/home/meng/Desktop/wptest/wordpress-develop/tests/phpunit/tests/rewrite/numericSlugs.php" line="205" assertions="1" time="0.151526"/>
        <testcase name="test_go_to_month_segment_collision_with_title_no_leading_zero" class="Tests_Rewrite_NumericSlugs" classname="Tests_Rewrite_NumericSlugs" file="/home/meng/Desktop/wptest/wordpress-develop/tests/phpunit/tests/rewrite/numericSlugs.php" line="221" assertions="2" time="0.150452"/>
        <testcase name="test_url_to_postid_month_segment_collision_with_title_no_leading_zero" class="Tests_Rewrite_NumericSlugs" classname="Tests_Rewrite_NumericSlugs" file="/home/meng/Desktop/wptest/wordpress-develop/tests/phpunit/tests/rewrite/numericSlugs.php" line="239" assertions="1" time="0.159337"/>
        <testcase name="test_go_to_day_segment_collision_without_title" class="Tests_Rewrite_NumericSlugs" classname="Tests_Rewrite_NumericSlugs" file="/home/meng/Desktop/wptest/wordpress-develop/tests/phpunit/tests/rewrite/numericSlugs.php" line="255" assertions="2" time="0.169273"/>
        <testcase name="test_url_to_postid_day_segment_collision_without_title" class="Tests_Rewrite_NumericSlugs" classname="Tests_Rewrite_NumericSlugs" file="/home/meng/Desktop/wptest/wordpress-develop/tests/phpunit/tests/rewrite/numericSlugs.php" line="274" assertions="1" time="0.145560"/>
        <testcase name="test_go_to_day_segment_collision_with_title" class="Tests_Rewrite_NumericSlugs" classname="Tests_Rewrite_NumericSlugs" file="/home/meng/Desktop/wptest/wordpress-develop/tests/phpunit/tests/rewrite/numericSlugs.php" line="291" assertions="2" time="0.172573"/>
        <testcase name="test_url_to_postid_day_segment_collision_with_title" class="Tests_Rewrite_NumericSlugs" classname="Tests_Rewrite_NumericSlugs" file="/home/meng/Desktop/wptest/wordpress-develop/tests/phpunit/tests/rewrite/numericSlugs.php" line="309" assertions="1" time="0.145131"/>
        <testcase name="test_numeric_slug_permalink_conflicts_should_only_be_resolved_for_the_main_query" class="Tests_Rewrite_NumericSlugs" classname="Tests_Rewrite_NumericSlugs" file="/home/meng/Desktop/wptest/wordpress-develop/tests/phpunit/tests/rewrite/numericSlugs.php" line="325" assertions="2" time="0.150305"/>
        <testcase name="test_month_slug_collision_should_resolve_to_date_archive_when_year_does_not_match_post_year" class="Tests_Rewrite_NumericSlugs" classname="Tests_Rewrite_NumericSlugs" file="/home/meng/Desktop/wptest/wordpress-develop/tests/phpunit/tests/rewrite/numericSlugs.php" line="350" assertions="1" time="0.179478"/>
        <testcase name="test_day_slug_collision_should_resolve_to_date_archive_when_monthnum_does_not_match_post_month" class="Tests_Rewrite_NumericSlugs" classname="Tests_Rewrite_NumericSlugs" file="/home/meng/Desktop/wptest/wordpress-develop/tests/phpunit/tests/rewrite/numericSlugs.php" line="382" assertions="1" time="0.173791"/>
        <testcase name="test_date_slug_collision_should_distinguish_valid_pagination_from_date" class="Tests_Rewrite_NumericSlugs" classname="Tests_Rewrite_NumericSlugs" file="/home/meng/Desktop/wptest/wordpress-develop/tests/phpunit/tests/rewrite/numericSlugs.php" line="414" assertions="1" time="0.148719"/>
        <testcase name="test_date_slug_collision_should_distinguish_too_high_pagination_from_date" class="Tests_Rewrite_NumericSlugs" classname="Tests_Rewrite_NumericSlugs" file="/home/meng/Desktop/wptest/wordpress-develop/tests/phpunit/tests/rewrite/numericSlugs.php" line="432" assertions="1" time="0.148788"/>
        <testcase name="test_date_slug_collision_should_not_require_pagination_query_var" class="Tests_Rewrite_NumericSlugs" classname="Tests_Rewrite_NumericSlugs" file="/home/meng/Desktop/wptest/wordpress-develop/tests/phpunit/tests/rewrite/numericSlugs.php" line="450" assertions="3" time="0.148379"/>
        <testcase name="test_date_slug_collision_should_be_ignored_when_pagination_var_is_present_but_post_does_not_have_multiple_pages" class="Tests_Rewrite_NumericSlugs" classname="Tests_Rewrite_NumericSlugs" file="/home/meng/Desktop/wptest/wordpress-develop/tests/phpunit/tests/rewrite/numericSlugs.php" line="469" assertions="1" time="0.147130"/>
      </testsuite>
      <testsuite name="Tests_Rewrite_OldDateRedirect" file="/home/meng/Desktop/wptest/wordpress-develop/tests/phpunit/tests/rewrite/oldDateRedirect.php" tests="7" assertions="16" errors="0" failures="0" skipped="0" time="0.942632">
        <testcase name="test_old_date_redirect" class="Tests_Rewrite_OldDateRedirect" classname="Tests_Rewrite_OldDateRedirect" file="/home/meng/Desktop/wptest/wordpress-develop/tests/phpunit/tests/rewrite/oldDateRedirect.php" line="50" assertions="1" time="0.111832"/>
        <testcase name="test_old_date_slug_redirect" class="Tests_Rewrite_OldDateRedirect" classname="Tests_Rewrite_OldDateRedirect" file="/home/meng/Desktop/wptest/wordpress-develop/tests/phpunit/tests/rewrite/oldDateRedirect.php" line="69" assertions="1" time="0.114692"/>
        <testcase name="test_old_date_redirect_attachment" class="Tests_Rewrite_OldDateRedirect" classname="Tests_Rewrite_OldDateRedirect" file="/home/meng/Desktop/wptest/wordpress-develop/tests/phpunit/tests/rewrite/oldDateRedirect.php" line="89" assertions="5" time="0.140844"/>
        <testcase name="test_old_date_slug_redirect_attachment" class="Tests_Rewrite_OldDateRedirect" classname="Tests_Rewrite_OldDateRedirect" file="/home/meng/Desktop/wptest/wordpress-develop/tests/phpunit/tests/rewrite/oldDateRedirect.php" line="122" assertions="5" time="0.150066"/>
        <testcase name="test_old_date_redirect_paged" class="Tests_Rewrite_OldDateRedirect" classname="Tests_Rewrite_OldDateRedirect" file="/home/meng/Desktop/wptest/wordpress-develop/tests/phpunit/tests/rewrite/oldDateRedirect.php" line="156" assertions="1" time="0.152985"/>
        <testcase name="test_old_date_slug_redirect_paged" class="Tests_Rewrite_OldDateRedirect" classname="Tests_Rewrite_OldDateRedirect" file="/home/meng/Desktop/wptest/wordpress-develop/tests/phpunit/tests/rewrite/oldDateRedirect.php" line="182" assertions="1" time="0.139225"/>
        <testcase name="test_old_date_slug_doesnt_redirect_when_reused" class="Tests_Rewrite_OldDateRedirect" classname="Tests_Rewrite_OldDateRedirect" file="/home/meng/Desktop/wptest/wordpress-develop/tests/phpunit/tests/rewrite/oldDateRedirect.php" line="209" assertions="2" time="0.132988"/>
      </testsuite>
      <testsuite name="Tests_Rewrite_OldSlugRedirect" file="/home/meng/Desktop/wptest/wordpress-develop/tests/phpunit/tests/rewrite/oldSlugRedirect.php" tests="4" assertions="9" errors="0" failures="0" skipped="0" time="0.621162">
        <testcase name="test_old_slug_redirect" class="Tests_Rewrite_OldSlugRedirect" classname="Tests_Rewrite_OldSlugRedirect" file="/home/meng/Desktop/wptest/wordpress-develop/tests/phpunit/tests/rewrite/oldSlugRedirect.php" line="40" assertions="1" time="0.126059"/>
        <testcase name="test_old_slug_redirect_attachment" class="Tests_Rewrite_OldSlugRedirect" classname="Tests_Rewrite_OldSlugRedirect" file="/home/meng/Desktop/wptest/wordpress-develop/tests/phpunit/tests/rewrite/oldSlugRedirect.php" line="57" assertions="5" time="0.176244"/>
        <testcase name="test_old_slug_redirect_paged" class="Tests_Rewrite_OldSlugRedirect" classname="Tests_Rewrite_OldSlugRedirect" file="/home/meng/Desktop/wptest/wordpress-develop/tests/phpunit/tests/rewrite/oldSlugRedirect.php" line="98" assertions="1" time="0.158767"/>
        <testcase name="test_old_slug_doesnt_redirect_when_reused" class="Tests_Rewrite_OldSlugRedirect" classname="Tests_Rewrite_OldSlugRedirect" file="/home/meng/Desktop/wptest/wordpress-develop/tests/phpunit/tests/rewrite/oldSlugRedirect.php" line="125" assertions="2" time="0.160092"/>
      </testsuite>
      <testsuite name="Tests_Rewrite_Permastructs" file="/home/meng/Desktop/wptest/wordpress-develop/tests/phpunit/tests/rewrite/permastructs.php" tests="2" assertions="4" errors="0" failures="0" skipped="0" time="0.096115">
        <testcase name="test_add_permastruct" class="Tests_Rewrite_Permastructs" classname="Tests_Rewrite_Permastructs" file="/home/meng/Desktop/wptest/wordpress-develop/tests/phpunit/tests/rewrite/permastructs.php" line="14" assertions="1" time="0.046756"/>
        <testcase name="test_remove_permastruct" class="Tests_Rewrite_Permastructs" classname="Tests_Rewrite_Permastructs" file="/home/meng/Desktop/wptest/wordpress-develop/tests/phpunit/tests/rewrite/permastructs.php" line="33" assertions="3" time="0.049359"/>
      </testsuite>
      <testsuite name="Tests_Rewrite_Tags" file="/home/meng/Desktop/wptest/wordpress-develop/tests/phpunit/tests/rewrite/rewriteTags.php" tests="12" assertions="50" errors="0" failures="0" skipped="0" time="0.464131">
        <testsuite name="Tests_Rewrite_Tags::test_add_rewrite_tag_invalid" tests="6" assertions="18" errors="0" failures="0" skipped="0" time="0.214636">
          <testcase name="test_add_rewrite_tag_invalid with data set #0" class="Tests_Rewrite_Tags" classname="Tests_Rewrite_Tags" file="/home/meng/Desktop/wptest/wordpress-develop/tests/phpunit/tests/rewrite/rewriteTags.php" line="47" assertions="3" time="0.038061"/>
          <testcase name="test_add_rewrite_tag_invalid with data set #1" class="Tests_Rewrite_Tags" classname="Tests_Rewrite_Tags" file="/home/meng/Desktop/wptest/wordpress-develop/tests/phpunit/tests/rewrite/rewriteTags.php" line="47" assertions="3" time="0.035255"/>
          <testcase name="test_add_rewrite_tag_invalid with data set #2" class="Tests_Rewrite_Tags" classname="Tests_Rewrite_Tags" file="/home/meng/Desktop/wptest/wordpress-develop/tests/phpunit/tests/rewrite/rewriteTags.php" line="47" assertions="3" time="0.034913"/>
          <testcase name="test_add_rewrite_tag_invalid with data set #3" class="Tests_Rewrite_Tags" classname="Tests_Rewrite_Tags" file="/home/meng/Desktop/wptest/wordpress-develop/tests/phpunit/tests/rewrite/rewriteTags.php" line="47" assertions="3" time="0.035806"/>
          <testcase name="test_add_rewrite_tag_invalid with data set #4" class="Tests_Rewrite_Tags" classname="Tests_Rewrite_Tags" file="/home/meng/Desktop/wptest/wordpress-develop/tests/phpunit/tests/rewrite/rewriteTags.php" line="47" assertions="3" time="0.035470"/>
          <testcase name="test_add_rewrite_tag_invalid with data set #5" class="Tests_Rewrite_Tags" classname="Tests_Rewrite_Tags" file="/home/meng/Desktop/wptest/wordpress-develop/tests/phpunit/tests/rewrite/rewriteTags.php" line="47" assertions="3" time="0.035131"/>
        </testsuite>
        <testcase name="test_add_rewrite_tag_empty_query" class="Tests_Rewrite_Tags" classname="Tests_Rewrite_Tags" file="/home/meng/Desktop/wptest/wordpress-develop/tests/phpunit/tests/rewrite/rewriteTags.php" line="56" assertions="3" time="0.035567"/>
        <testcase name="test_add_rewrite_tag_custom_query" class="Tests_Rewrite_Tags" classname="Tests_Rewrite_Tags" file="/home/meng/Desktop/wptest/wordpress-develop/tests/phpunit/tests/rewrite/rewriteTags.php" line="68" assertions="3" time="0.038538"/>
        <testcase name="test_add_rewrite_tag_updates_existing" class="Tests_Rewrite_Tags" classname="Tests_Rewrite_Tags" file="/home/meng/Desktop/wptest/wordpress-develop/tests/phpunit/tests/rewrite/rewriteTags.php" line="80" assertions="5" time="0.045770"/>
        <testcase name="test_remove_rewrite_tag" class="Tests_Rewrite_Tags" classname="Tests_Rewrite_Tags" file="/home/meng/Desktop/wptest/wordpress-develop/tests/phpunit/tests/rewrite/rewriteTags.php" line="91" assertions="6" time="0.045236"/>
        <testcase name="test_remove_rewrite_tag_internal_tag" class="Tests_Rewrite_Tags" classname="Tests_Rewrite_Tags" file="/home/meng/Desktop/wptest/wordpress-develop/tests/phpunit/tests/rewrite/rewriteTags.php" line="107" assertions="6" time="0.045106"/>
        <testcase name="test_remove_rewrite_tag_only_removes_one_array_value" class="Tests_Rewrite_Tags" classname="Tests_Rewrite_Tags" file="/home/meng/Desktop/wptest/wordpress-develop/tests/phpunit/tests/rewrite/rewriteTags.php" line="121" assertions="9" time="0.039278"/>
      </testsuite>
      <testsuite name="Tests_Shortcode" file="/home/meng/Desktop/wptest/wordpress-develop/tests/phpunit/tests/shortcode.php" tests="86" assertions="146" errors="0" failures="0" skipped="0" time="3.381571">
        <testcase name="test_noatts" class="Tests_Shortcode" classname="Tests_Shortcode" file="/home/meng/Desktop/wptest/wordpress-develop/tests/phpunit/tests/shortcode.php" line="98" assertions="2" time="0.042099"/>
        <testcase name="test_one_att" class="Tests_Shortcode" classname="Tests_Shortcode" file="/home/meng/Desktop/wptest/wordpress-develop/tests/phpunit/tests/shortcode.php" line="104" assertions="2" time="0.038453"/>
        <testcase name="test_not_a_tag" class="Tests_Shortcode" classname="Tests_Shortcode" file="/home/meng/Desktop/wptest/wordpress-develop/tests/phpunit/tests/shortcode.php" line="110" assertions="1" time="0.036520"/>
        <testcase name="test_tag_hyphen_not_tag" class="Tests_Shortcode" classname="Tests_Shortcode" file="/home/meng/Desktop/wptest/wordpress-develop/tests/phpunit/tests/shortcode.php" line="118" assertions="1" time="0.037918"/>
        <testcase name="test_tag_underscore_not_tag" class="Tests_Shortcode" classname="Tests_Shortcode" file="/home/meng/Desktop/wptest/wordpress-develop/tests/phpunit/tests/shortcode.php" line="123" assertions="1" time="0.039977"/>
        <testcase name="test_tag_not_tag" class="Tests_Shortcode" classname="Tests_Shortcode" file="/home/meng/Desktop/wptest/wordpress-develop/tests/phpunit/tests/shortcode.php" line="128" assertions="1" time="0.037337"/>
        <testcase name="test_tag_hyphen" class="Tests_Shortcode" classname="Tests_Shortcode" file="/home/meng/Desktop/wptest/wordpress-develop/tests/phpunit/tests/shortcode.php" line="136" assertions="5" time="0.038658"/>
        <testcase name="test_attr_hyphen" class="Tests_Shortcode" classname="Tests_Shortcode" file="/home/meng/Desktop/wptest/wordpress-develop/tests/phpunit/tests/shortcode.php" line="147" assertions="1" time="0.038155"/>
        <testcase name="test_two_atts" class="Tests_Shortcode" classname="Tests_Shortcode" file="/home/meng/Desktop/wptest/wordpress-develop/tests/phpunit/tests/shortcode.php" line="162" assertions="2" time="0.036649"/>
        <testcase name="test_noatts_enclosing" class="Tests_Shortcode" classname="Tests_Shortcode" file="/home/meng/Desktop/wptest/wordpress-develop/tests/phpunit/tests/shortcode.php" line="174" assertions="3" time="0.036492"/>
        <testcase name="test_one_att_enclosing" class="Tests_Shortcode" classname="Tests_Shortcode" file="/home/meng/Desktop/wptest/wordpress-develop/tests/phpunit/tests/shortcode.php" line="181" assertions="3" time="0.044494"/>
        <testcase name="test_two_atts_enclosing" class="Tests_Shortcode" classname="Tests_Shortcode" file="/home/meng/Desktop/wptest/wordpress-develop/tests/phpunit/tests/shortcode.php" line="188" assertions="3" time="0.038070"/>
        <testcase name="test_unclosed" class="Tests_Shortcode" classname="Tests_Shortcode" file="/home/meng/Desktop/wptest/wordpress-develop/tests/phpunit/tests/shortcode.php" line="201" assertions="3" time="0.038864"/>
        <testcase name="test_positional_atts_num" class="Tests_Shortcode" classname="Tests_Shortcode" file="/home/meng/Desktop/wptest/wordpress-develop/tests/phpunit/tests/shortcode.php" line="208" assertions="3" time="0.042283"/>
        <testcase name="test_positional_atts_url" class="Tests_Shortcode" classname="Tests_Shortcode" file="/home/meng/Desktop/wptest/wordpress-develop/tests/phpunit/tests/shortcode.php" line="215" assertions="3" time="0.039661"/>
        <testcase name="test_positional_atts_quotes" class="Tests_Shortcode" classname="Tests_Shortcode" file="/home/meng/Desktop/wptest/wordpress-develop/tests/phpunit/tests/shortcode.php" line="222" assertions="3" time="0.039374"/>
        <testcase name="test_positional_atts_mixed" class="Tests_Shortcode" classname="Tests_Shortcode" file="/home/meng/Desktop/wptest/wordpress-develop/tests/phpunit/tests/shortcode.php" line="235" assertions="3" time="0.043525"/>
        <testcase name="test_positional_and_named_atts" class="Tests_Shortcode" classname="Tests_Shortcode" file="/home/meng/Desktop/wptest/wordpress-develop/tests/phpunit/tests/shortcode.php" line="251" assertions="3" time="0.038422"/>
        <testcase name="test_footag_default" class="Tests_Shortcode" classname="Tests_Shortcode" file="/home/meng/Desktop/wptest/wordpress-develop/tests/phpunit/tests/shortcode.php" line="266" assertions="1" time="0.042937"/>
        <testcase name="test_footag_val" class="Tests_Shortcode" classname="Tests_Shortcode" file="/home/meng/Desktop/wptest/wordpress-develop/tests/phpunit/tests/shortcode.php" line="271" assertions="1" time="0.040310"/>
        <testcase name="test_nested_tags" class="Tests_Shortcode" classname="Tests_Shortcode" file="/home/meng/Desktop/wptest/wordpress-develop/tests/phpunit/tests/shortcode.php" line="277" assertions="1" time="0.036473"/>
        <testcase name="test_tag_escaped" class="Tests_Shortcode" classname="Tests_Shortcode" file="/home/meng/Desktop/wptest/wordpress-develop/tests/phpunit/tests/shortcode.php" line="286" assertions="4" time="0.036764"/>
        <testcase name="test_tag_not_escaped" class="Tests_Shortcode" classname="Tests_Shortcode" file="/home/meng/Desktop/wptest/wordpress-develop/tests/phpunit/tests/shortcode.php" line="301" assertions="5" time="0.041473"/>
        <testcase name="test_mixed_tags" class="Tests_Shortcode" classname="Tests_Shortcode" file="/home/meng/Desktop/wptest/wordpress-develop/tests/phpunit/tests/shortcode.php" line="319" assertions="1" time="0.040018"/>
        <testcase name="test_utf8_whitespace_1" class="Tests_Shortcode" classname="Tests_Shortcode" file="/home/meng/Desktop/wptest/wordpress-develop/tests/phpunit/tests/shortcode.php" line="359" assertions="2" time="0.035536"/>
        <testcase name="test_utf8_whitespace_2" class="Tests_Shortcode" classname="Tests_Shortcode" file="/home/meng/Desktop/wptest/wordpress-develop/tests/phpunit/tests/shortcode.php" line="375" assertions="2" time="0.037397"/>
        <testcase name="test_shortcode_unautop" class="Tests_Shortcode" classname="Tests_Shortcode" file="/home/meng/Desktop/wptest/wordpress-develop/tests/phpunit/tests/shortcode.php" line="391" assertions="1" time="0.037181"/>
        <testsuite name="Tests_Shortcode::test_strip_shortcodes" tests="10" assertions="10" errors="0" failures="0" skipped="0" time="0.403681">
          <testcase name="test_strip_shortcodes with data set #0" class="Tests_Shortcode" classname="Tests_Shortcode" file="/home/meng/Desktop/wptest/wordpress-develop/tests/phpunit/tests/shortcode.php" line="420" assertions="1" time="0.047107"/>
          <testcase name="test_strip_shortcodes with data set #1" class="Tests_Shortcode" classname="Tests_Shortcode" file="/home/meng/Desktop/wptest/wordpress-develop/tests/phpunit/tests/shortcode.php" line="420" assertions="1" time="0.052611"/>
          <testcase name="test_strip_shortcodes with data set #2" class="Tests_Shortcode" classname="Tests_Shortcode" file="/home/meng/Desktop/wptest/wordpress-develop/tests/phpunit/tests/shortcode.php" line="420" assertions="1" time="0.037608"/>
          <testcase name="test_strip_shortcodes with data set #3" class="Tests_Shortcode" classname="Tests_Shortcode" file="/home/meng/Desktop/wptest/wordpress-develop/tests/phpunit/tests/shortcode.php" line="420" assertions="1" time="0.037923"/>
          <testcase name="test_strip_shortcodes with data set #4" class="Tests_Shortcode" classname="Tests_Shortcode" file="/home/meng/Desktop/wptest/wordpress-develop/tests/phpunit/tests/shortcode.php" line="420" assertions="1" time="0.037206"/>
          <testcase name="test_strip_shortcodes with data set #5" class="Tests_Shortcode" classname="Tests_Shortcode" file="/home/meng/Desktop/wptest/wordpress-develop/tests/phpunit/tests/shortcode.php" line="420" assertions="1" time="0.036882"/>
          <testcase name="test_strip_shortcodes with data set #6" class="Tests_Shortcode" classname="Tests_Shortcode" file="/home/meng/Desktop/wptest/wordpress-develop/tests/phpunit/tests/shortcode.php" line="420" assertions="1" time="0.039072"/>
          <testcase name="test_strip_shortcodes with data set #7" class="Tests_Shortcode" classname="Tests_Shortcode" file="/home/meng/Desktop/wptest/wordpress-develop/tests/phpunit/tests/shortcode.php" line="420" assertions="1" time="0.037843"/>
          <testcase name="test_strip_shortcodes with data set #8" class="Tests_Shortcode" classname="Tests_Shortcode" file="/home/meng/Desktop/wptest/wordpress-develop/tests/phpunit/tests/shortcode.php" line="420" assertions="1" time="0.039190"/>
          <testcase name="test_strip_shortcodes with data set #9" class="Tests_Shortcode" classname="Tests_Shortcode" file="/home/meng/Desktop/wptest/wordpress-develop/tests/phpunit/tests/shortcode.php" line="420" assertions="1" time="0.038239"/>
        </testsuite>
        <testcase name="test_strip_shortcodes_filter" class="Tests_Shortcode" classname="Tests_Shortcode" file="/home/meng/Desktop/wptest/wordpress-develop/tests/phpunit/tests/shortcode.php" line="427" assertions="1" time="0.038754"/>
        <testcase name="test_shortcode_atts_filter_passes_original_arguments" class="Tests_Shortcode" classname="Tests_Shortcode" file="/home/meng/Desktop/wptest/wordpress-develop/tests/phpunit/tests/shortcode.php" line="461" assertions="3" time="0.037325"/>
        <testcase name="test_shortcode_atts_filtering" class="Tests_Shortcode" classname="Tests_Shortcode" file="/home/meng/Desktop/wptest/wordpress-develop/tests/phpunit/tests/shortcode.php" line="484" assertions="3" time="0.040367"/>
        <testcase name="test_spaces_around_shortcodes" class="Tests_Shortcode" classname="Tests_Shortcode" file="/home/meng/Desktop/wptest/wordpress-develop/tests/phpunit/tests/shortcode.php" line="502" assertions="4" time="0.036727"/>
        <testsuite name="Tests_Shortcode::test_escaping" tests="16" assertions="16" errors="0" failures="0" skipped="0" time="0.636162">
          <testcase name="test_escaping with data set #0" class="Tests_Shortcode" classname="Tests_Shortcode" file="/home/meng/Desktop/wptest/wordpress-develop/tests/phpunit/tests/shortcode.php" line="524" assertions="1" time="0.037148"/>
          <testcase name="test_escaping with data set #1" class="Tests_Shortcode" classname="Tests_Shortcode" file="/home/meng/Desktop/wptest/wordpress-develop/tests/phpunit/tests/shortcode.php" line="524" assertions="1" time="0.044099"/>
          <testcase name="test_escaping with data set #2" class="Tests_Shortcode" classname="Tests_Shortcode" file="/home/meng/Desktop/wptest/wordpress-develop/tests/phpunit/tests/shortcode.php" line="524" assertions="1" time="0.044816"/>
          <testcase name="test_escaping with data set #3" class="Tests_Shortcode" classname="Tests_Shortcode" file="/home/meng/Desktop/wptest/wordpress-develop/tests/phpunit/tests/shortcode.php" line="524" assertions="1" time="0.044714"/>
          <testcase name="test_escaping with data set #4" class="Tests_Shortcode" classname="Tests_Shortcode" file="/home/meng/Desktop/wptest/wordpress-develop/tests/phpunit/tests/shortcode.php" line="524" assertions="1" time="0.038057"/>
          <testcase name="test_escaping with data set #5" class="Tests_Shortcode" classname="Tests_Shortcode" file="/home/meng/Desktop/wptest/wordpress-develop/tests/phpunit/tests/shortcode.php" line="524" assertions="1" time="0.041092"/>
          <testcase name="test_escaping with data set #6" class="Tests_Shortcode" classname="Tests_Shortcode" file="/home/meng/Desktop/wptest/wordpress-develop/tests/phpunit/tests/shortcode.php" line="524" assertions="1" time="0.037614"/>
          <testcase name="test_escaping with data set #7" class="Tests_Shortcode" classname="Tests_Shortcode" file="/home/meng/Desktop/wptest/wordpress-develop/tests/phpunit/tests/shortcode.php" line="524" assertions="1" time="0.039713"/>
          <testcase name="test_escaping with data set #8" class="Tests_Shortcode" classname="Tests_Shortcode" file="/home/meng/Desktop/wptest/wordpress-develop/tests/phpunit/tests/shortcode.php" line="524" assertions="1" time="0.036651"/>
          <testcase name="test_escaping with data set #9" class="Tests_Shortcode" classname="Tests_Shortcode" file="/home/meng/Desktop/wptest/wordpress-develop/tests/phpunit/tests/shortcode.php" line="524" assertions="1" time="0.040306"/>
          <testcase name="test_escaping with data set #10" class="Tests_Shortcode" classname="Tests_Shortcode" file="/home/meng/Desktop/wptest/wordpress-develop/tests/phpunit/tests/shortcode.php" line="524" assertions="1" time="0.040054"/>
          <testcase name="test_escaping with data set #11" class="Tests_Shortcode" classname="Tests_Shortcode" file="/home/meng/Desktop/wptest/wordpress-develop/tests/phpunit/tests/shortcode.php" line="524" assertions="1" time="0.037640"/>
          <testcase name="test_escaping with data set #12" class="Tests_Shortcode" classname="Tests_Shortcode" file="/home/meng/Desktop/wptest/wordpress-develop/tests/phpunit/tests/shortcode.php" line="524" assertions="1" time="0.038341"/>
          <testcase name="test_escaping with data set #13" class="Tests_Shortcode" classname="Tests_Shortcode" file="/home/meng/Desktop/wptest/wordpress-develop/tests/phpunit/tests/shortcode.php" line="524" assertions="1" time="0.039019"/>
          <testcase name="test_escaping with data set #14" class="Tests_Shortcode" classname="Tests_Shortcode" file="/home/meng/Desktop/wptest/wordpress-develop/tests/phpunit/tests/shortcode.php" line="524" assertions="1" time="0.039945"/>
          <testcase name="test_escaping with data set #15" class="Tests_Shortcode" classname="Tests_Shortcode" file="/home/meng/Desktop/wptest/wordpress-develop/tests/phpunit/tests/shortcode.php" line="524" assertions="1" time="0.036953"/>
        </testsuite>
        <testsuite name="Tests_Shortcode::test_escaping2" tests="7" assertions="7" errors="0" failures="0" skipped="0" time="0.287534">
          <testcase name="test_escaping2 with data set #0" class="Tests_Shortcode" classname="Tests_Shortcode" file="/home/meng/Desktop/wptest/wordpress-develop/tests/phpunit/tests/shortcode.php" line="602" assertions="1" time="0.037832"/>
          <testcase name="test_escaping2 with data set #1" class="Tests_Shortcode" classname="Tests_Shortcode" file="/home/meng/Desktop/wptest/wordpress-develop/tests/phpunit/tests/shortcode.php" line="602" assertions="1" time="0.037480"/>
          <testcase name="test_escaping2 with data set #2" class="Tests_Shortcode" classname="Tests_Shortcode" file="/home/meng/Desktop/wptest/wordpress-develop/tests/phpunit/tests/shortcode.php" line="602" assertions="1" time="0.040838"/>
          <testcase name="test_escaping2 with data set #3" class="Tests_Shortcode" classname="Tests_Shortcode" file="/home/meng/Desktop/wptest/wordpress-develop/tests/phpunit/tests/shortcode.php" line="602" assertions="1" time="0.039402"/>
          <testcase name="test_escaping2 with data set #4" class="Tests_Shortcode" classname="Tests_Shortcode" file="/home/meng/Desktop/wptest/wordpress-develop/tests/phpunit/tests/shortcode.php" line="602" assertions="1" time="0.044757"/>
          <testcase name="test_escaping2 with data set #5" class="Tests_Shortcode" classname="Tests_Shortcode" file="/home/meng/Desktop/wptest/wordpress-develop/tests/phpunit/tests/shortcode.php" line="602" assertions="1" time="0.043731"/>
          <testcase name="test_escaping2 with data set #6" class="Tests_Shortcode" classname="Tests_Shortcode" file="/home/meng/Desktop/wptest/wordpress-develop/tests/phpunit/tests/shortcode.php" line="602" assertions="1" time="0.043494"/>
        </testsuite>
        <testcase name="test_has_shortcode" class="Tests_Shortcode" classname="Tests_Shortcode" file="/home/meng/Desktop/wptest/wordpress-develop/tests/phpunit/tests/shortcode.php" line="642" assertions="2" time="0.037452"/>
        <testsuite name="Tests_Shortcode::test_registration_bad" tests="7" assertions="14" errors="0" failures="0" skipped="0" time="0.282744">
          <testcase name="test_registration_bad with data set #0" class="Tests_Shortcode" classname="Tests_Shortcode" file="/home/meng/Desktop/wptest/wordpress-develop/tests/phpunit/tests/shortcode.php" line="658" assertions="2" time="0.037475"/>
          <testcase name="test_registration_bad with data set #1" class="Tests_Shortcode" classname="Tests_Shortcode" file="/home/meng/Desktop/wptest/wordpress-develop/tests/phpunit/tests/shortcode.php" line="658" assertions="2" time="0.038797"/>
          <testcase name="test_registration_bad with data set #2" class="Tests_Shortcode" classname="Tests_Shortcode" file="/home/meng/Desktop/wptest/wordpress-develop/tests/phpunit/tests/shortcode.php" line="658" assertions="2" time="0.037131"/>
          <testcase name="test_registration_bad with data set #3" class="Tests_Shortcode" classname="Tests_Shortcode" file="/home/meng/Desktop/wptest/wordpress-develop/tests/phpunit/tests/shortcode.php" line="658" assertions="2" time="0.037924"/>
          <testcase name="test_registration_bad with data set #4" class="Tests_Shortcode" classname="Tests_Shortcode" file="/home/meng/Desktop/wptest/wordpress-develop/tests/phpunit/tests/shortcode.php" line="658" assertions="2" time="0.045866"/>
          <testcase name="test_registration_bad with data set #5" class="Tests_Shortcode" classname="Tests_Shortcode" file="/home/meng/Desktop/wptest/wordpress-develop/tests/phpunit/tests/shortcode.php" line="658" assertions="2" time="0.042626"/>
          <testcase name="test_registration_bad with data set #6" class="Tests_Shortcode" classname="Tests_Shortcode" file="/home/meng/Desktop/wptest/wordpress-develop/tests/phpunit/tests/shortcode.php" line="658" assertions="2" time="0.042925"/>
        </testsuite>
        <testsuite name="Tests_Shortcode::test_registration_good" tests="3" assertions="3" errors="0" failures="0" skipped="0" time="0.111158">
          <testcase name="test_registration_good with data set #0" class="Tests_Shortcode" classname="Tests_Shortcode" file="/home/meng/Desktop/wptest/wordpress-develop/tests/phpunit/tests/shortcode.php" line="667" assertions="1" time="0.036460"/>
          <testcase name="test_registration_good with data set #1" class="Tests_Shortcode" classname="Tests_Shortcode" file="/home/meng/Desktop/wptest/wordpress-develop/tests/phpunit/tests/shortcode.php" line="667" assertions="1" time="0.036662"/>
          <testcase name="test_registration_good with data set #2" class="Tests_Shortcode" classname="Tests_Shortcode" file="/home/meng/Desktop/wptest/wordpress-develop/tests/phpunit/tests/shortcode.php" line="667" assertions="1" time="0.038036"/>
        </testsuite>
        <testsuite name="Tests_Shortcode::test_pcre_performance" tests="3" assertions="3" errors="0" failures="0" skipped="0" time="0.110348">
          <testcase name="test_pcre_performance with data set #0" class="Tests_Shortcode" classname="Tests_Shortcode" file="/home/meng/Desktop/wptest/wordpress-develop/tests/phpunit/tests/shortcode.php" line="736" assertions="1" time="0.037243"/>
          <testcase name="test_pcre_performance with data set #1" class="Tests_Shortcode" classname="Tests_Shortcode" file="/home/meng/Desktop/wptest/wordpress-develop/tests/phpunit/tests/shortcode.php" line="736" assertions="1" time="0.037197"/>
          <testcase name="test_pcre_performance with data set #2" class="Tests_Shortcode" classname="Tests_Shortcode" file="/home/meng/Desktop/wptest/wordpress-develop/tests/phpunit/tests/shortcode.php" line="736" assertions="1" time="0.035908"/>
        </testsuite>
        <testcase name="test_php_and_js_shortcode_attribute_regexes_match" class="Tests_Shortcode" classname="Tests_Shortcode" file="/home/meng/Desktop/wptest/wordpress-develop/tests/phpunit/tests/shortcode.php" line="747" assertions="2" time="0.037734"/>
        <testcase name="test_unnamed_attribute" class="Tests_Shortcode" classname="Tests_Shortcode" file="/home/meng/Desktop/wptest/wordpress-develop/tests/phpunit/tests/shortcode.php" line="765" assertions="1" time="0.041167"/>
        <testcase name="test_smilies_arent_converted" class="Tests_Shortcode" classname="Tests_Shortcode" file="/home/meng/Desktop/wptest/wordpress-develop/tests/phpunit/tests/shortcode.php" line="774" assertions="1" time="0.038210"/>
        <testcase name="test_pre_do_shortcode_tag" class="Tests_Shortcode" classname="Tests_Shortcode" file="/home/meng/Desktop/wptest/wordpress-develop/tests/phpunit/tests/shortcode.php" line="783" assertions="4" time="0.037534"/>
        <testcase name="test_do_shortcode_tag_filter" class="Tests_Shortcode" classname="Tests_Shortcode" file="/home/meng/Desktop/wptest/wordpress-develop/tests/phpunit/tests/shortcode.php" line="853" assertions="4" time="0.037844"/>
        <testcase name="test_empty_single_quote_attribute" class="Tests_Shortcode" classname="Tests_Shortcode" file="/home/meng/Desktop/wptest/wordpress-develop/tests/phpunit/tests/shortcode.php" line="925" assertions="1" time="0.037291"/>
        <testcase name="test_positional_atts_single_quotes" class="Tests_Shortcode" classname="Tests_Shortcode" file="/home/meng/Desktop/wptest/wordpress-develop/tests/phpunit/tests/shortcode.php" line="943" assertions="3" time="0.037419"/>
        <testcase name="test_positional_atts_mixed_quotes" class="Tests_Shortcode" classname="Tests_Shortcode" file="/home/meng/Desktop/wptest/wordpress-develop/tests/phpunit/tests/shortcode.php" line="959" assertions="3" time="0.037080"/>
      </testsuite>
      <testsuite name="Tests_Site_Health" file="/home/meng/Desktop/wptest/wordpress-develop/tests/phpunit/tests/site-health.php" tests="5" assertions="20" errors="0" failures="0" skipped="0" time="0.232392">
        <testcase name="test_cron_health_checks_critical" class="Tests_Site_Health" classname="Tests_Site_Health" file="/home/meng/Desktop/wptest/wordpress-develop/tests/phpunit/tests/site-health.php" line="17" assertions="4" time="0.048334"/>
        <testsuite name="Tests_Site_Health::test_cron_health_checks" tests="4" assertions="16" errors="0" failures="0" skipped="0" time="0.184058">
          <testcase name="test_cron_health_checks with data set #0" class="Tests_Site_Health" classname="Tests_Site_Health" file="/home/meng/Desktop/wptest/wordpress-develop/tests/phpunit/tests/site-health.php" line="37" assertions="4" time="0.053139"/>
          <testcase name="test_cron_health_checks with data set #1" class="Tests_Site_Health" classname="Tests_Site_Health" file="/home/meng/Desktop/wptest/wordpress-develop/tests/phpunit/tests/site-health.php" line="37" assertions="4" time="0.044903"/>
          <testcase name="test_cron_health_checks with data set #2" class="Tests_Site_Health" classname="Tests_Site_Health" file="/home/meng/Desktop/wptest/wordpress-develop/tests/phpunit/tests/site-health.php" line="37" assertions="4" time="0.043255"/>
          <testcase name="test_cron_health_checks with data set #3" class="Tests_Site_Health" classname="Tests_Site_Health" file="/home/meng/Desktop/wptest/wordpress-develop/tests/phpunit/tests/site-health.php" line="37" assertions="4" time="0.042761"/>
        </testsuite>
      </testsuite>
      <testsuite name="Test_Sitemaps_Functions" file="/home/meng/Desktop/wptest/wordpress-develop/tests/phpunit/tests/sitemaps/functions.php" tests="24" assertions="29" errors="0" failures="0" skipped="0" time="1.111732">
        <testcase name="test_wp_sitemaps_get_max_urls" class="Test_Sitemaps_Functions" classname="Test_Sitemaps_Functions" file="/home/meng/Desktop/wptest/wordpress-develop/tests/phpunit/tests/sitemaps/functions.php" line="10" assertions="3" time="0.043771"/>
        <testcase name="test_wp_get_sitemap_providers" class="Test_Sitemaps_Functions" classname="Test_Sitemaps_Functions" file="/home/meng/Desktop/wptest/wordpress-develop/tests/phpunit/tests/sitemaps/functions.php" line="46" assertions="4" time="0.038108"/>
        <testsuite name="Test_Sitemaps_Functions::test_get_sitemap_url_ugly_permalinks" tests="11" assertions="11" errors="0" failures="0" skipped="0" time="0.454386">
          <testcase name="test_get_sitemap_url_ugly_permalinks with data set #0" class="Test_Sitemaps_Functions" classname="Test_Sitemaps_Functions" file="/home/meng/Desktop/wptest/wordpress-develop/tests/phpunit/tests/sitemaps/functions.php" line="67" assertions="1" time="0.040482"/>
          <testcase name="test_get_sitemap_url_ugly_permalinks with data set #1" class="Test_Sitemaps_Functions" classname="Test_Sitemaps_Functions" file="/home/meng/Desktop/wptest/wordpress-develop/tests/phpunit/tests/sitemaps/functions.php" line="67" assertions="1" time="0.040135"/>
          <testcase name="test_get_sitemap_url_ugly_permalinks with data set #2" class="Test_Sitemaps_Functions" classname="Test_Sitemaps_Functions" file="/home/meng/Desktop/wptest/wordpress-develop/tests/phpunit/tests/sitemaps/functions.php" line="67" assertions="1" time="0.045903"/>
          <testcase name="test_get_sitemap_url_ugly_permalinks with data set #3" class="Test_Sitemaps_Functions" classname="Test_Sitemaps_Functions" file="/home/meng/Desktop/wptest/wordpress-develop/tests/phpunit/tests/sitemaps/functions.php" line="67" assertions="1" time="0.046667"/>
          <testcase name="test_get_sitemap_url_ugly_permalinks with data set #4" class="Test_Sitemaps_Functions" classname="Test_Sitemaps_Functions" file="/home/meng/Desktop/wptest/wordpress-develop/tests/phpunit/tests/sitemaps/functions.php" line="67" assertions="1" time="0.045698"/>
          <testcase name="test_get_sitemap_url_ugly_permalinks with data set #5" class="Test_Sitemaps_Functions" classname="Test_Sitemaps_Functions" file="/home/meng/Desktop/wptest/wordpress-develop/tests/phpunit/tests/sitemaps/functions.php" line="67" assertions="1" time="0.040048"/>
          <testcase name="test_get_sitemap_url_ugly_permalinks with data set #6" class="Test_Sitemaps_Functions" classname="Test_Sitemaps_Functions" file="/home/meng/Desktop/wptest/wordpress-develop/tests/phpunit/tests/sitemaps/functions.php" line="67" assertions="1" time="0.039101"/>
          <testcase name="test_get_sitemap_url_ugly_permalinks with data set #7" class="Test_Sitemaps_Functions" classname="Test_Sitemaps_Functions" file="/home/meng/Desktop/wptest/wordpress-develop/tests/phpunit/tests/sitemaps/functions.php" line="67" assertions="1" time="0.038679"/>
          <testcase name="test_get_sitemap_url_ugly_permalinks with data set #8" class="Test_Sitemaps_Functions" classname="Test_Sitemaps_Functions" file="/home/meng/Desktop/wptest/wordpress-develop/tests/phpunit/tests/sitemaps/functions.php" line="67" assertions="1" time="0.037717"/>
          <testcase name="test_get_sitemap_url_ugly_permalinks with data set #9" class="Test_Sitemaps_Functions" classname="Test_Sitemaps_Functions" file="/home/meng/Desktop/wptest/wordpress-develop/tests/phpunit/tests/sitemaps/functions.php" line="67" assertions="1" time="0.040501"/>
          <testcase name="test_get_sitemap_url_ugly_permalinks with data set #10" class="Test_Sitemaps_Functions" classname="Test_Sitemaps_Functions" file="/home/meng/Desktop/wptest/wordpress-develop/tests/phpunit/tests/sitemaps/functions.php" line="67" assertions="1" time="0.039455"/>
        </testsuite>
        <testsuite name="Test_Sitemaps_Functions::test_get_sitemap_url_pretty_permalinks" tests="11" assertions="11" errors="0" failures="0" skipped="0" time="0.575467">
          <testcase name="test_get_sitemap_url_pretty_permalinks with data set #0" class="Test_Sitemaps_Functions" classname="Test_Sitemaps_Functions" file="/home/meng/Desktop/wptest/wordpress-develop/tests/phpunit/tests/sitemaps/functions.php" line="78" assertions="1" time="0.048489"/>
          <testcase name="test_get_sitemap_url_pretty_permalinks with data set #1" class="Test_Sitemaps_Functions" classname="Test_Sitemaps_Functions" file="/home/meng/Desktop/wptest/wordpress-develop/tests/phpunit/tests/sitemaps/functions.php" line="78" assertions="1" time="0.049736"/>
          <testcase name="test_get_sitemap_url_pretty_permalinks with data set #2" class="Test_Sitemaps_Functions" classname="Test_Sitemaps_Functions" file="/home/meng/Desktop/wptest/wordpress-develop/tests/phpunit/tests/sitemaps/functions.php" line="78" assertions="1" time="0.051039"/>
          <testcase name="test_get_sitemap_url_pretty_permalinks with data set #3" class="Test_Sitemaps_Functions" classname="Test_Sitemaps_Functions" file="/home/meng/Desktop/wptest/wordpress-develop/tests/phpunit/tests/sitemaps/functions.php" line="78" assertions="1" time="0.058249"/>
          <testcase name="test_get_sitemap_url_pretty_permalinks with data set #4" class="Test_Sitemaps_Functions" classname="Test_Sitemaps_Functions" file="/home/meng/Desktop/wptest/wordpress-develop/tests/phpunit/tests/sitemaps/functions.php" line="78" assertions="1" time="0.056955"/>
          <testcase name="test_get_sitemap_url_pretty_permalinks with data set #5" class="Test_Sitemaps_Functions" classname="Test_Sitemaps_Functions" file="/home/meng/Desktop/wptest/wordpress-develop/tests/phpunit/tests/sitemaps/functions.php" line="78" assertions="1" time="0.049659"/>
          <testcase name="test_get_sitemap_url_pretty_permalinks with data set #6" class="Test_Sitemaps_Functions" classname="Test_Sitemaps_Functions" file="/home/meng/Desktop/wptest/wordpress-develop/tests/phpunit/tests/sitemaps/functions.php" line="78" assertions="1" time="0.053126"/>
          <testcase name="test_get_sitemap_url_pretty_permalinks with data set #7" class="Test_Sitemaps_Functions" classname="Test_Sitemaps_Functions" file="/home/meng/Desktop/wptest/wordpress-develop/tests/phpunit/tests/sitemaps/functions.php" line="78" assertions="1" time="0.054721"/>
          <testcase name="test_get_sitemap_url_pretty_permalinks with data set #8" class="Test_Sitemaps_Functions" classname="Test_Sitemaps_Functions" file="/home/meng/Desktop/wptest/wordpress-develop/tests/phpunit/tests/sitemaps/functions.php" line="78" assertions="1" time="0.049362"/>
          <testcase name="test_get_sitemap_url_pretty_permalinks with data set #9" class="Test_Sitemaps_Functions" classname="Test_Sitemaps_Functions" file="/home/meng/Desktop/wptest/wordpress-develop/tests/phpunit/tests/sitemaps/functions.php" line="78" assertions="1" time="0.051738"/>
          <testcase name="test_get_sitemap_url_pretty_permalinks with data set #10" class="Test_Sitemaps_Functions" classname="Test_Sitemaps_Functions" file="/home/meng/Desktop/wptest/wordpress-develop/tests/phpunit/tests/sitemaps/functions.php" line="78" assertions="1" time="0.052393"/>
        </testsuite>
      </testsuite>
      <testsuite name="Test_WP_Sitemaps_Index" file="/home/meng/Desktop/wptest/wordpress-develop/tests/phpunit/tests/sitemaps/sitemaps-index.php" tests="5" assertions="6" errors="0" failures="0" skipped="0" time="0.211732">
        <testcase name="test_get_sitemap_list" class="Test_WP_Sitemaps_Index" classname="Test_WP_Sitemaps_Index" file="/home/meng/Desktop/wptest/wordpress-develop/tests/phpunit/tests/sitemaps/sitemaps-index.php" line="7" assertions="1" time="0.041448"/>
        <testcase name="test_get_sitemap_list_limit" class="Test_WP_Sitemaps_Index" classname="Test_WP_Sitemaps_Index" file="/home/meng/Desktop/wptest/wordpress-develop/tests/phpunit/tests/sitemaps/sitemaps-index.php" line="28" assertions="2" time="0.041244"/>
        <testcase name="test_get_sitemap_list_no_entries" class="Test_WP_Sitemaps_Index" classname="Test_WP_Sitemaps_Index" file="/home/meng/Desktop/wptest/wordpress-develop/tests/phpunit/tests/sitemaps/sitemaps-index.php" line="46" assertions="1" time="0.037076"/>
        <testcase name="test_get_index_url" class="Test_WP_Sitemaps_Index" classname="Test_WP_Sitemaps_Index" file="/home/meng/Desktop/wptest/wordpress-develop/tests/phpunit/tests/sitemaps/sitemaps-index.php" line="55" assertions="1" time="0.039951"/>
        <testcase name="test_get_index_url_pretty_permalinks" class="Test_WP_Sitemaps_Index" classname="Test_WP_Sitemaps_Index" file="/home/meng/Desktop/wptest/wordpress-develop/tests/phpunit/tests/sitemaps/sitemaps-index.php" line="62" assertions="1" time="0.052013"/>
      </testsuite>
      <testsuite name="Test_WP_Sitemaps_Posts" file="/home/meng/Desktop/wptest/wordpress-develop/tests/phpunit/tests/sitemaps/sitemaps-posts.php" tests="3" assertions="4" errors="0" failures="0" skipped="0" time="0.151931">
        <testcase name="test_get_sitemap_entries_homepage" class="Test_WP_Sitemaps_Posts" classname="Test_WP_Sitemaps_Posts" file="/home/meng/Desktop/wptest/wordpress-develop/tests/phpunit/tests/sitemaps/sitemaps-posts.php" line="14" assertions="1" time="0.050467"/>
        <testcase name="test_filter_sitemaps_post_types" class="Test_WP_Sitemaps_Posts" classname="Test_WP_Sitemaps_Posts" file="/home/meng/Desktop/wptest/wordpress-develop/tests/phpunit/tests/sitemaps/sitemaps-posts.php" line="33" assertions="1" time="0.045409"/>
        <testcase name="test_posts_show_on_front_entry" class="Test_WP_Sitemaps_Posts" classname="Test_WP_Sitemaps_Posts" file="/home/meng/Desktop/wptest/wordpress-develop/tests/phpunit/tests/sitemaps/sitemaps-posts.php" line="46" assertions="2" time="0.056055"/>
      </testsuite>
      <testsuite name="Test_WP_Sitemaps_Registry" file="/home/meng/Desktop/wptest/wordpress-develop/tests/phpunit/tests/sitemaps/sitemaps-registry.php" tests="2" assertions="7" errors="0" failures="0" skipped="0" time="0.074858">
        <testcase name="test_add_provider" class="Test_WP_Sitemaps_Registry" classname="Test_WP_Sitemaps_Registry" file="/home/meng/Desktop/wptest/wordpress-develop/tests/phpunit/tests/sitemaps/sitemaps-registry.php" line="7" assertions="3" time="0.036943"/>
        <testcase name="test_add_provider_prevent_duplicates" class="Test_WP_Sitemaps_Registry" classname="Test_WP_Sitemaps_Registry" file="/home/meng/Desktop/wptest/wordpress-develop/tests/phpunit/tests/sitemaps/sitemaps-registry.php" line="19" assertions="4" time="0.037915"/>
      </testsuite>
      <testsuite name="Test_WP_Sitemaps_Renderer" file="/home/meng/Desktop/wptest/wordpress-develop/tests/phpunit/tests/sitemaps/sitemaps-renderer.php" tests="11" assertions="23" errors="0" failures="0" skipped="0" time="0.509804">
        <testcase name="test_get_sitemap_stylesheet_url" class="Test_WP_Sitemaps_Renderer" classname="Test_WP_Sitemaps_Renderer" file="/home/meng/Desktop/wptest/wordpress-develop/tests/phpunit/tests/sitemaps/sitemaps-renderer.php" line="7" assertions="1" time="0.040927"/>
        <testcase name="test_get_sitemap_stylesheet_url_pretty_permalinks" class="Test_WP_Sitemaps_Renderer" classname="Test_WP_Sitemaps_Renderer" file="/home/meng/Desktop/wptest/wordpress-develop/tests/phpunit/tests/sitemaps/sitemaps-renderer.php" line="14" assertions="1" time="0.059828"/>
        <testcase name="test_get_sitemap_index_stylesheet_url" class="Test_WP_Sitemaps_Renderer" classname="Test_WP_Sitemaps_Renderer" file="/home/meng/Desktop/wptest/wordpress-develop/tests/phpunit/tests/sitemaps/sitemaps-renderer.php" line="27" assertions="1" time="0.040812"/>
        <testcase name="test_get_sitemap_index_stylesheet_url_pretty_permalinks" class="Test_WP_Sitemaps_Renderer" classname="Test_WP_Sitemaps_Renderer" file="/home/meng/Desktop/wptest/wordpress-develop/tests/phpunit/tests/sitemaps/sitemaps-renderer.php" line="34" assertions="1" time="0.056457"/>
        <testcase name="test_get_sitemap_index_xml" class="Test_WP_Sitemaps_Renderer" classname="Test_WP_Sitemaps_Renderer" file="/home/meng/Desktop/wptest/wordpress-develop/tests/phpunit/tests/sitemaps/sitemaps-renderer.php" line="50" assertions="3" time="0.040697"/>
        <testcase name="test_get_sitemap_index_xml_with_lastmod" class="Test_WP_Sitemaps_Renderer" classname="Test_WP_Sitemaps_Renderer" file="/home/meng/Desktop/wptest/wordpress-develop/tests/phpunit/tests/sitemaps/sitemaps-renderer.php" line="88" assertions="3" time="0.048676"/>
        <testcase name="test_get_sitemap_index_xml_extra_elements" class="Test_WP_Sitemaps_Renderer" classname="Test_WP_Sitemaps_Renderer" file="/home/meng/Desktop/wptest/wordpress-develop/tests/phpunit/tests/sitemaps/sitemaps-renderer.php" line="137" assertions="3" time="0.051216"/>
        <testcase name="test_get_sitemap_index_xml_without_stylesheet" class="Test_WP_Sitemaps_Renderer" classname="Test_WP_Sitemaps_Renderer" file="/home/meng/Desktop/wptest/wordpress-develop/tests/phpunit/tests/sitemaps/sitemaps-renderer.php" line="165" assertions="2" time="0.040179"/>
        <testcase name="test_get_sitemap_xml" class="Test_WP_Sitemaps_Renderer" classname="Test_WP_Sitemaps_Renderer" file="/home/meng/Desktop/wptest/wordpress-develop/tests/phpunit/tests/sitemaps/sitemaps-renderer.php" line="189" assertions="3" time="0.043538"/>
        <testcase name="test_get_sitemap_xml_without_stylesheet" class="Test_WP_Sitemaps_Renderer" classname="Test_WP_Sitemaps_Renderer" file="/home/meng/Desktop/wptest/wordpress-develop/tests/phpunit/tests/sitemaps/sitemaps-renderer.php" line="227" assertions="2" time="0.041138"/>
        <testcase name="test_get_sitemap_xml_extra_elements" class="Test_WP_Sitemaps_Renderer" classname="Test_WP_Sitemaps_Renderer" file="/home/meng/Desktop/wptest/wordpress-develop/tests/phpunit/tests/sitemaps/sitemaps-renderer.php" line="257" assertions="3" time="0.046336"/>
      </testsuite>
      <testsuite name="Test_WP_Sitemaps_Stylesheet" file="/home/meng/Desktop/wptest/wordpress-develop/tests/phpunit/tests/sitemaps/sitemaps-stylesheet.php" tests="3" assertions="3" errors="0" failures="0" skipped="0" time="0.120103">
        <testcase name="test_filter_sitemaps_stylesheet_content" class="Test_WP_Sitemaps_Stylesheet" classname="Test_WP_Sitemaps_Stylesheet" file="/home/meng/Desktop/wptest/wordpress-develop/tests/phpunit/tests/sitemaps/sitemaps-stylesheet.php" line="10" assertions="1" time="0.041360"/>
        <testcase name="test_filter_sitemaps_stylesheet_index_content" class="Test_WP_Sitemaps_Stylesheet" classname="Test_WP_Sitemaps_Stylesheet" file="/home/meng/Desktop/wptest/wordpress-develop/tests/phpunit/tests/sitemaps/sitemaps-stylesheet.php" line="22" assertions="1" time="0.040786"/>
        <testcase name="test_filter_sitemaps_stylesheet_css" class="Test_WP_Sitemaps_Stylesheet" classname="Test_WP_Sitemaps_Stylesheet" file="/home/meng/Desktop/wptest/wordpress-develop/tests/phpunit/tests/sitemaps/sitemaps-stylesheet.php" line="34" assertions="1" time="0.037957"/>
      </testsuite>
      <testsuite name="Test_WP_Sitemaps_Taxonomies" file="/home/meng/Desktop/wptest/wordpress-develop/tests/phpunit/tests/sitemaps/sitemaps-taxonomies.php" tests="6" assertions="9" errors="0" failures="0" skipped="0" time="0.756664">
        <testcase name="test_get_url_list_taxonomies" class="Test_WP_Sitemaps_Taxonomies" classname="Test_WP_Sitemaps_Taxonomies" file="/home/meng/Desktop/wptest/wordpress-develop/tests/phpunit/tests/sitemaps/sitemaps-taxonomies.php" line="43" assertions="2" time="0.145931"/>
        <testcase name="test_get_url_list_custom_taxonomy" class="Test_WP_Sitemaps_Taxonomies" classname="Test_WP_Sitemaps_Taxonomies" file="/home/meng/Desktop/wptest/wordpress-develop/tests/phpunit/tests/sitemaps/sitemaps-taxonomies.php" line="88" assertions="1" time="0.186414"/>
        <testcase name="test_get_url_list_custom_taxonomy_private" class="Test_WP_Sitemaps_Taxonomies" classname="Test_WP_Sitemaps_Taxonomies" file="/home/meng/Desktop/wptest/wordpress-develop/tests/phpunit/tests/sitemaps/sitemaps-taxonomies.php" line="124" assertions="1" time="0.134698"/>
        <testcase name="test_get_url_list_custom_taxonomy_not_publicly_queryable" class="Test_WP_Sitemaps_Taxonomies" classname="Test_WP_Sitemaps_Taxonomies" file="/home/meng/Desktop/wptest/wordpress-develop/tests/phpunit/tests/sitemaps/sitemaps-taxonomies.php" line="148" assertions="1" time="0.135671"/>
        <testcase name="test_get_sitemap_entries_custom_taxonomies" class="Test_WP_Sitemaps_Taxonomies" classname="Test_WP_Sitemaps_Taxonomies" file="/home/meng/Desktop/wptest/wordpress-develop/tests/phpunit/tests/sitemaps/sitemaps-taxonomies.php" line="172" assertions="3" time="0.115769"/>
        <testcase name="test_filter_sitemaps_taxonomies" class="Test_WP_Sitemaps_Taxonomies" classname="Test_WP_Sitemaps_Taxonomies" file="/home/meng/Desktop/wptest/wordpress-develop/tests/phpunit/tests/sitemaps/sitemaps-taxonomies.php" line="212" assertions="1" time="0.038181"/>
      </testsuite>
      <testsuite name="Test_WP_Sitemaps_Users" file="/home/meng/Desktop/wptest/wordpress-develop/tests/phpunit/tests/sitemaps/sitemaps-users.php" tests="1" assertions="1" errors="0" failures="0" skipped="0" time="0.261624">
        <testcase name="test_get_url_list_users" class="Test_WP_Sitemaps_Users" classname="Test_WP_Sitemaps_Users" file="/home/meng/Desktop/wptest/wordpress-develop/tests/phpunit/tests/sitemaps/sitemaps-users.php" line="35" assertions="1" time="0.261624"/>
      </testsuite>
      <testsuite name="Test_Sitemaps" file="/home/meng/Desktop/wptest/wordpress-develop/tests/phpunit/tests/sitemaps/sitemaps.php" tests="19" assertions="22" errors="0" failures="0" skipped="0" time="4.807622">
        <testcase name="test_get_sitemap_entries" class="Test_Sitemaps" classname="Test_Sitemaps" file="/home/meng/Desktop/wptest/wordpress-develop/tests/phpunit/tests/sitemaps/sitemaps.php" line="116" assertions="1" time="0.053239"/>
        <testcase name="test_get_sitemap_entries_post_with_permalinks" class="Test_Sitemaps" classname="Test_Sitemaps" file="/home/meng/Desktop/wptest/wordpress-develop/tests/phpunit/tests/sitemaps/sitemaps.php" line="143" assertions="1" time="0.064931"/>
        <testcase name="test_get_sitemap_entries_custom_post_types" class="Test_Sitemaps" classname="Test_Sitemaps" file="/home/meng/Desktop/wptest/wordpress-develop/tests/phpunit/tests/sitemaps/sitemaps.php" line="175" assertions="2" time="0.102978"/>
        <testcase name="test_get_sitemap_entries_not_publicly_queryable_post_types" class="Test_Sitemaps" classname="Test_Sitemaps" file="/home/meng/Desktop/wptest/wordpress-develop/tests/phpunit/tests/sitemaps/sitemaps.php" line="199" assertions="1" time="0.076870"/>
        <testcase name="test_get_url_list_post" class="Test_Sitemaps" classname="Test_Sitemaps" file="/home/meng/Desktop/wptest/wordpress-develop/tests/phpunit/tests/sitemaps/sitemaps.php" line="220" assertions="1" time="0.119420"/>
        <testcase name="test_get_url_list_page" class="Test_Sitemaps" classname="Test_Sitemaps" file="/home/meng/Desktop/wptest/wordpress-develop/tests/phpunit/tests/sitemaps/sitemaps.php" line="233" assertions="1" time="0.057959"/>
        <testcase name="test_get_url_list_page_with_home" class="Test_Sitemaps" classname="Test_Sitemaps" file="/home/meng/Desktop/wptest/wordpress-develop/tests/phpunit/tests/sitemaps/sitemaps.php" line="249" assertions="1" time="0.058943"/>
        <testcase name="test_get_url_list_private_post" class="Test_Sitemaps" classname="Test_Sitemaps" file="/home/meng/Desktop/wptest/wordpress-develop/tests/phpunit/tests/sitemaps/sitemaps.php" line="270" assertions="2" time="0.081954"/>
        <testcase name="test_get_url_list_cpt" class="Test_Sitemaps" classname="Test_Sitemaps" file="/home/meng/Desktop/wptest/wordpress-develop/tests/phpunit/tests/sitemaps/sitemaps.php" line="292" assertions="1" time="0.222516"/>
        <testcase name="test_get_url_list_cpt_private" class="Test_Sitemaps" classname="Test_Sitemaps" file="/home/meng/Desktop/wptest/wordpress-develop/tests/phpunit/tests/sitemaps/sitemaps.php" line="315" assertions="1" time="0.213900"/>
        <testcase name="test_get_url_list_cpt_not_publicly_queryable" class="Test_Sitemaps" classname="Test_Sitemaps" file="/home/meng/Desktop/wptest/wordpress-develop/tests/phpunit/tests/sitemaps/sitemaps.php" line="338" assertions="1" time="0.190601"/>
        <testcase name="test_register_sitemap_provider" class="Test_Sitemaps" classname="Test_Sitemaps" file="/home/meng/Desktop/wptest/wordpress-develop/tests/phpunit/tests/sitemaps/sitemaps.php" line="391" assertions="1" time="0.043571"/>
        <testcase name="test_robots_text" class="Test_Sitemaps" classname="Test_Sitemaps" file="/home/meng/Desktop/wptest/wordpress-develop/tests/phpunit/tests/sitemaps/sitemaps.php" line="402" assertions="1" time="0.041004"/>
        <testcase name="test_robots_text_private_site" class="Test_Sitemaps" classname="Test_Sitemaps" file="/home/meng/Desktop/wptest/wordpress-develop/tests/phpunit/tests/sitemaps/sitemaps.php" line="413" assertions="1" time="0.039940"/>
        <testcase name="test_robots_text_with_permalinks" class="Test_Sitemaps" classname="Test_Sitemaps" file="/home/meng/Desktop/wptest/wordpress-develop/tests/phpunit/tests/sitemaps/sitemaps.php" line="423" assertions="1" time="0.055417"/>
        <testcase name="test_robots_text_prefixed_with_line_feed" class="Test_Sitemaps" classname="Test_Sitemaps" file="/home/meng/Desktop/wptest/wordpress-develop/tests/phpunit/tests/sitemaps/sitemaps.php" line="440" assertions="1" time="0.040076"/>
        <testcase name="test_sitemaps_enabled" class="Test_Sitemaps" classname="Test_Sitemaps" file="/home/meng/Desktop/wptest/wordpress-develop/tests/phpunit/tests/sitemaps/sitemaps.php" line="451" assertions="2" time="0.051330"/>
        <testcase name="test_disable_sitemap_should_return_404" class="Test_Sitemaps" classname="Test_Sitemaps" file="/home/meng/Desktop/wptest/wordpress-develop/tests/phpunit/tests/sitemaps/sitemaps.php" line="466" assertions="1" time="1.673587"/>
        <testcase name="test_empty_url_list_should_return_404" class="Test_Sitemaps" classname="Test_Sitemaps" file="/home/meng/Desktop/wptest/wordpress-develop/tests/phpunit/tests/sitemaps/sitemaps.php" line="483" assertions="1" time="1.619386"/>
      </testsuite>
      <testsuite name="Tests_Taxonomy" file="/home/meng/Desktop/wptest/wordpress-develop/tests/phpunit/tests/taxonomy.php" tests="58" assertions="160" errors="0" failures="0" skipped="0" time="4.144247">
        <testcase name="test_get_post_taxonomies" class="Tests_Taxonomy" classname="Tests_Taxonomy" file="/home/meng/Desktop/wptest/wordpress-develop/tests/phpunit/tests/taxonomy.php" line="22" assertions="1" time="0.039714"/>
        <testcase name="test_get_link_taxonomies" class="Tests_Taxonomy" classname="Tests_Taxonomy" file="/home/meng/Desktop/wptest/wordpress-develop/tests/phpunit/tests/taxonomy.php" line="26" assertions="1" time="0.037554"/>
        <testcase name="test_get_unknown_taxonomies" class="Tests_Taxonomy" classname="Tests_Taxonomy" file="/home/meng/Desktop/wptest/wordpress-develop/tests/phpunit/tests/taxonomy.php" line="33" assertions="4" time="0.040111"/>
        <testcase name="test_get_post_taxonomy" class="Tests_Taxonomy" classname="Tests_Taxonomy" file="/home/meng/Desktop/wptest/wordpress-develop/tests/phpunit/tests/taxonomy.php" line="41" assertions="9" time="0.037420"/>
        <testcase name="test_get_the_taxonomies" class="Tests_Taxonomy" classname="Tests_Taxonomy" file="/home/meng/Desktop/wptest/wordpress-develop/tests/phpunit/tests/taxonomy.php" line="51" assertions="5" time="0.083413"/>
        <testcase name="test_get_the_taxonomies_term_template" class="Tests_Taxonomy" classname="Tests_Taxonomy" file="/home/meng/Desktop/wptest/wordpress-develop/tests/phpunit/tests/taxonomy.php" line="70" assertions="2" time="0.071130"/>
        <testcase name="test_the_taxonomies" class="Tests_Taxonomy" classname="Tests_Taxonomy" file="/home/meng/Desktop/wptest/wordpress-develop/tests/phpunit/tests/taxonomy.php" line="81" assertions="1" time="0.068602"/>
        <testcase name="test_the_taxonomies_term_template" class="Tests_Taxonomy" classname="Tests_Taxonomy" file="/home/meng/Desktop/wptest/wordpress-develop/tests/phpunit/tests/taxonomy.php" line="96" assertions="2" time="0.070994"/>
        <testcase name="test_get_link_taxonomy" class="Tests_Taxonomy" classname="Tests_Taxonomy" file="/home/meng/Desktop/wptest/wordpress-develop/tests/phpunit/tests/taxonomy.php" line="123" assertions="3" time="0.038788"/>
        <testcase name="test_taxonomy_exists_known" class="Tests_Taxonomy" classname="Tests_Taxonomy" file="/home/meng/Desktop/wptest/wordpress-develop/tests/phpunit/tests/taxonomy.php" line="133" assertions="3" time="0.039960"/>
        <testcase name="test_taxonomy_exists_unknown" class="Tests_Taxonomy" classname="Tests_Taxonomy" file="/home/meng/Desktop/wptest/wordpress-develop/tests/phpunit/tests/taxonomy.php" line="139" assertions="4" time="0.041345"/>
        <testcase name="test_is_taxonomy_hierarchical" class="Tests_Taxonomy" classname="Tests_Taxonomy" file="/home/meng/Desktop/wptest/wordpress-develop/tests/phpunit/tests/taxonomy.php" line="146" assertions="3" time="0.038166"/>
        <testcase name="test_is_taxonomy_hierarchical_unknown" class="Tests_Taxonomy" classname="Tests_Taxonomy" file="/home/meng/Desktop/wptest/wordpress-develop/tests/phpunit/tests/taxonomy.php" line="152" assertions="4" time="0.038453"/>
        <testcase name="test_register_taxonomy" class="Tests_Taxonomy" classname="Tests_Taxonomy" file="/home/meng/Desktop/wptest/wordpress-develop/tests/phpunit/tests/taxonomy.php" line="159" assertions="3" time="0.039885"/>
        <testcase name="test_register_hierarchical_taxonomy" class="Tests_Taxonomy" classname="Tests_Taxonomy" file="/home/meng/Desktop/wptest/wordpress-develop/tests/phpunit/tests/taxonomy.php" line="173" assertions="3" time="0.040339"/>
        <testcase name="test_register_taxonomy_return_value" class="Tests_Taxonomy" classname="Tests_Taxonomy" file="/home/meng/Desktop/wptest/wordpress-develop/tests/phpunit/tests/taxonomy.php" line="190" assertions="1" time="0.041735"/>
        <testcase name="test_register_taxonomy_with_too_long_name" class="Tests_Taxonomy" classname="Tests_Taxonomy" file="/home/meng/Desktop/wptest/wordpress-develop/tests/phpunit/tests/taxonomy.php" line="199" assertions="2" time="0.037108"/>
        <testcase name="test_register_taxonomy_with_empty_name" class="Tests_Taxonomy" classname="Tests_Taxonomy" file="/home/meng/Desktop/wptest/wordpress-develop/tests/phpunit/tests/taxonomy.php" line="208" assertions="2" time="0.039089"/>
        <testcase name="test_register_taxonomy_show_in_quick_edit_should_default_to_value_of_show_ui" class="Tests_Taxonomy" classname="Tests_Taxonomy" file="/home/meng/Desktop/wptest/wordpress-develop/tests/phpunit/tests/taxonomy.php" line="215" assertions="2" time="0.053712"/>
        <testcase name="test_registering_taxonomies_to_object_types" class="Tests_Taxonomy" classname="Tests_Taxonomy" file="/home/meng/Desktop/wptest/wordpress-develop/tests/phpunit/tests/taxonomy.php" line="242" assertions="21" time="0.051278"/>
        <testcase name="test_register_taxonomy_for_post_type_for_taxonomy_with_no_object_type_should_filter_out_empty_object_types" class="Tests_Taxonomy" classname="Tests_Taxonomy" file="/home/meng/Desktop/wptest/wordpress-develop/tests/phpunit/tests/taxonomy.php" line="291" assertions="1" time="0.046768"/>
        <testcase name="test_get_objects_in_term_should_return_invalid_taxonomy_error" class="Tests_Taxonomy" classname="Tests_Taxonomy" file="/home/meng/Desktop/wptest/wordpress-develop/tests/phpunit/tests/taxonomy.php" line="300" assertions="2" time="0.036866"/>
        <testcase name="test_get_objects_in_term_should_return_empty_array" class="Tests_Taxonomy" classname="Tests_Taxonomy" file="/home/meng/Desktop/wptest/wordpress-develop/tests/phpunit/tests/taxonomy.php" line="306" assertions="1" time="0.039269"/>
        <testcase name="test_get_objects_in_term_should_return_objects_ids" class="Tests_Taxonomy" classname="Tests_Taxonomy" file="/home/meng/Desktop/wptest/wordpress-develop/tests/phpunit/tests/taxonomy.php" line="310" assertions="4" time="0.297541"/>
        <testcase name="test_term_assignment_should_invalidate_get_objects_in_term_cache" class="Tests_Taxonomy" classname="Tests_Taxonomy" file="/home/meng/Desktop/wptest/wordpress-develop/tests/phpunit/tests/taxonomy.php" line="343" assertions="2" time="0.113926"/>
        <testcase name="test_term_deletion_should_invalidate_get_objects_in_term_cache" class="Tests_Taxonomy" classname="Tests_Taxonomy" file="/home/meng/Desktop/wptest/wordpress-develop/tests/phpunit/tests/taxonomy.php" line="368" assertions="2" time="0.120369"/>
        <testcase name="test_post_deletion_should_invalidate_get_objects_in_term_cache" class="Tests_Taxonomy" classname="Tests_Taxonomy" file="/home/meng/Desktop/wptest/wordpress-develop/tests/phpunit/tests/taxonomy.php" line="393" assertions="2" time="0.125509"/>
        <testcase name="test_in_category" class="Tests_Taxonomy" classname="Tests_Taxonomy" file="/home/meng/Desktop/wptest/wordpress-develop/tests/phpunit/tests/taxonomy.php" line="418" assertions="4" time="0.098155"/>
        <testcase name="test_insert_category_create" class="Tests_Taxonomy" classname="Tests_Taxonomy" file="/home/meng/Desktop/wptest/wordpress-develop/tests/phpunit/tests/taxonomy.php" line="432" assertions="1" time="0.058323"/>
        <testcase name="test_insert_category_update" class="Tests_Taxonomy" classname="Tests_Taxonomy" file="/home/meng/Desktop/wptest/wordpress-develop/tests/phpunit/tests/taxonomy.php" line="441" assertions="1" time="0.050829"/>
        <testcase name="test_insert_category_force_error_handle" class="Tests_Taxonomy" classname="Tests_Taxonomy" file="/home/meng/Desktop/wptest/wordpress-develop/tests/phpunit/tests/taxonomy.php" line="450" assertions="1" time="0.044590"/>
        <testcase name="test_insert_category_force_error_no_handle" class="Tests_Taxonomy" classname="Tests_Taxonomy" file="/home/meng/Desktop/wptest/wordpress-develop/tests/phpunit/tests/taxonomy.php" line="459" assertions="1" time="0.038153"/>
        <testcase name="test_get_ancestors_taxonomy_non_hierarchical" class="Tests_Taxonomy" classname="Tests_Taxonomy" file="/home/meng/Desktop/wptest/wordpress-develop/tests/phpunit/tests/taxonomy.php" line="468" assertions="1" time="0.049962"/>
        <testcase name="test_get_ancestors_taxonomy" class="Tests_Taxonomy" classname="Tests_Taxonomy" file="/home/meng/Desktop/wptest/wordpress-develop/tests/phpunit/tests/taxonomy.php" line="480" assertions="1" time="0.098832"/>
        <testcase name="test_get_ancestors_post_type_non_hierarchical" class="Tests_Taxonomy" classname="Tests_Taxonomy" file="/home/meng/Desktop/wptest/wordpress-develop/tests/phpunit/tests/taxonomy.php" line="516" assertions="1" time="0.075157"/>
        <testcase name="test_get_ancestors_post_type" class="Tests_Taxonomy" classname="Tests_Taxonomy" file="/home/meng/Desktop/wptest/wordpress-develop/tests/phpunit/tests/taxonomy.php" line="527" assertions="1" time="0.103119"/>
        <testcase name="test_get_ancestors_taxonomy_post_type_conflict_resource_type_taxonomy" class="Tests_Taxonomy" classname="Tests_Taxonomy" file="/home/meng/Desktop/wptest/wordpress-develop/tests/phpunit/tests/taxonomy.php" line="565" assertions="3" time="0.099659"/>
        <testcase name="test_nonpublicly_queryable_taxonomy_should_not_be_queryable_using_taxname_query_var" class="Tests_Taxonomy" classname="Tests_Taxonomy" file="/home/meng/Desktop/wptest/wordpress-develop/tests/phpunit/tests/taxonomy.php" line="612" assertions="1" time="0.098392"/>
        <testcase name="test_it_should_be_possible_to_register_a_query_var_that_matches_the_name_of_a_nonpublicly_queryable_taxonomy" class="Tests_Taxonomy" classname="Tests_Taxonomy" file="/home/meng/Desktop/wptest/wordpress-develop/tests/phpunit/tests/taxonomy.php" line="638" assertions="2" time="0.098664"/>
        <testcase name="test_nonpublicly_queryable_taxonomy_should_not_be_queryable_using_taxonomy_and_term_vars" class="Tests_Taxonomy" classname="Tests_Taxonomy" file="/home/meng/Desktop/wptest/wordpress-develop/tests/phpunit/tests/taxonomy.php" line="679" assertions="1" time="0.100536"/>
        <testcase name="test_public_taxonomy_should_be_publicly_queryable" class="Tests_Taxonomy" classname="Tests_Taxonomy" file="/home/meng/Desktop/wptest/wordpress-develop/tests/phpunit/tests/taxonomy.php" line="705" assertions="2" time="0.095611"/>
        <testcase name="test_private_taxonomy_should_not_be_publicly_queryable" class="Tests_Taxonomy" classname="Tests_Taxonomy" file="/home/meng/Desktop/wptest/wordpress-develop/tests/phpunit/tests/taxonomy.php" line="733" assertions="2" time="0.089565"/>
        <testcase name="test_private_taxonomy_should_be_overridden_by_publicly_queryable" class="Tests_Taxonomy" classname="Tests_Taxonomy" file="/home/meng/Desktop/wptest/wordpress-develop/tests/phpunit/tests/taxonomy.php" line="761" assertions="2" time="0.097373"/>
        <testcase name="test_query_var_should_be_forced_to_false_for_non_public_taxonomy" class="Tests_Taxonomy" classname="Tests_Taxonomy" file="/home/meng/Desktop/wptest/wordpress-develop/tests/phpunit/tests/taxonomy.php" line="790" assertions="1" time="0.038878"/>
        <testcase name="test_unregister_taxonomy_unknown_taxonomy" class="Tests_Taxonomy" classname="Tests_Taxonomy" file="/home/meng/Desktop/wptest/wordpress-develop/tests/phpunit/tests/taxonomy.php" line="807" assertions="1" time="0.042753"/>
        <testcase name="test_unregister_taxonomy_twice" class="Tests_Taxonomy" classname="Tests_Taxonomy" file="/home/meng/Desktop/wptest/wordpress-develop/tests/phpunit/tests/taxonomy.php" line="814" assertions="2" time="0.045524"/>
        <testcase name="test_unregister_taxonomy_disallow_builtin_taxonomy" class="Tests_Taxonomy" classname="Tests_Taxonomy" file="/home/meng/Desktop/wptest/wordpress-develop/tests/phpunit/tests/taxonomy.php" line="823" assertions="2" time="0.045473"/>
        <testcase name="test_unregister_taxonomy_removes_query_vars" class="Tests_Taxonomy" classname="Tests_Taxonomy" file="/home/meng/Desktop/wptest/wordpress-develop/tests/phpunit/tests/taxonomy.php" line="831" assertions="3" time="0.041118"/>
        <testcase name="test_unregister_taxonomy_removes_permastruct" class="Tests_Taxonomy" classname="Tests_Taxonomy" file="/home/meng/Desktop/wptest/wordpress-develop/tests/phpunit/tests/taxonomy.php" line="844" assertions="3" time="0.050571"/>
        <testcase name="test_unregister_taxonomy_removes_rewrite_rules" class="Tests_Taxonomy" classname="Tests_Taxonomy" file="/home/meng/Desktop/wptest/wordpress-develop/tests/phpunit/tests/taxonomy.php" line="866" assertions="6" time="0.052127"/>
        <testcase name="test_unregister_taxonomy_removes_taxonomy_from_global" class="Tests_Taxonomy" classname="Tests_Taxonomy" file="/home/meng/Desktop/wptest/wordpress-develop/tests/phpunit/tests/taxonomy.php" line="886" assertions="5" time="0.041545"/>
        <testcase name="test_unregister_taxonomy_removes_meta_box_callback" class="Tests_Taxonomy" classname="Tests_Taxonomy" file="/home/meng/Desktop/wptest/wordpress-develop/tests/phpunit/tests/taxonomy.php" line="903" assertions="4" time="0.041250"/>
        <testcase name="test_taxonomy_does_not_exist_after_unregister_taxonomy" class="Tests_Taxonomy" classname="Tests_Taxonomy" file="/home/meng/Desktop/wptest/wordpress-develop/tests/phpunit/tests/taxonomy.php" line="917" assertions="2" time="0.042794"/>
        <testcase name="test_taxonomy_name_property_should_not_get_overridden_by_passed_args" class="Tests_Taxonomy" classname="Tests_Taxonomy" file="/home/meng/Desktop/wptest/wordpress-develop/tests/phpunit/tests/taxonomy.php" line="927" assertions="1" time="0.042310"/>
        <testcase name="test_edit_post_hierarchical_taxonomy" class="Tests_Taxonomy" classname="Tests_Taxonomy" file="/home/meng/Desktop/wptest/wordpress-develop/tests/phpunit/tests/taxonomy.php" line="939" assertions="1" time="0.213060"/>
        <testcase name="test_default_term_for_custom_taxonomy" class="Tests_Taxonomy" classname="Tests_Taxonomy" file="/home/meng/Desktop/wptest/wordpress-develop/tests/phpunit/tests/taxonomy.php" line="989" assertions="5" time="0.200584"/>
        <testcase name="test_default_term_for_post_in_multiple_taxonomies" class="Tests_Taxonomy" classname="Tests_Taxonomy" file="/home/meng/Desktop/wptest/wordpress-develop/tests/phpunit/tests/taxonomy.php" line="1054" assertions="2" time="0.088262"/>
        <testcase name="test_register_taxonomy_counting_callbacks" class="Tests_Taxonomy" classname="Tests_Taxonomy" file="/home/meng/Desktop/wptest/wordpress-develop/tests/phpunit/tests/taxonomy.php" line="1077" assertions="7" time="0.132033"/>
      </testsuite>
      <testsuite name="Tests_Taxonomy_GetObjectTaxonomies" file="/home/meng/Desktop/wptest/wordpress-develop/tests/phpunit/tests/taxonomy/getObjectTaxonomies.php" tests="7" assertions="11" errors="0" failures="0" skipped="0" time="0.366378">
        <testcase name="test_object_should_accept_string" class="Tests_Taxonomy_GetObjectTaxonomies" classname="Tests_Taxonomy_GetObjectTaxonomies" file="/home/meng/Desktop/wptest/wordpress-develop/tests/phpunit/tests/taxonomy/getObjectTaxonomies.php" line="13" assertions="1" time="0.040812"/>
        <testcase name="test_object_should_accept_array_of_post_type_names" class="Tests_Taxonomy_GetObjectTaxonomies" classname="Tests_Taxonomy_GetObjectTaxonomies" file="/home/meng/Desktop/wptest/wordpress-develop/tests/phpunit/tests/taxonomy/getObjectTaxonomies.php" line="20" assertions="1" time="0.041869"/>
        <testcase name="test_object_should_accept_post_object" class="Tests_Taxonomy_GetObjectTaxonomies" classname="Tests_Taxonomy_GetObjectTaxonomies" file="/home/meng/Desktop/wptest/wordpress-develop/tests/phpunit/tests/taxonomy/getObjectTaxonomies.php" line="27" assertions="1" time="0.058726"/>
        <testcase name="test_should_respect_output_names" class="Tests_Taxonomy_GetObjectTaxonomies" classname="Tests_Taxonomy_GetObjectTaxonomies" file="/home/meng/Desktop/wptest/wordpress-develop/tests/phpunit/tests/taxonomy/getObjectTaxonomies.php" line="35" assertions="3" time="0.040660"/>
        <testcase name="test_any_value_of_output_other_than_names_should_return_objects" class="Tests_Taxonomy_GetObjectTaxonomies" classname="Tests_Taxonomy_GetObjectTaxonomies" file="/home/meng/Desktop/wptest/wordpress-develop/tests/phpunit/tests/taxonomy/getObjectTaxonomies.php" line="43" assertions="1" time="0.044399"/>
        <testcase name="test_should_return_all_attachment_taxonomies_for_attachment_object_type" class="Tests_Taxonomy_GetObjectTaxonomies" classname="Tests_Taxonomy_GetObjectTaxonomies" file="/home/meng/Desktop/wptest/wordpress-develop/tests/phpunit/tests/taxonomy/getObjectTaxonomies.php" line="53" assertions="1" time="0.069927"/>
        <testcase name="test_should_respect_output_objects_when_object_is_attachment" class="Tests_Taxonomy_GetObjectTaxonomies" classname="Tests_Taxonomy_GetObjectTaxonomies" file="/home/meng/Desktop/wptest/wordpress-develop/tests/phpunit/tests/taxonomy/getObjectTaxonomies.php" line="74" assertions="3" time="0.069985"/>
      </testsuite>
      <testsuite name="Tests_Taxonomy_IsTaxonomyViewable" file="/home/meng/Desktop/wptest/wordpress-develop/tests/phpunit/tests/taxonomy/isTaxonomyViewable.php" tests="4" assertions="4" errors="0" failures="0" skipped="0" time="0.177286">
        <testcase name="test_is_taxonomy_viewable_for_querable_taxonomy" class="Tests_Taxonomy_IsTaxonomyViewable" classname="Tests_Taxonomy_IsTaxonomyViewable" file="/home/meng/Desktop/wptest/wordpress-develop/tests/phpunit/tests/taxonomy/isTaxonomyViewable.php" line="18" assertions="1" time="0.053224"/>
        <testcase name="test_is_taxonomy_viewable_for_non_querable_taxonomy" class="Tests_Taxonomy_IsTaxonomyViewable" classname="Tests_Taxonomy_IsTaxonomyViewable" file="/home/meng/Desktop/wptest/wordpress-develop/tests/phpunit/tests/taxonomy/isTaxonomyViewable.php" line="25" assertions="1" time="0.041474"/>
        <testcase name="test_is_taxonomy_viewable_for_non_existing_taxonomy" class="Tests_Taxonomy_IsTaxonomyViewable" classname="Tests_Taxonomy_IsTaxonomyViewable" file="/home/meng/Desktop/wptest/wordpress-develop/tests/phpunit/tests/taxonomy/isTaxonomyViewable.php" line="32" assertions="1" time="0.040707"/>
        <testcase name="test_is_taxonomy_viewable_with_object_given" class="Tests_Taxonomy_IsTaxonomyViewable" classname="Tests_Taxonomy_IsTaxonomyViewable" file="/home/meng/Desktop/wptest/wordpress-develop/tests/phpunit/tests/taxonomy/isTaxonomyViewable.php" line="39" assertions="1" time="0.041881"/>
      </testsuite>
      <testsuite name="Tests_Template" file="/home/meng/Desktop/wptest/wordpress-develop/tests/phpunit/tests/template.php" tests="21" assertions="22" errors="0" failures="0" skipped="0" time="1.767878">
        <testcase name="test_404_template_hierarchy" class="Tests_Template" classname="Tests_Template" file="/home/meng/Desktop/wptest/wordpress-develop/tests/phpunit/tests/template.php" line="93" assertions="1" time="0.075458"/>
        <testcase name="test_author_template_hierarchy" class="Tests_Template" classname="Tests_Template" file="/home/meng/Desktop/wptest/wordpress-develop/tests/phpunit/tests/template.php" line="109" assertions="1" time="0.125885"/>
        <testcase name="test_category_template_hierarchy" class="Tests_Template" classname="Tests_Template" file="/home/meng/Desktop/wptest/wordpress-develop/tests/phpunit/tests/template.php" line="127" assertions="1" time="0.086905"/>
        <testcase name="test_tag_template_hierarchy" class="Tests_Template" classname="Tests_Template" file="/home/meng/Desktop/wptest/wordpress-develop/tests/phpunit/tests/template.php" line="147" assertions="1" time="0.094386"/>
        <testcase name="test_taxonomy_template_hierarchy" class="Tests_Template" classname="Tests_Template" file="/home/meng/Desktop/wptest/wordpress-develop/tests/phpunit/tests/template.php" line="167" assertions="1" time="0.082003"/>
        <testcase name="test_date_template_hierarchy_for_year" class="Tests_Template" classname="Tests_Template" file="/home/meng/Desktop/wptest/wordpress-develop/tests/phpunit/tests/template.php" line="187" assertions="1" time="0.072728"/>
        <testcase name="test_date_template_hierarchy_for_month" class="Tests_Template" classname="Tests_Template" file="/home/meng/Desktop/wptest/wordpress-develop/tests/phpunit/tests/template.php" line="197" assertions="1" time="0.073453"/>
        <testcase name="test_date_template_hierarchy_for_day" class="Tests_Template" classname="Tests_Template" file="/home/meng/Desktop/wptest/wordpress-develop/tests/phpunit/tests/template.php" line="207" assertions="1" time="0.076868"/>
        <testcase name="test_search_template_hierarchy" class="Tests_Template" classname="Tests_Template" file="/home/meng/Desktop/wptest/wordpress-develop/tests/phpunit/tests/template.php" line="217" assertions="1" time="0.069011"/>
        <testcase name="test_front_page_template_hierarchy_with_posts_on_front" class="Tests_Template" classname="Tests_Template" file="/home/meng/Desktop/wptest/wordpress-develop/tests/phpunit/tests/template.php" line="233" assertions="2" time="0.075628"/>
        <testcase name="test_front_page_template_hierarchy_with_page_on_front" class="Tests_Template" classname="Tests_Template" file="/home/meng/Desktop/wptest/wordpress-develop/tests/phpunit/tests/template.php" line="245" assertions="1" time="0.090906"/>
        <testcase name="test_home_template_hierarchy_with_page_on_front" class="Tests_Template" classname="Tests_Template" file="/home/meng/Desktop/wptest/wordpress-develop/tests/phpunit/tests/template.php" line="263" assertions="1" time="0.095804"/>
        <testcase name="test_page_template_hierarchy" class="Tests_Template" classname="Tests_Template" file="/home/meng/Desktop/wptest/wordpress-develop/tests/phpunit/tests/template.php" line="277" assertions="1" time="0.075993"/>
        <testcase name="test_privacy_template_hierarchy" class="Tests_Template" classname="Tests_Template" file="/home/meng/Desktop/wptest/wordpress-develop/tests/phpunit/tests/template.php" line="295" assertions="1" time="0.079738"/>
        <testcase name="test_single_template_hierarchy_for_post" class="Tests_Template" classname="Tests_Template" file="/home/meng/Desktop/wptest/wordpress-develop/tests/phpunit/tests/template.php" line="313" assertions="1" time="0.075383"/>
        <testcase name="test_single_template_hierarchy_for_custom_post_type" class="Tests_Template" classname="Tests_Template" file="/home/meng/Desktop/wptest/wordpress-develop/tests/phpunit/tests/template.php" line="327" assertions="1" time="0.089488"/>
        <testcase name="test_single_template_hierarchy_for_custom_post_type_with_template" class="Tests_Template" classname="Tests_Template" file="/home/meng/Desktop/wptest/wordpress-develop/tests/phpunit/tests/template.php" line="350" assertions="1" time="0.088575"/>
        <testcase name="test_attachment_template_hierarchy" class="Tests_Template" classname="Tests_Template" file="/home/meng/Desktop/wptest/wordpress-develop/tests/phpunit/tests/template.php" line="372" assertions="1" time="0.089477"/>
        <testcase name="test_attachment_template_hierarchy_with_template" class="Tests_Template" classname="Tests_Template" file="/home/meng/Desktop/wptest/wordpress-develop/tests/phpunit/tests/template.php" line="399" assertions="1" time="0.095165"/>
        <testcase name="test_embed_template_hierarchy_for_post" class="Tests_Template" classname="Tests_Template" file="/home/meng/Desktop/wptest/wordpress-develop/tests/phpunit/tests/template.php" line="426" assertions="1" time="0.079306"/>
        <testcase name="test_embed_template_hierarchy_for_page" class="Tests_Template" classname="Tests_Template" file="/home/meng/Desktop/wptest/wordpress-develop/tests/phpunit/tests/template.php" line="443" assertions="1" time="0.075717"/>
      </testsuite>
      <testsuite name="Tests_Term" file="/home/meng/Desktop/wptest/wordpress-develop/tests/phpunit/tests/term.php" tests="11" assertions="65" errors="0" failures="0" skipped="0" time="1.200634">
        <testcase name="test_wp_delete_term_should_invalidate_cache_for_child_terms" class="Tests_Term" classname="Tests_Term" file="/home/meng/Desktop/wptest/wordpress-develop/tests/phpunit/tests/term.php" line="17" assertions="2" time="0.084961"/>
        <testcase name="test_is_term_type" class="Tests_Term" classname="Tests_Term" file="/home/meng/Desktop/wptest/wordpress-develop/tests/phpunit/tests/term.php" line="52" assertions="3" time="0.078427"/>
        <testcase name="test_wp_count_terms" class="Tests_Term" classname="Tests_Term" file="/home/meng/Desktop/wptest/wordpress-develop/tests/phpunit/tests/term.php" line="67" assertions="1" time="0.044666"/>
        <testcase name="test_wp_count_terms_legacy_interoperability" class="Tests_Term" classname="Tests_Term" file="/home/meng/Desktop/wptest/wordpress-develop/tests/phpunit/tests/term.php" line="81" assertions="3" time="0.084473"/>
        <testcase name="test_wp_add_remove_object_terms" class="Tests_Term" classname="Tests_Term" file="/home/meng/Desktop/wptest/wordpress-develop/tests/phpunit/tests/term.php" line="99" assertions="19" time="0.359085"/>
        <testcase name="test_term_is_ancestor_of" class="Tests_Term" classname="Tests_Term" file="/home/meng/Desktop/wptest/wordpress-develop/tests/phpunit/tests/term.php" line="130" assertions="6" time="0.102179"/>
        <testcase name="test_wp_insert_delete_category" class="Tests_Term" classname="Tests_Term" file="/home/meng/Desktop/wptest/wordpress-develop/tests/phpunit/tests/term.php" line="149" assertions="11" time="0.075800"/>
        <testcase name="test_wp_set_post_categories" class="Tests_Term" classname="Tests_Term" file="/home/meng/Desktop/wptest/wordpress-develop/tests/phpunit/tests/term.php" line="175" assertions="12" time="0.130792"/>
        <testcase name="test_wp_set_post_categories_sets_default_category_for_custom_post_types" class="Tests_Term" classname="Tests_Term" file="/home/meng/Desktop/wptest/wordpress-develop/tests/phpunit/tests/term.php" line="214" assertions="3" time="0.113170"/>
        <testcase name="test_sanitize_term_field" class="Tests_Term" classname="Tests_Term" file="/home/meng/Desktop/wptest/wordpress-develop/tests/phpunit/tests/term.php" line="243" assertions="4" time="0.056723"/>
        <testcase name="test_orphan_category" class="Tests_Term" classname="Tests_Term" file="/home/meng/Desktop/wptest/wordpress-develop/tests/phpunit/tests/term.php" line="255" assertions="1" time="0.070358"/>
      </testsuite>
      <testsuite name="Tests_Term_Cache" file="/home/meng/Desktop/wptest/wordpress-develop/tests/phpunit/tests/term/cache.php" tests="15" assertions="76" errors="0" failures="0" skipped="0" time="1.151032">
        <testcase name="test_category_children_cache" class="Tests_Term_Cache" classname="Tests_Term_Cache" file="/home/meng/Desktop/wptest/wordpress-develop/tests/phpunit/tests/term/cache.php" line="16" assertions="2" time="0.100107"/>
        <testcase name="test_category_name_change" class="Tests_Term_Cache" classname="Tests_Term_Cache" file="/home/meng/Desktop/wptest/wordpress-develop/tests/phpunit/tests/term/cache.php" line="41" assertions="2" time="0.107902"/>
        <testcase name="test_hierachy_invalidation" class="Tests_Term_Cache" classname="Tests_Term_Cache" file="/home/meng/Desktop/wptest/wordpress-develop/tests/phpunit/tests/term/cache.php" line="58" assertions="26" time="0.167670"/>
        <testcase name="test_get_term_should_update_term_cache_when_passed_an_object" class="Tests_Term_Cache" classname="Tests_Term_Cache" file="/home/meng/Desktop/wptest/wordpress-develop/tests/phpunit/tests/term/cache.php" line="103" assertions="3" time="0.051768"/>
        <testcase name="test_get_term_should_update_term_cache_when_passed_a_valid_term_identifier" class="Tests_Term_Cache" classname="Tests_Term_Cache" file="/home/meng/Desktop/wptest/wordpress-develop/tests/phpunit/tests/term/cache.php" line="131" assertions="5" time="0.054432"/>
        <testcase name="test_get_term_by_should_update_term_cache_when_passed_a_valid_term_identifier" class="Tests_Term_Cache" classname="Tests_Term_Cache" file="/home/meng/Desktop/wptest/wordpress-develop/tests/phpunit/tests/term/cache.php" line="160" assertions="5" time="0.055510"/>
        <testcase name="test_get_terms_should_update_cache_for_located_terms" class="Tests_Term_Cache" classname="Tests_Term_Cache" file="/home/meng/Desktop/wptest/wordpress-develop/tests/phpunit/tests/term/cache.php" line="192" assertions="1" time="0.084759"/>
        <testcase name="test_term_objects_should_not_be_modified_by_update_term_cache" class="Tests_Term_Cache" classname="Tests_Term_Cache" file="/home/meng/Desktop/wptest/wordpress-develop/tests/phpunit/tests/term/cache.php" line="225" assertions="1" time="0.082998"/>
        <testcase name="test_get_term_by_slug_cache" class="Tests_Term_Cache" classname="Tests_Term_Cache" file="/home/meng/Desktop/wptest/wordpress-develop/tests/phpunit/tests/term/cache.php" line="244" assertions="6" time="0.052937"/>
        <testcase name="test_get_term_by_slug_cache_update" class="Tests_Term_Cache" classname="Tests_Term_Cache" file="/home/meng/Desktop/wptest/wordpress-develop/tests/phpunit/tests/term/cache.php" line="275" assertions="6" time="0.070500"/>
        <testcase name="test_get_term_by_name_cache" class="Tests_Term_Cache" classname="Tests_Term_Cache" file="/home/meng/Desktop/wptest/wordpress-develop/tests/phpunit/tests/term/cache.php" line="313" assertions="4" time="0.056283"/>
        <testcase name="test_get_term_by_name_cache_update" class="Tests_Term_Cache" classname="Tests_Term_Cache" file="/home/meng/Desktop/wptest/wordpress-develop/tests/phpunit/tests/term/cache.php" line="342" assertions="3" time="0.060835"/>
        <testcase name="test_invalidating_term_caches_should_fail_when_invalidation_is_suspended" class="Tests_Term_Cache" classname="Tests_Term_Cache" file="/home/meng/Desktop/wptest/wordpress-develop/tests/phpunit/tests/term/cache.php" line="377" assertions="5" time="0.064244"/>
        <testcase name="test_get_term_by_does_not_prime_term_meta_cache" class="Tests_Term_Cache" classname="Tests_Term_Cache" file="/home/meng/Desktop/wptest/wordpress-develop/tests/phpunit/tests/term/cache.php" line="420" assertions="5" time="0.054039"/>
        <testcase name="test_get_object_term_cache_should_return_error_if_any_term_is_an_error" class="Tests_Term_Cache" classname="Tests_Term_Cache" file="/home/meng/Desktop/wptest/wordpress-develop/tests/phpunit/tests/term/cache.php" line="449" assertions="2" time="0.087048"/>
      </testsuite>
      <testsuite name="Tests_Term_CategoryExists" file="/home/meng/Desktop/wptest/wordpress-develop/tests/phpunit/tests/term/categoryExists.php" tests="4" assertions="4" errors="0" failures="0" skipped="0" time="0.296856">
        <testcase name="test_category_exists_should_return_only_top_level_categories_when_parent_is_0" class="Tests_Term_CategoryExists" classname="Tests_Term_CategoryExists" file="/home/meng/Desktop/wptest/wordpress-develop/tests/phpunit/tests/term/categoryExists.php" line="7" assertions="1" time="0.072576"/>
        <testcase name="test_category_exists_should_select_oldest_matching_category_when_no_parent_is_specified_1" class="Tests_Term_CategoryExists" classname="Tests_Term_CategoryExists" file="/home/meng/Desktop/wptest/wordpress-develop/tests/phpunit/tests/term/categoryExists.php" line="29" assertions="1" time="0.076896"/>
        <testcase name="test_category_exists_should_select_oldest_matching_category_when_no_parent_is_specified_2" class="Tests_Term_CategoryExists" classname="Tests_Term_CategoryExists" file="/home/meng/Desktop/wptest/wordpress-develop/tests/phpunit/tests/term/categoryExists.php" line="52" assertions="1" time="0.076047"/>
        <testcase name="test_category_exists_should_respect_nonempty_parent" class="Tests_Term_CategoryExists" classname="Tests_Term_CategoryExists" file="/home/meng/Desktop/wptest/wordpress-develop/tests/phpunit/tests/term/categoryExists.php" line="75" assertions="1" time="0.071337"/>
      </testsuite>
      <testsuite name="Tests_Term_GetEditTermLink" file="/home/meng/Desktop/wptest/wordpress-develop/tests/phpunit/tests/term/getEditTermLink.php" tests="6" assertions="6" errors="0" failures="0" skipped="0" time="0.797813">
        <testcase name="test_get_edit_term_link_default" class="Tests_Term_GetEditTermLink" classname="Tests_Term_GetEditTermLink" file="/home/meng/Desktop/wptest/wordpress-develop/tests/phpunit/tests/term/getEditTermLink.php" line="13" assertions="1" time="0.120782"/>
        <testcase name="test_get_edit_term_link_invalid_id" class="Tests_Term_GetEditTermLink" classname="Tests_Term_GetEditTermLink" file="/home/meng/Desktop/wptest/wordpress-develop/tests/phpunit/tests/term/getEditTermLink.php" line="29" assertions="1" time="0.118661"/>
        <testcase name="test_get_edit_term_link_empty_id" class="Tests_Term_GetEditTermLink" classname="Tests_Term_GetEditTermLink" file="/home/meng/Desktop/wptest/wordpress-develop/tests/phpunit/tests/term/getEditTermLink.php" line="44" assertions="1" time="0.109375"/>
        <testcase name="test_get_edit_term_link_bad_tax" class="Tests_Term_GetEditTermLink" classname="Tests_Term_GetEditTermLink" file="/home/meng/Desktop/wptest/wordpress-develop/tests/phpunit/tests/term/getEditTermLink.php" line="52" assertions="1" time="0.111232"/>
        <testcase name="test_taxonomy_should_not_be_required" class="Tests_Term_GetEditTermLink" classname="Tests_Term_GetEditTermLink" file="/home/meng/Desktop/wptest/wordpress-develop/tests/phpunit/tests/term/getEditTermLink.php" line="60" assertions="1" time="0.126172"/>
        <testcase name="test_cap_check_should_use_correct_taxonomy_when_taxonomy_is_not_specified" class="Tests_Term_GetEditTermLink" classname="Tests_Term_GetEditTermLink" file="/home/meng/Desktop/wptest/wordpress-develop/tests/phpunit/tests/term/getEditTermLink.php" line="75" assertions="1" time="0.211591"/>
      </testsuite>
      <testsuite name="Tests_Term_GetTagLink" file="/home/meng/Desktop/wptest/wordpress-develop/tests/phpunit/tests/term/getTagLink.php" tests="3" assertions="3" errors="0" failures="0" skipped="0" time="0.171006">
        <testcase name="test_success" class="Tests_Term_GetTagLink" classname="Tests_Term_GetTagLink" file="/home/meng/Desktop/wptest/wordpress-develop/tests/phpunit/tests/term/getTagLink.php" line="8" assertions="1" time="0.058802"/>
        <testcase name="test_should_return_link_for_term_from_another_taxonomy_on_primed_cache" class="Tests_Term_GetTagLink" classname="Tests_Term_GetTagLink" file="/home/meng/Desktop/wptest/wordpress-develop/tests/phpunit/tests/term/getTagLink.php" line="25" assertions="1" time="0.051433"/>
        <testcase name="test_should_return_link_for_term_from_another_taxonomy_on_empty_cache" class="Tests_Term_GetTagLink" classname="Tests_Term_GetTagLink" file="/home/meng/Desktop/wptest/wordpress-develop/tests/phpunit/tests/term/getTagLink.php" line="46" assertions="1" time="0.060771"/>
      </testsuite>
      <testsuite name="Tests_Term_GetTerm" file="/home/meng/Desktop/wptest/wordpress-develop/tests/phpunit/tests/term/getTerm.php" tests="18" assertions="44" errors="0" failures="0" skipped="0" time="0.921730">
        <testcase name="test_should_return_error_for_empty_term" class="Tests_Term_GetTerm" classname="Tests_Term_GetTerm" file="/home/meng/Desktop/wptest/wordpress-develop/tests/phpunit/tests/term/getTerm.php" line="48" assertions="2" time="0.040750"/>
        <testcase name="test_should_return_error_for_invalid_taxonomy" class="Tests_Term_GetTerm" classname="Tests_Term_GetTerm" file="/home/meng/Desktop/wptest/wordpress-develop/tests/phpunit/tests/term/getTerm.php" line="54" assertions="2" time="0.042800"/>
        <testcase name="test_passing_term_object_should_skip_database_query_when_filter_property_is_empty" class="Tests_Term_GetTerm" classname="Tests_Term_GetTerm" file="/home/meng/Desktop/wptest/wordpress-develop/tests/phpunit/tests/term/getTerm.php" line="60" assertions="1" time="0.050390"/>
        <testcase name="test_passing_term_string_that_casts_to_int_0_should_return_null" class="Tests_Term_GetTerm" classname="Tests_Term_GetTerm" file="/home/meng/Desktop/wptest/wordpress-develop/tests/phpunit/tests/term/getTerm.php" line="74" assertions="1" time="0.042498"/>
        <testcase name="test_should_return_null_for_invalid_term_id" class="Tests_Term_GetTerm" classname="Tests_Term_GetTerm" file="/home/meng/Desktop/wptest/wordpress-develop/tests/phpunit/tests/term/getTerm.php" line="78" assertions="1" time="0.041517"/>
        <testcase name="test_cache_should_be_populated_by_successful_fetch" class="Tests_Term_GetTerm" classname="Tests_Term_GetTerm" file="/home/meng/Desktop/wptest/wordpress-develop/tests/phpunit/tests/term/getTerm.php" line="82" assertions="2" time="0.054989"/>
        <testcase name="test_output_object" class="Tests_Term_GetTerm" classname="Tests_Term_GetTerm" file="/home/meng/Desktop/wptest/wordpress-develop/tests/phpunit/tests/term/getTerm.php" line="98" assertions="1" time="0.053278"/>
        <testcase name="test_output_array_a" class="Tests_Term_GetTerm" classname="Tests_Term_GetTerm" file="/home/meng/Desktop/wptest/wordpress-develop/tests/phpunit/tests/term/getTerm.php" line="103" assertions="2" time="0.051446"/>
        <testcase name="test_output_array_n" class="Tests_Term_GetTerm" classname="Tests_Term_GetTerm" file="/home/meng/Desktop/wptest/wordpress-develop/tests/phpunit/tests/term/getTerm.php" line="110" assertions="12" time="0.049136"/>
        <testcase name="test_output_should_fall_back_to_object_for_invalid_input" class="Tests_Term_GetTerm" classname="Tests_Term_GetTerm" file="/home/meng/Desktop/wptest/wordpress-develop/tests/phpunit/tests/term/getTerm.php" line="120" assertions="1" time="0.049448"/>
        <testcase name="test_numeric_properties_should_be_cast_to_ints" class="Tests_Term_GetTerm" classname="Tests_Term_GetTerm" file="/home/meng/Desktop/wptest/wordpress-develop/tests/phpunit/tests/term/getTerm.php" line="128" assertions="6" time="0.048012"/>
        <testcase name="test_should_return_null_when_provided_taxonomy_does_not_match_actual_term_taxonomy" class="Tests_Term_GetTerm" classname="Tests_Term_GetTerm" file="/home/meng/Desktop/wptest/wordpress-develop/tests/phpunit/tests/term/getTerm.php" line="149" assertions="1" time="0.047068"/>
        <testcase name="test_should_return_wp_error_when_term_is_shared_and_no_taxonomy_is_specified" class="Tests_Term_GetTerm" classname="Tests_Term_GetTerm" file="/home/meng/Desktop/wptest/wordpress-develop/tests/phpunit/tests/term/getTerm.php" line="157" assertions="1" time="0.059889"/>
        <testcase name="test_should_return_term_when_term_is_shared_and_correct_taxonomy_is_specified" class="Tests_Term_GetTerm" classname="Tests_Term_GetTerm" file="/home/meng/Desktop/wptest/wordpress-develop/tests/phpunit/tests/term/getTerm.php" line="168" assertions="2" time="0.062296"/>
        <testcase name="test_should_return_null_when_term_is_shared_and_incorrect_taxonomy_is_specified" class="Tests_Term_GetTerm" classname="Tests_Term_GetTerm" file="/home/meng/Desktop/wptest/wordpress-develop/tests/phpunit/tests/term/getTerm.php" line="180" assertions="1" time="0.057796"/>
        <testcase name="test_shared_term_in_cache_should_be_ignored_when_specifying_a_different_taxonomy" class="Tests_Term_GetTerm" classname="Tests_Term_GetTerm" file="/home/meng/Desktop/wptest/wordpress-develop/tests/phpunit/tests/term/getTerm.php" line="191" assertions="3" time="0.061682"/>
        <testcase name="test_should_return_error_when_only_matching_term_is_in_an_invalid_taxonomy" class="Tests_Term_GetTerm" classname="Tests_Term_GetTerm" file="/home/meng/Desktop/wptest/wordpress-develop/tests/phpunit/tests/term/getTerm.php" line="212" assertions="2" time="0.048370"/>
        <testcase name="test_term_should_be_returned_when_id_is_shared_only_with_invalid_taxonomies" class="Tests_Term_GetTerm" classname="Tests_Term_GetTerm" file="/home/meng/Desktop/wptest/wordpress-develop/tests/phpunit/tests/term/getTerm.php" line="225" assertions="3" time="0.060365"/>
      </testsuite>
      <testsuite name="Tests_Term_GetTermBy" file="/home/meng/Desktop/wptest/wordpress-develop/tests/phpunit/tests/term/getTermBy.php" tests="19" assertions="31" errors="0" failures="0" skipped="0" time="1.003684">
        <testcase name="test_get_term_by_slug" class="Tests_Term_GetTermBy" classname="Tests_Term_GetTermBy" file="/home/meng/Desktop/wptest/wordpress-develop/tests/phpunit/tests/term/getTermBy.php" line="8" assertions="1" time="0.058166"/>
        <testcase name="test_get_term_by_name" class="Tests_Term_GetTermBy" classname="Tests_Term_GetTermBy" file="/home/meng/Desktop/wptest/wordpress-develop/tests/phpunit/tests/term/getTermBy.php" line="14" assertions="1" time="0.057307"/>
        <testcase name="test_get_term_by_id" class="Tests_Term_GetTermBy" classname="Tests_Term_GetTermBy" file="/home/meng/Desktop/wptest/wordpress-develop/tests/phpunit/tests/term/getTermBy.php" line="20" assertions="1" time="0.056841"/>
        <testcase name="test_get_term_by_term_id" class="Tests_Term_GetTermBy" classname="Tests_Term_GetTermBy" file="/home/meng/Desktop/wptest/wordpress-develop/tests/phpunit/tests/term/getTermBy.php" line="29" assertions="1" time="0.055461"/>
        <testcase name="test_get_term_by_uppercase_id" class="Tests_Term_GetTermBy" classname="Tests_Term_GetTermBy" file="/home/meng/Desktop/wptest/wordpress-develop/tests/phpunit/tests/term/getTermBy.php" line="38" assertions="1" time="0.054929"/>
        <testcase name="test_get_term_by_tt_id" class="Tests_Term_GetTermBy" classname="Tests_Term_GetTermBy" file="/home/meng/Desktop/wptest/wordpress-develop/tests/phpunit/tests/term/getTermBy.php" line="47" assertions="1" time="0.056486"/>
        <testcase name="test_get_term_by_unknown" class="Tests_Term_GetTermBy" classname="Tests_Term_GetTermBy" file="/home/meng/Desktop/wptest/wordpress-develop/tests/phpunit/tests/term/getTermBy.php" line="53" assertions="1" time="0.050274"/>
        <testcase name="test_get_term_by_with_nonexistent_id_should_return_false" class="Tests_Term_GetTermBy" classname="Tests_Term_GetTermBy" file="/home/meng/Desktop/wptest/wordpress-develop/tests/phpunit/tests/term/getTermBy.php" line="62" assertions="1" time="0.039649"/>
        <testcase name="test_get_term_by_slug_should_match_nonaccented_equivalents" class="Tests_Term_GetTermBy" classname="Tests_Term_GetTermBy" file="/home/meng/Desktop/wptest/wordpress-develop/tests/phpunit/tests/term/getTermBy.php" line="70" assertions="1" time="0.048852"/>
        <testcase name="test_taxonomy_should_be_ignored_if_matching_by_term_taxonomy_id" class="Tests_Term_GetTermBy" classname="Tests_Term_GetTermBy" file="/home/meng/Desktop/wptest/wordpress-develop/tests/phpunit/tests/term/getTermBy.php" line="88" assertions="1" time="0.051656"/>
        <testcase name="test_should_prime_term_cache" class="Tests_Term_GetTermBy" classname="Tests_Term_GetTermBy" file="/home/meng/Desktop/wptest/wordpress-develop/tests/phpunit/tests/term/getTermBy.php" line="111" assertions="5" time="0.052451"/>
        <testcase name="test_should_unslash_name" class="Tests_Term_GetTermBy" classname="Tests_Term_GetTermBy" file="/home/meng/Desktop/wptest/wordpress-develop/tests/phpunit/tests/term/getTermBy.php" line="141" assertions="3" time="0.049635"/>
        <testcase name="test_should_sanitize_slug" class="Tests_Term_GetTermBy" classname="Tests_Term_GetTermBy" file="/home/meng/Desktop/wptest/wordpress-develop/tests/phpunit/tests/term/getTermBy.php" line="162" assertions="4" time="0.071767"/>
        <testcase name="test_query_should_not_contain_order_by_clause" class="Tests_Term_GetTermBy" classname="Tests_Term_GetTermBy" file="/home/meng/Desktop/wptest/wordpress-develop/tests/phpunit/tests/term/getTermBy.php" line="194" assertions="2" time="0.056634"/>
        <testcase name="test_query_should_contain_limit_clause" class="Tests_Term_GetTermBy" classname="Tests_Term_GetTermBy" file="/home/meng/Desktop/wptest/wordpress-develop/tests/phpunit/tests/term/getTermBy.php" line="211" assertions="2" time="0.055313"/>
        <testcase name="test_prevent_recursion_by_get_terms_filter" class="Tests_Term_GetTermBy" classname="Tests_Term_GetTermBy" file="/home/meng/Desktop/wptest/wordpress-develop/tests/phpunit/tests/term/getTermBy.php" line="228" assertions="1" time="0.040043"/>
        <testcase name="test_get_term_by_name_with_string_0" class="Tests_Term_GetTermBy" classname="Tests_Term_GetTermBy" file="/home/meng/Desktop/wptest/wordpress-develop/tests/phpunit/tests/term/getTermBy.php" line="241" assertions="1" time="0.057320"/>
        <testcase name="test_get_term_by_slug_with_string_0" class="Tests_Term_GetTermBy" classname="Tests_Term_GetTermBy" file="/home/meng/Desktop/wptest/wordpress-develop/tests/phpunit/tests/term/getTermBy.php" line="258" assertions="1" time="0.052541"/>
        <testcase name="test_get_term_by_with_empty_string" class="Tests_Term_GetTermBy" classname="Tests_Term_GetTermBy" file="/home/meng/Desktop/wptest/wordpress-develop/tests/phpunit/tests/term/getTermBy.php" line="276" assertions="2" time="0.038359"/>
      </testsuite>
      <testsuite name="Tests_Term_getTermField" file="/home/meng/Desktop/wptest/wordpress-develop/tests/phpunit/tests/term/getTermField.php" tests="14" assertions="38" errors="0" failures="0" skipped="0" time="0.684331">
        <testcase name="test_get_term_field_should_not_return_error_for_empty_taxonomy" class="Tests_Term_getTermField" classname="Tests_Term_getTermField" file="/home/meng/Desktop/wptest/wordpress-develop/tests/phpunit/tests/term/getTermField.php" line="19" assertions="2" time="0.047468"/>
        <testcase name="test_get_term_field_supplying_a_taxonomy" class="Tests_Term_getTermField" classname="Tests_Term_getTermField" file="/home/meng/Desktop/wptest/wordpress-develop/tests/phpunit/tests/term/getTermField.php" line="30" assertions="1" time="0.046417"/>
        <testcase name="test_get_term_field_supplying_no_taxonomy" class="Tests_Term_getTermField" classname="Tests_Term_getTermField" file="/home/meng/Desktop/wptest/wordpress-develop/tests/phpunit/tests/term/getTermField.php" line="40" assertions="1" time="0.048839"/>
        <testcase name="test_get_term_field_should_accept_a_WP_Term_id_or_object" class="Tests_Term_getTermField" classname="Tests_Term_getTermField" file="/home/meng/Desktop/wptest/wordpress-develop/tests/phpunit/tests/term/getTermField.php" line="50" assertions="4" time="0.048512"/>
        <testcase name="test_get_term_field_invalid_taxonomy_should_return_WP_Error" class="Tests_Term_getTermField" classname="Tests_Term_getTermField" file="/home/meng/Desktop/wptest/wordpress-develop/tests/phpunit/tests/term/getTermField.php" line="62" assertions="2" time="0.046478"/>
        <testcase name="test_get_term_field_invalid_term_should_return_WP_Error" class="Tests_Term_getTermField" classname="Tests_Term_getTermField" file="/home/meng/Desktop/wptest/wordpress-develop/tests/phpunit/tests/term/getTermField.php" line="73" assertions="4" time="0.042376"/>
        <testcase name="test_get_term_field_term_id" class="Tests_Term_getTermField" classname="Tests_Term_getTermField" file="/home/meng/Desktop/wptest/wordpress-develop/tests/phpunit/tests/term/getTermField.php" line="85" assertions="3" time="0.048335"/>
        <testcase name="test_get_term_field_name" class="Tests_Term_getTermField" classname="Tests_Term_getTermField" file="/home/meng/Desktop/wptest/wordpress-develop/tests/phpunit/tests/term/getTermField.php" line="93" assertions="3" time="0.051696"/>
        <testcase name="test_get_term_field_slug_when_slug_is_set" class="Tests_Term_getTermField" classname="Tests_Term_getTermField" file="/home/meng/Desktop/wptest/wordpress-develop/tests/phpunit/tests/term/getTermField.php" line="108" assertions="3" time="0.049699"/>
        <testcase name="test_get_term_field_slug_when_slug_falls_back_from_name" class="Tests_Term_getTermField" classname="Tests_Term_getTermField" file="/home/meng/Desktop/wptest/wordpress-develop/tests/phpunit/tests/term/getTermField.php" line="123" assertions="3" time="0.048866"/>
        <testcase name="test_get_term_field_slug_when_slug_and_name_are_not_set" class="Tests_Term_getTermField" classname="Tests_Term_getTermField" file="/home/meng/Desktop/wptest/wordpress-develop/tests/phpunit/tests/term/getTermField.php" line="138" assertions="3" time="0.048930"/>
        <testcase name="test_get_term_field_taxonomy" class="Tests_Term_getTermField" classname="Tests_Term_getTermField" file="/home/meng/Desktop/wptest/wordpress-develop/tests/phpunit/tests/term/getTermField.php" line="150" assertions="3" time="0.048919"/>
        <testcase name="test_get_term_field_description" class="Tests_Term_getTermField" classname="Tests_Term_getTermField" file="/home/meng/Desktop/wptest/wordpress-develop/tests/phpunit/tests/term/getTermField.php" line="158" assertions="3" time="0.052979"/>
        <testcase name="test_get_term_field_parent" class="Tests_Term_getTermField" classname="Tests_Term_getTermField" file="/home/meng/Desktop/wptest/wordpress-develop/tests/phpunit/tests/term/getTermField.php" line="173" assertions="3" time="0.054818"/>
      </testsuite>
      <testsuite name="Tests_Term_GetTermLink" file="/home/meng/Desktop/wptest/wordpress-develop/tests/phpunit/tests/term/getTermLink.php" tests="8" assertions="9" errors="0" failures="0" skipped="0" time="0.482456">
        <testcase name="test_integer_should_be_interpreted_as_term_id" class="Tests_Term_GetTermLink" classname="Tests_Term_GetTermLink" file="/home/meng/Desktop/wptest/wordpress-develop/tests/phpunit/tests/term/getTermLink.php" line="14" assertions="1" time="0.053806"/>
        <testcase name="test_numeric_string_should_be_interpreted_as_term_slug" class="Tests_Term_GetTermLink" classname="Tests_Term_GetTermLink" file="/home/meng/Desktop/wptest/wordpress-develop/tests/phpunit/tests/term/getTermLink.php" line="34" assertions="1" time="0.061532"/>
        <testcase name="test_invalid_term_should_return_wp_error" class="Tests_Term_GetTermLink" classname="Tests_Term_GetTermLink" file="/home/meng/Desktop/wptest/wordpress-develop/tests/phpunit/tests/term/getTermLink.php" line="54" assertions="1" time="0.040143"/>
        <testcase name="test_category_should_use_cat_query_var_with_term_id" class="Tests_Term_GetTermLink" classname="Tests_Term_GetTermLink" file="/home/meng/Desktop/wptest/wordpress-develop/tests/phpunit/tests/term/getTermLink.php" line="59" assertions="1" time="0.050133"/>
        <testcase name="test_taxonomy_with_query_var_should_use_that_query_var_with_term_slug" class="Tests_Term_GetTermLink" classname="Tests_Term_GetTermLink" file="/home/meng/Desktop/wptest/wordpress-develop/tests/phpunit/tests/term/getTermLink.php" line="66" assertions="1" time="0.055092"/>
        <testcase name="test_taxonomy_without_query_var_should_use_taxonomy_query_var_and_term_query_var_with_term_slug" class="Tests_Term_GetTermLink" classname="Tests_Term_GetTermLink" file="/home/meng/Desktop/wptest/wordpress-develop/tests/phpunit/tests/term/getTermLink.php" line="86" assertions="2" time="0.050065"/>
        <testcase name="test_taxonomy_permastruct_with_hierarchical_rewrite_should_put_term_ancestors_in_link" class="Tests_Term_GetTermLink" classname="Tests_Term_GetTermLink" file="/home/meng/Desktop/wptest/wordpress-develop/tests/phpunit/tests/term/getTermLink.php" line="107" assertions="1" time="0.086782"/>
        <testcase name="test_taxonomy_permastruct_with_nonhierarchical_rewrite_should_not_put_term_ancestors_in_link" class="Tests_Term_GetTermLink" classname="Tests_Term_GetTermLink" file="/home/meng/Desktop/wptest/wordpress-develop/tests/phpunit/tests/term/getTermLink.php" line="144" assertions="1" time="0.084903"/>
      </testsuite>
      <testsuite name="Tests_Terms_GetTermsParentsList" file="/home/meng/Desktop/wptest/wordpress-develop/tests/phpunit/tests/term/getTermParentsList.php" tests="13" assertions="13" errors="0" failures="0" skipped="0" time="0.562768">
        <testcase name="test_should_return_wp_error_for_empty_id" class="Tests_Terms_GetTermsParentsList" classname="Tests_Terms_GetTermsParentsList" file="/home/meng/Desktop/wptest/wordpress-develop/tests/phpunit/tests/term/getTermParentsList.php" line="32" assertions="1" time="0.042084"/>
        <testcase name="test_should_return_empty_for_invalid_id" class="Tests_Terms_GetTermsParentsList" classname="Tests_Terms_GetTermsParentsList" file="/home/meng/Desktop/wptest/wordpress-develop/tests/phpunit/tests/term/getTermParentsList.php" line="36" assertions="1" time="0.041112"/>
        <testcase name="test_should_return_wp_error_for_invalid_taxonomy" class="Tests_Terms_GetTermsParentsList" classname="Tests_Terms_GetTermsParentsList" file="/home/meng/Desktop/wptest/wordpress-develop/tests/phpunit/tests/term/getTermParentsList.php" line="40" assertions="1" time="0.038676"/>
        <testcase name="test_with_default_parameters" class="Tests_Terms_GetTermsParentsList" classname="Tests_Terms_GetTermsParentsList" file="/home/meng/Desktop/wptest/wordpress-develop/tests/phpunit/tests/term/getTermParentsList.php" line="44" assertions="1" time="0.053448"/>
        <testcase name="test_array_parameters" class="Tests_Terms_GetTermsParentsList" classname="Tests_Terms_GetTermsParentsList" file="/home/meng/Desktop/wptest/wordpress-develop/tests/phpunit/tests/term/getTermParentsList.php" line="50" assertions="1" time="0.040827"/>
        <testcase name="test_link_false" class="Tests_Terms_GetTermsParentsList" classname="Tests_Terms_GetTermsParentsList" file="/home/meng/Desktop/wptest/wordpress-develop/tests/phpunit/tests/term/getTermParentsList.php" line="63" assertions="1" time="0.040763"/>
        <testcase name="test_separator" class="Tests_Terms_GetTermsParentsList" classname="Tests_Terms_GetTermsParentsList" file="/home/meng/Desktop/wptest/wordpress-develop/tests/phpunit/tests/term/getTermParentsList.php" line="69" assertions="1" time="0.043322"/>
        <testcase name="test_format_name" class="Tests_Terms_GetTermsParentsList" classname="Tests_Terms_GetTermsParentsList" file="/home/meng/Desktop/wptest/wordpress-develop/tests/phpunit/tests/term/getTermParentsList.php" line="75" assertions="1" time="0.040476"/>
        <testcase name="test_format_slug" class="Tests_Terms_GetTermsParentsList" classname="Tests_Terms_GetTermsParentsList" file="/home/meng/Desktop/wptest/wordpress-develop/tests/phpunit/tests/term/getTermParentsList.php" line="81" assertions="1" time="0.041969"/>
        <testcase name="test_inclusive_false" class="Tests_Terms_GetTermsParentsList" classname="Tests_Terms_GetTermsParentsList" file="/home/meng/Desktop/wptest/wordpress-develop/tests/phpunit/tests/term/getTermParentsList.php" line="87" assertions="1" time="0.042970"/>
        <testcase name="test_term_without_parents" class="Tests_Terms_GetTermsParentsList" classname="Tests_Terms_GetTermsParentsList" file="/home/meng/Desktop/wptest/wordpress-develop/tests/phpunit/tests/term/getTermParentsList.php" line="93" assertions="1" time="0.041379"/>
        <testcase name="test_order_should_go_from_distant_to_nearest_ancestor" class="Tests_Terms_GetTermsParentsList" classname="Tests_Terms_GetTermsParentsList" file="/home/meng/Desktop/wptest/wordpress-develop/tests/phpunit/tests/term/getTermParentsList.php" line="99" assertions="1" time="0.052516"/>
        <testcase name="test_should_accept_term_object" class="Tests_Terms_GetTermsParentsList" classname="Tests_Terms_GetTermsParentsList" file="/home/meng/Desktop/wptest/wordpress-develop/tests/phpunit/tests/term/getTermParentsList.php" line="112" assertions="1" time="0.043227"/>
      </testsuite>
      <testsuite name="Tests_Term_getTerms" file="/home/meng/Desktop/wptest/wordpress-develop/tests/phpunit/tests/term/getTerms.php" tests="91" assertions="171" errors="0" failures="0" skipped="0" time="9.193753">
        <testcase name="test_meta_query_args_only" class="Tests_Term_getTerms" classname="Tests_Term_getTerms" file="/home/meng/Desktop/wptest/wordpress-develop/tests/phpunit/tests/term/getTerms.php" line="17" assertions="1" time="0.096879"/>
        <testcase name="test_should_accept_an_args_array_containing_taxonomy_for_first_parameter" class="Tests_Term_getTerms" classname="Tests_Term_getTerms" file="/home/meng/Desktop/wptest/wordpress-develop/tests/phpunit/tests/term/getTerms.php" line="42" assertions="1" time="0.048841"/>
        <testcase name="test_legacy_params_as_query_string_should_be_properly_parsed" class="Tests_Term_getTerms" classname="Tests_Term_getTerms" file="/home/meng/Desktop/wptest/wordpress-develop/tests/phpunit/tests/term/getTerms.php" line="62" assertions="1" time="0.049598"/>
        <testcase name="test_new_params_as_query_string_should_be_properly_parsed" class="Tests_Term_getTerms" classname="Tests_Term_getTerms" file="/home/meng/Desktop/wptest/wordpress-develop/tests/phpunit/tests/term/getTerms.php" line="75" assertions="1" time="0.048508"/>
        <testcase name="test_excluding_taxonomy_arg_should_return_terms_from_all_taxonomies" class="Tests_Term_getTerms" classname="Tests_Term_getTerms" file="/home/meng/Desktop/wptest/wordpress-develop/tests/phpunit/tests/term/getTerms.php" line="87" assertions="2" time="0.060376"/>
        <testcase name="test_get_terms_cache" class="Tests_Term_getTerms" classname="Tests_Term_getTerms" file="/home/meng/Desktop/wptest/wordpress-develop/tests/phpunit/tests/term/getTerms.php" line="109" assertions="6" time="0.149301"/>
        <testcase name="test_get_terms_cache_should_be_missed_when_passing_number" class="Tests_Term_getTerms" classname="Tests_Term_getTerms" file="/home/meng/Desktop/wptest/wordpress-develop/tests/phpunit/tests/term/getTerms.php" line="135" assertions="6" time="0.161727"/>
        <testcase name="test_wp_delete_term_should_invalidate_cache" class="Tests_Term_getTerms" classname="Tests_Term_getTerms" file="/home/meng/Desktop/wptest/wordpress-develop/tests/phpunit/tests/term/getTerms.php" line="163" assertions="7" time="0.174415"/>
        <testcase name="test_get_terms_should_allow_arbitrary_indexed_taxonomies_array" class="Tests_Term_getTerms" classname="Tests_Term_getTerms" file="/home/meng/Desktop/wptest/wordpress-develop/tests/phpunit/tests/term/getTerms.php" line="200" assertions="1" time="0.048710"/>
        <testcase name="test_get_terms_fields" class="Tests_Term_getTerms" classname="Tests_Term_getTerms" file="/home/meng/Desktop/wptest/wordpress-develop/tests/phpunit/tests/term/getTerms.php" line="209" assertions="5" time="0.060663"/>
        <testcase name="test_get_terms_include_exclude" class="Tests_Term_getTerms" classname="Tests_Term_getTerms" file="/home/meng/Desktop/wptest/wordpress-develop/tests/phpunit/tests/term/getTerms.php" line="291" assertions="5" time="0.065878"/>
        <testcase name="test_exclude_with_hierarchical_true_for_non_hierarchical_taxonomy" class="Tests_Term_getTerms" classname="Tests_Term_getTerms" file="/home/meng/Desktop/wptest/wordpress-develop/tests/phpunit/tests/term/getTerms.php" line="346" assertions="1" time="0.058948"/>
        <testcase name="test_get_terms_exclude_tree" class="Tests_Term_getTerms" classname="Tests_Term_getTerms" file="/home/meng/Desktop/wptest/wordpress-develop/tests/phpunit/tests/term/getTerms.php" line="374" assertions="2" time="0.085664"/>
        <testcase name="test_get_terms_search" class="Tests_Term_getTerms" classname="Tests_Term_getTerms" file="/home/meng/Desktop/wptest/wordpress-develop/tests/phpunit/tests/term/getTerms.php" line="409" assertions="1" time="0.060646"/>
        <testcase name="test_get_terms_like" class="Tests_Term_getTerms" classname="Tests_Term_getTerms" file="/home/meng/Desktop/wptest/wordpress-develop/tests/phpunit/tests/term/getTerms.php" line="428" assertions="8" time="0.067495"/>
        <testcase name="test_get_terms_parent_zero" class="Tests_Term_getTerms" classname="Tests_Term_getTerms" file="/home/meng/Desktop/wptest/wordpress-develop/tests/phpunit/tests/term/getTerms.php" line="526" assertions="6" time="0.275778"/>
        <testcase name="test_get_terms_grandparent_zero" class="Tests_Term_getTerms" classname="Tests_Term_getTerms" file="/home/meng/Desktop/wptest/wordpress-develop/tests/phpunit/tests/term/getTerms.php" line="627" assertions="3" time="0.098232"/>
        <testcase name="test_get_terms_seven_levels_deep" class="Tests_Term_getTerms" classname="Tests_Term_getTerms" file="/home/meng/Desktop/wptest/wordpress-develop/tests/phpunit/tests/term/getTerms.php" line="672" assertions="3" time="0.147266"/>
        <testcase name="test_get_terms_child_of" class="Tests_Term_getTerms" classname="Tests_Term_getTerms" file="/home/meng/Desktop/wptest/wordpress-develop/tests/phpunit/tests/term/getTerms.php" line="708" assertions="1" time="0.062165"/>
        <testcase name="test_get_terms_child_of_fields_id_name" class="Tests_Term_getTerms" classname="Tests_Term_getTerms" file="/home/meng/Desktop/wptest/wordpress-develop/tests/phpunit/tests/term/getTerms.php" line="725" assertions="1" time="0.070231"/>
        <testcase name="test_get_terms_child_of_fields_id_slug" class="Tests_Term_getTerms" classname="Tests_Term_getTerms" file="/home/meng/Desktop/wptest/wordpress-develop/tests/phpunit/tests/term/getTerms.php" line="764" assertions="1" time="0.076678"/>
        <testcase name="test_child_of_should_skip_query_when_specified_parent_is_not_found_in_hierarchy_cache" class="Tests_Term_getTerms" classname="Tests_Term_getTerms" file="/home/meng/Desktop/wptest/wordpress-develop/tests/phpunit/tests/term/getTerms.php" line="802" assertions="2" time="0.078241"/>
        <testcase name="test_child_of_should_respect_multiple_taxonomies" class="Tests_Term_getTerms" classname="Tests_Term_getTerms" file="/home/meng/Desktop/wptest/wordpress-develop/tests/phpunit/tests/term/getTerms.php" line="826" assertions="1" time="0.073848"/>
        <testcase name="test_get_term_children_recursion" class="Tests_Term_getTerms" classname="Tests_Term_getTerms" file="/home/meng/Desktop/wptest/wordpress-develop/tests/phpunit/tests/term/getTerms.php" line="854" assertions="2" time="0.061016"/>
        <testcase name="test__get_term_children_handles_cycles" class="Tests_Term_getTerms" classname="Tests_Term_getTerms" file="/home/meng/Desktop/wptest/wordpress-develop/tests/phpunit/tests/term/getTerms.php" line="873" assertions="1" time="0.087779"/>
        <testcase name="test__get_term_children_handles_cycles_when_terms_argument_contains_objects" class="Tests_Term_getTerms" classname="Tests_Term_getTerms" file="/home/meng/Desktop/wptest/wordpress-develop/tests/phpunit/tests/term/getTerms.php" line="892" assertions="1" time="0.082276"/>
        <testcase name="test_get_terms_by_slug" class="Tests_Term_getTerms" classname="Tests_Term_getTerms" file="/home/meng/Desktop/wptest/wordpress-develop/tests/phpunit/tests/term/getTerms.php" line="907" assertions="1" time="0.057228"/>
        <testcase name="test_get_terms_by_multiple_slugs" class="Tests_Term_getTerms" classname="Tests_Term_getTerms" file="/home/meng/Desktop/wptest/wordpress-develop/tests/phpunit/tests/term/getTerms.php" line="926" assertions="1" time="0.063152"/>
        <testcase name="test_get_terms_by_name" class="Tests_Term_getTerms" classname="Tests_Term_getTerms" file="/home/meng/Desktop/wptest/wordpress-develop/tests/phpunit/tests/term/getTerms.php" line="946" assertions="1" time="0.055091"/>
        <testcase name="test_get_terms_by_multiple_names" class="Tests_Term_getTerms" classname="Tests_Term_getTerms" file="/home/meng/Desktop/wptest/wordpress-develop/tests/phpunit/tests/term/getTerms.php" line="965" assertions="1" time="0.067151"/>
        <testcase name="test_name_should_match_encoded_html_entities" class="Tests_Term_getTerms" classname="Tests_Term_getTerms" file="/home/meng/Desktop/wptest/wordpress-develop/tests/phpunit/tests/term/getTerms.php" line="985" assertions="2" time="0.052772"/>
        <testcase name="test_name_should_not_double_escape_apostrophes" class="Tests_Term_getTerms" classname="Tests_Term_getTerms" file="/home/meng/Desktop/wptest/wordpress-develop/tests/phpunit/tests/term/getTerms.php" line="1021" assertions="2" time="0.054592"/>
        <testcase name="test_childless_should_return_all_terms_for_flat_hierarchy" class="Tests_Term_getTerms" classname="Tests_Term_getTerms" file="/home/meng/Desktop/wptest/wordpress-develop/tests/phpunit/tests/term/getTerms.php" line="1052" assertions="1" time="0.060500"/>
        <testcase name="test_childless_hierarchical_taxonomy" class="Tests_Term_getTerms" classname="Tests_Term_getTerms" file="/home/meng/Desktop/wptest/wordpress-develop/tests/phpunit/tests/term/getTerms.php" line="1092" assertions="1" time="0.123201"/>
        <testcase name="test_childless_hierarchical_taxonomy_used_with_child_of" class="Tests_Term_getTerms" classname="Tests_Term_getTerms" file="/home/meng/Desktop/wptest/wordpress-develop/tests/phpunit/tests/term/getTerms.php" line="1183" assertions="1" time="0.101212"/>
        <testcase name="test_childless_should_enforce_childless_status_for_all_queried_taxonomies" class="Tests_Term_getTerms" classname="Tests_Term_getTerms" file="/home/meng/Desktop/wptest/wordpress-develop/tests/phpunit/tests/term/getTerms.php" line="1252" assertions="1" time="0.087769"/>
        <testcase name="test_get_terms_hierarchical_tax_hide_empty_false_fields_ids" class="Tests_Term_getTerms" classname="Tests_Term_getTerms" file="/home/meng/Desktop/wptest/wordpress-develop/tests/phpunit/tests/term/getTerms.php" line="1283" assertions="1" time="0.127712"/>
        <testcase name="test_get_terms_hierarchical_tax_hide_empty_true_fields_ids" class="Tests_Term_getTerms" classname="Tests_Term_getTerms" file="/home/meng/Desktop/wptest/wordpress-develop/tests/phpunit/tests/term/getTerms.php" line="1311" assertions="1" time="0.143483"/>
        <testcase name="test_get_terms_hierarchical_tax_hide_empty_true_fields_ids_hierarchical_false" class="Tests_Term_getTerms" classname="Tests_Term_getTerms" file="/home/meng/Desktop/wptest/wordpress-develop/tests/phpunit/tests/term/getTerms.php" line="1337" assertions="1" time="0.120796"/>
        <testcase name="test_get_terms_hierarchical_tax_hide_empty_false_fields_names" class="Tests_Term_getTerms" classname="Tests_Term_getTerms" file="/home/meng/Desktop/wptest/wordpress-develop/tests/phpunit/tests/term/getTerms.php" line="1363" assertions="1" time="0.124714"/>
        <testcase name="test_get_terms_hierarchical_tax_hide_empty_true_fields_names" class="Tests_Term_getTerms" classname="Tests_Term_getTerms" file="/home/meng/Desktop/wptest/wordpress-develop/tests/phpunit/tests/term/getTerms.php" line="1391" assertions="1" time="0.124161"/>
        <testcase name="test_get_terms_hierarchical_tax_hide_empty_true_fields_names_hierarchical_false" class="Tests_Term_getTerms" classname="Tests_Term_getTerms" file="/home/meng/Desktop/wptest/wordpress-develop/tests/phpunit/tests/term/getTerms.php" line="1417" assertions="1" time="0.123593"/>
        <testcase name="test_get_terms_hierarchical_tax_hide_empty_false_fields_count" class="Tests_Term_getTerms" classname="Tests_Term_getTerms" file="/home/meng/Desktop/wptest/wordpress-develop/tests/phpunit/tests/term/getTerms.php" line="1443" assertions="1" time="0.118070"/>
        <testcase name="test_get_terms_hierarchical_tax_hide_empty_true_fields_count" class="Tests_Term_getTerms" classname="Tests_Term_getTerms" file="/home/meng/Desktop/wptest/wordpress-develop/tests/phpunit/tests/term/getTerms.php" line="1463" assertions="1" time="0.124180"/>
        <testcase name="test_get_terms_hierarchical_tax_hide_empty_true_fields_count_hierarchical_false" class="Tests_Term_getTerms" classname="Tests_Term_getTerms" file="/home/meng/Desktop/wptest/wordpress-develop/tests/phpunit/tests/term/getTerms.php" line="1484" assertions="1" time="0.122335"/>
        <testcase name="test_get_terms_hierarchical_tax_hide_empty_false_fields_idparent" class="Tests_Term_getTerms" classname="Tests_Term_getTerms" file="/home/meng/Desktop/wptest/wordpress-develop/tests/phpunit/tests/term/getTerms.php" line="1505" assertions="1" time="0.122349"/>
        <testcase name="test_get_terms_hierarchical_tax_hide_empty_true_fields_idparent" class="Tests_Term_getTerms" classname="Tests_Term_getTerms" file="/home/meng/Desktop/wptest/wordpress-develop/tests/phpunit/tests/term/getTerms.php" line="1533" assertions="1" time="0.128281"/>
        <testcase name="test_get_terms_hierarchical_tax_hide_empty_true_fields_idparent_hierarchical_false" class="Tests_Term_getTerms" classname="Tests_Term_getTerms" file="/home/meng/Desktop/wptest/wordpress-develop/tests/phpunit/tests/term/getTerms.php" line="1559" assertions="1" time="0.124565"/>
        <testcase name="test_get_terms_hierarchical_tax_hide_empty_false_fields_idslug" class="Tests_Term_getTerms" classname="Tests_Term_getTerms" file="/home/meng/Desktop/wptest/wordpress-develop/tests/phpunit/tests/term/getTerms.php" line="1585" assertions="1" time="0.126026"/>
        <testcase name="test_get_terms_hierarchical_tax_hide_empty_true_fields_idslug" class="Tests_Term_getTerms" classname="Tests_Term_getTerms" file="/home/meng/Desktop/wptest/wordpress-develop/tests/phpunit/tests/term/getTerms.php" line="1616" assertions="1" time="0.129005"/>
        <testcase name="test_get_terms_hierarchical_tax_hide_empty_true_fields_idslug_hierarchical_false" class="Tests_Term_getTerms" classname="Tests_Term_getTerms" file="/home/meng/Desktop/wptest/wordpress-develop/tests/phpunit/tests/term/getTerms.php" line="1642" assertions="1" time="0.120598"/>
        <testcase name="test_get_terms_hierarchical_tax_hide_empty_false_fields_idname" class="Tests_Term_getTerms" classname="Tests_Term_getTerms" file="/home/meng/Desktop/wptest/wordpress-develop/tests/phpunit/tests/term/getTerms.php" line="1668" assertions="1" time="0.137468"/>
        <testcase name="test_get_terms_hierarchical_tax_hide_empty_true_fields_idname" class="Tests_Term_getTerms" classname="Tests_Term_getTerms" file="/home/meng/Desktop/wptest/wordpress-develop/tests/phpunit/tests/term/getTerms.php" line="1699" assertions="1" time="0.127067"/>
        <testcase name="test_get_terms_hierarchical_tax_hide_empty_true_fields_idname_hierarchical_false" class="Tests_Term_getTerms" classname="Tests_Term_getTerms" file="/home/meng/Desktop/wptest/wordpress-develop/tests/phpunit/tests/term/getTerms.php" line="1725" assertions="1" time="0.127458"/>
        <testcase name="test_hierarchical_should_recurse_properly_for_all_taxonomies" class="Tests_Term_getTerms" classname="Tests_Term_getTerms" file="/home/meng/Desktop/wptest/wordpress-develop/tests/phpunit/tests/term/getTerms.php" line="1754" assertions="6" time="0.139272"/>
        <testcase name="test_orderby_include" class="Tests_Term_getTerms" classname="Tests_Term_getTerms" file="/home/meng/Desktop/wptest/wordpress-develop/tests/phpunit/tests/term/getTerms.php" line="1819" assertions="1" time="0.074626"/>
        <testcase name="test_orderby_description" class="Tests_Term_getTerms" classname="Tests_Term_getTerms" file="/home/meng/Desktop/wptest/wordpress-develop/tests/phpunit/tests/term/getTerms.php" line="1846" assertions="1" time="0.076140"/>
        <testcase name="test_orderby_term_id" class="Tests_Term_getTerms" classname="Tests_Term_getTerms" file="/home/meng/Desktop/wptest/wordpress-develop/tests/phpunit/tests/term/getTerms.php" line="1892" assertions="1" time="0.066008"/>
        <testcase name="test_orderby_meta_value" class="Tests_Term_getTerms" classname="Tests_Term_getTerms" file="/home/meng/Desktop/wptest/wordpress-develop/tests/phpunit/tests/term/getTerms.php" line="1928" assertions="1" time="0.083800"/>
        <testcase name="test_orderby_meta_value_num" class="Tests_Term_getTerms" classname="Tests_Term_getTerms" file="/home/meng/Desktop/wptest/wordpress-develop/tests/phpunit/tests/term/getTerms.php" line="1966" assertions="1" time="0.078647"/>
        <testcase name="test_orderby_meta_value_with_meta_key" class="Tests_Term_getTerms" classname="Tests_Term_getTerms" file="/home/meng/Desktop/wptest/wordpress-develop/tests/phpunit/tests/term/getTerms.php" line="2004" assertions="4" time="0.097856"/>
        <testcase name="test_orderby_meta_value_num_with_meta_key" class="Tests_Term_getTerms" classname="Tests_Term_getTerms" file="/home/meng/Desktop/wptest/wordpress-develop/tests/phpunit/tests/term/getTerms.php" line="2103" assertions="4" time="0.098854"/>
        <testcase name="test_orderby_clause_key" class="Tests_Term_getTerms" classname="Tests_Term_getTerms" file="/home/meng/Desktop/wptest/wordpress-develop/tests/phpunit/tests/term/getTerms.php" line="2200" assertions="3" time="0.086076"/>
        <testcase name="test_hierarchical_false_with_parent" class="Tests_Term_getTerms" classname="Tests_Term_getTerms" file="/home/meng/Desktop/wptest/wordpress-develop/tests/phpunit/tests/term/getTerms.php" line="2298" assertions="1" time="0.179116"/>
        <testcase name="test_hierarchical_true_with_parent" class="Tests_Term_getTerms" classname="Tests_Term_getTerms" file="/home/meng/Desktop/wptest/wordpress-develop/tests/phpunit/tests/term/getTerms.php" line="2317" assertions="1" time="0.179119"/>
        <testcase name="test_hierarchical_false_with_child_of_and_direct_child" class="Tests_Term_getTerms" classname="Tests_Term_getTerms" file="/home/meng/Desktop/wptest/wordpress-develop/tests/phpunit/tests/term/getTerms.php" line="2338" assertions="1" time="0.209728"/>
        <testcase name="test_hierarchical_false_with_child_of_should_not_return_grandchildren" class="Tests_Term_getTerms" classname="Tests_Term_getTerms" file="/home/meng/Desktop/wptest/wordpress-develop/tests/phpunit/tests/term/getTerms.php" line="2364" assertions="1" time="0.176904"/>
        <testcase name="test_hierarchical_true_with_child_of_should_return_grandchildren" class="Tests_Term_getTerms" classname="Tests_Term_getTerms" file="/home/meng/Desktop/wptest/wordpress-develop/tests/phpunit/tests/term/getTerms.php" line="2380" assertions="1" time="0.171636"/>
        <testcase name="test_parent_should_override_child_of" class="Tests_Term_getTerms" classname="Tests_Term_getTerms" file="/home/meng/Desktop/wptest/wordpress-develop/tests/phpunit/tests/term/getTerms.php" line="2402" assertions="1" time="0.181447"/>
        <testcase name="test_parent_should_skip_query_when_specified_parent_is_not_found_in_hierarchy_cache" class="Tests_Term_getTerms" classname="Tests_Term_getTerms" file="/home/meng/Desktop/wptest/wordpress-develop/tests/phpunit/tests/term/getTerms.php" line="2427" assertions="2" time="0.071899"/>
        <testcase name="test_parent_should_respect_multiple_taxonomies" class="Tests_Term_getTerms" classname="Tests_Term_getTerms" file="/home/meng/Desktop/wptest/wordpress-develop/tests/phpunit/tests/term/getTerms.php" line="2451" assertions="1" time="0.072874"/>
        <testcase name="test_hierarchical_false_parent_should_override_child_of" class="Tests_Term_getTerms" classname="Tests_Term_getTerms" file="/home/meng/Desktop/wptest/wordpress-develop/tests/phpunit/tests/term/getTerms.php" line="2476" assertions="1" time="0.164993"/>
        <testcase name="test_hierarchical_true_parent_overrides_child_of" class="Tests_Term_getTerms" classname="Tests_Term_getTerms" file="/home/meng/Desktop/wptest/wordpress-develop/tests/phpunit/tests/term/getTerms.php" line="2496" assertions="1" time="0.168314"/>
        <testcase name="test_pad_counts" class="Tests_Term_getTerms" classname="Tests_Term_getTerms" file="/home/meng/Desktop/wptest/wordpress-develop/tests/phpunit/tests/term/getTerms.php" line="2518" assertions="4" time="0.165837"/>
        <testcase name="test_pad_counts_should_not_recurse_infinitely_when_term_hierarchy_has_a_loop" class="Tests_Term_getTerms" classname="Tests_Term_getTerms" file="/home/meng/Desktop/wptest/wordpress-develop/tests/phpunit/tests/term/getTerms.php" line="2568" assertions="4" time="0.173213"/>
        <testcase name="test_pad_counts_should_work_when_first_taxonomy_is_nonhierarchical_and_second_taxonomy_is_hierarchical" class="Tests_Term_getTerms" classname="Tests_Term_getTerms" file="/home/meng/Desktop/wptest/wordpress-develop/tests/phpunit/tests/term/getTerms.php" line="2600" assertions="4" time="0.165948"/>
        <testcase name="test_termmeta_cache_should_be_primed_by_default" class="Tests_Term_getTerms" classname="Tests_Term_getTerms" file="/home/meng/Desktop/wptest/wordpress-develop/tests/phpunit/tests/term/getTerms.php" line="2641" assertions="4" time="0.073028"/>
        <testcase name="test_termmeta_cache_should_not_be_primed_when_update_term_meta_cache_is_false" class="Tests_Term_getTerms" classname="Tests_Term_getTerms" file="/home/meng/Desktop/wptest/wordpress-develop/tests/phpunit/tests/term/getTerms.php" line="2670" assertions="4" time="0.076024"/>
        <testcase name="test_meta_query" class="Tests_Term_getTerms" classname="Tests_Term_getTerms" file="/home/meng/Desktop/wptest/wordpress-develop/tests/phpunit/tests/term/getTerms.php" line="2700" assertions="1" time="0.089384"/>
        <testcase name="test_meta_query_should_not_return_duplicates" class="Tests_Term_getTerms" classname="Tests_Term_getTerms" file="/home/meng/Desktop/wptest/wordpress-develop/tests/phpunit/tests/term/getTerms.php" line="2728" assertions="1" time="0.057284"/>
        <testcase name="test_should_return_wp_term_objects" class="Tests_Term_getTerms" classname="Tests_Term_getTerms" file="/home/meng/Desktop/wptest/wordpress-develop/tests/phpunit/tests/term/getTerms.php" line="2755" assertions="3" time="0.061001"/>
        <testcase name="test_should_return_wp_term_objects_when_pulling_from_the_cache" class="Tests_Term_getTerms" classname="Tests_Term_getTerms" file="/home/meng/Desktop/wptest/wordpress-develop/tests/phpunit/tests/term/getTerms.php" line="2778" assertions="4" time="0.058094"/>
        <testcase name="test_should_prime_individual_term_cache_when_fields_is_all" class="Tests_Term_getTerms" classname="Tests_Term_getTerms" file="/home/meng/Desktop/wptest/wordpress-develop/tests/phpunit/tests/term/getTerms.php" line="2815" assertions="1" time="0.057750"/>
        <testcase name="test_indexes_should_not_be_reset_when_number_of_matched_terms_is_greater_than_number" class="Tests_Term_getTerms" classname="Tests_Term_getTerms" file="/home/meng/Desktop/wptest/wordpress-develop/tests/phpunit/tests/term/getTerms.php" line="2838" assertions="1" time="0.074347"/>
        <testcase name="test_hierarchical_offset_0_with_number_greater_than_total_available_count" class="Tests_Term_getTerms" classname="Tests_Term_getTerms" file="/home/meng/Desktop/wptest/wordpress-develop/tests/phpunit/tests/term/getTerms.php" line="2860" assertions="1" time="0.067511"/>
        <testcase name="test_hierarchical_offset_plus_number" class="Tests_Term_getTerms" classname="Tests_Term_getTerms" file="/home/meng/Desktop/wptest/wordpress-develop/tests/phpunit/tests/term/getTerms.php" line="2880" assertions="1" time="0.071497"/>
        <testcase name="test_hierarchical_offset_plus_number_exceeds_available_count" class="Tests_Term_getTerms" classname="Tests_Term_getTerms" file="/home/meng/Desktop/wptest/wordpress-develop/tests/phpunit/tests/term/getTerms.php" line="2902" assertions="1" time="0.063792"/>
        <testcase name="test_hierarchical_offset_exceeds_available_count" class="Tests_Term_getTerms" classname="Tests_Term_getTerms" file="/home/meng/Desktop/wptest/wordpress-develop/tests/phpunit/tests/term/getTerms.php" line="2924" assertions="1" time="0.062917"/>
        <testcase name="test_count_should_not_pass_through_main_get_terms_filter" class="Tests_Term_getTerms" classname="Tests_Term_getTerms" file="/home/meng/Desktop/wptest/wordpress-develop/tests/phpunit/tests/term/getTerms.php" line="2947" assertions="1" time="0.038212"/>
        <testcase name="test_with_term_slug_equal_to_string_0" class="Tests_Term_getTerms" classname="Tests_Term_getTerms" file="/home/meng/Desktop/wptest/wordpress-develop/tests/phpunit/tests/term/getTerms.php" line="2969" assertions="1" time="0.053721"/>
        <testcase name="test_with_multiple_term_slugs_one_equal_to_string_0" class="Tests_Term_getTerms" classname="Tests_Term_getTerms" file="/home/meng/Desktop/wptest/wordpress-develop/tests/phpunit/tests/term/getTerms.php" line="2994" assertions="1" time="0.061195"/>
      </testsuite>
      <testsuite name="Tests_Term_GetTheTerms" file="/home/meng/Desktop/wptest/wordpress-develop/tests/phpunit/tests/term/getTheTerms.php" tests="11" assertions="27" errors="0" failures="0" skipped="0" time="0.803460">
        <testcase name="test_object_term_cache" class="Tests_Term_GetTheTerms" classname="Tests_Term_GetTheTerms" file="/home/meng/Desktop/wptest/wordpress-develop/tests/phpunit/tests/term/getTheTerms.php" line="17" assertions="6" time="0.106685"/>
        <testcase name="test_object_term_cache_when_term_changes" class="Tests_Term_GetTheTerms" classname="Tests_Term_GetTheTerms" file="/home/meng/Desktop/wptest/wordpress-develop/tests/phpunit/tests/term/getTheTerms.php" line="53" assertions="6" time="0.069363"/>
        <testcase name="test_get_the_terms_should_return_wp_term_objects_from_cache" class="Tests_Term_GetTheTerms" classname="Tests_Term_GetTheTerms" file="/home/meng/Desktop/wptest/wordpress-develop/tests/phpunit/tests/term/getTheTerms.php" line="88" assertions="3" time="0.066801"/>
        <testcase name="test_get_the_terms_should_return_zero_indexed_array_when_cache_is_empty" class="Tests_Term_GetTheTerms" classname="Tests_Term_GetTheTerms" file="/home/meng/Desktop/wptest/wordpress-develop/tests/phpunit/tests/term/getTheTerms.php" line="107" assertions="1" time="0.071062"/>
        <testcase name="test_get_the_terms_should_return_zero_indexed_array_when_cache_is_primed" class="Tests_Term_GetTheTerms" classname="Tests_Term_GetTheTerms" file="/home/meng/Desktop/wptest/wordpress-develop/tests/phpunit/tests/term/getTheTerms.php" line="120" assertions="1" time="0.065636"/>
        <testcase name="test_get_the_terms_should_return_results_ordered_by_name_when_pulling_from_cache" class="Tests_Term_GetTheTerms" classname="Tests_Term_GetTheTerms" file="/home/meng/Desktop/wptest/wordpress-develop/tests/phpunit/tests/term/getTheTerms.php" line="137" assertions="1" time="0.073958"/>
        <testcase name="test_get_the_terms_should_return_wp_error_when_taxonomy_is_unregistered" class="Tests_Term_GetTheTerms" classname="Tests_Term_GetTheTerms" file="/home/meng/Desktop/wptest/wordpress-develop/tests/phpunit/tests/term/getTheTerms.php" line="171" assertions="1" time="0.037404"/>
        <testcase name="test_count_should_not_be_improperly_cached" class="Tests_Term_GetTheTerms" classname="Tests_Term_GetTheTerms" file="/home/meng/Desktop/wptest/wordpress-develop/tests/phpunit/tests/term/getTheTerms.php" line="180" assertions="2" time="0.060356"/>
        <testcase name="test_uncached_terms_should_be_primed_with_a_single_query" class="Tests_Term_GetTheTerms" classname="Tests_Term_GetTheTerms" file="/home/meng/Desktop/wptest/wordpress-develop/tests/phpunit/tests/term/getTheTerms.php" line="199" assertions="2" time="0.075818"/>
        <testcase name="test_term_cache_should_be_invalidated_on_set_object_terms" class="Tests_Term_GetTheTerms" classname="Tests_Term_GetTheTerms" file="/home/meng/Desktop/wptest/wordpress-develop/tests/phpunit/tests/term/getTheTerms.php" line="226" assertions="2" time="0.084065"/>
        <testcase name="test_term_cache_should_be_invalidated_on_remove_object_terms" class="Tests_Term_GetTheTerms" classname="Tests_Term_GetTheTerms" file="/home/meng/Desktop/wptest/wordpress-develop/tests/phpunit/tests/term/getTheTerms.php" line="258" assertions="2" time="0.092312"/>
      </testsuite>
      <testsuite name="Tests_IsObjectInTerm" file="/home/meng/Desktop/wptest/wordpress-develop/tests/phpunit/tests/term/isObjectInTerm.php" tests="9" assertions="21" errors="0" failures="0" skipped="0" time="0.855627">
        <testcase name="test_terms_are_ints" class="Tests_IsObjectInTerm" classname="Tests_IsObjectInTerm" file="/home/meng/Desktop/wptest/wordpress-develop/tests/phpunit/tests/term/isObjectInTerm.php" line="7" assertions="2" time="0.109806"/>
        <testcase name="test_terms_are_strings_and_match_term_id" class="Tests_IsObjectInTerm" classname="Tests_IsObjectInTerm" file="/home/meng/Desktop/wptest/wordpress-develop/tests/phpunit/tests/term/isObjectInTerm.php" line="22" assertions="2" time="0.124193"/>
        <testcase name="test_terms_are_strings_and_match_term_name" class="Tests_IsObjectInTerm" classname="Tests_IsObjectInTerm" file="/home/meng/Desktop/wptest/wordpress-develop/tests/phpunit/tests/term/isObjectInTerm.php" line="40" assertions="2" time="0.116059"/>
        <testcase name="test_terms_are_strings_and_match_term_slug" class="Tests_IsObjectInTerm" classname="Tests_IsObjectInTerm" file="/home/meng/Desktop/wptest/wordpress-develop/tests/phpunit/tests/term/isObjectInTerm.php" line="65" assertions="2" time="0.118051"/>
        <testcase name="test_terms_contain_strings_and_ints_and_match_term_id_as_int" class="Tests_IsObjectInTerm" classname="Tests_IsObjectInTerm" file="/home/meng/Desktop/wptest/wordpress-develop/tests/phpunit/tests/term/isObjectInTerm.php" line="90" assertions="2" time="0.119178"/>
        <testcase name="test_should_not_return_true_if_term_name_begins_with_existing_term_id" class="Tests_IsObjectInTerm" classname="Tests_IsObjectInTerm" file="/home/meng/Desktop/wptest/wordpress-develop/tests/phpunit/tests/term/isObjectInTerm.php" line="118" assertions="2" time="0.093883"/>
        <testcase name="test_should_populate_and_hit_relationships_cache" class="Tests_IsObjectInTerm" classname="Tests_IsObjectInTerm" file="/home/meng/Desktop/wptest/wordpress-develop/tests/phpunit/tests/term/isObjectInTerm.php" line="137" assertions="4" time="0.064995"/>
        <testcase name="test_should_not_be_fooled_by_a_stale_relationship_cache" class="Tests_IsObjectInTerm" classname="Tests_IsObjectInTerm" file="/home/meng/Desktop/wptest/wordpress-develop/tests/phpunit/tests/term/isObjectInTerm.php" line="158" assertions="4" time="0.068771"/>
        <testcase name="test_invalid_taxonomy_should_return_wp_error_object" class="Tests_IsObjectInTerm" classname="Tests_IsObjectInTerm" file="/home/meng/Desktop/wptest/wordpress-develop/tests/phpunit/tests/term/isObjectInTerm.php" line="183" assertions="1" time="0.040691"/>
      </testsuite>
      <testsuite name="Tests_Term_Meta" file="/home/meng/Desktop/wptest/wordpress-develop/tests/phpunit/tests/term/meta.php" tests="31" assertions="72" errors="0" failures="0" skipped="0" time="1.797206">
        <testcase name="test_add" class="Tests_Term_Meta" classname="Tests_Term_Meta" file="/home/meng/Desktop/wptest/wordpress-develop/tests/phpunit/tests/term/meta.php" line="21" assertions="1" time="0.063515"/>
        <testcase name="test_add_unique" class="Tests_Term_Meta" classname="Tests_Term_Meta" file="/home/meng/Desktop/wptest/wordpress-develop/tests/phpunit/tests/term/meta.php" line="27" assertions="2" time="0.057049"/>
        <testcase name="test_delete" class="Tests_Term_Meta" classname="Tests_Term_Meta" file="/home/meng/Desktop/wptest/wordpress-develop/tests/phpunit/tests/term/meta.php" line="34" assertions="1" time="0.055193"/>
        <testcase name="test_delete_with_invalid_meta_key_should_return_false" class="Tests_Term_Meta" classname="Tests_Term_Meta" file="/home/meng/Desktop/wptest/wordpress-develop/tests/phpunit/tests/term/meta.php" line="41" assertions="1" time="0.051101"/>
        <testcase name="test_delete_should_respect_meta_value" class="Tests_Term_Meta" classname="Tests_Term_Meta" file="/home/meng/Desktop/wptest/wordpress-develop/tests/phpunit/tests/term/meta.php" line="47" assertions="2" time="0.054104"/>
        <testcase name="test_get_with_no_key_should_fetch_all_keys" class="Tests_Term_Meta" classname="Tests_Term_Meta" file="/home/meng/Desktop/wptest/wordpress-develop/tests/phpunit/tests/term/meta.php" line="58" assertions="1" time="0.053874"/>
        <testcase name="test_get_with_key_should_fetch_all_for_key" class="Tests_Term_Meta" classname="Tests_Term_Meta" file="/home/meng/Desktop/wptest/wordpress-develop/tests/phpunit/tests/term/meta.php" line="72" assertions="1" time="0.053080"/>
        <testcase name="test_get_should_respect_single_true" class="Tests_Term_Meta" classname="Tests_Term_Meta" file="/home/meng/Desktop/wptest/wordpress-develop/tests/phpunit/tests/term/meta.php" line="84" assertions="1" time="0.054766"/>
        <testcase name="test_update_should_pass_to_add_when_no_value_exists_for_key" class="Tests_Term_Meta" classname="Tests_Term_Meta" file="/home/meng/Desktop/wptest/wordpress-develop/tests/phpunit/tests/term/meta.php" line="93" assertions="3" time="0.052794"/>
        <testcase name="test_update_should_return_true_when_updating_existing_value_for_key" class="Tests_Term_Meta" classname="Tests_Term_Meta" file="/home/meng/Desktop/wptest/wordpress-develop/tests/phpunit/tests/term/meta.php" line="104" assertions="2" time="0.055127"/>
        <testcase name="test_term_meta_should_be_lazy_loaded_for_all_terms_in_wp_query_loop" class="Tests_Term_Meta" classname="Tests_Term_Meta" file="/home/meng/Desktop/wptest/wordpress-develop/tests/phpunit/tests/term/meta.php" line="116" assertions="7" time="0.125448"/>
        <testcase name="test_lazy_load_term_meta_should_fall_back_on_update_post_term_cache" class="Tests_Term_Meta" classname="Tests_Term_Meta" file="/home/meng/Desktop/wptest/wordpress-develop/tests/phpunit/tests/term/meta.php" line="170" assertions="2" time="0.044013"/>
        <testcase name="test_lazy_load_term_meta_false" class="Tests_Term_Meta" classname="Tests_Term_Meta" file="/home/meng/Desktop/wptest/wordpress-develop/tests/phpunit/tests/term/meta.php" line="191" assertions="4" time="0.109532"/>
        <testcase name="test_adding_term_meta_should_bust_get_terms_cache" class="Tests_Term_Meta" classname="Tests_Term_Meta" file="/home/meng/Desktop/wptest/wordpress-develop/tests/phpunit/tests/term/meta.php" line="228" assertions="2" time="0.064289"/>
        <testcase name="test_updating_term_meta_should_bust_get_terms_cache" class="Tests_Term_Meta" classname="Tests_Term_Meta" file="/home/meng/Desktop/wptest/wordpress-develop/tests/phpunit/tests/term/meta.php" line="269" assertions="2" time="0.069222"/>
        <testcase name="test_deleting_term_meta_should_bust_get_terms_cache" class="Tests_Term_Meta" classname="Tests_Term_Meta" file="/home/meng/Desktop/wptest/wordpress-develop/tests/phpunit/tests/term/meta.php" line="311" assertions="2" time="0.065716"/>
        <testcase name="test_add_term_meta_should_return_error_when_term_id_is_shared" class="Tests_Term_Meta" classname="Tests_Term_Meta" file="/home/meng/Desktop/wptest/wordpress-develop/tests/phpunit/tests/term/meta.php" line="356" assertions="2" time="0.074113"/>
        <testcase name="test_update_term_meta_should_return_error_when_term_id_is_shared" class="Tests_Term_Meta" classname="Tests_Term_Meta" file="/home/meng/Desktop/wptest/wordpress-develop/tests/phpunit/tests/term/meta.php" line="394" assertions="2" time="0.072207"/>
        <testcase name="test_term_meta_should_be_deleted_when_term_is_deleted" class="Tests_Term_Meta" classname="Tests_Term_Meta" file="/home/meng/Desktop/wptest/wordpress-develop/tests/phpunit/tests/term/meta.php" line="434" assertions="5" time="0.063227"/>
        <testcase name="test_has_term_meta" class="Tests_Term_Meta" classname="Tests_Term_Meta" file="/home/meng/Desktop/wptest/wordpress-develop/tests/phpunit/tests/term/meta.php" line="452" assertions="2" time="0.051270"/>
        <testcase name="test_has_term_meta_empty_results" class="Tests_Term_Meta" classname="Tests_Term_Meta" file="/home/meng/Desktop/wptest/wordpress-develop/tests/phpunit/tests/term/meta.php" line="475" assertions="1" time="0.047152"/>
        <testsuite name="Tests_Term_Meta::test_register_term_meta" tests="3" assertions="9" errors="0" failures="0" skipped="0" time="0.126864">
          <testcase name="test_register_term_meta with data set #0" class="Tests_Term_Meta" classname="Tests_Term_Meta" file="/home/meng/Desktop/wptest/wordpress-develop/tests/phpunit/tests/term/meta.php" line="487" assertions="3" time="0.042620"/>
          <testcase name="test_register_term_meta with data set #1" class="Tests_Term_Meta" classname="Tests_Term_Meta" file="/home/meng/Desktop/wptest/wordpress-develop/tests/phpunit/tests/term/meta.php" line="487" assertions="3" time="0.038311"/>
          <testcase name="test_register_term_meta with data set #2" class="Tests_Term_Meta" classname="Tests_Term_Meta" file="/home/meng/Desktop/wptest/wordpress-develop/tests/phpunit/tests/term/meta.php" line="487" assertions="3" time="0.045933"/>
        </testsuite>
        <testsuite name="Tests_Term_Meta::test_unregister_term_meta" tests="3" assertions="3" errors="0" failures="0" skipped="0" time="0.115500">
          <testcase name="test_unregister_term_meta with data set #0" class="Tests_Term_Meta" classname="Tests_Term_Meta" file="/home/meng/Desktop/wptest/wordpress-develop/tests/phpunit/tests/term/meta.php" line="522" assertions="1" time="0.037942"/>
          <testcase name="test_unregister_term_meta with data set #1" class="Tests_Term_Meta" classname="Tests_Term_Meta" file="/home/meng/Desktop/wptest/wordpress-develop/tests/phpunit/tests/term/meta.php" line="522" assertions="1" time="0.039007"/>
          <testcase name="test_unregister_term_meta with data set #2" class="Tests_Term_Meta" classname="Tests_Term_Meta" file="/home/meng/Desktop/wptest/wordpress-develop/tests/phpunit/tests/term/meta.php" line="522" assertions="1" time="0.038551"/>
        </testsuite>
        <testcase name="test_add_metadata_sets_terms_last_changed" class="Tests_Term_Meta" classname="Tests_Term_Meta" file="/home/meng/Desktop/wptest/wordpress-develop/tests/phpunit/tests/term/meta.php" line="547" assertions="2" time="0.053798"/>
        <testcase name="test_update_metadata_sets_terms_last_changed" class="Tests_Term_Meta" classname="Tests_Term_Meta" file="/home/meng/Desktop/wptest/wordpress-develop/tests/phpunit/tests/term/meta.php" line="559" assertions="2" time="0.053046"/>
        <testcase name="test_delete_metadata_sets_terms_last_changed" class="Tests_Term_Meta" classname="Tests_Term_Meta" file="/home/meng/Desktop/wptest/wordpress-develop/tests/phpunit/tests/term/meta.php" line="571" assertions="2" time="0.055266"/>
        <testcase name="test_metadata_functions_respect_term_meta_support" class="Tests_Term_Meta" classname="Tests_Term_Meta" file="/home/meng/Desktop/wptest/wordpress-develop/tests/phpunit/tests/term/meta.php" line="584" assertions="8" time="0.055940"/>
      </testsuite>
      <testsuite name="Tests_Term_Query" file="/home/meng/Desktop/wptest/wordpress-develop/tests/phpunit/tests/term/query.php" tests="28" assertions="51" errors="0" failures="0" skipped="0" time="2.198001">
        <testcase name="test_taxonomy_should_accept_single_taxonomy_as_string" class="Tests_Term_Query" classname="Tests_Term_Query" file="/home/meng/Desktop/wptest/wordpress-develop/tests/phpunit/tests/term/query.php" line="10" assertions="1" time="0.062084"/>
        <testcase name="test_taxonomy_should_accept_taxonomy_array" class="Tests_Term_Query" classname="Tests_Term_Query" file="/home/meng/Desktop/wptest/wordpress-develop/tests/phpunit/tests/term/query.php" line="28" assertions="1" time="0.057054"/>
        <testcase name="test_term_taxonomy_id_single" class="Tests_Term_Query" classname="Tests_Term_Query" file="/home/meng/Desktop/wptest/wordpress-develop/tests/phpunit/tests/term/query.php" line="49" assertions="1" time="0.058836"/>
        <testcase name="test_term_taxonomy_id_array" class="Tests_Term_Query" classname="Tests_Term_Query" file="/home/meng/Desktop/wptest/wordpress-develop/tests/phpunit/tests/term/query.php" line="77" assertions="1" time="0.065631"/>
        <testcase name="test_order_by_meta_value_num" class="Tests_Term_Query" classname="Tests_Term_Query" file="/home/meng/Desktop/wptest/wordpress-develop/tests/phpunit/tests/term/query.php" line="111" assertions="1" time="0.076000"/>
        <testcase name="test_order_by_keyword_should_not_be_duplicated_when_filtered" class="Tests_Term_Query" classname="Tests_Term_Query" file="/home/meng/Desktop/wptest/wordpress-develop/tests/phpunit/tests/term/query.php" line="137" assertions="2" time="0.049072"/>
        <testcase name="test_order_by_term_order_should_fall_back_on_term_id_when_relationship_table_is_not_being_joined" class="Tests_Term_Query" classname="Tests_Term_Query" file="/home/meng/Desktop/wptest/wordpress-develop/tests/phpunit/tests/term/query.php" line="161" assertions="1" time="0.064711"/>
        <testcase name="test_terms_is_set" class="Tests_Term_Query" classname="Tests_Term_Query" file="/home/meng/Desktop/wptest/wordpress-develop/tests/phpunit/tests/term/query.php" line="181" assertions="2" time="0.052341"/>
        <testcase name="test_orderby_include_with_comma_separated_list" class="Tests_Term_Query" classname="Tests_Term_Query" file="/home/meng/Desktop/wptest/wordpress-develop/tests/phpunit/tests/term/query.php" line="209" assertions="1" time="0.063363"/>
        <testcase name="test_object_ids_single" class="Tests_Term_Query" classname="Tests_Term_Query" file="/home/meng/Desktop/wptest/wordpress-develop/tests/phpunit/tests/term/query.php" line="230" assertions="1" time="0.075466"/>
        <testcase name="test_object_ids_array" class="Tests_Term_Query" classname="Tests_Term_Query" file="/home/meng/Desktop/wptest/wordpress-develop/tests/phpunit/tests/term/query.php" line="252" assertions="1" time="0.085862"/>
        <testcase name="test_duplicates_should_be_removed_for_fields_all" class="Tests_Term_Query" classname="Tests_Term_Query" file="/home/meng/Desktop/wptest/wordpress-develop/tests/phpunit/tests/term/query.php" line="274" assertions="2" time="0.118532"/>
        <testcase name="test_duplicates_should_not_be_removed_for_fields_all_with_object_id" class="Tests_Term_Query" classname="Tests_Term_Query" file="/home/meng/Desktop/wptest/wordpress-develop/tests/phpunit/tests/term/query.php" line="298" assertions="3" time="0.109616"/>
        <testcase name="test_all_with_object_id_should_return_term_objects" class="Tests_Term_Query" classname="Tests_Term_Query" file="/home/meng/Desktop/wptest/wordpress-develop/tests/phpunit/tests/term/query.php" line="324" assertions="10" time="0.108196"/>
        <testcase name="test_object_ids_cache_should_be_invalidated_by_term_relationship_change" class="Tests_Term_Query" classname="Tests_Term_Query" file="/home/meng/Desktop/wptest/wordpress-develop/tests/phpunit/tests/term/query.php" line="360" assertions="2" time="0.095137"/>
        <testcase name="test_count_query_should_be_cached" class="Tests_Term_Query" classname="Tests_Term_Query" file="/home/meng/Desktop/wptest/wordpress-develop/tests/phpunit/tests/term/query.php" line="397" assertions="3" time="0.059252"/>
        <testcase name="test_count_query_cache_should_be_invalidated_with_incrementor_bump" class="Tests_Term_Query" classname="Tests_Term_Query" file="/home/meng/Desktop/wptest/wordpress-develop/tests/phpunit/tests/term/query.php" line="432" assertions="2" time="0.066743"/>
        <testcase name="test_get_the_terms_should_respect_taxonomy_orderby" class="Tests_Term_Query" classname="Tests_Term_Query" file="/home/meng/Desktop/wptest/wordpress-develop/tests/phpunit/tests/term/query.php" line="463" assertions="2" time="0.099581"/>
        <testcase name="test_wp_get_object_terms_should_respect_taxonomy_orderby" class="Tests_Term_Query" classname="Tests_Term_Query" file="/home/meng/Desktop/wptest/wordpress-develop/tests/phpunit/tests/term/query.php" line="493" assertions="2" time="0.105059"/>
        <testcase name="test_should_allow_same_args_with_the_get_terms" class="Tests_Term_Query" classname="Tests_Term_Query" file="/home/meng/Desktop/wptest/wordpress-develop/tests/phpunit/tests/term/query.php" line="523" assertions="3" time="0.099988"/>
        <testcase name="test_query_should_return_zero_for_field_count_and_parent_set" class="Tests_Term_Query" classname="Tests_Term_Query" file="/home/meng/Desktop/wptest/wordpress-develop/tests/phpunit/tests/term/query.php" line="597" assertions="1" time="0.076255"/>
        <testcase name="test_query_should_return_zero_for_field_as_count_and_child_of_set" class="Tests_Term_Query" classname="Tests_Term_Query" file="/home/meng/Desktop/wptest/wordpress-develop/tests/phpunit/tests/term/query.php" line="622" assertions="1" time="0.075639"/>
        <testcase name="test_terms_property_should_be_empty_array_for_field_not_as_count_and_parent_set" class="Tests_Term_Query" classname="Tests_Term_Query" file="/home/meng/Desktop/wptest/wordpress-develop/tests/phpunit/tests/term/query.php" line="647" assertions="1" time="0.080297"/>
        <testcase name="test_null_term_object_should_be_discarded" class="Tests_Term_Query" classname="Tests_Term_Query" file="/home/meng/Desktop/wptest/wordpress-develop/tests/phpunit/tests/term/query.php" line="670" assertions="1" time="0.069066"/>
        <testcase name="test_error_term_object_should_be_discarded" class="Tests_Term_Query" classname="Tests_Term_Query" file="/home/meng/Desktop/wptest/wordpress-develop/tests/phpunit/tests/term/query.php" line="707" assertions="1" time="0.071330"/>
        <testcase name="test_terms_pre_query_filter_should_bypass_database_query" class="Tests_Term_Query" classname="Tests_Term_Query" file="/home/meng/Desktop/wptest/wordpress-develop/tests/phpunit/tests/term/query.php" line="744" assertions="2" time="0.041782"/>
        <testcase name="test_hide_empty_should_include_empty_parents_of_nonempty_children" class="Tests_Term_Query" classname="Tests_Term_Query" file="/home/meng/Desktop/wptest/wordpress-develop/tests/phpunit/tests/term/query.php" line="774" assertions="1" time="0.110470"/>
        <testcase name="test_hide_empty_should_include_empty_parents_of_nonempty_children_when_category_is_unspecified" class="Tests_Term_Query" classname="Tests_Term_Query" file="/home/meng/Desktop/wptest/wordpress-develop/tests/phpunit/tests/term/query.php" line="814" assertions="1" time="0.100638"/>
      </testsuite>
      <testsuite name="Tests_Term_Slashes" file="/home/meng/Desktop/wptest/wordpress-develop/tests/phpunit/tests/term/slashes.php" tests="2" assertions="24" errors="0" failures="0" skipped="0" time="0.470129">
        <testcase name="test_wp_insert_term" class="Tests_Term_Slashes" classname="Tests_Term_Slashes" file="/home/meng/Desktop/wptest/wordpress-develop/tests/phpunit/tests/term/slashes.php" line="32" assertions="12" time="0.222814"/>
        <testcase name="test_wp_update_term" class="Tests_Term_Slashes" classname="Tests_Term_Slashes" file="/home/meng/Desktop/wptest/wordpress-develop/tests/phpunit/tests/term/slashes.php" line="79" assertions="12" time="0.247315"/>
      </testsuite>
      <testsuite name="Tests_Term_SplitSharedTerm" file="/home/meng/Desktop/wptest/wordpress-develop/tests/phpunit/tests/term/splitSharedTerm.php" tests="10" assertions="18" errors="0" failures="0" skipped="0" time="1.365417">
        <testcase name="test_should_create_new_term_ids" class="Tests_Term_SplitSharedTerm" classname="Tests_Term_SplitSharedTerm" file="/home/meng/Desktop/wptest/wordpress-develop/tests/phpunit/tests/term/splitSharedTerm.php" line="81" assertions="3" time="0.106231"/>
        <testcase name="test_should_retain_child_terms_when_using_get_terms_parent" class="Tests_Term_SplitSharedTerm" classname="Tests_Term_SplitSharedTerm" file="/home/meng/Desktop/wptest/wordpress-develop/tests/phpunit/tests/term/splitSharedTerm.php" line="94" assertions="1" time="0.106562"/>
        <testcase name="test_should_retain_child_terms_when_using_get_terms_child_of" class="Tests_Term_SplitSharedTerm" classname="Tests_Term_SplitSharedTerm" file="/home/meng/Desktop/wptest/wordpress-develop/tests/phpunit/tests/term/splitSharedTerm.php" line="109" assertions="1" time="0.116549"/>
        <testcase name="test_should_rebuild_split_term_taxonomy_hierarchy" class="Tests_Term_SplitSharedTerm" classname="Tests_Term_SplitSharedTerm" file="/home/meng/Desktop/wptest/wordpress-develop/tests/phpunit/tests/term/splitSharedTerm.php" line="124" assertions="1" time="0.139868"/>
        <testcase name="test_should_update_default_category_on_term_split" class="Tests_Term_SplitSharedTerm" classname="Tests_Term_SplitSharedTerm" file="/home/meng/Desktop/wptest/wordpress-develop/tests/phpunit/tests/term/splitSharedTerm.php" line="165" assertions="3" time="0.142885"/>
        <testcase name="test_should_update_menus_on_term_split" class="Tests_Term_SplitSharedTerm" classname="Tests_Term_SplitSharedTerm" file="/home/meng/Desktop/wptest/wordpress-develop/tests/phpunit/tests/term/splitSharedTerm.php" line="194" assertions="3" time="0.191679"/>
        <testcase name="test_nav_menu_locations_should_be_updated_on_split" class="Tests_Term_SplitSharedTerm" classname="Tests_Term_SplitSharedTerm" file="/home/meng/Desktop/wptest/wordpress-develop/tests/phpunit/tests/term/splitSharedTerm.php" line="233" assertions="1" time="0.140758"/>
        <testcase name="test_nav_menu_term_should_retain_menu_items_on_split" class="Tests_Term_SplitSharedTerm" classname="Tests_Term_SplitSharedTerm" file="/home/meng/Desktop/wptest/wordpress-develop/tests/phpunit/tests/term/splitSharedTerm.php" line="262" assertions="3" time="0.201922"/>
        <testcase name="test_wp_get_split_terms" class="Tests_Term_SplitSharedTerm" classname="Tests_Term_SplitSharedTerm" file="/home/meng/Desktop/wptest/wordpress-develop/tests/phpunit/tests/term/splitSharedTerm.php" line="307" assertions="1" time="0.100419"/>
        <testcase name="test_wp_get_split_term" class="Tests_Term_SplitSharedTerm" classname="Tests_Term_SplitSharedTerm" file="/home/meng/Desktop/wptest/wordpress-develop/tests/phpunit/tests/term/splitSharedTerm.php" line="318" assertions="1" time="0.118544"/>
      </testsuite>
      <testsuite name="Tests_Term_Tax_Query" file="/home/meng/Desktop/wptest/wordpress-develop/tests/phpunit/tests/term/taxQuery.php" tests="21" assertions="25" errors="0" failures="0" skipped="0" time="1.186442">
        <testcase name="test_construct_with_relation_default" class="Tests_Term_Tax_Query" classname="Tests_Term_Tax_Query" file="/home/meng/Desktop/wptest/wordpress-develop/tests/phpunit/tests/term/taxQuery.php" line="15" assertions="1" time="0.043279"/>
        <testcase name="test_construct_with_relation_or_lowercase" class="Tests_Term_Tax_Query" classname="Tests_Term_Tax_Query" file="/home/meng/Desktop/wptest/wordpress-develop/tests/phpunit/tests/term/taxQuery.php" line="20" assertions="1" time="0.049696"/>
        <testcase name="test_construct_with_relation_or_uppercase" class="Tests_Term_Tax_Query" classname="Tests_Term_Tax_Query" file="/home/meng/Desktop/wptest/wordpress-develop/tests/phpunit/tests/term/taxQuery.php" line="29" assertions="1" time="0.042937"/>
        <testcase name="test_construct_with_relation_other" class="Tests_Term_Tax_Query" classname="Tests_Term_Tax_Query" file="/home/meng/Desktop/wptest/wordpress-develop/tests/phpunit/tests/term/taxQuery.php" line="38" assertions="1" time="0.041152"/>
        <testcase name="test_construct_fill_missing_query_params" class="Tests_Term_Tax_Query" classname="Tests_Term_Tax_Query" file="/home/meng/Desktop/wptest/wordpress-develop/tests/phpunit/tests/term/taxQuery.php" line="47" assertions="1" time="0.041298"/>
        <testcase name="test_construct_fill_missing_query_params_merge_with_passed_values" class="Tests_Term_Tax_Query" classname="Tests_Term_Tax_Query" file="/home/meng/Desktop/wptest/wordpress-develop/tests/phpunit/tests/term/taxQuery.php" line="65" assertions="1" time="0.040474"/>
        <testcase name="test_construct_cast_terms_to_array" class="Tests_Term_Tax_Query" classname="Tests_Term_Tax_Query" file="/home/meng/Desktop/wptest/wordpress-develop/tests/phpunit/tests/term/taxQuery.php" line="88" assertions="1" time="0.040277"/>
        <testcase name="test_construct_empty_strings_array_members_should_be_discarded" class="Tests_Term_Tax_Query" classname="Tests_Term_Tax_Query" file="/home/meng/Desktop/wptest/wordpress-develop/tests/phpunit/tests/term/taxQuery.php" line="103" assertions="1" time="0.040977"/>
        <testcase name="test_transform_query_terms_empty" class="Tests_Term_Tax_Query" classname="Tests_Term_Tax_Query" file="/home/meng/Desktop/wptest/wordpress-develop/tests/phpunit/tests/term/taxQuery.php" line="117" assertions="1" time="0.036489"/>
        <testcase name="test_transform_query_field_same_as_resulting_field" class="Tests_Term_Tax_Query" classname="Tests_Term_Tax_Query" file="/home/meng/Desktop/wptest/wordpress-develop/tests/phpunit/tests/term/taxQuery.php" line="130" assertions="1" time="0.037956"/>
        <testcase name="test_transform_query_resulting_field_sanitized" class="Tests_Term_Tax_Query" classname="Tests_Term_Tax_Query" file="/home/meng/Desktop/wptest/wordpress-develop/tests/phpunit/tests/term/taxQuery.php" line="145" assertions="1" time="0.092654"/>
        <testcase name="test_transform_query_field_slug" class="Tests_Term_Tax_Query" classname="Tests_Term_Tax_Query" file="/home/meng/Desktop/wptest/wordpress-develop/tests/phpunit/tests/term/taxQuery.php" line="174" assertions="2" time="0.084928"/>
        <testcase name="test_transform_query_field_name" class="Tests_Term_Tax_Query" classname="Tests_Term_Tax_Query" file="/home/meng/Desktop/wptest/wordpress-develop/tests/phpunit/tests/term/taxQuery.php" line="194" assertions="2" time="0.083673"/>
        <testcase name="test_transform_query_field_term_taxonomy_id" class="Tests_Term_Tax_Query" classname="Tests_Term_Tax_Query" file="/home/meng/Desktop/wptest/wordpress-develop/tests/phpunit/tests/term/taxQuery.php" line="219" assertions="2" time="0.090834"/>
        <testcase name="test_transform_query_field_term_taxonomy_default" class="Tests_Term_Tax_Query" classname="Tests_Term_Tax_Query" file="/home/meng/Desktop/wptest/wordpress-develop/tests/phpunit/tests/term/taxQuery.php" line="244" assertions="2" time="0.078263"/>
        <testcase name="test_transform_query_nonexistent_terms" class="Tests_Term_Tax_Query" classname="Tests_Term_Tax_Query" file="/home/meng/Desktop/wptest/wordpress-develop/tests/phpunit/tests/term/taxQuery.php" line="269" assertions="1" time="0.038648"/>
        <testcase name="test_get_sql_relation_or_operator_in" class="Tests_Term_Tax_Query" classname="Tests_Term_Tax_Query" file="/home/meng/Desktop/wptest/wordpress-develop/tests/phpunit/tests/term/taxQuery.php" line="287" assertions="1" time="0.066438"/>
        <testcase name="test_get_sql_relation_and_operator_in" class="Tests_Term_Tax_Query" classname="Tests_Term_Tax_Query" file="/home/meng/Desktop/wptest/wordpress-develop/tests/phpunit/tests/term/taxQuery.php" line="339" assertions="1" time="0.070689"/>
        <testcase name="test_get_sql_nested_relation_or_operator_in" class="Tests_Term_Tax_Query" classname="Tests_Term_Tax_Query" file="/home/meng/Desktop/wptest/wordpress-develop/tests/phpunit/tests/term/taxQuery.php" line="390" assertions="1" time="0.070104"/>
        <testcase name="test_get_sql_operator_not_in_empty_terms" class="Tests_Term_Tax_Query" classname="Tests_Term_Tax_Query" file="/home/meng/Desktop/wptest/wordpress-develop/tests/phpunit/tests/term/taxQuery.php" line="444" assertions="1" time="0.048134"/>
        <testcase name="test_get_sql_operator_and_empty_terms" class="Tests_Term_Tax_Query" classname="Tests_Term_Tax_Query" file="/home/meng/Desktop/wptest/wordpress-develop/tests/phpunit/tests/term/taxQuery.php" line="473" assertions="1" time="0.047542"/>
      </testsuite>
      <testsuite name="Tests_Term_termCount" file="/home/meng/Desktop/wptest/wordpress-develop/tests/phpunit/tests/term/termCounts.php" tests="65" assertions="65" errors="0" failures="0" skipped="0" time="5.670259">
        <testsuite name="Tests_Term_termCount::test_term_count_changes_for_post_statuses" tests="4" assertions="4" errors="0" failures="0" skipped="0" time="0.254667">
          <testcase name="test_term_count_changes_for_post_statuses with data set #0" class="Tests_Term_termCount" classname="Tests_Term_termCount" file="/home/meng/Desktop/wptest/wordpress-develop/tests/phpunit/tests/term/termCounts.php" line="91" assertions="1" time="0.073113"/>
          <testcase name="test_term_count_changes_for_post_statuses with data set #1" class="Tests_Term_termCount" classname="Tests_Term_termCount" file="/home/meng/Desktop/wptest/wordpress-develop/tests/phpunit/tests/term/termCounts.php" line="91" assertions="1" time="0.058800"/>
          <testcase name="test_term_count_changes_for_post_statuses with data set #2" class="Tests_Term_termCount" classname="Tests_Term_termCount" file="/home/meng/Desktop/wptest/wordpress-develop/tests/phpunit/tests/term/termCounts.php" line="91" assertions="1" time="0.060014"/>
          <testcase name="test_term_count_changes_for_post_statuses with data set #3" class="Tests_Term_termCount" classname="Tests_Term_termCount" file="/home/meng/Desktop/wptest/wordpress-develop/tests/phpunit/tests/term/termCounts.php" line="91" assertions="1" time="0.062740"/>
        </testsuite>
        <testsuite name="Tests_Term_termCount::test_term_counts_incremented_on_publish" tests="4" assertions="4" errors="0" failures="0" skipped="0" time="0.225097">
          <testcase name="test_term_counts_incremented_on_publish with data set #0" class="Tests_Term_termCount" classname="Tests_Term_termCount" file="/home/meng/Desktop/wptest/wordpress-develop/tests/phpunit/tests/term/termCounts.php" line="133" assertions="1" time="0.043661"/>
          <testcase name="test_term_counts_incremented_on_publish with data set #1" class="Tests_Term_termCount" classname="Tests_Term_termCount" file="/home/meng/Desktop/wptest/wordpress-develop/tests/phpunit/tests/term/termCounts.php" line="133" assertions="1" time="0.063137"/>
          <testcase name="test_term_counts_incremented_on_publish with data set #2" class="Tests_Term_termCount" classname="Tests_Term_termCount" file="/home/meng/Desktop/wptest/wordpress-develop/tests/phpunit/tests/term/termCounts.php" line="133" assertions="1" time="0.058417"/>
          <testcase name="test_term_counts_incremented_on_publish with data set #3" class="Tests_Term_termCount" classname="Tests_Term_termCount" file="/home/meng/Desktop/wptest/wordpress-develop/tests/phpunit/tests/term/termCounts.php" line="133" assertions="1" time="0.059882"/>
        </testsuite>
        <testsuite name="Tests_Term_termCount::test_term_count_transitions_update_term_counts" tests="12" assertions="12" errors="0" failures="0" skipped="0" time="1.028514">
          <testcase name="test_term_count_transitions_update_term_counts with data set #0" class="Tests_Term_termCount" classname="Tests_Term_termCount" file="/home/meng/Desktop/wptest/wordpress-develop/tests/phpunit/tests/term/termCounts.php" line="175" assertions="1" time="0.095420"/>
          <testcase name="test_term_count_transitions_update_term_counts with data set #1" class="Tests_Term_termCount" classname="Tests_Term_termCount" file="/home/meng/Desktop/wptest/wordpress-develop/tests/phpunit/tests/term/termCounts.php" line="175" assertions="1" time="0.095091"/>
          <testcase name="test_term_count_transitions_update_term_counts with data set #2" class="Tests_Term_termCount" classname="Tests_Term_termCount" file="/home/meng/Desktop/wptest/wordpress-develop/tests/phpunit/tests/term/termCounts.php" line="175" assertions="1" time="0.091841"/>
          <testcase name="test_term_count_transitions_update_term_counts with data set #3" class="Tests_Term_termCount" classname="Tests_Term_termCount" file="/home/meng/Desktop/wptest/wordpress-develop/tests/phpunit/tests/term/termCounts.php" line="175" assertions="1" time="0.080796"/>
          <testcase name="test_term_count_transitions_update_term_counts with data set #4" class="Tests_Term_termCount" classname="Tests_Term_termCount" file="/home/meng/Desktop/wptest/wordpress-develop/tests/phpunit/tests/term/termCounts.php" line="175" assertions="1" time="0.081597"/>
          <testcase name="test_term_count_transitions_update_term_counts with data set #5" class="Tests_Term_termCount" classname="Tests_Term_termCount" file="/home/meng/Desktop/wptest/wordpress-develop/tests/phpunit/tests/term/termCounts.php" line="175" assertions="1" time="0.080168"/>
          <testcase name="test_term_count_transitions_update_term_counts with data set #6" class="Tests_Term_termCount" classname="Tests_Term_termCount" file="/home/meng/Desktop/wptest/wordpress-develop/tests/phpunit/tests/term/termCounts.php" line="175" assertions="1" time="0.084795"/>
          <testcase name="test_term_count_transitions_update_term_counts with data set #7" class="Tests_Term_termCount" classname="Tests_Term_termCount" file="/home/meng/Desktop/wptest/wordpress-develop/tests/phpunit/tests/term/termCounts.php" line="175" assertions="1" time="0.087845"/>
          <testcase name="test_term_count_transitions_update_term_counts with data set #8" class="Tests_Term_termCount" classname="Tests_Term_termCount" file="/home/meng/Desktop/wptest/wordpress-develop/tests/phpunit/tests/term/termCounts.php" line="175" assertions="1" time="0.078185"/>
          <testcase name="test_term_count_transitions_update_term_counts with data set #9" class="Tests_Term_termCount" classname="Tests_Term_termCount" file="/home/meng/Desktop/wptest/wordpress-develop/tests/phpunit/tests/term/termCounts.php" line="175" assertions="1" time="0.077760"/>
          <testcase name="test_term_count_transitions_update_term_counts with data set #10" class="Tests_Term_termCount" classname="Tests_Term_termCount" file="/home/meng/Desktop/wptest/wordpress-develop/tests/phpunit/tests/term/termCounts.php" line="175" assertions="1" time="0.087218"/>
          <testcase name="test_term_count_transitions_update_term_counts with data set #11" class="Tests_Term_termCount" classname="Tests_Term_termCount" file="/home/meng/Desktop/wptest/wordpress-develop/tests/phpunit/tests/term/termCounts.php" line="175" assertions="1" time="0.087799"/>
        </testsuite>
        <testsuite name="Tests_Term_termCount::test_term_count_changes_for_post_statuses_with_attachments" tests="4" assertions="4" errors="0" failures="0" skipped="0" time="0.323096">
          <testcase name="test_term_count_changes_for_post_statuses_with_attachments with data set #0" class="Tests_Term_termCount" classname="Tests_Term_termCount" file="/home/meng/Desktop/wptest/wordpress-develop/tests/phpunit/tests/term/termCounts.php" line="240" assertions="1" time="0.090528"/>
          <testcase name="test_term_count_changes_for_post_statuses_with_attachments with data set #1" class="Tests_Term_termCount" classname="Tests_Term_termCount" file="/home/meng/Desktop/wptest/wordpress-develop/tests/phpunit/tests/term/termCounts.php" line="240" assertions="1" time="0.075306"/>
          <testcase name="test_term_count_changes_for_post_statuses_with_attachments with data set #2" class="Tests_Term_termCount" classname="Tests_Term_termCount" file="/home/meng/Desktop/wptest/wordpress-develop/tests/phpunit/tests/term/termCounts.php" line="240" assertions="1" time="0.077636"/>
          <testcase name="test_term_count_changes_for_post_statuses_with_attachments with data set #3" class="Tests_Term_termCount" classname="Tests_Term_termCount" file="/home/meng/Desktop/wptest/wordpress-develop/tests/phpunit/tests/term/termCounts.php" line="240" assertions="1" time="0.079626"/>
        </testsuite>
        <testsuite name="Tests_Term_termCount::test_term_counts_incremented_on_publish_with_attachments" tests="4" assertions="4" errors="0" failures="0" skipped="0" time="0.328451">
          <testcase name="test_term_counts_incremented_on_publish_with_attachments with data set #0" class="Tests_Term_termCount" classname="Tests_Term_termCount" file="/home/meng/Desktop/wptest/wordpress-develop/tests/phpunit/tests/term/termCounts.php" line="291" assertions="1" time="0.063558"/>
          <testcase name="test_term_counts_incremented_on_publish_with_attachments with data set #1" class="Tests_Term_termCount" classname="Tests_Term_termCount" file="/home/meng/Desktop/wptest/wordpress-develop/tests/phpunit/tests/term/termCounts.php" line="291" assertions="1" time="0.088230"/>
          <testcase name="test_term_counts_incremented_on_publish_with_attachments with data set #2" class="Tests_Term_termCount" classname="Tests_Term_termCount" file="/home/meng/Desktop/wptest/wordpress-develop/tests/phpunit/tests/term/termCounts.php" line="291" assertions="1" time="0.090961"/>
          <testcase name="test_term_counts_incremented_on_publish_with_attachments with data set #3" class="Tests_Term_termCount" classname="Tests_Term_termCount" file="/home/meng/Desktop/wptest/wordpress-develop/tests/phpunit/tests/term/termCounts.php" line="291" assertions="1" time="0.085702"/>
        </testsuite>
        <testsuite name="Tests_Term_termCount::test_term_count_transitions_update_term_counts_with_attachments" tests="12" assertions="12" errors="0" failures="0" skipped="0" time="1.327406">
          <testcase name="test_term_count_transitions_update_term_counts_with_attachments with data set #0" class="Tests_Term_termCount" classname="Tests_Term_termCount" file="/home/meng/Desktop/wptest/wordpress-develop/tests/phpunit/tests/term/termCounts.php" line="342" assertions="1" time="0.122376"/>
          <testcase name="test_term_count_transitions_update_term_counts_with_attachments with data set #1" class="Tests_Term_termCount" classname="Tests_Term_termCount" file="/home/meng/Desktop/wptest/wordpress-develop/tests/phpunit/tests/term/termCounts.php" line="342" assertions="1" time="0.121604"/>
          <testcase name="test_term_count_transitions_update_term_counts_with_attachments with data set #2" class="Tests_Term_termCount" classname="Tests_Term_termCount" file="/home/meng/Desktop/wptest/wordpress-develop/tests/phpunit/tests/term/termCounts.php" line="342" assertions="1" time="0.115384"/>
          <testcase name="test_term_count_transitions_update_term_counts_with_attachments with data set #3" class="Tests_Term_termCount" classname="Tests_Term_termCount" file="/home/meng/Desktop/wptest/wordpress-develop/tests/phpunit/tests/term/termCounts.php" line="342" assertions="1" time="0.099985"/>
          <testcase name="test_term_count_transitions_update_term_counts_with_attachments with data set #4" class="Tests_Term_termCount" classname="Tests_Term_termCount" file="/home/meng/Desktop/wptest/wordpress-develop/tests/phpunit/tests/term/termCounts.php" line="342" assertions="1" time="0.101691"/>
          <testcase name="test_term_count_transitions_update_term_counts_with_attachments with data set #5" class="Tests_Term_termCount" classname="Tests_Term_termCount" file="/home/meng/Desktop/wptest/wordpress-develop/tests/phpunit/tests/term/termCounts.php" line="342" assertions="1" time="0.102940"/>
          <testcase name="test_term_count_transitions_update_term_counts_with_attachments with data set #6" class="Tests_Term_termCount" classname="Tests_Term_termCount" file="/home/meng/Desktop/wptest/wordpress-develop/tests/phpunit/tests/term/termCounts.php" line="342" assertions="1" time="0.099762"/>
          <testcase name="test_term_count_transitions_update_term_counts_with_attachments with data set #7" class="Tests_Term_termCount" classname="Tests_Term_termCount" file="/home/meng/Desktop/wptest/wordpress-develop/tests/phpunit/tests/term/termCounts.php" line="342" assertions="1" time="0.117951"/>
          <testcase name="test_term_count_transitions_update_term_counts_with_attachments with data set #8" class="Tests_Term_termCount" classname="Tests_Term_termCount" file="/home/meng/Desktop/wptest/wordpress-develop/tests/phpunit/tests/term/termCounts.php" line="342" assertions="1" time="0.101289"/>
          <testcase name="test_term_count_transitions_update_term_counts_with_attachments with data set #9" class="Tests_Term_termCount" classname="Tests_Term_termCount" file="/home/meng/Desktop/wptest/wordpress-develop/tests/phpunit/tests/term/termCounts.php" line="342" assertions="1" time="0.105287"/>
          <testcase name="test_term_count_transitions_update_term_counts_with_attachments with data set #10" class="Tests_Term_termCount" classname="Tests_Term_termCount" file="/home/meng/Desktop/wptest/wordpress-develop/tests/phpunit/tests/term/termCounts.php" line="342" assertions="1" time="0.116743"/>
          <testcase name="test_term_count_transitions_update_term_counts_with_attachments with data set #11" class="Tests_Term_termCount" classname="Tests_Term_termCount" file="/home/meng/Desktop/wptest/wordpress-develop/tests/phpunit/tests/term/termCounts.php" line="342" assertions="1" time="0.122394"/>
        </testsuite>
        <testsuite name="Tests_Term_termCount::test_term_count_changes_for_post_statuses_with_untermed_attachments" tests="4" assertions="4" errors="0" failures="0" skipped="0" time="0.320074">
          <testcase name="test_term_count_changes_for_post_statuses_with_untermed_attachments with data set #0" class="Tests_Term_termCount" classname="Tests_Term_termCount" file="/home/meng/Desktop/wptest/wordpress-develop/tests/phpunit/tests/term/termCounts.php" line="416" assertions="1" time="0.092107"/>
          <testcase name="test_term_count_changes_for_post_statuses_with_untermed_attachments with data set #1" class="Tests_Term_termCount" classname="Tests_Term_termCount" file="/home/meng/Desktop/wptest/wordpress-develop/tests/phpunit/tests/term/termCounts.php" line="416" assertions="1" time="0.073053"/>
          <testcase name="test_term_count_changes_for_post_statuses_with_untermed_attachments with data set #2" class="Tests_Term_termCount" classname="Tests_Term_termCount" file="/home/meng/Desktop/wptest/wordpress-develop/tests/phpunit/tests/term/termCounts.php" line="416" assertions="1" time="0.076403"/>
          <testcase name="test_term_count_changes_for_post_statuses_with_untermed_attachments with data set #3" class="Tests_Term_termCount" classname="Tests_Term_termCount" file="/home/meng/Desktop/wptest/wordpress-develop/tests/phpunit/tests/term/termCounts.php" line="416" assertions="1" time="0.078511"/>
        </testsuite>
        <testsuite name="Tests_Term_termCount::test_term_counts_incremented_on_publish_with_untermed_attachments" tests="4" assertions="4" errors="0" failures="0" skipped="0" time="0.321842">
          <testcase name="test_term_counts_incremented_on_publish_with_untermed_attachments with data set #0" class="Tests_Term_termCount" classname="Tests_Term_termCount" file="/home/meng/Desktop/wptest/wordpress-develop/tests/phpunit/tests/term/termCounts.php" line="466" assertions="1" time="0.064640"/>
          <testcase name="test_term_counts_incremented_on_publish_with_untermed_attachments with data set #1" class="Tests_Term_termCount" classname="Tests_Term_termCount" file="/home/meng/Desktop/wptest/wordpress-develop/tests/phpunit/tests/term/termCounts.php" line="466" assertions="1" time="0.087025"/>
          <testcase name="test_term_counts_incremented_on_publish_with_untermed_attachments with data set #2" class="Tests_Term_termCount" classname="Tests_Term_termCount" file="/home/meng/Desktop/wptest/wordpress-develop/tests/phpunit/tests/term/termCounts.php" line="466" assertions="1" time="0.084342"/>
          <testcase name="test_term_counts_incremented_on_publish_with_untermed_attachments with data set #3" class="Tests_Term_termCount" classname="Tests_Term_termCount" file="/home/meng/Desktop/wptest/wordpress-develop/tests/phpunit/tests/term/termCounts.php" line="466" assertions="1" time="0.085835"/>
        </testsuite>
        <testsuite name="Tests_Term_termCount::test_term_count_transitions_update_term_counts_with_untermed_attachments" tests="12" assertions="12" errors="0" failures="0" skipped="0" time="1.270240">
          <testcase name="test_term_count_transitions_update_term_counts_with_untermed_attachments with data set #0" class="Tests_Term_termCount" classname="Tests_Term_termCount" file="/home/meng/Desktop/wptest/wordpress-develop/tests/phpunit/tests/term/termCounts.php" line="516" assertions="1" time="0.113824"/>
          <testcase name="test_term_count_transitions_update_term_counts_with_untermed_attachments with data set #1" class="Tests_Term_termCount" classname="Tests_Term_termCount" file="/home/meng/Desktop/wptest/wordpress-develop/tests/phpunit/tests/term/termCounts.php" line="516" assertions="1" time="0.114353"/>
          <testcase name="test_term_count_transitions_update_term_counts_with_untermed_attachments with data set #2" class="Tests_Term_termCount" classname="Tests_Term_termCount" file="/home/meng/Desktop/wptest/wordpress-develop/tests/phpunit/tests/term/termCounts.php" line="516" assertions="1" time="0.119038"/>
          <testcase name="test_term_count_transitions_update_term_counts_with_untermed_attachments with data set #3" class="Tests_Term_termCount" classname="Tests_Term_termCount" file="/home/meng/Desktop/wptest/wordpress-develop/tests/phpunit/tests/term/termCounts.php" line="516" assertions="1" time="0.101542"/>
          <testcase name="test_term_count_transitions_update_term_counts_with_untermed_attachments with data set #4" class="Tests_Term_termCount" classname="Tests_Term_termCount" file="/home/meng/Desktop/wptest/wordpress-develop/tests/phpunit/tests/term/termCounts.php" line="516" assertions="1" time="0.098137"/>
          <testcase name="test_term_count_transitions_update_term_counts_with_untermed_attachments with data set #5" class="Tests_Term_termCount" classname="Tests_Term_termCount" file="/home/meng/Desktop/wptest/wordpress-develop/tests/phpunit/tests/term/termCounts.php" line="516" assertions="1" time="0.097043"/>
          <testcase name="test_term_count_transitions_update_term_counts_with_untermed_attachments with data set #6" class="Tests_Term_termCount" classname="Tests_Term_termCount" file="/home/meng/Desktop/wptest/wordpress-develop/tests/phpunit/tests/term/termCounts.php" line="516" assertions="1" time="0.098414"/>
          <testcase name="test_term_count_transitions_update_term_counts_with_untermed_attachments with data set #7" class="Tests_Term_termCount" classname="Tests_Term_termCount" file="/home/meng/Desktop/wptest/wordpress-develop/tests/phpunit/tests/term/termCounts.php" line="516" assertions="1" time="0.111913"/>
          <testcase name="test_term_count_transitions_update_term_counts_with_untermed_attachments with data set #8" class="Tests_Term_termCount" classname="Tests_Term_termCount" file="/home/meng/Desktop/wptest/wordpress-develop/tests/phpunit/tests/term/termCounts.php" line="516" assertions="1" time="0.101170"/>
          <testcase name="test_term_count_transitions_update_term_counts_with_untermed_attachments with data set #9" class="Tests_Term_termCount" classname="Tests_Term_termCount" file="/home/meng/Desktop/wptest/wordpress-develop/tests/phpunit/tests/term/termCounts.php" line="516" assertions="1" time="0.100756"/>
          <testcase name="test_term_count_transitions_update_term_counts_with_untermed_attachments with data set #10" class="Tests_Term_termCount" classname="Tests_Term_termCount" file="/home/meng/Desktop/wptest/wordpress-develop/tests/phpunit/tests/term/termCounts.php" line="516" assertions="1" time="0.101024"/>
          <testcase name="test_term_count_transitions_update_term_counts_with_untermed_attachments with data set #11" class="Tests_Term_termCount" classname="Tests_Term_termCount" file="/home/meng/Desktop/wptest/wordpress-develop/tests/phpunit/tests/term/termCounts.php" line="516" assertions="1" time="0.113026"/>
        </testsuite>
        <testcase name="test_term_counts_user_adding_term" class="Tests_Term_termCount" classname="Tests_Term_termCount" file="/home/meng/Desktop/wptest/wordpress-develop/tests/phpunit/tests/term/termCounts.php" line="585" assertions="1" time="0.049472"/>
        <testcase name="test_term_counts_user_removing_term" class="Tests_Term_termCount" classname="Tests_Term_termCount" file="/home/meng/Desktop/wptest/wordpress-develop/tests/phpunit/tests/term/termCounts.php" line="599" assertions="1" time="0.055953"/>
        <testcase name="test_counts_after_deferral_net_zero" class="Tests_Term_termCount" classname="Tests_Term_termCount" file="/home/meng/Desktop/wptest/wordpress-develop/tests/phpunit/tests/term/termCounts.php" line="615" assertions="1" time="0.048904"/>
        <testcase name="test_counts_after_deferral_full_before_partial" class="Tests_Term_termCount" classname="Tests_Term_termCount" file="/home/meng/Desktop/wptest/wordpress-develop/tests/phpunit/tests/term/termCounts.php" line="640" assertions="1" time="0.053124"/>
        <testcase name="test_counts_after_deferral_matching_changes" class="Tests_Term_termCount" classname="Tests_Term_termCount" file="/home/meng/Desktop/wptest/wordpress-develop/tests/phpunit/tests/term/termCounts.php" line="663" assertions="1" time="0.063419"/>
      </testsuite>
      <testsuite name="Tests_TermExists" file="/home/meng/Desktop/wptest/wordpress-develop/tests/phpunit/tests/term/termExists.php" tests="19" assertions="34" errors="0" failures="0" skipped="0" time="1.002605">
        <testcase name="test_term_exists_term_0" class="Tests_TermExists" classname="Tests_TermExists" file="/home/meng/Desktop/wptest/wordpress-develop/tests/phpunit/tests/term/termExists.php" line="7" assertions="1" time="0.037389"/>
        <testcase name="test_term_exists_term_int_taxonomy_nonempty_term_exists" class="Tests_TermExists" classname="Tests_TermExists" file="/home/meng/Desktop/wptest/wordpress-develop/tests/phpunit/tests/term/termExists.php" line="11" assertions="1" time="0.047298"/>
        <testcase name="test_term_exists_term_int_taxonomy_nonempty_term_does_not_exist" class="Tests_TermExists" classname="Tests_TermExists" file="/home/meng/Desktop/wptest/wordpress-develop/tests/phpunit/tests/term/termExists.php" line="22" assertions="1" time="0.047404"/>
        <testcase name="test_term_exists_term_int_taxonomy_nonempty_wrong_taxonomy" class="Tests_TermExists" classname="Tests_TermExists" file="/home/meng/Desktop/wptest/wordpress-develop/tests/phpunit/tests/term/termExists.php" line="26" assertions="1" time="0.047919"/>
        <testcase name="test_term_exists_term_int_taxonomy_empty_term_exists" class="Tests_TermExists" classname="Tests_TermExists" file="/home/meng/Desktop/wptest/wordpress-develop/tests/phpunit/tests/term/termExists.php" line="36" assertions="1" time="0.047723"/>
        <testcase name="test_term_exists_term_int_taxonomy_empty_term_does_not_exist" class="Tests_TermExists" classname="Tests_TermExists" file="/home/meng/Desktop/wptest/wordpress-develop/tests/phpunit/tests/term/termExists.php" line="47" assertions="1" time="0.048703"/>
        <testcase name="test_term_exists_unslash_term" class="Tests_TermExists" classname="Tests_TermExists" file="/home/meng/Desktop/wptest/wordpress-develop/tests/phpunit/tests/term/termExists.php" line="51" assertions="1" time="0.055782"/>
        <testcase name="test_term_exists_trim_term" class="Tests_TermExists" classname="Tests_TermExists" file="/home/meng/Desktop/wptest/wordpress-develop/tests/phpunit/tests/term/termExists.php" line="63" assertions="1" time="0.055991"/>
        <testcase name="test_term_exists_term_trimmed_to_empty_string" class="Tests_TermExists" classname="Tests_TermExists" file="/home/meng/Desktop/wptest/wordpress-develop/tests/phpunit/tests/term/termExists.php" line="75" assertions="1" time="0.043281"/>
        <testcase name="test_term_exists_existing_term_that_sanitizes_to_empty" class="Tests_TermExists" classname="Tests_TermExists" file="/home/meng/Desktop/wptest/wordpress-develop/tests/phpunit/tests/term/termExists.php" line="82" assertions="4" time="0.068603"/>
        <testcase name="test_term_exists_taxonomy_nonempty_parent_nonempty_match_slug" class="Tests_TermExists" classname="Tests_TermExists" file="/home/meng/Desktop/wptest/wordpress-develop/tests/phpunit/tests/term/termExists.php" line="92" assertions="2" time="0.059510"/>
        <testcase name="test_term_exists_taxonomy_nonempty_parent_0_should_return_false_for_child_term" class="Tests_TermExists" classname="Tests_TermExists" file="/home/meng/Desktop/wptest/wordpress-develop/tests/phpunit/tests/term/termExists.php" line="126" assertions="1" time="0.065571"/>
        <testcase name="test_term_exists_taxonomy_nonempty_parent_nonempty_match_name" class="Tests_TermExists" classname="Tests_TermExists" file="/home/meng/Desktop/wptest/wordpress-develop/tests/phpunit/tests/term/termExists.php" line="156" assertions="2" time="0.063721"/>
        <testcase name="test_term_exists_taxonomy_nonempty_parent_empty_match_slug" class="Tests_TermExists" classname="Tests_TermExists" file="/home/meng/Desktop/wptest/wordpress-develop/tests/phpunit/tests/term/termExists.php" line="187" assertions="2" time="0.051677"/>
        <testcase name="test_term_exists_taxonomy_nonempty_parent_empty_match_name" class="Tests_TermExists" classname="Tests_TermExists" file="/home/meng/Desktop/wptest/wordpress-develop/tests/phpunit/tests/term/termExists.php" line="205" assertions="2" time="0.051876"/>
        <testcase name="test_term_exists_taxonomy_empty_parent_empty_match_slug" class="Tests_TermExists" classname="Tests_TermExists" file="/home/meng/Desktop/wptest/wordpress-develop/tests/phpunit/tests/term/termExists.php" line="223" assertions="2" time="0.052499"/>
        <testcase name="test_term_exists_taxonomy_empty_parent_empty_match_name" class="Tests_TermExists" classname="Tests_TermExists" file="/home/meng/Desktop/wptest/wordpress-develop/tests/phpunit/tests/term/termExists.php" line="241" assertions="2" time="0.052042"/>
        <testcase name="test_term_exists_known" class="Tests_TermExists" classname="Tests_TermExists" file="/home/meng/Desktop/wptest/wordpress-develop/tests/phpunit/tests/term/termExists.php" line="259" assertions="4" time="0.060170"/>
        <testcase name="test_term_exists_unknown" class="Tests_TermExists" classname="Tests_TermExists" file="/home/meng/Desktop/wptest/wordpress-develop/tests/phpunit/tests/term/termExists.php" line="274" assertions="4" time="0.045447"/>
      </testsuite>
      <testsuite name="Tests_Term_WpDeleteObjectTermRelationships" file="/home/meng/Desktop/wptest/wordpress-develop/tests/phpunit/tests/term/wpDeleteObjectTermRelationships.php" tests="2" assertions="4" errors="0" failures="0" skipped="0" time="0.161321">
        <testcase name="test_single_taxonomy" class="Tests_Term_WpDeleteObjectTermRelationships" classname="Tests_Term_WpDeleteObjectTermRelationships" file="/home/meng/Desktop/wptest/wordpress-develop/tests/phpunit/tests/term/wpDeleteObjectTermRelationships.php" line="8" assertions="2" time="0.072188"/>
        <testcase name="test_array_of_taxonomies" class="Tests_Term_WpDeleteObjectTermRelationships" classname="Tests_Term_WpDeleteObjectTermRelationships" file="/home/meng/Desktop/wptest/wordpress-develop/tests/phpunit/tests/term/wpDeleteObjectTermRelationships.php" line="31" assertions="2" time="0.089133"/>
      </testsuite>
      <testsuite name="Tests_Term_WpDeleteTerm" file="/home/meng/Desktop/wptest/wordpress-develop/tests/phpunit/tests/term/wpDeleteTerm.php" tests="1" assertions="4" errors="0" failures="0" skipped="0" time="0.113999">
        <testcase name="test_count_property_passed_to_filters_should_reflect_pre_deleted_term" class="Tests_Term_WpDeleteTerm" classname="Tests_Term_WpDeleteTerm" file="/home/meng/Desktop/wptest/wordpress-develop/tests/phpunit/tests/term/wpDeleteTerm.php" line="14" assertions="4" time="0.113999"/>
      </testsuite>
      <testsuite name="Tests_WP_Generate_Tag_Cloud" file="/home/meng/Desktop/wptest/wordpress-develop/tests/phpunit/tests/term/wpGenerateTagCloud.php" tests="16" assertions="29" errors="0" failures="0" skipped="0" time="1.112615">
        <testsuite name="Tests_WP_Generate_Tag_Cloud::test_empty_tags_passed" tests="4" assertions="4" errors="0" failures="0" skipped="0" time="0.153585">
          <testcase name="test_empty_tags_passed with data set #0" class="Tests_WP_Generate_Tag_Cloud" classname="Tests_WP_Generate_Tag_Cloud" file="/home/meng/Desktop/wptest/wordpress-develop/tests/phpunit/tests/term/wpGenerateTagCloud.php" line="16" assertions="1" time="0.037481"/>
          <testcase name="test_empty_tags_passed with data set #1" class="Tests_WP_Generate_Tag_Cloud" classname="Tests_WP_Generate_Tag_Cloud" file="/home/meng/Desktop/wptest/wordpress-develop/tests/phpunit/tests/term/wpGenerateTagCloud.php" line="16" assertions="1" time="0.037755"/>
          <testcase name="test_empty_tags_passed with data set #2" class="Tests_WP_Generate_Tag_Cloud" classname="Tests_WP_Generate_Tag_Cloud" file="/home/meng/Desktop/wptest/wordpress-develop/tests/phpunit/tests/term/wpGenerateTagCloud.php" line="16" assertions="1" time="0.038723"/>
          <testcase name="test_empty_tags_passed with data set #3" class="Tests_WP_Generate_Tag_Cloud" classname="Tests_WP_Generate_Tag_Cloud" file="/home/meng/Desktop/wptest/wordpress-develop/tests/phpunit/tests/term/wpGenerateTagCloud.php" line="16" assertions="1" time="0.039626"/>
        </testsuite>
        <testsuite name="Tests_WP_Generate_Tag_Cloud::test_empty_tags_list_returned" tests="4" assertions="4" errors="0" failures="0" skipped="0" time="0.293602">
          <testcase name="test_empty_tags_list_returned with data set #0" class="Tests_WP_Generate_Tag_Cloud" classname="Tests_WP_Generate_Tag_Cloud" file="/home/meng/Desktop/wptest/wordpress-develop/tests/phpunit/tests/term/wpGenerateTagCloud.php" line="29" assertions="1" time="0.073945"/>
          <testcase name="test_empty_tags_list_returned with data set #1" class="Tests_WP_Generate_Tag_Cloud" classname="Tests_WP_Generate_Tag_Cloud" file="/home/meng/Desktop/wptest/wordpress-develop/tests/phpunit/tests/term/wpGenerateTagCloud.php" line="29" assertions="1" time="0.074625"/>
          <testcase name="test_empty_tags_list_returned with data set #2" class="Tests_WP_Generate_Tag_Cloud" classname="Tests_WP_Generate_Tag_Cloud" file="/home/meng/Desktop/wptest/wordpress-develop/tests/phpunit/tests/term/wpGenerateTagCloud.php" line="29" assertions="1" time="0.071546"/>
          <testcase name="test_empty_tags_list_returned with data set #3" class="Tests_WP_Generate_Tag_Cloud" classname="Tests_WP_Generate_Tag_Cloud" file="/home/meng/Desktop/wptest/wordpress-develop/tests/phpunit/tests/term/wpGenerateTagCloud.php" line="29" assertions="1" time="0.073486"/>
        </testsuite>
        <testcase name="test_hide_empty_false" class="Tests_WP_Generate_Tag_Cloud" classname="Tests_WP_Generate_Tag_Cloud" file="/home/meng/Desktop/wptest/wordpress-develop/tests/phpunit/tests/term/wpGenerateTagCloud.php" line="68" assertions="1" time="0.049966"/>
        <testcase name="test_hide_empty_false_format_array" class="Tests_WP_Generate_Tag_Cloud" classname="Tests_WP_Generate_Tag_Cloud" file="/home/meng/Desktop/wptest/wordpress-develop/tests/phpunit/tests/term/wpGenerateTagCloud.php" line="89" assertions="2" time="0.050835"/>
        <testcase name="test_hide_empty_false_format_list" class="Tests_WP_Generate_Tag_Cloud" classname="Tests_WP_Generate_Tag_Cloud" file="/home/meng/Desktop/wptest/wordpress-develop/tests/phpunit/tests/term/wpGenerateTagCloud.php" line="113" assertions="3" time="0.051112"/>
        <testcase name="test_hide_empty_false_multi" class="Tests_WP_Generate_Tag_Cloud" classname="Tests_WP_Generate_Tag_Cloud" file="/home/meng/Desktop/wptest/wordpress-develop/tests/phpunit/tests/term/wpGenerateTagCloud.php" line="137" assertions="4" time="0.089394"/>
        <testcase name="test_hide_empty_false_multi_format_list" class="Tests_WP_Generate_Tag_Cloud" classname="Tests_WP_Generate_Tag_Cloud" file="/home/meng/Desktop/wptest/wordpress-develop/tests/phpunit/tests/term/wpGenerateTagCloud.php" line="164" assertions="6" time="0.087955"/>
        <testcase name="test_topic_count_text" class="Tests_WP_Generate_Tag_Cloud" classname="Tests_WP_Generate_Tag_Cloud" file="/home/meng/Desktop/wptest/wordpress-develop/tests/phpunit/tests/term/wpGenerateTagCloud.php" line="195" assertions="2" time="0.115697"/>
        <testcase name="test_topic_count_text_callback" class="Tests_WP_Generate_Tag_Cloud" classname="Tests_WP_Generate_Tag_Cloud" file="/home/meng/Desktop/wptest/wordpress-develop/tests/phpunit/tests/term/wpGenerateTagCloud.php" line="231" assertions="2" time="0.119576"/>
        <testcase name="test_should_include_tag_link_position_class" class="Tests_WP_Generate_Tag_Cloud" classname="Tests_WP_Generate_Tag_Cloud" file="/home/meng/Desktop/wptest/wordpress-develop/tests/phpunit/tests/term/wpGenerateTagCloud.php" line="265" assertions="1" time="0.100893"/>
      </testsuite>
      <testsuite name="Tests_Term_WpGetObjectTerms" file="/home/meng/Desktop/wptest/wordpress-develop/tests/phpunit/tests/term/wpGetObjectTerms.php" tests="30" assertions="59" errors="0" failures="0" skipped="0" time="3.183458">
        <testcase name="test_get_object_terms_by_slug" class="Tests_Term_WpGetObjectTerms" classname="Tests_Term_WpGetObjectTerms" file="/home/meng/Desktop/wptest/wordpress-develop/tests/phpunit/tests/term/wpGetObjectTerms.php" line="15" assertions="2" time="0.100675"/>
        <testcase name="test_should_not_filter_out_duplicate_terms_associated_with_different_objects" class="Tests_Term_WpGetObjectTerms" classname="Tests_Term_WpGetObjectTerms" file="/home/meng/Desktop/wptest/wordpress-develop/tests/phpunit/tests/term/wpGetObjectTerms.php" line="40" assertions="4" time="0.130008"/>
        <testcase name="test_should_return_objects_with_int_properties" class="Tests_Term_WpGetObjectTerms" classname="Tests_Term_WpGetObjectTerms" file="/home/meng/Desktop/wptest/wordpress-develop/tests/phpunit/tests/term/wpGetObjectTerms.php" line="67" assertions="7" time="0.084996"/>
        <testcase name="test_references_should_be_reset_after_wp_get_object_terms_filter" class="Tests_Term_WpGetObjectTerms" classname="Tests_Term_WpGetObjectTerms" file="/home/meng/Desktop/wptest/wordpress-develop/tests/phpunit/tests/term/wpGetObjectTerms.php" line="87" assertions="3" time="0.108576"/>
        <testcase name="test_taxonomies_passed_to_wp_get_object_terms_filter_should_be_quoted" class="Tests_Term_WpGetObjectTerms" classname="Tests_Term_WpGetObjectTerms" file="/home/meng/Desktop/wptest/wordpress-develop/tests/phpunit/tests/term/wpGetObjectTerms.php" line="103" assertions="1" time="0.046843"/>
        <testcase name="test_orderby_name" class="Tests_Term_WpGetObjectTerms" classname="Tests_Term_WpGetObjectTerms" file="/home/meng/Desktop/wptest/wordpress-develop/tests/phpunit/tests/term/wpGetObjectTerms.php" line="119" assertions="1" time="0.104622"/>
        <testcase name="test_orderby_count" class="Tests_Term_WpGetObjectTerms" classname="Tests_Term_WpGetObjectTerms" file="/home/meng/Desktop/wptest/wordpress-develop/tests/phpunit/tests/term/wpGetObjectTerms.php" line="155" assertions="1" time="0.172556"/>
        <testcase name="test_orderby_slug" class="Tests_Term_WpGetObjectTerms" classname="Tests_Term_WpGetObjectTerms" file="/home/meng/Desktop/wptest/wordpress-develop/tests/phpunit/tests/term/wpGetObjectTerms.php" line="193" assertions="1" time="0.099869"/>
        <testcase name="test_orderby_term_group" class="Tests_Term_WpGetObjectTerms" classname="Tests_Term_WpGetObjectTerms" file="/home/meng/Desktop/wptest/wordpress-develop/tests/phpunit/tests/term/wpGetObjectTerms.php" line="229" assertions="1" time="0.107026"/>
        <testcase name="test_orderby_term_order" class="Tests_Term_WpGetObjectTerms" classname="Tests_Term_WpGetObjectTerms" file="/home/meng/Desktop/wptest/wordpress-develop/tests/phpunit/tests/term/wpGetObjectTerms.php" line="268" assertions="1" time="0.103867"/>
        <testcase name="test_orderby_parent" class="Tests_Term_WpGetObjectTerms" classname="Tests_Term_WpGetObjectTerms" file="/home/meng/Desktop/wptest/wordpress-develop/tests/phpunit/tests/term/wpGetObjectTerms.php" line="335" assertions="1" time="0.108107"/>
        <testcase name="test_orderby_taxonomy" class="Tests_Term_WpGetObjectTerms" classname="Tests_Term_WpGetObjectTerms" file="/home/meng/Desktop/wptest/wordpress-develop/tests/phpunit/tests/term/wpGetObjectTerms.php" line="380" assertions="1" time="0.107398"/>
        <testcase name="test_orderby_tt_id" class="Tests_Term_WpGetObjectTerms" classname="Tests_Term_WpGetObjectTerms" file="/home/meng/Desktop/wptest/wordpress-develop/tests/phpunit/tests/term/wpGetObjectTerms.php" line="421" assertions="1" time="0.111323"/>
        <testcase name="test_order_desc" class="Tests_Term_WpGetObjectTerms" classname="Tests_Term_WpGetObjectTerms" file="/home/meng/Desktop/wptest/wordpress-develop/tests/phpunit/tests/term/wpGetObjectTerms.php" line="464" assertions="1" time="0.102067"/>
        <testcase name="test_parent" class="Tests_Term_WpGetObjectTerms" classname="Tests_Term_WpGetObjectTerms" file="/home/meng/Desktop/wptest/wordpress-develop/tests/phpunit/tests/term/wpGetObjectTerms.php" line="504" assertions="1" time="0.149334"/>
        <testcase name="test_parent_0" class="Tests_Term_WpGetObjectTerms" classname="Tests_Term_WpGetObjectTerms" file="/home/meng/Desktop/wptest/wordpress-develop/tests/phpunit/tests/term/wpGetObjectTerms.php" line="555" assertions="1" time="0.118136"/>
        <testcase name="test_termmeta_cache_should_be_primed_by_default" class="Tests_Term_WpGetObjectTerms" classname="Tests_Term_WpGetObjectTerms" file="/home/meng/Desktop/wptest/wordpress-develop/tests/phpunit/tests/term/wpGetObjectTerms.php" line="598" assertions="4" time="0.115579"/>
        <testcase name="test_termmeta_cache_should_not_be_primed_when_update_term_meta_cache_is_false" class="Tests_Term_WpGetObjectTerms" classname="Tests_Term_WpGetObjectTerms" file="/home/meng/Desktop/wptest/wordpress-develop/tests/phpunit/tests/term/wpGetObjectTerms.php" line="624" assertions="4" time="0.118746"/>
        <testcase name="test_termmeta_cache_should_be_primed_when_fields_is_all_with_object_id" class="Tests_Term_WpGetObjectTerms" classname="Tests_Term_WpGetObjectTerms" file="/home/meng/Desktop/wptest/wordpress-develop/tests/phpunit/tests/term/wpGetObjectTerms.php" line="656" assertions="4" time="0.114592"/>
        <testcase name="test_termmeta_cache_should_be_primed_when_fields_is_ids" class="Tests_Term_WpGetObjectTerms" classname="Tests_Term_WpGetObjectTerms" file="/home/meng/Desktop/wptest/wordpress-develop/tests/phpunit/tests/term/wpGetObjectTerms.php" line="689" assertions="4" time="0.107387"/>
        <testcase name="test_meta_query" class="Tests_Term_WpGetObjectTerms" classname="Tests_Term_WpGetObjectTerms" file="/home/meng/Desktop/wptest/wordpress-develop/tests/phpunit/tests/term/wpGetObjectTerms.php" line="722" assertions="1" time="0.123460"/>
        <testcase name="test_should_return_wp_term_objects_for_fields_all" class="Tests_Term_WpGetObjectTerms" classname="Tests_Term_WpGetObjectTerms" file="/home/meng/Desktop/wptest/wordpress-develop/tests/phpunit/tests/term/wpGetObjectTerms.php" line="752" assertions="2" time="0.083116"/>
        <testcase name="test_should_return_wp_term_objects_for_fields_all_with_object_id" class="Tests_Term_WpGetObjectTerms" classname="Tests_Term_WpGetObjectTerms" file="/home/meng/Desktop/wptest/wordpress-develop/tests/phpunit/tests/term/wpGetObjectTerms.php" line="775" assertions="2" time="0.084358"/>
        <testcase name="test_should_prime_cache_for_found_terms" class="Tests_Term_WpGetObjectTerms" classname="Tests_Term_WpGetObjectTerms" file="/home/meng/Desktop/wptest/wordpress-develop/tests/phpunit/tests/term/wpGetObjectTerms.php" line="798" assertions="1" time="0.081650"/>
        <testcase name="test_object_id_should_not_be_cached_with_term_object" class="Tests_Term_WpGetObjectTerms" classname="Tests_Term_WpGetObjectTerms" file="/home/meng/Desktop/wptest/wordpress-develop/tests/phpunit/tests/term/wpGetObjectTerms.php" line="822" assertions="2" time="0.082336"/>
        <testcase name="test_term_cache_should_be_primed_for_all_taxonomies" class="Tests_Term_WpGetObjectTerms" classname="Tests_Term_WpGetObjectTerms" file="/home/meng/Desktop/wptest/wordpress-develop/tests/phpunit/tests/term/wpGetObjectTerms.php" line="847" assertions="2" time="0.097455"/>
        <testcase name="test_object_id_should_be_set_on_objects_that_share_terms" class="Tests_Term_WpGetObjectTerms" classname="Tests_Term_WpGetObjectTerms" file="/home/meng/Desktop/wptest/wordpress-develop/tests/phpunit/tests/term/wpGetObjectTerms.php" line="880" assertions="1" time="0.111878"/>
        <testcase name="test_verify_args_parameter_can_be_string" class="Tests_Term_WpGetObjectTerms" classname="Tests_Term_WpGetObjectTerms" file="/home/meng/Desktop/wptest/wordpress-develop/tests/phpunit/tests/term/wpGetObjectTerms.php" line="904" assertions="1" time="0.104818"/>
        <testcase name="test_wp_get_object_terms_args_filter" class="Tests_Term_WpGetObjectTerms" classname="Tests_Term_WpGetObjectTerms" file="/home/meng/Desktop/wptest/wordpress-develop/tests/phpunit/tests/term/wpGetObjectTerms.php" line="936" assertions="2" time="0.106636"/>
        <testcase name="test_duplicate_terms_should_not_be_returned_when_passed_multiple_taxonomies_registered_with_args_array" class="Tests_Term_WpGetObjectTerms" classname="Tests_Term_WpGetObjectTerms" file="/home/meng/Desktop/wptest/wordpress-develop/tests/phpunit/tests/term/wpGetObjectTerms.php" line="964" assertions="1" time="0.096044"/>
      </testsuite>
      <testsuite name="Tests_Term_WpInsertTerm" file="/home/meng/Desktop/wptest/wordpress-develop/tests/phpunit/tests/term/wpInsertTerm.php" tests="36" assertions="116" errors="0" failures="0" skipped="0" time="3.364709">
        <testcase name="test_wp_insert_delete_term" class="Tests_Term_WpInsertTerm" classname="Tests_Term_WpInsertTerm" file="/home/meng/Desktop/wptest/wordpress-develop/tests/phpunit/tests/term/wpInsertTerm.php" line="19" assertions="19" time="0.112232"/>
        <testcase name="test_wp_insert_term_taxonomy_does_not_exist" class="Tests_Term_WpInsertTerm" classname="Tests_Term_WpInsertTerm" file="/home/meng/Desktop/wptest/wordpress-develop/tests/phpunit/tests/term/wpInsertTerm.php" line="49" assertions="2" time="0.086175"/>
        <testcase name="test_wp_insert_term_pre_insert_term_filter_returns_wp_error" class="Tests_Term_WpInsertTerm" classname="Tests_Term_WpInsertTerm" file="/home/meng/Desktop/wptest/wordpress-develop/tests/phpunit/tests/term/wpInsertTerm.php" line="56" assertions="2" time="0.068388"/>
        <testcase name="test_wp_insert_term_term_0" class="Tests_Term_WpInsertTerm" classname="Tests_Term_WpInsertTerm" file="/home/meng/Desktop/wptest/wordpress-develop/tests/phpunit/tests/term/wpInsertTerm.php" line="65" assertions="2" time="0.068025"/>
        <testcase name="test_wp_insert_term_term_trims_to_empty_string" class="Tests_Term_WpInsertTerm" classname="Tests_Term_WpInsertTerm" file="/home/meng/Desktop/wptest/wordpress-develop/tests/phpunit/tests/term/wpInsertTerm.php" line="72" assertions="2" time="0.068074"/>
        <testcase name="test_wp_insert_term_parent_does_not_exist" class="Tests_Term_WpInsertTerm" classname="Tests_Term_WpInsertTerm" file="/home/meng/Desktop/wptest/wordpress-develop/tests/phpunit/tests/term/wpInsertTerm.php" line="79" assertions="2" time="0.077046"/>
        <testcase name="test_wp_insert_term_unslash_name" class="Tests_Term_WpInsertTerm" classname="Tests_Term_WpInsertTerm" file="/home/meng/Desktop/wptest/wordpress-develop/tests/phpunit/tests/term/wpInsertTerm.php" line="92" assertions="1" time="0.074103"/>
        <testcase name="test_wp_insert_term_unslash_description" class="Tests_Term_WpInsertTerm" classname="Tests_Term_WpInsertTerm" file="/home/meng/Desktop/wptest/wordpress-develop/tests/phpunit/tests/term/wpInsertTerm.php" line="102" assertions="1" time="0.078159"/>
        <testcase name="test_wp_insert_term_parent_string" class="Tests_Term_WpInsertTerm" classname="Tests_Term_WpInsertTerm" file="/home/meng/Desktop/wptest/wordpress-develop/tests/phpunit/tests/term/wpInsertTerm.php" line="118" assertions="1" time="0.081059"/>
        <testcase name="test_wp_insert_term_slug_empty_string" class="Tests_Term_WpInsertTerm" classname="Tests_Term_WpInsertTerm" file="/home/meng/Desktop/wptest/wordpress-develop/tests/phpunit/tests/term/wpInsertTerm.php" line="135" assertions="1" time="0.076218"/>
        <testcase name="test_wp_insert_term_slug_whitespace_string" class="Tests_Term_WpInsertTerm" classname="Tests_Term_WpInsertTerm" file="/home/meng/Desktop/wptest/wordpress-develop/tests/phpunit/tests/term/wpInsertTerm.php" line="152" assertions="1" time="0.093546"/>
        <testcase name="test_wp_insert_term_slug_0" class="Tests_Term_WpInsertTerm" classname="Tests_Term_WpInsertTerm" file="/home/meng/Desktop/wptest/wordpress-develop/tests/phpunit/tests/term/wpInsertTerm.php" line="168" assertions="1" time="0.091371"/>
        <testcase name="test_wp_insert_term_duplicate_name" class="Tests_Term_WpInsertTerm" classname="Tests_Term_WpInsertTerm" file="/home/meng/Desktop/wptest/wordpress-develop/tests/phpunit/tests/term/wpInsertTerm.php" line="187" assertions="21" time="0.255002"/>
        <testcase name="test_wp_insert_term_should_not_allow_duplicate_names_when_slug_is_a_duplicate_of_the_same_term_in_non_hierarchical_taxonomy" class="Tests_Term_WpInsertTerm" classname="Tests_Term_WpInsertTerm" file="/home/meng/Desktop/wptest/wordpress-develop/tests/phpunit/tests/term/wpInsertTerm.php" line="263" assertions="2" time="0.079872"/>
        <testcase name="test_wp_insert_term_should_not_allow_duplicate_names_when_slug_is_a_duplicate_of_a_different_term_in_non_hierarchical_taxonomy" class="Tests_Term_WpInsertTerm" classname="Tests_Term_WpInsertTerm" file="/home/meng/Desktop/wptest/wordpress-develop/tests/phpunit/tests/term/wpInsertTerm.php" line="288" assertions="2" time="0.088187"/>
        <testcase name="test_wp_insert_term_should_allow_duplicate_names_when_a_unique_slug_has_been_provided_in_non_hierarchical_taxonomy" class="Tests_Term_WpInsertTerm" classname="Tests_Term_WpInsertTerm" file="/home/meng/Desktop/wptest/wordpress-develop/tests/phpunit/tests/term/wpInsertTerm.php" line="321" assertions="3" time="0.087436"/>
        <testcase name="test_wp_insert_term_should_not_allow_duplicate_names_when_the_slug_is_not_provided_in_non_hierarchical_taxonomy" class="Tests_Term_WpInsertTerm" classname="Tests_Term_WpInsertTerm" file="/home/meng/Desktop/wptest/wordpress-develop/tests/phpunit/tests/term/wpInsertTerm.php" line="349" assertions="2" time="0.082616"/>
        <testcase name="test_wp_insert_term_should_not_allow_duplicate_names_when_slug_is_a_duplicate_of_the_same_term_in_hierarchical_taxonomy" class="Tests_Term_WpInsertTerm" classname="Tests_Term_WpInsertTerm" file="/home/meng/Desktop/wptest/wordpress-develop/tests/phpunit/tests/term/wpInsertTerm.php" line="368" assertions="2" time="0.090622"/>
        <testcase name="test_wp_insert_term_should_not_allow_duplicate_names_when_slug_is_a_duplicate_of_a_different_term_at_same_hierarchy_level_in_hierarchical_taxonomy" class="Tests_Term_WpInsertTerm" classname="Tests_Term_WpInsertTerm" file="/home/meng/Desktop/wptest/wordpress-develop/tests/phpunit/tests/term/wpInsertTerm.php" line="393" assertions="2" time="0.094575"/>
        <testcase name="test_wp_insert_term_should_allow_duplicate_names_when_slug_is_a_duplicate_of_a_term_at_different_hierarchy_level_in_hierarchical_taxonomy" class="Tests_Term_WpInsertTerm" classname="Tests_Term_WpInsertTerm" file="/home/meng/Desktop/wptest/wordpress-develop/tests/phpunit/tests/term/wpInsertTerm.php" line="426" assertions="3" time="0.115595"/>
        <testcase name="test_duplicate_name_check_should_fail_when_no_slug_is_provided_even_when_slugs_would_not_clash" class="Tests_Term_WpInsertTerm" classname="Tests_Term_WpInsertTerm" file="/home/meng/Desktop/wptest/wordpress-develop/tests/phpunit/tests/term/wpInsertTerm.php" line="466" assertions="3" time="0.085073"/>
        <testcase name="test_error_should_reference_correct_term_when_rejected_as_duplicate" class="Tests_Term_WpInsertTerm" classname="Tests_Term_WpInsertTerm" file="/home/meng/Desktop/wptest/wordpress-develop/tests/phpunit/tests/term/wpInsertTerm.php" line="486" assertions="3" time="0.136001"/>
        <testcase name="test_wp_insert_term_should_allow_duplicate_names_when_a_unique_slug_has_been_provided_in_hierarchical_taxonomy" class="Tests_Term_WpInsertTerm" classname="Tests_Term_WpInsertTerm" file="/home/meng/Desktop/wptest/wordpress-develop/tests/phpunit/tests/term/wpInsertTerm.php" line="536" assertions="3" time="0.099584"/>
        <testcase name="test_wp_insert_term_should_not_allow_duplicate_names_when_the_slug_is_not_provided_in_hierarchical_taxonomy" class="Tests_Term_WpInsertTerm" classname="Tests_Term_WpInsertTerm" file="/home/meng/Desktop/wptest/wordpress-develop/tests/phpunit/tests/term/wpInsertTerm.php" line="564" assertions="2" time="0.082716"/>
        <testcase name="test_wp_insert_term_duplicate_slug_same_taxonomy" class="Tests_Term_WpInsertTerm" classname="Tests_Term_WpInsertTerm" file="/home/meng/Desktop/wptest/wordpress-develop/tests/phpunit/tests/term/wpInsertTerm.php" line="582" assertions="1" time="0.092965"/>
        <testcase name="test_wp_insert_term_duplicate_slug_different_taxonomy" class="Tests_Term_WpInsertTerm" classname="Tests_Term_WpInsertTerm" file="/home/meng/Desktop/wptest/wordpress-develop/tests/phpunit/tests/term/wpInsertTerm.php" line="611" assertions="2" time="0.089240"/>
        <testcase name="test_wp_insert_term_duplicate_slug_different_taxonomy_before_410_schema_change" class="Tests_Term_WpInsertTerm" classname="Tests_Term_WpInsertTerm" file="/home/meng/Desktop/wptest/wordpress-develop/tests/phpunit/tests/term/wpInsertTerm.php" line="644" assertions="3" time="0.091732"/>
        <testcase name="test_wp_insert_term_alias_of_no_term_group" class="Tests_Term_WpInsertTerm" classname="Tests_Term_WpInsertTerm" file="/home/meng/Desktop/wptest/wordpress-develop/tests/phpunit/tests/term/wpInsertTerm.php" line="682" assertions="3" time="0.096843"/>
        <testcase name="test_wp_insert_term_alias_of_existing_term_group" class="Tests_Term_WpInsertTerm" classname="Tests_Term_WpInsertTerm" file="/home/meng/Desktop/wptest/wordpress-develop/tests/phpunit/tests/term/wpInsertTerm.php" line="710" assertions="2" time="0.109451"/>
        <testcase name="test_wp_insert_term_alias_of_nonexistent_term" class="Tests_Term_WpInsertTerm" classname="Tests_Term_WpInsertTerm" file="/home/meng/Desktop/wptest/wordpress-develop/tests/phpunit/tests/term/wpInsertTerm.php" line="741" assertions="1" time="0.092148"/>
        <testcase name="test_wp_insert_term_should_not_create_shared_term" class="Tests_Term_WpInsertTerm" classname="Tests_Term_WpInsertTerm" file="/home/meng/Desktop/wptest/wordpress-develop/tests/phpunit/tests/term/wpInsertTerm.php" line="759" assertions="1" time="0.089101"/>
        <testcase name="test_wp_insert_term_should_return_term_id_and_term_taxonomy_id" class="Tests_Term_WpInsertTerm" classname="Tests_Term_WpInsertTerm" file="/home/meng/Desktop/wptest/wordpress-develop/tests/phpunit/tests/term/wpInsertTerm.php" line="769" assertions="6" time="0.085839"/>
        <testcase name="test_wp_insert_term_should_clean_term_cache" class="Tests_Term_WpInsertTerm" classname="Tests_Term_WpInsertTerm" file="/home/meng/Desktop/wptest/wordpress-develop/tests/phpunit/tests/term/wpInsertTerm.php" line="787" assertions="4" time="0.091341"/>
        <testcase name="test_wp_insert_term_with_and_without_accents" class="Tests_Term_WpInsertTerm" classname="Tests_Term_WpInsertTerm" file="/home/meng/Desktop/wptest/wordpress-develop/tests/phpunit/tests/term/wpInsertTerm.php" line="831" assertions="5" time="0.089812"/>
        <testcase name="test_term_whose_slug_matches_existing_term_but_name_does_not_should_get_suffixed_slug" class="Tests_Term_WpInsertTerm" classname="Tests_Term_WpInsertTerm" file="/home/meng/Desktop/wptest/wordpress-develop/tests/phpunit/tests/term/wpInsertTerm.php" line="860" assertions="3" time="0.086022"/>
        <testcase name="test_wp_insert_term_with_null_description" class="Tests_Term_WpInsertTerm" classname="Tests_Term_WpInsertTerm" file="/home/meng/Desktop/wptest/wordpress-develop/tests/phpunit/tests/term/wpInsertTerm.php" line="882" assertions="2" time="0.078541"/>
      </testsuite>
      <testsuite name="Tests_Term_WpRemoveObjectTerms" file="/home/meng/Desktop/wptest/wordpress-develop/tests/phpunit/tests/term/wpRemoveObjectTerms.php" tests="1" assertions="1" errors="0" failures="0" skipped="0" time="0.082858">
        <testcase name="test_removal_should_delete_object_relationship_cache" class="Tests_Term_WpRemoveObjectTerms" classname="Tests_Term_WpRemoveObjectTerms" file="/home/meng/Desktop/wptest/wordpress-develop/tests/phpunit/tests/term/wpRemoveObjectTerms.php" line="10" assertions="1" time="0.082858"/>
      </testsuite>
      <testsuite name="Tests_Term_WpSetObjectTerms" file="/home/meng/Desktop/wptest/wordpress-develop/tests/phpunit/tests/term/wpSetObjectTerms.php" tests="14" assertions="81" errors="0" failures="0" skipped="0" time="1.188003">
        <testcase name="test_set_object_terms" class="Tests_Term_WpSetObjectTerms" classname="Tests_Term_WpSetObjectTerms" file="/home/meng/Desktop/wptest/wordpress-develop/tests/phpunit/tests/term/wpSetObjectTerms.php" line="17" assertions="16" time="0.178848"/>
        <testcase name="test_set_object_terms_by_id" class="Tests_Term_WpSetObjectTerms" classname="Tests_Term_WpSetObjectTerms" file="/home/meng/Desktop/wptest/wordpress-develop/tests/phpunit/tests/term/wpSetObjectTerms.php" line="102" assertions="14" time="0.126800"/>
        <testcase name="test_set_object_terms_by_name" class="Tests_Term_WpSetObjectTerms" classname="Tests_Term_WpSetObjectTerms" file="/home/meng/Desktop/wptest/wordpress-develop/tests/phpunit/tests/term/wpSetObjectTerms.php" line="132" assertions="11" time="0.156273"/>
        <testcase name="test_set_object_terms_invalid" class="Tests_Term_WpSetObjectTerms" classname="Tests_Term_WpSetObjectTerms" file="/home/meng/Desktop/wptest/wordpress-develop/tests/phpunit/tests/term/wpSetObjectTerms.php" line="165" assertions="1" time="0.042662"/>
        <testcase name="test_wp_set_object_terms_append_true" class="Tests_Term_WpSetObjectTerms" classname="Tests_Term_WpSetObjectTerms" file="/home/meng/Desktop/wptest/wordpress-develop/tests/phpunit/tests/term/wpSetObjectTerms.php" line="171" assertions="4" time="0.067018"/>
        <testcase name="test_wp_set_object_terms_append_false" class="Tests_Term_WpSetObjectTerms" classname="Tests_Term_WpSetObjectTerms" file="/home/meng/Desktop/wptest/wordpress-develop/tests/phpunit/tests/term/wpSetObjectTerms.php" line="196" assertions="4" time="0.070924"/>
        <testcase name="test_wp_set_object_terms_append_default_to_false" class="Tests_Term_WpSetObjectTerms" classname="Tests_Term_WpSetObjectTerms" file="/home/meng/Desktop/wptest/wordpress-develop/tests/phpunit/tests/term/wpSetObjectTerms.php" line="221" assertions="4" time="0.071159"/>
        <testcase name="test_change_object_terms_by_id" class="Tests_Term_WpSetObjectTerms" classname="Tests_Term_WpSetObjectTerms" file="/home/meng/Desktop/wptest/wordpress-develop/tests/phpunit/tests/term/wpSetObjectTerms.php" line="249" assertions="8" time="0.098995"/>
        <testcase name="test_change_object_terms_by_name" class="Tests_Term_WpSetObjectTerms" classname="Tests_Term_WpSetObjectTerms" file="/home/meng/Desktop/wptest/wordpress-develop/tests/phpunit/tests/term/wpSetObjectTerms.php" line="307" assertions="5" time="0.102221"/>
        <testcase name="test_should_create_term_that_does_not_exist" class="Tests_Term_WpSetObjectTerms" classname="Tests_Term_WpSetObjectTerms" file="/home/meng/Desktop/wptest/wordpress-develop/tests/phpunit/tests/term/wpSetObjectTerms.php" line="348" assertions="4" time="0.057917"/>
        <testcase name="test_should_find_existing_term_by_slug_match" class="Tests_Term_WpSetObjectTerms" classname="Tests_Term_WpSetObjectTerms" file="/home/meng/Desktop/wptest/wordpress-develop/tests/phpunit/tests/term/wpSetObjectTerms.php" line="361" assertions="3" time="0.055533"/>
        <testcase name="test_should_find_existing_term_by_name_match" class="Tests_Term_WpSetObjectTerms" classname="Tests_Term_WpSetObjectTerms" file="/home/meng/Desktop/wptest/wordpress-develop/tests/phpunit/tests/term/wpSetObjectTerms.php" line="380" assertions="3" time="0.054644"/>
        <testcase name="test_should_give_precedence_to_slug_match_over_name_match" class="Tests_Term_WpSetObjectTerms" classname="Tests_Term_WpSetObjectTerms" file="/home/meng/Desktop/wptest/wordpress-develop/tests/phpunit/tests/term/wpSetObjectTerms.php" line="399" assertions="3" time="0.062003"/>
        <testcase name="test_non_existent_integers_should_be_ignored" class="Tests_Term_WpSetObjectTerms" classname="Tests_Term_WpSetObjectTerms" file="/home/meng/Desktop/wptest/wordpress-develop/tests/phpunit/tests/term/wpSetObjectTerms.php" line="426" assertions="1" time="0.043006"/>
      </testsuite>
      <testsuite name="Tests_WP_Taxonomy" file="/home/meng/Desktop/wptest/wordpress-develop/tests/phpunit/tests/term/wpTaxonomy.php" tests="5" assertions="12" errors="0" failures="0" skipped="0" time="0.240114">
        <testcase name="test_instances" class="Tests_WP_Taxonomy" classname="Tests_WP_Taxonomy" file="/home/meng/Desktop/wptest/wordpress-develop/tests/phpunit/tests/term/wpTaxonomy.php" line="7" assertions="5" time="0.038245"/>
        <testcase name="test_does_not_add_query_var_if_not_public" class="Tests_WP_Taxonomy" classname="Tests_WP_Taxonomy" file="/home/meng/Desktop/wptest/wordpress-develop/tests/phpunit/tests/term/wpTaxonomy.php" line="15" assertions="1" time="0.050173"/>
        <testcase name="test_adds_query_var_if_public" class="Tests_WP_Taxonomy" classname="Tests_WP_Taxonomy" file="/home/meng/Desktop/wptest/wordpress-develop/tests/phpunit/tests/term/wpTaxonomy.php" line="28" assertions="2" time="0.055832"/>
        <testcase name="test_adds_rewrite_rules" class="Tests_WP_Taxonomy" classname="Tests_WP_Taxonomy" file="/home/meng/Desktop/wptest/wordpress-develop/tests/phpunit/tests/term/wpTaxonomy.php" line="55" assertions="2" time="0.052458"/>
        <testcase name="test_adds_ajax_callback" class="Tests_WP_Taxonomy" classname="Tests_WP_Taxonomy" file="/home/meng/Desktop/wptest/wordpress-develop/tests/phpunit/tests/term/wpTaxonomy.php" line="81" assertions="2" time="0.043406"/>
      </testsuite>
      <testsuite name="Tests_Term_WpTerm" file="/home/meng/Desktop/wptest/wordpress-develop/tests/phpunit/tests/term/wpTerm.php" tests="5" assertions="5" errors="0" failures="0" skipped="0" time="0.205716">
        <testcase name="test_get_instance_should_work_for_numeric_string" class="Tests_Term_WpTerm" classname="Tests_Term_WpTerm" file="/home/meng/Desktop/wptest/wordpress-develop/tests/phpunit/tests/term/wpTerm.php" line="45" assertions="1" time="0.040268"/>
        <testcase name="test_get_instance_should_fail_for_negative_number" class="Tests_Term_WpTerm" classname="Tests_Term_WpTerm" file="/home/meng/Desktop/wptest/wordpress-develop/tests/phpunit/tests/term/wpTerm.php" line="54" assertions="1" time="0.039117"/>
        <testcase name="test_get_instance_should_fail_for_non_numeric_string" class="Tests_Term_WpTerm" classname="Tests_Term_WpTerm" file="/home/meng/Desktop/wptest/wordpress-develop/tests/phpunit/tests/term/wpTerm.php" line="63" assertions="1" time="0.038160"/>
        <testcase name="test_get_instance_should_succeed_for_float_that_is_equal_to_post_id" class="Tests_Term_WpTerm" classname="Tests_Term_WpTerm" file="/home/meng/Desktop/wptest/wordpress-develop/tests/phpunit/tests/term/wpTerm.php" line="72" assertions="1" time="0.043473"/>
        <testcase name="test_get_instance_should_respect_taxonomy_when_term_id_is_found_in_cache" class="Tests_Term_WpTerm" classname="Tests_Term_WpTerm" file="/home/meng/Desktop/wptest/wordpress-develop/tests/phpunit/tests/term/wpTerm.php" line="81" assertions="1" time="0.044698"/>
      </testsuite>
      <testsuite name="Tests_Term_WpUniqueTermSlug" file="/home/meng/Desktop/wptest/wordpress-develop/tests/phpunit/tests/term/wpUniqueTermSlug.php" tests="6" assertions="6" errors="0" failures="0" skipped="0" time="0.436842">
        <testcase name="test_unique_slug_should_be_unchanged" class="Tests_Term_WpUniqueTermSlug" classname="Tests_Term_WpUniqueTermSlug" file="/home/meng/Desktop/wptest/wordpress-develop/tests/phpunit/tests/term/wpUniqueTermSlug.php" line="13" assertions="1" time="0.055134"/>
        <testcase name="test_nonunique_slug_in_different_taxonomy_should_be_unchanged" class="Tests_Term_WpUniqueTermSlug" classname="Tests_Term_WpUniqueTermSlug" file="/home/meng/Desktop/wptest/wordpress-develop/tests/phpunit/tests/term/wpUniqueTermSlug.php" line="26" assertions="1" time="0.066523"/>
        <testcase name="test_nonunique_slug_in_same_nonhierarchical_taxonomy_should_be_changed" class="Tests_Term_WpUniqueTermSlug" classname="Tests_Term_WpUniqueTermSlug" file="/home/meng/Desktop/wptest/wordpress-develop/tests/phpunit/tests/term/wpUniqueTermSlug.php" line="48" assertions="1" time="0.065666"/>
        <testcase name="test_nonunique_slug_in_same_hierarchical_taxonomy_with_same_parent_should_be_suffixed_with_parent_slug" class="Tests_Term_WpUniqueTermSlug" classname="Tests_Term_WpUniqueTermSlug" file="/home/meng/Desktop/wptest/wordpress-develop/tests/phpunit/tests/term/wpUniqueTermSlug.php" line="70" assertions="1" time="0.087703"/>
        <testcase name="test_nonunique_slug_in_same_hierarchical_taxonomy_at_different_level_of_hierarchy_should_be_suffixed_with_number" class="Tests_Term_WpUniqueTermSlug" classname="Tests_Term_WpUniqueTermSlug" file="/home/meng/Desktop/wptest/wordpress-develop/tests/phpunit/tests/term/wpUniqueTermSlug.php" line="101" assertions="1" time="0.075907"/>
        <testcase name="test_duplicate_parent_suffixed_slug_should_get_numeric_suffix" class="Tests_Term_WpUniqueTermSlug" classname="Tests_Term_WpUniqueTermSlug" file="/home/meng/Desktop/wptest/wordpress-develop/tests/phpunit/tests/term/wpUniqueTermSlug.php" line="134" assertions="1" time="0.085909"/>
      </testsuite>
      <testsuite name="Tests_Term_WpUpdateTerm" file="/home/meng/Desktop/wptest/wordpress-develop/tests/phpunit/tests/term/wpUpdateTerm.php" tests="27" assertions="56" errors="0" failures="0" skipped="0" time="1.851094">
        <testcase name="test_wp_update_term_taxonomy_does_not_exist" class="Tests_Term_WpUpdateTerm" classname="Tests_Term_WpUpdateTerm" file="/home/meng/Desktop/wptest/wordpress-develop/tests/phpunit/tests/term/wpUpdateTerm.php" line="7" assertions="2" time="0.036571"/>
        <testcase name="test_wp_update_term_term_empty_string_should_return_wp_error" class="Tests_Term_WpUpdateTerm" classname="Tests_Term_WpUpdateTerm" file="/home/meng/Desktop/wptest/wordpress-develop/tests/phpunit/tests/term/wpUpdateTerm.php" line="14" assertions="2" time="0.038467"/>
        <testcase name="test_wp_update_term_unslash_name" class="Tests_Term_WpUpdateTerm" classname="Tests_Term_WpUpdateTerm" file="/home/meng/Desktop/wptest/wordpress-develop/tests/phpunit/tests/term/wpUpdateTerm.php" line="21" assertions="1" time="0.058290"/>
        <testcase name="test_wp_update_term_unslash_description" class="Tests_Term_WpUpdateTerm" classname="Tests_Term_WpUpdateTerm" file="/home/meng/Desktop/wptest/wordpress-develop/tests/phpunit/tests/term/wpUpdateTerm.php" line="43" assertions="1" time="0.058597"/>
        <testcase name="test_wp_update_term_name_empty_string" class="Tests_Term_WpUpdateTerm" classname="Tests_Term_WpUpdateTerm" file="/home/meng/Desktop/wptest/wordpress-develop/tests/phpunit/tests/term/wpUpdateTerm.php" line="65" assertions="2" time="0.053474"/>
        <testcase name="test_wp_update_term_parent_does_not_exist" class="Tests_Term_WpUpdateTerm" classname="Tests_Term_WpUpdateTerm" file="/home/meng/Desktop/wptest/wordpress-develop/tests/phpunit/tests/term/wpUpdateTerm.php" line="89" assertions="4" time="0.053588"/>
        <testcase name="test_wp_update_term_slug_empty_string_while_not_updating_name" class="Tests_Term_WpUpdateTerm" classname="Tests_Term_WpUpdateTerm" file="/home/meng/Desktop/wptest/wordpress-develop/tests/phpunit/tests/term/wpUpdateTerm.php" line="122" assertions="1" time="0.057212"/>
        <testcase name="test_wp_update_term_slug_empty_string_while_updating_name" class="Tests_Term_WpUpdateTerm" classname="Tests_Term_WpUpdateTerm" file="/home/meng/Desktop/wptest/wordpress-develop/tests/phpunit/tests/term/wpUpdateTerm.php" line="144" assertions="1" time="0.070369"/>
        <testcase name="test_wp_update_term_slug_set_slug" class="Tests_Term_WpUpdateTerm" classname="Tests_Term_WpUpdateTerm" file="/home/meng/Desktop/wptest/wordpress-develop/tests/phpunit/tests/term/wpUpdateTerm.php" line="166" assertions="1" time="0.064912"/>
        <testcase name="test_wp_update_term_should_not_create_duplicate_slugs_within_the_same_taxonomy" class="Tests_Term_WpUpdateTerm" classname="Tests_Term_WpUpdateTerm" file="/home/meng/Desktop/wptest/wordpress-develop/tests/phpunit/tests/term/wpUpdateTerm.php" line="190" assertions="2" time="0.062291"/>
        <testcase name="test_wp_update_term_should_allow_duplicate_slugs_in_different_taxonomy" class="Tests_Term_WpUpdateTerm" classname="Tests_Term_WpUpdateTerm" file="/home/meng/Desktop/wptest/wordpress-develop/tests/phpunit/tests/term/wpUpdateTerm.php" line="224" assertions="2" time="0.068547"/>
        <testcase name="test_wp_update_term_should_allow_duplicate_names_in_different_taxonomies" class="Tests_Term_WpUpdateTerm" classname="Tests_Term_WpUpdateTerm" file="/home/meng/Desktop/wptest/wordpress-develop/tests/phpunit/tests/term/wpUpdateTerm.php" line="262" assertions="2" time="0.063387"/>
        <testcase name="test_wp_update_term_should_allow_duplicate_names_at_different_levels_of_the_same_taxonomy" class="Tests_Term_WpUpdateTerm" classname="Tests_Term_WpUpdateTerm" file="/home/meng/Desktop/wptest/wordpress-develop/tests/phpunit/tests/term/wpUpdateTerm.php" line="299" assertions="2" time="0.088347"/>
        <testcase name="test_wp_update_term_should_split_shared_term" class="Tests_Term_WpUpdateTerm" classname="Tests_Term_WpUpdateTerm" file="/home/meng/Desktop/wptest/wordpress-develop/tests/phpunit/tests/term/wpUpdateTerm.php" line="351" assertions="2" time="0.142524"/>
        <testcase name="test_wp_update_term_alias_of_no_term_group" class="Tests_Term_WpUpdateTerm" classname="Tests_Term_WpUpdateTerm" file="/home/meng/Desktop/wptest/wordpress-develop/tests/phpunit/tests/term/wpUpdateTerm.php" line="391" assertions="3" time="0.077187"/>
        <testcase name="test_wp_update_term_alias_of_existing_term_group" class="Tests_Term_WpUpdateTerm" classname="Tests_Term_WpUpdateTerm" file="/home/meng/Desktop/wptest/wordpress-develop/tests/phpunit/tests/term/wpUpdateTerm.php" line="418" assertions="2" time="0.086597"/>
        <testcase name="test_wp_update_term_alias_of_nonexistent_term" class="Tests_Term_WpUpdateTerm" classname="Tests_Term_WpUpdateTerm" file="/home/meng/Desktop/wptest/wordpress-develop/tests/phpunit/tests/term/wpUpdateTerm.php" line="450" assertions="1" time="0.064642"/>
        <testcase name="test_wp_update_term_slug_same_as_old_slug" class="Tests_Term_WpUpdateTerm" classname="Tests_Term_WpUpdateTerm" file="/home/meng/Desktop/wptest/wordpress-develop/tests/phpunit/tests/term/wpUpdateTerm.php" line="466" assertions="2" time="0.065602"/>
        <testcase name="test_wp_update_term_duplicate_slug_generated_due_to_empty_slug_param" class="Tests_Term_WpUpdateTerm" classname="Tests_Term_WpUpdateTerm" file="/home/meng/Desktop/wptest/wordpress-develop/tests/phpunit/tests/term/wpUpdateTerm.php" line="490" assertions="2" time="0.069267"/>
        <testcase name="test_wp_update_term_duplicate_slug_with_changed_parent" class="Tests_Term_WpUpdateTerm" classname="Tests_Term_WpUpdateTerm" file="/home/meng/Desktop/wptest/wordpress-develop/tests/phpunit/tests/term/wpUpdateTerm.php" line="521" assertions="2" time="0.090423"/>
        <testcase name="test_wp_update_term_duplicate_slug_failure" class="Tests_Term_WpUpdateTerm" classname="Tests_Term_WpUpdateTerm" file="/home/meng/Desktop/wptest/wordpress-develop/tests/phpunit/tests/term/wpUpdateTerm.php" line="563" assertions="3" time="0.061831"/>
        <testcase name="test_wp_update_term_should_return_term_id_and_term_taxonomy_id" class="Tests_Term_WpUpdateTerm" classname="Tests_Term_WpUpdateTerm" file="/home/meng/Desktop/wptest/wordpress-develop/tests/phpunit/tests/term/wpUpdateTerm.php" line="594" assertions="6" time="0.065532"/>
        <testcase name="test_wp_update_term_should_return_int_values_for_term_id_and_term_taxonomy_id" class="Tests_Term_WpUpdateTerm" classname="Tests_Term_WpUpdateTerm" file="/home/meng/Desktop/wptest/wordpress-develop/tests/phpunit/tests/term/wpUpdateTerm.php" line="626" assertions="2" time="0.056489"/>
        <testcase name="test_wp_update_term_should_clean_term_cache" class="Tests_Term_WpUpdateTerm" classname="Tests_Term_WpUpdateTerm" file="/home/meng/Desktop/wptest/wordpress-develop/tests/phpunit/tests/term/wpUpdateTerm.php" line="645" assertions="4" time="0.079773"/>
        <testcase name="test_wp_update_term_should_assign_new_slug_when_reassigning_parent_as_long_as_there_is_no_other_term_with_the_same_slug" class="Tests_Term_WpUpdateTerm" classname="Tests_Term_WpUpdateTerm" file="/home/meng/Desktop/wptest/wordpress-develop/tests/phpunit/tests/term/wpUpdateTerm.php" line="694" assertions="1" time="0.079947"/>
        <testcase name="test_wp_update_term_should_not_assign_new_slug_when_reassigning_parent_as_long_as_there_is_no_other_slug_conflict_within_the_taxonomy" class="Tests_Term_WpUpdateTerm" classname="Tests_Term_WpUpdateTerm" file="/home/meng/Desktop/wptest/wordpress-develop/tests/phpunit/tests/term/wpUpdateTerm.php" line="742" assertions="1" time="0.086867"/>
        <testcase name="test_wp_update_term_with_null_get_term" class="Tests_Term_WpUpdateTerm" classname="Tests_Term_WpUpdateTerm" file="/home/meng/Desktop/wptest/wordpress-develop/tests/phpunit/tests/term/wpUpdateTerm.php" line="798" assertions="2" time="0.050361"/>
      </testsuite>
      <testsuite name="Tests_Theme" file="/home/meng/Desktop/wptest/wordpress-develop/tests/phpunit/tests/theme.php" tests="29" assertions="1932" errors="0" failures="0" skipped="1" time="2.356709">
        <testcase name="test_wp_get_themes_default" class="Tests_Theme" classname="Tests_Theme" file="/home/meng/Desktop/wptest/wordpress-develop/tests/phpunit/tests/theme.php" line="50" assertions="4" time="0.061048"/>
        <testcase name="test_get_themes_default" class="Tests_Theme" classname="Tests_Theme" file="/home/meng/Desktop/wptest/wordpress-develop/tests/phpunit/tests/theme.php" line="64" assertions="6" time="0.053930"/>
        <testcase name="test_get_theme" class="Tests_Theme" classname="Tests_Theme" file="/home/meng/Desktop/wptest/wordpress-develop/tests/phpunit/tests/theme.php" line="78" assertions="34" time="0.060526"/>
        <testcase name="test_wp_get_theme" class="Tests_Theme" classname="Tests_Theme" file="/home/meng/Desktop/wptest/wordpress-develop/tests/phpunit/tests/theme.php" line="89" assertions="44" time="0.122039"/>
        <testcase name="test_get_themes_contents" class="Tests_Theme" classname="Tests_Theme" file="/home/meng/Desktop/wptest/wordpress-develop/tests/phpunit/tests/theme.php" line="104" assertions="974" time="0.142481"/>
        <testcase name="test_wp_get_theme_contents" class="Tests_Theme" classname="Tests_Theme" file="/home/meng/Desktop/wptest/wordpress-develop/tests/phpunit/tests/theme.php" line="173" assertions="13" time="0.054194"/>
        <testcase name="test_default_theme_in_default_theme_list" class="Tests_Theme" classname="Tests_Theme" file="/home/meng/Desktop/wptest/wordpress-develop/tests/phpunit/tests/theme.php" line="198" assertions="1" time="0.050742"/>
        <testcase name="test_default_themes_have_textdomain" class="Tests_Theme" classname="Tests_Theme" file="/home/meng/Desktop/wptest/wordpress-develop/tests/phpunit/tests/theme.php" line="206" assertions="11" time="0.052873"/>
        <testcase name="test_year_in_readme" class="Tests_Theme" classname="Tests_Theme" file="/home/meng/Desktop/wptest/wordpress-develop/tests/phpunit/tests/theme.php" line="217" assertions="0" time="0.055004">
          <skipped/>
        </testcase>
        <testcase name="test_extra_theme_headers" class="Tests_Theme" classname="Tests_Theme" file="/home/meng/Desktop/wptest/wordpress-develop/tests/phpunit/tests/theme.php" line="245" assertions="7" time="0.053142"/>
        <testcase name="test_switch_theme" class="Tests_Theme" classname="Tests_Theme" file="/home/meng/Desktop/wptest/wordpress-develop/tests/phpunit/tests/theme.php" line="265" assertions="793" time="0.448384"/>
        <testcase name="test_switch_theme_bogus" class="Tests_Theme" classname="Tests_Theme" file="/home/meng/Desktop/wptest/wordpress-develop/tests/phpunit/tests/theme.php" line="336" assertions="5" time="0.053981"/>
        <testcase name="test_wp_keep_alive_customize_changeset_dependent_auto_drafts" class="Tests_Theme" classname="Tests_Theme" file="/home/meng/Desktop/wptest/wordpress-develop/tests/phpunit/tests/theme.php" line="358" assertions="10" time="0.327835"/>
        <testcase name="test_register_theme_support_defaults" class="Tests_Theme" classname="Tests_Theme" file="/home/meng/Desktop/wptest/wordpress-develop/tests/phpunit/tests/theme.php" line="423" assertions="2" time="0.051759"/>
        <testcase name="test_register_theme_support_explicit" class="Tests_Theme" classname="Tests_Theme" file="/home/meng/Desktop/wptest/wordpress-develop/tests/phpunit/tests/theme.php" line="439" assertions="4" time="0.050887"/>
        <testcase name="test_register_theme_support_upgrades_show_in_rest" class="Tests_Theme" classname="Tests_Theme" file="/home/meng/Desktop/wptest/wordpress-develop/tests/phpunit/tests/theme.php" line="465" assertions="1" time="0.050163"/>
        <testcase name="test_register_theme_support_fills_schema" class="Tests_Theme" classname="Tests_Theme" file="/home/meng/Desktop/wptest/wordpress-develop/tests/phpunit/tests/theme.php" line="485" assertions="1" time="0.051048"/>
        <testcase name="test_register_theme_support_does_not_add_boolean_type_if_non_bool_default" class="Tests_Theme" classname="Tests_Theme" file="/home/meng/Desktop/wptest/wordpress-develop/tests/phpunit/tests/theme.php" line="519" assertions="1" time="0.050769"/>
        <testcase name="test_register_theme_support_defaults_additional_properties_to_false" class="Tests_Theme" classname="Tests_Theme" file="/home/meng/Desktop/wptest/wordpress-develop/tests/phpunit/tests/theme.php" line="542" assertions="2" time="0.052980"/>
        <testcase name="test_register_theme_support_with_additional_properties" class="Tests_Theme" classname="Tests_Theme" file="/home/meng/Desktop/wptest/wordpress-develop/tests/phpunit/tests/theme.php" line="569" assertions="1" time="0.050344"/>
        <testcase name="test_register_theme_support_defaults_additional_properties_to_false_in_array" class="Tests_Theme" classname="Tests_Theme" file="/home/meng/Desktop/wptest/wordpress-develop/tests/phpunit/tests/theme.php" line="597" assertions="2" time="0.049978"/>
        <testsuite name="Tests_Theme::test_register_theme_support_validation" tests="8" assertions="16" errors="0" failures="0" skipped="0" time="0.412603">
          <testcase name="test_register_theme_support_validation with data set #0" class="Tests_Theme" classname="Tests_Theme" file="/home/meng/Desktop/wptest/wordpress-develop/tests/phpunit/tests/theme.php" line="632" assertions="2" time="0.051181"/>
          <testcase name="test_register_theme_support_validation with data set #1" class="Tests_Theme" classname="Tests_Theme" file="/home/meng/Desktop/wptest/wordpress-develop/tests/phpunit/tests/theme.php" line="632" assertions="2" time="0.052437"/>
          <testcase name="test_register_theme_support_validation with data set #2" class="Tests_Theme" classname="Tests_Theme" file="/home/meng/Desktop/wptest/wordpress-develop/tests/phpunit/tests/theme.php" line="632" assertions="2" time="0.048194"/>
          <testcase name="test_register_theme_support_validation with data set #3" class="Tests_Theme" classname="Tests_Theme" file="/home/meng/Desktop/wptest/wordpress-develop/tests/phpunit/tests/theme.php" line="632" assertions="2" time="0.051037"/>
          <testcase name="test_register_theme_support_validation with data set #4" class="Tests_Theme" classname="Tests_Theme" file="/home/meng/Desktop/wptest/wordpress-develop/tests/phpunit/tests/theme.php" line="632" assertions="2" time="0.054112"/>
          <testcase name="test_register_theme_support_validation with data set #5" class="Tests_Theme" classname="Tests_Theme" file="/home/meng/Desktop/wptest/wordpress-develop/tests/phpunit/tests/theme.php" line="632" assertions="2" time="0.052337"/>
          <testcase name="test_register_theme_support_validation with data set #6" class="Tests_Theme" classname="Tests_Theme" file="/home/meng/Desktop/wptest/wordpress-develop/tests/phpunit/tests/theme.php" line="632" assertions="2" time="0.053408"/>
          <testcase name="test_register_theme_support_validation with data set #7" class="Tests_Theme" classname="Tests_Theme" file="/home/meng/Desktop/wptest/wordpress-develop/tests/phpunit/tests/theme.php" line="632" assertions="2" time="0.049897"/>
        </testsuite>
      </testsuite>
      <testsuite name="Tests_Theme_WPTheme" file="/home/meng/Desktop/wptest/wordpress-develop/tests/phpunit/tests/theme/WPTheme.php" tests="7" assertions="45" errors="0" failures="0" skipped="0" time="0.375253">
        <testcase name="test_new_WP_Theme_top_level" class="Tests_Theme_WPTheme" classname="Tests_Theme_WPTheme" file="/home/meng/Desktop/wptest/wordpress-develop/tests/phpunit/tests/theme/WPTheme.php" line="35" assertions="11" time="0.056211"/>
        <testcase name="test_new_WP_Theme_subdir" class="Tests_Theme_WPTheme" classname="Tests_Theme_WPTheme" file="/home/meng/Desktop/wptest/wordpress-develop/tests/phpunit/tests/theme/WPTheme.php" line="54" assertions="11" time="0.053413"/>
        <testcase name="test_new_WP_Theme_subdir_bad_root" class="Tests_Theme_WPTheme" classname="Tests_Theme_WPTheme" file="/home/meng/Desktop/wptest/wordpress-develop/tests/phpunit/tests/theme/WPTheme.php" line="76" assertions="11" time="0.056516"/>
        <testcase name="test_wp_theme_uris_with_spaces" class="Tests_Theme_WPTheme" classname="Tests_Theme_WPTheme" file="/home/meng/Desktop/wptest/wordpress-develop/tests/phpunit/tests/theme/WPTheme.php" line="99" assertions="4" time="0.052989"/>
        <testcase name="test_theme_uris_with_spaces" class="Tests_Theme_WPTheme" classname="Tests_Theme_WPTheme" file="/home/meng/Desktop/wptest/wordpress-develop/tests/phpunit/tests/theme/WPTheme.php" line="116" assertions="2" time="0.051225"/>
        <testcase name="test_display_method_on_get_method_failure" class="Tests_Theme_WPTheme" classname="Tests_Theme_WPTheme" file="/home/meng/Desktop/wptest/wordpress-develop/tests/phpunit/tests/theme/WPTheme.php" line="135" assertions="4" time="0.051435"/>
        <testcase name="test_child_theme_with_itself_as_parent_should_appear_as_broken" class="Tests_Theme_WPTheme" classname="Tests_Theme_WPTheme" file="/home/meng/Desktop/wptest/wordpress-develop/tests/phpunit/tests/theme/WPTheme.php" line="146" assertions="2" time="0.053464"/>
      </testsuite>
      <testsuite name="Tests_Theme_Custom_Header" file="/home/meng/Desktop/wptest/wordpress-develop/tests/phpunit/tests/theme/customHeader.php" tests="23" assertions="42" errors="0" failures="0" skipped="0" time="1.271028">
        <testcase name="test_add_and_remove_theme_support" class="Tests_Theme_Custom_Header" classname="Tests_Theme_Custom_Header" file="/home/meng/Desktop/wptest/wordpress-develop/tests/phpunit/tests/theme/customHeader.php" line="45" assertions="2" time="0.050391"/>
        <testcase name="test_get_header_image_without_registered_default" class="Tests_Theme_Custom_Header" classname="Tests_Theme_Custom_Header" file="/home/meng/Desktop/wptest/wordpress-develop/tests/phpunit/tests/theme/customHeader.php" line="52" assertions="2" time="0.057154"/>
        <testcase name="test_get_header_image_with_registered_default" class="Tests_Theme_Custom_Header" classname="Tests_Theme_Custom_Header" file="/home/meng/Desktop/wptest/wordpress-develop/tests/phpunit/tests/theme/customHeader.php" line="59" assertions="2" time="0.058826"/>
        <testcase name="test_get_header_image_from_theme_mod" class="Tests_Theme_Custom_Header" classname="Tests_Theme_Custom_Header" file="/home/meng/Desktop/wptest/wordpress-develop/tests/phpunit/tests/theme/customHeader.php" line="68" assertions="4" time="0.055255"/>
        <testcase name="test_get_header_image_tag_without_registered_default_image" class="Tests_Theme_Custom_Header" classname="Tests_Theme_Custom_Header" file="/home/meng/Desktop/wptest/wordpress-develop/tests/phpunit/tests/theme/customHeader.php" line="84" assertions="1" time="0.049149"/>
        <testcase name="test_get_header_image_tag_with_registered_default_image" class="Tests_Theme_Custom_Header" classname="Tests_Theme_Custom_Header" file="/home/meng/Desktop/wptest/wordpress-develop/tests/phpunit/tests/theme/customHeader.php" line="90" assertions="2" time="0.050964"/>
        <testcase name="test_get_header_image_tag_with_registered_default_image_and_remove_header_theme_mod" class="Tests_Theme_Custom_Header" classname="Tests_Theme_Custom_Header" file="/home/meng/Desktop/wptest/wordpress-develop/tests/phpunit/tests/theme/customHeader.php" line="102" assertions="1" time="0.049546"/>
        <testcase name="test_get_header_image_tag_with_registered_default_image_and_custom_theme_mod" class="Tests_Theme_Custom_Header" classname="Tests_Theme_Custom_Header" file="/home/meng/Desktop/wptest/wordpress-develop/tests/phpunit/tests/theme/customHeader.php" line="111" assertions="2" time="0.052083"/>
        <testcase name="test_get_custom_header_markup_without_registered_default_image" class="Tests_Theme_Custom_Header" classname="Tests_Theme_Custom_Header" file="/home/meng/Desktop/wptest/wordpress-develop/tests/phpunit/tests/theme/customHeader.php" line="122" assertions="3" time="0.060191"/>
        <testcase name="test_get_custom_header_markup_with_registered_default_image" class="Tests_Theme_Custom_Header" classname="Tests_Theme_Custom_Header" file="/home/meng/Desktop/wptest/wordpress-develop/tests/phpunit/tests/theme/customHeader.php" line="135" assertions="3" time="0.052068"/>
        <testcase name="test_get_header_video_url" class="Tests_Theme_Custom_Header" classname="Tests_Theme_Custom_Header" file="/home/meng/Desktop/wptest/wordpress-develop/tests/phpunit/tests/theme/customHeader.php" line="144" assertions="3" time="0.053481"/>
        <testcase name="test_get_external_header_video_url" class="Tests_Theme_Custom_Header" classname="Tests_Theme_Custom_Header" file="/home/meng/Desktop/wptest/wordpress-develop/tests/phpunit/tests/theme/customHeader.php" line="153" assertions="3" time="0.050875"/>
        <testcase name="test_get_header_video_url_prefers_local_video" class="Tests_Theme_Custom_Header" classname="Tests_Theme_Custom_Header" file="/home/meng/Desktop/wptest/wordpress-develop/tests/phpunit/tests/theme/customHeader.php" line="163" assertions="1" time="0.060105"/>
        <testcase name="test_get_custom_header_markup_with_video_and_without_an_image" class="Tests_Theme_Custom_Header" classname="Tests_Theme_Custom_Header" file="/home/meng/Desktop/wptest/wordpress-develop/tests/phpunit/tests/theme/customHeader.php" line="172" assertions="3" time="0.055271"/>
        <testcase name="test_header_script_is_not_enqueued_by_the_custom_header_markup_without_video" class="Tests_Theme_Custom_Header" classname="Tests_Theme_Custom_Header" file="/home/meng/Desktop/wptest/wordpress-develop/tests/phpunit/tests/theme/customHeader.php" line="188" assertions="2" time="0.055829"/>
        <testcase name="test_header_script_is_not_enqueued_by_the_custom_header_markup_when_active_callback_is_false" class="Tests_Theme_Custom_Header" classname="Tests_Theme_Custom_Header" file="/home/meng/Desktop/wptest/wordpress-develop/tests/phpunit/tests/theme/customHeader.php" line="209" assertions="1" time="0.049023"/>
        <testcase name="test_header_script_is_enqueued_by_the_custom_header_markup_without_video_when_previewing_in_customizer" class="Tests_Theme_Custom_Header" classname="Tests_Theme_Custom_Header" file="/home/meng/Desktop/wptest/wordpress-develop/tests/phpunit/tests/theme/customHeader.php" line="224" assertions="1" time="0.059994"/>
        <testcase name="test_header_script_is_enqueued_by_the_custom_header_markup_with_video" class="Tests_Theme_Custom_Header" classname="Tests_Theme_Custom_Header" file="/home/meng/Desktop/wptest/wordpress-develop/tests/phpunit/tests/theme/customHeader.php" line="239" assertions="1" time="0.054257"/>
        <testcase name="test_video_header_callback_front_page_from_front_page" class="Tests_Theme_Custom_Header" classname="Tests_Theme_Custom_Header" file="/home/meng/Desktop/wptest/wordpress-develop/tests/phpunit/tests/theme/customHeader.php" line="257" assertions="1" time="0.059607"/>
        <testcase name="test_video_header_callback_front_page_from_elsewhere" class="Tests_Theme_Custom_Header" classname="Tests_Theme_Custom_Header" file="/home/meng/Desktop/wptest/wordpress-develop/tests/phpunit/tests/theme/customHeader.php" line="274" assertions="1" time="0.059298"/>
        <testcase name="test_video_header_callback_globally_from_front_page" class="Tests_Theme_Custom_Header" classname="Tests_Theme_Custom_Header" file="/home/meng/Desktop/wptest/wordpress-develop/tests/phpunit/tests/theme/customHeader.php" line="291" assertions="1" time="0.062833"/>
        <testcase name="test_video_header_callback_globally_from_elsewhere" class="Tests_Theme_Custom_Header" classname="Tests_Theme_Custom_Header" file="/home/meng/Desktop/wptest/wordpress-develop/tests/phpunit/tests/theme/customHeader.php" line="309" assertions="1" time="0.056882"/>
        <testcase name="test_video_header_callback_globally_with_negative_filter" class="Tests_Theme_Custom_Header" classname="Tests_Theme_Custom_Header" file="/home/meng/Desktop/wptest/wordpress-develop/tests/phpunit/tests/theme/customHeader.php" line="327" assertions="1" time="0.057945"/>
      </testsuite>
      <testsuite name="Tests_WP_Theme_Get_Theme_Starter_Content" file="/home/meng/Desktop/wptest/wordpress-develop/tests/phpunit/tests/theme/getThemeStarterContent.php" tests="4" assertions="136" errors="0" failures="0" skipped="0" time="0.167383">
        <testcase name="test_add_theme_support_empty" class="Tests_WP_Theme_Get_Theme_Starter_Content" classname="Tests_WP_Theme_Get_Theme_Starter_Content" file="/home/meng/Desktop/wptest/wordpress-develop/tests/phpunit/tests/theme/getThemeStarterContent.php" line="13" assertions="1" time="0.042350"/>
        <testcase name="test_add_theme_support_single_param" class="Tests_WP_Theme_Get_Theme_Starter_Content" classname="Tests_WP_Theme_Get_Theme_Starter_Content" file="/home/meng/Desktop/wptest/wordpress-develop/tests/phpunit/tests/theme/getThemeStarterContent.php" line="23" assertions="1" time="0.039326"/>
        <testcase name="test_default_content_sections" class="Tests_WP_Theme_Get_Theme_Starter_Content" classname="Tests_WP_Theme_Get_Theme_Starter_Content" file="/home/meng/Desktop/wptest/wordpress-develop/tests/phpunit/tests/theme/getThemeStarterContent.php" line="33" assertions="130" time="0.044320"/>
        <testcase name="test_get_theme_starter_content_filter" class="Tests_WP_Theme_Get_Theme_Starter_Content" classname="Tests_WP_Theme_Get_Theme_Starter_Content" file="/home/meng/Desktop/wptest/wordpress-develop/tests/phpunit/tests/theme/getThemeStarterContent.php" line="175" assertions="4" time="0.041387"/>
      </testsuite>
      <testsuite name="Tests_Theme_Support" file="/home/meng/Desktop/wptest/wordpress-develop/tests/phpunit/tests/theme/support.php" tests="12" assertions="65" errors="0" failures="0" skipped="0" time="0.465398">
        <testcase name="test_the_basics" class="Tests_Theme_Support" classname="Tests_Theme_Support" file="/home/meng/Desktop/wptest/wordpress-develop/tests/phpunit/tests/theme/support.php" line="8" assertions="3" time="0.037004"/>
        <testcase name="test_admin_bar" class="Tests_Theme_Support" classname="Tests_Theme_Support" file="/home/meng/Desktop/wptest/wordpress-develop/tests/phpunit/tests/theme/support.php" line="17" assertions="7" time="0.037666"/>
        <testcase name="test_post_thumbnails" class="Tests_Theme_Support" classname="Tests_Theme_Support" file="/home/meng/Desktop/wptest/wordpress-develop/tests/phpunit/tests/theme/support.php" line="37" assertions="3" time="0.038348"/>
        <testcase name="test_post_thumbnails_flat_array_of_post_types" class="Tests_Theme_Support" classname="Tests_Theme_Support" file="/home/meng/Desktop/wptest/wordpress-develop/tests/phpunit/tests/theme/support.php" line="46" assertions="3" time="0.042038"/>
        <testcase name="test_post_thumbnails_mixed_args" class="Tests_Theme_Support" classname="Tests_Theme_Support" file="/home/meng/Desktop/wptest/wordpress-develop/tests/phpunit/tests/theme/support.php" line="59" assertions="5" time="0.039320"/>
        <testcase name="test_supports_html5" class="Tests_Theme_Support" classname="Tests_Theme_Support" file="/home/meng/Desktop/wptest/wordpress-develop/tests/phpunit/tests/theme/support.php" line="80" assertions="8" time="0.037683"/>
        <testcase name="test_supports_html5_subset" class="Tests_Theme_Support" classname="Tests_Theme_Support" file="/home/meng/Desktop/wptest/wordpress-develop/tests/phpunit/tests/theme/support.php" line="97" assertions="16" time="0.039294"/>
        <testcase name="test_supports_html5_invalid" class="Tests_Theme_Support" classname="Tests_Theme_Support" file="/home/meng/Desktop/wptest/wordpress-develop/tests/phpunit/tests/theme/support.php" line="128" assertions="4" time="0.038294"/>
        <testcase name="test_supports_post_formats_doing_it_wrong" class="Tests_Theme_Support" classname="Tests_Theme_Support" file="/home/meng/Desktop/wptest/wordpress-develop/tests/phpunit/tests/theme/support.php" line="140" assertions="2" time="0.038803"/>
        <testcase name="test_plugin_hook" class="Tests_Theme_Support" classname="Tests_Theme_Support" file="/home/meng/Desktop/wptest/wordpress-develop/tests/phpunit/tests/theme/support.php" line="152" assertions="5" time="0.040842"/>
        <testcase name="test_supports_menus" class="Tests_Theme_Support" classname="Tests_Theme_Support" file="/home/meng/Desktop/wptest/wordpress-develop/tests/phpunit/tests/theme/support.php" line="170" assertions="6" time="0.038510"/>
        <testcase name="test_responsive_embeds" class="Tests_Theme_Support" classname="Tests_Theme_Support" file="/home/meng/Desktop/wptest/wordpress-develop/tests/phpunit/tests/theme/support.php" line="200" assertions="3" time="0.037595"/>
      </testsuite>
      <testsuite name="Tests_Theme_ThemeDir" file="/home/meng/Desktop/wptest/wordpress-develop/tests/phpunit/tests/theme/themeDir.php" tests="10" assertions="93" errors="0" failures="0" skipped="0" time="0.602888">
        <testcase name="test_theme_default" class="Tests_Theme_ThemeDir" classname="Tests_Theme_ThemeDir" file="/home/meng/Desktop/wptest/wordpress-develop/tests/phpunit/tests/theme/themeDir.php" line="46" assertions="17" time="0.067681"/>
        <testcase name="test_theme_sandbox" class="Tests_Theme_ThemeDir" classname="Tests_Theme_ThemeDir" file="/home/meng/Desktop/wptest/wordpress-develop/tests/phpunit/tests/theme/themeDir.php" line="77" assertions="16" time="0.062524"/>
        <testcase name="test_theme_stylesheet_only" class="Tests_Theme_ThemeDir" classname="Tests_Theme_ThemeDir" file="/home/meng/Desktop/wptest/wordpress-develop/tests/phpunit/tests/theme/themeDir.php" line="113" assertions="16" time="0.063301"/>
        <testcase name="test_theme_list" class="Tests_Theme_ThemeDir" classname="Tests_Theme_ThemeDir" file="/home/meng/Desktop/wptest/wordpress-develop/tests/phpunit/tests/theme/themeDir.php" line="143" assertions="2" time="0.064227"/>
        <testcase name="test_broken_themes" class="Tests_Theme_ThemeDir" classname="Tests_Theme_ThemeDir" file="/home/meng/Desktop/wptest/wordpress-develop/tests/phpunit/tests/theme/themeDir.php" line="180" assertions="2" time="0.063196"/>
        <testcase name="test_wp_get_theme_with_non_default_theme_root" class="Tests_Theme_ThemeDir" classname="Tests_Theme_ThemeDir" file="/home/meng/Desktop/wptest/wordpress-develop/tests/phpunit/tests/theme/themeDir.php" line="199" assertions="2" time="0.055368"/>
        <testcase name="test_page_templates" class="Tests_Theme_ThemeDir" classname="Tests_Theme_ThemeDir" file="/home/meng/Desktop/wptest/wordpress-develop/tests/phpunit/tests/theme/themeDir.php" line="207" assertions="3" time="0.060731"/>
        <testcase name="test_get_theme_data_top_level" class="Tests_Theme_ThemeDir" classname="Tests_Theme_ThemeDir" file="/home/meng/Desktop/wptest/wordpress-develop/tests/phpunit/tests/theme/themeDir.php" line="220" assertions="12" time="0.056708"/>
        <testcase name="test_get_theme_data_subdir" class="Tests_Theme_ThemeDir" classname="Tests_Theme_ThemeDir" file="/home/meng/Desktop/wptest/wordpress-develop/tests/phpunit/tests/theme/themeDir.php" line="239" assertions="12" time="0.053915"/>
        <testcase name="test_theme_dir_slashes" class="Tests_Theme_ThemeDir" classname="Tests_Theme_ThemeDir" file="/home/meng/Desktop/wptest/wordpress-develop/tests/phpunit/tests/theme/themeDir.php" line="258" assertions="11" time="0.055237"/>
      </testsuite>
      <testsuite name="Tests_Upload" file="/home/meng/Desktop/wptest/wordpress-develop/tests/phpunit/tests/upload.php" tests="6" assertions="24" errors="0" failures="0" skipped="0" time="0.270952">
        <testcase name="test_upload_dir_default" class="Tests_Upload" classname="Tests_Upload" file="/home/meng/Desktop/wptest/wordpress-develop/tests/phpunit/tests/upload.php" line="22" assertions="4" time="0.048201"/>
        <testcase name="test_upload_dir_relative" class="Tests_Upload" classname="Tests_Upload" file="/home/meng/Desktop/wptest/wordpress-develop/tests/phpunit/tests/upload.php" line="33" assertions="4" time="0.045908"/>
        <testcase name="test_upload_dir_absolute" class="Tests_Upload" classname="Tests_Upload" file="/home/meng/Desktop/wptest/wordpress-develop/tests/phpunit/tests/upload.php" line="48" assertions="4" time="0.050326"/>
        <testcase name="test_upload_dir_no_yearnum" class="Tests_Upload" classname="Tests_Upload" file="/home/meng/Desktop/wptest/wordpress-develop/tests/phpunit/tests/upload.php" line="68" assertions="4" time="0.044086"/>
        <testcase name="test_upload_path_absolute" class="Tests_Upload" classname="Tests_Upload" file="/home/meng/Desktop/wptest/wordpress-develop/tests/phpunit/tests/upload.php" line="80" assertions="4" time="0.040827"/>
        <testcase name="test_upload_dir_empty" class="Tests_Upload" classname="Tests_Upload" file="/home/meng/Desktop/wptest/wordpress-develop/tests/phpunit/tests/upload.php" line="94" assertions="4" time="0.041604"/>
      </testsuite>
      <testsuite name="Tests_URL" file="/home/meng/Desktop/wptest/wordpress-develop/tests/phpunit/tests/url.php" tests="37" assertions="152" errors="0" failures="0" skipped="0" time="2.083254">
        <testsuite name="Tests_URL::test_is_ssl" tests="5" assertions="5" errors="0" failures="0" skipped="0" time="0.189707">
          <testcase name="test_is_ssl with data set #0" class="Tests_URL" classname="Tests_URL" file="/home/meng/Desktop/wptest/wordpress-develop/tests/phpunit/tests/url.php" line="18" assertions="1" time="0.037821"/>
          <testcase name="test_is_ssl with data set #1" class="Tests_URL" classname="Tests_URL" file="/home/meng/Desktop/wptest/wordpress-develop/tests/phpunit/tests/url.php" line="18" assertions="1" time="0.038017"/>
          <testcase name="test_is_ssl with data set #2" class="Tests_URL" classname="Tests_URL" file="/home/meng/Desktop/wptest/wordpress-develop/tests/phpunit/tests/url.php" line="18" assertions="1" time="0.037514"/>
          <testcase name="test_is_ssl with data set #3" class="Tests_URL" classname="Tests_URL" file="/home/meng/Desktop/wptest/wordpress-develop/tests/phpunit/tests/url.php" line="18" assertions="1" time="0.039169"/>
          <testcase name="test_is_ssl with data set #4" class="Tests_URL" classname="Tests_URL" file="/home/meng/Desktop/wptest/wordpress-develop/tests/phpunit/tests/url.php" line="18" assertions="1" time="0.037186"/>
        </testsuite>
        <testcase name="test_is_ssl_by_port" class="Tests_URL" classname="Tests_URL" file="/home/meng/Desktop/wptest/wordpress-develop/tests/phpunit/tests/url.php" line="50" assertions="1" time="0.037020"/>
        <testcase name="test_is_ssl_with_no_value" class="Tests_URL" classname="Tests_URL" file="/home/meng/Desktop/wptest/wordpress-develop/tests/phpunit/tests/url.php" line="58" assertions="1" time="0.042851"/>
        <testsuite name="Tests_URL::test_admin_url" tests="11" assertions="22" errors="0" failures="0" skipped="0" time="0.460386">
          <testcase name="test_admin_url with data set #0" class="Tests_URL" classname="Tests_URL" file="/home/meng/Desktop/wptest/wordpress-develop/tests/phpunit/tests/url.php" line="71" assertions="2" time="0.044606"/>
          <testcase name="test_admin_url with data set #1" class="Tests_URL" classname="Tests_URL" file="/home/meng/Desktop/wptest/wordpress-develop/tests/phpunit/tests/url.php" line="71" assertions="2" time="0.038996"/>
          <testcase name="test_admin_url with data set #2" class="Tests_URL" classname="Tests_URL" file="/home/meng/Desktop/wptest/wordpress-develop/tests/phpunit/tests/url.php" line="71" assertions="2" time="0.038919"/>
          <testcase name="test_admin_url with data set #3" class="Tests_URL" classname="Tests_URL" file="/home/meng/Desktop/wptest/wordpress-develop/tests/phpunit/tests/url.php" line="71" assertions="2" time="0.043706"/>
          <testcase name="test_admin_url with data set #4" class="Tests_URL" classname="Tests_URL" file="/home/meng/Desktop/wptest/wordpress-develop/tests/phpunit/tests/url.php" line="71" assertions="2" time="0.042707"/>
          <testcase name="test_admin_url with data set #5" class="Tests_URL" classname="Tests_URL" file="/home/meng/Desktop/wptest/wordpress-develop/tests/phpunit/tests/url.php" line="71" assertions="2" time="0.039782"/>
          <testcase name="test_admin_url with data set #6" class="Tests_URL" classname="Tests_URL" file="/home/meng/Desktop/wptest/wordpress-develop/tests/phpunit/tests/url.php" line="71" assertions="2" time="0.036918"/>
          <testcase name="test_admin_url with data set #7" class="Tests_URL" classname="Tests_URL" file="/home/meng/Desktop/wptest/wordpress-develop/tests/phpunit/tests/url.php" line="71" assertions="2" time="0.041064"/>
          <testcase name="test_admin_url with data set #8" class="Tests_URL" classname="Tests_URL" file="/home/meng/Desktop/wptest/wordpress-develop/tests/phpunit/tests/url.php" line="71" assertions="2" time="0.046382"/>
          <testcase name="test_admin_url with data set #9" class="Tests_URL" classname="Tests_URL" file="/home/meng/Desktop/wptest/wordpress-develop/tests/phpunit/tests/url.php" line="71" assertions="2" time="0.048232"/>
          <testcase name="test_admin_url with data set #10" class="Tests_URL" classname="Tests_URL" file="/home/meng/Desktop/wptest/wordpress-develop/tests/phpunit/tests/url.php" line="71" assertions="2" time="0.039074"/>
        </testsuite>
        <testsuite name="Tests_URL::test_home_url" tests="11" assertions="22" errors="0" failures="0" skipped="0" time="0.426489">
          <testcase name="test_home_url with data set #0" class="Tests_URL" classname="Tests_URL" file="/home/meng/Desktop/wptest/wordpress-develop/tests/phpunit/tests/url.php" line="139" assertions="2" time="0.039821"/>
          <testcase name="test_home_url with data set #1" class="Tests_URL" classname="Tests_URL" file="/home/meng/Desktop/wptest/wordpress-develop/tests/phpunit/tests/url.php" line="139" assertions="2" time="0.037416"/>
          <testcase name="test_home_url with data set #2" class="Tests_URL" classname="Tests_URL" file="/home/meng/Desktop/wptest/wordpress-develop/tests/phpunit/tests/url.php" line="139" assertions="2" time="0.037748"/>
          <testcase name="test_home_url with data set #3" class="Tests_URL" classname="Tests_URL" file="/home/meng/Desktop/wptest/wordpress-develop/tests/phpunit/tests/url.php" line="139" assertions="2" time="0.038580"/>
          <testcase name="test_home_url with data set #4" class="Tests_URL" classname="Tests_URL" file="/home/meng/Desktop/wptest/wordpress-develop/tests/phpunit/tests/url.php" line="139" assertions="2" time="0.039187"/>
          <testcase name="test_home_url with data set #5" class="Tests_URL" classname="Tests_URL" file="/home/meng/Desktop/wptest/wordpress-develop/tests/phpunit/tests/url.php" line="139" assertions="2" time="0.037594"/>
          <testcase name="test_home_url with data set #6" class="Tests_URL" classname="Tests_URL" file="/home/meng/Desktop/wptest/wordpress-develop/tests/phpunit/tests/url.php" line="139" assertions="2" time="0.039549"/>
          <testcase name="test_home_url with data set #7" class="Tests_URL" classname="Tests_URL" file="/home/meng/Desktop/wptest/wordpress-develop/tests/phpunit/tests/url.php" line="139" assertions="2" time="0.038798"/>
          <testcase name="test_home_url with data set #8" class="Tests_URL" classname="Tests_URL" file="/home/meng/Desktop/wptest/wordpress-develop/tests/phpunit/tests/url.php" line="139" assertions="2" time="0.038335"/>
          <testcase name="test_home_url with data set #9" class="Tests_URL" classname="Tests_URL" file="/home/meng/Desktop/wptest/wordpress-develop/tests/phpunit/tests/url.php" line="139" assertions="2" time="0.040903"/>
          <testcase name="test_home_url with data set #10" class="Tests_URL" classname="Tests_URL" file="/home/meng/Desktop/wptest/wordpress-develop/tests/phpunit/tests/url.php" line="139" assertions="2" time="0.038558"/>
        </testsuite>
        <testcase name="test_home_url_from_admin" class="Tests_URL" classname="Tests_URL" file="/home/meng/Desktop/wptest/wordpress-develop/tests/phpunit/tests/url.php" line="201" assertions="9" time="0.049054"/>
        <testcase name="test_network_home_url_from_admin" class="Tests_URL" classname="Tests_URL" file="/home/meng/Desktop/wptest/wordpress-develop/tests/phpunit/tests/url.php" line="249" assertions="5" time="0.042378"/>
        <testcase name="test_set_url_scheme" class="Tests_URL" classname="Tests_URL" file="/home/meng/Desktop/wptest/wordpress-develop/tests/phpunit/tests/url.php" line="274" assertions="52" time="0.042641"/>
        <testcase name="test_get_adjacent_post" class="Tests_URL" classname="Tests_URL" file="/home/meng/Desktop/wptest/wordpress-develop/tests/phpunit/tests/url.php" line="338" assertions="6" time="0.095521"/>
        <testcase name="test_get_adjacent_post_should_return_private_posts_belonging_to_the_current_user" class="Tests_URL" classname="Tests_URL" file="/home/meng/Desktop/wptest/wordpress-develop/tests/phpunit/tests/url.php" line="373" assertions="1" time="0.176480"/>
        <testcase name="test_get_adjacent_post_should_return_private_posts_belonging_to_other_users_if_the_current_user_can_read_private_posts" class="Tests_URL" classname="Tests_URL" file="/home/meng/Desktop/wptest/wordpress-develop/tests/phpunit/tests/url.php" line="410" assertions="1" time="0.216200"/>
        <testcase name="test_get_adjacent_post_should_not_return_private_posts_belonging_to_other_users_if_the_current_user_cannot_read_private_posts" class="Tests_URL" classname="Tests_URL" file="/home/meng/Desktop/wptest/wordpress-develop/tests/phpunit/tests/url.php" line="448" assertions="1" time="0.254287"/>
        <testcase name="test_url_functions_for_dots_in_paths" class="Tests_URL" classname="Tests_URL" file="/home/meng/Desktop/wptest/wordpress-develop/tests/phpunit/tests/url.php" line="494" assertions="26" time="0.050240"/>
      </testsuite>
      <testsuite name="Tests_Url_GetPrivacyPolicyUrl" file="/home/meng/Desktop/wptest/wordpress-develop/tests/phpunit/tests/url/getPrivacyPolicyUrl.php" tests="5" assertions="5" errors="0" failures="0" skipped="0" time="0.238188">
        <testcase name="test_get_privacy_policy_url_should_return_empty_string_when_policy_page_not_set" class="Tests_Url_GetPrivacyPolicyUrl" classname="Tests_Url_GetPrivacyPolicyUrl" file="/home/meng/Desktop/wptest/wordpress-develop/tests/phpunit/tests/url/getPrivacyPolicyUrl.php" line="53" assertions="1" time="0.039963"/>
        <testcase name="test_get_privacy_policy_url_should_return_valid_url_when_policy_page_set" class="Tests_Url_GetPrivacyPolicyUrl" classname="Tests_Url_GetPrivacyPolicyUrl" file="/home/meng/Desktop/wptest/wordpress-develop/tests/phpunit/tests/url/getPrivacyPolicyUrl.php" line="60" assertions="1" time="0.050584"/>
        <testcase name="test_get_privacy_policy_url_should_return_empty_when_privacy_policy_page_not_set" class="Tests_Url_GetPrivacyPolicyUrl" classname="Tests_Url_GetPrivacyPolicyUrl" file="/home/meng/Desktop/wptest/wordpress-develop/tests/phpunit/tests/url/getPrivacyPolicyUrl.php" line="70" assertions="1" time="0.045984"/>
        <testcase name="test_get_privacy_policy_url_should_return_empty_for_non_existing_page" class="Tests_Url_GetPrivacyPolicyUrl" classname="Tests_Url_GetPrivacyPolicyUrl" file="/home/meng/Desktop/wptest/wordpress-develop/tests/phpunit/tests/url/getPrivacyPolicyUrl.php" line="77" assertions="1" time="0.048943"/>
        <testcase name="test_get_privacy_policy_url_should_be_filterable" class="Tests_Url_GetPrivacyPolicyUrl" classname="Tests_Url_GetPrivacyPolicyUrl" file="/home/meng/Desktop/wptest/wordpress-develop/tests/phpunit/tests/url/getPrivacyPolicyUrl.php" line="86" assertions="1" time="0.052714"/>
      </testsuite>
      <testsuite name="Tests_User" file="/home/meng/Desktop/wptest/wordpress-develop/tests/phpunit/tests/user.php" tests="80" assertions="295" errors="0" failures="0" skipped="0" time="6.542412">
        <testcase name="test_get_users_of_blog" class="Tests_User" classname="Tests_User" file="/home/meng/Desktop/wptest/wordpress-develop/tests/phpunit/tests/user.php" line="69" assertions="1" time="0.057839"/>
        <testcase name="test_user_option" class="Tests_User" classname="Tests_User" file="/home/meng/Desktop/wptest/wordpress-develop/tests/phpunit/tests/user.php" line="95" assertions="3" time="0.048371"/>
        <testcase name="test_usermeta" class="Tests_User" classname="Tests_User" file="/home/meng/Desktop/wptest/wordpress-develop/tests/phpunit/tests/user.php" line="115" assertions="6" time="0.057435"/>
        <testcase name="test_usermeta_array" class="Tests_User" classname="Tests_User" file="/home/meng/Desktop/wptest/wordpress-develop/tests/phpunit/tests/user.php" line="149" assertions="7" time="0.052442"/>
        <testcase name="test_user_properties" class="Tests_User" classname="Tests_User" file="/home/meng/Desktop/wptest/wordpress-develop/tests/phpunit/tests/user.php" line="189" assertions="21" time="0.041088"/>
        <testcase name="test_user_unset" class="Tests_User" classname="Tests_User" file="/home/meng/Desktop/wptest/wordpress-develop/tests/phpunit/tests/user.php" line="213" assertions="2" time="0.046766"/>
        <testcase name="test_user_unset_lowercase_id" class="Tests_User" classname="Tests_User" file="/home/meng/Desktop/wptest/wordpress-develop/tests/phpunit/tests/user.php" line="233" assertions="2" time="0.041861"/>
        <testcase name="test_user_unset_uppercase_id" class="Tests_User" classname="Tests_User" file="/home/meng/Desktop/wptest/wordpress-develop/tests/phpunit/tests/user.php" line="246" assertions="2" time="0.045281"/>
        <testcase name="test_user_meta_properties" class="Tests_User" classname="Tests_User" file="/home/meng/Desktop/wptest/wordpress-develop/tests/phpunit/tests/user.php" line="255" assertions="2" time="0.052943"/>
        <testcase name="test_id_property_back_compat" class="Tests_User" classname="Tests_User" file="/home/meng/Desktop/wptest/wordpress-develop/tests/phpunit/tests/user.php" line="268" assertions="4" time="0.051076"/>
        <testcase name="test_user_level_property_back_compat" class="Tests_User" classname="Tests_User" file="/home/meng/Desktop/wptest/wordpress-develop/tests/phpunit/tests/user.php" line="280" assertions="10" time="0.055966"/>
        <testcase name="test_construction" class="Tests_User" classname="Tests_User" file="/home/meng/Desktop/wptest/wordpress-develop/tests/phpunit/tests/user.php" line="297" assertions="21" time="0.043064"/>
        <testcase name="test_get" class="Tests_User" classname="Tests_User" file="/home/meng/Desktop/wptest/wordpress-develop/tests/phpunit/tests/user.php" line="336" assertions="5" time="0.045263"/>
        <testcase name="test_has_prop" class="Tests_User" classname="Tests_User" file="/home/meng/Desktop/wptest/wordpress-develop/tests/phpunit/tests/user.php" line="347" assertions="4" time="0.043654"/>
        <testcase name="test_update_user" class="Tests_User" classname="Tests_User" file="/home/meng/Desktop/wptest/wordpress-develop/tests/phpunit/tests/user.php" line="357" assertions="16" time="0.120863"/>
        <testcase name="test_global_userdata" class="Tests_User" classname="Tests_User" file="/home/meng/Desktop/wptest/wordpress-develop/tests/phpunit/tests/user.php" line="415" assertions="4" time="0.041980"/>
        <testcase name="test_global_userdata_is_null_when_logged_out" class="Tests_User" classname="Tests_User" file="/home/meng/Desktop/wptest/wordpress-develop/tests/phpunit/tests/user.php" line="431" assertions="1" time="0.036846"/>
        <testcase name="test_exists" class="Tests_User" classname="Tests_User" file="/home/meng/Desktop/wptest/wordpress-develop/tests/phpunit/tests/user.php" line="437" assertions="3" time="0.041043"/>
        <testcase name="test_global_authordata" class="Tests_User" classname="Tests_User" file="/home/meng/Desktop/wptest/wordpress-develop/tests/phpunit/tests/user.php" line="451" assertions="4" time="0.064822"/>
        <testcase name="test_get_userdata" class="Tests_User" classname="Tests_User" file="/home/meng/Desktop/wptest/wordpress-develop/tests/phpunit/tests/user.php" line="484" assertions="4" time="0.042094"/>
        <testcase name="test_user_get_data_by_id" class="Tests_User" classname="Tests_User" file="/home/meng/Desktop/wptest/wordpress-develop/tests/phpunit/tests/user.php" line="494" assertions="9" time="0.046464"/>
        <testcase name="test_user_get_data_by_ID_should_alias_to_id" class="Tests_User" classname="Tests_User" file="/home/meng/Desktop/wptest/wordpress-develop/tests/phpunit/tests/user.php" line="525" assertions="1" time="0.049375"/>
        <testcase name="test_count_many_users_posts" class="Tests_User" classname="Tests_User" file="/home/meng/Desktop/wptest/wordpress-develop/tests/phpunit/tests/user.php" line="533" assertions="8" time="0.186408"/>
        <testcase name="test_wp_update_user_on_nonexistent_users" class="Tests_User" classname="Tests_User" file="/home/meng/Desktop/wptest/wordpress-develop/tests/phpunit/tests/user.php" line="566" assertions="1" time="0.042427"/>
        <testcase name="test_wp_update_user_should_not_change_password_when_passed_WP_User_instance" class="Tests_User" classname="Tests_User" file="/home/meng/Desktop/wptest/wordpress-develop/tests/phpunit/tests/user.php" line="580" assertions="1" time="0.062549"/>
        <testcase name="test_wp_update_user_should_not_mark_user_as_spam_on_single_site" class="Tests_User" classname="Tests_User" file="/home/meng/Desktop/wptest/wordpress-develop/tests/phpunit/tests/user.php" line="595" assertions="3" time="0.060236"/>
        <testcase name="test_user_meta_error" class="Tests_User" classname="Tests_User" file="/home/meng/Desktop/wptest/wordpress-develop/tests/phpunit/tests/user.php" line="619" assertions="2" time="0.175616"/>
        <testcase name="test_user_update_email_error" class="Tests_User" classname="Tests_User" file="/home/meng/Desktop/wptest/wordpress-develop/tests/phpunit/tests/user.php" line="650" assertions="3" time="0.210720"/>
        <testsuite name="Tests_User::test_illegal_user_logins_single" tests="2" assertions="6" errors="0" failures="0" skipped="0" time="0.275692">
          <testcase name="test_illegal_user_logins_single with data set #0" class="Tests_User" classname="Tests_User" file="/home/meng/Desktop/wptest/wordpress-develop/tests/phpunit/tests/user.php" line="695" assertions="3" time="0.141847"/>
          <testcase name="test_illegal_user_logins_single with data set #1" class="Tests_User" classname="Tests_User" file="/home/meng/Desktop/wptest/wordpress-develop/tests/phpunit/tests/user.php" line="695" assertions="3" time="0.133845"/>
        </testsuite>
        <testsuite name="Tests_User::test_illegal_user_logins_single_wp_create_user" tests="2" assertions="6" errors="0" failures="0" skipped="0" time="0.320901">
          <testcase name="test_illegal_user_logins_single_wp_create_user with data set #0" class="Tests_User" classname="Tests_User" file="/home/meng/Desktop/wptest/wordpress-develop/tests/phpunit/tests/user.php" line="719" assertions="3" time="0.162300"/>
          <testcase name="test_illegal_user_logins_single_wp_create_user with data set #1" class="Tests_User" classname="Tests_User" file="/home/meng/Desktop/wptest/wordpress-develop/tests/phpunit/tests/user.php" line="719" assertions="3" time="0.158601"/>
        </testsuite>
        <testcase name="test_validate_username_string" class="Tests_User" classname="Tests_User" file="/home/meng/Desktop/wptest/wordpress-develop/tests/phpunit/tests/user.php" line="777" assertions="2" time="0.038501"/>
        <testcase name="test_validate_username_contains_uppercase_letters" class="Tests_User" classname="Tests_User" file="/home/meng/Desktop/wptest/wordpress-develop/tests/phpunit/tests/user.php" line="785" assertions="1" time="0.038464"/>
        <testcase name="test_validate_username_empty" class="Tests_User" classname="Tests_User" file="/home/meng/Desktop/wptest/wordpress-develop/tests/phpunit/tests/user.php" line="796" assertions="1" time="0.037101"/>
        <testcase name="test_validate_username_invalid" class="Tests_User" classname="Tests_User" file="/home/meng/Desktop/wptest/wordpress-develop/tests/phpunit/tests/user.php" line="803" assertions="1" time="0.037732"/>
        <testcase name="test_wp_insert_user_should_not_wipe_existing_password" class="Tests_User" classname="Tests_User" file="/home/meng/Desktop/wptest/wordpress-develop/tests/phpunit/tests/user.php" line="810" assertions="2" time="0.117528"/>
        <testcase name="test_wp_insert_user_should_sanitize_user_nicename_parameter" class="Tests_User" classname="Tests_User" file="/home/meng/Desktop/wptest/wordpress-develop/tests/phpunit/tests/user.php" line="832" assertions="1" time="0.056165"/>
        <testcase name="test_wp_insert_user_should_accept_user_login_with_60_characters" class="Tests_User" classname="Tests_User" file="/home/meng/Desktop/wptest/wordpress-develop/tests/phpunit/tests/user.php" line="847" assertions="3" time="0.115818"/>
        <testcase name="test_wp_insert_user_should_reject_user_login_over_60_characters" class="Tests_User" classname="Tests_User" file="/home/meng/Desktop/wptest/wordpress-develop/tests/phpunit/tests/user.php" line="868" assertions="2" time="0.071723"/>
        <testcase name="test_wp_insert_user_should_reject_user_nicename_over_50_characters" class="Tests_User" classname="Tests_User" file="/home/meng/Desktop/wptest/wordpress-develop/tests/phpunit/tests/user.php" line="886" assertions="2" time="0.064777"/>
        <testcase name="test_wp_insert_user_should_not_generate_user_nicename_longer_than_50_chars" class="Tests_User" classname="Tests_User" file="/home/meng/Desktop/wptest/wordpress-develop/tests/phpunit/tests/user.php" line="904" assertions="2" time="0.104058"/>
        <testcase name="test_wp_insert_user_should_not_truncate_to_a_duplicate_user_nicename" class="Tests_User" classname="Tests_User" file="/home/meng/Desktop/wptest/wordpress-develop/tests/phpunit/tests/user.php" line="923" assertions="3" time="0.183165"/>
        <testcase name="test_wp_insert_user_should_not_truncate_to_a_duplicate_user_nicename_when_suffix_has_more_than_one_character" class="Tests_User" classname="Tests_User" file="/home/meng/Desktop/wptest/wordpress-develop/tests/phpunit/tests/user.php" line="953" assertions="6" time="0.358398"/>
        <testcase name="test_wp_insert_user_with_invalid_user_id" class="Tests_User" classname="Tests_User" file="/home/meng/Desktop/wptest/wordpress-develop/tests/phpunit/tests/user.php" line="989" assertions="2" time="0.048649"/>
        <testcase name="test_wp_insert_user_with_empty_data" class="Tests_User" classname="Tests_User" file="/home/meng/Desktop/wptest/wordpress-develop/tests/phpunit/tests/user.php" line="1009" assertions="2" time="0.079081"/>
        <testcase name="test_wp_update_user_should_delete_userslugs_cache" class="Tests_User" classname="Tests_User" file="/home/meng/Desktop/wptest/wordpress-develop/tests/phpunit/tests/user.php" line="1023" assertions="2" time="0.123955"/>
        <testcase name="test_changing_email_invalidates_password_reset_key" class="Tests_User" classname="Tests_User" file="/home/meng/Desktop/wptest/wordpress-develop/tests/phpunit/tests/user.php" line="1039" assertions="3" time="0.074178"/>
        <testcase name="test_changing_password_invalidates_password_reset_key" class="Tests_User" classname="Tests_User" file="/home/meng/Desktop/wptest/wordpress-develop/tests/phpunit/tests/user.php" line="1071" assertions="2" time="0.085173"/>
        <testcase name="test_search_users_login" class="Tests_User" classname="Tests_User" file="/home/meng/Desktop/wptest/wordpress-develop/tests/phpunit/tests/user.php" line="1091" assertions="1" time="0.040051"/>
        <testcase name="test_search_users_url" class="Tests_User" classname="Tests_User" file="/home/meng/Desktop/wptest/wordpress-develop/tests/phpunit/tests/user.php" line="1102" assertions="1" time="0.042515"/>
        <testcase name="test_search_users_email" class="Tests_User" classname="Tests_User" file="/home/meng/Desktop/wptest/wordpress-develop/tests/phpunit/tests/user.php" line="1113" assertions="1" time="0.042243"/>
        <testcase name="test_search_users_nicename" class="Tests_User" classname="Tests_User" file="/home/meng/Desktop/wptest/wordpress-develop/tests/phpunit/tests/user.php" line="1124" assertions="1" time="0.039988"/>
        <testcase name="test_search_users_display_name" class="Tests_User" classname="Tests_User" file="/home/meng/Desktop/wptest/wordpress-develop/tests/phpunit/tests/user.php" line="1135" assertions="1" time="0.039529"/>
        <testcase name="test_email_case" class="Tests_User" classname="Tests_User" file="/home/meng/Desktop/wptest/wordpress-develop/tests/phpunit/tests/user.php" line="1149" assertions="1" time="0.055897"/>
        <testcase name="test_email_change" class="Tests_User" classname="Tests_User" file="/home/meng/Desktop/wptest/wordpress-develop/tests/phpunit/tests/user.php" line="1163" assertions="2" time="0.056897"/>
        <testsuite name="Tests_User::test_wp_new_user_notification" tests="5" assertions="10" errors="0" failures="0" skipped="0" time="0.299124">
          <testcase name="test_wp_new_user_notification with data set #0" class="Tests_User" classname="Tests_User" file="/home/meng/Desktop/wptest/wordpress-develop/tests/phpunit/tests/user.php" line="1186" assertions="2" time="0.043553"/>
          <testcase name="test_wp_new_user_notification with data set #1" class="Tests_User" classname="Tests_User" file="/home/meng/Desktop/wptest/wordpress-develop/tests/phpunit/tests/user.php" line="1186" assertions="2" time="0.045224"/>
          <testcase name="test_wp_new_user_notification with data set #2" class="Tests_User" classname="Tests_User" file="/home/meng/Desktop/wptest/wordpress-develop/tests/phpunit/tests/user.php" line="1186" assertions="2" time="0.084327"/>
          <testcase name="test_wp_new_user_notification with data set #3" class="Tests_User" classname="Tests_User" file="/home/meng/Desktop/wptest/wordpress-develop/tests/phpunit/tests/user.php" line="1186" assertions="2" time="0.084637"/>
          <testcase name="test_wp_new_user_notification with data set #4" class="Tests_User" classname="Tests_User" file="/home/meng/Desktop/wptest/wordpress-develop/tests/phpunit/tests/user.php" line="1186" assertions="2" time="0.041383"/>
        </testsuite>
        <testcase name="test_wp_new_user_notification_old_signature_throws_deprecated_warning_but_sends" class="Tests_User" classname="Tests_User" file="/home/meng/Desktop/wptest/wordpress-develop/tests/phpunit/tests/user.php" line="1266" assertions="3" time="0.082307"/>
        <testcase name="test_wp_new_user_notification_old_signature_no_password" class="Tests_User" classname="Tests_User" file="/home/meng/Desktop/wptest/wordpress-develop/tests/phpunit/tests/user.php" line="1291" assertions="2" time="0.044697"/>
        <testcase name="test_new_admin_email_notification_html_entities_decoded" class="Tests_User" classname="Tests_User" file="/home/meng/Desktop/wptest/wordpress-develop/tests/phpunit/tests/user.php" line="1316" assertions="3" time="0.047722"/>
        <testsuite name="Tests_User::test_new_admin_email_confirmation_not_sent_when_email_invalid" tests="2" assertions="2" errors="0" failures="0" skipped="0" time="0.092234">
          <testcase name="test_new_admin_email_confirmation_not_sent_when_email_invalid with data set #0" class="Tests_User" classname="Tests_User" file="/home/meng/Desktop/wptest/wordpress-develop/tests/phpunit/tests/user.php" line="1349" assertions="1" time="0.044587"/>
          <testcase name="test_new_admin_email_confirmation_not_sent_when_email_invalid with data set #1" class="Tests_User" classname="Tests_User" file="/home/meng/Desktop/wptest/wordpress-develop/tests/phpunit/tests/user.php" line="1349" assertions="1" time="0.047647"/>
        </testsuite>
        <testsuite name="Tests_User::test_profile_email_confirmation_not_sent_invalid_email" tests="3" assertions="3" errors="0" failures="0" skipped="0" time="0.545383">
          <testcase name="test_profile_email_confirmation_not_sent_invalid_email with data set #0" class="Tests_User" classname="Tests_User" file="/home/meng/Desktop/wptest/wordpress-develop/tests/phpunit/tests/user.php" line="1390" assertions="1" time="0.179001"/>
          <testcase name="test_profile_email_confirmation_not_sent_invalid_email with data set #1" class="Tests_User" classname="Tests_User" file="/home/meng/Desktop/wptest/wordpress-develop/tests/phpunit/tests/user.php" line="1390" assertions="1" time="0.185930"/>
          <testcase name="test_profile_email_confirmation_not_sent_invalid_email with data set #2" class="Tests_User" classname="Tests_User" file="/home/meng/Desktop/wptest/wordpress-develop/tests/phpunit/tests/user.php" line="1390" assertions="1" time="0.180452"/>
        </testsuite>
        <testcase name="test_edit_user_blank_password" class="Tests_User" classname="Tests_User" file="/home/meng/Desktop/wptest/wordpress-develop/tests/phpunit/tests/user.php" line="1456" assertions="14" time="0.181594"/>
        <testcase name="test_send_confirmation_on_profile_email" class="Tests_User" classname="Tests_User" file="/home/meng/Desktop/wptest/wordpress-develop/tests/phpunit/tests/user.php" line="1537" assertions="3" time="0.111409"/>
        <testcase name="test_remove_send_confirmation_on_profile_email" class="Tests_User" classname="Tests_User" file="/home/meng/Desktop/wptest/wordpress-develop/tests/phpunit/tests/user.php" line="1572" assertions="3" time="0.112910"/>
        <testcase name="test_send_confirmation_on_profile_email_html_entities_decoded" class="Tests_User" classname="Tests_User" file="/home/meng/Desktop/wptest/wordpress-develop/tests/phpunit/tests/user.php" line="1612" assertions="3" time="0.122082"/>
        <testcase name="test_edit_user_role_update" class="Tests_User" classname="Tests_User" file="/home/meng/Desktop/wptest/wordpress-develop/tests/phpunit/tests/user.php" line="1648" assertions="4" time="0.227603"/>
        <testcase name="test_wp_user_personal_data_exporter_no_user" class="Tests_User" classname="Tests_User" file="/home/meng/Desktop/wptest/wordpress-develop/tests/phpunit/tests/user.php" line="1691" assertions="1" time="0.040527"/>
        <testcase name="test_wp_user_personal_data_exporter" class="Tests_User" classname="Tests_User" file="/home/meng/Desktop/wptest/wordpress-develop/tests/phpunit/tests/user.php" line="1708" assertions="3" time="0.041847"/>
        <testcase name="test_wp_community_events_location_ip_personal_data_exporter" class="Tests_User" classname="Tests_User" file="/home/meng/Desktop/wptest/wordpress-develop/tests/phpunit/tests/user.php" line="1728" assertions="4" time="0.044001"/>
        <testcase name="test_wp_community_events_location_city_personal_data_exporter" class="Tests_User" classname="Tests_User" file="/home/meng/Desktop/wptest/wordpress-develop/tests/phpunit/tests/user.php" line="1752" assertions="10" time="0.045128"/>
        <testcase name="test_wp_session_tokens_personal_data_exporter" class="Tests_User" classname="Tests_User" file="/home/meng/Desktop/wptest/wordpress-develop/tests/phpunit/tests/user.php" line="1794" assertions="10" time="0.048984"/>
        <testcase name="test_filter_wp_privacy_additional_user_profile_data" class="Tests_User" classname="Tests_User" file="/home/meng/Desktop/wptest/wordpress-develop/tests/phpunit/tests/user.php" line="1838" assertions="10" time="0.042189"/>
      </testsuite>
      <testsuite name="Tests_User_Author_Template" file="/home/meng/Desktop/wptest/wordpress-develop/tests/phpunit/tests/user/author.php" tests="7" assertions="26" errors="0" failures="0" skipped="0" time="0.516881">
        <testcase name="test_get_the_author" class="Tests_User_Author_Template" classname="Tests_User_Author_Template" file="/home/meng/Desktop/wptest/wordpress-develop/tests/phpunit/tests/user/author.php" line="46" assertions="2" time="0.051355"/>
        <testcase name="test_get_the_author_meta" class="Tests_User_Author_Template" classname="Tests_User_Author_Template" file="/home/meng/Desktop/wptest/wordpress-develop/tests/phpunit/tests/user/author.php" line="54" assertions="12" time="0.060112"/>
        <testcase name="test_get_the_author_meta_no_authordata" class="Tests_User_Author_Template" classname="Tests_User_Author_Template" file="/home/meng/Desktop/wptest/wordpress-develop/tests/phpunit/tests/user/author.php" line="75" assertions="3" time="0.043331"/>
        <testcase name="test_get_the_author_posts" class="Tests_User_Author_Template" classname="Tests_User_Author_Template" file="/home/meng/Desktop/wptest/wordpress-develop/tests/phpunit/tests/user/author.php" line="82" assertions="2" time="0.044630"/>
        <testcase name="test_get_the_author_posts_with_custom_post_type" class="Tests_User_Author_Template" classname="Tests_User_Author_Template" file="/home/meng/Desktop/wptest/wordpress-develop/tests/phpunit/tests/user/author.php" line="92" assertions="1" time="0.078877"/>
        <testcase name="test_get_the_author_posts_link_no_permalinks" class="Tests_User_Author_Template" classname="Tests_User_Author_Template" file="/home/meng/Desktop/wptest/wordpress-develop/tests/phpunit/tests/user/author.php" line="112" assertions="3" time="0.111880"/>
        <testcase name="test_get_the_author_posts_link_with_permalinks" class="Tests_User_Author_Template" classname="Tests_User_Author_Template" file="/home/meng/Desktop/wptest/wordpress-develop/tests/phpunit/tests/user/author.php" line="136" assertions="3" time="0.126696"/>
      </testsuite>
      <testsuite name="Tests_User_Capabilities" file="/home/meng/Desktop/wptest/wordpress-develop/tests/phpunit/tests/user/capabilities.php" tests="142" assertions="2566" errors="0" failures="0" skipped="0" time="8.932418">
        <testcase name="test_single_and_multisite_cap_tests_match" class="Tests_User_Capabilities" classname="Tests_User_Capabilities" file="/home/meng/Desktop/wptest/wordpress-develop/tests/phpunit/tests/user/capabilities.php" line="340" assertions="2" time="0.039666"/>
        <testcase name="test_all_caps_of_users_are_being_tested" class="Tests_User_Capabilities" classname="Tests_User_Capabilities" file="/home/meng/Desktop/wptest/wordpress-develop/tests/phpunit/tests/user/capabilities.php" line="357" assertions="12" time="0.039629"/>
        <testcase name="testPrimitiveCapsTestsAreCorrect" class="Tests_User_Capabilities" classname="Tests_User_Capabilities" file="/home/meng/Desktop/wptest/wordpress-develop/tests/phpunit/tests/user/capabilities.php" line="394" assertions="2" time="0.042925"/>
        <testcase name="testMetaCapsTestsAreCorrect" class="Tests_User_Capabilities" classname="Tests_User_Capabilities" file="/home/meng/Desktop/wptest/wordpress-develop/tests/phpunit/tests/user/capabilities.php" line="435" assertions="6" time="0.046569"/>
        <testcase name="test_all_roles_and_caps" class="Tests_User_Capabilities" classname="Tests_User_Capabilities" file="/home/meng/Desktop/wptest/wordpress-develop/tests/phpunit/tests/user/capabilities.php" line="515" assertions="986" time="0.186989"/>
        <testcase name="test_do_not_allow_is_denied_for_all_roles" class="Tests_User_Capabilities" classname="Tests_User_Capabilities" file="/home/meng/Desktop/wptest/wordpress-develop/tests/phpunit/tests/user/capabilities.php" line="550" assertions="15" time="0.107417"/>
        <testcase name="test_link_manager_caps" class="Tests_User_Capabilities" classname="Tests_User_Capabilities" file="/home/meng/Desktop/wptest/wordpress-develop/tests/phpunit/tests/user/capabilities.php" line="601" assertions="23" time="0.048166"/>
        <testcase name="test_unfiltered_upload_caps" class="Tests_User_Capabilities" classname="Tests_User_Capabilities" file="/home/meng/Desktop/wptest/wordpress-develop/tests/phpunit/tests/user/capabilities.php" line="639" assertions="11" time="0.041079"/>
        <testsuite name="Tests_User_Capabilities::test_user_can_edit_comment_on_own_post" tests="5" assertions="5" errors="0" failures="0" skipped="0" time="0.372226">
          <testcase name="test_user_can_edit_comment_on_own_post with data set #0" class="Tests_User_Capabilities" classname="Tests_User_Capabilities" file="/home/meng/Desktop/wptest/wordpress-develop/tests/phpunit/tests/user/capabilities.php" line="656" assertions="1" time="0.071257"/>
          <testcase name="test_user_can_edit_comment_on_own_post with data set #1" class="Tests_User_Capabilities" classname="Tests_User_Capabilities" file="/home/meng/Desktop/wptest/wordpress-develop/tests/phpunit/tests/user/capabilities.php" line="656" assertions="1" time="0.076613"/>
          <testcase name="test_user_can_edit_comment_on_own_post with data set #2" class="Tests_User_Capabilities" classname="Tests_User_Capabilities" file="/home/meng/Desktop/wptest/wordpress-develop/tests/phpunit/tests/user/capabilities.php" line="656" assertions="1" time="0.068887"/>
          <testcase name="test_user_can_edit_comment_on_own_post with data set #3" class="Tests_User_Capabilities" classname="Tests_User_Capabilities" file="/home/meng/Desktop/wptest/wordpress-develop/tests/phpunit/tests/user/capabilities.php" line="656" assertions="1" time="0.071296"/>
          <testcase name="test_user_can_edit_comment_on_own_post with data set #4" class="Tests_User_Capabilities" classname="Tests_User_Capabilities" file="/home/meng/Desktop/wptest/wordpress-develop/tests/phpunit/tests/user/capabilities.php" line="656" assertions="1" time="0.084173"/>
        </testsuite>
        <testsuite name="Tests_User_Capabilities::test_user_can_edit_comment_on_others_post" tests="5" assertions="5" errors="0" failures="0" skipped="0" time="0.736537">
          <testcase name="test_user_can_edit_comment_on_others_post with data set #0" class="Tests_User_Capabilities" classname="Tests_User_Capabilities" file="/home/meng/Desktop/wptest/wordpress-develop/tests/phpunit/tests/user/capabilities.php" line="679" assertions="1" time="0.151580"/>
          <testcase name="test_user_can_edit_comment_on_others_post with data set #1" class="Tests_User_Capabilities" classname="Tests_User_Capabilities" file="/home/meng/Desktop/wptest/wordpress-develop/tests/phpunit/tests/user/capabilities.php" line="679" assertions="1" time="0.139626"/>
          <testcase name="test_user_can_edit_comment_on_others_post with data set #2" class="Tests_User_Capabilities" classname="Tests_User_Capabilities" file="/home/meng/Desktop/wptest/wordpress-develop/tests/phpunit/tests/user/capabilities.php" line="679" assertions="1" time="0.139545"/>
          <testcase name="test_user_can_edit_comment_on_others_post with data set #3" class="Tests_User_Capabilities" classname="Tests_User_Capabilities" file="/home/meng/Desktop/wptest/wordpress-develop/tests/phpunit/tests/user/capabilities.php" line="679" assertions="1" time="0.160089"/>
          <testcase name="test_user_can_edit_comment_on_others_post with data set #4" class="Tests_User_Capabilities" classname="Tests_User_Capabilities" file="/home/meng/Desktop/wptest/wordpress-develop/tests/phpunit/tests/user/capabilities.php" line="679" assertions="1" time="0.145697"/>
        </testsuite>
        <testcase name="test_bogus_role" class="Tests_User_Capabilities" classname="Tests_User_Capabilities" file="/home/meng/Desktop/wptest/wordpress-develop/tests/phpunit/tests/user/capabilities.php" line="757" assertions="196" time="0.137703"/>
        <testcase name="test_user_subscriber_contributor" class="Tests_User_Capabilities" classname="Tests_User_Capabilities" file="/home/meng/Desktop/wptest/wordpress-develop/tests/phpunit/tests/user/capabilities.php" line="777" assertions="197" time="0.080571"/>
        <testcase name="test_add_empty_role" class="Tests_User_Capabilities" classname="Tests_User_Capabilities" file="/home/meng/Desktop/wptest/wordpress-develop/tests/phpunit/tests/user/capabilities.php" line="809" assertions="198" time="0.131780"/>
        <testcase name="test_add_role" class="Tests_User_Capabilities" classname="Tests_User_Capabilities" file="/home/meng/Desktop/wptest/wordpress-develop/tests/phpunit/tests/user/capabilities.php" line="842" assertions="138" time="0.132641"/>
        <testcase name="test_role_add_cap" class="Tests_User_Capabilities" classname="Tests_User_Capabilities" file="/home/meng/Desktop/wptest/wordpress-develop/tests/phpunit/tests/user/capabilities.php" line="888" assertions="103" time="0.126072"/>
        <testcase name="test_role_remove_cap" class="Tests_User_Capabilities" classname="Tests_User_Capabilities" file="/home/meng/Desktop/wptest/wordpress-develop/tests/phpunit/tests/user/capabilities.php" line="930" assertions="8" time="0.111396"/>
        <testcase name="test_user_add_cap" class="Tests_User_Capabilities" classname="Tests_User_Capabilities" file="/home/meng/Desktop/wptest/wordpress-develop/tests/phpunit/tests/user/capabilities.php" line="974" assertions="104" time="0.188625"/>
        <testcase name="test_user_remove_cap" class="Tests_User_Capabilities" classname="Tests_User_Capabilities" file="/home/meng/Desktop/wptest/wordpress-develop/tests/phpunit/tests/user/capabilities.php" line="1013" assertions="7" time="0.184248"/>
        <testcase name="test_user_level_update" class="Tests_User_Capabilities" classname="Tests_User_Capabilities" file="/home/meng/Desktop/wptest/wordpress-develop/tests/phpunit/tests/user/capabilities.php" line="1045" assertions="6" time="0.130726"/>
        <testcase name="test_user_remove_all_caps" class="Tests_User_Capabilities" classname="Tests_User_Capabilities" file="/home/meng/Desktop/wptest/wordpress-develop/tests/phpunit/tests/user/capabilities.php" line="1068" assertions="105" time="0.144201"/>
        <testcase name="test_post_meta_caps" class="Tests_User_Capabilities" classname="Tests_User_Capabilities" file="/home/meng/Desktop/wptest/wordpress-develop/tests/phpunit/tests/user/capabilities.php" line="1109" assertions="35" time="0.377291"/>
        <testsuite name="Tests_User_Capabilities::test_authorless_post" tests="3" assertions="24" errors="0" failures="0" skipped="0" time="0.210291">
          <testcase name="test_authorless_post with data set #0" class="Tests_User_Capabilities" classname="Tests_User_Capabilities" file="/home/meng/Desktop/wptest/wordpress-develop/tests/phpunit/tests/user/capabilities.php" line="1208" assertions="8" time="0.067678"/>
          <testcase name="test_authorless_post with data set #1" class="Tests_User_Capabilities" classname="Tests_User_Capabilities" file="/home/meng/Desktop/wptest/wordpress-develop/tests/phpunit/tests/user/capabilities.php" line="1208" assertions="8" time="0.070899"/>
          <testcase name="test_authorless_post with data set #2" class="Tests_User_Capabilities" classname="Tests_User_Capabilities" file="/home/meng/Desktop/wptest/wordpress-develop/tests/phpunit/tests/user/capabilities.php" line="1208" assertions="8" time="0.071714"/>
        </testsuite>
        <testcase name="test_create_posts_caps" class="Tests_User_Capabilities" classname="Tests_User_Capabilities" file="/home/meng/Desktop/wptest/wordpress-develop/tests/phpunit/tests/user/capabilities.php" line="1238" assertions="29" time="0.063537"/>
        <testcase name="test_page_meta_caps" class="Tests_User_Capabilities" classname="Tests_User_Capabilities" file="/home/meng/Desktop/wptest/wordpress-develop/tests/phpunit/tests/user/capabilities.php" line="1304" assertions="11" time="0.125660"/>
        <testsuite name="Tests_User_Capabilities::test_taxonomy_capabilities_are_correct" tests="3" assertions="12" errors="0" failures="0" skipped="0" time="0.140931">
          <testcase name="test_taxonomy_capabilities_are_correct with data set #0" class="Tests_User_Capabilities" classname="Tests_User_Capabilities" file="/home/meng/Desktop/wptest/wordpress-develop/tests/phpunit/tests/user/capabilities.php" line="1347" assertions="4" time="0.049188"/>
          <testcase name="test_taxonomy_capabilities_are_correct with data set #1" class="Tests_User_Capabilities" classname="Tests_User_Capabilities" file="/home/meng/Desktop/wptest/wordpress-develop/tests/phpunit/tests/user/capabilities.php" line="1347" assertions="4" time="0.046545"/>
          <testcase name="test_taxonomy_capabilities_are_correct with data set #2" class="Tests_User_Capabilities" classname="Tests_User_Capabilities" file="/home/meng/Desktop/wptest/wordpress-develop/tests/phpunit/tests/user/capabilities.php" line="1347" assertions="4" time="0.045198"/>
        </testsuite>
        <testsuite name="Tests_User_Capabilities::test_default_taxonomy_term_cannot_be_deleted" tests="3" assertions="6" errors="0" failures="0" skipped="0" time="0.172721">
          <testcase name="test_default_taxonomy_term_cannot_be_deleted with data set #0" class="Tests_User_Capabilities" classname="Tests_User_Capabilities" file="/home/meng/Desktop/wptest/wordpress-develop/tests/phpunit/tests/user/capabilities.php" line="1380" assertions="2" time="0.057128"/>
          <testcase name="test_default_taxonomy_term_cannot_be_deleted with data set #1" class="Tests_User_Capabilities" classname="Tests_User_Capabilities" file="/home/meng/Desktop/wptest/wordpress-develop/tests/phpunit/tests/user/capabilities.php" line="1380" assertions="2" time="0.058517"/>
          <testcase name="test_default_taxonomy_term_cannot_be_deleted with data set #2" class="Tests_User_Capabilities" classname="Tests_User_Capabilities" file="/home/meng/Desktop/wptest/wordpress-develop/tests/phpunit/tests/user/capabilities.php" line="1380" assertions="2" time="0.057076"/>
        </testsuite>
        <testsuite name="Tests_User_Capabilities::test_taxonomy_caps_map_correctly_to_their_meta_cap" tests="3" assertions="45" errors="0" failures="0" skipped="0" time="0.221537">
          <testcase name="test_taxonomy_caps_map_correctly_to_their_meta_cap with data set #0" class="Tests_User_Capabilities" classname="Tests_User_Capabilities" file="/home/meng/Desktop/wptest/wordpress-develop/tests/phpunit/tests/user/capabilities.php" line="1404" assertions="15" time="0.069641"/>
          <testcase name="test_taxonomy_caps_map_correctly_to_their_meta_cap with data set #1" class="Tests_User_Capabilities" classname="Tests_User_Capabilities" file="/home/meng/Desktop/wptest/wordpress-develop/tests/phpunit/tests/user/capabilities.php" line="1404" assertions="15" time="0.078110"/>
          <testcase name="test_taxonomy_caps_map_correctly_to_their_meta_cap with data set #2" class="Tests_User_Capabilities" classname="Tests_User_Capabilities" file="/home/meng/Desktop/wptest/wordpress-develop/tests/phpunit/tests/user/capabilities.php" line="1404" assertions="15" time="0.073786"/>
        </testsuite>
        <testcase name="test_taxonomy_capabilities_with_custom_caps_are_correct" class="Tests_User_Capabilities" classname="Tests_User_Capabilities" file="/home/meng/Desktop/wptest/wordpress-develop/tests/phpunit/tests/user/capabilities.php" line="1453" assertions="4" time="0.040072"/>
        <testcase name="test_taxonomy_meta_capabilities_with_non_existent_terms" class="Tests_User_Capabilities" classname="Tests_User_Capabilities" file="/home/meng/Desktop/wptest/wordpress-develop/tests/phpunit/tests/user/capabilities.php" line="1487" assertions="3" time="0.045693"/>
        <testcase name="test_negative_caps" class="Tests_User_Capabilities" classname="Tests_User_Capabilities" file="/home/meng/Desktop/wptest/wordpress-develop/tests/phpunit/tests/user/capabilities.php" line="1508" assertions="4" time="0.053998"/>
        <testcase name="test_set_role_same_role" class="Tests_User_Capabilities" classname="Tests_User_Capabilities" file="/home/meng/Desktop/wptest/wordpress-develop/tests/phpunit/tests/user/capabilities.php" line="1523" assertions="3" time="0.038990"/>
        <testcase name="test_current_user_can_for_blog" class="Tests_User_Capabilities" classname="Tests_User_Capabilities" file="/home/meng/Desktop/wptest/wordpress-develop/tests/phpunit/tests/user/capabilities.php" line="1532" assertions="3" time="0.041895"/>
        <testcase name="test_current_user_edit_caps" class="Tests_User_Capabilities" classname="Tests_User_Capabilities" file="/home/meng/Desktop/wptest/wordpress-develop/tests/phpunit/tests/user/capabilities.php" line="1589" assertions="4" time="0.063148"/>
        <testcase name="test_subscriber_cant_edit_posts" class="Tests_User_Capabilities" classname="Tests_User_Capabilities" file="/home/meng/Desktop/wptest/wordpress-develop/tests/phpunit/tests/user/capabilities.php" line="1606" assertions="2" time="0.072936"/>
        <testcase name="test_user_can_edit_self" class="Tests_User_Capabilities" classname="Tests_User_Capabilities" file="/home/meng/Desktop/wptest/wordpress-develop/tests/phpunit/tests/user/capabilities.php" line="1628" assertions="5" time="0.054081"/>
        <testcase name="test_only_admins_and_super_admins_can_remove_users" class="Tests_User_Capabilities" classname="Tests_User_Capabilities" file="/home/meng/Desktop/wptest/wordpress-develop/tests/phpunit/tests/user/capabilities.php" line="1635" assertions="5" time="0.048257"/>
        <testcase name="test_only_admins_can_delete_users_on_single_site" class="Tests_User_Capabilities" classname="Tests_User_Capabilities" file="/home/meng/Desktop/wptest/wordpress-develop/tests/phpunit/tests/user/capabilities.php" line="1664" assertions="5" time="0.048042"/>
        <testcase name="test_only_admins_and_super_admins_can_promote_users" class="Tests_User_Capabilities" classname="Tests_User_Capabilities" file="/home/meng/Desktop/wptest/wordpress-develop/tests/phpunit/tests/user/capabilities.php" line="1673" assertions="5" time="0.050379"/>
        <testcase name="test_contributor_cannot_edit_scheduled_post" class="Tests_User_Capabilities" classname="Tests_User_Capabilities" file="/home/meng/Desktop/wptest/wordpress-develop/tests/phpunit/tests/user/capabilities.php" line="1689" assertions="7" time="0.119136"/>
        <testcase name="test_require_edit_others_posts_if_post_type_doesnt_exist" class="Tests_User_Capabilities" classname="Tests_User_Capabilities" file="/home/meng/Desktop/wptest/wordpress-develop/tests/phpunit/tests/user/capabilities.php" line="1757" assertions="17" time="0.091545"/>
        <testcase name="test_require_edit_others_posts_if_post_status_doesnt_exist" class="Tests_User_Capabilities" classname="Tests_User_Capabilities" file="/home/meng/Desktop/wptest/wordpress-develop/tests/phpunit/tests/user/capabilities.php" line="1780" assertions="9" time="0.069201"/>
        <testcase name="test_cpt_with_page_capability_type" class="Tests_User_Capabilities" classname="Tests_User_Capabilities" file="/home/meng/Desktop/wptest/wordpress-develop/tests/phpunit/tests/user/capabilities.php" line="1802" assertions="13" time="0.089952"/>
        <testcase name="test_non_logged_in_users_have_no_capabilities" class="Tests_User_Capabilities" classname="Tests_User_Capabilities" file="/home/meng/Desktop/wptest/wordpress-develop/tests/phpunit/tests/user/capabilities.php" line="1851" assertions="102" time="0.056284"/>
        <testcase name="test_wp_logout_should_clear_current_user" class="Tests_User_Capabilities" classname="Tests_User_Capabilities" file="/home/meng/Desktop/wptest/wordpress-develop/tests/phpunit/tests/user/capabilities.php" line="1871" assertions="1" time="0.129660"/>
        <testcase name="test_wp_roles_init_action" class="Tests_User_Capabilities" classname="Tests_User_Capabilities" file="/home/meng/Desktop/wptest/wordpress-develop/tests/phpunit/tests/user/capabilities.php" line="1886" assertions="2" time="0.044639"/>
        <testcase name="test_wp_roles_reinit_deprecated" class="Tests_User_Capabilities" classname="Tests_User_Capabilities" file="/home/meng/Desktop/wptest/wordpress-develop/tests/phpunit/tests/user/capabilities.php" line="1916" assertions="1" time="0.048506"/>
        <testcase name="test_no_one_can_edit_user_meta_for_non_existent_term" class="Tests_User_Capabilities" classname="Tests_User_Capabilities" file="/home/meng/Desktop/wptest/wordpress-develop/tests/phpunit/tests/user/capabilities.php" line="1924" assertions="1" time="0.052815"/>
        <testcase name="test_user_can_edit_user_meta" class="Tests_User_Capabilities" classname="Tests_User_Capabilities" file="/home/meng/Desktop/wptest/wordpress-develop/tests/phpunit/tests/user/capabilities.php" line="1932" assertions="1" time="0.046078"/>
        <testcase name="test_user_cannot_edit_user_meta" class="Tests_User_Capabilities" classname="Tests_User_Capabilities" file="/home/meng/Desktop/wptest/wordpress-develop/tests/phpunit/tests/user/capabilities.php" line="1943" assertions="1" time="0.047824"/>
        <testcase name="test_no_one_can_delete_user_meta_for_non_existent_term" class="Tests_User_Capabilities" classname="Tests_User_Capabilities" file="/home/meng/Desktop/wptest/wordpress-develop/tests/phpunit/tests/user/capabilities.php" line="1951" assertions="1" time="0.052984"/>
        <testcase name="test_user_can_delete_user_meta" class="Tests_User_Capabilities" classname="Tests_User_Capabilities" file="/home/meng/Desktop/wptest/wordpress-develop/tests/phpunit/tests/user/capabilities.php" line="1959" assertions="1" time="0.052318"/>
        <testcase name="test_user_cannot_delete_user_meta" class="Tests_User_Capabilities" classname="Tests_User_Capabilities" file="/home/meng/Desktop/wptest/wordpress-develop/tests/phpunit/tests/user/capabilities.php" line="1970" assertions="1" time="0.046538"/>
        <testcase name="test_no_one_can_add_user_meta_for_non_existent_term" class="Tests_User_Capabilities" classname="Tests_User_Capabilities" file="/home/meng/Desktop/wptest/wordpress-develop/tests/phpunit/tests/user/capabilities.php" line="1978" assertions="1" time="0.047852"/>
        <testcase name="test_user_can_add_user_meta" class="Tests_User_Capabilities" classname="Tests_User_Capabilities" file="/home/meng/Desktop/wptest/wordpress-develop/tests/phpunit/tests/user/capabilities.php" line="1986" assertions="1" time="0.045196"/>
        <testcase name="test_user_cannot_add_user_meta" class="Tests_User_Capabilities" classname="Tests_User_Capabilities" file="/home/meng/Desktop/wptest/wordpress-develop/tests/phpunit/tests/user/capabilities.php" line="1997" assertions="1" time="0.047061"/>
        <testcase name="test_get_caps_data" class="Tests_User_Capabilities" classname="Tests_User_Capabilities" file="/home/meng/Desktop/wptest/wordpress-develop/tests/phpunit/tests/user/capabilities.php" line="2077" assertions="1" time="0.045617"/>
        <testcase name="test_user_get_site_id_default" class="Tests_User_Capabilities" classname="Tests_User_Capabilities" file="/home/meng/Desktop/wptest/wordpress-develop/tests/phpunit/tests/user/capabilities.php" line="2095" assertions="1" time="0.041207"/>
        <testcase name="test_user_get_site_id" class="Tests_User_Capabilities" classname="Tests_User_Capabilities" file="/home/meng/Desktop/wptest/wordpress-develop/tests/phpunit/tests/user/capabilities.php" line="2103" assertions="1" time="0.047486"/>
        <testcase name="test_get_roles_data" class="Tests_User_Capabilities" classname="Tests_User_Capabilities" file="/home/meng/Desktop/wptest/wordpress-develop/tests/phpunit/tests/user/capabilities.php" line="2147" assertions="1" time="0.048693"/>
        <testcase name="test_roles_get_site_id_default" class="Tests_User_Capabilities" classname="Tests_User_Capabilities" file="/home/meng/Desktop/wptest/wordpress-develop/tests/phpunit/tests/user/capabilities.php" line="2170" assertions="1" time="0.049245"/>
        <testcase name="test_roles_get_site_id" class="Tests_User_Capabilities" classname="Tests_User_Capabilities" file="/home/meng/Desktop/wptest/wordpress-develop/tests/phpunit/tests/user/capabilities.php" line="2178" assertions="1" time="0.047650"/>
        <testsuite name="Tests_User_Capabilities::test_block_caps" tests="65" assertions="65" errors="0" failures="0" skipped="0" time="2.666307">
          <testcase name="test_block_caps with data set #0" class="Tests_User_Capabilities" classname="Tests_User_Capabilities" file="/home/meng/Desktop/wptest/wordpress-develop/tests/phpunit/tests/user/capabilities.php" line="2193" assertions="1" time="0.040646"/>
          <testcase name="test_block_caps with data set #1" class="Tests_User_Capabilities" classname="Tests_User_Capabilities" file="/home/meng/Desktop/wptest/wordpress-develop/tests/phpunit/tests/user/capabilities.php" line="2193" assertions="1" time="0.043489"/>
          <testcase name="test_block_caps with data set #2" class="Tests_User_Capabilities" classname="Tests_User_Capabilities" file="/home/meng/Desktop/wptest/wordpress-develop/tests/phpunit/tests/user/capabilities.php" line="2193" assertions="1" time="0.043857"/>
          <testcase name="test_block_caps with data set #3" class="Tests_User_Capabilities" classname="Tests_User_Capabilities" file="/home/meng/Desktop/wptest/wordpress-develop/tests/phpunit/tests/user/capabilities.php" line="2193" assertions="1" time="0.040630"/>
          <testcase name="test_block_caps with data set #4" class="Tests_User_Capabilities" classname="Tests_User_Capabilities" file="/home/meng/Desktop/wptest/wordpress-develop/tests/phpunit/tests/user/capabilities.php" line="2193" assertions="1" time="0.043966"/>
          <testcase name="test_block_caps with data set #5" class="Tests_User_Capabilities" classname="Tests_User_Capabilities" file="/home/meng/Desktop/wptest/wordpress-develop/tests/phpunit/tests/user/capabilities.php" line="2193" assertions="1" time="0.045129"/>
          <testcase name="test_block_caps with data set #6" class="Tests_User_Capabilities" classname="Tests_User_Capabilities" file="/home/meng/Desktop/wptest/wordpress-develop/tests/phpunit/tests/user/capabilities.php" line="2193" assertions="1" time="0.037484"/>
          <testcase name="test_block_caps with data set #7" class="Tests_User_Capabilities" classname="Tests_User_Capabilities" file="/home/meng/Desktop/wptest/wordpress-develop/tests/phpunit/tests/user/capabilities.php" line="2193" assertions="1" time="0.040191"/>
          <testcase name="test_block_caps with data set #8" class="Tests_User_Capabilities" classname="Tests_User_Capabilities" file="/home/meng/Desktop/wptest/wordpress-develop/tests/phpunit/tests/user/capabilities.php" line="2193" assertions="1" time="0.041165"/>
          <testcase name="test_block_caps with data set #9" class="Tests_User_Capabilities" classname="Tests_User_Capabilities" file="/home/meng/Desktop/wptest/wordpress-develop/tests/phpunit/tests/user/capabilities.php" line="2193" assertions="1" time="0.038299"/>
          <testcase name="test_block_caps with data set #10" class="Tests_User_Capabilities" classname="Tests_User_Capabilities" file="/home/meng/Desktop/wptest/wordpress-develop/tests/phpunit/tests/user/capabilities.php" line="2193" assertions="1" time="0.048306"/>
          <testcase name="test_block_caps with data set #11" class="Tests_User_Capabilities" classname="Tests_User_Capabilities" file="/home/meng/Desktop/wptest/wordpress-develop/tests/phpunit/tests/user/capabilities.php" line="2193" assertions="1" time="0.044803"/>
          <testcase name="test_block_caps with data set #12" class="Tests_User_Capabilities" classname="Tests_User_Capabilities" file="/home/meng/Desktop/wptest/wordpress-develop/tests/phpunit/tests/user/capabilities.php" line="2193" assertions="1" time="0.041339"/>
          <testcase name="test_block_caps with data set #13" class="Tests_User_Capabilities" classname="Tests_User_Capabilities" file="/home/meng/Desktop/wptest/wordpress-develop/tests/phpunit/tests/user/capabilities.php" line="2193" assertions="1" time="0.041401"/>
          <testcase name="test_block_caps with data set #14" class="Tests_User_Capabilities" classname="Tests_User_Capabilities" file="/home/meng/Desktop/wptest/wordpress-develop/tests/phpunit/tests/user/capabilities.php" line="2193" assertions="1" time="0.038644"/>
          <testcase name="test_block_caps with data set #15" class="Tests_User_Capabilities" classname="Tests_User_Capabilities" file="/home/meng/Desktop/wptest/wordpress-develop/tests/phpunit/tests/user/capabilities.php" line="2193" assertions="1" time="0.039141"/>
          <testcase name="test_block_caps with data set #16" class="Tests_User_Capabilities" classname="Tests_User_Capabilities" file="/home/meng/Desktop/wptest/wordpress-develop/tests/phpunit/tests/user/capabilities.php" line="2193" assertions="1" time="0.039230"/>
          <testcase name="test_block_caps with data set #17" class="Tests_User_Capabilities" classname="Tests_User_Capabilities" file="/home/meng/Desktop/wptest/wordpress-develop/tests/phpunit/tests/user/capabilities.php" line="2193" assertions="1" time="0.038711"/>
          <testcase name="test_block_caps with data set #18" class="Tests_User_Capabilities" classname="Tests_User_Capabilities" file="/home/meng/Desktop/wptest/wordpress-develop/tests/phpunit/tests/user/capabilities.php" line="2193" assertions="1" time="0.040125"/>
          <testcase name="test_block_caps with data set #19" class="Tests_User_Capabilities" classname="Tests_User_Capabilities" file="/home/meng/Desktop/wptest/wordpress-develop/tests/phpunit/tests/user/capabilities.php" line="2193" assertions="1" time="0.042477"/>
          <testcase name="test_block_caps with data set #20" class="Tests_User_Capabilities" classname="Tests_User_Capabilities" file="/home/meng/Desktop/wptest/wordpress-develop/tests/phpunit/tests/user/capabilities.php" line="2193" assertions="1" time="0.046152"/>
          <testcase name="test_block_caps with data set #21" class="Tests_User_Capabilities" classname="Tests_User_Capabilities" file="/home/meng/Desktop/wptest/wordpress-develop/tests/phpunit/tests/user/capabilities.php" line="2193" assertions="1" time="0.043837"/>
          <testcase name="test_block_caps with data set #22" class="Tests_User_Capabilities" classname="Tests_User_Capabilities" file="/home/meng/Desktop/wptest/wordpress-develop/tests/phpunit/tests/user/capabilities.php" line="2193" assertions="1" time="0.038153"/>
          <testcase name="test_block_caps with data set #23" class="Tests_User_Capabilities" classname="Tests_User_Capabilities" file="/home/meng/Desktop/wptest/wordpress-develop/tests/phpunit/tests/user/capabilities.php" line="2193" assertions="1" time="0.037689"/>
          <testcase name="test_block_caps with data set #24" class="Tests_User_Capabilities" classname="Tests_User_Capabilities" file="/home/meng/Desktop/wptest/wordpress-develop/tests/phpunit/tests/user/capabilities.php" line="2193" assertions="1" time="0.039090"/>
          <testcase name="test_block_caps with data set #25" class="Tests_User_Capabilities" classname="Tests_User_Capabilities" file="/home/meng/Desktop/wptest/wordpress-develop/tests/phpunit/tests/user/capabilities.php" line="2193" assertions="1" time="0.037708"/>
          <testcase name="test_block_caps with data set #26" class="Tests_User_Capabilities" classname="Tests_User_Capabilities" file="/home/meng/Desktop/wptest/wordpress-develop/tests/phpunit/tests/user/capabilities.php" line="2193" assertions="1" time="0.042735"/>
          <testcase name="test_block_caps with data set #27" class="Tests_User_Capabilities" classname="Tests_User_Capabilities" file="/home/meng/Desktop/wptest/wordpress-develop/tests/phpunit/tests/user/capabilities.php" line="2193" assertions="1" time="0.038191"/>
          <testcase name="test_block_caps with data set #28" class="Tests_User_Capabilities" classname="Tests_User_Capabilities" file="/home/meng/Desktop/wptest/wordpress-develop/tests/phpunit/tests/user/capabilities.php" line="2193" assertions="1" time="0.042303"/>
          <testcase name="test_block_caps with data set #29" class="Tests_User_Capabilities" classname="Tests_User_Capabilities" file="/home/meng/Desktop/wptest/wordpress-develop/tests/phpunit/tests/user/capabilities.php" line="2193" assertions="1" time="0.041040"/>
          <testcase name="test_block_caps with data set #30" class="Tests_User_Capabilities" classname="Tests_User_Capabilities" file="/home/meng/Desktop/wptest/wordpress-develop/tests/phpunit/tests/user/capabilities.php" line="2193" assertions="1" time="0.044651"/>
          <testcase name="test_block_caps with data set #31" class="Tests_User_Capabilities" classname="Tests_User_Capabilities" file="/home/meng/Desktop/wptest/wordpress-develop/tests/phpunit/tests/user/capabilities.php" line="2193" assertions="1" time="0.044304"/>
          <testcase name="test_block_caps with data set #32" class="Tests_User_Capabilities" classname="Tests_User_Capabilities" file="/home/meng/Desktop/wptest/wordpress-develop/tests/phpunit/tests/user/capabilities.php" line="2193" assertions="1" time="0.039595"/>
          <testcase name="test_block_caps with data set #33" class="Tests_User_Capabilities" classname="Tests_User_Capabilities" file="/home/meng/Desktop/wptest/wordpress-develop/tests/phpunit/tests/user/capabilities.php" line="2193" assertions="1" time="0.040275"/>
          <testcase name="test_block_caps with data set #34" class="Tests_User_Capabilities" classname="Tests_User_Capabilities" file="/home/meng/Desktop/wptest/wordpress-develop/tests/phpunit/tests/user/capabilities.php" line="2193" assertions="1" time="0.040746"/>
          <testcase name="test_block_caps with data set #35" class="Tests_User_Capabilities" classname="Tests_User_Capabilities" file="/home/meng/Desktop/wptest/wordpress-develop/tests/phpunit/tests/user/capabilities.php" line="2193" assertions="1" time="0.037880"/>
          <testcase name="test_block_caps with data set #36" class="Tests_User_Capabilities" classname="Tests_User_Capabilities" file="/home/meng/Desktop/wptest/wordpress-develop/tests/phpunit/tests/user/capabilities.php" line="2193" assertions="1" time="0.038264"/>
          <testcase name="test_block_caps with data set #37" class="Tests_User_Capabilities" classname="Tests_User_Capabilities" file="/home/meng/Desktop/wptest/wordpress-develop/tests/phpunit/tests/user/capabilities.php" line="2193" assertions="1" time="0.041107"/>
          <testcase name="test_block_caps with data set #38" class="Tests_User_Capabilities" classname="Tests_User_Capabilities" file="/home/meng/Desktop/wptest/wordpress-develop/tests/phpunit/tests/user/capabilities.php" line="2193" assertions="1" time="0.043543"/>
          <testcase name="test_block_caps with data set #39" class="Tests_User_Capabilities" classname="Tests_User_Capabilities" file="/home/meng/Desktop/wptest/wordpress-develop/tests/phpunit/tests/user/capabilities.php" line="2193" assertions="1" time="0.043089"/>
          <testcase name="test_block_caps with data set #40" class="Tests_User_Capabilities" classname="Tests_User_Capabilities" file="/home/meng/Desktop/wptest/wordpress-develop/tests/phpunit/tests/user/capabilities.php" line="2193" assertions="1" time="0.041571"/>
          <testcase name="test_block_caps with data set #41" class="Tests_User_Capabilities" classname="Tests_User_Capabilities" file="/home/meng/Desktop/wptest/wordpress-develop/tests/phpunit/tests/user/capabilities.php" line="2193" assertions="1" time="0.039529"/>
          <testcase name="test_block_caps with data set #42" class="Tests_User_Capabilities" classname="Tests_User_Capabilities" file="/home/meng/Desktop/wptest/wordpress-develop/tests/phpunit/tests/user/capabilities.php" line="2193" assertions="1" time="0.042679"/>
          <testcase name="test_block_caps with data set #43" class="Tests_User_Capabilities" classname="Tests_User_Capabilities" file="/home/meng/Desktop/wptest/wordpress-develop/tests/phpunit/tests/user/capabilities.php" line="2193" assertions="1" time="0.038614"/>
          <testcase name="test_block_caps with data set #44" class="Tests_User_Capabilities" classname="Tests_User_Capabilities" file="/home/meng/Desktop/wptest/wordpress-develop/tests/phpunit/tests/user/capabilities.php" line="2193" assertions="1" time="0.038104"/>
          <testcase name="test_block_caps with data set #45" class="Tests_User_Capabilities" classname="Tests_User_Capabilities" file="/home/meng/Desktop/wptest/wordpress-develop/tests/phpunit/tests/user/capabilities.php" line="2193" assertions="1" time="0.040276"/>
          <testcase name="test_block_caps with data set #46" class="Tests_User_Capabilities" classname="Tests_User_Capabilities" file="/home/meng/Desktop/wptest/wordpress-develop/tests/phpunit/tests/user/capabilities.php" line="2193" assertions="1" time="0.038979"/>
          <testcase name="test_block_caps with data set #47" class="Tests_User_Capabilities" classname="Tests_User_Capabilities" file="/home/meng/Desktop/wptest/wordpress-develop/tests/phpunit/tests/user/capabilities.php" line="2193" assertions="1" time="0.044710"/>
          <testcase name="test_block_caps with data set #48" class="Tests_User_Capabilities" classname="Tests_User_Capabilities" file="/home/meng/Desktop/wptest/wordpress-develop/tests/phpunit/tests/user/capabilities.php" line="2193" assertions="1" time="0.039221"/>
          <testcase name="test_block_caps with data set #49" class="Tests_User_Capabilities" classname="Tests_User_Capabilities" file="/home/meng/Desktop/wptest/wordpress-develop/tests/phpunit/tests/user/capabilities.php" line="2193" assertions="1" time="0.040310"/>
          <testcase name="test_block_caps with data set #50" class="Tests_User_Capabilities" classname="Tests_User_Capabilities" file="/home/meng/Desktop/wptest/wordpress-develop/tests/phpunit/tests/user/capabilities.php" line="2193" assertions="1" time="0.037605"/>
          <testcase name="test_block_caps with data set #51" class="Tests_User_Capabilities" classname="Tests_User_Capabilities" file="/home/meng/Desktop/wptest/wordpress-develop/tests/phpunit/tests/user/capabilities.php" line="2193" assertions="1" time="0.038323"/>
          <testcase name="test_block_caps with data set #52" class="Tests_User_Capabilities" classname="Tests_User_Capabilities" file="/home/meng/Desktop/wptest/wordpress-develop/tests/phpunit/tests/user/capabilities.php" line="2193" assertions="1" time="0.038438"/>
          <testcase name="test_block_caps with data set #53" class="Tests_User_Capabilities" classname="Tests_User_Capabilities" file="/home/meng/Desktop/wptest/wordpress-develop/tests/phpunit/tests/user/capabilities.php" line="2193" assertions="1" time="0.041412"/>
          <testcase name="test_block_caps with data set #54" class="Tests_User_Capabilities" classname="Tests_User_Capabilities" file="/home/meng/Desktop/wptest/wordpress-develop/tests/phpunit/tests/user/capabilities.php" line="2193" assertions="1" time="0.041871"/>
          <testcase name="test_block_caps with data set #55" class="Tests_User_Capabilities" classname="Tests_User_Capabilities" file="/home/meng/Desktop/wptest/wordpress-develop/tests/phpunit/tests/user/capabilities.php" line="2193" assertions="1" time="0.042496"/>
          <testcase name="test_block_caps with data set #56" class="Tests_User_Capabilities" classname="Tests_User_Capabilities" file="/home/meng/Desktop/wptest/wordpress-develop/tests/phpunit/tests/user/capabilities.php" line="2193" assertions="1" time="0.040389"/>
          <testcase name="test_block_caps with data set #57" class="Tests_User_Capabilities" classname="Tests_User_Capabilities" file="/home/meng/Desktop/wptest/wordpress-develop/tests/phpunit/tests/user/capabilities.php" line="2193" assertions="1" time="0.038816"/>
          <testcase name="test_block_caps with data set #58" class="Tests_User_Capabilities" classname="Tests_User_Capabilities" file="/home/meng/Desktop/wptest/wordpress-develop/tests/phpunit/tests/user/capabilities.php" line="2193" assertions="1" time="0.042354"/>
          <testcase name="test_block_caps with data set #59" class="Tests_User_Capabilities" classname="Tests_User_Capabilities" file="/home/meng/Desktop/wptest/wordpress-develop/tests/phpunit/tests/user/capabilities.php" line="2193" assertions="1" time="0.038587"/>
          <testcase name="test_block_caps with data set #60" class="Tests_User_Capabilities" classname="Tests_User_Capabilities" file="/home/meng/Desktop/wptest/wordpress-develop/tests/phpunit/tests/user/capabilities.php" line="2193" assertions="1" time="0.038105"/>
          <testcase name="test_block_caps with data set #61" class="Tests_User_Capabilities" classname="Tests_User_Capabilities" file="/home/meng/Desktop/wptest/wordpress-develop/tests/phpunit/tests/user/capabilities.php" line="2193" assertions="1" time="0.043872"/>
          <testcase name="test_block_caps with data set #62" class="Tests_User_Capabilities" classname="Tests_User_Capabilities" file="/home/meng/Desktop/wptest/wordpress-develop/tests/phpunit/tests/user/capabilities.php" line="2193" assertions="1" time="0.045679"/>
          <testcase name="test_block_caps with data set #63" class="Tests_User_Capabilities" classname="Tests_User_Capabilities" file="/home/meng/Desktop/wptest/wordpress-develop/tests/phpunit/tests/user/capabilities.php" line="2193" assertions="1" time="0.046117"/>
          <testcase name="test_block_caps with data set #64" class="Tests_User_Capabilities" classname="Tests_User_Capabilities" file="/home/meng/Desktop/wptest/wordpress-develop/tests/phpunit/tests/user/capabilities.php" line="2193" assertions="1" time="0.038865"/>
        </testsuite>
      </testsuite>
      <testsuite name="Tests_User_CountUserPosts" file="/home/meng/Desktop/wptest/wordpress-develop/tests/phpunit/tests/user/countUserPosts.php" tests="5" assertions="5" errors="0" failures="0" skipped="0" time="0.217211">
        <testcase name="test_count_user_posts_post_type_should_default_to_post" class="Tests_User_CountUserPosts" classname="Tests_User_CountUserPosts" file="/home/meng/Desktop/wptest/wordpress-develop/tests/phpunit/tests/user/countUserPosts.php" line="66" assertions="1" time="0.042167"/>
        <testcase name="test_count_user_posts_post_type_post" class="Tests_User_CountUserPosts" classname="Tests_User_CountUserPosts" file="/home/meng/Desktop/wptest/wordpress-develop/tests/phpunit/tests/user/countUserPosts.php" line="73" assertions="1" time="0.041203"/>
        <testcase name="test_count_user_posts_post_type_cpt" class="Tests_User_CountUserPosts" classname="Tests_User_CountUserPosts" file="/home/meng/Desktop/wptest/wordpress-develop/tests/phpunit/tests/user/countUserPosts.php" line="80" assertions="1" time="0.041953"/>
        <testcase name="test_count_user_posts_with_multiple_post_types" class="Tests_User_CountUserPosts" classname="Tests_User_CountUserPosts" file="/home/meng/Desktop/wptest/wordpress-develop/tests/phpunit/tests/user/countUserPosts.php" line="87" assertions="1" time="0.045634"/>
        <testcase name="test_count_user_posts_should_ignore_non_existent_post_types" class="Tests_User_CountUserPosts" classname="Tests_User_CountUserPosts" file="/home/meng/Desktop/wptest/wordpress-develop/tests/phpunit/tests/user/countUserPosts.php" line="94" assertions="1" time="0.046254"/>
      </testsuite>
      <testsuite name="Tests_User_CountUsers" file="/home/meng/Desktop/wptest/wordpress-develop/tests/phpunit/tests/user/countUsers.php" tests="6" assertions="12" errors="0" failures="0" skipped="0" time="1.526184">
        <testsuite name="Tests_User_CountUsers::test_count_users_is_accurate" tests="2" assertions="4" errors="0" failures="0" skipped="0" time="0.924313">
          <testcase name="test_count_users_is_accurate with data set #0" class="Tests_User_CountUsers" classname="Tests_User_CountUsers" file="/home/meng/Desktop/wptest/wordpress-develop/tests/phpunit/tests/user/countUsers.php" line="14" assertions="2" time="0.469936"/>
          <testcase name="test_count_users_is_accurate with data set #1" class="Tests_User_CountUsers" classname="Tests_User_CountUsers" file="/home/meng/Desktop/wptest/wordpress-develop/tests/phpunit/tests/user/countUsers.php" line="14" assertions="2" time="0.454377"/>
        </testsuite>
        <testsuite name="Tests_User_CountUsers::test_count_users_is_accurate_with_multiple_roles" tests="2" assertions="6" errors="0" failures="0" skipped="0" time="0.373662">
          <testcase name="test_count_users_is_accurate_with_multiple_roles with data set #0" class="Tests_User_CountUsers" classname="Tests_User_CountUsers" file="/home/meng/Desktop/wptest/wordpress-develop/tests/phpunit/tests/user/countUsers.php" line="214" assertions="3" time="0.186293"/>
          <testcase name="test_count_users_is_accurate_with_multiple_roles with data set #1" class="Tests_User_CountUsers" classname="Tests_User_CountUsers" file="/home/meng/Desktop/wptest/wordpress-develop/tests/phpunit/tests/user/countUsers.php" line="214" assertions="3" time="0.187369"/>
        </testsuite>
        <testsuite name="Tests_User_CountUsers::test_count_users_should_not_count_users_who_are_not_in_posts_table" tests="2" assertions="2" errors="0" failures="0" skipped="0" time="0.228209">
          <testcase name="test_count_users_should_not_count_users_who_are_not_in_posts_table with data set #0" class="Tests_User_CountUsers" classname="Tests_User_CountUsers" file="/home/meng/Desktop/wptest/wordpress-develop/tests/phpunit/tests/user/countUsers.php" line="259" assertions="1" time="0.113717"/>
          <testcase name="test_count_users_should_not_count_users_who_are_not_in_posts_table with data set #1" class="Tests_User_CountUsers" classname="Tests_User_CountUsers" file="/home/meng/Desktop/wptest/wordpress-develop/tests/phpunit/tests/user/countUsers.php" line="259" assertions="1" time="0.114492"/>
        </testsuite>
      </testsuite>
      <testsuite name="Tests_User_DateQuery" file="/home/meng/Desktop/wptest/wordpress-develop/tests/phpunit/tests/user/dateQuery.php" tests="2" assertions="2" errors="0" failures="0" skipped="0" time="0.419662">
        <testcase name="test_user_registered" class="Tests_User_DateQuery" classname="Tests_User_DateQuery" file="/home/meng/Desktop/wptest/wordpress-develop/tests/phpunit/tests/user/dateQuery.php" line="11" assertions="1" time="0.176027"/>
        <testcase name="test_user_registered_relation_or" class="Tests_User_DateQuery" classname="Tests_User_DateQuery" file="/home/meng/Desktop/wptest/wordpress-develop/tests/phpunit/tests/user/dateQuery.php" line="39" assertions="1" time="0.243635"/>
      </testsuite>
      <testsuite name="Tests_User_ListAuthors" file="/home/meng/Desktop/wptest/wordpress-develop/tests/phpunit/tests/user/listAuthors.php" tests="13" assertions="13" errors="0" failures="0" skipped="0" time="0.680988">
        <testcase name="test_wp_list_authors_default" class="Tests_User_ListAuthors" classname="Tests_User_ListAuthors" file="/home/meng/Desktop/wptest/wordpress-develop/tests/phpunit/tests/user/listAuthors.php" line="77" assertions="1" time="0.046159"/>
        <testcase name="test_wp_list_authors_orderby" class="Tests_User_ListAuthors" classname="Tests_User_ListAuthors" file="/home/meng/Desktop/wptest/wordpress-develop/tests/phpunit/tests/user/listAuthors.php" line="86" assertions="1" time="0.046958"/>
        <testcase name="test_wp_list_authors_order" class="Tests_User_ListAuthors" classname="Tests_User_ListAuthors" file="/home/meng/Desktop/wptest/wordpress-develop/tests/phpunit/tests/user/listAuthors.php" line="103" assertions="1" time="0.047789"/>
        <testcase name="test_wp_list_authors_optioncount" class="Tests_User_ListAuthors" classname="Tests_User_ListAuthors" file="/home/meng/Desktop/wptest/wordpress-develop/tests/phpunit/tests/user/listAuthors.php" line="121" assertions="1" time="0.048814"/>
        <testcase name="test_wp_list_authors_exclude_admin" class="Tests_User_ListAuthors" classname="Tests_User_ListAuthors" file="/home/meng/Desktop/wptest/wordpress-develop/tests/phpunit/tests/user/listAuthors.php" line="138" assertions="1" time="0.083275"/>
        <testcase name="test_wp_list_authors_show_fullname" class="Tests_User_ListAuthors" classname="Tests_User_ListAuthors" file="/home/meng/Desktop/wptest/wordpress-develop/tests/phpunit/tests/user/listAuthors.php" line="163" assertions="1" time="0.059641"/>
        <testcase name="test_wp_list_authors_hide_empty" class="Tests_User_ListAuthors" classname="Tests_User_ListAuthors" file="/home/meng/Desktop/wptest/wordpress-develop/tests/phpunit/tests/user/listAuthors.php" line="180" assertions="1" time="0.058480"/>
        <testcase name="test_wp_list_authors_echo" class="Tests_User_ListAuthors" classname="Tests_User_ListAuthors" file="/home/meng/Desktop/wptest/wordpress-develop/tests/phpunit/tests/user/listAuthors.php" line="200" assertions="1" time="0.046477"/>
        <testcase name="test_wp_list_authors_feed" class="Tests_User_ListAuthors" classname="Tests_User_ListAuthors" file="/home/meng/Desktop/wptest/wordpress-develop/tests/phpunit/tests/user/listAuthors.php" line="210" assertions="1" time="0.051454"/>
        <testcase name="test_wp_list_authors_feed_image" class="Tests_User_ListAuthors" classname="Tests_User_ListAuthors" file="/home/meng/Desktop/wptest/wordpress-develop/tests/phpunit/tests/user/listAuthors.php" line="231" assertions="1" time="0.049596"/>
        <testcase name="test_wp_list_authors_feed_type" class="Tests_User_ListAuthors" classname="Tests_User_ListAuthors" file="/home/meng/Desktop/wptest/wordpress-develop/tests/phpunit/tests/user/listAuthors.php" line="255" assertions="1" time="0.048549"/>
        <testcase name="test_wp_list_authors_style" class="Tests_User_ListAuthors" classname="Tests_User_ListAuthors" file="/home/meng/Desktop/wptest/wordpress-develop/tests/phpunit/tests/user/listAuthors.php" line="277" assertions="1" time="0.046427"/>
        <testcase name="test_wp_list_authors_html" class="Tests_User_ListAuthors" classname="Tests_User_ListAuthors" file="/home/meng/Desktop/wptest/wordpress-develop/tests/phpunit/tests/user/listAuthors.php" line="294" assertions="1" time="0.047369"/>
      </testsuite>
      <testsuite name="Tests_User_MapMetaCap" file="/home/meng/Desktop/wptest/wordpress-develop/tests/phpunit/tests/user/mapMetaCap.php" tests="13" assertions="54" errors="0" failures="0" skipped="0" time="0.696544">
        <testcase name="test_capability_type_post_with_invalid_id" class="Tests_User_MapMetaCap" classname="Tests_User_MapMetaCap" file="/home/meng/Desktop/wptest/wordpress-develop/tests/phpunit/tests/user/mapMetaCap.php" line="44" assertions="1" time="0.039412"/>
        <testcase name="test_capability_type_post_with_no_extra_caps" class="Tests_User_MapMetaCap" classname="Tests_User_MapMetaCap" file="/home/meng/Desktop/wptest/wordpress-develop/tests/phpunit/tests/user/mapMetaCap.php" line="51" assertions="7" time="0.044382"/>
        <testcase name="test_custom_capability_type_with_map_meta_cap" class="Tests_User_MapMetaCap" classname="Tests_User_MapMetaCap" file="/home/meng/Desktop/wptest/wordpress-develop/tests/phpunit/tests/user/mapMetaCap.php" line="91" assertions="6" time="0.044936"/>
        <testcase name="test_capability_type_post_with_one_renamed_cap" class="Tests_User_MapMetaCap" classname="Tests_User_MapMetaCap" file="/home/meng/Desktop/wptest/wordpress-develop/tests/phpunit/tests/user/mapMetaCap.php" line="130" assertions="7" time="0.043489"/>
        <testcase name="test_capability_type_post_map_meta_cap_true_with_renamed_cap" class="Tests_User_MapMetaCap" classname="Tests_User_MapMetaCap" file="/home/meng/Desktop/wptest/wordpress-develop/tests/phpunit/tests/user/mapMetaCap.php" line="171" assertions="7" time="0.044605"/>
        <testcase name="test_capability_type_post_with_all_meta_caps_renamed" class="Tests_User_MapMetaCap" classname="Tests_User_MapMetaCap" file="/home/meng/Desktop/wptest/wordpress-develop/tests/phpunit/tests/user/mapMetaCap.php" line="216" assertions="7" time="0.049516"/>
        <testcase name="test_capability_type_post_with_all_meta_caps_renamed_mapped" class="Tests_User_MapMetaCap" classname="Tests_User_MapMetaCap" file="/home/meng/Desktop/wptest/wordpress-develop/tests/phpunit/tests/user/mapMetaCap.php" line="261" assertions="7" time="0.057436"/>
        <testcase name="test_delete_posts_cap_without_map_meta_cap" class="Tests_User_MapMetaCap" classname="Tests_User_MapMetaCap" file="/home/meng/Desktop/wptest/wordpress-develop/tests/phpunit/tests/user/mapMetaCap.php" line="310" assertions="2" time="0.044916"/>
        <testcase name="test_unfiltered_html_cap" class="Tests_User_MapMetaCap" classname="Tests_User_MapMetaCap" file="/home/meng/Desktop/wptest/wordpress-develop/tests/phpunit/tests/user/mapMetaCap.php" line="325" assertions="1" time="0.040429"/>
        <testcase name="test_file_edit_caps_not_reliant_on_unfiltered_html_constant" class="Tests_User_MapMetaCap" classname="Tests_User_MapMetaCap" file="/home/meng/Desktop/wptest/wordpress-develop/tests/phpunit/tests/user/mapMetaCap.php" line="341" assertions="5" time="0.040466"/>
        <testcase name="test_authorless_posts_capabilties" class="Tests_User_MapMetaCap" classname="Tests_User_MapMetaCap" file="/home/meng/Desktop/wptest/wordpress-develop/tests/phpunit/tests/user/mapMetaCap.php" line="359" assertions="2" time="0.126445"/>
        <testcase name="test_only_users_who_can_manage_options_can_delete_page_on_front" class="Tests_User_MapMetaCap" classname="Tests_User_MapMetaCap" file="/home/meng/Desktop/wptest/wordpress-develop/tests/phpunit/tests/user/mapMetaCap.php" line="379" assertions="1" time="0.060068"/>
        <testcase name="test_only_users_who_can_manage_options_can_delete_page_for_posts" class="Tests_User_MapMetaCap" classname="Tests_User_MapMetaCap" file="/home/meng/Desktop/wptest/wordpress-develop/tests/phpunit/tests/user/mapMetaCap.php" line="399" assertions="1" time="0.060444"/>
      </testsuite>
      <testsuite name="Tests_User_Query" file="/home/meng/Desktop/wptest/wordpress-develop/tests/phpunit/tests/user/query.php" tests="65" assertions="172" errors="0" failures="0" skipped="0" time="3.791496">
        <testcase name="test_get_and_set" class="Tests_User_Query" classname="Tests_User_Query" file="/home/meng/Desktop/wptest/wordpress-develop/tests/phpunit/tests/user/query.php" line="52" assertions="6" time="0.044723"/>
        <testcase name="test_include_single" class="Tests_User_Query" classname="Tests_User_Query" file="/home/meng/Desktop/wptest/wordpress-develop/tests/phpunit/tests/user/query.php" line="72" assertions="1" time="0.043041"/>
        <testcase name="test_include_comma_separated" class="Tests_User_Query" classname="Tests_User_Query" file="/home/meng/Desktop/wptest/wordpress-develop/tests/phpunit/tests/user/query.php" line="84" assertions="1" time="0.049768"/>
        <testcase name="test_include_array" class="Tests_User_Query" classname="Tests_User_Query" file="/home/meng/Desktop/wptest/wordpress-develop/tests/phpunit/tests/user/query.php" line="96" assertions="1" time="0.042450"/>
        <testcase name="test_include_array_bad_values" class="Tests_User_Query" classname="Tests_User_Query" file="/home/meng/Desktop/wptest/wordpress-develop/tests/phpunit/tests/user/query.php" line="108" assertions="1" time="0.045466"/>
        <testcase name="test_exclude" class="Tests_User_Query" classname="Tests_User_Query" file="/home/meng/Desktop/wptest/wordpress-develop/tests/phpunit/tests/user/query.php" line="120" assertions="2" time="0.042451"/>
        <testcase name="test_get_all" class="Tests_User_Query" classname="Tests_User_Query" file="/home/meng/Desktop/wptest/wordpress-develop/tests/phpunit/tests/user/query.php" line="135" assertions="28" time="0.062315"/>
        <testcase name="test_get_total_is_int" class="Tests_User_Query" classname="Tests_User_Query" file="/home/meng/Desktop/wptest/wordpress-develop/tests/phpunit/tests/user/query.php" line="161" assertions="1" time="0.056553"/>
        <testsuite name="Tests_User_Query::test_orderby_should_convert_non_prefixed_keys" tests="5" assertions="5" errors="0" failures="0" skipped="0" time="0.254974">
          <testcase name="test_orderby_should_convert_non_prefixed_keys with data set #0" class="Tests_User_Query" classname="Tests_User_Query" file="/home/meng/Desktop/wptest/wordpress-develop/tests/phpunit/tests/user/query.php" line="171" assertions="1" time="0.051233"/>
          <testcase name="test_orderby_should_convert_non_prefixed_keys with data set #1" class="Tests_User_Query" classname="Tests_User_Query" file="/home/meng/Desktop/wptest/wordpress-develop/tests/phpunit/tests/user/query.php" line="171" assertions="1" time="0.050526"/>
          <testcase name="test_orderby_should_convert_non_prefixed_keys with data set #2" class="Tests_User_Query" classname="Tests_User_Query" file="/home/meng/Desktop/wptest/wordpress-develop/tests/phpunit/tests/user/query.php" line="171" assertions="1" time="0.047343"/>
          <testcase name="test_orderby_should_convert_non_prefixed_keys with data set #3" class="Tests_User_Query" classname="Tests_User_Query" file="/home/meng/Desktop/wptest/wordpress-develop/tests/phpunit/tests/user/query.php" line="171" assertions="1" time="0.050710"/>
          <testcase name="test_orderby_should_convert_non_prefixed_keys with data set #4" class="Tests_User_Query" classname="Tests_User_Query" file="/home/meng/Desktop/wptest/wordpress-develop/tests/phpunit/tests/user/query.php" line="171" assertions="1" time="0.055162"/>
        </testsuite>
        <testcase name="test_orderby_meta_value" class="Tests_User_Query" classname="Tests_User_Query" file="/home/meng/Desktop/wptest/wordpress-develop/tests/phpunit/tests/user/query.php" line="191" assertions="1" time="0.050237"/>
        <testcase name="test_orderby_meta_value_num" class="Tests_User_Query" classname="Tests_User_Query" file="/home/meng/Desktop/wptest/wordpress-develop/tests/phpunit/tests/user/query.php" line="213" assertions="1" time="0.050390"/>
        <testcase name="test_orderby_somekey_where_meta_key_is_somekey" class="Tests_User_Query" classname="Tests_User_Query" file="/home/meng/Desktop/wptest/wordpress-develop/tests/phpunit/tests/user/query.php" line="235" assertions="1" time="0.051497"/>
        <testcase name="test_orderby_clause_key" class="Tests_User_Query" classname="Tests_User_Query" file="/home/meng/Desktop/wptest/wordpress-develop/tests/phpunit/tests/user/query.php" line="257" assertions="1" time="0.050759"/>
        <testcase name="test_orderby_clause_key_as_secondary_sort" class="Tests_User_Query" classname="Tests_User_Query" file="/home/meng/Desktop/wptest/wordpress-develop/tests/phpunit/tests/user/query.php" line="282" assertions="1" time="0.231063"/>
        <testcase name="test_orderby_more_than_one_clause_key" class="Tests_User_Query" classname="Tests_User_Query" file="/home/meng/Desktop/wptest/wordpress-develop/tests/phpunit/tests/user/query.php" line="325" assertions="1" time="0.056411"/>
        <testcase name="test_orderby_include_with_empty_include" class="Tests_User_Query" classname="Tests_User_Query" file="/home/meng/Desktop/wptest/wordpress-develop/tests/phpunit/tests/user/query.php" line="359" assertions="1" time="0.050367"/>
        <testcase name="test_orderby_include" class="Tests_User_Query" classname="Tests_User_Query" file="/home/meng/Desktop/wptest/wordpress-develop/tests/phpunit/tests/user/query.php" line="372" assertions="2" time="0.042299"/>
        <testcase name="test_orderby_include_duplicate_values" class="Tests_User_Query" classname="Tests_User_Query" file="/home/meng/Desktop/wptest/wordpress-develop/tests/phpunit/tests/user/query.php" line="393" assertions="2" time="0.041692"/>
        <testcase name="test_orderby_space_separated" class="Tests_User_Query" classname="Tests_User_Query" file="/home/meng/Desktop/wptest/wordpress-develop/tests/phpunit/tests/user/query.php" line="414" assertions="1" time="0.049421"/>
        <testcase name="test_orderby_flat_array" class="Tests_User_Query" classname="Tests_User_Query" file="/home/meng/Desktop/wptest/wordpress-develop/tests/phpunit/tests/user/query.php" line="428" assertions="1" time="0.051211"/>
        <testcase name="test_orderby_array_contains_invalid_item" class="Tests_User_Query" classname="Tests_User_Query" file="/home/meng/Desktop/wptest/wordpress-develop/tests/phpunit/tests/user/query.php" line="441" assertions="1" time="0.048805"/>
        <testcase name="test_orderby_array_contains_all_invalid_items" class="Tests_User_Query" classname="Tests_User_Query" file="/home/meng/Desktop/wptest/wordpress-develop/tests/phpunit/tests/user/query.php" line="454" assertions="1" time="0.051815"/>
        <testcase name="test_orderby_array" class="Tests_User_Query" classname="Tests_User_Query" file="/home/meng/Desktop/wptest/wordpress-develop/tests/phpunit/tests/user/query.php" line="467" assertions="1" time="0.049933"/>
        <testcase name="test_orderby_array_should_discard_invalid_columns" class="Tests_User_Query" classname="Tests_User_Query" file="/home/meng/Desktop/wptest/wordpress-develop/tests/phpunit/tests/user/query.php" line="484" assertions="1" time="0.051753"/>
        <testcase name="test_number" class="Tests_User_Query" classname="Tests_User_Query" file="/home/meng/Desktop/wptest/wordpress-develop/tests/phpunit/tests/user/query.php" line="501" assertions="4" time="0.059825"/>
        <testcase name="test_prepare_query" class="Tests_User_Query" classname="Tests_User_Query" file="/home/meng/Desktop/wptest/wordpress-develop/tests/phpunit/tests/user/query.php" line="538" assertions="20" time="0.043866"/>
        <testcase name="test_meta_vars_should_be_converted_to_meta_query" class="Tests_User_Query" classname="Tests_User_Query" file="/home/meng/Desktop/wptest/wordpress-develop/tests/phpunit/tests/user/query.php" line="576" assertions="4" time="0.040116"/>
        <testcase name="test_meta_query_with_role" class="Tests_User_Query" classname="Tests_User_Query" file="/home/meng/Desktop/wptest/wordpress-develop/tests/phpunit/tests/user/query.php" line="603" assertions="1" time="0.049624"/>
        <testcase name="test_roles_and_caps_should_be_populated_for_default_value_of_blog_id" class="Tests_User_Query" classname="Tests_User_Query" file="/home/meng/Desktop/wptest/wordpress-develop/tests/phpunit/tests/user/query.php" line="629" assertions="3" time="0.039850"/>
        <testcase name="test_roles_and_caps_should_be_populated_for_explicit_value_of_blog_id_on_nonms" class="Tests_User_Query" classname="Tests_User_Query" file="/home/meng/Desktop/wptest/wordpress-develop/tests/phpunit/tests/user/query.php" line="647" assertions="3" time="0.040125"/>
        <testcase name="test_has_published_posts_with_value_true_should_show_authors_of_posts_in_public_post_types" class="Tests_User_Query" classname="Tests_User_Query" file="/home/meng/Desktop/wptest/wordpress-develop/tests/phpunit/tests/user/query.php" line="822" assertions="1" time="0.076921"/>
        <testcase name="test_has_published_posts_should_obey_post_types" class="Tests_User_Query" classname="Tests_User_Query" file="/home/meng/Desktop/wptest/wordpress-develop/tests/phpunit/tests/user/query.php" line="856" assertions="1" time="0.098796"/>
        <testcase name="test_has_published_posts_should_ignore_non_published_posts" class="Tests_User_Query" classname="Tests_User_Query" file="/home/meng/Desktop/wptest/wordpress-develop/tests/phpunit/tests/user/query.php" line="897" assertions="1" time="0.095848"/>
        <testcase name="test_top_level_or_meta_query_should_eliminate_duplicate_matches" class="Tests_User_Query" classname="Tests_User_Query" file="/home/meng/Desktop/wptest/wordpress-develop/tests/phpunit/tests/user/query.php" line="983" assertions="1" time="0.051168"/>
        <testcase name="test_nested_or_meta_query_should_eliminate_duplicate_matches" class="Tests_User_Query" classname="Tests_User_Query" file="/home/meng/Desktop/wptest/wordpress-develop/tests/phpunit/tests/user/query.php" line="1013" assertions="1" time="0.051139"/>
        <testcase name="test_nicename_returns_user_with_nicename" class="Tests_User_Query" classname="Tests_User_Query" file="/home/meng/Desktop/wptest/wordpress-develop/tests/phpunit/tests/user/query.php" line="1051" assertions="2" time="0.053418"/>
        <testcase name="test_nicename__in_returns_users_with_included_nicenames" class="Tests_User_Query" classname="Tests_User_Query" file="/home/meng/Desktop/wptest/wordpress-develop/tests/phpunit/tests/user/query.php" line="1075" assertions="2" time="0.080882"/>
        <testcase name="test_nicename__not_in_returns_users_without_included_nicenames" class="Tests_User_Query" classname="Tests_User_Query" file="/home/meng/Desktop/wptest/wordpress-develop/tests/phpunit/tests/user/query.php" line="1113" assertions="2" time="0.090901"/>
        <testcase name="test_orderby_nicename__in" class="Tests_User_Query" classname="Tests_User_Query" file="/home/meng/Desktop/wptest/wordpress-develop/tests/phpunit/tests/user/query.php" line="1151" assertions="2" time="0.093882"/>
        <testcase name="test_login_returns_user_with_login" class="Tests_User_Query" classname="Tests_User_Query" file="/home/meng/Desktop/wptest/wordpress-develop/tests/phpunit/tests/user/query.php" line="1190" assertions="2" time="0.042617"/>
        <testcase name="test_login__in_returns_users_with_included_logins" class="Tests_User_Query" classname="Tests_User_Query" file="/home/meng/Desktop/wptest/wordpress-develop/tests/phpunit/tests/user/query.php" line="1210" assertions="2" time="0.043859"/>
        <testcase name="test_login__not_in_returns_users_without_included_logins" class="Tests_User_Query" classname="Tests_User_Query" file="/home/meng/Desktop/wptest/wordpress-develop/tests/phpunit/tests/user/query.php" line="1231" assertions="2" time="0.053608"/>
        <testcase name="test_orderby_login__in" class="Tests_User_Query" classname="Tests_User_Query" file="/home/meng/Desktop/wptest/wordpress-develop/tests/phpunit/tests/user/query.php" line="1252" assertions="2" time="0.045749"/>
        <testcase name="test_paged" class="Tests_User_Query" classname="Tests_User_Query" file="/home/meng/Desktop/wptest/wordpress-develop/tests/phpunit/tests/user/query.php" line="1274" assertions="1" time="0.040180"/>
        <testcase name="test_query_vars_should_be_filled_in_after_pre_get_users" class="Tests_User_Query" classname="Tests_User_Query" file="/home/meng/Desktop/wptest/wordpress-develop/tests/phpunit/tests/user/query.php" line="1291" assertions="18" time="0.048750"/>
        <testcase name="test_get_single_role_by_user_query" class="Tests_User_Query" classname="Tests_User_Query" file="/home/meng/Desktop/wptest/wordpress-develop/tests/phpunit/tests/user/query.php" line="1313" assertions="1" time="0.040970"/>
        <testcase name="test_get_multiple_roles_by_user_query" class="Tests_User_Query" classname="Tests_User_Query" file="/home/meng/Desktop/wptest/wordpress-develop/tests/phpunit/tests/user/query.php" line="1323" assertions="1" time="0.044277"/>
        <testcase name="test_get_single_role_by_string" class="Tests_User_Query" classname="Tests_User_Query" file="/home/meng/Desktop/wptest/wordpress-develop/tests/phpunit/tests/user/query.php" line="1332" assertions="1" time="0.042516"/>
        <testcase name="test_get_single_role_by_string_which_is_similar" class="Tests_User_Query" classname="Tests_User_Query" file="/home/meng/Desktop/wptest/wordpress-develop/tests/phpunit/tests/user/query.php" line="1345" assertions="1" time="0.104953"/>
        <testcase name="test_get_single_role_by_array" class="Tests_User_Query" classname="Tests_User_Query" file="/home/meng/Desktop/wptest/wordpress-develop/tests/phpunit/tests/user/query.php" line="1368" assertions="1" time="0.041081"/>
        <testcase name="test_get_multiple_roles_should_only_match_users_who_have_each_role" class="Tests_User_Query" classname="Tests_User_Query" file="/home/meng/Desktop/wptest/wordpress-develop/tests/phpunit/tests/user/query.php" line="1381" assertions="4" time="0.060628"/>
        <testcase name="test_get_multiple_roles_or" class="Tests_User_Query" classname="Tests_User_Query" file="/home/meng/Desktop/wptest/wordpress-develop/tests/phpunit/tests/user/query.php" line="1405" assertions="9" time="0.047378"/>
        <testcase name="test_get_multiple_roles_by_comma_separated_list" class="Tests_User_Query" classname="Tests_User_Query" file="/home/meng/Desktop/wptest/wordpress-develop/tests/phpunit/tests/user/query.php" line="1419" assertions="2" time="0.057162"/>
        <testcase name="test_get_multiple_roles_with_meta" class="Tests_User_Query" classname="Tests_User_Query" file="/home/meng/Desktop/wptest/wordpress-develop/tests/phpunit/tests/user/query.php" line="1445" assertions="2" time="0.063827"/>
        <testcase name="test_role_exclusion" class="Tests_User_Query" classname="Tests_User_Query" file="/home/meng/Desktop/wptest/wordpress-develop/tests/phpunit/tests/user/query.php" line="1492" assertions="2" time="0.054826"/>
        <testcase name="test_role__in_role__not_in_combined" class="Tests_User_Query" classname="Tests_User_Query" file="/home/meng/Desktop/wptest/wordpress-develop/tests/phpunit/tests/user/query.php" line="1515" assertions="2" time="0.059871"/>
        <testcase name="test_role__not_in_role_combined" class="Tests_User_Query" classname="Tests_User_Query" file="/home/meng/Desktop/wptest/wordpress-develop/tests/phpunit/tests/user/query.php" line="1542" assertions="1" time="0.048218"/>
        <testcase name="test_role__not_in_user_without_role" class="Tests_User_Query" classname="Tests_User_Query" file="/home/meng/Desktop/wptest/wordpress-develop/tests/phpunit/tests/user/query.php" line="1559" assertions="2" time="0.060708"/>
        <testcase name="test_search_by_display_name_only" class="Tests_User_Query" classname="Tests_User_Query" file="/home/meng/Desktop/wptest/wordpress-develop/tests/phpunit/tests/user/query.php" line="1643" assertions="1" time="0.107792"/>
        <testcase name="test_search_by_display_name_only_ignore_others" class="Tests_User_Query" classname="Tests_User_Query" file="/home/meng/Desktop/wptest/wordpress-develop/tests/phpunit/tests/user/query.php" line="1671" assertions="1" time="0.105881"/>
        <testcase name="test_users_pre_query_filter_should_bypass_database_query" class="Tests_User_Query" classname="Tests_User_Query" file="/home/meng/Desktop/wptest/wordpress-develop/tests/phpunit/tests/user/query.php" line="1699" assertions="3" time="0.040890"/>
      </testsuite>
      <testsuite name="Tests_User_Session" file="/home/meng/Desktop/wptest/wordpress-develop/tests/phpunit/tests/user/session.php" tests="3" assertions="19" errors="0" failures="0" skipped="0" time="0.352344">
        <testcase name="test_verify_and_destroy_token" class="Tests_User_Session" classname="Tests_User_Session" file="/home/meng/Desktop/wptest/wordpress-develop/tests/phpunit/tests/user/session.php" line="19" assertions="5" time="0.113946"/>
        <testcase name="test_destroy_other_tokens" class="Tests_User_Session" classname="Tests_User_Session" file="/home/meng/Desktop/wptest/wordpress-develop/tests/phpunit/tests/user/session.php" line="28" assertions="8" time="0.115165"/>
        <testcase name="test_destroy_all_tokens" class="Tests_User_Session" classname="Tests_User_Session" file="/home/meng/Desktop/wptest/wordpress-develop/tests/phpunit/tests/user/session.php" line="42" assertions="6" time="0.123233"/>
      </testsuite>
      <testsuite name="Tests_User_Slashes" file="/home/meng/Desktop/wptest/wordpress-develop/tests/phpunit/tests/user/slashes.php" tests="4" assertions="40" errors="0" failures="0" skipped="0" time="0.574293">
        <testcase name="test_add_user" class="Tests_User_Slashes" classname="Tests_User_Slashes" file="/home/meng/Desktop/wptest/wordpress-develop/tests/phpunit/tests/user/slashes.php" line="36" assertions="10" time="0.201650"/>
        <testcase name="test_edit_user" class="Tests_User_Slashes" classname="Tests_User_Slashes" file="/home/meng/Desktop/wptest/wordpress-develop/tests/phpunit/tests/user/slashes.php" line="91" assertions="10" time="0.100343"/>
        <testcase name="test_wp_insert_user" class="Tests_User_Slashes" classname="Tests_User_Slashes" file="/home/meng/Desktop/wptest/wordpress-develop/tests/phpunit/tests/user/slashes.php" line="142" assertions="10" time="0.176914"/>
        <testcase name="test_wp_update_user" class="Tests_User_Slashes" classname="Tests_User_Slashes" file="/home/meng/Desktop/wptest/wordpress-develop/tests/phpunit/tests/user/slashes.php" line="189" assertions="10" time="0.095386"/>
      </testsuite>
      <testsuite name="Tests_User_UpdateUserCaches" file="/home/meng/Desktop/wptest/wordpress-develop/tests/phpunit/tests/user/updateUserCaches.php" tests="5" assertions="6" errors="0" failures="0" skipped="0" time="0.354940">
        <testcase name="test_should_store_entire_database_row_in_users_bucket" class="Tests_User_UpdateUserCaches" classname="Tests_User_UpdateUserCaches" file="/home/meng/Desktop/wptest/wordpress-develop/tests/phpunit/tests/user/updateUserCaches.php" line="7" assertions="1" time="0.111239"/>
        <testcase name="test_should_store_user_id_in_userlogins_bucket" class="Tests_User_UpdateUserCaches" classname="Tests_User_UpdateUserCaches" file="/home/meng/Desktop/wptest/wordpress-develop/tests/phpunit/tests/user/updateUserCaches.php" line="18" assertions="1" time="0.042463"/>
        <testcase name="test_should_store_user_id_in_useremail_bucket" class="Tests_User_UpdateUserCaches" classname="Tests_User_UpdateUserCaches" file="/home/meng/Desktop/wptest/wordpress-develop/tests/phpunit/tests/user/updateUserCaches.php" line="30" assertions="1" time="0.043679"/>
        <testcase name="test_should_store_user_id_in_userslugs_bucket" class="Tests_User_UpdateUserCaches" classname="Tests_User_UpdateUserCaches" file="/home/meng/Desktop/wptest/wordpress-develop/tests/phpunit/tests/user/updateUserCaches.php" line="42" assertions="1" time="0.042922"/>
        <testcase name="test_should_store_raw_data_in_users_bucket_when_passed_a_wp_user_object" class="Tests_User_UpdateUserCaches" classname="Tests_User_UpdateUserCaches" file="/home/meng/Desktop/wptest/wordpress-develop/tests/phpunit/tests/user/updateUserCaches.php" line="57" assertions="2" time="0.114637"/>
      </testsuite>
      <testsuite name="Tests_User_WpAuthenticateSpamCheck" file="/home/meng/Desktop/wptest/wordpress-develop/tests/phpunit/tests/user/wpAuthenticateSpamCheck.php" tests="1" assertions="1" errors="0" failures="0" skipped="0" time="0.117751">
        <testcase name="test_wp_authenticate_spam_check_returns_user_when_single_site" class="Tests_User_WpAuthenticateSpamCheck" classname="Tests_User_WpAuthenticateSpamCheck" file="/home/meng/Desktop/wptest/wordpress-develop/tests/phpunit/tests/user/wpAuthenticateSpamCheck.php" line="11" assertions="1" time="0.117751"/>
      </testsuite>
      <testsuite name="Tests_User_WpDeleteUser" file="/home/meng/Desktop/wptest/wordpress-develop/tests/phpunit/tests/user/wpDeleteUser.php" tests="7" assertions="30" errors="0" failures="0" skipped="0" time="1.017826">
        <testcase name="test_get_blogs_of_user" class="Tests_User_WpDeleteUser" classname="Tests_User_WpDeleteUser" file="/home/meng/Desktop/wptest/wordpress-develop/tests/phpunit/tests/user/wpDeleteUser.php" line="13" assertions="4" time="0.132585"/>
        <testcase name="test_is_user_member_of_blog" class="Tests_User_WpDeleteUser" classname="Tests_User_WpDeleteUser" file="/home/meng/Desktop/wptest/wordpress-develop/tests/phpunit/tests/user/wpDeleteUser.php" line="34" assertions="7" time="0.142710"/>
        <testcase name="test_delete_user" class="Tests_User_WpDeleteUser" classname="Tests_User_WpDeleteUser" file="/home/meng/Desktop/wptest/wordpress-develop/tests/phpunit/tests/user/wpDeleteUser.php" line="56" assertions="13" time="0.257227"/>
        <testcase name="test_wp_delete_user_reassignment_clears_post_caches" class="Tests_User_WpDeleteUser" classname="Tests_User_WpDeleteUser" file="/home/meng/Desktop/wptest/wordpress-develop/tests/phpunit/tests/user/wpDeleteUser.php" line="114" assertions="1" time="0.207863"/>
        <testcase name="test_numeric_string_user_id" class="Tests_User_WpDeleteUser" classname="Tests_User_WpDeleteUser" file="/home/meng/Desktop/wptest/wordpress-develop/tests/phpunit/tests/user/wpDeleteUser.php" line="130" assertions="2" time="0.132364"/>
        <testcase name="test_should_return_false_for_non_numeric_string_user_id" class="Tests_User_WpDeleteUser" classname="Tests_User_WpDeleteUser" file="/home/meng/Desktop/wptest/wordpress-develop/tests/phpunit/tests/user/wpDeleteUser.php" line="141" assertions="1" time="0.037892"/>
        <testcase name="test_should_return_false_for_object_user_id" class="Tests_User_WpDeleteUser" classname="Tests_User_WpDeleteUser" file="/home/meng/Desktop/wptest/wordpress-develop/tests/phpunit/tests/user/wpDeleteUser.php" line="149" assertions="2" time="0.107185"/>
      </testsuite>
      <testsuite name="Tests_User_WpDropdownUsers" file="/home/meng/Desktop/wptest/wordpress-develop/tests/phpunit/tests/user/wpDropdownUsers.php" tests="9" assertions="12" errors="0" failures="0" skipped="0" time="1.168211">
        <testcase name="test_default_value_of_show_should_be_display_name" class="Tests_User_WpDropdownUsers" classname="Tests_User_WpDropdownUsers" file="/home/meng/Desktop/wptest/wordpress-develop/tests/phpunit/tests/user/wpDropdownUsers.php" line="13" assertions="1" time="0.103746"/>
        <testcase name="test_show_should_display_display_name_show_is_specified_as_empty" class="Tests_User_WpDropdownUsers" classname="Tests_User_WpDropdownUsers" file="/home/meng/Desktop/wptest/wordpress-develop/tests/phpunit/tests/user/wpDropdownUsers.php" line="37" assertions="1" time="0.100406"/>
        <testcase name="test_show_should_display_user_property_when_the_value_of_show_is_a_valid_user_property" class="Tests_User_WpDropdownUsers" classname="Tests_User_WpDropdownUsers" file="/home/meng/Desktop/wptest/wordpress-develop/tests/phpunit/tests/user/wpDropdownUsers.php" line="63" assertions="1" time="0.109067"/>
        <testcase name="test_show_display_name_with_login" class="Tests_User_WpDropdownUsers" classname="Tests_User_WpDropdownUsers" file="/home/meng/Desktop/wptest/wordpress-develop/tests/phpunit/tests/user/wpDropdownUsers.php" line="89" assertions="1" time="0.115410"/>
        <testcase name="test_include_selected" class="Tests_User_WpDropdownUsers" classname="Tests_User_WpDropdownUsers" file="/home/meng/Desktop/wptest/wordpress-develop/tests/phpunit/tests/user/wpDropdownUsers.php" line="115" assertions="1" time="0.159724"/>
        <testcase name="test_include_selected_with_non_existing_user_id" class="Tests_User_WpDropdownUsers" classname="Tests_User_WpDropdownUsers" file="/home/meng/Desktop/wptest/wordpress-develop/tests/phpunit/tests/user/wpDropdownUsers.php" line="135" assertions="1" time="0.040534"/>
        <testcase name="test_role" class="Tests_User_WpDropdownUsers" classname="Tests_User_WpDropdownUsers" file="/home/meng/Desktop/wptest/wordpress-develop/tests/phpunit/tests/user/wpDropdownUsers.php" line="151" assertions="2" time="0.173583"/>
        <testcase name="test_role__in" class="Tests_User_WpDropdownUsers" classname="Tests_User_WpDropdownUsers" file="/home/meng/Desktop/wptest/wordpress-develop/tests/phpunit/tests/user/wpDropdownUsers.php" line="170" assertions="2" time="0.175837"/>
        <testcase name="test_role__not_in" class="Tests_User_WpDropdownUsers" classname="Tests_User_WpDropdownUsers" file="/home/meng/Desktop/wptest/wordpress-develop/tests/phpunit/tests/user/wpDropdownUsers.php" line="189" assertions="2" time="0.189904"/>
      </testsuite>
      <testsuite name="Tests_User_GetUsersWithNoRole" file="/home/meng/Desktop/wptest/wordpress-develop/tests/phpunit/tests/user/wpGetUsersWithNoRole.php" tests="2" assertions="2" errors="0" failures="0" skipped="0" time="0.418554">
        <testcase name="test_get_users_with_no_role_is_accurate" class="Tests_User_GetUsersWithNoRole" classname="Tests_User_GetUsersWithNoRole" file="/home/meng/Desktop/wptest/wordpress-develop/tests/phpunit/tests/user/wpGetUsersWithNoRole.php" line="12" assertions="1" time="0.313638"/>
        <testcase name="test_get_users_with_no_role_matches_on_role_name" class="Tests_User_GetUsersWithNoRole" classname="Tests_User_GetUsersWithNoRole" file="/home/meng/Desktop/wptest/wordpress-develop/tests/phpunit/tests/user/wpGetUsersWithNoRole.php" line="113" assertions="1" time="0.104916"/>
      </testsuite>
      <testsuite name="Tests_User_WpSendUserRequest" file="/home/meng/Desktop/wptest/wordpress-develop/tests/phpunit/tests/user/wpSendUserRequest.php" tests="15" assertions="35" errors="0" failures="0" skipped="0" time="1.942265">
        <testcase name="test_should_error_when_invalid_request_id" class="Tests_User_WpSendUserRequest" classname="Tests_User_WpSendUserRequest" file="/home/meng/Desktop/wptest/wordpress-develop/tests/phpunit/tests/user/wpSendUserRequest.php" line="96" assertions="2" time="0.039189"/>
        <testcase name="test_should_send_user_request_export_email_when_requester_registered_user" class="Tests_User_WpSendUserRequest" classname="Tests_User_WpSendUserRequest" file="/home/meng/Desktop/wptest/wordpress-develop/tests/phpunit/tests/user/wpSendUserRequest.php" line="108" assertions="5" time="0.098881"/>
        <testcase name="test_should_send_user_request_erase_email_when_requester_registered_user" class="Tests_User_WpSendUserRequest" classname="Tests_User_WpSendUserRequest" file="/home/meng/Desktop/wptest/wordpress-develop/tests/phpunit/tests/user/wpSendUserRequest.php" line="126" assertions="5" time="0.101066"/>
        <testcase name="test_should_send_user_request_export_email_when_user_not_registered" class="Tests_User_WpSendUserRequest" classname="Tests_User_WpSendUserRequest" file="/home/meng/Desktop/wptest/wordpress-develop/tests/phpunit/tests/user/wpSendUserRequest.php" line="144" assertions="5" time="0.100165"/>
        <testcase name="test_should_send_user_request_erase_email_when_user_not_registered" class="Tests_User_WpSendUserRequest" classname="Tests_User_WpSendUserRequest" file="/home/meng/Desktop/wptest/wordpress-develop/tests/phpunit/tests/user/wpSendUserRequest.php" line="162" assertions="5" time="0.110062"/>
        <testcase name="test_email_subject_should_be_filterable" class="Tests_User_WpSendUserRequest" classname="Tests_User_WpSendUserRequest" file="/home/meng/Desktop/wptest/wordpress-develop/tests/phpunit/tests/user/wpSendUserRequest.php" line="180" assertions="2" time="0.113914"/>
        <testcase name="test_email_content_should_be_filterable" class="Tests_User_WpSendUserRequest" classname="Tests_User_WpSendUserRequest" file="/home/meng/Desktop/wptest/wordpress-develop/tests/phpunit/tests/user/wpSendUserRequest.php" line="208" assertions="2" time="0.105494"/>
        <testcase name="test_email_headers_should_be_filterable" class="Tests_User_WpSendUserRequest" classname="Tests_User_WpSendUserRequest" file="/home/meng/Desktop/wptest/wordpress-develop/tests/phpunit/tests/user/wpSendUserRequest.php" line="238" assertions="1" time="0.100544"/>
        <testcase name="test_return_wp_error_when_sending_fails" class="Tests_User_WpSendUserRequest" classname="Tests_User_WpSendUserRequest" file="/home/meng/Desktop/wptest/wordpress-develop/tests/phpunit/tests/user/wpSendUserRequest.php" line="270" assertions="2" time="0.098292"/>
        <testcase name="test_should_send_user_request_email_in_user_locale" class="Tests_User_WpSendUserRequest" classname="Tests_User_WpSendUserRequest" file="/home/meng/Desktop/wptest/wordpress-develop/tests/phpunit/tests/user/wpSendUserRequest.php" line="286" assertions="1" time="0.174947"/>
        <testcase name="test_should_send_user_request_email_in_user_locale_when_site_is_not_en_us" class="Tests_User_WpSendUserRequest" classname="Tests_User_WpSendUserRequest" file="/home/meng/Desktop/wptest/wordpress-develop/tests/phpunit/tests/user/wpSendUserRequest.php" line="305" assertions="1" time="0.187387"/>
        <testcase name="test_should_send_user_request_email_in_user_locale_when_admin_and_site_have_different_locales" class="Tests_User_WpSendUserRequest" classname="Tests_User_WpSendUserRequest" file="/home/meng/Desktop/wptest/wordpress-develop/tests/phpunit/tests/user/wpSendUserRequest.php" line="327" assertions="1" time="0.195021"/>
        <testcase name="test_should_send_user_request_email_in_user_locale_when_both_have_different_locales_than_site" class="Tests_User_WpSendUserRequest" classname="Tests_User_WpSendUserRequest" file="/home/meng/Desktop/wptest/wordpress-develop/tests/phpunit/tests/user/wpSendUserRequest.php" line="349" assertions="1" time="0.175002"/>
        <testcase name="test_should_send_user_request_email_in_site_locale" class="Tests_User_WpSendUserRequest" classname="Tests_User_WpSendUserRequest" file="/home/meng/Desktop/wptest/wordpress-develop/tests/phpunit/tests/user/wpSendUserRequest.php" line="373" assertions="1" time="0.153657"/>
        <testcase name="test_should_send_user_request_email_in_site_locale_when_not_en_us_and_admin_has_different_locale" class="Tests_User_WpSendUserRequest" classname="Tests_User_WpSendUserRequest" file="/home/meng/Desktop/wptest/wordpress-develop/tests/phpunit/tests/user/wpSendUserRequest.php" line="392" assertions="1" time="0.188643"/>
      </testsuite>
      <testsuite name="Tests_User_WpSetCurrentUser" file="/home/meng/Desktop/wptest/wordpress-develop/tests/phpunit/tests/user/wpSetCurrentUser.php" tests="4" assertions="14" errors="0" failures="0" skipped="0" time="0.183289">
        <testcase name="test_set_by_id" class="Tests_User_WpSetCurrentUser" classname="Tests_User_WpSetCurrentUser" file="/home/meng/Desktop/wptest/wordpress-develop/tests/phpunit/tests/user/wpSetCurrentUser.php" line="18" assertions="3" time="0.043570"/>
        <testcase name="test_name_should_be_ignored_if_id_is_not_null" class="Tests_User_WpSetCurrentUser" classname="Tests_User_WpSetCurrentUser" file="/home/meng/Desktop/wptest/wordpress-develop/tests/phpunit/tests/user/wpSetCurrentUser.php" line="26" assertions="3" time="0.042906"/>
        <testcase name="test_should_set_by_name_if_id_is_null_and_current_user_is_nonempty" class="Tests_User_WpSetCurrentUser" classname="Tests_User_WpSetCurrentUser" file="/home/meng/Desktop/wptest/wordpress-develop/tests/phpunit/tests/user/wpSetCurrentUser.php" line="34" assertions="4" time="0.044536"/>
        <testcase name="test_should_set_by_name_if_id_is_null" class="Tests_User_WpSetCurrentUser" classname="Tests_User_WpSetCurrentUser" file="/home/meng/Desktop/wptest/wordpress-develop/tests/phpunit/tests/user/wpSetCurrentUser.php" line="50" assertions="4" time="0.052277"/>
      </testsuite>
      <testsuite name="Tests_Walker" file="/home/meng/Desktop/wptest/wordpress-develop/tests/phpunit/tests/walker.php" tests="13" assertions="26" errors="0" failures="0" skipped="0" time="0.527829">
        <testcase name="test_single_item" class="Tests_Walker" classname="Tests_Walker" file="/home/meng/Desktop/wptest/wordpress-develop/tests/phpunit/tests/walker.php" line="19" assertions="2" time="0.044512"/>
        <testcase name="test_single_item_flat" class="Tests_Walker" classname="Tests_Walker" file="/home/meng/Desktop/wptest/wordpress-develop/tests/phpunit/tests/walker.php" line="34" assertions="2" time="0.043902"/>
        <testcase name="test_single_item_depth_1" class="Tests_Walker" classname="Tests_Walker" file="/home/meng/Desktop/wptest/wordpress-develop/tests/phpunit/tests/walker.php" line="49" assertions="2" time="0.037791"/>
        <testcase name="test_multiple_items_single_level" class="Tests_Walker" classname="Tests_Walker" file="/home/meng/Desktop/wptest/wordpress-develop/tests/phpunit/tests/walker.php" line="64" assertions="2" time="0.037861"/>
        <testcase name="test_multiple_items_multiple_levels" class="Tests_Walker" classname="Tests_Walker" file="/home/meng/Desktop/wptest/wordpress-develop/tests/phpunit/tests/walker.php" line="84" assertions="2" time="0.037845"/>
        <testcase name="test_multiple_items_multiple_levels_flat" class="Tests_Walker" classname="Tests_Walker" file="/home/meng/Desktop/wptest/wordpress-develop/tests/phpunit/tests/walker.php" line="104" assertions="2" time="0.042812"/>
        <testcase name="test_multiple_items_multiple_levels_depth_1" class="Tests_Walker" classname="Tests_Walker" file="/home/meng/Desktop/wptest/wordpress-develop/tests/phpunit/tests/walker.php" line="124" assertions="2" time="0.038353"/>
        <testcase name="test_multiple_items_multiple_levels_depth_2" class="Tests_Walker" classname="Tests_Walker" file="/home/meng/Desktop/wptest/wordpress-develop/tests/phpunit/tests/walker.php" line="144" assertions="2" time="0.040210"/>
        <testcase name="test_multiple_items_recursive" class="Tests_Walker" classname="Tests_Walker" file="/home/meng/Desktop/wptest/wordpress-develop/tests/phpunit/tests/walker.php" line="168" assertions="2" time="0.038918"/>
        <testcase name="test_single_item_child" class="Tests_Walker" classname="Tests_Walker" file="/home/meng/Desktop/wptest/wordpress-develop/tests/phpunit/tests/walker.php" line="188" assertions="2" time="0.038822"/>
        <testcase name="test_single_item_missing_parent_depth_1" class="Tests_Walker" classname="Tests_Walker" file="/home/meng/Desktop/wptest/wordpress-develop/tests/phpunit/tests/walker.php" line="204" assertions="2" time="0.040566"/>
        <testcase name="test_multiple_items_missing_parents" class="Tests_Walker" classname="Tests_Walker" file="/home/meng/Desktop/wptest/wordpress-develop/tests/phpunit/tests/walker.php" line="227" assertions="2" time="0.037805"/>
        <testcase name="test_multiple_items_missing_parents_depth_1" class="Tests_Walker" classname="Tests_Walker" file="/home/meng/Desktop/wptest/wordpress-develop/tests/phpunit/tests/walker.php" line="251" assertions="2" time="0.048432"/>
      </testsuite>
      <testsuite name="Tests_Widgets" file="/home/meng/Desktop/wptest/wordpress-develop/tests/phpunit/tests/widgets.php" tests="50" assertions="221" errors="0" failures="0" skipped="0" time="2.293441">
        <testcase name="test_register_and_unregister_widget_core_widget" class="Tests_Widgets" classname="Tests_Widgets" file="/home/meng/Desktop/wptest/wordpress-develop/tests/phpunit/tests/widgets.php" line="35" assertions="2" time="0.045387"/>
        <testcase name="test_register_and_unregister_widget_instance" class="Tests_Widgets" classname="Tests_Widgets" file="/home/meng/Desktop/wptest/wordpress-develop/tests/phpunit/tests/widgets.php" line="53" assertions="21" time="0.052637"/>
        <testcase name="test_register_sidebars_single" class="Tests_Widgets" classname="Tests_Widgets" file="/home/meng/Desktop/wptest/wordpress-develop/tests/phpunit/tests/widgets.php" line="129" assertions="1" time="0.039785"/>
        <testcase name="test_register_sidebars_multiple" class="Tests_Widgets" classname="Tests_Widgets" file="/home/meng/Desktop/wptest/wordpress-develop/tests/phpunit/tests/widgets.php" line="142" assertions="1" time="0.039398"/>
        <testcase name="test_register_sidebar_with_no_id" class="Tests_Widgets" classname="Tests_Widgets" file="/home/meng/Desktop/wptest/wordpress-develop/tests/phpunit/tests/widgets.php" line="165" assertions="2" time="0.038097"/>
        <testcase name="test_unregister_sidebar_registered_with_no_id" class="Tests_Widgets" classname="Tests_Widgets" file="/home/meng/Desktop/wptest/wordpress-develop/tests/phpunit/tests/widgets.php" line="182" assertions="2" time="0.038240"/>
        <testcase name="test_register_sidebar_with_string_id" class="Tests_Widgets" classname="Tests_Widgets" file="/home/meng/Desktop/wptest/wordpress-develop/tests/phpunit/tests/widgets.php" line="201" assertions="1" time="0.040376"/>
        <testcase name="test_unregister_sidebar_with_string_id" class="Tests_Widgets" classname="Tests_Widgets" file="/home/meng/Desktop/wptest/wordpress-develop/tests/phpunit/tests/widgets.php" line="214" assertions="1" time="0.037910"/>
        <testcase name="test_register_sidebar_with_numeric_id" class="Tests_Widgets" classname="Tests_Widgets" file="/home/meng/Desktop/wptest/wordpress-develop/tests/phpunit/tests/widgets.php" line="227" assertions="1" time="0.038741"/>
        <testcase name="test_unregister_sidebar_with_numeric_id" class="Tests_Widgets" classname="Tests_Widgets" file="/home/meng/Desktop/wptest/wordpress-develop/tests/phpunit/tests/widgets.php" line="239" assertions="1" time="0.039323"/>
        <testcase name="test_register_sidebar_with_after_and_before_sidebar" class="Tests_Widgets" classname="Tests_Widgets" file="/home/meng/Desktop/wptest/wordpress-develop/tests/phpunit/tests/widgets.php" line="253" assertions="3" time="0.037584"/>
        <testcase name="test_register_sidebar_without_after_and_before_sidebar" class="Tests_Widgets" classname="Tests_Widgets" file="/home/meng/Desktop/wptest/wordpress-develop/tests/phpunit/tests/widgets.php" line="276" assertions="3" time="0.039656"/>
        <testcase name="test_dynamic_sidebar_using_sidebar_registered_with_no_id" class="Tests_Widgets" classname="Tests_Widgets" file="/home/meng/Desktop/wptest/wordpress-develop/tests/phpunit/tests/widgets.php" line="303" assertions="2" time="0.046605"/>
        <testcase name="test_dynamic_sidebar_using_invalid_sidebar_id" class="Tests_Widgets" classname="Tests_Widgets" file="/home/meng/Desktop/wptest/wordpress-develop/tests/phpunit/tests/widgets.php" line="322" assertions="1" time="0.045236"/>
        <testcase name="test_dynamic_sidebar_numeric_id" class="Tests_Widgets" classname="Tests_Widgets" file="/home/meng/Desktop/wptest/wordpress-develop/tests/phpunit/tests/widgets.php" line="340" assertions="1" time="0.037688"/>
        <testcase name="test_dynamic_sidebar_string_id" class="Tests_Widgets" classname="Tests_Widgets" file="/home/meng/Desktop/wptest/wordpress-develop/tests/phpunit/tests/widgets.php" line="354" assertions="1" time="0.040410"/>
        <testcase name="test_wp_widget_search_form" class="Tests_Widgets" classname="Tests_Widgets" file="/home/meng/Desktop/wptest/wordpress-develop/tests/phpunit/tests/widgets.php" line="368" assertions="4" time="0.042263"/>
        <testcase name="test_wp_widget_form" class="Tests_Widgets" classname="Tests_Widgets" file="/home/meng/Desktop/wptest/wordpress-develop/tests/phpunit/tests/widgets.php" line="390" assertions="2" time="0.040035"/>
        <testcase name="test_wp_widget_constructor" class="Tests_Widgets" classname="Tests_Widgets" file="/home/meng/Desktop/wptest/wordpress-develop/tests/phpunit/tests/widgets.php" line="402" assertions="9" time="0.046280"/>
        <testsuite name="Tests_Widgets::test_wp_widget_get_field_name" tests="5" assertions="5" errors="0" failures="0" skipped="0" time="0.202134">
          <testcase name="test_wp_widget_get_field_name with data set #0" class="Tests_Widgets" classname="Tests_Widgets" file="/home/meng/Desktop/wptest/wordpress-develop/tests/phpunit/tests/widgets.php" line="432" assertions="1" time="0.044502"/>
          <testcase name="test_wp_widget_get_field_name with data set #1" class="Tests_Widgets" classname="Tests_Widgets" file="/home/meng/Desktop/wptest/wordpress-develop/tests/phpunit/tests/widgets.php" line="432" assertions="1" time="0.037020"/>
          <testcase name="test_wp_widget_get_field_name with data set #2" class="Tests_Widgets" classname="Tests_Widgets" file="/home/meng/Desktop/wptest/wordpress-develop/tests/phpunit/tests/widgets.php" line="432" assertions="1" time="0.037646"/>
          <testcase name="test_wp_widget_get_field_name with data set #3" class="Tests_Widgets" classname="Tests_Widgets" file="/home/meng/Desktop/wptest/wordpress-develop/tests/phpunit/tests/widgets.php" line="432" assertions="1" time="0.043728"/>
          <testcase name="test_wp_widget_get_field_name with data set #4" class="Tests_Widgets" classname="Tests_Widgets" file="/home/meng/Desktop/wptest/wordpress-develop/tests/phpunit/tests/widgets.php" line="432" assertions="1" time="0.039238"/>
        </testsuite>
        <testsuite name="Tests_Widgets::test_wp_widget_get_field_id" tests="5" assertions="5" errors="0" failures="0" skipped="0" time="0.203911">
          <testcase name="test_wp_widget_get_field_id with data set #0" class="Tests_Widgets" classname="Tests_Widgets" file="/home/meng/Desktop/wptest/wordpress-develop/tests/phpunit/tests/widgets.php" line="482" assertions="1" time="0.039078"/>
          <testcase name="test_wp_widget_get_field_id with data set #1" class="Tests_Widgets" classname="Tests_Widgets" file="/home/meng/Desktop/wptest/wordpress-develop/tests/phpunit/tests/widgets.php" line="482" assertions="1" time="0.038169"/>
          <testcase name="test_wp_widget_get_field_id with data set #2" class="Tests_Widgets" classname="Tests_Widgets" file="/home/meng/Desktop/wptest/wordpress-develop/tests/phpunit/tests/widgets.php" line="482" assertions="1" time="0.045383"/>
          <testcase name="test_wp_widget_get_field_id with data set #3" class="Tests_Widgets" classname="Tests_Widgets" file="/home/meng/Desktop/wptest/wordpress-develop/tests/phpunit/tests/widgets.php" line="482" assertions="1" time="0.044891"/>
          <testcase name="test_wp_widget_get_field_id with data set #4" class="Tests_Widgets" classname="Tests_Widgets" file="/home/meng/Desktop/wptest/wordpress-develop/tests/phpunit/tests/widgets.php" line="482" assertions="1" time="0.036390"/>
        </testsuite>
        <testcase name="test_wp_widget__register" class="Tests_Widgets" classname="Tests_Widgets" file="/home/meng/Desktop/wptest/wordpress-develop/tests/phpunit/tests/widgets.php" line="531" assertions="3" time="0.048762"/>
        <testcase name="test_wp_widget_is_preview" class="Tests_Widgets" classname="Tests_Widgets" file="/home/meng/Desktop/wptest/wordpress-develop/tests/phpunit/tests/widgets.php" line="553" assertions="3" time="0.101512"/>
        <testcase name="test_wp_widget_get_settings" class="Tests_Widgets" classname="Tests_Widgets" file="/home/meng/Desktop/wptest/wordpress-develop/tests/phpunit/tests/widgets.php" line="576" assertions="10" time="0.058082"/>
        <testcase name="test_wp_widget_save_settings" class="Tests_Widgets" classname="Tests_Widgets" file="/home/meng/Desktop/wptest/wordpress-develop/tests/phpunit/tests/widgets.php" line="613" assertions="2" time="0.059082"/>
        <testcase name="test_wp_widget_save_settings_delete" class="Tests_Widgets" classname="Tests_Widgets" file="/home/meng/Desktop/wptest/wordpress-develop/tests/phpunit/tests/widgets.php" line="644" assertions="2" time="0.050871"/>
        <testcase name="test_wp_widget_control" class="Tests_Widgets" classname="Tests_Widgets" file="/home/meng/Desktop/wptest/wordpress-develop/tests/phpunit/tests/widgets.php" line="661" assertions="21" time="0.056264"/>
        <testcase name="test_the_widget_custom_before_title_arg" class="Tests_Widgets" classname="Tests_Widgets" file="/home/meng/Desktop/wptest/wordpress-develop/tests/phpunit/tests/widgets.php" line="722" assertions="1" time="0.039633"/>
        <testcase name="test_the_widget_with_unregistered_widget" class="Tests_Widgets" classname="Tests_Widgets" file="/home/meng/Desktop/wptest/wordpress-develop/tests/phpunit/tests/widgets.php" line="751" assertions="1" time="0.037193"/>
        <testcase name="test_the_widget_should_short_circuit_with_widget_display_callback" class="Tests_Widgets" classname="Tests_Widgets" file="/home/meng/Desktop/wptest/wordpress-develop/tests/phpunit/tests/widgets.php" line="759" assertions="1" time="0.039213"/>
        <testcase name="test_retrieve_widgets_with_theme_mod" class="Tests_Widgets" classname="Tests_Widgets" file="/home/meng/Desktop/wptest/wordpress-develop/tests/phpunit/tests/widgets.php" line="788" assertions="20" time="0.057088"/>
        <testcase name="test_retrieve_widgets_with_sidebars_widgets_matching_registered_sidebars" class="Tests_Widgets" classname="Tests_Widgets" file="/home/meng/Desktop/wptest/wordpress-develop/tests/phpunit/tests/widgets.php" line="852" assertions="10" time="0.055157"/>
        <testcase name="test_retrieve_widgets_with_sidebars_widgets_not_matching_registered_sidebars" class="Tests_Widgets" classname="Tests_Widgets" file="/home/meng/Desktop/wptest/wordpress-develop/tests/phpunit/tests/widgets.php" line="890" assertions="38" time="0.068790"/>
        <testcase name="test_retrieve_widgets_for_customizer" class="Tests_Widgets" classname="Tests_Widgets" file="/home/meng/Desktop/wptest/wordpress-develop/tests/phpunit/tests/widgets.php" line="984" assertions="19" time="0.062801"/>
        <testcase name="test_retreive_widgets_with_single_widget" class="Tests_Widgets" classname="Tests_Widgets" file="/home/meng/Desktop/wptest/wordpress-develop/tests/phpunit/tests/widgets.php" line="1029" assertions="1" time="0.062575"/>
        <testcase name="test_retrieve_widgets_move_orphaned_widgets_to_inactive" class="Tests_Widgets" classname="Tests_Widgets" file="/home/meng/Desktop/wptest/wordpress-develop/tests/phpunit/tests/widgets.php" line="1056" assertions="9" time="0.058141"/>
        <testcase name="test__wp_remove_unregistered_widgets" class="Tests_Widgets" classname="Tests_Widgets" file="/home/meng/Desktop/wptest/wordpress-develop/tests/phpunit/tests/widgets.php" line="1091" assertions="6" time="0.039104"/>
        <testcase name="test_one_sidebar_each" class="Tests_Widgets" classname="Tests_Widgets" file="/home/meng/Desktop/wptest/wordpress-develop/tests/phpunit/tests/widgets.php" line="1121" assertions="1" time="0.037819"/>
        <testcase name="test_sidebars_with_same_slug" class="Tests_Widgets" classname="Tests_Widgets" file="/home/meng/Desktop/wptest/wordpress-develop/tests/phpunit/tests/widgets.php" line="1141" assertions="1" time="0.042181"/>
        <testcase name="test_sidebar_guessing" class="Tests_Widgets" classname="Tests_Widgets" file="/home/meng/Desktop/wptest/wordpress-develop/tests/phpunit/tests/widgets.php" line="1159" assertions="1" time="0.041243"/>
        <testcase name="test_sidebar_guessing_one_menu_per_group" class="Tests_Widgets" classname="Tests_Widgets" file="/home/meng/Desktop/wptest/wordpress-develop/tests/phpunit/tests/widgets.php" line="1182" assertions="1" time="0.041973"/>
        <testcase name="test_sidebar_guessing_one_menu_per_sidebar" class="Tests_Widgets" classname="Tests_Widgets" file="/home/meng/Desktop/wptest/wordpress-develop/tests/phpunit/tests/widgets.php" line="1203" assertions="1" time="0.044261"/>
      </testsuite>
      <testsuite name="Test_WP_Widget_Custom_HTML" file="/home/meng/Desktop/wptest/wordpress-develop/tests/phpunit/tests/widgets/custom-html-widget.php" tests="10" assertions="43" errors="0" failures="0" skipped="0" time="0.685457">
        <testcase name="test_construct" class="Test_WP_Widget_Custom_HTML" classname="Test_WP_Widget_Custom_HTML" file="/home/meng/Desktop/wptest/wordpress-develop/tests/phpunit/tests/widgets/custom-html-widget.php" line="48" assertions="5" time="0.039583"/>
        <testcase name="test__register" class="Test_WP_Widget_Custom_HTML" classname="Test_WP_Widget_Custom_HTML" file="/home/meng/Desktop/wptest/wordpress-develop/tests/phpunit/tests/widgets/custom-html-widget.php" line="62" assertions="4" time="0.057374"/>
        <testcase name="test_widget" class="Test_WP_Widget_Custom_HTML" classname="Test_WP_Widget_Custom_HTML" file="/home/meng/Desktop/wptest/wordpress-develop/tests/phpunit/tests/widgets/custom-html-widget.php" line="78" assertions="13" time="0.042990"/>
        <testcase name="test_update" class="Test_WP_Widget_Custom_HTML" classname="Test_WP_Widget_Custom_HTML" file="/home/meng/Desktop/wptest/wordpress-develop/tests/phpunit/tests/widgets/custom-html-widget.php" line="167" assertions="5" time="0.103977"/>
        <testcase name="test_enqueue_admin_scripts_when_logged_in_and_syntax_highlighting_on" class="Test_WP_Widget_Custom_HTML" classname="Test_WP_Widget_Custom_HTML" file="/home/meng/Desktop/wptest/wordpress-develop/tests/phpunit/tests/widgets/custom-html-widget.php" line="243" assertions="6" time="0.133050"/>
        <testcase name="test_enqueue_admin_scripts_when_logged_in_and_syntax_highlighting_off" class="Test_WP_Widget_Custom_HTML" classname="Test_WP_Widget_Custom_HTML" file="/home/meng/Desktop/wptest/wordpress-develop/tests/phpunit/tests/widgets/custom-html-widget.php" line="264" assertions="6" time="0.128641"/>
        <testcase name="test_render_control_template_scripts" class="Test_WP_Widget_Custom_HTML" classname="Test_WP_Widget_Custom_HTML" file="/home/meng/Desktop/wptest/wordpress-develop/tests/phpunit/tests/widgets/custom-html-widget.php" line="285" assertions="1" time="0.047890"/>
        <testcase name="test_add_help_text" class="Test_WP_Widget_Custom_HTML" classname="Test_WP_Widget_Custom_HTML" file="/home/meng/Desktop/wptest/wordpress-develop/tests/phpunit/tests/widgets/custom-html-widget.php" line="298" assertions="1" time="0.049624"/>
        <testcase name="test_render_links_with_target" class="Test_WP_Widget_Custom_HTML" classname="Test_WP_Widget_Custom_HTML" file="/home/meng/Desktop/wptest/wordpress-develop/tests/phpunit/tests/widgets/custom-html-widget.php" line="311" assertions="1" time="0.045313"/>
        <testcase name="test_render_links_without_target" class="Test_WP_Widget_Custom_HTML" classname="Test_WP_Widget_Custom_HTML" file="/home/meng/Desktop/wptest/wordpress-develop/tests/phpunit/tests/widgets/custom-html-widget.php" line="337" assertions="1" time="0.037015"/>
      </testsuite>
      <testsuite name="Test_WP_Widget_Media_Audio" file="/home/meng/Desktop/wptest/wordpress-develop/tests/phpunit/tests/widgets/media-audio-widget.php" tests="8" assertions="33" errors="0" failures="0" skipped="0" time="0.422886">
        <testcase name="test_get_instance_schema" class="Test_WP_Widget_Media_Audio" classname="Test_WP_Widget_Media_Audio" file="/home/meng/Desktop/wptest/wordpress-develop/tests/phpunit/tests/widgets/media-audio-widget.php" line="34" assertions="1" time="0.038836"/>
        <testcase name="test_get_instance_schema_filtering" class="Test_WP_Widget_Media_Audio" classname="Test_WP_Widget_Media_Audio" file="/home/meng/Desktop/wptest/wordpress-develop/tests/phpunit/tests/widgets/media-audio-widget.php" line="60" assertions="1" time="0.040365"/>
        <testcase name="test_constructor" class="Test_WP_Widget_Media_Audio" classname="Test_WP_Widget_Media_Audio" file="/home/meng/Desktop/wptest/wordpress-develop/tests/phpunit/tests/widgets/media-audio-widget.php" line="90" assertions="6" time="0.038485"/>
        <testcase name="test_update" class="Test_WP_Widget_Media_Audio" classname="Test_WP_Widget_Media_Audio" file="/home/meng/Desktop/wptest/wordpress-develop/tests/phpunit/tests/widgets/media-audio-widget.php" line="119" assertions="12" time="0.043691"/>
        <testcase name="test_render_media" class="Test_WP_Widget_Media_Audio" classname="Test_WP_Widget_Media_Audio" file="/home/meng/Desktop/wptest/wordpress-develop/tests/phpunit/tests/widgets/media-audio-widget.php" line="219" assertions="7" time="0.086991"/>
        <testcase name="test_enqueue_preview_scripts" class="Test_WP_Widget_Media_Audio" classname="Test_WP_Widget_Media_Audio" file="/home/meng/Desktop/wptest/wordpress-develop/tests/phpunit/tests/widgets/media-audio-widget.php" line="285" assertions="4" time="0.058577"/>
        <testcase name="test_enqueue_admin_scripts" class="Test_WP_Widget_Media_Audio" classname="Test_WP_Widget_Media_Audio" file="/home/meng/Desktop/wptest/wordpress-develop/tests/phpunit/tests/widgets/media-audio-widget.php" line="305" assertions="1" time="0.073652"/>
        <testcase name="test_render_control_template_scripts" class="Test_WP_Widget_Media_Audio" classname="Test_WP_Widget_Media_Audio" file="/home/meng/Desktop/wptest/wordpress-develop/tests/phpunit/tests/widgets/media-audio-widget.php" line="318" assertions="1" time="0.042289"/>
      </testsuite>
      <testsuite name="Test_WP_Widget_Media_Gallery" file="/home/meng/Desktop/wptest/wordpress-develop/tests/phpunit/tests/widgets/media-gallery-widget.php" tests="5" assertions="25" errors="0" failures="0" skipped="0" time="0.294033">
        <testcase name="test_get_instance_schema" class="Test_WP_Widget_Media_Gallery" classname="Test_WP_Widget_Media_Gallery" file="/home/meng/Desktop/wptest/wordpress-develop/tests/phpunit/tests/widgets/media-gallery-widget.php" line="34" assertions="1" time="0.039714"/>
        <testcase name="test_render_media" class="Test_WP_Widget_Media_Gallery" classname="Test_WP_Widget_Media_Gallery" file="/home/meng/Desktop/wptest/wordpress-develop/tests/phpunit/tests/widgets/media-gallery-widget.php" line="56" assertions="4" time="0.093880"/>
        <testcase name="test_enqueue_admin_scripts" class="Test_WP_Widget_Media_Gallery" classname="Test_WP_Widget_Media_Gallery" file="/home/meng/Desktop/wptest/wordpress-develop/tests/phpunit/tests/widgets/media-gallery-widget.php" line="94" assertions="3" time="0.069240"/>
        <testcase name="test_update" class="Test_WP_Widget_Media_Gallery" classname="Test_WP_Widget_Media_Gallery" file="/home/meng/Desktop/wptest/wordpress-develop/tests/phpunit/tests/widgets/media-gallery-widget.php" line="113" assertions="16" time="0.046762"/>
        <testcase name="test_render_control_template_scripts" class="Test_WP_Widget_Media_Gallery" classname="Test_WP_Widget_Media_Gallery" file="/home/meng/Desktop/wptest/wordpress-develop/tests/phpunit/tests/widgets/media-gallery-widget.php" line="194" assertions="1" time="0.044437"/>
      </testsuite>
      <testsuite name="Test_WP_Widget_Media_Image" file="/home/meng/Desktop/wptest/wordpress-develop/tests/phpunit/tests/widgets/media-image-widget.php" tests="7" assertions="43" errors="0" failures="0" skipped="1" time="0.300134">
        <testcase name="test_get_instance_schema" class="Test_WP_Widget_Media_Image" classname="Test_WP_Widget_Media_Image" file="/home/meng/Desktop/wptest/wordpress-develop/tests/phpunit/tests/widgets/media-image-widget.php" line="34" assertions="1" time="0.040408"/>
        <testcase name="test_get_instance_schema_filtering" class="Test_WP_Widget_Media_Image" classname="Test_WP_Widget_Media_Image" file="/home/meng/Desktop/wptest/wordpress-develop/tests/phpunit/tests/widgets/media-image-widget.php" line="67" assertions="1" time="0.039624"/>
        <testcase name="test_constructor" class="Test_WP_Widget_Media_Image" classname="Test_WP_Widget_Media_Image" file="/home/meng/Desktop/wptest/wordpress-develop/tests/phpunit/tests/widgets/media-image-widget.php" line="97" assertions="6" time="0.039440"/>
        <testcase name="test_update" class="Test_WP_Widget_Media_Image" classname="Test_WP_Widget_Media_Image" file="/home/meng/Desktop/wptest/wordpress-develop/tests/phpunit/tests/widgets/media-image-widget.php" line="126" assertions="33" time="0.056017"/>
        <testcase name="test_render_media" class="Test_WP_Widget_Media_Image" classname="Test_WP_Widget_Media_Image" file="/home/meng/Desktop/wptest/wordpress-develop/tests/phpunit/tests/widgets/media-image-widget.php" line="413" assertions="0" time="0.000520">
          <skipped/>
        </testcase>
        <testcase name="test_enqueue_admin_scripts" class="Test_WP_Widget_Media_Image" classname="Test_WP_Widget_Media_Image" file="/home/meng/Desktop/wptest/wordpress-develop/tests/phpunit/tests/widgets/media-image-widget.php" line="611" assertions="1" time="0.073780"/>
        <testcase name="test_render_control_template_scripts" class="Test_WP_Widget_Media_Image" classname="Test_WP_Widget_Media_Image" file="/home/meng/Desktop/wptest/wordpress-develop/tests/phpunit/tests/widgets/media-image-widget.php" line="624" assertions="1" time="0.050345"/>
      </testsuite>
      <testsuite name="Test_WP_Widget_Media_Video" file="/home/meng/Desktop/wptest/wordpress-develop/tests/phpunit/tests/widgets/media-video-widget.php" tests="8" assertions="41" errors="0" failures="0" skipped="0" time="0.447865">
        <testcase name="test_get_instance_schema" class="Test_WP_Widget_Media_Video" classname="Test_WP_Widget_Media_Video" file="/home/meng/Desktop/wptest/wordpress-develop/tests/phpunit/tests/widgets/media-video-widget.php" line="34" assertions="1" time="0.047111"/>
        <testcase name="test_get_instance_schema_filtering" class="Test_WP_Widget_Media_Video" classname="Test_WP_Widget_Media_Video" file="/home/meng/Desktop/wptest/wordpress-develop/tests/phpunit/tests/widgets/media-video-widget.php" line="61" assertions="1" time="0.049043"/>
        <testcase name="test_constructor" class="Test_WP_Widget_Media_Video" classname="Test_WP_Widget_Media_Video" file="/home/meng/Desktop/wptest/wordpress-develop/tests/phpunit/tests/widgets/media-video-widget.php" line="91" assertions="6" time="0.039463"/>
        <testcase name="test_update" class="Test_WP_Widget_Media_Video" classname="Test_WP_Widget_Media_Video" file="/home/meng/Desktop/wptest/wordpress-develop/tests/phpunit/tests/widgets/media-video-widget.php" line="120" assertions="12" time="0.042331"/>
        <testcase name="test_render_media" class="Test_WP_Widget_Media_Video" classname="Test_WP_Widget_Media_Video" file="/home/meng/Desktop/wptest/wordpress-develop/tests/phpunit/tests/widgets/media-video-widget.php" line="221" assertions="13" time="0.083813"/>
        <testcase name="test_enqueue_preview_scripts" class="Test_WP_Widget_Media_Video" classname="Test_WP_Widget_Media_Video" file="/home/meng/Desktop/wptest/wordpress-develop/tests/phpunit/tests/widgets/media-video-widget.php" line="308" assertions="6" time="0.075149"/>
        <testcase name="test_enqueue_admin_scripts" class="Test_WP_Widget_Media_Video" classname="Test_WP_Widget_Media_Video" file="/home/meng/Desktop/wptest/wordpress-develop/tests/phpunit/tests/widgets/media-video-widget.php" line="333" assertions="1" time="0.070789"/>
        <testcase name="test_render_control_template_scripts" class="Test_WP_Widget_Media_Video" classname="Test_WP_Widget_Media_Video" file="/home/meng/Desktop/wptest/wordpress-develop/tests/phpunit/tests/widgets/media-video-widget.php" line="346" assertions="1" time="0.040166"/>
      </testsuite>
      <testsuite name="Test_WP_Widget_Media" file="/home/meng/Desktop/wptest/wordpress-develop/tests/phpunit/tests/widgets/media-widget.php" tests="12" assertions="57" errors="0" failures="0" skipped="0" time="0.675873">
        <testcase name="test_constructor" class="Test_WP_Widget_Media" classname="Test_WP_Widget_Media" file="/home/meng/Desktop/wptest/wordpress-develop/tests/phpunit/tests/widgets/media-widget.php" line="56" assertions="14" time="0.043162"/>
        <testcase name="test_constructor_in_customize_preview" class="Test_WP_Widget_Media" classname="Test_WP_Widget_Media" file="/home/meng/Desktop/wptest/wordpress-develop/tests/phpunit/tests/widgets/media-widget.php" line="112" assertions="1" time="0.102394"/>
        <testcase name="test_is_attachment_with_mime_type" class="Test_WP_Widget_Media" classname="Test_WP_Widget_Media" file="/home/meng/Desktop/wptest/wordpress-develop/tests/phpunit/tests/widgets/media-widget.php" line="139" assertions="5" time="0.090984"/>
        <testcase name="test_sanitize_token_list_string" class="Test_WP_Widget_Media" classname="Test_WP_Widget_Media" file="/home/meng/Desktop/wptest/wordpress-develop/tests/phpunit/tests/widgets/media-widget.php" line="168" assertions="2" time="0.042433"/>
        <testcase name="test_get_instance_schema" class="Test_WP_Widget_Media" classname="Test_WP_Widget_Media" file="/home/meng/Desktop/wptest/wordpress-develop/tests/phpunit/tests/widgets/media-widget.php" line="205" assertions="5" time="0.037592"/>
        <testcase name="test_update" class="Test_WP_Widget_Media" classname="Test_WP_Widget_Media" file="/home/meng/Desktop/wptest/wordpress-develop/tests/phpunit/tests/widgets/media-widget.php" line="233" assertions="8" time="0.040903"/>
        <testcase name="test_widget" class="Test_WP_Widget_Media" classname="Test_WP_Widget_Media" file="/home/meng/Desktop/wptest/wordpress-develop/tests/phpunit/tests/widgets/media-widget.php" line="320" assertions="11" time="0.045837"/>
        <testcase name="test_form" class="Test_WP_Widget_Media" classname="Test_WP_Widget_Media" file="/home/meng/Desktop/wptest/wordpress-develop/tests/phpunit/tests/widgets/media-widget.php" line="394" assertions="3" time="0.043825"/>
        <testcase name="test_display_media_state" class="Test_WP_Widget_Media" classname="Test_WP_Widget_Media" file="/home/meng/Desktop/wptest/wordpress-develop/tests/phpunit/tests/widgets/media-widget.php" line="411" assertions="3" time="0.061859"/>
        <testcase name="test_enqueue_admin_scripts" class="Test_WP_Widget_Media" classname="Test_WP_Widget_Media" file="/home/meng/Desktop/wptest/wordpress-develop/tests/phpunit/tests/widgets/media-widget.php" line="453" assertions="1" time="0.070371"/>
        <testcase name="test_render_control_template_scripts" class="Test_WP_Widget_Media" classname="Test_WP_Widget_Media" file="/home/meng/Desktop/wptest/wordpress-develop/tests/phpunit/tests/widgets/media-widget.php" line="466" assertions="1" time="0.037969"/>
        <testcase name="test_has_content" class="Test_WP_Widget_Media" classname="Test_WP_Widget_Media" file="/home/meng/Desktop/wptest/wordpress-develop/tests/phpunit/tests/widgets/media-widget.php" line="481" assertions="3" time="0.058543"/>
      </testsuite>
      <testsuite name="Test_WP_Widget_Text" file="/home/meng/Desktop/wptest/wordpress-develop/tests/phpunit/tests/widgets/text-widget.php" tests="14" assertions="178" errors="0" failures="0" skipped="0" time="0.857897">
        <testcase name="test_construct" class="Test_WP_Widget_Text" classname="Test_WP_Widget_Text" file="/home/meng/Desktop/wptest/wordpress-develop/tests/phpunit/tests/widgets/text-widget.php" line="49" assertions="5" time="0.038930"/>
        <testcase name="test__register" class="Test_WP_Widget_Text" classname="Test_WP_Widget_Text" file="/home/meng/Desktop/wptest/wordpress-develop/tests/phpunit/tests/widgets/text-widget.php" line="63" assertions="4" time="0.055167"/>
        <testcase name="test__register_in_customize_preview" class="Test_WP_Widget_Text" classname="Test_WP_Widget_Text" file="/home/meng/Desktop/wptest/wordpress-develop/tests/phpunit/tests/widgets/text-widget.php" line="81" assertions="1" time="0.134842"/>
        <testcase name="test_enqueue_preview_scripts" class="Test_WP_Widget_Text" classname="Test_WP_Widget_Text" file="/home/meng/Desktop/wptest/wordpress-develop/tests/phpunit/tests/widgets/text-widget.php" line="110" assertions="4" time="0.058846"/>
        <testcase name="test_widget" class="Test_WP_Widget_Text" classname="Test_WP_Widget_Text" file="/home/meng/Desktop/wptest/wordpress-develop/tests/phpunit/tests/widgets/text-widget.php" line="132" assertions="53" time="0.051431"/>
        <testcase name="test_widget_shortcodes" class="Test_WP_Widget_Text" classname="Test_WP_Widget_Text" file="/home/meng/Desktop/wptest/wordpress-develop/tests/phpunit/tests/widgets/text-widget.php" line="316" assertions="33" time="0.082318"/>
        <testcase name="test_is_legacy_instance" class="Test_WP_Widget_Text" classname="Test_WP_Widget_Text" file="/home/meng/Desktop/wptest/wordpress-develop/tests/phpunit/tests/widgets/text-widget.php" line="468" assertions="41" time="0.057578"/>
        <testcase name="test_form" class="Test_WP_Widget_Text" classname="Test_WP_Widget_Text" file="/home/meng/Desktop/wptest/wordpress-develop/tests/phpunit/tests/widgets/text-widget.php" line="633" assertions="16" time="0.043878"/>
        <testcase name="test_update" class="Test_WP_Widget_Text" classname="Test_WP_Widget_Text" file="/home/meng/Desktop/wptest/wordpress-develop/tests/phpunit/tests/widgets/text-widget.php" line="709" assertions="6" time="0.105334"/>
        <testcase name="test_update_legacy" class="Test_WP_Widget_Text" classname="Test_WP_Widget_Text" file="/home/meng/Desktop/wptest/wordpress-develop/tests/phpunit/tests/widgets/text-widget.php" line="758" assertions="11" time="0.045477"/>
        <testcase name="test_enqueue_admin_scripts" class="Test_WP_Widget_Text" classname="Test_WP_Widget_Text" file="/home/meng/Desktop/wptest/wordpress-develop/tests/phpunit/tests/widgets/text-widget.php" line="984" assertions="1" time="0.069501"/>
        <testcase name="test_render_control_template_scripts" class="Test_WP_Widget_Text" classname="Test_WP_Widget_Text" file="/home/meng/Desktop/wptest/wordpress-develop/tests/phpunit/tests/widgets/text-widget.php" line="997" assertions="1" time="0.036416"/>
        <testcase name="test_render_links_with_target" class="Test_WP_Widget_Text" classname="Test_WP_Widget_Text" file="/home/meng/Desktop/wptest/wordpress-develop/tests/phpunit/tests/widgets/text-widget.php" line="1010" assertions="1" time="0.037805"/>
        <testcase name="test_render_links_without_target" class="Test_WP_Widget_Text" classname="Test_WP_Widget_Text" file="/home/meng/Desktop/wptest/wordpress-develop/tests/phpunit/tests/widgets/text-widget.php" line="1037" assertions="1" time="0.040374"/>
      </testsuite>
      <testsuite name="Tests_WP" file="/home/meng/Desktop/wptest/wordpress-develop/tests/phpunit/tests/wp.php" tests="2" assertions="5" errors="0" failures="0" skipped="0" time="0.088654">
        <testcase name="test_add_query_var" class="Tests_WP" classname="Tests_WP" file="/home/meng/Desktop/wptest/wordpress-develop/tests/phpunit/tests/wp.php" line="17" assertions="3" time="0.045925"/>
        <testcase name="test_remove_query_var" class="Tests_WP" classname="Tests_WP" file="/home/meng/Desktop/wptest/wordpress-develop/tests/phpunit/tests/wp.php" line="29" assertions="2" time="0.042729"/>
      </testsuite>
      <testsuite name="Tests_XMLRPC_Basic" file="/home/meng/Desktop/wptest/wordpress-develop/tests/phpunit/tests/xmlrpc/basic.php" tests="5" assertions="11" errors="0" failures="0" skipped="0" time="0.564634">
        <testcase name="test_enabled" class="Tests_XMLRPC_Basic" classname="Tests_XMLRPC_Basic" file="/home/meng/Desktop/wptest/wordpress-develop/tests/phpunit/tests/xmlrpc/basic.php" line="11" assertions="2" time="0.042440"/>
        <testcase name="test_login_pass_ok" class="Tests_XMLRPC_Basic" classname="Tests_XMLRPC_Basic" file="/home/meng/Desktop/wptest/wordpress-develop/tests/phpunit/tests/xmlrpc/basic.php" line="19" assertions="2" time="0.161413"/>
        <testcase name="test_login_pass_bad" class="Tests_XMLRPC_Basic" classname="Tests_XMLRPC_Basic" file="/home/meng/Desktop/wptest/wordpress-develop/tests/phpunit/tests/xmlrpc/basic.php" line="26" assertions="3" time="0.109125"/>
        <testcase name="test_multicall_invalidates_all_calls_after_invalid_call" class="Tests_XMLRPC_Basic" classname="Tests_XMLRPC_Basic" file="/home/meng/Desktop/wptest/wordpress-develop/tests/phpunit/tests/xmlrpc/basic.php" line="39" assertions="3" time="0.212171"/>
        <testcase name="test_isStruct_on_non_numerically_indexed_array" class="Tests_XMLRPC_Basic" classname="Tests_XMLRPC_Basic" file="/home/meng/Desktop/wptest/wordpress-develop/tests/phpunit/tests/xmlrpc/basic.php" line="102" assertions="1" time="0.039485"/>
      </testsuite>
      <testsuite name="Tests_XMLRPC_Client" file="/home/meng/Desktop/wptest/wordpress-develop/tests/phpunit/tests/xmlrpc/client.php" tests="2" assertions="6" errors="0" failures="0" skipped="0" time="0.078888">
        <testcase name="test_ixr_client_allows_query_strings" class="Tests_XMLRPC_Client" classname="Tests_XMLRPC_Client" file="/home/meng/Desktop/wptest/wordpress-develop/tests/phpunit/tests/xmlrpc/client.php" line="13" assertions="3" time="0.040568"/>
        <testcase name="test_wp_ixr_client_allows_query_strings" class="Tests_XMLRPC_Client" classname="Tests_XMLRPC_Client" file="/home/meng/Desktop/wptest/wordpress-develop/tests/phpunit/tests/xmlrpc/client.php" line="23" assertions="3" time="0.038320"/>
      </testsuite>
      <testsuite name="Tests_XMLRPC_mt_getRecentPostTitles" file="/home/meng/Desktop/wptest/wordpress-develop/tests/phpunit/tests/xmlrpc/mt/getRecentPostTitles.php" tests="4" assertions="7" errors="0" failures="0" skipped="0" time="0.595621">
        <testcase name="test_invalid_username_password" class="Tests_XMLRPC_mt_getRecentPostTitles" classname="Tests_XMLRPC_mt_getRecentPostTitles" file="/home/meng/Desktop/wptest/wordpress-develop/tests/phpunit/tests/xmlrpc/mt/getRecentPostTitles.php" line="8" assertions="2" time="0.039964"/>
        <testcase name="test_no_posts" class="Tests_XMLRPC_mt_getRecentPostTitles" classname="Tests_XMLRPC_mt_getRecentPostTitles" file="/home/meng/Desktop/wptest/wordpress-develop/tests/phpunit/tests/xmlrpc/mt/getRecentPostTitles.php" line="14" assertions="2" time="0.147700"/>
        <testcase name="test_no_editable_posts" class="Tests_XMLRPC_mt_getRecentPostTitles" classname="Tests_XMLRPC_mt_getRecentPostTitles" file="/home/meng/Desktop/wptest/wordpress-develop/tests/phpunit/tests/xmlrpc/mt/getRecentPostTitles.php" line="22" assertions="2" time="0.243247"/>
        <testcase name="test_date" class="Tests_XMLRPC_mt_getRecentPostTitles" classname="Tests_XMLRPC_mt_getRecentPostTitles" file="/home/meng/Desktop/wptest/wordpress-develop/tests/phpunit/tests/xmlrpc/mt/getRecentPostTitles.php" line="32" assertions="1" time="0.164710"/>
      </testsuite>
      <testsuite name="Tests_XMLRPC_mw_editPost" file="/home/meng/Desktop/wptest/wordpress-develop/tests/phpunit/tests/xmlrpc/mw/editPost.php" tests="13" assertions="49" errors="0" failures="0" skipped="0" time="2.900215">
        <testcase name="test_invalid_username_password" class="Tests_XMLRPC_mw_editPost" classname="Tests_XMLRPC_mw_editPost" file="/home/meng/Desktop/wptest/wordpress-develop/tests/phpunit/tests/xmlrpc/mw/editPost.php" line="8" assertions="2" time="0.040208"/>
        <testcase name="test_edit_own_post" class="Tests_XMLRPC_mw_editPost" classname="Tests_XMLRPC_mw_editPost" file="/home/meng/Desktop/wptest/wordpress-develop/tests/phpunit/tests/xmlrpc/mw/editPost.php" line="15" assertions="3" time="0.172507"/>
        <testcase name="test_capable_edit_others_post" class="Tests_XMLRPC_mw_editPost" classname="Tests_XMLRPC_mw_editPost" file="/home/meng/Desktop/wptest/wordpress-develop/tests/phpunit/tests/xmlrpc/mw/editPost.php" line="33" assertions="3" time="0.252150"/>
        <testcase name="test_incapable_edit_others_post" class="Tests_XMLRPC_mw_editPost" classname="Tests_XMLRPC_mw_editPost" file="/home/meng/Desktop/wptest/wordpress-develop/tests/phpunit/tests/xmlrpc/mw/editPost.php" line="53" assertions="3" time="0.215643"/>
        <testcase name="test_capable_reassign_author" class="Tests_XMLRPC_mw_editPost" classname="Tests_XMLRPC_mw_editPost" file="/home/meng/Desktop/wptest/wordpress-develop/tests/phpunit/tests/xmlrpc/mw/editPost.php" line="74" assertions="3" time="0.281587"/>
        <testcase name="test_incapable_reassign_author" class="Tests_XMLRPC_mw_editPost" classname="Tests_XMLRPC_mw_editPost" file="/home/meng/Desktop/wptest/wordpress-develop/tests/phpunit/tests/xmlrpc/mw/editPost.php" line="94" assertions="3" time="0.206360"/>
        <testcase name="test_capable_reassign_author_to_self" class="Tests_XMLRPC_mw_editPost" classname="Tests_XMLRPC_mw_editPost" file="/home/meng/Desktop/wptest/wordpress-develop/tests/phpunit/tests/xmlrpc/mw/editPost.php" line="116" assertions="3" time="0.255107"/>
        <testcase name="test_post_thumbnail" class="Tests_XMLRPC_mw_editPost" classname="Tests_XMLRPC_mw_editPost" file="/home/meng/Desktop/wptest/wordpress-develop/tests/phpunit/tests/xmlrpc/mw/editPost.php" line="135" assertions="9" time="0.376710"/>
        <testcase name="test_edit_basic_post_info" class="Tests_XMLRPC_mw_editPost" classname="Tests_XMLRPC_mw_editPost" file="/home/meng/Desktop/wptest/wordpress-develop/tests/phpunit/tests/xmlrpc/mw/editPost.php" line="182" assertions="12" time="0.304777"/>
        <testcase name="test_make_post_sticky" class="Tests_XMLRPC_mw_editPost" classname="Tests_XMLRPC_mw_editPost" file="/home/meng/Desktop/wptest/wordpress-develop/tests/phpunit/tests/xmlrpc/mw/editPost.php" line="233" assertions="2" time="0.209525"/>
        <testcase name="test_change_post_type" class="Tests_XMLRPC_mw_editPost" classname="Tests_XMLRPC_mw_editPost" file="/home/meng/Desktop/wptest/wordpress-develop/tests/phpunit/tests/xmlrpc/mw/editPost.php" line="250" assertions="2" time="0.146174"/>
        <testcase name="test_empty_not_null" class="Tests_XMLRPC_mw_editPost" classname="Tests_XMLRPC_mw_editPost" file="/home/meng/Desktop/wptest/wordpress-develop/tests/phpunit/tests/xmlrpc/mw/editPost.php" line="268" assertions="2" time="0.206576"/>
        <testcase name="test_draft_not_prematurely_published" class="Tests_XMLRPC_mw_editPost" classname="Tests_XMLRPC_mw_editPost" file="/home/meng/Desktop/wptest/wordpress-develop/tests/phpunit/tests/xmlrpc/mw/editPost.php" line="300" assertions="2" time="0.232891"/>
      </testsuite>
      <testsuite name="Tests_XMLRPC_mw_getPost" file="/home/meng/Desktop/wptest/wordpress-develop/tests/phpunit/tests/xmlrpc/mw/getPost.php" tests="6" assertions="47" errors="0" failures="0" skipped="0" time="0.538111">
        <testcase name="test_invalid_username_password" class="Tests_XMLRPC_mw_getPost" classname="Tests_XMLRPC_mw_getPost" file="/home/meng/Desktop/wptest/wordpress-develop/tests/phpunit/tests/xmlrpc/mw/getPost.php" line="24" assertions="2" time="0.047086"/>
        <testcase name="test_incapable_user" class="Tests_XMLRPC_mw_getPost" classname="Tests_XMLRPC_mw_getPost" file="/home/meng/Desktop/wptest/wordpress-develop/tests/phpunit/tests/xmlrpc/mw/getPost.php" line="30" assertions="2" time="0.134142"/>
        <testcase name="test_invalid_postid" class="Tests_XMLRPC_mw_getPost" classname="Tests_XMLRPC_mw_getPost" file="/home/meng/Desktop/wptest/wordpress-develop/tests/phpunit/tests/xmlrpc/mw/getPost.php" line="41" assertions="2" time="0.072066"/>
        <testcase name="test_valid_post" class="Tests_XMLRPC_mw_getPost" classname="Tests_XMLRPC_mw_getPost" file="/home/meng/Desktop/wptest/wordpress-develop/tests/phpunit/tests/xmlrpc/mw/getPost.php" line="47" assertions="29" time="0.091186"/>
        <testcase name="test_post_thumbnail" class="Tests_XMLRPC_mw_getPost" classname="Tests_XMLRPC_mw_getPost" file="/home/meng/Desktop/wptest/wordpress-develop/tests/phpunit/tests/xmlrpc/mw/getPost.php" line="92" assertions="3" time="0.112437"/>
        <testcase name="test_date" class="Tests_XMLRPC_mw_getPost" classname="Tests_XMLRPC_mw_getPost" file="/home/meng/Desktop/wptest/wordpress-develop/tests/phpunit/tests/xmlrpc/mw/getPost.php" line="111" assertions="9" time="0.081194"/>
      </testsuite>
      <testsuite name="Tests_XMLRPC_mw_getRecentPosts" file="/home/meng/Desktop/wptest/wordpress-develop/tests/phpunit/tests/xmlrpc/mw/getRecentPosts.php" tests="6" assertions="9" errors="0" failures="0" skipped="0" time="0.564672">
        <testcase name="test_invalid_username_password" class="Tests_XMLRPC_mw_getRecentPosts" classname="Tests_XMLRPC_mw_getRecentPosts" file="/home/meng/Desktop/wptest/wordpress-develop/tests/phpunit/tests/xmlrpc/mw/getRecentPosts.php" line="25" assertions="2" time="0.041159"/>
        <testcase name="test_no_editing_privileges" class="Tests_XMLRPC_mw_getRecentPosts" classname="Tests_XMLRPC_mw_getRecentPosts" file="/home/meng/Desktop/wptest/wordpress-develop/tests/phpunit/tests/xmlrpc/mw/getRecentPosts.php" line="34" assertions="2" time="0.131103"/>
        <testcase name="test_no_editable_posts" class="Tests_XMLRPC_mw_getRecentPosts" classname="Tests_XMLRPC_mw_getRecentPosts" file="/home/meng/Desktop/wptest/wordpress-develop/tests/phpunit/tests/xmlrpc/mw/getRecentPosts.php" line="42" assertions="2" time="0.078002"/>
        <testcase name="test_valid_post" class="Tests_XMLRPC_mw_getRecentPosts" classname="Tests_XMLRPC_mw_getRecentPosts" file="/home/meng/Desktop/wptest/wordpress-develop/tests/phpunit/tests/xmlrpc/mw/getRecentPosts.php" line="50" assertions="1" time="0.071244"/>
        <testcase name="test_post_thumbnail" class="Tests_XMLRPC_mw_getRecentPosts" classname="Tests_XMLRPC_mw_getRecentPosts" file="/home/meng/Desktop/wptest/wordpress-develop/tests/phpunit/tests/xmlrpc/mw/getRecentPosts.php" line="97" assertions="1" time="0.105285"/>
        <testcase name="test_date" class="Tests_XMLRPC_mw_getRecentPosts" classname="Tests_XMLRPC_mw_getRecentPosts" file="/home/meng/Desktop/wptest/wordpress-develop/tests/phpunit/tests/xmlrpc/mw/getRecentPosts.php" line="122" assertions="1" time="0.137879"/>
      </testsuite>
      <testsuite name="Tests_XMLRPC_mw_newPost" file="/home/meng/Desktop/wptest/wordpress-develop/tests/phpunit/tests/xmlrpc/mw/newPost.php" tests="15" assertions="36" errors="0" failures="0" skipped="0" time="2.459414">
        <testcase name="test_invalid_username_password" class="Tests_XMLRPC_mw_newPost" classname="Tests_XMLRPC_mw_newPost" file="/home/meng/Desktop/wptest/wordpress-develop/tests/phpunit/tests/xmlrpc/mw/newPost.php" line="8" assertions="2" time="0.041071"/>
        <testcase name="test_incapable_user" class="Tests_XMLRPC_mw_newPost" classname="Tests_XMLRPC_mw_newPost" file="/home/meng/Desktop/wptest/wordpress-develop/tests/phpunit/tests/xmlrpc/mw/newPost.php" line="15" assertions="2" time="0.132682"/>
        <testcase name="test_no_content" class="Tests_XMLRPC_mw_newPost" classname="Tests_XMLRPC_mw_newPost" file="/home/meng/Desktop/wptest/wordpress-develop/tests/phpunit/tests/xmlrpc/mw/newPost.php" line="24" assertions="3" time="0.165656"/>
        <testcase name="test_basic_content" class="Tests_XMLRPC_mw_newPost" classname="Tests_XMLRPC_mw_newPost" file="/home/meng/Desktop/wptest/wordpress-develop/tests/phpunit/tests/xmlrpc/mw/newPost.php" line="34" assertions="2" time="0.176165"/>
        <testcase name="test_ignore_id" class="Tests_XMLRPC_mw_newPost" classname="Tests_XMLRPC_mw_newPost" file="/home/meng/Desktop/wptest/wordpress-develop/tests/phpunit/tests/xmlrpc/mw/newPost.php" line="43" assertions="2" time="0.176850"/>
        <testcase name="test_capable_publish" class="Tests_XMLRPC_mw_newPost" classname="Tests_XMLRPC_mw_newPost" file="/home/meng/Desktop/wptest/wordpress-develop/tests/phpunit/tests/xmlrpc/mw/newPost.php" line="55" assertions="1" time="0.202844"/>
        <testcase name="test_incapable_publish" class="Tests_XMLRPC_mw_newPost" classname="Tests_XMLRPC_mw_newPost" file="/home/meng/Desktop/wptest/wordpress-develop/tests/phpunit/tests/xmlrpc/mw/newPost.php" line="66" assertions="2" time="0.139235"/>
        <testcase name="test_capable_other_author" class="Tests_XMLRPC_mw_newPost" classname="Tests_XMLRPC_mw_newPost" file="/home/meng/Desktop/wptest/wordpress-develop/tests/phpunit/tests/xmlrpc/mw/newPost.php" line="78" assertions="1" time="0.244914"/>
        <testcase name="test_incapable_other_author" class="Tests_XMLRPC_mw_newPost" classname="Tests_XMLRPC_mw_newPost" file="/home/meng/Desktop/wptest/wordpress-develop/tests/phpunit/tests/xmlrpc/mw/newPost.php" line="90" assertions="2" time="0.188866"/>
        <testcase name="test_invalid_author" class="Tests_XMLRPC_mw_newPost" classname="Tests_XMLRPC_mw_newPost" file="/home/meng/Desktop/wptest/wordpress-develop/tests/phpunit/tests/xmlrpc/mw/newPost.php" line="106" assertions="2" time="0.135168"/>
        <testcase name="test_empty_author" class="Tests_XMLRPC_mw_newPost" classname="Tests_XMLRPC_mw_newPost" file="/home/meng/Desktop/wptest/wordpress-develop/tests/phpunit/tests/xmlrpc/mw/newPost.php" line="118" assertions="4" time="0.175928"/>
        <testcase name="test_post_thumbnail" class="Tests_XMLRPC_mw_newPost" classname="Tests_XMLRPC_mw_newPost" file="/home/meng/Desktop/wptest/wordpress-develop/tests/phpunit/tests/xmlrpc/mw/newPost.php" line="131" assertions="2" time="0.198231"/>
        <testcase name="test_incapable_set_post_type_as_page" class="Tests_XMLRPC_mw_newPost" classname="Tests_XMLRPC_mw_newPost" file="/home/meng/Desktop/wptest/wordpress-develop/tests/phpunit/tests/xmlrpc/mw/newPost.php" line="151" assertions="2" time="0.129327"/>
        <testcase name="test_capable_set_post_type_as_page" class="Tests_XMLRPC_mw_newPost" classname="Tests_XMLRPC_mw_newPost" file="/home/meng/Desktop/wptest/wordpress-develop/tests/phpunit/tests/xmlrpc/mw/newPost.php" line="163" assertions="4" time="0.171378"/>
        <testcase name="test_draft_post_date" class="Tests_XMLRPC_mw_newPost" classname="Tests_XMLRPC_mw_newPost" file="/home/meng/Desktop/wptest/wordpress-develop/tests/phpunit/tests/xmlrpc/mw/newPost.php" line="183" assertions="5" time="0.181100"/>
      </testsuite>
      <testsuite name="Tests_XMLRPC_wp_deletePost" file="/home/meng/Desktop/wptest/wordpress-develop/tests/phpunit/tests/xmlrpc/wp/deletePost.php" tests="4" assertions="9" errors="0" failures="0" skipped="0" time="0.546541">
        <testcase name="test_invalid_username_password" class="Tests_XMLRPC_wp_deletePost" classname="Tests_XMLRPC_wp_deletePost" file="/home/meng/Desktop/wptest/wordpress-develop/tests/phpunit/tests/xmlrpc/wp/deletePost.php" line="8" assertions="2" time="0.041006"/>
        <testcase name="test_invalid_post" class="Tests_XMLRPC_wp_deletePost" classname="Tests_XMLRPC_wp_deletePost" file="/home/meng/Desktop/wptest/wordpress-develop/tests/phpunit/tests/xmlrpc/wp/deletePost.php" line="14" assertions="2" time="0.139753"/>
        <testcase name="test_incapable_user" class="Tests_XMLRPC_wp_deletePost" classname="Tests_XMLRPC_wp_deletePost" file="/home/meng/Desktop/wptest/wordpress-develop/tests/phpunit/tests/xmlrpc/wp/deletePost.php" line="22" assertions="2" time="0.163714"/>
        <testcase name="test_post_deleted" class="Tests_XMLRPC_wp_deletePost" classname="Tests_XMLRPC_wp_deletePost" file="/home/meng/Desktop/wptest/wordpress-develop/tests/phpunit/tests/xmlrpc/wp/deletePost.php" line="31" assertions="3" time="0.202068"/>
      </testsuite>
      <testsuite name="Tests_XMLRPC_wp_deleteTerm" file="/home/meng/Desktop/wptest/wordpress-develop/tests/phpunit/tests/xmlrpc/wp/deleteTerm.php" tests="7" assertions="19" errors="0" failures="0" skipped="0" time="0.865973">
        <testcase name="test_invalid_username_password" class="Tests_XMLRPC_wp_deleteTerm" classname="Tests_XMLRPC_wp_deleteTerm" file="/home/meng/Desktop/wptest/wordpress-develop/tests/phpunit/tests/xmlrpc/wp/deleteTerm.php" line="17" assertions="2" time="0.042409"/>
        <testcase name="test_empty_taxonomy" class="Tests_XMLRPC_wp_deleteTerm" classname="Tests_XMLRPC_wp_deleteTerm" file="/home/meng/Desktop/wptest/wordpress-develop/tests/phpunit/tests/xmlrpc/wp/deleteTerm.php" line="23" assertions="3" time="0.131788"/>
        <testcase name="test_invalid_taxonomy" class="Tests_XMLRPC_wp_deleteTerm" classname="Tests_XMLRPC_wp_deleteTerm" file="/home/meng/Desktop/wptest/wordpress-develop/tests/phpunit/tests/xmlrpc/wp/deleteTerm.php" line="32" assertions="3" time="0.131574"/>
        <testcase name="test_incapable_user" class="Tests_XMLRPC_wp_deleteTerm" classname="Tests_XMLRPC_wp_deleteTerm" file="/home/meng/Desktop/wptest/wordpress-develop/tests/phpunit/tests/xmlrpc/wp/deleteTerm.php" line="41" assertions="3" time="0.132008"/>
        <testcase name="test_empty_term" class="Tests_XMLRPC_wp_deleteTerm" classname="Tests_XMLRPC_wp_deleteTerm" file="/home/meng/Desktop/wptest/wordpress-develop/tests/phpunit/tests/xmlrpc/wp/deleteTerm.php" line="50" assertions="3" time="0.140754"/>
        <testcase name="test_invalid_term" class="Tests_XMLRPC_wp_deleteTerm" classname="Tests_XMLRPC_wp_deleteTerm" file="/home/meng/Desktop/wptest/wordpress-develop/tests/phpunit/tests/xmlrpc/wp/deleteTerm.php" line="59" assertions="3" time="0.138477"/>
        <testcase name="test_term_deleted" class="Tests_XMLRPC_wp_deleteTerm" classname="Tests_XMLRPC_wp_deleteTerm" file="/home/meng/Desktop/wptest/wordpress-develop/tests/phpunit/tests/xmlrpc/wp/deleteTerm.php" line="68" assertions="2" time="0.148963"/>
      </testsuite>
      <testsuite name="Tests_XMLRPC_wp_editComment" file="/home/meng/Desktop/wptest/wordpress-develop/tests/phpunit/tests/xmlrpc/wp/editComment.php" tests="3" assertions="7" errors="0" failures="0" skipped="0" time="0.551544">
        <testcase name="test_author_can_edit_own_comment" class="Tests_XMLRPC_wp_editComment" classname="Tests_XMLRPC_wp_editComment" file="/home/meng/Desktop/wptest/wordpress-develop/tests/phpunit/tests/xmlrpc/wp/editComment.php" line="8" assertions="2" time="0.164253"/>
        <testcase name="test_author_cannot_edit_others_comment" class="Tests_XMLRPC_wp_editComment" classname="Tests_XMLRPC_wp_editComment" file="/home/meng/Desktop/wptest/wordpress-develop/tests/phpunit/tests/xmlrpc/wp/editComment.php" line="41" assertions="3" time="0.207851"/>
        <testcase name="test_trash_comment" class="Tests_XMLRPC_wp_editComment" classname="Tests_XMLRPC_wp_editComment" file="/home/meng/Desktop/wptest/wordpress-develop/tests/phpunit/tests/xmlrpc/wp/editComment.php" line="66" assertions="2" time="0.179440"/>
      </testsuite>
      <testsuite name="Tests_XMLRPC_wp_editPost" file="/home/meng/Desktop/wptest/wordpress-develop/tests/phpunit/tests/xmlrpc/wp/editPost.php" tests="19" assertions="72" errors="0" failures="0" skipped="0" time="4.353946">
        <testcase name="test_invalid_username_password" class="Tests_XMLRPC_wp_editPost" classname="Tests_XMLRPC_wp_editPost" file="/home/meng/Desktop/wptest/wordpress-develop/tests/phpunit/tests/xmlrpc/wp/editPost.php" line="8" assertions="2" time="0.043200"/>
        <testcase name="test_edit_own_post" class="Tests_XMLRPC_wp_editPost" classname="Tests_XMLRPC_wp_editPost" file="/home/meng/Desktop/wptest/wordpress-develop/tests/phpunit/tests/xmlrpc/wp/editPost.php" line="14" assertions="3" time="0.189392"/>
        <testcase name="test_capable_edit_others_post" class="Tests_XMLRPC_wp_editPost" classname="Tests_XMLRPC_wp_editPost" file="/home/meng/Desktop/wptest/wordpress-develop/tests/phpunit/tests/xmlrpc/wp/editPost.php" line="33" assertions="3" time="0.275647"/>
        <testcase name="test_incapable_edit_others_post" class="Tests_XMLRPC_wp_editPost" classname="Tests_XMLRPC_wp_editPost" file="/home/meng/Desktop/wptest/wordpress-develop/tests/phpunit/tests/xmlrpc/wp/editPost.php" line="53" assertions="3" time="0.228906"/>
        <testcase name="test_capable_reassign_author" class="Tests_XMLRPC_wp_editPost" classname="Tests_XMLRPC_wp_editPost" file="/home/meng/Desktop/wptest/wordpress-develop/tests/phpunit/tests/xmlrpc/wp/editPost.php" line="74" assertions="3" time="0.329225"/>
        <testcase name="test_incapable_reassign_author" class="Tests_XMLRPC_wp_editPost" classname="Tests_XMLRPC_wp_editPost" file="/home/meng/Desktop/wptest/wordpress-develop/tests/phpunit/tests/xmlrpc/wp/editPost.php" line="94" assertions="3" time="0.239297"/>
        <testcase name="test_capable_reassign_author_to_self" class="Tests_XMLRPC_wp_editPost" classname="Tests_XMLRPC_wp_editPost" file="/home/meng/Desktop/wptest/wordpress-develop/tests/phpunit/tests/xmlrpc/wp/editPost.php" line="116" assertions="3" time="0.258952"/>
        <testcase name="test_post_thumbnail" class="Tests_XMLRPC_wp_editPost" classname="Tests_XMLRPC_wp_editPost" file="/home/meng/Desktop/wptest/wordpress-develop/tests/phpunit/tests/xmlrpc/wp/editPost.php" line="135" assertions="15" time="0.467378"/>
        <testcase name="test_edit_custom_fields" class="Tests_XMLRPC_wp_editPost" classname="Tests_XMLRPC_wp_editPost" file="/home/meng/Desktop/wptest/wordpress-develop/tests/phpunit/tests/xmlrpc/wp/editPost.php" line="195" assertions="6" time="0.191623"/>
        <testcase name="test_capable_unsticky" class="Tests_XMLRPC_wp_editPost" classname="Tests_XMLRPC_wp_editPost" file="/home/meng/Desktop/wptest/wordpress-develop/tests/phpunit/tests/xmlrpc/wp/editPost.php" line="239" assertions="2" time="0.209199"/>
        <testcase name="test_password_transition_unsticky" class="Tests_XMLRPC_wp_editPost" classname="Tests_XMLRPC_wp_editPost" file="/home/meng/Desktop/wptest/wordpress-develop/tests/phpunit/tests/xmlrpc/wp/editPost.php" line="251" assertions="2" time="0.213463"/>
        <testcase name="test_if_not_modified_since" class="Tests_XMLRPC_wp_editPost" classname="Tests_XMLRPC_wp_editPost" file="/home/meng/Desktop/wptest/wordpress-develop/tests/phpunit/tests/xmlrpc/wp/editPost.php" line="266" assertions="5" time="0.217992"/>
        <testcase name="test_edit_attachment" class="Tests_XMLRPC_wp_editPost" classname="Tests_XMLRPC_wp_editPost" file="/home/meng/Desktop/wptest/wordpress-develop/tests/phpunit/tests/xmlrpc/wp/editPost.php" line="305" assertions="2" time="0.158088"/>
        <testcase name="test_use_invalid_post_status" class="Tests_XMLRPC_wp_editPost" classname="Tests_XMLRPC_wp_editPost" file="/home/meng/Desktop/wptest/wordpress-develop/tests/phpunit/tests/xmlrpc/wp/editPost.php" line="326" assertions="2" time="0.205091"/>
        <testcase name="test_loss_of_categories_on_edit" class="Tests_XMLRPC_wp_editPost" classname="Tests_XMLRPC_wp_editPost" file="/home/meng/Desktop/wptest/wordpress-develop/tests/phpunit/tests/xmlrpc/wp/editPost.php" line="348" assertions="4" time="0.234147"/>
        <testcase name="test_clear_categories_on_edit" class="Tests_XMLRPC_wp_editPost" classname="Tests_XMLRPC_wp_editPost" file="/home/meng/Desktop/wptest/wordpress-develop/tests/phpunit/tests/xmlrpc/wp/editPost.php" line="379" assertions="4" time="0.227963"/>
        <testcase name="test_add_enclosure_if_new" class="Tests_XMLRPC_wp_editPost" classname="Tests_XMLRPC_wp_editPost" file="/home/meng/Desktop/wptest/wordpress-develop/tests/phpunit/tests/xmlrpc/wp/editPost.php" line="406" assertions="6" time="0.156152"/>
        <testcase name="test_draft_not_prematurely_published" class="Tests_XMLRPC_wp_editPost" classname="Tests_XMLRPC_wp_editPost" file="/home/meng/Desktop/wptest/wordpress-develop/tests/phpunit/tests/xmlrpc/wp/editPost.php" line="467" assertions="2" time="0.253861"/>
        <testcase name="test_draft_not_assigned_published_date" class="Tests_XMLRPC_wp_editPost" classname="Tests_XMLRPC_wp_editPost" file="/home/meng/Desktop/wptest/wordpress-develop/tests/phpunit/tests/xmlrpc/wp/editPost.php" line="503" assertions="2" time="0.254370"/>
      </testsuite>
      <testsuite name="Tests_XMLRPC_wp_editProfile" file="/home/meng/Desktop/wptest/wordpress-develop/tests/phpunit/tests/xmlrpc/wp/editProfile.php" tests="4" assertions="18" errors="0" failures="0" skipped="0" time="0.562727">
        <testcase name="test_invalid_username_password" class="Tests_XMLRPC_wp_editProfile" classname="Tests_XMLRPC_wp_editProfile" file="/home/meng/Desktop/wptest/wordpress-develop/tests/phpunit/tests/xmlrpc/wp/editProfile.php" line="9" assertions="2" time="0.044873"/>
        <testcase name="test_subscriber_profile" class="Tests_XMLRPC_wp_editProfile" classname="Tests_XMLRPC_wp_editProfile" file="/home/meng/Desktop/wptest/wordpress-develop/tests/phpunit/tests/xmlrpc/wp/editProfile.php" line="15" assertions="9" time="0.162218"/>
        <testcase name="test_ignore_password_change" class="Tests_XMLRPC_wp_editProfile" classname="Tests_XMLRPC_wp_editProfile" file="/home/meng/Desktop/wptest/wordpress-develop/tests/phpunit/tests/xmlrpc/wp/editProfile.php" line="42" assertions="4" time="0.202702"/>
        <testcase name="test_ignore_email_change" class="Tests_XMLRPC_wp_editProfile" classname="Tests_XMLRPC_wp_editProfile" file="/home/meng/Desktop/wptest/wordpress-develop/tests/phpunit/tests/xmlrpc/wp/editProfile.php" line="57" assertions="3" time="0.152934"/>
      </testsuite>
      <testsuite name="Tests_XMLRPC_wp_editTerm" file="/home/meng/Desktop/wptest/wordpress-develop/tests/phpunit/tests/xmlrpc/wp/editTerm.php" tests="16" assertions="42" errors="0" failures="0" skipped="0" time="2.162648">
        <testcase name="test_invalid_username_password" class="Tests_XMLRPC_wp_editTerm" classname="Tests_XMLRPC_wp_editTerm" file="/home/meng/Desktop/wptest/wordpress-develop/tests/phpunit/tests/xmlrpc/wp/editTerm.php" line="29" assertions="2" time="0.041875"/>
        <testcase name="test_empty_taxonomy" class="Tests_XMLRPC_wp_editTerm" classname="Tests_XMLRPC_wp_editTerm" file="/home/meng/Desktop/wptest/wordpress-develop/tests/phpunit/tests/xmlrpc/wp/editTerm.php" line="35" assertions="3" time="0.131525"/>
        <testcase name="test_invalid_taxonomy" class="Tests_XMLRPC_wp_editTerm" classname="Tests_XMLRPC_wp_editTerm" file="/home/meng/Desktop/wptest/wordpress-develop/tests/phpunit/tests/xmlrpc/wp/editTerm.php" line="44" assertions="3" time="0.132418"/>
        <testcase name="test_incapable_user" class="Tests_XMLRPC_wp_editTerm" classname="Tests_XMLRPC_wp_editTerm" file="/home/meng/Desktop/wptest/wordpress-develop/tests/phpunit/tests/xmlrpc/wp/editTerm.php" line="53" assertions="3" time="0.131442"/>
        <testcase name="test_term_not_exists" class="Tests_XMLRPC_wp_editTerm" classname="Tests_XMLRPC_wp_editTerm" file="/home/meng/Desktop/wptest/wordpress-develop/tests/phpunit/tests/xmlrpc/wp/editTerm.php" line="62" assertions="3" time="0.151620"/>
        <testcase name="test_empty_term" class="Tests_XMLRPC_wp_editTerm" classname="Tests_XMLRPC_wp_editTerm" file="/home/meng/Desktop/wptest/wordpress-develop/tests/phpunit/tests/xmlrpc/wp/editTerm.php" line="71" assertions="3" time="0.144278"/>
        <testcase name="test_empty_term_name" class="Tests_XMLRPC_wp_editTerm" classname="Tests_XMLRPC_wp_editTerm" file="/home/meng/Desktop/wptest/wordpress-develop/tests/phpunit/tests/xmlrpc/wp/editTerm.php" line="80" assertions="3" time="0.131191"/>
        <testcase name="test_parent_for_nonhierarchical" class="Tests_XMLRPC_wp_editTerm" classname="Tests_XMLRPC_wp_editTerm" file="/home/meng/Desktop/wptest/wordpress-develop/tests/phpunit/tests/xmlrpc/wp/editTerm.php" line="100" assertions="3" time="0.134566"/>
        <testcase name="test_parent_empty" class="Tests_XMLRPC_wp_editTerm" classname="Tests_XMLRPC_wp_editTerm" file="/home/meng/Desktop/wptest/wordpress-develop/tests/phpunit/tests/xmlrpc/wp/editTerm.php" line="120" assertions="2" time="0.148671"/>
        <testcase name="test_parent_null" class="Tests_XMLRPC_wp_editTerm" classname="Tests_XMLRPC_wp_editTerm" file="/home/meng/Desktop/wptest/wordpress-develop/tests/phpunit/tests/xmlrpc/wp/editTerm.php" line="140" assertions="3" time="0.151100"/>
        <testcase name="test_parent_invalid" class="Tests_XMLRPC_wp_editTerm" classname="Tests_XMLRPC_wp_editTerm" file="/home/meng/Desktop/wptest/wordpress-develop/tests/phpunit/tests/xmlrpc/wp/editTerm.php" line="164" assertions="2" time="0.133218"/>
        <testcase name="test_parent_not_existing" class="Tests_XMLRPC_wp_editTerm" classname="Tests_XMLRPC_wp_editTerm" file="/home/meng/Desktop/wptest/wordpress-develop/tests/phpunit/tests/xmlrpc/wp/editTerm.php" line="184" assertions="3" time="0.138231"/>
        <testcase name="test_parent_duplicate_slug" class="Tests_XMLRPC_wp_editTerm" classname="Tests_XMLRPC_wp_editTerm" file="/home/meng/Desktop/wptest/wordpress-develop/tests/phpunit/tests/xmlrpc/wp/editTerm.php" line="205" assertions="3" time="0.136163"/>
        <testcase name="test_edit_all_fields" class="Tests_XMLRPC_wp_editTerm" classname="Tests_XMLRPC_wp_editTerm" file="/home/meng/Desktop/wptest/wordpress-develop/tests/phpunit/tests/xmlrpc/wp/editTerm.php" line="226" assertions="2" time="0.139872"/>
        <testcase name="test_update_term_meta" class="Tests_XMLRPC_wp_editTerm" classname="Tests_XMLRPC_wp_editTerm" file="/home/meng/Desktop/wptest/wordpress-develop/tests/phpunit/tests/xmlrpc/wp/editTerm.php" line="245" assertions="2" time="0.159141"/>
        <testcase name="test_delete_term_meta" class="Tests_XMLRPC_wp_editTerm" classname="Tests_XMLRPC_wp_editTerm" file="/home/meng/Desktop/wptest/wordpress-develop/tests/phpunit/tests/xmlrpc/wp/editTerm.php" line="285" assertions="2" time="0.157337"/>
      </testsuite>
      <testsuite name="Tests_XMLRPC_wp_getComment" file="/home/meng/Desktop/wptest/wordpress-develop/tests/phpunit/tests/xmlrpc/wp/getComment.php" tests="5" assertions="35" errors="0" failures="0" skipped="0" time="0.572037">
        <testcase name="test_invalid_username_password" class="Tests_XMLRPC_wp_getComment" classname="Tests_XMLRPC_wp_getComment" file="/home/meng/Desktop/wptest/wordpress-develop/tests/phpunit/tests/xmlrpc/wp/getComment.php" line="36" assertions="2" time="0.041387"/>
        <testcase name="test_incapable_user" class="Tests_XMLRPC_wp_getComment" classname="Tests_XMLRPC_wp_getComment" file="/home/meng/Desktop/wptest/wordpress-develop/tests/phpunit/tests/xmlrpc/wp/getComment.php" line="42" assertions="2" time="0.137302"/>
        <testcase name="test_valid_comment" class="Tests_XMLRPC_wp_getComment" classname="Tests_XMLRPC_wp_getComment" file="/home/meng/Desktop/wptest/wordpress-develop/tests/phpunit/tests/xmlrpc/wp/getComment.php" line="50" assertions="26" time="0.129420"/>
        <testcase name="test_valid_child_comment" class="Tests_XMLRPC_wp_getComment" classname="Tests_XMLRPC_wp_getComment" file="/home/meng/Desktop/wptest/wordpress-develop/tests/phpunit/tests/xmlrpc/wp/getComment.php" line="86" assertions="3" time="0.137935"/>
        <testcase name="test_invalid_id" class="Tests_XMLRPC_wp_getComment" classname="Tests_XMLRPC_wp_getComment" file="/home/meng/Desktop/wptest/wordpress-develop/tests/phpunit/tests/xmlrpc/wp/getComment.php" line="96" assertions="2" time="0.125994"/>
      </testsuite>
      <testsuite name="Tests_XMLRPC_wp_getComments" file="/home/meng/Desktop/wptest/wordpress-develop/tests/phpunit/tests/xmlrpc/wp/getComments.php" tests="8" assertions="26" errors="0" failures="0" skipped="0" time="1.732936">
        <testcase name="test_invalid_username_password" class="Tests_XMLRPC_wp_getComments" classname="Tests_XMLRPC_wp_getComments" file="/home/meng/Desktop/wptest/wordpress-develop/tests/phpunit/tests/xmlrpc/wp/getComments.php" line="9" assertions="2" time="0.040847"/>
        <testcase name="test_incapable_user" class="Tests_XMLRPC_wp_getComments" classname="Tests_XMLRPC_wp_getComments" file="/home/meng/Desktop/wptest/wordpress-develop/tests/phpunit/tests/xmlrpc/wp/getComments.php" line="15" assertions="2" time="0.137771"/>
        <testcase name="test_capable_user" class="Tests_XMLRPC_wp_getComments" classname="Tests_XMLRPC_wp_getComments" file="/home/meng/Desktop/wptest/wordpress-develop/tests/phpunit/tests/xmlrpc/wp/getComments.php" line="23" assertions="3" time="0.180330"/>
        <testcase name="test_post_filter" class="Tests_XMLRPC_wp_getComments" classname="Tests_XMLRPC_wp_getComments" file="/home/meng/Desktop/wptest/wordpress-develop/tests/phpunit/tests/xmlrpc/wp/getComments.php" line="38" assertions="3" time="0.184870"/>
        <testcase name="test_number_filter" class="Tests_XMLRPC_wp_getComments" classname="Tests_XMLRPC_wp_getComments" file="/home/meng/Desktop/wptest/wordpress-develop/tests/phpunit/tests/xmlrpc/wp/getComments.php" line="61" assertions="4" time="0.255595"/>
        <testcase name="test_contributor_capabilities" class="Tests_XMLRPC_wp_getComments" classname="Tests_XMLRPC_wp_getComments" file="/home/meng/Desktop/wptest/wordpress-develop/tests/phpunit/tests/xmlrpc/wp/getComments.php" line="97" assertions="2" time="0.313937"/>
        <testcase name="test_author_capabilities" class="Tests_XMLRPC_wp_getComments" classname="Tests_XMLRPC_wp_getComments" file="/home/meng/Desktop/wptest/wordpress-develop/tests/phpunit/tests/xmlrpc/wp/getComments.php" line="140" assertions="6" time="0.317560"/>
        <testcase name="test_editor_capabilities" class="Tests_XMLRPC_wp_getComments" classname="Tests_XMLRPC_wp_getComments" file="/home/meng/Desktop/wptest/wordpress-develop/tests/phpunit/tests/xmlrpc/wp/getComments.php" line="232" assertions="4" time="0.302026"/>
      </testsuite>
      <testsuite name="Tests_XMLRPC_wp_getMediaItem" file="/home/meng/Desktop/wptest/wordpress-develop/tests/phpunit/tests/xmlrpc/wp/getMediaItem.php" tests="2" assertions="16" errors="0" failures="0" skipped="0" time="0.225339">
        <testcase name="test_invalid_username_password" class="Tests_XMLRPC_wp_getMediaItem" classname="Tests_XMLRPC_wp_getMediaItem" file="/home/meng/Desktop/wptest/wordpress-develop/tests/phpunit/tests/xmlrpc/wp/getMediaItem.php" line="39" assertions="2" time="0.070879"/>
        <testcase name="test_valid_media_item" class="Tests_XMLRPC_wp_getMediaItem" classname="Tests_XMLRPC_wp_getMediaItem" file="/home/meng/Desktop/wptest/wordpress-develop/tests/phpunit/tests/xmlrpc/wp/getMediaItem.php" line="45" assertions="14" time="0.154460"/>
      </testsuite>
      <testsuite name="Tests_XMLRPC_wp_getOptions" file="/home/meng/Desktop/wptest/wordpress-develop/tests/phpunit/tests/xmlrpc/wp/getOptions.php" tests="5" assertions="113" errors="0" failures="0" skipped="0" time="0.579672">
        <testcase name="test_invalid_username_password" class="Tests_XMLRPC_wp_getOptions" classname="Tests_XMLRPC_wp_getOptions" file="/home/meng/Desktop/wptest/wordpress-develop/tests/phpunit/tests/xmlrpc/wp/getOptions.php" line="8" assertions="2" time="0.039561"/>
        <testcase name="test_valid_username_password" class="Tests_XMLRPC_wp_getOptions" classname="Tests_XMLRPC_wp_getOptions" file="/home/meng/Desktop/wptest/wordpress-develop/tests/phpunit/tests/xmlrpc/wp/getOptions.php" line="14" assertions="2" time="0.130688"/>
        <testcase name="test_option_value" class="Tests_XMLRPC_wp_getOptions" classname="Tests_XMLRPC_wp_getOptions" file="/home/meng/Desktop/wptest/wordpress-develop/tests/phpunit/tests/xmlrpc/wp/getOptions.php" line="22" assertions="3" time="0.134626"/>
        <testcase name="test_option_values_subscriber" class="Tests_XMLRPC_wp_getOptions" classname="Tests_XMLRPC_wp_getOptions" file="/home/meng/Desktop/wptest/wordpress-develop/tests/phpunit/tests/xmlrpc/wp/getOptions.php" line="35" assertions="53" time="0.131959"/>
        <testcase name="test_option_values_admin" class="Tests_XMLRPC_wp_getOptions" classname="Tests_XMLRPC_wp_getOptions" file="/home/meng/Desktop/wptest/wordpress-develop/tests/phpunit/tests/xmlrpc/wp/getOptions.php" line="123" assertions="53" time="0.142838"/>
      </testsuite>
      <testsuite name="Tests_XMLRPC_wp_getPage" file="/home/meng/Desktop/wptest/wordpress-develop/tests/phpunit/tests/xmlrpc/wp/getPage.php" tests="4" assertions="38" errors="0" failures="0" skipped="0" time="0.465242">
        <testcase name="test_invalid_username_password" class="Tests_XMLRPC_wp_getPage" classname="Tests_XMLRPC_wp_getPage" file="/home/meng/Desktop/wptest/wordpress-develop/tests/phpunit/tests/xmlrpc/wp/getPage.php" line="25" assertions="2" time="0.044203"/>
        <testcase name="test_invalid_pageid" class="Tests_XMLRPC_wp_getPage" classname="Tests_XMLRPC_wp_getPage" file="/home/meng/Desktop/wptest/wordpress-develop/tests/phpunit/tests/xmlrpc/wp/getPage.php" line="34" assertions="2" time="0.138671"/>
        <testcase name="test_valid_page" class="Tests_XMLRPC_wp_getPage" classname="Tests_XMLRPC_wp_getPage" file="/home/meng/Desktop/wptest/wordpress-develop/tests/phpunit/tests/xmlrpc/wp/getPage.php" line="42" assertions="29" time="0.140118"/>
        <testcase name="test_date" class="Tests_XMLRPC_wp_getPage" classname="Tests_XMLRPC_wp_getPage" file="/home/meng/Desktop/wptest/wordpress-develop/tests/phpunit/tests/xmlrpc/wp/getPage.php" line="83" assertions="5" time="0.142250"/>
      </testsuite>
      <testsuite name="Tests_XMLRPC_wp_getPageList" file="/home/meng/Desktop/wptest/wordpress-develop/tests/phpunit/tests/xmlrpc/wp/getPageList.php" tests="3" assertions="9" errors="0" failures="0" skipped="0" time="0.321684">
        <testcase name="test_invalid_username_password" class="Tests_XMLRPC_wp_getPageList" classname="Tests_XMLRPC_wp_getPageList" file="/home/meng/Desktop/wptest/wordpress-develop/tests/phpunit/tests/xmlrpc/wp/getPageList.php" line="25" assertions="2" time="0.049311"/>
        <testcase name="test_incapable_user" class="Tests_XMLRPC_wp_getPageList" classname="Tests_XMLRPC_wp_getPageList" file="/home/meng/Desktop/wptest/wordpress-develop/tests/phpunit/tests/xmlrpc/wp/getPageList.php" line="31" assertions="2" time="0.136521"/>
        <testcase name="test_date" class="Tests_XMLRPC_wp_getPageList" classname="Tests_XMLRPC_wp_getPageList" file="/home/meng/Desktop/wptest/wordpress-develop/tests/phpunit/tests/xmlrpc/wp/getPageList.php" line="39" assertions="5" time="0.135852"/>
      </testsuite>
      <testsuite name="Tests_XMLRPC_wp_getPages" file="/home/meng/Desktop/wptest/wordpress-develop/tests/phpunit/tests/xmlrpc/wp/getPages.php" tests="4" assertions="8" errors="0" failures="0" skipped="0" time="0.322276">
        <testcase name="test_invalid_username_password" class="Tests_XMLRPC_wp_getPages" classname="Tests_XMLRPC_wp_getPages" file="/home/meng/Desktop/wptest/wordpress-develop/tests/phpunit/tests/xmlrpc/wp/getPages.php" line="33" assertions="2" time="0.047714"/>
        <testcase name="test_incapable_user" class="Tests_XMLRPC_wp_getPages" classname="Tests_XMLRPC_wp_getPages" file="/home/meng/Desktop/wptest/wordpress-develop/tests/phpunit/tests/xmlrpc/wp/getPages.php" line="39" assertions="2" time="0.129283"/>
        <testcase name="test_capable_user" class="Tests_XMLRPC_wp_getPages" classname="Tests_XMLRPC_wp_getPages" file="/home/meng/Desktop/wptest/wordpress-develop/tests/phpunit/tests/xmlrpc/wp/getPages.php" line="47" assertions="2" time="0.071913"/>
        <testcase name="test_semi_capable_user" class="Tests_XMLRPC_wp_getPages" classname="Tests_XMLRPC_wp_getPages" file="/home/meng/Desktop/wptest/wordpress-develop/tests/phpunit/tests/xmlrpc/wp/getPages.php" line="70" assertions="2" time="0.073366"/>
      </testsuite>
      <testsuite name="Tests_XMLRPC_wp_getPost" file="/home/meng/Desktop/wptest/wordpress-develop/tests/phpunit/tests/xmlrpc/wp/getPost.php" tests="6" assertions="60" errors="0" failures="0" skipped="0" time="1.031279">
        <testcase name="test_invalid_username_password" class="Tests_XMLRPC_wp_getPost" classname="Tests_XMLRPC_wp_getPost" file="/home/meng/Desktop/wptest/wordpress-develop/tests/phpunit/tests/xmlrpc/wp/getPost.php" line="31" assertions="2" time="0.115396"/>
        <testcase name="test_valid_post" class="Tests_XMLRPC_wp_getPost" classname="Tests_XMLRPC_wp_getPost" file="/home/meng/Desktop/wptest/wordpress-develop/tests/phpunit/tests/xmlrpc/wp/getPost.php" line="37" assertions="32" time="0.179469"/>
        <testcase name="test_no_fields" class="Tests_XMLRPC_wp_getPost" classname="Tests_XMLRPC_wp_getPost" file="/home/meng/Desktop/wptest/wordpress-develop/tests/phpunit/tests/xmlrpc/wp/getPost.php" line="82" assertions="3" time="0.156966"/>
        <testcase name="test_default_fields" class="Tests_XMLRPC_wp_getPost" classname="Tests_XMLRPC_wp_getPost" file="/home/meng/Desktop/wptest/wordpress-develop/tests/phpunit/tests/xmlrpc/wp/getPost.php" line="92" assertions="5" time="0.149668"/>
        <testcase name="test_date" class="Tests_XMLRPC_wp_getPost" classname="Tests_XMLRPC_wp_getPost" file="/home/meng/Desktop/wptest/wordpress-develop/tests/phpunit/tests/xmlrpc/wp/getPost.php" line="102" assertions="9" time="0.155947"/>
        <testcase name="test_valid_page" class="Tests_XMLRPC_wp_getPost" classname="Tests_XMLRPC_wp_getPost" file="/home/meng/Desktop/wptest/wordpress-develop/tests/phpunit/tests/xmlrpc/wp/getPost.php" line="125" assertions="9" time="0.273833"/>
      </testsuite>
      <testsuite name="Tests_XMLRPC_wp_getPostType" file="/home/meng/Desktop/wptest/wordpress-develop/tests/phpunit/tests/xmlrpc/wp/getPostType.php" tests="5" assertions="64" errors="0" failures="0" skipped="0" time="0.602227">
        <testcase name="test_invalid_username_password" class="Tests_XMLRPC_wp_getPostType" classname="Tests_XMLRPC_wp_getPostType" file="/home/meng/Desktop/wptest/wordpress-develop/tests/phpunit/tests/xmlrpc/wp/getPostType.php" line="32" assertions="2" time="0.042435"/>
        <testcase name="test_invalid_post_type_name" class="Tests_XMLRPC_wp_getPostType" classname="Tests_XMLRPC_wp_getPostType" file="/home/meng/Desktop/wptest/wordpress-develop/tests/phpunit/tests/xmlrpc/wp/getPostType.php" line="38" assertions="2" time="0.135240"/>
        <testcase name="test_valid_post_type_name" class="Tests_XMLRPC_wp_getPostType" classname="Tests_XMLRPC_wp_getPostType" file="/home/meng/Desktop/wptest/wordpress-develop/tests/phpunit/tests/xmlrpc/wp/getPostType.php" line="46" assertions="1" time="0.139238"/>
        <testcase name="test_incapable_user" class="Tests_XMLRPC_wp_getPostType" classname="Tests_XMLRPC_wp_getPostType" file="/home/meng/Desktop/wptest/wordpress-develop/tests/phpunit/tests/xmlrpc/wp/getPostType.php" line="53" assertions="2" time="0.135827"/>
        <testcase name="test_valid_type" class="Tests_XMLRPC_wp_getPostType" classname="Tests_XMLRPC_wp_getPostType" file="/home/meng/Desktop/wptest/wordpress-develop/tests/phpunit/tests/xmlrpc/wp/getPostType.php" line="61" assertions="57" time="0.149487"/>
      </testsuite>
      <testsuite name="Tests_XMLRPC_wp_getPostTypes" file="/home/meng/Desktop/wptest/wordpress-develop/tests/phpunit/tests/xmlrpc/wp/getPostTypes.php" tests="4" assertions="12" errors="0" failures="0" skipped="0" time="0.452702">
        <testcase name="test_invalid_username_password" class="Tests_XMLRPC_wp_getPostTypes" classname="Tests_XMLRPC_wp_getPostTypes" file="/home/meng/Desktop/wptest/wordpress-develop/tests/phpunit/tests/xmlrpc/wp/getPostTypes.php" line="7" assertions="2" time="0.050564"/>
        <testcase name="test_incapable_user" class="Tests_XMLRPC_wp_getPostTypes" classname="Tests_XMLRPC_wp_getPostTypes" file="/home/meng/Desktop/wptest/wordpress-develop/tests/phpunit/tests/xmlrpc/wp/getPostTypes.php" line="13" assertions="3" time="0.134283"/>
        <testcase name="test_capable_user" class="Tests_XMLRPC_wp_getPostTypes" classname="Tests_XMLRPC_wp_getPostTypes" file="/home/meng/Desktop/wptest/wordpress-develop/tests/phpunit/tests/xmlrpc/wp/getPostTypes.php" line="22" assertions="3" time="0.131711"/>
        <testcase name="test_simple_filter" class="Tests_XMLRPC_wp_getPostTypes" classname="Tests_XMLRPC_wp_getPostTypes" file="/home/meng/Desktop/wptest/wordpress-develop/tests/phpunit/tests/xmlrpc/wp/getPostTypes.php" line="31" assertions="4" time="0.136144"/>
      </testsuite>
      <testsuite name="Tests_XMLRPC_wp_getPosts" file="/home/meng/Desktop/wptest/wordpress-develop/tests/phpunit/tests/xmlrpc/wp/getPosts.php" tests="7" assertions="38" errors="0" failures="0" skipped="0" time="1.314520">
        <testcase name="test_invalid_username_password" class="Tests_XMLRPC_wp_getPosts" classname="Tests_XMLRPC_wp_getPosts" file="/home/meng/Desktop/wptest/wordpress-develop/tests/phpunit/tests/xmlrpc/wp/getPosts.php" line="8" assertions="2" time="0.039656"/>
        <testcase name="test_incapable_user" class="Tests_XMLRPC_wp_getPosts" classname="Tests_XMLRPC_wp_getPosts" file="/home/meng/Desktop/wptest/wordpress-develop/tests/phpunit/tests/xmlrpc/wp/getPosts.php" line="17" assertions="4" time="0.155878"/>
        <testcase name="test_capable_user" class="Tests_XMLRPC_wp_getPosts" classname="Tests_XMLRPC_wp_getPosts" file="/home/meng/Desktop/wptest/wordpress-develop/tests/phpunit/tests/xmlrpc/wp/getPosts.php" line="30" assertions="1" time="0.134266"/>
        <testcase name="test_invalid_post_type" class="Tests_XMLRPC_wp_getPosts" classname="Tests_XMLRPC_wp_getPosts" file="/home/meng/Desktop/wptest/wordpress-develop/tests/phpunit/tests/xmlrpc/wp/getPosts.php" line="37" assertions="1" time="0.130441"/>
        <testcase name="test_filters" class="Tests_XMLRPC_wp_getPosts" classname="Tests_XMLRPC_wp_getPosts" file="/home/meng/Desktop/wptest/wordpress-develop/tests/phpunit/tests/xmlrpc/wp/getPosts.php" line="45" assertions="15" time="0.425441"/>
        <testcase name="test_fields" class="Tests_XMLRPC_wp_getPosts" classname="Tests_XMLRPC_wp_getPosts" file="/home/meng/Desktop/wptest/wordpress-develop/tests/phpunit/tests/xmlrpc/wp/getPosts.php" line="126" assertions="11" time="0.207833"/>
        <testcase name="test_search" class="Tests_XMLRPC_wp_getPosts" classname="Tests_XMLRPC_wp_getPosts" file="/home/meng/Desktop/wptest/wordpress-develop/tests/phpunit/tests/xmlrpc/wp/getPosts.php" line="152" assertions="4" time="0.221005"/>
      </testsuite>
      <testsuite name="Tests_XMLRPC_wp_getProfile" file="/home/meng/Desktop/wptest/wordpress-develop/tests/phpunit/tests/xmlrpc/wp/getProfile.php" tests="4" assertions="11" errors="0" failures="0" skipped="0" time="0.445017">
        <testcase name="test_invalid_username_password" class="Tests_XMLRPC_wp_getProfile" classname="Tests_XMLRPC_wp_getProfile" file="/home/meng/Desktop/wptest/wordpress-develop/tests/phpunit/tests/xmlrpc/wp/getProfile.php" line="9" assertions="2" time="0.040714"/>
        <testcase name="test_subscriber" class="Tests_XMLRPC_wp_getProfile" classname="Tests_XMLRPC_wp_getProfile" file="/home/meng/Desktop/wptest/wordpress-develop/tests/phpunit/tests/xmlrpc/wp/getProfile.php" line="15" assertions="3" time="0.138019"/>
        <testcase name="test_administrator" class="Tests_XMLRPC_wp_getProfile" classname="Tests_XMLRPC_wp_getProfile" file="/home/meng/Desktop/wptest/wordpress-develop/tests/phpunit/tests/xmlrpc/wp/getProfile.php" line="24" assertions="3" time="0.131816"/>
        <testcase name="test_arbitrary_fields" class="Tests_XMLRPC_wp_getProfile" classname="Tests_XMLRPC_wp_getProfile" file="/home/meng/Desktop/wptest/wordpress-develop/tests/phpunit/tests/xmlrpc/wp/getProfile.php" line="33" assertions="3" time="0.134468"/>
      </testsuite>
      <testsuite name="Tests_XMLRPC_wp_getRevisions" file="/home/meng/Desktop/wptest/wordpress-develop/tests/phpunit/tests/xmlrpc/wp/getRevisions.php" tests="5" assertions="10" errors="0" failures="0" skipped="0" time="0.808182">
        <testcase name="test_invalid_username_password" class="Tests_XMLRPC_wp_getRevisions" classname="Tests_XMLRPC_wp_getRevisions" file="/home/meng/Desktop/wptest/wordpress-develop/tests/phpunit/tests/xmlrpc/wp/getRevisions.php" line="8" assertions="2" time="0.040563"/>
        <testcase name="test_incapable_user" class="Tests_XMLRPC_wp_getRevisions" classname="Tests_XMLRPC_wp_getRevisions" file="/home/meng/Desktop/wptest/wordpress-develop/tests/phpunit/tests/xmlrpc/wp/getRevisions.php" line="14" assertions="2" time="0.149995"/>
        <testcase name="test_capable_user" class="Tests_XMLRPC_wp_getRevisions" classname="Tests_XMLRPC_wp_getRevisions" file="/home/meng/Desktop/wptest/wordpress-develop/tests/phpunit/tests/xmlrpc/wp/getRevisions.php" line="24" assertions="1" time="0.151417"/>
        <testcase name="test_revision_count" class="Tests_XMLRPC_wp_getRevisions" classname="Tests_XMLRPC_wp_getRevisions" file="/home/meng/Desktop/wptest/wordpress-develop/tests/phpunit/tests/xmlrpc/wp/getRevisions.php" line="32" assertions="4" time="0.268098"/>
        <testcase name="test_revision_count_for_auto_draft_post_creation" class="Tests_XMLRPC_wp_getRevisions" classname="Tests_XMLRPC_wp_getRevisions" file="/home/meng/Desktop/wptest/wordpress-develop/tests/phpunit/tests/xmlrpc/wp/getRevisions.php" line="62" assertions="1" time="0.198109"/>
      </testsuite>
      <testsuite name="Tests_XMLRPC_wp_getTaxonomies" file="/home/meng/Desktop/wptest/wordpress-develop/tests/phpunit/tests/xmlrpc/wp/getTaxonomies.php" tests="2" assertions="3" errors="0" failures="0" skipped="0" time="0.175389">
        <testcase name="test_invalid_username_password" class="Tests_XMLRPC_wp_getTaxonomies" classname="Tests_XMLRPC_wp_getTaxonomies" file="/home/meng/Desktop/wptest/wordpress-develop/tests/phpunit/tests/xmlrpc/wp/getTaxonomies.php" line="8" assertions="2" time="0.046142"/>
        <testcase name="test_taxonomy_validated" class="Tests_XMLRPC_wp_getTaxonomies" classname="Tests_XMLRPC_wp_getTaxonomies" file="/home/meng/Desktop/wptest/wordpress-develop/tests/phpunit/tests/xmlrpc/wp/getTaxonomies.php" line="14" assertions="1" time="0.129247"/>
      </testsuite>
      <testsuite name="Tests_XMLRPC_wp_getTaxonomy" file="/home/meng/Desktop/wptest/wordpress-develop/tests/phpunit/tests/xmlrpc/wp/getTaxonomy.php" tests="6" assertions="21" errors="0" failures="0" skipped="0" time="0.696775">
        <testcase name="test_invalid_username_password" class="Tests_XMLRPC_wp_getTaxonomy" classname="Tests_XMLRPC_wp_getTaxonomy" file="/home/meng/Desktop/wptest/wordpress-develop/tests/phpunit/tests/xmlrpc/wp/getTaxonomy.php" line="8" assertions="2" time="0.040681"/>
        <testcase name="test_empty_taxonomy" class="Tests_XMLRPC_wp_getTaxonomy" classname="Tests_XMLRPC_wp_getTaxonomy" file="/home/meng/Desktop/wptest/wordpress-develop/tests/phpunit/tests/xmlrpc/wp/getTaxonomy.php" line="14" assertions="3" time="0.132854"/>
        <testcase name="test_invalid_taxonomy" class="Tests_XMLRPC_wp_getTaxonomy" classname="Tests_XMLRPC_wp_getTaxonomy" file="/home/meng/Desktop/wptest/wordpress-develop/tests/phpunit/tests/xmlrpc/wp/getTaxonomy.php" line="23" assertions="3" time="0.123180"/>
        <testcase name="test_incapable_user" class="Tests_XMLRPC_wp_getTaxonomy" classname="Tests_XMLRPC_wp_getTaxonomy" file="/home/meng/Desktop/wptest/wordpress-develop/tests/phpunit/tests/xmlrpc/wp/getTaxonomy.php" line="32" assertions="3" time="0.134478"/>
        <testcase name="test_taxonomy_validated" class="Tests_XMLRPC_wp_getTaxonomy" classname="Tests_XMLRPC_wp_getTaxonomy" file="/home/meng/Desktop/wptest/wordpress-develop/tests/phpunit/tests/xmlrpc/wp/getTaxonomy.php" line="41" assertions="1" time="0.129492"/>
        <testcase name="test_prepare_taxonomy" class="Tests_XMLRPC_wp_getTaxonomy" classname="Tests_XMLRPC_wp_getTaxonomy" file="/home/meng/Desktop/wptest/wordpress-develop/tests/phpunit/tests/xmlrpc/wp/getTaxonomy.php" line="48" assertions="9" time="0.136090"/>
      </testsuite>
      <testsuite name="Tests_XMLRPC_wp_getTerm" file="/home/meng/Desktop/wptest/wordpress-develop/tests/phpunit/tests/xmlrpc/wp/getTerm.php" tests="8" assertions="36" errors="0" failures="0" skipped="0" time="0.978693">
        <testcase name="test_invalid_username_password" class="Tests_XMLRPC_wp_getTerm" classname="Tests_XMLRPC_wp_getTerm" file="/home/meng/Desktop/wptest/wordpress-develop/tests/phpunit/tests/xmlrpc/wp/getTerm.php" line="18" assertions="2" time="0.040956"/>
        <testcase name="test_empty_taxonomy" class="Tests_XMLRPC_wp_getTerm" classname="Tests_XMLRPC_wp_getTerm" file="/home/meng/Desktop/wptest/wordpress-develop/tests/phpunit/tests/xmlrpc/wp/getTerm.php" line="24" assertions="3" time="0.125279"/>
        <testcase name="test_invalid_taxonomy" class="Tests_XMLRPC_wp_getTerm" classname="Tests_XMLRPC_wp_getTerm" file="/home/meng/Desktop/wptest/wordpress-develop/tests/phpunit/tests/xmlrpc/wp/getTerm.php" line="33" assertions="3" time="0.125208"/>
        <testcase name="test_incapable_user" class="Tests_XMLRPC_wp_getTerm" classname="Tests_XMLRPC_wp_getTerm" file="/home/meng/Desktop/wptest/wordpress-develop/tests/phpunit/tests/xmlrpc/wp/getTerm.php" line="42" assertions="3" time="0.125725"/>
        <testcase name="test_empty_term" class="Tests_XMLRPC_wp_getTerm" classname="Tests_XMLRPC_wp_getTerm" file="/home/meng/Desktop/wptest/wordpress-develop/tests/phpunit/tests/xmlrpc/wp/getTerm.php" line="52" assertions="3" time="0.132781"/>
        <testcase name="test_invalid_term" class="Tests_XMLRPC_wp_getTerm" classname="Tests_XMLRPC_wp_getTerm" file="/home/meng/Desktop/wptest/wordpress-develop/tests/phpunit/tests/xmlrpc/wp/getTerm.php" line="61" assertions="3" time="0.134878"/>
        <testcase name="test_valid_term" class="Tests_XMLRPC_wp_getTerm" classname="Tests_XMLRPC_wp_getTerm" file="/home/meng/Desktop/wptest/wordpress-develop/tests/phpunit/tests/xmlrpc/wp/getTerm.php" line="70" assertions="16" time="0.155977"/>
        <testcase name="test_get_term_meta" class="Tests_XMLRPC_wp_getTerm" classname="Tests_XMLRPC_wp_getTerm" file="/home/meng/Desktop/wptest/wordpress-develop/tests/phpunit/tests/xmlrpc/wp/getTerm.php" line="105" assertions="3" time="0.137889"/>
      </testsuite>
      <testsuite name="Tests_XMLRPC_wp_getTerms" file="/home/meng/Desktop/wptest/wordpress-develop/tests/phpunit/tests/xmlrpc/wp/getTerms.php" tests="8" assertions="56" errors="0" failures="0" skipped="0" time="1.428155">
        <testcase name="test_invalid_username_password" class="Tests_XMLRPC_wp_getTerms" classname="Tests_XMLRPC_wp_getTerms" file="/home/meng/Desktop/wptest/wordpress-develop/tests/phpunit/tests/xmlrpc/wp/getTerms.php" line="8" assertions="2" time="0.040010"/>
        <testcase name="test_empty_taxonomy" class="Tests_XMLRPC_wp_getTerms" classname="Tests_XMLRPC_wp_getTerms" file="/home/meng/Desktop/wptest/wordpress-develop/tests/phpunit/tests/xmlrpc/wp/getTerms.php" line="14" assertions="3" time="0.135806"/>
        <testcase name="test_invalid_taxonomy" class="Tests_XMLRPC_wp_getTerms" classname="Tests_XMLRPC_wp_getTerms" file="/home/meng/Desktop/wptest/wordpress-develop/tests/phpunit/tests/xmlrpc/wp/getTerms.php" line="23" assertions="3" time="0.133405"/>
        <testcase name="test_incapable_user" class="Tests_XMLRPC_wp_getTerms" classname="Tests_XMLRPC_wp_getTerms" file="/home/meng/Desktop/wptest/wordpress-develop/tests/phpunit/tests/xmlrpc/wp/getTerms.php" line="32" assertions="3" time="0.126829"/>
        <testcase name="test_valid_terms" class="Tests_XMLRPC_wp_getTerms" classname="Tests_XMLRPC_wp_getTerms" file="/home/meng/Desktop/wptest/wordpress-develop/tests/phpunit/tests/xmlrpc/wp/getTerms.php" line="41" assertions="13" time="0.145496"/>
        <testcase name="test_custom_taxonomy" class="Tests_XMLRPC_wp_getTerms" classname="Tests_XMLRPC_wp_getTerms" file="/home/meng/Desktop/wptest/wordpress-develop/tests/phpunit/tests/xmlrpc/wp/getTerms.php" line="65" assertions="22" time="0.342804"/>
        <testcase name="test_term_ordering" class="Tests_XMLRPC_wp_getTerms" classname="Tests_XMLRPC_wp_getTerms" file="/home/meng/Desktop/wptest/wordpress-develop/tests/phpunit/tests/xmlrpc/wp/getTerms.php" line="107" assertions="2" time="0.334752"/>
        <testcase name="test_terms_search" class="Tests_XMLRPC_wp_getTerms" classname="Tests_XMLRPC_wp_getTerms" file="/home/meng/Desktop/wptest/wordpress-develop/tests/phpunit/tests/xmlrpc/wp/getTerms.php" line="133" assertions="8" time="0.169054"/>
      </testsuite>
      <testsuite name="Tests_XMLRPC_wp_getUser" file="/home/meng/Desktop/wptest/wordpress-develop/tests/phpunit/tests/xmlrpc/wp/getUser.php" tests="8" assertions="44" errors="0" failures="0" skipped="0" time="1.480299">
        <testcase name="test_invalid_username_password" class="Tests_XMLRPC_wp_getUser" classname="Tests_XMLRPC_wp_getUser" file="/home/meng/Desktop/wptest/wordpress-develop/tests/phpunit/tests/xmlrpc/wp/getUser.php" line="27" assertions="2" time="0.108845"/>
        <testcase name="test_invalid_user" class="Tests_XMLRPC_wp_getUser" classname="Tests_XMLRPC_wp_getUser" file="/home/meng/Desktop/wptest/wordpress-develop/tests/phpunit/tests/xmlrpc/wp/getUser.php" line="33" assertions="2" time="0.129514"/>
        <testcase name="test_incapable_user" class="Tests_XMLRPC_wp_getUser" classname="Tests_XMLRPC_wp_getUser" file="/home/meng/Desktop/wptest/wordpress-develop/tests/phpunit/tests/xmlrpc/wp/getUser.php" line="39" assertions="2" time="0.268828"/>
        <testcase name="test_subscriber_self" class="Tests_XMLRPC_wp_getUser" classname="Tests_XMLRPC_wp_getUser" file="/home/meng/Desktop/wptest/wordpress-develop/tests/phpunit/tests/xmlrpc/wp/getUser.php" line="48" assertions="2" time="0.185113"/>
        <testcase name="test_valid_user" class="Tests_XMLRPC_wp_getUser" classname="Tests_XMLRPC_wp_getUser" file="/home/meng/Desktop/wptest/wordpress-develop/tests/phpunit/tests/xmlrpc/wp/getUser.php" line="56" assertions="27" time="0.200755"/>
        <testcase name="test_no_fields" class="Tests_XMLRPC_wp_getUser" classname="Tests_XMLRPC_wp_getUser" file="/home/meng/Desktop/wptest/wordpress-develop/tests/phpunit/tests/xmlrpc/wp/getUser.php" line="111" assertions="3" time="0.187852"/>
        <testcase name="test_basic_fields" class="Tests_XMLRPC_wp_getUser" classname="Tests_XMLRPC_wp_getUser" file="/home/meng/Desktop/wptest/wordpress-develop/tests/phpunit/tests/xmlrpc/wp/getUser.php" line="122" assertions="3" time="0.192905"/>
        <testcase name="test_arbitrary_fields" class="Tests_XMLRPC_wp_getUser" classname="Tests_XMLRPC_wp_getUser" file="/home/meng/Desktop/wptest/wordpress-develop/tests/phpunit/tests/xmlrpc/wp/getUser.php" line="136" assertions="3" time="0.206487"/>
      </testsuite>
      <testsuite name="Tests_XMLRPC_wp_getUsers" file="/home/meng/Desktop/wptest/wordpress-develop/tests/phpunit/tests/xmlrpc/wp/getUsers.php" tests="7" assertions="31" errors="0" failures="0" skipped="0" time="1.445905">
        <testcase name="test_invalid_username_password" class="Tests_XMLRPC_wp_getUsers" classname="Tests_XMLRPC_wp_getUsers" file="/home/meng/Desktop/wptest/wordpress-develop/tests/phpunit/tests/xmlrpc/wp/getUsers.php" line="9" assertions="2" time="0.039058"/>
        <testcase name="test_incapable_user" class="Tests_XMLRPC_wp_getUsers" classname="Tests_XMLRPC_wp_getUsers" file="/home/meng/Desktop/wptest/wordpress-develop/tests/phpunit/tests/xmlrpc/wp/getUsers.php" line="15" assertions="2" time="0.150458"/>
        <testcase name="test_capable_user" class="Tests_XMLRPC_wp_getUsers" classname="Tests_XMLRPC_wp_getUsers" file="/home/meng/Desktop/wptest/wordpress-develop/tests/phpunit/tests/xmlrpc/wp/getUsers.php" line="23" assertions="14" time="0.133763"/>
        <testcase name="test_invalid_role" class="Tests_XMLRPC_wp_getUsers" classname="Tests_XMLRPC_wp_getUsers" file="/home/meng/Desktop/wptest/wordpress-develop/tests/phpunit/tests/xmlrpc/wp/getUsers.php" line="45" assertions="2" time="0.138529"/>
        <testcase name="test_role_filter" class="Tests_XMLRPC_wp_getUsers" classname="Tests_XMLRPC_wp_getUsers" file="/home/meng/Desktop/wptest/wordpress-develop/tests/phpunit/tests/xmlrpc/wp/getUsers.php" line="57" assertions="5" time="0.287230"/>
        <testcase name="test_paging_filters" class="Tests_XMLRPC_wp_getUsers" classname="Tests_XMLRPC_wp_getUsers" file="/home/meng/Desktop/wptest/wordpress-develop/tests/phpunit/tests/xmlrpc/wp/getUsers.php" line="79" assertions="1" time="0.563183"/>
        <testcase name="test_order_filters" class="Tests_XMLRPC_wp_getUsers" classname="Tests_XMLRPC_wp_getUsers" file="/home/meng/Desktop/wptest/wordpress-develop/tests/phpunit/tests/xmlrpc/wp/getUsers.php" line="108" assertions="5" time="0.133684"/>
      </testsuite>
      <testsuite name="Tests_XMLRPC_wp_newComment" file="/home/meng/Desktop/wptest/wordpress-develop/tests/phpunit/tests/xmlrpc/wp/newComment.php" tests="22" assertions="38" errors="0" failures="0" skipped="0" time="1.495781">
        <testcase name="test_valid_comment" class="Tests_XMLRPC_wp_newComment" classname="Tests_XMLRPC_wp_newComment" file="/home/meng/Desktop/wptest/wordpress-develop/tests/phpunit/tests/xmlrpc/wp/newComment.php" line="50" assertions="1" time="0.088309"/>
        <testcase name="test_empty_comment" class="Tests_XMLRPC_wp_newComment" classname="Tests_XMLRPC_wp_newComment" file="/home/meng/Desktop/wptest/wordpress-develop/tests/phpunit/tests/xmlrpc/wp/newComment.php" line="66" assertions="2" time="0.068525"/>
        <testcase name="test_empty_content_multiple_spaces" class="Tests_XMLRPC_wp_newComment" classname="Tests_XMLRPC_wp_newComment" file="/home/meng/Desktop/wptest/wordpress-develop/tests/phpunit/tests/xmlrpc/wp/newComment.php" line="86" assertions="2" time="0.066306"/>
        <testcase name="test_valid_comment_0_content" class="Tests_XMLRPC_wp_newComment" classname="Tests_XMLRPC_wp_newComment" file="/home/meng/Desktop/wptest/wordpress-develop/tests/phpunit/tests/xmlrpc/wp/newComment.php" line="106" assertions="1" time="0.073629"/>
        <testcase name="test_valid_comment_allow_empty_content" class="Tests_XMLRPC_wp_newComment" classname="Tests_XMLRPC_wp_newComment" file="/home/meng/Desktop/wptest/wordpress-develop/tests/phpunit/tests/xmlrpc/wp/newComment.php" line="125" assertions="1" time="0.088380"/>
        <testcase name="test_new_comment_post_closed" class="Tests_XMLRPC_wp_newComment" classname="Tests_XMLRPC_wp_newComment" file="/home/meng/Desktop/wptest/wordpress-develop/tests/phpunit/tests/xmlrpc/wp/newComment.php" line="142" assertions="3" time="0.098269"/>
        <testcase name="test_new_comment_duplicated" class="Tests_XMLRPC_wp_newComment" classname="Tests_XMLRPC_wp_newComment" file="/home/meng/Desktop/wptest/wordpress-develop/tests/phpunit/tests/xmlrpc/wp/newComment.php" line="167" assertions="3" time="0.108600"/>
        <testcase name="test_allowed_anon_comments" class="Tests_XMLRPC_wp_newComment" classname="Tests_XMLRPC_wp_newComment" file="/home/meng/Desktop/wptest/wordpress-develop/tests/phpunit/tests/xmlrpc/wp/newComment.php" line="194" assertions="2" time="0.055203"/>
        <testcase name="test_anon_comments_require_email" class="Tests_XMLRPC_wp_newComment" classname="Tests_XMLRPC_wp_newComment" file="/home/meng/Desktop/wptest/wordpress-develop/tests/phpunit/tests/xmlrpc/wp/newComment.php" line="219" assertions="2" time="0.041729"/>
        <testcase name="test_username_avoids_anon_flow" class="Tests_XMLRPC_wp_newComment" classname="Tests_XMLRPC_wp_newComment" file="/home/meng/Desktop/wptest/wordpress-develop/tests/phpunit/tests/xmlrpc/wp/newComment.php" line="244" assertions="1" time="0.078844"/>
        <testsuite name="Tests_XMLRPC_wp_newComment::test_comments_observe_post_permissions" tests="12" assertions="20" errors="0" failures="0" skipped="0" time="0.727987">
          <testcase name="test_comments_observe_post_permissions with data set #0" class="Tests_XMLRPC_wp_newComment" classname="Tests_XMLRPC_wp_newComment" file="/home/meng/Desktop/wptest/wordpress-develop/tests/phpunit/tests/xmlrpc/wp/newComment.php" line="276" assertions="1" time="0.078709"/>
          <testcase name="test_comments_observe_post_permissions with data set #1" class="Tests_XMLRPC_wp_newComment" classname="Tests_XMLRPC_wp_newComment" file="/home/meng/Desktop/wptest/wordpress-develop/tests/phpunit/tests/xmlrpc/wp/newComment.php" line="276" assertions="2" time="0.067991"/>
          <testcase name="test_comments_observe_post_permissions with data set #2" class="Tests_XMLRPC_wp_newComment" classname="Tests_XMLRPC_wp_newComment" file="/home/meng/Desktop/wptest/wordpress-develop/tests/phpunit/tests/xmlrpc/wp/newComment.php" line="276" assertions="2" time="0.041205"/>
          <testcase name="test_comments_observe_post_permissions with data set #3" class="Tests_XMLRPC_wp_newComment" classname="Tests_XMLRPC_wp_newComment" file="/home/meng/Desktop/wptest/wordpress-develop/tests/phpunit/tests/xmlrpc/wp/newComment.php" line="276" assertions="2" time="0.041579"/>
          <testcase name="test_comments_observe_post_permissions with data set #4" class="Tests_XMLRPC_wp_newComment" classname="Tests_XMLRPC_wp_newComment" file="/home/meng/Desktop/wptest/wordpress-develop/tests/phpunit/tests/xmlrpc/wp/newComment.php" line="276" assertions="1" time="0.076364"/>
          <testcase name="test_comments_observe_post_permissions with data set #5" class="Tests_XMLRPC_wp_newComment" classname="Tests_XMLRPC_wp_newComment" file="/home/meng/Desktop/wptest/wordpress-develop/tests/phpunit/tests/xmlrpc/wp/newComment.php" line="276" assertions="2" time="0.071144"/>
          <testcase name="test_comments_observe_post_permissions with data set #6" class="Tests_XMLRPC_wp_newComment" classname="Tests_XMLRPC_wp_newComment" file="/home/meng/Desktop/wptest/wordpress-develop/tests/phpunit/tests/xmlrpc/wp/newComment.php" line="276" assertions="2" time="0.046559"/>
          <testcase name="test_comments_observe_post_permissions with data set #7" class="Tests_XMLRPC_wp_newComment" classname="Tests_XMLRPC_wp_newComment" file="/home/meng/Desktop/wptest/wordpress-develop/tests/phpunit/tests/xmlrpc/wp/newComment.php" line="276" assertions="2" time="0.046348"/>
          <testcase name="test_comments_observe_post_permissions with data set #8" class="Tests_XMLRPC_wp_newComment" classname="Tests_XMLRPC_wp_newComment" file="/home/meng/Desktop/wptest/wordpress-develop/tests/phpunit/tests/xmlrpc/wp/newComment.php" line="276" assertions="1" time="0.091905"/>
          <testcase name="test_comments_observe_post_permissions with data set #9" class="Tests_XMLRPC_wp_newComment" classname="Tests_XMLRPC_wp_newComment" file="/home/meng/Desktop/wptest/wordpress-develop/tests/phpunit/tests/xmlrpc/wp/newComment.php" line="276" assertions="1" time="0.081012"/>
          <testcase name="test_comments_observe_post_permissions with data set #10" class="Tests_XMLRPC_wp_newComment" classname="Tests_XMLRPC_wp_newComment" file="/home/meng/Desktop/wptest/wordpress-develop/tests/phpunit/tests/xmlrpc/wp/newComment.php" line="276" assertions="2" time="0.039527"/>
          <testcase name="test_comments_observe_post_permissions with data set #11" class="Tests_XMLRPC_wp_newComment" classname="Tests_XMLRPC_wp_newComment" file="/home/meng/Desktop/wptest/wordpress-develop/tests/phpunit/tests/xmlrpc/wp/newComment.php" line="276" assertions="2" time="0.045643"/>
        </testsuite>
      </testsuite>
      <testsuite name="Tests_XMLRPC_wp_newPost" file="/home/meng/Desktop/wptest/wordpress-develop/tests/phpunit/tests/xmlrpc/wp/newPost.php" tests="30" assertions="71" errors="0" failures="0" skipped="0" time="5.270742">
        <testcase name="test_invalid_username_password" class="Tests_XMLRPC_wp_newPost" classname="Tests_XMLRPC_wp_newPost" file="/home/meng/Desktop/wptest/wordpress-develop/tests/phpunit/tests/xmlrpc/wp/newPost.php" line="8" assertions="2" time="0.044186"/>
        <testcase name="test_incapable_user" class="Tests_XMLRPC_wp_newPost" classname="Tests_XMLRPC_wp_newPost" file="/home/meng/Desktop/wptest/wordpress-develop/tests/phpunit/tests/xmlrpc/wp/newPost.php" line="14" assertions="2" time="0.149663"/>
        <testcase name="test_no_content" class="Tests_XMLRPC_wp_newPost" classname="Tests_XMLRPC_wp_newPost" file="/home/meng/Desktop/wptest/wordpress-develop/tests/phpunit/tests/xmlrpc/wp/newPost.php" line="22" assertions="3" time="0.142127"/>
        <testcase name="test_basic_content" class="Tests_XMLRPC_wp_newPost" classname="Tests_XMLRPC_wp_newPost" file="/home/meng/Desktop/wptest/wordpress-develop/tests/phpunit/tests/xmlrpc/wp/newPost.php" line="31" assertions="2" time="0.182756"/>
        <testcase name="test_ignore_id" class="Tests_XMLRPC_wp_newPost" classname="Tests_XMLRPC_wp_newPost" file="/home/meng/Desktop/wptest/wordpress-develop/tests/phpunit/tests/xmlrpc/wp/newPost.php" line="40" assertions="2" time="0.181423"/>
        <testcase name="test_capable_publish" class="Tests_XMLRPC_wp_newPost" classname="Tests_XMLRPC_wp_newPost" file="/home/meng/Desktop/wptest/wordpress-develop/tests/phpunit/tests/xmlrpc/wp/newPost.php" line="52" assertions="1" time="0.175001"/>
        <testcase name="test_incapable_publish" class="Tests_XMLRPC_wp_newPost" classname="Tests_XMLRPC_wp_newPost" file="/home/meng/Desktop/wptest/wordpress-develop/tests/phpunit/tests/xmlrpc/wp/newPost.php" line="63" assertions="2" time="0.136479"/>
        <testcase name="test_capable_private" class="Tests_XMLRPC_wp_newPost" classname="Tests_XMLRPC_wp_newPost" file="/home/meng/Desktop/wptest/wordpress-develop/tests/phpunit/tests/xmlrpc/wp/newPost.php" line="75" assertions="1" time="0.203973"/>
        <testcase name="test_incapable_private" class="Tests_XMLRPC_wp_newPost" classname="Tests_XMLRPC_wp_newPost" file="/home/meng/Desktop/wptest/wordpress-develop/tests/phpunit/tests/xmlrpc/wp/newPost.php" line="86" assertions="2" time="0.123453"/>
        <testcase name="test_capable_other_author" class="Tests_XMLRPC_wp_newPost" classname="Tests_XMLRPC_wp_newPost" file="/home/meng/Desktop/wptest/wordpress-develop/tests/phpunit/tests/xmlrpc/wp/newPost.php" line="98" assertions="1" time="0.227305"/>
        <testcase name="test_incapable_other_author" class="Tests_XMLRPC_wp_newPost" classname="Tests_XMLRPC_wp_newPost" file="/home/meng/Desktop/wptest/wordpress-develop/tests/phpunit/tests/xmlrpc/wp/newPost.php" line="110" assertions="2" time="0.194954"/>
        <testcase name="test_invalid_author" class="Tests_XMLRPC_wp_newPost" classname="Tests_XMLRPC_wp_newPost" file="/home/meng/Desktop/wptest/wordpress-develop/tests/phpunit/tests/xmlrpc/wp/newPost.php" line="123" assertions="2" time="0.124663"/>
        <testcase name="test_empty_author" class="Tests_XMLRPC_wp_newPost" classname="Tests_XMLRPC_wp_newPost" file="/home/meng/Desktop/wptest/wordpress-develop/tests/phpunit/tests/xmlrpc/wp/newPost.php" line="135" assertions="4" time="0.178177"/>
        <testcase name="test_post_thumbnail" class="Tests_XMLRPC_wp_newPost" classname="Tests_XMLRPC_wp_newPost" file="/home/meng/Desktop/wptest/wordpress-develop/tests/phpunit/tests/xmlrpc/wp/newPost.php" line="148" assertions="2" time="0.214339"/>
        <testcase name="test_invalid_post_status" class="Tests_XMLRPC_wp_newPost" classname="Tests_XMLRPC_wp_newPost" file="/home/meng/Desktop/wptest/wordpress-develop/tests/phpunit/tests/xmlrpc/wp/newPost.php" line="168" assertions="2" time="0.181870"/>
        <testcase name="test_incapable_sticky" class="Tests_XMLRPC_wp_newPost" classname="Tests_XMLRPC_wp_newPost" file="/home/meng/Desktop/wptest/wordpress-develop/tests/phpunit/tests/xmlrpc/wp/newPost.php" line="180" assertions="2" time="0.153849"/>
        <testcase name="test_capable_sticky" class="Tests_XMLRPC_wp_newPost" classname="Tests_XMLRPC_wp_newPost" file="/home/meng/Desktop/wptest/wordpress-develop/tests/phpunit/tests/xmlrpc/wp/newPost.php" line="192" assertions="2" time="0.170888"/>
        <testcase name="test_private_sticky" class="Tests_XMLRPC_wp_newPost" classname="Tests_XMLRPC_wp_newPost" file="/home/meng/Desktop/wptest/wordpress-develop/tests/phpunit/tests/xmlrpc/wp/newPost.php" line="204" assertions="2" time="0.157080"/>
        <testcase name="test_post_format" class="Tests_XMLRPC_wp_newPost" classname="Tests_XMLRPC_wp_newPost" file="/home/meng/Desktop/wptest/wordpress-develop/tests/phpunit/tests/xmlrpc/wp/newPost.php" line="217" assertions="2" time="0.197866"/>
        <testcase name="test_invalid_post_format" class="Tests_XMLRPC_wp_newPost" classname="Tests_XMLRPC_wp_newPost" file="/home/meng/Desktop/wptest/wordpress-develop/tests/phpunit/tests/xmlrpc/wp/newPost.php" line="229" assertions="2" time="0.184342"/>
        <testcase name="test_invalid_taxonomy" class="Tests_XMLRPC_wp_newPost" classname="Tests_XMLRPC_wp_newPost" file="/home/meng/Desktop/wptest/wordpress-develop/tests/phpunit/tests/xmlrpc/wp/newPost.php" line="241" assertions="4" time="0.207155"/>
        <testcase name="test_invalid_term_id" class="Tests_XMLRPC_wp_newPost" classname="Tests_XMLRPC_wp_newPost" file="/home/meng/Desktop/wptest/wordpress-develop/tests/phpunit/tests/xmlrpc/wp/newPost.php" line="265" assertions="2" time="0.155691"/>
        <testcase name="test_terms" class="Tests_XMLRPC_wp_newPost" classname="Tests_XMLRPC_wp_newPost" file="/home/meng/Desktop/wptest/wordpress-develop/tests/phpunit/tests/xmlrpc/wp/newPost.php" line="279" assertions="7" time="0.213324"/>
        <testcase name="test_terms_names" class="Tests_XMLRPC_wp_newPost" classname="Tests_XMLRPC_wp_newPost" file="/home/meng/Desktop/wptest/wordpress-develop/tests/phpunit/tests/xmlrpc/wp/newPost.php" line="304" assertions="6" time="0.312141"/>
        <testcase name="test_invalid_post_date_does_not_fatal" class="Tests_XMLRPC_wp_newPost" classname="Tests_XMLRPC_wp_newPost" file="/home/meng/Desktop/wptest/wordpress-develop/tests/phpunit/tests/xmlrpc/wp/newPost.php" line="347" assertions="2" time="0.180024"/>
        <testcase name="test_invalid_post_date_gmt_does_not_fatal" class="Tests_XMLRPC_wp_newPost" classname="Tests_XMLRPC_wp_newPost" file="/home/meng/Desktop/wptest/wordpress-develop/tests/phpunit/tests/xmlrpc/wp/newPost.php" line="364" assertions="2" time="0.185931"/>
        <testcase name="test_valid_string_post_date" class="Tests_XMLRPC_wp_newPost" classname="Tests_XMLRPC_wp_newPost" file="/home/meng/Desktop/wptest/wordpress-develop/tests/phpunit/tests/xmlrpc/wp/newPost.php" line="381" assertions="2" time="0.177341"/>
        <testcase name="test_valid_string_post_date_gmt" class="Tests_XMLRPC_wp_newPost" classname="Tests_XMLRPC_wp_newPost" file="/home/meng/Desktop/wptest/wordpress-develop/tests/phpunit/tests/xmlrpc/wp/newPost.php" line="398" assertions="2" time="0.172427"/>
        <testcase name="test_valid_IXR_post_date" class="Tests_XMLRPC_wp_newPost" classname="Tests_XMLRPC_wp_newPost" file="/home/meng/Desktop/wptest/wordpress-develop/tests/phpunit/tests/xmlrpc/wp/newPost.php" line="415" assertions="2" time="0.175320"/>
        <testcase name="test_valid_IXR_post_date_gmt" class="Tests_XMLRPC_wp_newPost" classname="Tests_XMLRPC_wp_newPost" file="/home/meng/Desktop/wptest/wordpress-develop/tests/phpunit/tests/xmlrpc/wp/newPost.php" line="432" assertions="2" time="0.166994"/>
      </testsuite>
      <testsuite name="Tests_XMLRPC_wp_newTerm" file="/home/meng/Desktop/wptest/wordpress-develop/tests/phpunit/tests/xmlrpc/wp/newTerm.php" tests="12" assertions="30" errors="0" failures="0" skipped="0" time="1.601411">
        <testcase name="test_invalid_username_password" class="Tests_XMLRPC_wp_newTerm" classname="Tests_XMLRPC_wp_newTerm" file="/home/meng/Desktop/wptest/wordpress-develop/tests/phpunit/tests/xmlrpc/wp/newTerm.php" line="18" assertions="2" time="0.043886"/>
        <testcase name="test_empty_taxonomy" class="Tests_XMLRPC_wp_newTerm" classname="Tests_XMLRPC_wp_newTerm" file="/home/meng/Desktop/wptest/wordpress-develop/tests/phpunit/tests/xmlrpc/wp/newTerm.php" line="24" assertions="3" time="0.154057"/>
        <testcase name="test_invalid_taxonomy" class="Tests_XMLRPC_wp_newTerm" classname="Tests_XMLRPC_wp_newTerm" file="/home/meng/Desktop/wptest/wordpress-develop/tests/phpunit/tests/xmlrpc/wp/newTerm.php" line="33" assertions="3" time="0.136567"/>
        <testcase name="test_incapable_user" class="Tests_XMLRPC_wp_newTerm" classname="Tests_XMLRPC_wp_newTerm" file="/home/meng/Desktop/wptest/wordpress-develop/tests/phpunit/tests/xmlrpc/wp/newTerm.php" line="42" assertions="3" time="0.132151"/>
        <testcase name="test_empty_term" class="Tests_XMLRPC_wp_newTerm" classname="Tests_XMLRPC_wp_newTerm" file="/home/meng/Desktop/wptest/wordpress-develop/tests/phpunit/tests/xmlrpc/wp/newTerm.php" line="51" assertions="3" time="0.138933"/>
        <testcase name="test_parent_for_nonhierarchical" class="Tests_XMLRPC_wp_newTerm" classname="Tests_XMLRPC_wp_newTerm" file="/home/meng/Desktop/wptest/wordpress-develop/tests/phpunit/tests/xmlrpc/wp/newTerm.php" line="70" assertions="3" time="0.135981"/>
        <testcase name="test_parent_invalid" class="Tests_XMLRPC_wp_newTerm" classname="Tests_XMLRPC_wp_newTerm" file="/home/meng/Desktop/wptest/wordpress-develop/tests/phpunit/tests/xmlrpc/wp/newTerm.php" line="90" assertions="2" time="0.135693"/>
        <testcase name="test_parent_not_existing" class="Tests_XMLRPC_wp_newTerm" classname="Tests_XMLRPC_wp_newTerm" file="/home/meng/Desktop/wptest/wordpress-develop/tests/phpunit/tests/xmlrpc/wp/newTerm.php" line="109" assertions="3" time="0.130739"/>
        <testcase name="test_add_term" class="Tests_XMLRPC_wp_newTerm" classname="Tests_XMLRPC_wp_newTerm" file="/home/meng/Desktop/wptest/wordpress-develop/tests/phpunit/tests/xmlrpc/wp/newTerm.php" line="130" assertions="2" time="0.144177"/>
        <testcase name="test_add_term_with_parent" class="Tests_XMLRPC_wp_newTerm" classname="Tests_XMLRPC_wp_newTerm" file="/home/meng/Desktop/wptest/wordpress-develop/tests/phpunit/tests/xmlrpc/wp/newTerm.php" line="148" assertions="2" time="0.146848"/>
        <testcase name="test_add_term_with_all" class="Tests_XMLRPC_wp_newTerm" classname="Tests_XMLRPC_wp_newTerm" file="/home/meng/Desktop/wptest/wordpress-develop/tests/phpunit/tests/xmlrpc/wp/newTerm.php" line="167" assertions="2" time="0.155533"/>
        <testcase name="test_add_term_meta" class="Tests_XMLRPC_wp_newTerm" classname="Tests_XMLRPC_wp_newTerm" file="/home/meng/Desktop/wptest/wordpress-develop/tests/phpunit/tests/xmlrpc/wp/newTerm.php" line="185" assertions="2" time="0.146846"/>
      </testsuite>
      <testsuite name="Tests_XMLRPC_wp_restoreRevision" file="/home/meng/Desktop/wptest/wordpress-develop/tests/phpunit/tests/xmlrpc/wp/restoreRevision.php" tests="4" assertions="7" errors="0" failures="0" skipped="0" time="0.715313">
        <testcase name="test_invalid_username_password" class="Tests_XMLRPC_wp_restoreRevision" classname="Tests_XMLRPC_wp_restoreRevision" file="/home/meng/Desktop/wptest/wordpress-develop/tests/phpunit/tests/xmlrpc/wp/restoreRevision.php" line="30" assertions="2" time="0.099734"/>
        <testcase name="test_incapable_user" class="Tests_XMLRPC_wp_restoreRevision" classname="Tests_XMLRPC_wp_restoreRevision" file="/home/meng/Desktop/wptest/wordpress-develop/tests/phpunit/tests/xmlrpc/wp/restoreRevision.php" line="36" assertions="2" time="0.183605"/>
        <testcase name="test_capable_user" class="Tests_XMLRPC_wp_restoreRevision" classname="Tests_XMLRPC_wp_restoreRevision" file="/home/meng/Desktop/wptest/wordpress-develop/tests/phpunit/tests/xmlrpc/wp/restoreRevision.php" line="44" assertions="1" time="0.216057"/>
        <testcase name="test_revision_restored" class="Tests_XMLRPC_wp_restoreRevision" classname="Tests_XMLRPC_wp_restoreRevision" file="/home/meng/Desktop/wptest/wordpress-develop/tests/phpunit/tests/xmlrpc/wp/restoreRevision.php" line="51" assertions="2" time="0.215917"/>
      </testsuite>
      <testsuite name="Tests_XMLRPC_wp_setOptions" file="/home/meng/Desktop/wptest/wordpress-develop/tests/phpunit/tests/xmlrpc/wp/setOptions.php" tests="1" assertions="4" errors="0" failures="0" skipped="0" time="0.155966">
        <testcase name="test_set_option_no_escape_strings" class="Tests_XMLRPC_wp_setOptions" classname="Tests_XMLRPC_wp_setOptions" file="/home/meng/Desktop/wptest/wordpress-develop/tests/phpunit/tests/xmlrpc/wp/setOptions.php" line="10" assertions="4" time="0.155966"/>
      </testsuite>
      <testsuite name="Tests_XMLRPC_wp_uploadFile" file="/home/meng/Desktop/wptest/wordpress-develop/tests/phpunit/tests/xmlrpc/wp/uploadFile.php" tests="1" assertions="6" errors="0" failures="0" skipped="0" time="0.156093">
        <testcase name="test_valid_attachment" class="Tests_XMLRPC_wp_uploadFile" classname="Tests_XMLRPC_wp_uploadFile" file="/home/meng/Desktop/wptest/wordpress-develop/tests/phpunit/tests/xmlrpc/wp/uploadFile.php" line="14" assertions="6" time="0.156093"/>
      </testsuite>
    </testsuite>
    <testsuite name="restapi-autosave" tests="25" assertions="247" errors="0" failures="0" skipped="0" time="3.326101">
      <testsuite name="WP_Test_REST_Autosaves_Controller" file="/home/meng/Desktop/wptest/wordpress-develop/tests/phpunit/tests/rest-api/rest-autosaves-controller.php" tests="25" assertions="247" errors="0" failures="0" skipped="0" time="3.326101">
        <testcase name="test_register_routes" class="WP_Test_REST_Autosaves_Controller" classname="WP_Test_REST_Autosaves_Controller" file="/home/meng/Desktop/wptest/wordpress-develop/tests/phpunit/tests/rest-api/rest-autosaves-controller.php" line="129" assertions="8" time="0.086661"/>
        <testcase name="test_context_param" class="WP_Test_REST_Autosaves_Controller" classname="WP_Test_REST_Autosaves_Controller" file="/home/meng/Desktop/wptest/wordpress-develop/tests/phpunit/tests/rest-api/rest-autosaves-controller.php" line="137" assertions="8" time="0.271196"/>
        <testcase name="test_registered_query_params" class="WP_Test_REST_Autosaves_Controller" classname="WP_Test_REST_Autosaves_Controller" file="/home/meng/Desktop/wptest/wordpress-develop/tests/phpunit/tests/rest-api/rest-autosaves-controller.php" line="154" assertions="5" time="0.083265"/>
        <testcase name="test_get_items" class="WP_Test_REST_Autosaves_Controller" classname="WP_Test_REST_Autosaves_Controller" file="/home/meng/Desktop/wptest/wordpress-develop/tests/phpunit/tests/rest-api/rest-autosaves-controller.php" line="169" assertions="21" time="0.103073"/>
        <testcase name="test_get_items_no_permission" class="WP_Test_REST_Autosaves_Controller" classname="WP_Test_REST_Autosaves_Controller" file="/home/meng/Desktop/wptest/wordpress-develop/tests/phpunit/tests/rest-api/rest-autosaves-controller.php" line="182" assertions="12" time="0.106913"/>
        <testcase name="test_get_items_missing_parent" class="WP_Test_REST_Autosaves_Controller" classname="WP_Test_REST_Autosaves_Controller" file="/home/meng/Desktop/wptest/wordpress-develop/tests/phpunit/tests/rest-api/rest-autosaves-controller.php" line="192" assertions="8" time="0.086131"/>
        <testcase name="test_get_items_invalid_parent_post_type" class="WP_Test_REST_Autosaves_Controller" classname="WP_Test_REST_Autosaves_Controller" file="/home/meng/Desktop/wptest/wordpress-develop/tests/phpunit/tests/rest-api/rest-autosaves-controller.php" line="199" assertions="8" time="0.084661"/>
        <testcase name="test_get_item" class="WP_Test_REST_Autosaves_Controller" classname="WP_Test_REST_Autosaves_Controller" file="/home/meng/Desktop/wptest/wordpress-develop/tests/phpunit/tests/rest-api/rest-autosaves-controller.php" line="206" assertions="20" time="0.300145"/>
        <testcase name="test_get_item_embed_context" class="WP_Test_REST_Autosaves_Controller" classname="WP_Test_REST_Autosaves_Controller" file="/home/meng/Desktop/wptest/wordpress-develop/tests/phpunit/tests/rest-api/rest-autosaves-controller.php" line="232" assertions="6" time="0.091640"/>
        <testcase name="test_get_item_no_permission" class="WP_Test_REST_Autosaves_Controller" classname="WP_Test_REST_Autosaves_Controller" file="/home/meng/Desktop/wptest/wordpress-develop/tests/phpunit/tests/rest-api/rest-autosaves-controller.php" line="250" assertions="8" time="0.088214"/>
        <testcase name="test_get_item_missing_parent" class="WP_Test_REST_Autosaves_Controller" classname="WP_Test_REST_Autosaves_Controller" file="/home/meng/Desktop/wptest/wordpress-develop/tests/phpunit/tests/rest-api/rest-autosaves-controller.php" line="257" assertions="8" time="0.089257"/>
        <testcase name="test_get_item_invalid_parent_post_type" class="WP_Test_REST_Autosaves_Controller" classname="WP_Test_REST_Autosaves_Controller" file="/home/meng/Desktop/wptest/wordpress-develop/tests/phpunit/tests/rest-api/rest-autosaves-controller.php" line="265" assertions="8" time="0.100516"/>
        <testcase name="test_delete_item" class="WP_Test_REST_Autosaves_Controller" classname="WP_Test_REST_Autosaves_Controller" file="/home/meng/Desktop/wptest/wordpress-develop/tests/phpunit/tests/rest-api/rest-autosaves-controller.php" line="272" assertions="4" time="0.080612"/>
        <testcase name="test_prepare_item" class="WP_Test_REST_Autosaves_Controller" classname="WP_Test_REST_Autosaves_Controller" file="/home/meng/Desktop/wptest/wordpress-develop/tests/phpunit/tests/rest-api/rest-autosaves-controller.php" line="276" assertions="18" time="0.097155"/>
        <testcase name="test_get_item_schema" class="WP_Test_REST_Autosaves_Controller" classname="WP_Test_REST_Autosaves_Controller" file="/home/meng/Desktop/wptest/wordpress-develop/tests/phpunit/tests/rest-api/rest-autosaves-controller.php" line="284" assertions="18" time="0.285900"/>
        <testcase name="test_create_item" class="WP_Test_REST_Autosaves_Controller" classname="WP_Test_REST_Autosaves_Controller" file="/home/meng/Desktop/wptest/wordpress-develop/tests/phpunit/tests/rest-api/rest-autosaves-controller.php" line="305" assertions="9" time="0.123351"/>
        <testcase name="test_update_item" class="WP_Test_REST_Autosaves_Controller" classname="WP_Test_REST_Autosaves_Controller" file="/home/meng/Desktop/wptest/wordpress-develop/tests/phpunit/tests/rest-api/rest-autosaves-controller.php" line="322" assertions="9" time="0.123354"/>
        <testcase name="test_update_item_nopriv" class="WP_Test_REST_Autosaves_Controller" classname="WP_Test_REST_Autosaves_Controller" file="/home/meng/Desktop/wptest/wordpress-develop/tests/phpunit/tests/rest-api/rest-autosaves-controller.php" line="340" assertions="8" time="0.095735"/>
        <testcase name="test_rest_autosave_published_post" class="WP_Test_REST_Autosaves_Controller" classname="WP_Test_REST_Autosaves_Controller" file="/home/meng/Desktop/wptest/wordpress-develop/tests/phpunit/tests/rest-api/rest-autosaves-controller.php" line="359" assertions="12" time="0.123758"/>
        <testcase name="test_rest_autosave_draft_post_same_author" class="WP_Test_REST_Autosaves_Controller" classname="WP_Test_REST_Autosaves_Controller" file="/home/meng/Desktop/wptest/wordpress-develop/tests/phpunit/tests/rest-api/rest-autosaves-controller.php" line="393" assertions="10" time="0.160840"/>
        <testcase name="test_rest_autosave_draft_post_different_author" class="WP_Test_REST_Autosaves_Controller" classname="WP_Test_REST_Autosaves_Controller" file="/home/meng/Desktop/wptest/wordpress-develop/tests/phpunit/tests/rest-api/rest-autosaves-controller.php" line="430" assertions="12" time="0.156070"/>
        <testcase name="test_get_additional_field_registration" class="WP_Test_REST_Autosaves_Controller" classname="WP_Test_REST_Autosaves_Controller" file="/home/meng/Desktop/wptest/wordpress-develop/tests/phpunit/tests/rest-api/rest-autosaves-controller.php" line="475" assertions="8" time="0.280448"/>
        <testcase name="test_get_item_sets_up_postdata" class="WP_Test_REST_Autosaves_Controller" classname="WP_Test_REST_Autosaves_Controller" file="/home/meng/Desktop/wptest/wordpress-develop/tests/phpunit/tests/rest-api/rest-autosaves-controller.php" line="555" assertions="7" time="0.105368"/>
        <testcase name="test_update_item_draft_page_with_parent" class="WP_Test_REST_Autosaves_Controller" classname="WP_Test_REST_Autosaves_Controller" file="/home/meng/Desktop/wptest/wordpress-develop/tests/phpunit/tests/rest-api/rest-autosaves-controller.php" line="567" assertions="7" time="0.112331"/>
        <testcase name="test_schema_validation_is_applied" class="WP_Test_REST_Autosaves_Controller" classname="WP_Test_REST_Autosaves_Controller" file="/home/meng/Desktop/wptest/wordpress-develop/tests/phpunit/tests/rest-api/rest-autosaves-controller.php" line="587" assertions="5" time="0.089507"/>
      </testsuite>
    </testsuite>
  </testsuite>
</testsuites>
